-- Create Release Build.
-- Found ament_cmake: 1.3.11 (/opt/ros/humble/share/ament_cmake/cmake)
-- Found builtin_interfaces: 1.2.1 (/opt/ros/humble/share/builtin_interfaces/cmake)
-- Found rosidl_generator_c: 3.1.6 (/opt/ros/humble/share/rosidl_generator_c/cmake)
-- Found rosidl_adapter: 3.1.6 (/opt/ros/humble/share/rosidl_adapter/cmake)
-- Found rosidl_generator_cpp: 3.1.6 (/opt/ros/humble/share/rosidl_generator_cpp/cmake)
-- Using all available rosidl_typesupport_c: rosidl_typesupport_fastrtps_c;rosidl_typesupport_introspection_c
-- Using all available rosidl_typesupport_cpp: rosidl_typesupport_fastrtps_cpp;rosidl_typesupport_introspection_cpp
-- Found cv_bridge: 3.2.1 (/opt/ros/humble/share/cv_bridge/cmake)
[31mCMake Error at CMakeLists.txt:108 (find_package):
  By not providing "Findimage_transport.cmake" in CMAKE_MODULE_PATH this
  project has asked CMake to find a package configuration file provided by
  "image_transport", but CMake did not find one.

  Could not find a package configuration file provided by "image_transport"
  with any of the following names:

    image_transportConfig.cmake
    image_transport-config.cmake

  Add the installation prefix of "image_transport" to CMAKE_PREFIX_PATH or
  set "image_transport_DIR" to a directory containing one of the above files.
  If "image_transport" provides a separate development package or SDK, be
  sure it has been installed.

[0m
-- Configuring incomplete, errors occurred!
See also "/home/rosdev/ros2_ws/build/realsense2_camera/CMakeFiles/CMakeOutput.log".
