[0.954s] Invoking command in '/home/rosdev/ros2_ws/src/yolo_ros/yolo_ros': AMENT_PREFIX_PATH=/home/rosdev/ros2_ws/install/yolo_msgs:${AMENT_PREFIX_PATH} CMAKE_PREFIX_PATH=/home/rosdev/ros2_ws/install/yolo_msgs LD_LIBRARY_PATH=/home/rosdev/ros2_ws/install/yolo_msgs/lib:${LD_LIBRARY_PATH} PYTHONPATH=/home/rosdev/ros2_ws/build/yolo_ros/prefix_override:/usr/lib/python3/dist-packages/colcon_core/task/python/colcon_distutils_commands:/home/rosdev/ros2_ws/install/yolo_ros/lib/python3.10/site-packages:/home/rosdev/ros2_ws/install/yolo_msgs/local/lib/python3.10/dist-packages:${PYTHONPATH} /usr/bin/python3 -W ignore:setup.py install is deprecated -W ignore:easy_install command is deprecated setup.py egg_info --egg-base ../../../build/yolo_ros build --build-base /home/rosdev/ros2_ws/build/yolo_ros/build install --record /home/rosdev/ros2_ws/build/yolo_ros/install.log --single-version-externally-managed install_data
[1.278s] running egg_info
[1.279s] writing ../../../build/yolo_ros/yolo_ros.egg-info/PKG-INFO
[1.279s] writing dependency_links to ../../../build/yolo_ros/yolo_ros.egg-info/dependency_links.txt
[1.280s] writing entry points to ../../../build/yolo_ros/yolo_ros.egg-info/entry_points.txt
[1.280s] writing requirements to ../../../build/yolo_ros/yolo_ros.egg-info/requires.txt
[1.281s] writing top-level names to ../../../build/yolo_ros/yolo_ros.egg-info/top_level.txt
[1.283s] reading manifest file '../../../build/yolo_ros/yolo_ros.egg-info/SOURCES.txt'
[1.284s] writing manifest file '../../../build/yolo_ros/yolo_ros.egg-info/SOURCES.txt'
[1.285s] running build
[1.285s] running build_py
[1.287s] running install
[1.288s] running install_lib
[1.289s] running install_data
[1.290s] running install_egg_info
[1.295s] removing '/home/rosdev/ros2_ws/install/yolo_ros/lib/python3.10/site-packages/yolo_ros-0.0.0-py3.10.egg-info' (and everything under it)
[1.296s] Copying ../../../build/yolo_ros/yolo_ros.egg-info to /home/rosdev/ros2_ws/install/yolo_ros/lib/python3.10/site-packages/yolo_ros-0.0.0-py3.10.egg-info
[1.297s] running install_scripts
[1.333s] Installing debug_node script to /home/rosdev/ros2_ws/install/yolo_ros/lib/yolo_ros
[1.333s] Installing detect_3d_node script to /home/rosdev/ros2_ws/install/yolo_ros/lib/yolo_ros
[1.333s] Installing tracking_node script to /home/rosdev/ros2_ws/install/yolo_ros/lib/yolo_ros
[1.334s] Installing yolo_node script to /home/rosdev/ros2_ws/install/yolo_ros/lib/yolo_ros
[1.334s] writing list of installed files to '/home/rosdev/ros2_ws/build/yolo_ros/install.log'
[1.407s] Invoked command in '/home/rosdev/ros2_ws/src/yolo_ros/yolo_ros' returned '0': AMENT_PREFIX_PATH=/home/rosdev/ros2_ws/install/yolo_msgs:${AMENT_PREFIX_PATH} CMAKE_PREFIX_PATH=/home/rosdev/ros2_ws/install/yolo_msgs LD_LIBRARY_PATH=/home/rosdev/ros2_ws/install/yolo_msgs/lib:${LD_LIBRARY_PATH} PYTHONPATH=/home/rosdev/ros2_ws/build/yolo_ros/prefix_override:/usr/lib/python3/dist-packages/colcon_core/task/python/colcon_distutils_commands:/home/rosdev/ros2_ws/install/yolo_ros/lib/python3.10/site-packages:/home/rosdev/ros2_ws/install/yolo_msgs/local/lib/python3.10/dist-packages:${PYTHONPATH} /usr/bin/python3 -W ignore:setup.py install is deprecated -W ignore:easy_install command is deprecated setup.py egg_info --egg-base ../../../build/yolo_ros build --build-base /home/rosdev/ros2_ws/build/yolo_ros/build install --record /home/rosdev/ros2_ws/build/yolo_ros/install.log --single-version-externally-managed install_data
