[0.053s] Invoking command in '/home/rosdev/ros2_ws/build/tf2_msgs': CMAKE_PREFIX_PATH=/opt/ros/humble /usr/bin/cmake --build /home/rosdev/ros2_ws/build/tf2_msgs -- -j12 -l12
[0.201s] [ 10%] Built target tf2_msgs__rosidl_generator_c
[0.212s] [ 12%] Built target tf2_msgs__cpp
[0.214s] [ 12%] Built target ament_cmake_python_symlink_tf2_msgs
[0.290s] [ 25%] Built target tf2_msgs__rosidl_typesupport_fastrtps_c
[0.295s] [ 34%] Built target tf2_msgs__rosidl_typesupport_c
[0.338s] [ 45%] Built target tf2_msgs__rosidl_typesupport_introspection_c
[0.391s] [ 56%] Built target tf2_msgs__rosidl_typesupport_introspection_cpp
[0.481s] [ 67%] Built target tf2_msgs__rosidl_typesupport_fastrtps_cpp
[0.586s] [ 78%] Built target tf2_msgs__rosidl_typesupport_cpp
[0.665s] [ 78%] Built target tf2_msgs
[0.736s] [ 80%] Built target tf2_msgs__py
[0.770s] running egg_info
[0.771s] writing tf2_msgs.egg-info/PKG-INFO
[0.772s] writing dependency_links to tf2_msgs.egg-info/dependency_links.txt
[0.773s] writing top-level names to tf2_msgs.egg-info/top_level.txt
[0.779s] reading manifest file 'tf2_msgs.egg-info/SOURCES.txt'
[0.780s] writing manifest file 'tf2_msgs.egg-info/SOURCES.txt'
[0.819s] [ 89%] Built target tf2_msgs__rosidl_generator_py
[0.892s] [ 89%] Built target ament_cmake_python_build_tf2_msgs_egg
[0.903s] [ 92%] Built target tf2_msgs__rosidl_typesupport_introspection_c__pyext
[0.939s] [ 96%] Built target tf2_msgs__rosidl_typesupport_c__pyext
[0.944s] [100%] Built target tf2_msgs__rosidl_typesupport_fastrtps_c__pyext
[1.013s] Invoked command in '/home/rosdev/ros2_ws/build/tf2_msgs' returned '0': CMAKE_PREFIX_PATH=/opt/ros/humble /usr/bin/cmake --build /home/rosdev/ros2_ws/build/tf2_msgs -- -j12 -l12
[1.027s] Invoking command in '/home/rosdev/ros2_ws/build/tf2_msgs': CMAKE_PREFIX_PATH=/opt/ros/humble /usr/bin/cmake --install /home/rosdev/ros2_ws/build/tf2_msgs
[1.043s] -- Install configuration: ""
[1.043s] -- Execute custom install script
[1.043s] -- Up-to-date symlink: /home/rosdev/ros2_ws/install/tf2_msgs/share/ament_index/resource_index/rosidl_interfaces/tf2_msgs
[1.043s] -- Up-to-date symlink: /home/rosdev/ros2_ws/install/tf2_msgs/include/tf2_msgs/tf2_msgs/action/detail/lookup_transform__functions.h
[1.044s] -- Up-to-date symlink: /home/rosdev/ros2_ws/install/tf2_msgs/include/tf2_msgs/tf2_msgs/action/detail/lookup_transform__struct.h
[1.044s] -- Up-to-date symlink: /home/rosdev/ros2_ws/install/tf2_msgs/include/tf2_msgs/tf2_msgs/action/detail/lookup_transform__type_support.h
[1.044s] -- Up-to-date symlink: /home/rosdev/ros2_ws/install/tf2_msgs/include/tf2_msgs/tf2_msgs/action/lookup_transform.h
[1.045s] -- Up-to-date symlink: /home/rosdev/ros2_ws/install/tf2_msgs/include/tf2_msgs/tf2_msgs/msg/detail/tf2_error__functions.h
[1.045s] -- Up-to-date symlink: /home/rosdev/ros2_ws/install/tf2_msgs/include/tf2_msgs/tf2_msgs/msg/detail/tf2_error__struct.h
[1.045s] -- Up-to-date symlink: /home/rosdev/ros2_ws/install/tf2_msgs/include/tf2_msgs/tf2_msgs/msg/detail/tf2_error__type_support.h
[1.046s] -- Up-to-date symlink: /home/rosdev/ros2_ws/install/tf2_msgs/include/tf2_msgs/tf2_msgs/msg/detail/tf_message__functions.h
[1.046s] -- Up-to-date symlink: /home/rosdev/ros2_ws/install/tf2_msgs/include/tf2_msgs/tf2_msgs/msg/detail/tf_message__struct.h
[1.046s] -- Up-to-date symlink: /home/rosdev/ros2_ws/install/tf2_msgs/include/tf2_msgs/tf2_msgs/msg/detail/tf_message__type_support.h
[1.046s] -- Up-to-date symlink: /home/rosdev/ros2_ws/install/tf2_msgs/include/tf2_msgs/tf2_msgs/msg/rosidl_generator_c__visibility_control.h
[1.046s] -- Up-to-date symlink: /home/rosdev/ros2_ws/install/tf2_msgs/include/tf2_msgs/tf2_msgs/msg/tf2_error.h
[1.046s] -- Up-to-date symlink: /home/rosdev/ros2_ws/install/tf2_msgs/include/tf2_msgs/tf2_msgs/msg/tf_message.h
[1.046s] -- Up-to-date symlink: /home/rosdev/ros2_ws/install/tf2_msgs/include/tf2_msgs/tf2_msgs/srv/detail/frame_graph__functions.h
[1.047s] -- Up-to-date symlink: /home/rosdev/ros2_ws/install/tf2_msgs/include/tf2_msgs/tf2_msgs/srv/detail/frame_graph__struct.h
[1.047s] -- Up-to-date symlink: /home/rosdev/ros2_ws/install/tf2_msgs/include/tf2_msgs/tf2_msgs/srv/detail/frame_graph__type_support.h
[1.047s] -- Up-to-date symlink: /home/rosdev/ros2_ws/install/tf2_msgs/include/tf2_msgs/tf2_msgs/srv/frame_graph.h
[1.047s] -- Up-to-date symlink: /home/rosdev/ros2_ws/install/tf2_msgs/share/tf2_msgs/environment/library_path.sh
[1.047s] -- Up-to-date symlink: /home/rosdev/ros2_ws/install/tf2_msgs/share/tf2_msgs/environment/library_path.dsv
[1.047s] -- Up-to-date symlink: /home/rosdev/ros2_ws/install/tf2_msgs/include/tf2_msgs/tf2_msgs/action/detail/lookup_transform__rosidl_typesupport_fastrtps_c.h
[1.047s] -- Up-to-date symlink: /home/rosdev/ros2_ws/install/tf2_msgs/include/tf2_msgs/tf2_msgs/msg/detail/tf2_error__rosidl_typesupport_fastrtps_c.h
[1.047s] -- Up-to-date symlink: /home/rosdev/ros2_ws/install/tf2_msgs/include/tf2_msgs/tf2_msgs/msg/detail/tf_message__rosidl_typesupport_fastrtps_c.h
[1.047s] -- Up-to-date symlink: /home/rosdev/ros2_ws/install/tf2_msgs/include/tf2_msgs/tf2_msgs/msg/rosidl_typesupport_fastrtps_c__visibility_control.h
[1.047s] -- Up-to-date symlink: /home/rosdev/ros2_ws/install/tf2_msgs/include/tf2_msgs/tf2_msgs/srv/detail/frame_graph__rosidl_typesupport_fastrtps_c.h
[1.049s] -- Up-to-date symlink: /home/rosdev/ros2_ws/install/tf2_msgs/include/tf2_msgs/tf2_msgs/action/detail/lookup_transform__rosidl_typesupport_introspection_c.h
[1.049s] -- Up-to-date symlink: /home/rosdev/ros2_ws/install/tf2_msgs/include/tf2_msgs/tf2_msgs/msg/detail/tf2_error__rosidl_typesupport_introspection_c.h
[1.049s] -- Up-to-date symlink: /home/rosdev/ros2_ws/install/tf2_msgs/include/tf2_msgs/tf2_msgs/msg/detail/tf_message__rosidl_typesupport_introspection_c.h
[1.049s] -- Up-to-date symlink: /home/rosdev/ros2_ws/install/tf2_msgs/include/tf2_msgs/tf2_msgs/msg/rosidl_typesupport_introspection_c__visibility_control.h
[1.050s] -- Up-to-date symlink: /home/rosdev/ros2_ws/install/tf2_msgs/include/tf2_msgs/tf2_msgs/srv/detail/frame_graph__rosidl_typesupport_introspection_c.h
[1.052s] -- Up-to-date symlink: /home/rosdev/ros2_ws/install/tf2_msgs/include/tf2_msgs/tf2_msgs/action/detail/lookup_transform__builder.hpp
[1.052s] -- Up-to-date symlink: /home/rosdev/ros2_ws/install/tf2_msgs/include/tf2_msgs/tf2_msgs/action/detail/lookup_transform__struct.hpp
[1.059s] -- Up-to-date symlink: /home/rosdev/ros2_ws/install/tf2_msgs/include/tf2_msgs/tf2_msgs/action/detail/lookup_transform__traits.hpp
[1.059s] -- Up-to-date symlink: /home/rosdev/ros2_ws/install/tf2_msgs/include/tf2_msgs/tf2_msgs/action/detail/lookup_transform__type_support.hpp
[1.059s] -- Up-to-date symlink: /home/rosdev/ros2_ws/install/tf2_msgs/include/tf2_msgs/tf2_msgs/action/lookup_transform.hpp
[1.059s] -- Up-to-date symlink: /home/rosdev/ros2_ws/install/tf2_msgs/include/tf2_msgs/tf2_msgs/msg/detail/tf2_error__builder.hpp
[1.059s] -- Up-to-date symlink: /home/rosdev/ros2_ws/install/tf2_msgs/include/tf2_msgs/tf2_msgs/msg/detail/tf2_error__struct.hpp
[1.059s] -- Up-to-date symlink: /home/rosdev/ros2_ws/install/tf2_msgs/include/tf2_msgs/tf2_msgs/msg/detail/tf2_error__traits.hpp
[1.059s] -- Up-to-date symlink: /home/rosdev/ros2_ws/install/tf2_msgs/include/tf2_msgs/tf2_msgs/msg/detail/tf2_error__type_support.hpp
[1.060s] -- Up-to-date symlink: /home/rosdev/ros2_ws/install/tf2_msgs/include/tf2_msgs/tf2_msgs/msg/detail/tf_message__builder.hpp
[1.060s] -- Up-to-date symlink: /home/rosdev/ros2_ws/install/tf2_msgs/include/tf2_msgs/tf2_msgs/msg/detail/tf_message__struct.hpp
[1.060s] -- Up-to-date symlink: /home/rosdev/ros2_ws/install/tf2_msgs/include/tf2_msgs/tf2_msgs/msg/detail/tf_message__traits.hpp
[1.069s] -- Up-to-date symlink: /home/rosdev/ros2_ws/install/tf2_msgs/include/tf2_msgs/tf2_msgs/msg/detail/tf_message__type_support.hpp
[1.071s] -- Up-to-date symlink: /home/rosdev/ros2_ws/install/tf2_msgs/include/tf2_msgs/tf2_msgs/msg/rosidl_generator_cpp__visibility_control.hpp
[1.072s] -- Up-to-date symlink: /home/rosdev/ros2_ws/install/tf2_msgs/include/tf2_msgs/tf2_msgs/msg/tf2_error.hpp
[1.072s] -- Up-to-date symlink: /home/rosdev/ros2_ws/install/tf2_msgs/include/tf2_msgs/tf2_msgs/msg/tf_message.hpp
[1.072s] -- Up-to-date symlink: /home/rosdev/ros2_ws/install/tf2_msgs/include/tf2_msgs/tf2_msgs/srv/detail/frame_graph__builder.hpp
[1.072s] -- Up-to-date symlink: /home/rosdev/ros2_ws/install/tf2_msgs/include/tf2_msgs/tf2_msgs/srv/detail/frame_graph__struct.hpp
[1.072s] -- Up-to-date symlink: /home/rosdev/ros2_ws/install/tf2_msgs/include/tf2_msgs/tf2_msgs/srv/detail/frame_graph__traits.hpp
[1.072s] -- Up-to-date symlink: /home/rosdev/ros2_ws/install/tf2_msgs/include/tf2_msgs/tf2_msgs/srv/detail/frame_graph__type_support.hpp
[1.072s] -- Up-to-date symlink: /home/rosdev/ros2_ws/install/tf2_msgs/include/tf2_msgs/tf2_msgs/srv/frame_graph.hpp
[1.072s] -- Up-to-date symlink: /home/rosdev/ros2_ws/install/tf2_msgs/include/tf2_msgs/tf2_msgs/action/detail/lookup_transform__rosidl_typesupport_fastrtps_cpp.hpp
[1.072s] -- Up-to-date symlink: /home/rosdev/ros2_ws/install/tf2_msgs/include/tf2_msgs/tf2_msgs/msg/detail/tf2_error__rosidl_typesupport_fastrtps_cpp.hpp
[1.072s] -- Up-to-date symlink: /home/rosdev/ros2_ws/install/tf2_msgs/include/tf2_msgs/tf2_msgs/msg/detail/tf_message__rosidl_typesupport_fastrtps_cpp.hpp
[1.072s] -- Up-to-date symlink: /home/rosdev/ros2_ws/install/tf2_msgs/include/tf2_msgs/tf2_msgs/msg/rosidl_typesupport_fastrtps_cpp__visibility_control.h
[1.073s] -- Up-to-date symlink: /home/rosdev/ros2_ws/install/tf2_msgs/include/tf2_msgs/tf2_msgs/srv/detail/frame_graph__rosidl_typesupport_fastrtps_cpp.hpp
[1.073s] -- Up-to-date symlink: /home/rosdev/ros2_ws/install/tf2_msgs/include/tf2_msgs/tf2_msgs/action/detail/lookup_transform__rosidl_typesupport_introspection_cpp.hpp
[1.073s] -- Up-to-date symlink: /home/rosdev/ros2_ws/install/tf2_msgs/include/tf2_msgs/tf2_msgs/msg/detail/tf2_error__rosidl_typesupport_introspection_cpp.hpp
[1.073s] -- Up-to-date symlink: /home/rosdev/ros2_ws/install/tf2_msgs/include/tf2_msgs/tf2_msgs/msg/detail/tf_message__rosidl_typesupport_introspection_cpp.hpp
[1.073s] -- Up-to-date symlink: /home/rosdev/ros2_ws/install/tf2_msgs/include/tf2_msgs/tf2_msgs/srv/detail/frame_graph__rosidl_typesupport_introspection_cpp.hpp
[1.073s] -- Up-to-date symlink: /home/rosdev/ros2_ws/install/tf2_msgs/share/tf2_msgs/environment/pythonpath.sh
[1.073s] -- Up-to-date symlink: /home/rosdev/ros2_ws/install/tf2_msgs/share/tf2_msgs/environment/pythonpath.dsv
[1.083s] -- Up-to-date symlink: /home/rosdev/ros2_ws/install/tf2_msgs/local/lib/python3.10/dist-packages/tf2_msgs-0.25.7-py3.10.egg-info/PKG-INFO
[1.083s] -- Up-to-date symlink: /home/rosdev/ros2_ws/install/tf2_msgs/local/lib/python3.10/dist-packages/tf2_msgs-0.25.7-py3.10.egg-info/SOURCES.txt
[1.083s] -- Up-to-date symlink: /home/rosdev/ros2_ws/install/tf2_msgs/local/lib/python3.10/dist-packages/tf2_msgs-0.25.7-py3.10.egg-info/dependency_links.txt
[1.083s] -- Up-to-date symlink: /home/rosdev/ros2_ws/install/tf2_msgs/local/lib/python3.10/dist-packages/tf2_msgs-0.25.7-py3.10.egg-info/top_level.txt
[1.083s] -- Up-to-date symlink: /home/rosdev/ros2_ws/install/tf2_msgs/local/lib/python3.10/dist-packages/tf2_msgs/__init__.py
[1.083s] -- Up-to-date symlink: /home/rosdev/ros2_ws/install/tf2_msgs/local/lib/python3.10/dist-packages/tf2_msgs/_tf2_msgs_s.ep.rosidl_typesupport_c.c
[1.083s] -- Up-to-date symlink: /home/rosdev/ros2_ws/install/tf2_msgs/local/lib/python3.10/dist-packages/tf2_msgs/_tf2_msgs_s.ep.rosidl_typesupport_fastrtps_c.c
[1.083s] -- Up-to-date symlink: /home/rosdev/ros2_ws/install/tf2_msgs/local/lib/python3.10/dist-packages/tf2_msgs/_tf2_msgs_s.ep.rosidl_typesupport_introspection_c.c
[1.083s] -- Up-to-date symlink: /home/rosdev/ros2_ws/install/tf2_msgs/local/lib/python3.10/dist-packages/tf2_msgs/action/__init__.py
[1.084s] -- Up-to-date symlink: /home/rosdev/ros2_ws/install/tf2_msgs/local/lib/python3.10/dist-packages/tf2_msgs/action/_lookup_transform.py
[1.084s] -- Up-to-date symlink: /home/rosdev/ros2_ws/install/tf2_msgs/local/lib/python3.10/dist-packages/tf2_msgs/action/_lookup_transform_s.c
[1.084s] -- Up-to-date symlink: /home/rosdev/ros2_ws/install/tf2_msgs/local/lib/python3.10/dist-packages/tf2_msgs/libtf2_msgs__rosidl_generator_py.so
[1.084s] -- Up-to-date symlink: /home/rosdev/ros2_ws/install/tf2_msgs/local/lib/python3.10/dist-packages/tf2_msgs/msg/__init__.py
[1.084s] -- Up-to-date symlink: /home/rosdev/ros2_ws/install/tf2_msgs/local/lib/python3.10/dist-packages/tf2_msgs/msg/_tf2_error.py
[1.084s] -- Up-to-date symlink: /home/rosdev/ros2_ws/install/tf2_msgs/local/lib/python3.10/dist-packages/tf2_msgs/msg/_tf2_error_s.c
[1.084s] -- Up-to-date symlink: /home/rosdev/ros2_ws/install/tf2_msgs/local/lib/python3.10/dist-packages/tf2_msgs/msg/_tf_message.py
[1.084s] -- Up-to-date symlink: /home/rosdev/ros2_ws/install/tf2_msgs/local/lib/python3.10/dist-packages/tf2_msgs/msg/_tf_message_s.c
[1.084s] -- Up-to-date symlink: /home/rosdev/ros2_ws/install/tf2_msgs/local/lib/python3.10/dist-packages/tf2_msgs/srv/__init__.py
[1.084s] -- Up-to-date symlink: /home/rosdev/ros2_ws/install/tf2_msgs/local/lib/python3.10/dist-packages/tf2_msgs/srv/_frame_graph.py
[1.085s] -- Up-to-date symlink: /home/rosdev/ros2_ws/install/tf2_msgs/local/lib/python3.10/dist-packages/tf2_msgs/srv/_frame_graph_s.c
[1.085s] -- Up-to-date symlink: /home/rosdev/ros2_ws/install/tf2_msgs/local/lib/python3.10/dist-packages/tf2_msgs/tf2_msgs_s__rosidl_typesupport_c.cpython-310-aarch64-linux-gnu.so
[1.085s] -- Up-to-date symlink: /home/rosdev/ros2_ws/install/tf2_msgs/local/lib/python3.10/dist-packages/tf2_msgs/tf2_msgs_s__rosidl_typesupport_fastrtps_c.cpython-310-aarch64-linux-gnu.so
[1.085s] -- Up-to-date symlink: /home/rosdev/ros2_ws/install/tf2_msgs/local/lib/python3.10/dist-packages/tf2_msgs/tf2_msgs_s__rosidl_typesupport_introspection_c.cpython-310-aarch64-linux-gnu.so
[1.086s] -- Up-to-date symlink: /home/rosdev/ros2_ws/install/tf2_msgs/local/lib/python3.10/dist-packages/tf2_msgs/tf2_msgs_s__rosidl_typesupport_fastrtps_c.cpython-310-aarch64-linux-gnu.so
[1.087s] -- Up-to-date symlink: /home/rosdev/ros2_ws/install/tf2_msgs/local/lib/python3.10/dist-packages/tf2_msgs/tf2_msgs_s__rosidl_typesupport_introspection_c.cpython-310-aarch64-linux-gnu.so
[1.087s] -- Up-to-date symlink: /home/rosdev/ros2_ws/install/tf2_msgs/local/lib/python3.10/dist-packages/tf2_msgs/tf2_msgs_s__rosidl_typesupport_c.cpython-310-aarch64-linux-gnu.so
[1.088s] -- Up-to-date symlink: /home/rosdev/ros2_ws/install/tf2_msgs/share/tf2_msgs/msg/TF2Error.idl
[1.091s] -- Up-to-date symlink: /home/rosdev/ros2_ws/install/tf2_msgs/share/tf2_msgs/msg/TFMessage.idl
[1.091s] -- Up-to-date symlink: /home/rosdev/ros2_ws/install/tf2_msgs/share/tf2_msgs/srv/FrameGraph.idl
[1.091s] -- Up-to-date symlink: /home/rosdev/ros2_ws/install/tf2_msgs/share/tf2_msgs/action/LookupTransform.idl
[1.092s] -- Up-to-date symlink: /home/rosdev/ros2_ws/install/tf2_msgs/share/tf2_msgs/msg/TF2Error.msg
[1.092s] -- Up-to-date symlink: /home/rosdev/ros2_ws/install/tf2_msgs/share/tf2_msgs/msg/TFMessage.msg
[1.092s] -- Up-to-date symlink: /home/rosdev/ros2_ws/install/tf2_msgs/share/tf2_msgs/srv/FrameGraph.srv
[1.092s] -- Up-to-date symlink: /home/rosdev/ros2_ws/install/tf2_msgs/share/tf2_msgs/srv/FrameGraph_Request.msg
[1.092s] -- Up-to-date symlink: /home/rosdev/ros2_ws/install/tf2_msgs/share/tf2_msgs/srv/FrameGraph_Response.msg
[1.092s] -- Up-to-date symlink: /home/rosdev/ros2_ws/install/tf2_msgs/share/tf2_msgs/action/LookupTransform.action
[1.092s] -- Up-to-date symlink: /home/rosdev/ros2_ws/install/tf2_msgs/share/tf2_msgs/tfmessage_bridge_mapping_rule.yaml
[1.093s] -- Up-to-date symlink: /home/rosdev/ros2_ws/install/tf2_msgs/share/ament_index/resource_index/package_run_dependencies/tf2_msgs
[1.093s] -- Up-to-date symlink: /home/rosdev/ros2_ws/install/tf2_msgs/share/ament_index/resource_index/parent_prefix_path/tf2_msgs
[1.093s] -- Up-to-date symlink: /home/rosdev/ros2_ws/install/tf2_msgs/share/tf2_msgs/environment/ament_prefix_path.sh
[1.093s] -- Up-to-date symlink: /home/rosdev/ros2_ws/install/tf2_msgs/share/tf2_msgs/environment/ament_prefix_path.dsv
[1.093s] -- Up-to-date symlink: /home/rosdev/ros2_ws/install/tf2_msgs/share/tf2_msgs/environment/path.sh
[1.093s] -- Up-to-date symlink: /home/rosdev/ros2_ws/install/tf2_msgs/share/tf2_msgs/environment/path.dsv
[1.093s] -- Up-to-date symlink: /home/rosdev/ros2_ws/install/tf2_msgs/share/tf2_msgs/local_setup.bash
[1.093s] -- Up-to-date symlink: /home/rosdev/ros2_ws/install/tf2_msgs/share/tf2_msgs/local_setup.sh
[1.093s] -- Up-to-date symlink: /home/rosdev/ros2_ws/install/tf2_msgs/share/tf2_msgs/local_setup.zsh
[1.094s] -- Up-to-date symlink: /home/rosdev/ros2_ws/install/tf2_msgs/share/tf2_msgs/local_setup.dsv
[1.094s] -- Symlinking: /home/rosdev/ros2_ws/install/tf2_msgs/share/tf2_msgs/package.dsv
[1.145s] -- Up-to-date symlink: /home/rosdev/ros2_ws/install/tf2_msgs/share/ament_index/resource_index/packages/tf2_msgs
[1.145s] -- Up-to-date symlink: /home/rosdev/ros2_ws/install/tf2_msgs/share/tf2_msgs/cmake/rosidl_cmake-extras.cmake
[1.145s] -- Up-to-date symlink: /home/rosdev/ros2_ws/install/tf2_msgs/share/tf2_msgs/cmake/ament_cmake_export_dependencies-extras.cmake
[1.145s] -- Up-to-date symlink: /home/rosdev/ros2_ws/install/tf2_msgs/share/tf2_msgs/cmake/ament_cmake_export_include_directories-extras.cmake
[1.146s] -- Up-to-date symlink: /home/rosdev/ros2_ws/install/tf2_msgs/share/tf2_msgs/cmake/ament_cmake_export_libraries-extras.cmake
[1.147s] -- Up-to-date symlink: /home/rosdev/ros2_ws/install/tf2_msgs/share/tf2_msgs/cmake/ament_cmake_export_targets-extras.cmake
[1.147s] -- Up-to-date symlink: /home/rosdev/ros2_ws/install/tf2_msgs/share/tf2_msgs/cmake/rosidl_cmake_export_typesupport_targets-extras.cmake
[1.148s] -- Up-to-date symlink: /home/rosdev/ros2_ws/install/tf2_msgs/share/tf2_msgs/cmake/rosidl_cmake_export_typesupport_libraries-extras.cmake
[1.148s] -- Up-to-date symlink: /home/rosdev/ros2_ws/install/tf2_msgs/share/tf2_msgs/cmake/tf2_msgsConfig.cmake
[1.148s] -- Up-to-date symlink: /home/rosdev/ros2_ws/install/tf2_msgs/share/tf2_msgs/cmake/tf2_msgsConfig-version.cmake
[1.150s] -- Up-to-date symlink: /home/rosdev/ros2_ws/install/tf2_msgs/share/tf2_msgs/package.xml
[1.151s] -- Up-to-date: /home/rosdev/ros2_ws/install/tf2_msgs/lib/libtf2_msgs__rosidl_generator_c.so
[1.151s] -- Up-to-date: /home/rosdev/ros2_ws/install/tf2_msgs/lib/libtf2_msgs__rosidl_typesupport_fastrtps_c.so
[1.165s] -- Up-to-date: /home/rosdev/ros2_ws/install/tf2_msgs/lib/libtf2_msgs__rosidl_typesupport_introspection_c.so
[1.165s] -- Up-to-date: /home/rosdev/ros2_ws/install/tf2_msgs/lib/libtf2_msgs__rosidl_typesupport_c.so
[1.165s] -- Up-to-date: /home/rosdev/ros2_ws/install/tf2_msgs/lib/libtf2_msgs__rosidl_typesupport_fastrtps_cpp.so
[1.165s] -- Up-to-date: /home/rosdev/ros2_ws/install/tf2_msgs/lib/libtf2_msgs__rosidl_typesupport_introspection_cpp.so
[1.165s] -- Up-to-date: /home/rosdev/ros2_ws/install/tf2_msgs/lib/libtf2_msgs__rosidl_typesupport_cpp.so
[1.243s] Listing '/home/rosdev/ros2_ws/install/tf2_msgs/local/lib/python3.10/dist-packages/tf2_msgs'...
[1.244s] Listing '/home/rosdev/ros2_ws/install/tf2_msgs/local/lib/python3.10/dist-packages/tf2_msgs/action'...
[1.244s] Listing '/home/rosdev/ros2_ws/install/tf2_msgs/local/lib/python3.10/dist-packages/tf2_msgs/msg'...
[1.244s] Listing '/home/rosdev/ros2_ws/install/tf2_msgs/local/lib/python3.10/dist-packages/tf2_msgs/srv'...
[1.246s] -- Up-to-date: /home/rosdev/ros2_ws/install/tf2_msgs/lib/libtf2_msgs__rosidl_generator_py.so
[1.246s] -- Up-to-date: /home/rosdev/ros2_ws/install/tf2_msgs/share/tf2_msgs/cmake/export_tf2_msgs__rosidl_generator_cExport.cmake
[1.246s] -- Up-to-date: /home/rosdev/ros2_ws/install/tf2_msgs/share/tf2_msgs/cmake/export_tf2_msgs__rosidl_generator_cExport-noconfig.cmake
[1.246s] -- Up-to-date: /home/rosdev/ros2_ws/install/tf2_msgs/share/tf2_msgs/cmake/export_tf2_msgs__rosidl_typesupport_fastrtps_cExport.cmake
[1.247s] -- Up-to-date: /home/rosdev/ros2_ws/install/tf2_msgs/share/tf2_msgs/cmake/export_tf2_msgs__rosidl_typesupport_fastrtps_cExport-noconfig.cmake
[1.247s] -- Up-to-date: /home/rosdev/ros2_ws/install/tf2_msgs/share/tf2_msgs/cmake/tf2_msgs__rosidl_typesupport_introspection_cExport.cmake
[1.247s] -- Up-to-date: /home/rosdev/ros2_ws/install/tf2_msgs/share/tf2_msgs/cmake/tf2_msgs__rosidl_typesupport_introspection_cExport-noconfig.cmake
[1.247s] -- Up-to-date: /home/rosdev/ros2_ws/install/tf2_msgs/share/tf2_msgs/cmake/tf2_msgs__rosidl_typesupport_cExport.cmake
[1.247s] -- Up-to-date: /home/rosdev/ros2_ws/install/tf2_msgs/share/tf2_msgs/cmake/tf2_msgs__rosidl_typesupport_cExport-noconfig.cmake
[1.251s] -- Up-to-date: /home/rosdev/ros2_ws/install/tf2_msgs/share/tf2_msgs/cmake/export_tf2_msgs__rosidl_generator_cppExport.cmake
[1.251s] -- Up-to-date: /home/rosdev/ros2_ws/install/tf2_msgs/share/tf2_msgs/cmake/export_tf2_msgs__rosidl_typesupport_fastrtps_cppExport.cmake
[1.258s] -- Up-to-date: /home/rosdev/ros2_ws/install/tf2_msgs/share/tf2_msgs/cmake/export_tf2_msgs__rosidl_typesupport_fastrtps_cppExport-noconfig.cmake
[1.258s] -- Up-to-date: /home/rosdev/ros2_ws/install/tf2_msgs/share/tf2_msgs/cmake/tf2_msgs__rosidl_typesupport_introspection_cppExport.cmake
[1.259s] -- Up-to-date: /home/rosdev/ros2_ws/install/tf2_msgs/share/tf2_msgs/cmake/tf2_msgs__rosidl_typesupport_introspection_cppExport-noconfig.cmake
[1.259s] -- Up-to-date: /home/rosdev/ros2_ws/install/tf2_msgs/share/tf2_msgs/cmake/tf2_msgs__rosidl_typesupport_cppExport.cmake
[1.259s] -- Up-to-date: /home/rosdev/ros2_ws/install/tf2_msgs/share/tf2_msgs/cmake/tf2_msgs__rosidl_typesupport_cppExport-noconfig.cmake
[1.259s] -- Up-to-date: /home/rosdev/ros2_ws/install/tf2_msgs/share/tf2_msgs/cmake/export_tf2_msgs__rosidl_generator_pyExport.cmake
[1.259s] -- Up-to-date: /home/rosdev/ros2_ws/install/tf2_msgs/share/tf2_msgs/cmake/export_tf2_msgs__rosidl_generator_pyExport-noconfig.cmake
[1.260s] Invoked command in '/home/rosdev/ros2_ws/build/tf2_msgs' returned '0': CMAKE_PREFIX_PATH=/opt/ros/humble /usr/bin/cmake --install /home/rosdev/ros2_ws/build/tf2_msgs
