-- Found ament_cmake: 1.3.11 (/opt/ros/humble/share/ament_cmake/cmake)
-- Found Python3: /usr/bin/python3 (found version "3.10.12") found components: Interpreter 
-- Override CMake install command with custom implementation using symlinks instead of copying resources
-- Configuring done
-- Generating done
-- Build files have been written to: /home/rosdev/ros2_ws/build/geometry2
-- Install configuration: ""
-- Execute custom install script
-- Symlinking: /home/rosdev/ros2_ws/install/geometry2/share/ament_index/resource_index/package_run_dependencies/geometry2
-- Symlinking: /home/rosdev/ros2_ws/install/geometry2/share/ament_index/resource_index/parent_prefix_path/geometry2
-- Symlinking: /home/rosdev/ros2_ws/install/geometry2/share/geometry2/environment/ament_prefix_path.sh
-- Symlinking: /home/rosdev/ros2_ws/install/geometry2/share/geometry2/environment/ament_prefix_path.dsv
-- Symlinking: /home/rosdev/ros2_ws/install/geometry2/share/geometry2/environment/path.sh
-- Symlinking: /home/rosdev/ros2_ws/install/geometry2/share/geometry2/environment/path.dsv
-- Symlinking: /home/rosdev/ros2_ws/install/geometry2/share/geometry2/local_setup.bash
-- Symlinking: /home/rosdev/ros2_ws/install/geometry2/share/geometry2/local_setup.sh
-- Symlinking: /home/rosdev/ros2_ws/install/geometry2/share/geometry2/local_setup.zsh
-- Symlinking: /home/rosdev/ros2_ws/install/geometry2/share/geometry2/local_setup.dsv
-- Symlinking: /home/rosdev/ros2_ws/install/geometry2/share/geometry2/package.dsv
-- Symlinking: /home/rosdev/ros2_ws/install/geometry2/share/ament_index/resource_index/packages/geometry2
-- Symlinking: /home/rosdev/ros2_ws/install/geometry2/share/geometry2/cmake/geometry2Config.cmake
-- Symlinking: /home/rosdev/ros2_ws/install/geometry2/share/geometry2/cmake/geometry2Config-version.cmake
-- Symlinking: /home/rosdev/ros2_ws/install/geometry2/share/geometry2/package.xml
