running egg_info
writing ../build/aruco/aruco.egg-info/PKG-INFO
writing dependency_links to ../build/aruco/aruco.egg-info/dependency_links.txt
writing entry points to ../build/aruco/aruco.egg-info/entry_points.txt
writing requirements to ../build/aruco/aruco.egg-info/requires.txt
writing top-level names to ../build/aruco/aruco.egg-info/top_level.txt
reading manifest file '../build/aruco/aruco.egg-info/SOURCES.txt'
writing manifest file '../build/aruco/aruco.egg-info/SOURCES.txt'
running build
running build_py
copying aruco/aruco_realsense.py -> /home/rosdev/ros2_ws/build/aruco/build/lib/aruco
running install
running install_lib
copying /home/rosdev/ros2_ws/build/aruco/build/lib/aruco/aruco_realsense.py -> /home/rosdev/ros2_ws/install/aruco/lib/python3.10/site-packages/aruco
byte-compiling /home/rosdev/ros2_ws/install/aruco/lib/python3.10/site-packages/aruco/aruco_realsense.py to aruco_realsense.cpython-310.pyc
running install_data
running install_egg_info
removing '/home/rosdev/ros2_ws/install/aruco/lib/python3.10/site-packages/aruco-0.0.0-py3.10.egg-info' (and everything under it)
Copying ../build/aruco/aruco.egg-info to /home/rosdev/ros2_ws/install/aruco/lib/python3.10/site-packages/aruco-0.0.0-py3.10.egg-info
running install_scripts
Installing aruco_realsense script to /home/rosdev/ros2_ws/install/aruco/lib/aruco
writing list of installed files to '/home/rosdev/ros2_ws/build/aruco/install.log'
