[1.029s] Invoking command in '/home/rosdev/ros2_ws/build/yolo_ros': CMAKE_PREFIX_PATH=/home/rosdev/ros2_ws/install/yolo_msgs:/home/rosdev/ros2_ws/install/yolo_bringup:/home/rosdev/ros2_ws/install/realsense2_description:/home/rosdev/ros2_ws/install/realsense2_camera:/home/rosdev/ros2_ws/install/realsense2_camera_msgs PYTHONPATH=/home/rosdev/ros2_ws/build/yolo_ros/prefix_override:/usr/lib/python3/dist-packages/colcon_core/task/python/colcon_distutils_commands:/home/rosdev/ros2_ws/install/yolo_ros/lib/python3.10/site-packages:${PYTHONPATH} /usr/bin/python3 -W ignore:setup.py install is deprecated -W ignore:easy_install command is deprecated setup.py develop --editable --build-directory /home/rosdev/ros2_ws/build/yolo_ros/build --no-deps symlink_data --force
[1.456s] running develop
[1.646s] running egg_info
[1.647s] writing yolo_ros.egg-info/PKG-INFO
[1.648s] writing dependency_links to yolo_ros.egg-info/dependency_links.txt
[1.648s] writing entry points to yolo_ros.egg-info/entry_points.txt
[1.648s] writing requirements to yolo_ros.egg-info/requires.txt
[1.648s] writing top-level names to yolo_ros.egg-info/top_level.txt
[1.656s] reading manifest file 'yolo_ros.egg-info/SOURCES.txt'
[1.656s] writing manifest file 'yolo_ros.egg-info/SOURCES.txt'
[1.657s] running build_ext
[1.657s] Creating /home/rosdev/ros2_ws/install/yolo_ros/lib/python3.10/site-packages/yolo-ros.egg-link (link to .)
[1.659s] Installing debug_node script to /home/rosdev/ros2_ws/install/yolo_ros/lib/yolo_ros
[1.660s] Installing detect_3d_node script to /home/rosdev/ros2_ws/install/yolo_ros/lib/yolo_ros
[1.660s] Installing tracking_node script to /home/rosdev/ros2_ws/install/yolo_ros/lib/yolo_ros
[1.660s] Installing yolo_node script to /home/rosdev/ros2_ws/install/yolo_ros/lib/yolo_ros
[1.661s] 
[1.661s] Installed /home/rosdev/ros2_ws/build/yolo_ros
[1.661s] running symlink_data
[1.661s] symbolically linking /home/rosdev/ros2_ws/build/yolo_ros/resource/yolo_ros -> /home/rosdev/ros2_ws/install/yolo_ros/share/ament_index/resource_index/packages
[1.662s] symbolically linking /home/rosdev/ros2_ws/build/yolo_ros/package.xml -> /home/rosdev/ros2_ws/install/yolo_ros/share/yolo_ros
[1.752s] Invoked command in '/home/rosdev/ros2_ws/build/yolo_ros' returned '0': CMAKE_PREFIX_PATH=/home/rosdev/ros2_ws/install/yolo_msgs:/home/rosdev/ros2_ws/install/yolo_bringup:/home/rosdev/ros2_ws/install/realsense2_description:/home/rosdev/ros2_ws/install/realsense2_camera:/home/rosdev/ros2_ws/install/realsense2_camera_msgs PYTHONPATH=/home/rosdev/ros2_ws/build/yolo_ros/prefix_override:/usr/lib/python3/dist-packages/colcon_core/task/python/colcon_distutils_commands:/home/rosdev/ros2_ws/install/yolo_ros/lib/python3.10/site-packages:${PYTHONPATH} /usr/bin/python3 -W ignore:setup.py install is deprecated -W ignore:easy_install command is deprecated setup.py develop --editable --build-directory /home/rosdev/ros2_ws/build/yolo_ros/build --no-deps symlink_data --force
