[0.055s] Invoking command in '/home/rosdev/ros2_ws/build/yolo_msgs': CMAKE_PREFIX_PATH=/opt/ros/humble /usr/bin/cmake --build /home/rosdev/ros2_ws/build/yolo_msgs -- -j12 -l12
[0.143s] [  0%] Built target yolo_msgs__cpp
[0.187s] [  0%] Built target ament_cmake_python_symlink_yolo_msgs
[0.241s] [ 12%] Built target yolo_msgs__rosidl_typesupport_introspection_cpp
[0.590s] running egg_info
[0.592s] writing yolo_msgs.egg-info/PKG-INFO
[0.592s] writing dependency_links to yolo_msgs.egg-info/dependency_links.txt
[0.592s] writing top-level names to yolo_msgs.egg-info/top_level.txt
[0.599s] reading manifest file 'yolo_msgs.egg-info/SOURCES.txt'
[0.599s] writing manifest file 'yolo_msgs.egg-info/SOURCES.txt'
[0.687s] [ 12%] Built target ament_cmake_python_build_yolo_msgs_egg
[0.743s] [ 24%] Built target yolo_msgs__rosidl_typesupport_fastrtps_cpp
[0.795s] [ 36%] Built target yolo_msgs__rosidl_typesupport_cpp
[0.849s] [ 48%] Built target yolo_msgs__rosidl_generator_c
[0.896s] [ 60%] Built target yolo_msgs__rosidl_typesupport_fastrtps_c
[0.945s] [ 72%] Built target yolo_msgs__rosidl_typesupport_c
[1.001s] [ 84%] Built target yolo_msgs__rosidl_typesupport_introspection_c
[1.074s] [ 84%] Built target yolo_msgs
[1.119s] [ 85%] Built target yolo_msgs__py
[1.144s] [35m[1mConsolidate compiler generated dependencies of target yolo_msgs__rosidl_generator_py[0m
[1.186s] [ 96%] Built target yolo_msgs__rosidl_generator_py
[1.211s] [35m[1mConsolidate compiler generated dependencies of target yolo_msgs__rosidl_typesupport_fastrtps_c__pyext[0m
[1.247s] [ 97%] Built target yolo_msgs__rosidl_typesupport_fastrtps_c__pyext
[1.279s] [35m[1mConsolidate compiler generated dependencies of target yolo_msgs__rosidl_typesupport_c__pyext[0m
[1.302s] [ 98%] Built target yolo_msgs__rosidl_typesupport_c__pyext
[1.331s] [35m[1mConsolidate compiler generated dependencies of target yolo_msgs__rosidl_typesupport_introspection_c__pyext[0m
[1.370s] [100%] Built target yolo_msgs__rosidl_typesupport_introspection_c__pyext
[1.635s] Invoked command in '/home/rosdev/ros2_ws/build/yolo_msgs' returned '0': CMAKE_PREFIX_PATH=/opt/ros/humble /usr/bin/cmake --build /home/rosdev/ros2_ws/build/yolo_msgs -- -j12 -l12
[1.637s] Invoking command in '/home/rosdev/ros2_ws/build/yolo_msgs': CMAKE_PREFIX_PATH=/opt/ros/humble /usr/bin/cmake --install /home/rosdev/ros2_ws/build/yolo_msgs
[1.716s] -- Install configuration: ""
[1.716s] -- Execute custom install script
[1.716s] -- Up-to-date symlink: /home/rosdev/ros2_ws/install/yolo_msgs/share/ament_index/resource_index/rosidl_interfaces/yolo_msgs
[1.716s] -- Up-to-date symlink: /home/rosdev/ros2_ws/install/yolo_msgs/include/yolo_msgs/yolo_msgs/msg/bounding_box2_d.h
[1.716s] -- Up-to-date symlink: /home/rosdev/ros2_ws/install/yolo_msgs/include/yolo_msgs/yolo_msgs/msg/bounding_box3_d.h
[1.717s] -- Up-to-date symlink: /home/rosdev/ros2_ws/install/yolo_msgs/include/yolo_msgs/yolo_msgs/msg/detail/bounding_box2_d__functions.h
[1.717s] -- Up-to-date symlink: /home/rosdev/ros2_ws/install/yolo_msgs/include/yolo_msgs/yolo_msgs/msg/detail/bounding_box2_d__struct.h
[1.717s] -- Up-to-date symlink: /home/rosdev/ros2_ws/install/yolo_msgs/include/yolo_msgs/yolo_msgs/msg/detail/bounding_box2_d__type_support.h
[1.717s] -- Up-to-date symlink: /home/rosdev/ros2_ws/install/yolo_msgs/include/yolo_msgs/yolo_msgs/msg/detail/bounding_box3_d__functions.h
[1.717s] -- Up-to-date symlink: /home/rosdev/ros2_ws/install/yolo_msgs/include/yolo_msgs/yolo_msgs/msg/detail/bounding_box3_d__struct.h
[1.717s] -- Up-to-date symlink: /home/rosdev/ros2_ws/install/yolo_msgs/include/yolo_msgs/yolo_msgs/msg/detail/bounding_box3_d__type_support.h
[1.717s] -- Up-to-date symlink: /home/rosdev/ros2_ws/install/yolo_msgs/include/yolo_msgs/yolo_msgs/msg/detail/detection__functions.h
[1.717s] -- Up-to-date symlink: /home/rosdev/ros2_ws/install/yolo_msgs/include/yolo_msgs/yolo_msgs/msg/detail/detection__struct.h
[1.717s] -- Up-to-date symlink: /home/rosdev/ros2_ws/install/yolo_msgs/include/yolo_msgs/yolo_msgs/msg/detail/detection__type_support.h
[1.717s] -- Up-to-date symlink: /home/rosdev/ros2_ws/install/yolo_msgs/include/yolo_msgs/yolo_msgs/msg/detail/detection_array__functions.h
[1.717s] -- Up-to-date symlink: /home/rosdev/ros2_ws/install/yolo_msgs/include/yolo_msgs/yolo_msgs/msg/detail/detection_array__struct.h
[1.718s] -- Up-to-date symlink: /home/rosdev/ros2_ws/install/yolo_msgs/include/yolo_msgs/yolo_msgs/msg/detail/detection_array__type_support.h
[1.718s] -- Up-to-date symlink: /home/rosdev/ros2_ws/install/yolo_msgs/include/yolo_msgs/yolo_msgs/msg/detail/key_point2_d__functions.h
[1.718s] -- Up-to-date symlink: /home/rosdev/ros2_ws/install/yolo_msgs/include/yolo_msgs/yolo_msgs/msg/detail/key_point2_d__struct.h
[1.718s] -- Up-to-date symlink: /home/rosdev/ros2_ws/install/yolo_msgs/include/yolo_msgs/yolo_msgs/msg/detail/key_point2_d__type_support.h
[1.718s] -- Up-to-date symlink: /home/rosdev/ros2_ws/install/yolo_msgs/include/yolo_msgs/yolo_msgs/msg/detail/key_point2_d_array__functions.h
[1.718s] -- Up-to-date symlink: /home/rosdev/ros2_ws/install/yolo_msgs/include/yolo_msgs/yolo_msgs/msg/detail/key_point2_d_array__struct.h
[1.718s] -- Up-to-date symlink: /home/rosdev/ros2_ws/install/yolo_msgs/include/yolo_msgs/yolo_msgs/msg/detail/key_point2_d_array__type_support.h
[1.718s] -- Up-to-date symlink: /home/rosdev/ros2_ws/install/yolo_msgs/include/yolo_msgs/yolo_msgs/msg/detail/key_point3_d__functions.h
[1.718s] -- Up-to-date symlink: /home/rosdev/ros2_ws/install/yolo_msgs/include/yolo_msgs/yolo_msgs/msg/detail/key_point3_d__struct.h
[1.718s] -- Up-to-date symlink: /home/rosdev/ros2_ws/install/yolo_msgs/include/yolo_msgs/yolo_msgs/msg/detail/key_point3_d__type_support.h
[1.718s] -- Up-to-date symlink: /home/rosdev/ros2_ws/install/yolo_msgs/include/yolo_msgs/yolo_msgs/msg/detail/key_point3_d_array__functions.h
[1.718s] -- Up-to-date symlink: /home/rosdev/ros2_ws/install/yolo_msgs/include/yolo_msgs/yolo_msgs/msg/detail/key_point3_d_array__struct.h
[1.719s] -- Up-to-date symlink: /home/rosdev/ros2_ws/install/yolo_msgs/include/yolo_msgs/yolo_msgs/msg/detail/key_point3_d_array__type_support.h
[1.719s] -- Up-to-date symlink: /home/rosdev/ros2_ws/install/yolo_msgs/include/yolo_msgs/yolo_msgs/msg/detail/mask__functions.h
[1.719s] -- Up-to-date symlink: /home/rosdev/ros2_ws/install/yolo_msgs/include/yolo_msgs/yolo_msgs/msg/detail/mask__struct.h
[1.719s] -- Up-to-date symlink: /home/rosdev/ros2_ws/install/yolo_msgs/include/yolo_msgs/yolo_msgs/msg/detail/mask__type_support.h
[1.719s] -- Up-to-date symlink: /home/rosdev/ros2_ws/install/yolo_msgs/include/yolo_msgs/yolo_msgs/msg/detail/point2_d__functions.h
[1.719s] -- Up-to-date symlink: /home/rosdev/ros2_ws/install/yolo_msgs/include/yolo_msgs/yolo_msgs/msg/detail/point2_d__struct.h
[1.719s] -- Up-to-date symlink: /home/rosdev/ros2_ws/install/yolo_msgs/include/yolo_msgs/yolo_msgs/msg/detail/point2_d__type_support.h
[1.719s] -- Up-to-date symlink: /home/rosdev/ros2_ws/install/yolo_msgs/include/yolo_msgs/yolo_msgs/msg/detail/pose2_d__functions.h
[1.719s] -- Up-to-date symlink: /home/rosdev/ros2_ws/install/yolo_msgs/include/yolo_msgs/yolo_msgs/msg/detail/pose2_d__struct.h
[1.719s] -- Up-to-date symlink: /home/rosdev/ros2_ws/install/yolo_msgs/include/yolo_msgs/yolo_msgs/msg/detail/pose2_d__type_support.h
[1.719s] -- Up-to-date symlink: /home/rosdev/ros2_ws/install/yolo_msgs/include/yolo_msgs/yolo_msgs/msg/detail/vector2__functions.h
[1.719s] -- Up-to-date symlink: /home/rosdev/ros2_ws/install/yolo_msgs/include/yolo_msgs/yolo_msgs/msg/detail/vector2__struct.h
[1.720s] -- Up-to-date symlink: /home/rosdev/ros2_ws/install/yolo_msgs/include/yolo_msgs/yolo_msgs/msg/detail/vector2__type_support.h
[1.720s] -- Up-to-date symlink: /home/rosdev/ros2_ws/install/yolo_msgs/include/yolo_msgs/yolo_msgs/msg/detection.h
[1.720s] -- Up-to-date symlink: /home/rosdev/ros2_ws/install/yolo_msgs/include/yolo_msgs/yolo_msgs/msg/detection_array.h
[1.720s] -- Up-to-date symlink: /home/rosdev/ros2_ws/install/yolo_msgs/include/yolo_msgs/yolo_msgs/msg/key_point2_d.h
[1.720s] -- Up-to-date symlink: /home/rosdev/ros2_ws/install/yolo_msgs/include/yolo_msgs/yolo_msgs/msg/key_point2_d_array.h
[1.720s] -- Up-to-date symlink: /home/rosdev/ros2_ws/install/yolo_msgs/include/yolo_msgs/yolo_msgs/msg/key_point3_d.h
[1.720s] -- Up-to-date symlink: /home/rosdev/ros2_ws/install/yolo_msgs/include/yolo_msgs/yolo_msgs/msg/key_point3_d_array.h
[1.720s] -- Up-to-date symlink: /home/rosdev/ros2_ws/install/yolo_msgs/include/yolo_msgs/yolo_msgs/msg/mask.h
[1.720s] -- Up-to-date symlink: /home/rosdev/ros2_ws/install/yolo_msgs/include/yolo_msgs/yolo_msgs/msg/point2_d.h
[1.720s] -- Up-to-date symlink: /home/rosdev/ros2_ws/install/yolo_msgs/include/yolo_msgs/yolo_msgs/msg/pose2_d.h
[1.720s] -- Up-to-date symlink: /home/rosdev/ros2_ws/install/yolo_msgs/include/yolo_msgs/yolo_msgs/msg/rosidl_generator_c__visibility_control.h
[1.720s] -- Up-to-date symlink: /home/rosdev/ros2_ws/install/yolo_msgs/include/yolo_msgs/yolo_msgs/msg/vector2.h
[1.721s] -- Up-to-date symlink: /home/rosdev/ros2_ws/install/yolo_msgs/include/yolo_msgs/yolo_msgs/srv/detail/set_classes__functions.h
[1.721s] -- Up-to-date symlink: /home/rosdev/ros2_ws/install/yolo_msgs/include/yolo_msgs/yolo_msgs/srv/detail/set_classes__struct.h
[1.721s] -- Up-to-date symlink: /home/rosdev/ros2_ws/install/yolo_msgs/include/yolo_msgs/yolo_msgs/srv/detail/set_classes__type_support.h
[1.721s] -- Up-to-date symlink: /home/rosdev/ros2_ws/install/yolo_msgs/include/yolo_msgs/yolo_msgs/srv/set_classes.h
[1.721s] -- Up-to-date symlink: /home/rosdev/ros2_ws/install/yolo_msgs/share/yolo_msgs/environment/library_path.sh
[1.721s] -- Up-to-date symlink: /home/rosdev/ros2_ws/install/yolo_msgs/share/yolo_msgs/environment/library_path.dsv
[1.721s] -- Up-to-date symlink: /home/rosdev/ros2_ws/install/yolo_msgs/include/yolo_msgs/yolo_msgs/msg/detail/bounding_box2_d__rosidl_typesupport_fastrtps_c.h
[1.721s] -- Up-to-date symlink: /home/rosdev/ros2_ws/install/yolo_msgs/include/yolo_msgs/yolo_msgs/msg/detail/bounding_box3_d__rosidl_typesupport_fastrtps_c.h
[1.721s] -- Up-to-date symlink: /home/rosdev/ros2_ws/install/yolo_msgs/include/yolo_msgs/yolo_msgs/msg/detail/detection__rosidl_typesupport_fastrtps_c.h
[1.721s] -- Up-to-date symlink: /home/rosdev/ros2_ws/install/yolo_msgs/include/yolo_msgs/yolo_msgs/msg/detail/detection_array__rosidl_typesupport_fastrtps_c.h
[1.721s] -- Up-to-date symlink: /home/rosdev/ros2_ws/install/yolo_msgs/include/yolo_msgs/yolo_msgs/msg/detail/key_point2_d__rosidl_typesupport_fastrtps_c.h
[1.721s] -- Up-to-date symlink: /home/rosdev/ros2_ws/install/yolo_msgs/include/yolo_msgs/yolo_msgs/msg/detail/key_point2_d_array__rosidl_typesupport_fastrtps_c.h
[1.722s] -- Up-to-date symlink: /home/rosdev/ros2_ws/install/yolo_msgs/include/yolo_msgs/yolo_msgs/msg/detail/key_point3_d__rosidl_typesupport_fastrtps_c.h
[1.722s] -- Up-to-date symlink: /home/rosdev/ros2_ws/install/yolo_msgs/include/yolo_msgs/yolo_msgs/msg/detail/key_point3_d_array__rosidl_typesupport_fastrtps_c.h
[1.722s] -- Up-to-date symlink: /home/rosdev/ros2_ws/install/yolo_msgs/include/yolo_msgs/yolo_msgs/msg/detail/mask__rosidl_typesupport_fastrtps_c.h
[1.722s] -- Up-to-date symlink: /home/rosdev/ros2_ws/install/yolo_msgs/include/yolo_msgs/yolo_msgs/msg/detail/point2_d__rosidl_typesupport_fastrtps_c.h
[1.722s] -- Up-to-date symlink: /home/rosdev/ros2_ws/install/yolo_msgs/include/yolo_msgs/yolo_msgs/msg/detail/pose2_d__rosidl_typesupport_fastrtps_c.h
[1.722s] -- Up-to-date symlink: /home/rosdev/ros2_ws/install/yolo_msgs/include/yolo_msgs/yolo_msgs/msg/detail/vector2__rosidl_typesupport_fastrtps_c.h
[1.722s] -- Up-to-date symlink: /home/rosdev/ros2_ws/install/yolo_msgs/include/yolo_msgs/yolo_msgs/msg/rosidl_typesupport_fastrtps_c__visibility_control.h
[1.722s] -- Up-to-date symlink: /home/rosdev/ros2_ws/install/yolo_msgs/include/yolo_msgs/yolo_msgs/srv/detail/set_classes__rosidl_typesupport_fastrtps_c.h
[1.722s] -- Up-to-date symlink: /home/rosdev/ros2_ws/install/yolo_msgs/include/yolo_msgs/yolo_msgs/msg/detail/bounding_box2_d__rosidl_typesupport_introspection_c.h
[1.722s] -- Up-to-date symlink: /home/rosdev/ros2_ws/install/yolo_msgs/include/yolo_msgs/yolo_msgs/msg/detail/bounding_box3_d__rosidl_typesupport_introspection_c.h
[1.722s] -- Up-to-date symlink: /home/rosdev/ros2_ws/install/yolo_msgs/include/yolo_msgs/yolo_msgs/msg/detail/detection__rosidl_typesupport_introspection_c.h
[1.723s] -- Up-to-date symlink: /home/rosdev/ros2_ws/install/yolo_msgs/include/yolo_msgs/yolo_msgs/msg/detail/detection_array__rosidl_typesupport_introspection_c.h
[1.723s] -- Up-to-date symlink: /home/rosdev/ros2_ws/install/yolo_msgs/include/yolo_msgs/yolo_msgs/msg/detail/key_point2_d__rosidl_typesupport_introspection_c.h
[1.723s] -- Up-to-date symlink: /home/rosdev/ros2_ws/install/yolo_msgs/include/yolo_msgs/yolo_msgs/msg/detail/key_point2_d_array__rosidl_typesupport_introspection_c.h
[1.723s] -- Up-to-date symlink: /home/rosdev/ros2_ws/install/yolo_msgs/include/yolo_msgs/yolo_msgs/msg/detail/key_point3_d__rosidl_typesupport_introspection_c.h
[1.723s] -- Up-to-date symlink: /home/rosdev/ros2_ws/install/yolo_msgs/include/yolo_msgs/yolo_msgs/msg/detail/key_point3_d_array__rosidl_typesupport_introspection_c.h
[1.723s] -- Up-to-date symlink: /home/rosdev/ros2_ws/install/yolo_msgs/include/yolo_msgs/yolo_msgs/msg/detail/mask__rosidl_typesupport_introspection_c.h
[1.723s] -- Up-to-date symlink: /home/rosdev/ros2_ws/install/yolo_msgs/include/yolo_msgs/yolo_msgs/msg/detail/point2_d__rosidl_typesupport_introspection_c.h
[1.723s] -- Up-to-date symlink: /home/rosdev/ros2_ws/install/yolo_msgs/include/yolo_msgs/yolo_msgs/msg/detail/pose2_d__rosidl_typesupport_introspection_c.h
[1.723s] -- Up-to-date symlink: /home/rosdev/ros2_ws/install/yolo_msgs/include/yolo_msgs/yolo_msgs/msg/detail/vector2__rosidl_typesupport_introspection_c.h
[1.723s] -- Up-to-date symlink: /home/rosdev/ros2_ws/install/yolo_msgs/include/yolo_msgs/yolo_msgs/msg/rosidl_typesupport_introspection_c__visibility_control.h
[1.723s] -- Up-to-date symlink: /home/rosdev/ros2_ws/install/yolo_msgs/include/yolo_msgs/yolo_msgs/srv/detail/set_classes__rosidl_typesupport_introspection_c.h
[1.723s] -- Up-to-date symlink: /home/rosdev/ros2_ws/install/yolo_msgs/include/yolo_msgs/yolo_msgs/msg/bounding_box2_d.hpp
[1.724s] -- Up-to-date symlink: /home/rosdev/ros2_ws/install/yolo_msgs/include/yolo_msgs/yolo_msgs/msg/bounding_box3_d.hpp
[1.724s] -- Up-to-date symlink: /home/rosdev/ros2_ws/install/yolo_msgs/include/yolo_msgs/yolo_msgs/msg/detail/bounding_box2_d__builder.hpp
[1.724s] -- Up-to-date symlink: /home/rosdev/ros2_ws/install/yolo_msgs/include/yolo_msgs/yolo_msgs/msg/detail/bounding_box2_d__struct.hpp
[1.724s] -- Up-to-date symlink: /home/rosdev/ros2_ws/install/yolo_msgs/include/yolo_msgs/yolo_msgs/msg/detail/bounding_box2_d__traits.hpp
[1.724s] -- Up-to-date symlink: /home/rosdev/ros2_ws/install/yolo_msgs/include/yolo_msgs/yolo_msgs/msg/detail/bounding_box2_d__type_support.hpp
[1.724s] -- Up-to-date symlink: /home/rosdev/ros2_ws/install/yolo_msgs/include/yolo_msgs/yolo_msgs/msg/detail/bounding_box3_d__builder.hpp
[1.724s] -- Up-to-date symlink: /home/rosdev/ros2_ws/install/yolo_msgs/include/yolo_msgs/yolo_msgs/msg/detail/bounding_box3_d__struct.hpp
[1.724s] -- Up-to-date symlink: /home/rosdev/ros2_ws/install/yolo_msgs/include/yolo_msgs/yolo_msgs/msg/detail/bounding_box3_d__traits.hpp
[1.724s] -- Up-to-date symlink: /home/rosdev/ros2_ws/install/yolo_msgs/include/yolo_msgs/yolo_msgs/msg/detail/bounding_box3_d__type_support.hpp
[1.724s] -- Up-to-date symlink: /home/rosdev/ros2_ws/install/yolo_msgs/include/yolo_msgs/yolo_msgs/msg/detail/detection__builder.hpp
[1.724s] -- Up-to-date symlink: /home/rosdev/ros2_ws/install/yolo_msgs/include/yolo_msgs/yolo_msgs/msg/detail/detection__struct.hpp
[1.724s] -- Up-to-date symlink: /home/rosdev/ros2_ws/install/yolo_msgs/include/yolo_msgs/yolo_msgs/msg/detail/detection__traits.hpp
[1.725s] -- Up-to-date symlink: /home/rosdev/ros2_ws/install/yolo_msgs/include/yolo_msgs/yolo_msgs/msg/detail/detection__type_support.hpp
[1.725s] -- Up-to-date symlink: /home/rosdev/ros2_ws/install/yolo_msgs/include/yolo_msgs/yolo_msgs/msg/detail/detection_array__builder.hpp
[1.725s] -- Up-to-date symlink: /home/rosdev/ros2_ws/install/yolo_msgs/include/yolo_msgs/yolo_msgs/msg/detail/detection_array__struct.hpp
[1.725s] -- Up-to-date symlink: /home/rosdev/ros2_ws/install/yolo_msgs/include/yolo_msgs/yolo_msgs/msg/detail/detection_array__traits.hpp
[1.725s] -- Up-to-date symlink: /home/rosdev/ros2_ws/install/yolo_msgs/include/yolo_msgs/yolo_msgs/msg/detail/detection_array__type_support.hpp
[1.725s] -- Up-to-date symlink: /home/rosdev/ros2_ws/install/yolo_msgs/include/yolo_msgs/yolo_msgs/msg/detail/key_point2_d__builder.hpp
[1.725s] -- Up-to-date symlink: /home/rosdev/ros2_ws/install/yolo_msgs/include/yolo_msgs/yolo_msgs/msg/detail/key_point2_d__struct.hpp
[1.725s] -- Up-to-date symlink: /home/rosdev/ros2_ws/install/yolo_msgs/include/yolo_msgs/yolo_msgs/msg/detail/key_point2_d__traits.hpp
[1.725s] -- Up-to-date symlink: /home/rosdev/ros2_ws/install/yolo_msgs/include/yolo_msgs/yolo_msgs/msg/detail/key_point2_d__type_support.hpp
[1.725s] -- Up-to-date symlink: /home/rosdev/ros2_ws/install/yolo_msgs/include/yolo_msgs/yolo_msgs/msg/detail/key_point2_d_array__builder.hpp
[1.725s] -- Up-to-date symlink: /home/rosdev/ros2_ws/install/yolo_msgs/include/yolo_msgs/yolo_msgs/msg/detail/key_point2_d_array__struct.hpp
[1.726s] -- Up-to-date symlink: /home/rosdev/ros2_ws/install/yolo_msgs/include/yolo_msgs/yolo_msgs/msg/detail/key_point2_d_array__traits.hpp
[1.726s] -- Up-to-date symlink: /home/rosdev/ros2_ws/install/yolo_msgs/include/yolo_msgs/yolo_msgs/msg/detail/key_point2_d_array__type_support.hpp
[1.726s] -- Up-to-date symlink: /home/rosdev/ros2_ws/install/yolo_msgs/include/yolo_msgs/yolo_msgs/msg/detail/key_point3_d__builder.hpp
[1.733s] -- Up-to-date symlink: /home/rosdev/ros2_ws/install/yolo_msgs/include/yolo_msgs/yolo_msgs/msg/detail/key_point3_d__struct.hpp
[1.733s] -- Up-to-date symlink: /home/rosdev/ros2_ws/install/yolo_msgs/include/yolo_msgs/yolo_msgs/msg/detail/key_point3_d__traits.hpp
[1.734s] -- Up-to-date symlink: /home/rosdev/ros2_ws/install/yolo_msgs/include/yolo_msgs/yolo_msgs/msg/detail/key_point3_d__type_support.hpp
[1.734s] -- Up-to-date symlink: /home/rosdev/ros2_ws/install/yolo_msgs/include/yolo_msgs/yolo_msgs/msg/detail/key_point3_d_array__builder.hpp
[1.734s] -- Up-to-date symlink: /home/rosdev/ros2_ws/install/yolo_msgs/include/yolo_msgs/yolo_msgs/msg/detail/key_point3_d_array__struct.hpp
[1.734s] -- Up-to-date symlink: /home/rosdev/ros2_ws/install/yolo_msgs/include/yolo_msgs/yolo_msgs/msg/detail/key_point3_d_array__traits.hpp
[1.735s] -- Up-to-date symlink: /home/rosdev/ros2_ws/install/yolo_msgs/include/yolo_msgs/yolo_msgs/msg/detail/key_point3_d_array__type_support.hpp
[1.735s] -- Up-to-date symlink: /home/rosdev/ros2_ws/install/yolo_msgs/include/yolo_msgs/yolo_msgs/msg/detail/mask__builder.hpp
[1.735s] -- Up-to-date symlink: /home/rosdev/ros2_ws/install/yolo_msgs/include/yolo_msgs/yolo_msgs/msg/detail/mask__struct.hpp
[1.735s] -- Up-to-date symlink: /home/rosdev/ros2_ws/install/yolo_msgs/include/yolo_msgs/yolo_msgs/msg/detail/mask__traits.hpp
[1.735s] -- Up-to-date symlink: /home/rosdev/ros2_ws/install/yolo_msgs/include/yolo_msgs/yolo_msgs/msg/detail/mask__type_support.hpp
[1.735s] -- Up-to-date symlink: /home/rosdev/ros2_ws/install/yolo_msgs/include/yolo_msgs/yolo_msgs/msg/detail/point2_d__builder.hpp
[1.735s] -- Up-to-date symlink: /home/rosdev/ros2_ws/install/yolo_msgs/include/yolo_msgs/yolo_msgs/msg/detail/point2_d__struct.hpp
[1.736s] -- Up-to-date symlink: /home/rosdev/ros2_ws/install/yolo_msgs/include/yolo_msgs/yolo_msgs/msg/detail/point2_d__traits.hpp
[1.736s] -- Up-to-date symlink: /home/rosdev/ros2_ws/install/yolo_msgs/include/yolo_msgs/yolo_msgs/msg/detail/point2_d__type_support.hpp
[1.736s] -- Up-to-date symlink: /home/rosdev/ros2_ws/install/yolo_msgs/include/yolo_msgs/yolo_msgs/msg/detail/pose2_d__builder.hpp
[1.736s] -- Up-to-date symlink: /home/rosdev/ros2_ws/install/yolo_msgs/include/yolo_msgs/yolo_msgs/msg/detail/pose2_d__struct.hpp
[1.736s] -- Up-to-date symlink: /home/rosdev/ros2_ws/install/yolo_msgs/include/yolo_msgs/yolo_msgs/msg/detail/pose2_d__traits.hpp
[1.736s] -- Up-to-date symlink: /home/rosdev/ros2_ws/install/yolo_msgs/include/yolo_msgs/yolo_msgs/msg/detail/pose2_d__type_support.hpp
[1.736s] -- Up-to-date symlink: /home/rosdev/ros2_ws/install/yolo_msgs/include/yolo_msgs/yolo_msgs/msg/detail/vector2__builder.hpp
[1.737s] -- Up-to-date symlink: /home/rosdev/ros2_ws/install/yolo_msgs/include/yolo_msgs/yolo_msgs/msg/detail/vector2__struct.hpp
[1.737s] -- Up-to-date symlink: /home/rosdev/ros2_ws/install/yolo_msgs/include/yolo_msgs/yolo_msgs/msg/detail/vector2__traits.hpp
[1.737s] -- Up-to-date symlink: /home/rosdev/ros2_ws/install/yolo_msgs/include/yolo_msgs/yolo_msgs/msg/detail/vector2__type_support.hpp
[1.737s] -- Up-to-date symlink: /home/rosdev/ros2_ws/install/yolo_msgs/include/yolo_msgs/yolo_msgs/msg/detection.hpp
[1.737s] -- Up-to-date symlink: /home/rosdev/ros2_ws/install/yolo_msgs/include/yolo_msgs/yolo_msgs/msg/detection_array.hpp
[1.737s] -- Up-to-date symlink: /home/rosdev/ros2_ws/install/yolo_msgs/include/yolo_msgs/yolo_msgs/msg/key_point2_d.hpp
[1.737s] -- Up-to-date symlink: /home/rosdev/ros2_ws/install/yolo_msgs/include/yolo_msgs/yolo_msgs/msg/key_point2_d_array.hpp
[1.737s] -- Up-to-date symlink: /home/rosdev/ros2_ws/install/yolo_msgs/include/yolo_msgs/yolo_msgs/msg/key_point3_d.hpp
[1.738s] -- Up-to-date symlink: /home/rosdev/ros2_ws/install/yolo_msgs/include/yolo_msgs/yolo_msgs/msg/key_point3_d_array.hpp
[1.739s] -- Up-to-date symlink: /home/rosdev/ros2_ws/install/yolo_msgs/include/yolo_msgs/yolo_msgs/msg/mask.hpp
[1.739s] -- Up-to-date symlink: /home/rosdev/ros2_ws/install/yolo_msgs/include/yolo_msgs/yolo_msgs/msg/point2_d.hpp
[1.739s] -- Up-to-date symlink: /home/rosdev/ros2_ws/install/yolo_msgs/include/yolo_msgs/yolo_msgs/msg/pose2_d.hpp
[1.740s] -- Up-to-date symlink: /home/rosdev/ros2_ws/install/yolo_msgs/include/yolo_msgs/yolo_msgs/msg/rosidl_generator_cpp__visibility_control.hpp
[1.740s] -- Up-to-date symlink: /home/rosdev/ros2_ws/install/yolo_msgs/include/yolo_msgs/yolo_msgs/msg/vector2.hpp
[1.740s] -- Up-to-date symlink: /home/rosdev/ros2_ws/install/yolo_msgs/include/yolo_msgs/yolo_msgs/srv/detail/set_classes__builder.hpp
[1.740s] -- Up-to-date symlink: /home/rosdev/ros2_ws/install/yolo_msgs/include/yolo_msgs/yolo_msgs/srv/detail/set_classes__struct.hpp
[1.740s] -- Up-to-date symlink: /home/rosdev/ros2_ws/install/yolo_msgs/include/yolo_msgs/yolo_msgs/srv/detail/set_classes__traits.hpp
[1.740s] -- Up-to-date symlink: /home/rosdev/ros2_ws/install/yolo_msgs/include/yolo_msgs/yolo_msgs/srv/detail/set_classes__type_support.hpp
[1.740s] -- Up-to-date symlink: /home/rosdev/ros2_ws/install/yolo_msgs/include/yolo_msgs/yolo_msgs/srv/set_classes.hpp
[1.741s] -- Up-to-date symlink: /home/rosdev/ros2_ws/install/yolo_msgs/include/yolo_msgs/yolo_msgs/msg/detail/bounding_box2_d__rosidl_typesupport_fastrtps_cpp.hpp
[1.741s] -- Up-to-date symlink: /home/rosdev/ros2_ws/install/yolo_msgs/include/yolo_msgs/yolo_msgs/msg/detail/bounding_box3_d__rosidl_typesupport_fastrtps_cpp.hpp
[1.741s] -- Up-to-date symlink: /home/rosdev/ros2_ws/install/yolo_msgs/include/yolo_msgs/yolo_msgs/msg/detail/detection__rosidl_typesupport_fastrtps_cpp.hpp
[1.741s] -- Up-to-date symlink: /home/rosdev/ros2_ws/install/yolo_msgs/include/yolo_msgs/yolo_msgs/msg/detail/detection_array__rosidl_typesupport_fastrtps_cpp.hpp
[1.742s] -- Up-to-date symlink: /home/rosdev/ros2_ws/install/yolo_msgs/include/yolo_msgs/yolo_msgs/msg/detail/key_point2_d__rosidl_typesupport_fastrtps_cpp.hpp
[1.750s] -- Up-to-date symlink: /home/rosdev/ros2_ws/install/yolo_msgs/include/yolo_msgs/yolo_msgs/msg/detail/key_point2_d_array__rosidl_typesupport_fastrtps_cpp.hpp
[1.752s] -- Up-to-date symlink: /home/rosdev/ros2_ws/install/yolo_msgs/include/yolo_msgs/yolo_msgs/msg/detail/key_point3_d__rosidl_typesupport_fastrtps_cpp.hpp
[1.756s] -- Up-to-date symlink: /home/rosdev/ros2_ws/install/yolo_msgs/include/yolo_msgs/yolo_msgs/msg/detail/key_point3_d_array__rosidl_typesupport_fastrtps_cpp.hpp
[1.758s] -- Up-to-date symlink: /home/rosdev/ros2_ws/install/yolo_msgs/include/yolo_msgs/yolo_msgs/msg/detail/mask__rosidl_typesupport_fastrtps_cpp.hpp
[1.758s] -- Up-to-date symlink: /home/rosdev/ros2_ws/install/yolo_msgs/include/yolo_msgs/yolo_msgs/msg/detail/point2_d__rosidl_typesupport_fastrtps_cpp.hpp
[1.758s] -- Up-to-date symlink: /home/rosdev/ros2_ws/install/yolo_msgs/include/yolo_msgs/yolo_msgs/msg/detail/pose2_d__rosidl_typesupport_fastrtps_cpp.hpp
[1.758s] -- Up-to-date symlink: /home/rosdev/ros2_ws/install/yolo_msgs/include/yolo_msgs/yolo_msgs/msg/detail/vector2__rosidl_typesupport_fastrtps_cpp.hpp
[1.758s] -- Up-to-date symlink: /home/rosdev/ros2_ws/install/yolo_msgs/include/yolo_msgs/yolo_msgs/msg/rosidl_typesupport_fastrtps_cpp__visibility_control.h
[1.758s] -- Up-to-date symlink: /home/rosdev/ros2_ws/install/yolo_msgs/include/yolo_msgs/yolo_msgs/srv/detail/set_classes__rosidl_typesupport_fastrtps_cpp.hpp
[1.758s] -- Up-to-date symlink: /home/rosdev/ros2_ws/install/yolo_msgs/include/yolo_msgs/yolo_msgs/msg/detail/bounding_box2_d__rosidl_typesupport_introspection_cpp.hpp
[1.758s] -- Up-to-date symlink: /home/rosdev/ros2_ws/install/yolo_msgs/include/yolo_msgs/yolo_msgs/msg/detail/bounding_box3_d__rosidl_typesupport_introspection_cpp.hpp
[1.759s] -- Up-to-date symlink: /home/rosdev/ros2_ws/install/yolo_msgs/include/yolo_msgs/yolo_msgs/msg/detail/detection__rosidl_typesupport_introspection_cpp.hpp
[1.759s] -- Up-to-date symlink: /home/rosdev/ros2_ws/install/yolo_msgs/include/yolo_msgs/yolo_msgs/msg/detail/detection_array__rosidl_typesupport_introspection_cpp.hpp
[1.759s] -- Up-to-date symlink: /home/rosdev/ros2_ws/install/yolo_msgs/include/yolo_msgs/yolo_msgs/msg/detail/key_point2_d__rosidl_typesupport_introspection_cpp.hpp
[1.759s] -- Up-to-date symlink: /home/rosdev/ros2_ws/install/yolo_msgs/include/yolo_msgs/yolo_msgs/msg/detail/key_point2_d_array__rosidl_typesupport_introspection_cpp.hpp
[1.759s] -- Up-to-date symlink: /home/rosdev/ros2_ws/install/yolo_msgs/include/yolo_msgs/yolo_msgs/msg/detail/key_point3_d__rosidl_typesupport_introspection_cpp.hpp
[1.759s] -- Up-to-date symlink: /home/rosdev/ros2_ws/install/yolo_msgs/include/yolo_msgs/yolo_msgs/msg/detail/key_point3_d_array__rosidl_typesupport_introspection_cpp.hpp
[1.759s] -- Up-to-date symlink: /home/rosdev/ros2_ws/install/yolo_msgs/include/yolo_msgs/yolo_msgs/msg/detail/mask__rosidl_typesupport_introspection_cpp.hpp
[1.759s] -- Up-to-date symlink: /home/rosdev/ros2_ws/install/yolo_msgs/include/yolo_msgs/yolo_msgs/msg/detail/point2_d__rosidl_typesupport_introspection_cpp.hpp
[1.759s] -- Up-to-date symlink: /home/rosdev/ros2_ws/install/yolo_msgs/include/yolo_msgs/yolo_msgs/msg/detail/pose2_d__rosidl_typesupport_introspection_cpp.hpp
[1.759s] -- Up-to-date symlink: /home/rosdev/ros2_ws/install/yolo_msgs/include/yolo_msgs/yolo_msgs/msg/detail/vector2__rosidl_typesupport_introspection_cpp.hpp
[1.760s] -- Up-to-date symlink: /home/rosdev/ros2_ws/install/yolo_msgs/include/yolo_msgs/yolo_msgs/srv/detail/set_classes__rosidl_typesupport_introspection_cpp.hpp
[1.760s] -- Up-to-date symlink: /home/rosdev/ros2_ws/install/yolo_msgs/share/yolo_msgs/environment/pythonpath.sh
[1.760s] -- Up-to-date symlink: /home/rosdev/ros2_ws/install/yolo_msgs/share/yolo_msgs/environment/pythonpath.dsv
[1.760s] -- Up-to-date symlink: /home/rosdev/ros2_ws/install/yolo_msgs/local/lib/python3.10/dist-packages/yolo_msgs-4.2.0-py3.10.egg-info/PKG-INFO
[1.760s] -- Up-to-date symlink: /home/rosdev/ros2_ws/install/yolo_msgs/local/lib/python3.10/dist-packages/yolo_msgs-4.2.0-py3.10.egg-info/SOURCES.txt
[1.760s] -- Up-to-date symlink: /home/rosdev/ros2_ws/install/yolo_msgs/local/lib/python3.10/dist-packages/yolo_msgs-4.2.0-py3.10.egg-info/dependency_links.txt
[1.761s] -- Up-to-date symlink: /home/rosdev/ros2_ws/install/yolo_msgs/local/lib/python3.10/dist-packages/yolo_msgs-4.2.0-py3.10.egg-info/top_level.txt
[1.761s] -- Up-to-date symlink: /home/rosdev/ros2_ws/install/yolo_msgs/local/lib/python3.10/dist-packages/yolo_msgs/__init__.py
[1.761s] -- Up-to-date symlink: /home/rosdev/ros2_ws/install/yolo_msgs/local/lib/python3.10/dist-packages/yolo_msgs/_yolo_msgs_s.ep.rosidl_typesupport_c.c
[1.761s] -- Up-to-date symlink: /home/rosdev/ros2_ws/install/yolo_msgs/local/lib/python3.10/dist-packages/yolo_msgs/_yolo_msgs_s.ep.rosidl_typesupport_fastrtps_c.c
[1.761s] -- Up-to-date symlink: /home/rosdev/ros2_ws/install/yolo_msgs/local/lib/python3.10/dist-packages/yolo_msgs/_yolo_msgs_s.ep.rosidl_typesupport_introspection_c.c
[1.762s] -- Up-to-date symlink: /home/rosdev/ros2_ws/install/yolo_msgs/local/lib/python3.10/dist-packages/yolo_msgs/libyolo_msgs__rosidl_generator_py.so
[1.762s] -- Up-to-date symlink: /home/rosdev/ros2_ws/install/yolo_msgs/local/lib/python3.10/dist-packages/yolo_msgs/msg/__init__.py
[1.762s] -- Up-to-date symlink: /home/rosdev/ros2_ws/install/yolo_msgs/local/lib/python3.10/dist-packages/yolo_msgs/msg/_bounding_box2_d.py
[1.762s] -- Up-to-date symlink: /home/rosdev/ros2_ws/install/yolo_msgs/local/lib/python3.10/dist-packages/yolo_msgs/msg/_bounding_box2_d_s.c
[1.762s] -- Up-to-date symlink: /home/rosdev/ros2_ws/install/yolo_msgs/local/lib/python3.10/dist-packages/yolo_msgs/msg/_bounding_box3_d.py
[1.762s] -- Up-to-date symlink: /home/rosdev/ros2_ws/install/yolo_msgs/local/lib/python3.10/dist-packages/yolo_msgs/msg/_bounding_box3_d_s.c
[1.762s] -- Up-to-date symlink: /home/rosdev/ros2_ws/install/yolo_msgs/local/lib/python3.10/dist-packages/yolo_msgs/msg/_detection.py
[1.762s] -- Up-to-date symlink: /home/rosdev/ros2_ws/install/yolo_msgs/local/lib/python3.10/dist-packages/yolo_msgs/msg/_detection_array.py
[1.763s] -- Up-to-date symlink: /home/rosdev/ros2_ws/install/yolo_msgs/local/lib/python3.10/dist-packages/yolo_msgs/msg/_detection_array_s.c
[1.763s] -- Up-to-date symlink: /home/rosdev/ros2_ws/install/yolo_msgs/local/lib/python3.10/dist-packages/yolo_msgs/msg/_detection_s.c
[1.763s] -- Up-to-date symlink: /home/rosdev/ros2_ws/install/yolo_msgs/local/lib/python3.10/dist-packages/yolo_msgs/msg/_key_point2_d.py
[1.764s] -- Up-to-date symlink: /home/rosdev/ros2_ws/install/yolo_msgs/local/lib/python3.10/dist-packages/yolo_msgs/msg/_key_point2_d_array.py
[1.775s] -- Up-to-date symlink: /home/rosdev/ros2_ws/install/yolo_msgs/local/lib/python3.10/dist-packages/yolo_msgs/msg/_key_point2_d_array_s.c
[1.775s] -- Up-to-date symlink: /home/rosdev/ros2_ws/install/yolo_msgs/local/lib/python3.10/dist-packages/yolo_msgs/msg/_key_point2_d_s.c
[1.776s] -- Up-to-date symlink: /home/rosdev/ros2_ws/install/yolo_msgs/local/lib/python3.10/dist-packages/yolo_msgs/msg/_key_point3_d.py
[1.776s] -- Up-to-date symlink: /home/rosdev/ros2_ws/install/yolo_msgs/local/lib/python3.10/dist-packages/yolo_msgs/msg/_key_point3_d_array.py
[1.777s] -- Up-to-date symlink: /home/rosdev/ros2_ws/install/yolo_msgs/local/lib/python3.10/dist-packages/yolo_msgs/msg/_key_point3_d_array_s.c
[1.777s] -- Up-to-date symlink: /home/rosdev/ros2_ws/install/yolo_msgs/local/lib/python3.10/dist-packages/yolo_msgs/msg/_key_point3_d_s.c
[1.778s] -- Up-to-date symlink: /home/rosdev/ros2_ws/install/yolo_msgs/local/lib/python3.10/dist-packages/yolo_msgs/msg/_mask.py
[1.779s] -- Up-to-date symlink: /home/rosdev/ros2_ws/install/yolo_msgs/local/lib/python3.10/dist-packages/yolo_msgs/msg/_mask_s.c
[1.779s] -- Up-to-date symlink: /home/rosdev/ros2_ws/install/yolo_msgs/local/lib/python3.10/dist-packages/yolo_msgs/msg/_point2_d.py
[1.780s] -- Up-to-date symlink: /home/rosdev/ros2_ws/install/yolo_msgs/local/lib/python3.10/dist-packages/yolo_msgs/msg/_point2_d_s.c
[1.780s] -- Up-to-date symlink: /home/rosdev/ros2_ws/install/yolo_msgs/local/lib/python3.10/dist-packages/yolo_msgs/msg/_pose2_d.py
[1.780s] -- Up-to-date symlink: /home/rosdev/ros2_ws/install/yolo_msgs/local/lib/python3.10/dist-packages/yolo_msgs/msg/_pose2_d_s.c
[1.781s] -- Up-to-date symlink: /home/rosdev/ros2_ws/install/yolo_msgs/local/lib/python3.10/dist-packages/yolo_msgs/msg/_vector2.py
[1.781s] -- Up-to-date symlink: /home/rosdev/ros2_ws/install/yolo_msgs/local/lib/python3.10/dist-packages/yolo_msgs/msg/_vector2_s.c
[1.782s] -- Up-to-date symlink: /home/rosdev/ros2_ws/install/yolo_msgs/local/lib/python3.10/dist-packages/yolo_msgs/srv/__init__.py
[1.783s] -- Up-to-date symlink: /home/rosdev/ros2_ws/install/yolo_msgs/local/lib/python3.10/dist-packages/yolo_msgs/srv/_set_classes.py
[1.784s] -- Up-to-date symlink: /home/rosdev/ros2_ws/install/yolo_msgs/local/lib/python3.10/dist-packages/yolo_msgs/srv/_set_classes_s.c
[1.784s] -- Up-to-date symlink: /home/rosdev/ros2_ws/install/yolo_msgs/local/lib/python3.10/dist-packages/yolo_msgs/yolo_msgs_s__rosidl_typesupport_c.cpython-310-aarch64-linux-gnu.so
[1.784s] -- Up-to-date symlink: /home/rosdev/ros2_ws/install/yolo_msgs/local/lib/python3.10/dist-packages/yolo_msgs/yolo_msgs_s__rosidl_typesupport_fastrtps_c.cpython-310-aarch64-linux-gnu.so
[1.785s] -- Up-to-date symlink: /home/rosdev/ros2_ws/install/yolo_msgs/local/lib/python3.10/dist-packages/yolo_msgs/yolo_msgs_s__rosidl_typesupport_introspection_c.cpython-310-aarch64-linux-gnu.so
[1.786s] -- Up-to-date symlink: /home/rosdev/ros2_ws/install/yolo_msgs/local/lib/python3.10/dist-packages/yolo_msgs/yolo_msgs_s__rosidl_typesupport_fastrtps_c.cpython-310-aarch64-linux-gnu.so
[1.786s] -- Up-to-date symlink: /home/rosdev/ros2_ws/install/yolo_msgs/local/lib/python3.10/dist-packages/yolo_msgs/yolo_msgs_s__rosidl_typesupport_introspection_c.cpython-310-aarch64-linux-gnu.so
[1.786s] -- Up-to-date symlink: /home/rosdev/ros2_ws/install/yolo_msgs/local/lib/python3.10/dist-packages/yolo_msgs/yolo_msgs_s__rosidl_typesupport_c.cpython-310-aarch64-linux-gnu.so
[1.786s] -- Up-to-date symlink: /home/rosdev/ros2_ws/install/yolo_msgs/share/yolo_msgs/msg/Point2D.idl
[1.786s] -- Up-to-date symlink: /home/rosdev/ros2_ws/install/yolo_msgs/share/yolo_msgs/msg/Vector2.idl
[1.787s] -- Up-to-date symlink: /home/rosdev/ros2_ws/install/yolo_msgs/share/yolo_msgs/msg/Pose2D.idl
[1.787s] -- Up-to-date symlink: /home/rosdev/ros2_ws/install/yolo_msgs/share/yolo_msgs/msg/BoundingBox2D.idl
[1.787s] -- Up-to-date symlink: /home/rosdev/ros2_ws/install/yolo_msgs/share/yolo_msgs/msg/BoundingBox3D.idl
[1.788s] -- Up-to-date symlink: /home/rosdev/ros2_ws/install/yolo_msgs/share/yolo_msgs/msg/Mask.idl
[1.788s] -- Up-to-date symlink: /home/rosdev/ros2_ws/install/yolo_msgs/share/yolo_msgs/msg/KeyPoint2D.idl
[1.789s] -- Up-to-date symlink: /home/rosdev/ros2_ws/install/yolo_msgs/share/yolo_msgs/msg/KeyPoint2DArray.idl
[1.789s] -- Up-to-date symlink: /home/rosdev/ros2_ws/install/yolo_msgs/share/yolo_msgs/msg/KeyPoint3D.idl
[1.789s] -- Up-to-date symlink: /home/rosdev/ros2_ws/install/yolo_msgs/share/yolo_msgs/msg/KeyPoint3DArray.idl
[1.789s] -- Up-to-date symlink: /home/rosdev/ros2_ws/install/yolo_msgs/share/yolo_msgs/msg/Detection.idl
[1.790s] -- Up-to-date symlink: /home/rosdev/ros2_ws/install/yolo_msgs/share/yolo_msgs/msg/DetectionArray.idl
[1.790s] -- Up-to-date symlink: /home/rosdev/ros2_ws/install/yolo_msgs/share/yolo_msgs/srv/SetClasses.idl
[1.790s] -- Up-to-date symlink: /home/rosdev/ros2_ws/install/yolo_msgs/share/yolo_msgs/msg/Point2D.msg
[1.790s] -- Up-to-date symlink: /home/rosdev/ros2_ws/install/yolo_msgs/share/yolo_msgs/msg/Vector2.msg
[1.790s] -- Up-to-date symlink: /home/rosdev/ros2_ws/install/yolo_msgs/share/yolo_msgs/msg/Pose2D.msg
[1.790s] -- Up-to-date symlink: /home/rosdev/ros2_ws/install/yolo_msgs/share/yolo_msgs/msg/BoundingBox2D.msg
[1.790s] -- Up-to-date symlink: /home/rosdev/ros2_ws/install/yolo_msgs/share/yolo_msgs/msg/BoundingBox3D.msg
[1.791s] -- Up-to-date symlink: /home/rosdev/ros2_ws/install/yolo_msgs/share/yolo_msgs/msg/Mask.msg
[1.791s] -- Up-to-date symlink: /home/rosdev/ros2_ws/install/yolo_msgs/share/yolo_msgs/msg/KeyPoint2D.msg
[1.791s] -- Up-to-date symlink: /home/rosdev/ros2_ws/install/yolo_msgs/share/yolo_msgs/msg/KeyPoint2DArray.msg
[1.791s] -- Up-to-date symlink: /home/rosdev/ros2_ws/install/yolo_msgs/share/yolo_msgs/msg/KeyPoint3D.msg
[1.792s] -- Up-to-date symlink: /home/rosdev/ros2_ws/install/yolo_msgs/share/yolo_msgs/msg/KeyPoint3DArray.msg
[1.792s] -- Up-to-date symlink: /home/rosdev/ros2_ws/install/yolo_msgs/share/yolo_msgs/msg/Detection.msg
[1.792s] -- Up-to-date symlink: /home/rosdev/ros2_ws/install/yolo_msgs/share/yolo_msgs/msg/DetectionArray.msg
[1.792s] -- Up-to-date symlink: /home/rosdev/ros2_ws/install/yolo_msgs/share/yolo_msgs/srv/SetClasses.srv
[1.792s] -- Up-to-date symlink: /home/rosdev/ros2_ws/install/yolo_msgs/share/yolo_msgs/srv/SetClasses_Request.msg
[1.793s] -- Up-to-date symlink: /home/rosdev/ros2_ws/install/yolo_msgs/share/yolo_msgs/srv/SetClasses_Response.msg
[1.793s] -- Up-to-date symlink: /home/rosdev/ros2_ws/install/yolo_msgs/share/ament_index/resource_index/package_run_dependencies/yolo_msgs
[1.794s] -- Up-to-date symlink: /home/rosdev/ros2_ws/install/yolo_msgs/share/ament_index/resource_index/parent_prefix_path/yolo_msgs
[1.795s] -- Up-to-date symlink: /home/rosdev/ros2_ws/install/yolo_msgs/share/yolo_msgs/environment/ament_prefix_path.sh
[1.795s] -- Up-to-date symlink: /home/rosdev/ros2_ws/install/yolo_msgs/share/yolo_msgs/environment/ament_prefix_path.dsv
[1.795s] -- Up-to-date symlink: /home/rosdev/ros2_ws/install/yolo_msgs/share/yolo_msgs/environment/path.sh
[1.795s] -- Up-to-date symlink: /home/rosdev/ros2_ws/install/yolo_msgs/share/yolo_msgs/environment/path.dsv
[1.795s] -- Up-to-date symlink: /home/rosdev/ros2_ws/install/yolo_msgs/share/yolo_msgs/local_setup.bash
[1.795s] -- Up-to-date symlink: /home/rosdev/ros2_ws/install/yolo_msgs/share/yolo_msgs/local_setup.sh
[1.795s] -- Up-to-date symlink: /home/rosdev/ros2_ws/install/yolo_msgs/share/yolo_msgs/local_setup.zsh
[1.796s] -- Up-to-date symlink: /home/rosdev/ros2_ws/install/yolo_msgs/share/yolo_msgs/local_setup.dsv
[1.796s] -- Symlinking: /home/rosdev/ros2_ws/install/yolo_msgs/share/yolo_msgs/package.dsv
[1.803s] -- Up-to-date symlink: /home/rosdev/ros2_ws/install/yolo_msgs/share/ament_index/resource_index/packages/yolo_msgs
[1.804s] -- Up-to-date symlink: /home/rosdev/ros2_ws/install/yolo_msgs/share/yolo_msgs/cmake/rosidl_cmake-extras.cmake
[1.804s] -- Up-to-date symlink: /home/rosdev/ros2_ws/install/yolo_msgs/share/yolo_msgs/cmake/ament_cmake_export_dependencies-extras.cmake
[1.804s] -- Up-to-date symlink: /home/rosdev/ros2_ws/install/yolo_msgs/share/yolo_msgs/cmake/ament_cmake_export_include_directories-extras.cmake
[1.804s] -- Up-to-date symlink: /home/rosdev/ros2_ws/install/yolo_msgs/share/yolo_msgs/cmake/ament_cmake_export_libraries-extras.cmake
[1.804s] -- Up-to-date symlink: /home/rosdev/ros2_ws/install/yolo_msgs/share/yolo_msgs/cmake/ament_cmake_export_targets-extras.cmake
[1.804s] -- Up-to-date symlink: /home/rosdev/ros2_ws/install/yolo_msgs/share/yolo_msgs/cmake/rosidl_cmake_export_typesupport_targets-extras.cmake
[1.804s] -- Up-to-date symlink: /home/rosdev/ros2_ws/install/yolo_msgs/share/yolo_msgs/cmake/rosidl_cmake_export_typesupport_libraries-extras.cmake
[1.804s] -- Up-to-date symlink: /home/rosdev/ros2_ws/install/yolo_msgs/share/yolo_msgs/cmake/yolo_msgsConfig.cmake
[1.804s] -- Up-to-date symlink: /home/rosdev/ros2_ws/install/yolo_msgs/share/yolo_msgs/cmake/yolo_msgsConfig-version.cmake
[1.805s] -- Up-to-date symlink: /home/rosdev/ros2_ws/install/yolo_msgs/share/yolo_msgs/package.xml
[1.805s] -- Up-to-date: /home/rosdev/ros2_ws/install/yolo_msgs/lib/libyolo_msgs__rosidl_generator_c.so
[1.805s] -- Up-to-date: /home/rosdev/ros2_ws/install/yolo_msgs/lib/libyolo_msgs__rosidl_typesupport_fastrtps_c.so
[1.805s] -- Up-to-date: /home/rosdev/ros2_ws/install/yolo_msgs/lib/libyolo_msgs__rosidl_typesupport_introspection_c.so
[1.805s] -- Up-to-date: /home/rosdev/ros2_ws/install/yolo_msgs/lib/libyolo_msgs__rosidl_typesupport_c.so
[1.805s] -- Up-to-date: /home/rosdev/ros2_ws/install/yolo_msgs/lib/libyolo_msgs__rosidl_typesupport_fastrtps_cpp.so
[1.805s] -- Up-to-date: /home/rosdev/ros2_ws/install/yolo_msgs/lib/libyolo_msgs__rosidl_typesupport_introspection_cpp.so
[1.805s] -- Up-to-date: /home/rosdev/ros2_ws/install/yolo_msgs/lib/libyolo_msgs__rosidl_typesupport_cpp.so
[1.811s] Listing '/home/rosdev/ros2_ws/install/yolo_msgs/local/lib/python3.10/dist-packages/yolo_msgs'...
[1.811s] Listing '/home/rosdev/ros2_ws/install/yolo_msgs/local/lib/python3.10/dist-packages/yolo_msgs/msg'...
[1.811s] Listing '/home/rosdev/ros2_ws/install/yolo_msgs/local/lib/python3.10/dist-packages/yolo_msgs/srv'...
[1.829s] -- Up-to-date: /home/rosdev/ros2_ws/install/yolo_msgs/lib/libyolo_msgs__rosidl_generator_py.so
[1.830s] -- Up-to-date: /home/rosdev/ros2_ws/install/yolo_msgs/share/yolo_msgs/cmake/export_yolo_msgs__rosidl_generator_cExport.cmake
[1.830s] -- Up-to-date: /home/rosdev/ros2_ws/install/yolo_msgs/share/yolo_msgs/cmake/export_yolo_msgs__rosidl_generator_cExport-noconfig.cmake
[1.831s] -- Up-to-date: /home/rosdev/ros2_ws/install/yolo_msgs/share/yolo_msgs/cmake/export_yolo_msgs__rosidl_typesupport_fastrtps_cExport.cmake
[1.832s] -- Up-to-date: /home/rosdev/ros2_ws/install/yolo_msgs/share/yolo_msgs/cmake/export_yolo_msgs__rosidl_typesupport_fastrtps_cExport-noconfig.cmake
[1.832s] -- Up-to-date: /home/rosdev/ros2_ws/install/yolo_msgs/share/yolo_msgs/cmake/yolo_msgs__rosidl_typesupport_introspection_cExport.cmake
[1.833s] -- Up-to-date: /home/rosdev/ros2_ws/install/yolo_msgs/share/yolo_msgs/cmake/yolo_msgs__rosidl_typesupport_introspection_cExport-noconfig.cmake
[1.833s] -- Up-to-date: /home/rosdev/ros2_ws/install/yolo_msgs/share/yolo_msgs/cmake/yolo_msgs__rosidl_typesupport_cExport.cmake
[1.834s] -- Up-to-date: /home/rosdev/ros2_ws/install/yolo_msgs/share/yolo_msgs/cmake/yolo_msgs__rosidl_typesupport_cExport-noconfig.cmake
[1.834s] -- Up-to-date: /home/rosdev/ros2_ws/install/yolo_msgs/share/yolo_msgs/cmake/export_yolo_msgs__rosidl_generator_cppExport.cmake
[1.835s] -- Up-to-date: /home/rosdev/ros2_ws/install/yolo_msgs/share/yolo_msgs/cmake/export_yolo_msgs__rosidl_typesupport_fastrtps_cppExport.cmake
[1.835s] -- Up-to-date: /home/rosdev/ros2_ws/install/yolo_msgs/share/yolo_msgs/cmake/export_yolo_msgs__rosidl_typesupport_fastrtps_cppExport-noconfig.cmake
[1.836s] -- Up-to-date: /home/rosdev/ros2_ws/install/yolo_msgs/share/yolo_msgs/cmake/yolo_msgs__rosidl_typesupport_introspection_cppExport.cmake
[1.836s] -- Up-to-date: /home/rosdev/ros2_ws/install/yolo_msgs/share/yolo_msgs/cmake/yolo_msgs__rosidl_typesupport_introspection_cppExport-noconfig.cmake
[1.837s] -- Up-to-date: /home/rosdev/ros2_ws/install/yolo_msgs/share/yolo_msgs/cmake/yolo_msgs__rosidl_typesupport_cppExport.cmake
[1.837s] -- Up-to-date: /home/rosdev/ros2_ws/install/yolo_msgs/share/yolo_msgs/cmake/yolo_msgs__rosidl_typesupport_cppExport-noconfig.cmake
[1.837s] -- Up-to-date: /home/rosdev/ros2_ws/install/yolo_msgs/share/yolo_msgs/cmake/export_yolo_msgs__rosidl_generator_pyExport.cmake
[1.837s] -- Up-to-date: /home/rosdev/ros2_ws/install/yolo_msgs/share/yolo_msgs/cmake/export_yolo_msgs__rosidl_generator_pyExport-noconfig.cmake
[1.935s] Invoked command in '/home/rosdev/ros2_ws/build/yolo_msgs' returned '0': CMAKE_PREFIX_PATH=/opt/ros/humble /usr/bin/cmake --install /home/rosdev/ros2_ws/build/yolo_msgs
