[0.488s] Invoking command in '/home/rosdev/ros2_ws/build/tf2_eigen': AMENT_PREFIX_PATH=/home/rosdev/ros2_ws/install/tf2_ros:/home/rosdev/ros2_ws/install/tf2_msgs:/home/rosdev/ros2_ws/install/tf2:${AMENT_PREFIX_PATH} CMAKE_PREFIX_PATH=/home/rosdev/ros2_ws/install/tf2_ros:/home/rosdev/ros2_ws/install/tf2_msgs:/home/rosdev/ros2_ws/install/tf2:/opt/ros/humble LD_LIBRARY_PATH=/home/rosdev/ros2_ws/install/tf2_ros/lib:/home/rosdev/ros2_ws/install/tf2_msgs/lib:/home/rosdev/ros2_ws/install/tf2/lib:${LD_LIBRARY_PATH} PYTHONPATH=/home/rosdev/ros2_ws/install/tf2_msgs/local/lib/python3.10/dist-packages:${PYTHONPATH} /usr/bin/cmake --build /home/rosdev/ros2_ws/build/tf2_eigen -- -j12 -l12
[0.651s] [ 33%] Built target gtest
[0.678s] [ 66%] Built target gtest_main
[0.757s] [100%] Built target tf2_eigen-test
[0.824s] Invoked command in '/home/rosdev/ros2_ws/build/tf2_eigen' returned '0': AMENT_PREFIX_PATH=/home/rosdev/ros2_ws/install/tf2_ros:/home/rosdev/ros2_ws/install/tf2_msgs:/home/rosdev/ros2_ws/install/tf2:${AMENT_PREFIX_PATH} CMAKE_PREFIX_PATH=/home/rosdev/ros2_ws/install/tf2_ros:/home/rosdev/ros2_ws/install/tf2_msgs:/home/rosdev/ros2_ws/install/tf2:/opt/ros/humble LD_LIBRARY_PATH=/home/rosdev/ros2_ws/install/tf2_ros/lib:/home/rosdev/ros2_ws/install/tf2_msgs/lib:/home/rosdev/ros2_ws/install/tf2/lib:${LD_LIBRARY_PATH} PYTHONPATH=/home/rosdev/ros2_ws/install/tf2_msgs/local/lib/python3.10/dist-packages:${PYTHONPATH} /usr/bin/cmake --build /home/rosdev/ros2_ws/build/tf2_eigen -- -j12 -l12
[0.826s] Invoking command in '/home/rosdev/ros2_ws/build/tf2_eigen': AMENT_PREFIX_PATH=/home/rosdev/ros2_ws/install/tf2_ros:/home/rosdev/ros2_ws/install/tf2_msgs:/home/rosdev/ros2_ws/install/tf2:${AMENT_PREFIX_PATH} CMAKE_PREFIX_PATH=/home/rosdev/ros2_ws/install/tf2_ros:/home/rosdev/ros2_ws/install/tf2_msgs:/home/rosdev/ros2_ws/install/tf2:/opt/ros/humble LD_LIBRARY_PATH=/home/rosdev/ros2_ws/install/tf2_ros/lib:/home/rosdev/ros2_ws/install/tf2_msgs/lib:/home/rosdev/ros2_ws/install/tf2/lib:${LD_LIBRARY_PATH} PYTHONPATH=/home/rosdev/ros2_ws/install/tf2_msgs/local/lib/python3.10/dist-packages:${PYTHONPATH} /usr/bin/cmake --install /home/rosdev/ros2_ws/build/tf2_eigen
[0.857s] -- Install configuration: ""
[0.858s] -- Up-to-date: /home/rosdev/ros2_ws/install/tf2_eigen/include/tf2_eigen
[0.859s] -- Up-to-date: /home/rosdev/ros2_ws/install/tf2_eigen/include/tf2_eigen/tf2_eigen
[0.859s] -- Up-to-date: /home/rosdev/ros2_ws/install/tf2_eigen/include/tf2_eigen/tf2_eigen/tf2_eigen.hpp
[0.859s] -- Up-to-date: /home/rosdev/ros2_ws/install/tf2_eigen/include/tf2_eigen/tf2_eigen/tf2_eigen.h
[0.859s] -- Up-to-date: /home/rosdev/ros2_ws/install/tf2_eigen/share/ament_index/resource_index/package_run_dependencies/tf2_eigen
[0.859s] -- Up-to-date: /home/rosdev/ros2_ws/install/tf2_eigen/share/ament_index/resource_index/parent_prefix_path/tf2_eigen
[0.859s] -- Up-to-date: /home/rosdev/ros2_ws/install/tf2_eigen/share/tf2_eigen/environment/ament_prefix_path.sh
[0.859s] -- Up-to-date: /home/rosdev/ros2_ws/install/tf2_eigen/share/tf2_eigen/environment/ament_prefix_path.dsv
[0.859s] -- Up-to-date: /home/rosdev/ros2_ws/install/tf2_eigen/share/tf2_eigen/environment/path.sh
[0.859s] -- Up-to-date: /home/rosdev/ros2_ws/install/tf2_eigen/share/tf2_eigen/environment/path.dsv
[0.859s] -- Up-to-date: /home/rosdev/ros2_ws/install/tf2_eigen/share/tf2_eigen/local_setup.bash
[0.859s] -- Up-to-date: /home/rosdev/ros2_ws/install/tf2_eigen/share/tf2_eigen/local_setup.sh
[0.860s] -- Up-to-date: /home/rosdev/ros2_ws/install/tf2_eigen/share/tf2_eigen/local_setup.zsh
[0.860s] -- Up-to-date: /home/rosdev/ros2_ws/install/tf2_eigen/share/tf2_eigen/local_setup.dsv
[0.860s] -- Installing: /home/rosdev/ros2_ws/install/tf2_eigen/share/tf2_eigen/package.dsv
[0.860s] -- Up-to-date: /home/rosdev/ros2_ws/install/tf2_eigen/share/ament_index/resource_index/packages/tf2_eigen
[0.860s] -- Up-to-date: /home/rosdev/ros2_ws/install/tf2_eigen/share/tf2_eigen/cmake/export_tf2_eigenExport.cmake
[0.860s] -- Up-to-date: /home/rosdev/ros2_ws/install/tf2_eigen/share/tf2_eigen/cmake/ament_cmake_export_dependencies-extras.cmake
[0.860s] -- Up-to-date: /home/rosdev/ros2_ws/install/tf2_eigen/share/tf2_eigen/cmake/ament_cmake_export_include_directories-extras.cmake
[0.860s] -- Up-to-date: /home/rosdev/ros2_ws/install/tf2_eigen/share/tf2_eigen/cmake/ament_cmake_export_targets-extras.cmake
[0.860s] -- Up-to-date: /home/rosdev/ros2_ws/install/tf2_eigen/share/tf2_eigen/cmake/tf2_eigenConfig.cmake
[0.860s] -- Up-to-date: /home/rosdev/ros2_ws/install/tf2_eigen/share/tf2_eigen/cmake/tf2_eigenConfig-version.cmake
[0.860s] -- Up-to-date: /home/rosdev/ros2_ws/install/tf2_eigen/share/tf2_eigen/package.xml
[0.861s] Invoked command in '/home/rosdev/ros2_ws/build/tf2_eigen' returned '0': AMENT_PREFIX_PATH=/home/rosdev/ros2_ws/install/tf2_ros:/home/rosdev/ros2_ws/install/tf2_msgs:/home/rosdev/ros2_ws/install/tf2:${AMENT_PREFIX_PATH} CMAKE_PREFIX_PATH=/home/rosdev/ros2_ws/install/tf2_ros:/home/rosdev/ros2_ws/install/tf2_msgs:/home/rosdev/ros2_ws/install/tf2:/opt/ros/humble LD_LIBRARY_PATH=/home/rosdev/ros2_ws/install/tf2_ros/lib:/home/rosdev/ros2_ws/install/tf2_msgs/lib:/home/rosdev/ros2_ws/install/tf2/lib:${LD_LIBRARY_PATH} PYTHONPATH=/home/rosdev/ros2_ws/install/tf2_msgs/local/lib/python3.10/dist-packages:${PYTHONPATH} /usr/bin/cmake --install /home/rosdev/ros2_ws/build/tf2_eigen
