[0.050s] Invoking command in '/home/rosdev/ros2_ws/build/realsense2_camera_msgs': CMAKE_PREFIX_PATH=/opt/ros/humble /usr/bin/cmake --build /home/rosdev/ros2_ws/build/realsense2_camera_msgs -- -j12 -l12
[0.183s] [  1%] Built target realsense2_camera_msgs__cpp
[0.190s] [ 12%] Built target realsense2_camera_msgs__rosidl_generator_c
[0.241s] [ 12%] Built target ament_cmake_python_symlink_realsense2_camera_msgs
[0.264s] [ 23%] Built target realsense2_camera_msgs__rosidl_typesupport_cpp
[0.269s] [ 34%] Built target realsense2_camera_msgs__rosidl_typesupport_fastrtps_cpp
[0.316s] [ 45%] Built target realsense2_camera_msgs__rosidl_typesupport_introspection_cpp
[0.345s] [ 60%] Built target realsense2_camera_msgs__rosidl_typesupport_introspection_c
[0.345s] [ 67%] Built target realsense2_camera_msgs__rosidl_typesupport_fastrtps_c
[0.359s] [ 78%] Built target realsense2_camera_msgs__rosidl_typesupport_c
[0.423s] [ 78%] Built target realsense2_camera_msgs
[0.473s] [ 80%] Built target realsense2_camera_msgs__py
[0.530s] [ 89%] Built target realsense2_camera_msgs__rosidl_generator_py
[0.579s] [ 92%] Built target realsense2_camera_msgs__rosidl_typesupport_introspection_c__pyext
[0.581s] [ 96%] Built target realsense2_camera_msgs__rosidl_typesupport_fastrtps_c__pyext
[0.629s] [100%] Built target realsense2_camera_msgs__rosidl_typesupport_c__pyext
[0.685s] running egg_info
[0.687s] writing realsense2_camera_msgs.egg-info/PKG-INFO
[0.687s] writing dependency_links to realsense2_camera_msgs.egg-info/dependency_links.txt
[0.688s] writing top-level names to realsense2_camera_msgs.egg-info/top_level.txt
[0.692s] reading manifest file 'realsense2_camera_msgs.egg-info/SOURCES.txt'
[0.693s] writing manifest file 'realsense2_camera_msgs.egg-info/SOURCES.txt'
[0.794s] [100%] Built target ament_cmake_python_build_realsense2_camera_msgs_egg
[0.842s] Invoked command in '/home/rosdev/ros2_ws/build/realsense2_camera_msgs' returned '0': CMAKE_PREFIX_PATH=/opt/ros/humble /usr/bin/cmake --build /home/rosdev/ros2_ws/build/realsense2_camera_msgs -- -j12 -l12
[0.846s] Invoking command in '/home/rosdev/ros2_ws/build/realsense2_camera_msgs': CMAKE_PREFIX_PATH=/opt/ros/humble /usr/bin/cmake --install /home/rosdev/ros2_ws/build/realsense2_camera_msgs
[0.867s] -- Install configuration: ""
[0.869s] -- Execute custom install script
[0.869s] -- Up-to-date symlink: /home/rosdev/ros2_ws/install/realsense2_camera_msgs/share/ament_index/resource_index/rosidl_interfaces/realsense2_camera_msgs
[0.869s] -- Up-to-date symlink: /home/rosdev/ros2_ws/install/realsense2_camera_msgs/include/realsense2_camera_msgs/realsense2_camera_msgs/msg/detail/extrinsics__functions.h
[0.869s] -- Up-to-date symlink: /home/rosdev/ros2_ws/install/realsense2_camera_msgs/include/realsense2_camera_msgs/realsense2_camera_msgs/msg/detail/extrinsics__struct.h
[0.869s] -- Up-to-date symlink: /home/rosdev/ros2_ws/install/realsense2_camera_msgs/include/realsense2_camera_msgs/realsense2_camera_msgs/msg/detail/extrinsics__type_support.h
[0.870s] -- Up-to-date symlink: /home/rosdev/ros2_ws/install/realsense2_camera_msgs/include/realsense2_camera_msgs/realsense2_camera_msgs/msg/detail/imu_info__functions.h
[0.870s] -- Up-to-date symlink: /home/rosdev/ros2_ws/install/realsense2_camera_msgs/include/realsense2_camera_msgs/realsense2_camera_msgs/msg/detail/imu_info__struct.h
[0.870s] -- Up-to-date symlink: /home/rosdev/ros2_ws/install/realsense2_camera_msgs/include/realsense2_camera_msgs/realsense2_camera_msgs/msg/detail/imu_info__type_support.h
[0.870s] -- Up-to-date symlink: /home/rosdev/ros2_ws/install/realsense2_camera_msgs/include/realsense2_camera_msgs/realsense2_camera_msgs/msg/detail/metadata__functions.h
[0.872s] -- Up-to-date symlink: /home/rosdev/ros2_ws/install/realsense2_camera_msgs/include/realsense2_camera_msgs/realsense2_camera_msgs/msg/detail/metadata__struct.h
[0.873s] -- Up-to-date symlink: /home/rosdev/ros2_ws/install/realsense2_camera_msgs/include/realsense2_camera_msgs/realsense2_camera_msgs/msg/detail/metadata__type_support.h
[0.874s] -- Up-to-date symlink: /home/rosdev/ros2_ws/install/realsense2_camera_msgs/include/realsense2_camera_msgs/realsense2_camera_msgs/msg/extrinsics.h
[0.874s] -- Up-to-date symlink: /home/rosdev/ros2_ws/install/realsense2_camera_msgs/include/realsense2_camera_msgs/realsense2_camera_msgs/msg/imu_info.h
[0.874s] -- Up-to-date symlink: /home/rosdev/ros2_ws/install/realsense2_camera_msgs/include/realsense2_camera_msgs/realsense2_camera_msgs/msg/metadata.h
[0.874s] -- Up-to-date symlink: /home/rosdev/ros2_ws/install/realsense2_camera_msgs/include/realsense2_camera_msgs/realsense2_camera_msgs/msg/rosidl_generator_c__visibility_control.h
[0.874s] -- Up-to-date symlink: /home/rosdev/ros2_ws/install/realsense2_camera_msgs/include/realsense2_camera_msgs/realsense2_camera_msgs/srv/detail/device_info__functions.h
[0.875s] -- Up-to-date symlink: /home/rosdev/ros2_ws/install/realsense2_camera_msgs/include/realsense2_camera_msgs/realsense2_camera_msgs/srv/detail/device_info__struct.h
[0.875s] -- Up-to-date symlink: /home/rosdev/ros2_ws/install/realsense2_camera_msgs/include/realsense2_camera_msgs/realsense2_camera_msgs/srv/detail/device_info__type_support.h
[0.876s] -- Up-to-date symlink: /home/rosdev/ros2_ws/install/realsense2_camera_msgs/include/realsense2_camera_msgs/realsense2_camera_msgs/srv/device_info.h
[0.876s] -- Up-to-date symlink: /home/rosdev/ros2_ws/install/realsense2_camera_msgs/share/realsense2_camera_msgs/environment/library_path.sh
[0.878s] -- Up-to-date symlink: /home/rosdev/ros2_ws/install/realsense2_camera_msgs/share/realsense2_camera_msgs/environment/library_path.dsv
[0.880s] -- Up-to-date symlink: /home/rosdev/ros2_ws/install/realsense2_camera_msgs/include/realsense2_camera_msgs/realsense2_camera_msgs/msg/detail/extrinsics__rosidl_typesupport_fastrtps_c.h
[0.880s] -- Up-to-date symlink: /home/rosdev/ros2_ws/install/realsense2_camera_msgs/include/realsense2_camera_msgs/realsense2_camera_msgs/msg/detail/imu_info__rosidl_typesupport_fastrtps_c.h
[0.880s] -- Up-to-date symlink: /home/rosdev/ros2_ws/install/realsense2_camera_msgs/include/realsense2_camera_msgs/realsense2_camera_msgs/msg/detail/metadata__rosidl_typesupport_fastrtps_c.h
[0.881s] -- Up-to-date symlink: /home/rosdev/ros2_ws/install/realsense2_camera_msgs/include/realsense2_camera_msgs/realsense2_camera_msgs/msg/rosidl_typesupport_fastrtps_c__visibility_control.h
[0.886s] -- Up-to-date symlink: /home/rosdev/ros2_ws/install/realsense2_camera_msgs/include/realsense2_camera_msgs/realsense2_camera_msgs/srv/detail/device_info__rosidl_typesupport_fastrtps_c.h
[0.891s] -- Up-to-date symlink: /home/rosdev/ros2_ws/install/realsense2_camera_msgs/include/realsense2_camera_msgs/realsense2_camera_msgs/msg/detail/extrinsics__rosidl_typesupport_introspection_c.h
[0.892s] -- Up-to-date symlink: /home/rosdev/ros2_ws/install/realsense2_camera_msgs/include/realsense2_camera_msgs/realsense2_camera_msgs/msg/detail/imu_info__rosidl_typesupport_introspection_c.h
[0.892s] -- Up-to-date symlink: /home/rosdev/ros2_ws/install/realsense2_camera_msgs/include/realsense2_camera_msgs/realsense2_camera_msgs/msg/detail/metadata__rosidl_typesupport_introspection_c.h
[0.893s] -- Up-to-date symlink: /home/rosdev/ros2_ws/install/realsense2_camera_msgs/include/realsense2_camera_msgs/realsense2_camera_msgs/msg/rosidl_typesupport_introspection_c__visibility_control.h
[0.895s] -- Up-to-date symlink: /home/rosdev/ros2_ws/install/realsense2_camera_msgs/include/realsense2_camera_msgs/realsense2_camera_msgs/srv/detail/device_info__rosidl_typesupport_introspection_c.h
[0.898s] -- Up-to-date symlink: /home/rosdev/ros2_ws/install/realsense2_camera_msgs/include/realsense2_camera_msgs/realsense2_camera_msgs/msg/detail/extrinsics__builder.hpp
[0.899s] -- Up-to-date symlink: /home/rosdev/ros2_ws/install/realsense2_camera_msgs/include/realsense2_camera_msgs/realsense2_camera_msgs/msg/detail/extrinsics__struct.hpp
[0.901s] -- Up-to-date symlink: /home/rosdev/ros2_ws/install/realsense2_camera_msgs/include/realsense2_camera_msgs/realsense2_camera_msgs/msg/detail/extrinsics__traits.hpp
[0.903s] -- Up-to-date symlink: /home/rosdev/ros2_ws/install/realsense2_camera_msgs/include/realsense2_camera_msgs/realsense2_camera_msgs/msg/detail/extrinsics__type_support.hpp
[0.903s] -- Up-to-date symlink: /home/rosdev/ros2_ws/install/realsense2_camera_msgs/include/realsense2_camera_msgs/realsense2_camera_msgs/msg/detail/imu_info__builder.hpp
[0.906s] -- Up-to-date symlink: /home/rosdev/ros2_ws/install/realsense2_camera_msgs/include/realsense2_camera_msgs/realsense2_camera_msgs/msg/detail/imu_info__struct.hpp
[0.906s] -- Up-to-date symlink: /home/rosdev/ros2_ws/install/realsense2_camera_msgs/include/realsense2_camera_msgs/realsense2_camera_msgs/msg/detail/imu_info__traits.hpp
[0.906s] -- Up-to-date symlink: /home/rosdev/ros2_ws/install/realsense2_camera_msgs/include/realsense2_camera_msgs/realsense2_camera_msgs/msg/detail/imu_info__type_support.hpp
[0.906s] -- Up-to-date symlink: /home/rosdev/ros2_ws/install/realsense2_camera_msgs/include/realsense2_camera_msgs/realsense2_camera_msgs/msg/detail/metadata__builder.hpp
[0.907s] -- Up-to-date symlink: /home/rosdev/ros2_ws/install/realsense2_camera_msgs/include/realsense2_camera_msgs/realsense2_camera_msgs/msg/detail/metadata__struct.hpp
[0.908s] -- Up-to-date symlink: /home/rosdev/ros2_ws/install/realsense2_camera_msgs/include/realsense2_camera_msgs/realsense2_camera_msgs/msg/detail/metadata__traits.hpp
[0.908s] -- Up-to-date symlink: /home/rosdev/ros2_ws/install/realsense2_camera_msgs/include/realsense2_camera_msgs/realsense2_camera_msgs/msg/detail/metadata__type_support.hpp
[0.909s] -- Up-to-date symlink: /home/rosdev/ros2_ws/install/realsense2_camera_msgs/include/realsense2_camera_msgs/realsense2_camera_msgs/msg/extrinsics.hpp
[0.917s] -- Up-to-date symlink: /home/rosdev/ros2_ws/install/realsense2_camera_msgs/include/realsense2_camera_msgs/realsense2_camera_msgs/msg/imu_info.hpp
[0.918s] -- Up-to-date symlink: /home/rosdev/ros2_ws/install/realsense2_camera_msgs/include/realsense2_camera_msgs/realsense2_camera_msgs/msg/metadata.hpp
[0.918s] -- Up-to-date symlink: /home/rosdev/ros2_ws/install/realsense2_camera_msgs/include/realsense2_camera_msgs/realsense2_camera_msgs/msg/rosidl_generator_cpp__visibility_control.hpp
[0.918s] -- Up-to-date symlink: /home/rosdev/ros2_ws/install/realsense2_camera_msgs/include/realsense2_camera_msgs/realsense2_camera_msgs/srv/detail/device_info__builder.hpp
[0.918s] -- Up-to-date symlink: /home/rosdev/ros2_ws/install/realsense2_camera_msgs/include/realsense2_camera_msgs/realsense2_camera_msgs/srv/detail/device_info__struct.hpp
[0.918s] -- Up-to-date symlink: /home/rosdev/ros2_ws/install/realsense2_camera_msgs/include/realsense2_camera_msgs/realsense2_camera_msgs/srv/detail/device_info__traits.hpp
[0.918s] -- Up-to-date symlink: /home/rosdev/ros2_ws/install/realsense2_camera_msgs/include/realsense2_camera_msgs/realsense2_camera_msgs/srv/detail/device_info__type_support.hpp
[0.922s] -- Up-to-date symlink: /home/rosdev/ros2_ws/install/realsense2_camera_msgs/include/realsense2_camera_msgs/realsense2_camera_msgs/srv/device_info.hpp
[0.923s] -- Up-to-date symlink: /home/rosdev/ros2_ws/install/realsense2_camera_msgs/include/realsense2_camera_msgs/realsense2_camera_msgs/msg/detail/extrinsics__rosidl_typesupport_fastrtps_cpp.hpp
[0.925s] -- Up-to-date symlink: /home/rosdev/ros2_ws/install/realsense2_camera_msgs/include/realsense2_camera_msgs/realsense2_camera_msgs/msg/detail/imu_info__rosidl_typesupport_fastrtps_cpp.hpp
[0.925s] -- Up-to-date symlink: /home/rosdev/ros2_ws/install/realsense2_camera_msgs/include/realsense2_camera_msgs/realsense2_camera_msgs/msg/detail/metadata__rosidl_typesupport_fastrtps_cpp.hpp
[0.925s] -- Up-to-date symlink: /home/rosdev/ros2_ws/install/realsense2_camera_msgs/include/realsense2_camera_msgs/realsense2_camera_msgs/msg/rosidl_typesupport_fastrtps_cpp__visibility_control.h
[0.925s] -- Up-to-date symlink: /home/rosdev/ros2_ws/install/realsense2_camera_msgs/include/realsense2_camera_msgs/realsense2_camera_msgs/srv/detail/device_info__rosidl_typesupport_fastrtps_cpp.hpp
[0.944s] -- Up-to-date symlink: /home/rosdev/ros2_ws/install/realsense2_camera_msgs/include/realsense2_camera_msgs/realsense2_camera_msgs/msg/detail/extrinsics__rosidl_typesupport_introspection_cpp.hpp
[0.944s] -- Up-to-date symlink: /home/rosdev/ros2_ws/install/realsense2_camera_msgs/include/realsense2_camera_msgs/realsense2_camera_msgs/msg/detail/imu_info__rosidl_typesupport_introspection_cpp.hpp
[0.944s] -- Up-to-date symlink: /home/rosdev/ros2_ws/install/realsense2_camera_msgs/include/realsense2_camera_msgs/realsense2_camera_msgs/msg/detail/metadata__rosidl_typesupport_introspection_cpp.hpp
[0.944s] -- Up-to-date symlink: /home/rosdev/ros2_ws/install/realsense2_camera_msgs/include/realsense2_camera_msgs/realsense2_camera_msgs/srv/detail/device_info__rosidl_typesupport_introspection_cpp.hpp
[0.944s] -- Up-to-date symlink: /home/rosdev/ros2_ws/install/realsense2_camera_msgs/share/realsense2_camera_msgs/environment/pythonpath.sh
[0.944s] -- Up-to-date symlink: /home/rosdev/ros2_ws/install/realsense2_camera_msgs/share/realsense2_camera_msgs/environment/pythonpath.dsv
[0.945s] -- Up-to-date symlink: /home/rosdev/ros2_ws/install/realsense2_camera_msgs/local/lib/python3.10/dist-packages/realsense2_camera_msgs-4.54.1-py3.10.egg-info/PKG-INFO
[0.945s] -- Up-to-date symlink: /home/rosdev/ros2_ws/install/realsense2_camera_msgs/local/lib/python3.10/dist-packages/realsense2_camera_msgs-4.54.1-py3.10.egg-info/SOURCES.txt
[0.945s] -- Up-to-date symlink: /home/rosdev/ros2_ws/install/realsense2_camera_msgs/local/lib/python3.10/dist-packages/realsense2_camera_msgs-4.54.1-py3.10.egg-info/dependency_links.txt
[0.945s] -- Up-to-date symlink: /home/rosdev/ros2_ws/install/realsense2_camera_msgs/local/lib/python3.10/dist-packages/realsense2_camera_msgs-4.54.1-py3.10.egg-info/top_level.txt
[0.947s] -- Up-to-date symlink: /home/rosdev/ros2_ws/install/realsense2_camera_msgs/local/lib/python3.10/dist-packages/realsense2_camera_msgs/__init__.py
[0.947s] -- Up-to-date symlink: /home/rosdev/ros2_ws/install/realsense2_camera_msgs/local/lib/python3.10/dist-packages/realsense2_camera_msgs/_realsense2_camera_msgs_s.ep.rosidl_typesupport_c.c
[0.948s] -- Up-to-date symlink: /home/rosdev/ros2_ws/install/realsense2_camera_msgs/local/lib/python3.10/dist-packages/realsense2_camera_msgs/_realsense2_camera_msgs_s.ep.rosidl_typesupport_fastrtps_c.c
[0.949s] -- Up-to-date symlink: /home/rosdev/ros2_ws/install/realsense2_camera_msgs/local/lib/python3.10/dist-packages/realsense2_camera_msgs/_realsense2_camera_msgs_s.ep.rosidl_typesupport_introspection_c.c
[0.949s] -- Up-to-date symlink: /home/rosdev/ros2_ws/install/realsense2_camera_msgs/local/lib/python3.10/dist-packages/realsense2_camera_msgs/librealsense2_camera_msgs__rosidl_generator_py.so
[0.950s] -- Up-to-date symlink: /home/rosdev/ros2_ws/install/realsense2_camera_msgs/local/lib/python3.10/dist-packages/realsense2_camera_msgs/msg/__init__.py
[0.950s] -- Up-to-date symlink: /home/rosdev/ros2_ws/install/realsense2_camera_msgs/local/lib/python3.10/dist-packages/realsense2_camera_msgs/msg/_extrinsics.py
[0.950s] -- Up-to-date symlink: /home/rosdev/ros2_ws/install/realsense2_camera_msgs/local/lib/python3.10/dist-packages/realsense2_camera_msgs/msg/_extrinsics_s.c
[0.951s] -- Up-to-date symlink: /home/rosdev/ros2_ws/install/realsense2_camera_msgs/local/lib/python3.10/dist-packages/realsense2_camera_msgs/msg/_imu_info.py
[0.951s] -- Up-to-date symlink: /home/rosdev/ros2_ws/install/realsense2_camera_msgs/local/lib/python3.10/dist-packages/realsense2_camera_msgs/msg/_imu_info_s.c
[0.951s] -- Up-to-date symlink: /home/rosdev/ros2_ws/install/realsense2_camera_msgs/local/lib/python3.10/dist-packages/realsense2_camera_msgs/msg/_metadata.py
[0.953s] -- Up-to-date symlink: /home/rosdev/ros2_ws/install/realsense2_camera_msgs/local/lib/python3.10/dist-packages/realsense2_camera_msgs/msg/_metadata_s.c
[0.954s] -- Up-to-date symlink: /home/rosdev/ros2_ws/install/realsense2_camera_msgs/local/lib/python3.10/dist-packages/realsense2_camera_msgs/realsense2_camera_msgs_s__rosidl_typesupport_c.cpython-310-aarch64-linux-gnu.so
[0.955s] -- Up-to-date symlink: /home/rosdev/ros2_ws/install/realsense2_camera_msgs/local/lib/python3.10/dist-packages/realsense2_camera_msgs/realsense2_camera_msgs_s__rosidl_typesupport_fastrtps_c.cpython-310-aarch64-linux-gnu.so
[0.955s] -- Up-to-date symlink: /home/rosdev/ros2_ws/install/realsense2_camera_msgs/local/lib/python3.10/dist-packages/realsense2_camera_msgs/realsense2_camera_msgs_s__rosidl_typesupport_introspection_c.cpython-310-aarch64-linux-gnu.so
[0.955s] -- Up-to-date symlink: /home/rosdev/ros2_ws/install/realsense2_camera_msgs/local/lib/python3.10/dist-packages/realsense2_camera_msgs/srv/__init__.py
[0.958s] -- Up-to-date symlink: /home/rosdev/ros2_ws/install/realsense2_camera_msgs/local/lib/python3.10/dist-packages/realsense2_camera_msgs/srv/_device_info.py
[0.958s] -- Up-to-date symlink: /home/rosdev/ros2_ws/install/realsense2_camera_msgs/local/lib/python3.10/dist-packages/realsense2_camera_msgs/srv/_device_info_s.c
[0.959s] -- Up-to-date symlink: /home/rosdev/ros2_ws/install/realsense2_camera_msgs/local/lib/python3.10/dist-packages/realsense2_camera_msgs/realsense2_camera_msgs_s__rosidl_typesupport_fastrtps_c.cpython-310-aarch64-linux-gnu.so
[0.959s] -- Up-to-date symlink: /home/rosdev/ros2_ws/install/realsense2_camera_msgs/local/lib/python3.10/dist-packages/realsense2_camera_msgs/realsense2_camera_msgs_s__rosidl_typesupport_introspection_c.cpython-310-aarch64-linux-gnu.so
[0.960s] -- Up-to-date symlink: /home/rosdev/ros2_ws/install/realsense2_camera_msgs/local/lib/python3.10/dist-packages/realsense2_camera_msgs/realsense2_camera_msgs_s__rosidl_typesupport_c.cpython-310-aarch64-linux-gnu.so
[0.960s] -- Up-to-date symlink: /home/rosdev/ros2_ws/install/realsense2_camera_msgs/share/realsense2_camera_msgs/msg/IMUInfo.idl
[0.961s] -- Up-to-date symlink: /home/rosdev/ros2_ws/install/realsense2_camera_msgs/share/realsense2_camera_msgs/msg/Extrinsics.idl
[0.961s] -- Up-to-date symlink: /home/rosdev/ros2_ws/install/realsense2_camera_msgs/share/realsense2_camera_msgs/msg/Metadata.idl
[0.961s] -- Up-to-date symlink: /home/rosdev/ros2_ws/install/realsense2_camera_msgs/share/realsense2_camera_msgs/srv/DeviceInfo.idl
[0.961s] -- Up-to-date symlink: /home/rosdev/ros2_ws/install/realsense2_camera_msgs/share/realsense2_camera_msgs/msg/IMUInfo.msg
[0.961s] -- Up-to-date symlink: /home/rosdev/ros2_ws/install/realsense2_camera_msgs/share/realsense2_camera_msgs/msg/Extrinsics.msg
[0.961s] -- Up-to-date symlink: /home/rosdev/ros2_ws/install/realsense2_camera_msgs/share/realsense2_camera_msgs/msg/Metadata.msg
[0.962s] -- Up-to-date symlink: /home/rosdev/ros2_ws/install/realsense2_camera_msgs/share/realsense2_camera_msgs/srv/DeviceInfo.srv
[0.964s] -- Up-to-date symlink: /home/rosdev/ros2_ws/install/realsense2_camera_msgs/share/realsense2_camera_msgs/srv/DeviceInfo_Request.msg
[0.964s] -- Up-to-date symlink: /home/rosdev/ros2_ws/install/realsense2_camera_msgs/share/realsense2_camera_msgs/srv/DeviceInfo_Response.msg
[0.965s] -- Up-to-date symlink: /home/rosdev/ros2_ws/install/realsense2_camera_msgs/share/ament_index/resource_index/package_run_dependencies/realsense2_camera_msgs
[0.965s] -- Up-to-date symlink: /home/rosdev/ros2_ws/install/realsense2_camera_msgs/share/ament_index/resource_index/parent_prefix_path/realsense2_camera_msgs
[0.967s] -- Up-to-date symlink: /home/rosdev/ros2_ws/install/realsense2_camera_msgs/share/realsense2_camera_msgs/environment/ament_prefix_path.sh
[0.968s] -- Up-to-date symlink: /home/rosdev/ros2_ws/install/realsense2_camera_msgs/share/realsense2_camera_msgs/environment/ament_prefix_path.dsv
[0.969s] -- Up-to-date symlink: /home/rosdev/ros2_ws/install/realsense2_camera_msgs/share/realsense2_camera_msgs/environment/path.sh
[0.969s] -- Up-to-date symlink: /home/rosdev/ros2_ws/install/realsense2_camera_msgs/share/realsense2_camera_msgs/environment/path.dsv
[0.969s] -- Up-to-date symlink: /home/rosdev/ros2_ws/install/realsense2_camera_msgs/share/realsense2_camera_msgs/local_setup.bash
[0.970s] -- Up-to-date symlink: /home/rosdev/ros2_ws/install/realsense2_camera_msgs/share/realsense2_camera_msgs/local_setup.sh
[0.971s] -- Up-to-date symlink: /home/rosdev/ros2_ws/install/realsense2_camera_msgs/share/realsense2_camera_msgs/local_setup.zsh
[0.971s] -- Up-to-date symlink: /home/rosdev/ros2_ws/install/realsense2_camera_msgs/share/realsense2_camera_msgs/local_setup.dsv
[0.971s] -- Symlinking: /home/rosdev/ros2_ws/install/realsense2_camera_msgs/share/realsense2_camera_msgs/package.dsv
[0.996s] -- Up-to-date symlink: /home/rosdev/ros2_ws/install/realsense2_camera_msgs/share/ament_index/resource_index/packages/realsense2_camera_msgs
[0.996s] -- Up-to-date symlink: /home/rosdev/ros2_ws/install/realsense2_camera_msgs/share/realsense2_camera_msgs/cmake/rosidl_cmake-extras.cmake
[0.996s] -- Up-to-date symlink: /home/rosdev/ros2_ws/install/realsense2_camera_msgs/share/realsense2_camera_msgs/cmake/ament_cmake_export_dependencies-extras.cmake
[0.996s] -- Up-to-date symlink: /home/rosdev/ros2_ws/install/realsense2_camera_msgs/share/realsense2_camera_msgs/cmake/ament_cmake_export_include_directories-extras.cmake
[0.996s] -- Up-to-date symlink: /home/rosdev/ros2_ws/install/realsense2_camera_msgs/share/realsense2_camera_msgs/cmake/ament_cmake_export_libraries-extras.cmake
[0.996s] -- Up-to-date symlink: /home/rosdev/ros2_ws/install/realsense2_camera_msgs/share/realsense2_camera_msgs/cmake/ament_cmake_export_targets-extras.cmake
[0.996s] -- Up-to-date symlink: /home/rosdev/ros2_ws/install/realsense2_camera_msgs/share/realsense2_camera_msgs/cmake/rosidl_cmake_export_typesupport_targets-extras.cmake
[0.997s] -- Up-to-date symlink: /home/rosdev/ros2_ws/install/realsense2_camera_msgs/share/realsense2_camera_msgs/cmake/rosidl_cmake_export_typesupport_libraries-extras.cmake
[0.997s] -- Up-to-date symlink: /home/rosdev/ros2_ws/install/realsense2_camera_msgs/share/realsense2_camera_msgs/cmake/realsense2_camera_msgsConfig.cmake
[0.997s] -- Up-to-date symlink: /home/rosdev/ros2_ws/install/realsense2_camera_msgs/share/realsense2_camera_msgs/cmake/realsense2_camera_msgsConfig-version.cmake
[0.997s] -- Up-to-date symlink: /home/rosdev/ros2_ws/install/realsense2_camera_msgs/share/realsense2_camera_msgs/package.xml
[1.008s] -- Up-to-date: /home/rosdev/ros2_ws/install/realsense2_camera_msgs/lib/librealsense2_camera_msgs__rosidl_generator_c.so
[1.008s] -- Up-to-date: /home/rosdev/ros2_ws/install/realsense2_camera_msgs/lib/librealsense2_camera_msgs__rosidl_typesupport_fastrtps_c.so
[1.008s] -- Up-to-date: /home/rosdev/ros2_ws/install/realsense2_camera_msgs/lib/librealsense2_camera_msgs__rosidl_typesupport_introspection_c.so
[1.008s] -- Up-to-date: /home/rosdev/ros2_ws/install/realsense2_camera_msgs/lib/librealsense2_camera_msgs__rosidl_typesupport_c.so
[1.008s] -- Up-to-date: /home/rosdev/ros2_ws/install/realsense2_camera_msgs/lib/librealsense2_camera_msgs__rosidl_typesupport_fastrtps_cpp.so
[1.008s] -- Up-to-date: /home/rosdev/ros2_ws/install/realsense2_camera_msgs/lib/librealsense2_camera_msgs__rosidl_typesupport_introspection_cpp.so
[1.008s] -- Up-to-date: /home/rosdev/ros2_ws/install/realsense2_camera_msgs/lib/librealsense2_camera_msgs__rosidl_typesupport_cpp.so
[1.022s] Listing '/home/rosdev/ros2_ws/install/realsense2_camera_msgs/local/lib/python3.10/dist-packages/realsense2_camera_msgs'...
[1.023s] Listing '/home/rosdev/ros2_ws/install/realsense2_camera_msgs/local/lib/python3.10/dist-packages/realsense2_camera_msgs/msg'...
[1.024s] Listing '/home/rosdev/ros2_ws/install/realsense2_camera_msgs/local/lib/python3.10/dist-packages/realsense2_camera_msgs/srv'...
[1.024s] -- Up-to-date: /home/rosdev/ros2_ws/install/realsense2_camera_msgs/lib/librealsense2_camera_msgs__rosidl_generator_py.so
[1.024s] -- Up-to-date: /home/rosdev/ros2_ws/install/realsense2_camera_msgs/share/realsense2_camera_msgs/cmake/export_realsense2_camera_msgs__rosidl_generator_cExport.cmake
[1.024s] -- Up-to-date: /home/rosdev/ros2_ws/install/realsense2_camera_msgs/share/realsense2_camera_msgs/cmake/export_realsense2_camera_msgs__rosidl_generator_cExport-noconfig.cmake
[1.024s] -- Up-to-date: /home/rosdev/ros2_ws/install/realsense2_camera_msgs/share/realsense2_camera_msgs/cmake/export_realsense2_camera_msgs__rosidl_typesupport_fastrtps_cExport.cmake
[1.024s] -- Up-to-date: /home/rosdev/ros2_ws/install/realsense2_camera_msgs/share/realsense2_camera_msgs/cmake/export_realsense2_camera_msgs__rosidl_typesupport_fastrtps_cExport-noconfig.cmake
[1.024s] -- Up-to-date: /home/rosdev/ros2_ws/install/realsense2_camera_msgs/share/realsense2_camera_msgs/cmake/realsense2_camera_msgs__rosidl_typesupport_introspection_cExport.cmake
[1.024s] -- Up-to-date: /home/rosdev/ros2_ws/install/realsense2_camera_msgs/share/realsense2_camera_msgs/cmake/realsense2_camera_msgs__rosidl_typesupport_introspection_cExport-noconfig.cmake
[1.025s] -- Up-to-date: /home/rosdev/ros2_ws/install/realsense2_camera_msgs/share/realsense2_camera_msgs/cmake/realsense2_camera_msgs__rosidl_typesupport_cExport.cmake
[1.025s] -- Up-to-date: /home/rosdev/ros2_ws/install/realsense2_camera_msgs/share/realsense2_camera_msgs/cmake/realsense2_camera_msgs__rosidl_typesupport_cExport-noconfig.cmake
[1.026s] -- Up-to-date: /home/rosdev/ros2_ws/install/realsense2_camera_msgs/share/realsense2_camera_msgs/cmake/export_realsense2_camera_msgs__rosidl_generator_cppExport.cmake
[1.027s] -- Up-to-date: /home/rosdev/ros2_ws/install/realsense2_camera_msgs/share/realsense2_camera_msgs/cmake/export_realsense2_camera_msgs__rosidl_typesupport_fastrtps_cppExport.cmake
[1.027s] -- Up-to-date: /home/rosdev/ros2_ws/install/realsense2_camera_msgs/share/realsense2_camera_msgs/cmake/export_realsense2_camera_msgs__rosidl_typesupport_fastrtps_cppExport-noconfig.cmake
[1.027s] -- Up-to-date: /home/rosdev/ros2_ws/install/realsense2_camera_msgs/share/realsense2_camera_msgs/cmake/realsense2_camera_msgs__rosidl_typesupport_introspection_cppExport.cmake
[1.027s] -- Up-to-date: /home/rosdev/ros2_ws/install/realsense2_camera_msgs/share/realsense2_camera_msgs/cmake/realsense2_camera_msgs__rosidl_typesupport_introspection_cppExport-noconfig.cmake
[1.028s] -- Up-to-date: /home/rosdev/ros2_ws/install/realsense2_camera_msgs/share/realsense2_camera_msgs/cmake/realsense2_camera_msgs__rosidl_typesupport_cppExport.cmake
[1.029s] -- Up-to-date: /home/rosdev/ros2_ws/install/realsense2_camera_msgs/share/realsense2_camera_msgs/cmake/realsense2_camera_msgs__rosidl_typesupport_cppExport-noconfig.cmake
[1.029s] -- Up-to-date: /home/rosdev/ros2_ws/install/realsense2_camera_msgs/share/realsense2_camera_msgs/cmake/export_realsense2_camera_msgs__rosidl_generator_pyExport.cmake
[1.029s] -- Up-to-date: /home/rosdev/ros2_ws/install/realsense2_camera_msgs/share/realsense2_camera_msgs/cmake/export_realsense2_camera_msgs__rosidl_generator_pyExport-noconfig.cmake
[1.132s] Invoked command in '/home/rosdev/ros2_ws/build/realsense2_camera_msgs' returned '0': CMAKE_PREFIX_PATH=/opt/ros/humble /usr/bin/cmake --install /home/rosdev/ros2_ws/build/realsense2_camera_msgs
