[0.439s] Invoking command in '/home/rosdev/ros2_ws/build/tf2_ros': AMENT_PREFIX_PATH=/home/rosdev/ros2_ws/install/tf2_msgs:/home/rosdev/ros2_ws/install/tf2:${AMENT_PREFIX_PATH} CMAKE_PREFIX_PATH=/home/rosdev/ros2_ws/install/tf2_msgs:/home/rosdev/ros2_ws/install/tf2:/opt/ros/humble LD_LIBRARY_PATH=/home/rosdev/ros2_ws/install/tf2_msgs/lib:/home/rosdev/ros2_ws/install/tf2/lib:${LD_LIBRARY_PATH} PYTHONPATH=/home/rosdev/ros2_ws/install/tf2_msgs/local/lib/python3.10/dist-packages:${PYTHONPATH} /usr/bin/cmake --build /home/rosdev/ros2_ws/build/tf2_ros -- -j12 -l12
[0.855s] [35m[1mConsolidate compiler generated dependencies of target gtest[0m
[0.855s] [35m[1mConsolidate compiler generated dependencies of target gtest_main[0m
[0.855s] [35m[1mConsolidate compiler generated dependencies of target tf2_ros[0m
[0.855s] [  5%] Built target gtest
[0.855s] [ 10%] Built target gtest_main
[0.855s] [ 30%] Built target tf2_ros
[0.855s] [35m[1mConsolidate compiler generated dependencies of target static_transform_broadcaster_node[0m
[0.856s] [35m[1mConsolidate compiler generated dependencies of target tf2_echo[0m
[0.856s] [35m[1mConsolidate compiler generated dependencies of target buffer_server[0m
[0.856s] [35m[1mConsolidate compiler generated dependencies of target test_buffer_client[0m
[0.856s] [35m[1mConsolidate compiler generated dependencies of target test_buffer_server[0m
[0.856s] [35m[1mConsolidate compiler generated dependencies of target tf2_monitor[0m
[0.856s] [35m[1mConsolidate compiler generated dependencies of target tf2_ros_test_transform_listener[0m
[0.856s] [35m[1mConsolidate compiler generated dependencies of target tf2_ros_test_message_filter[0m
[0.856s] [35m[1mConsolidate compiler generated dependencies of target tf2_ros_test_time_reset[0m
[0.856s] [35m[1mConsolidate compiler generated dependencies of target tf2_ros_test_static_transform_broadcaster[0m
[0.856s] [35m[1mConsolidate compiler generated dependencies of target test_buffer[0m
[0.856s] [ 35%] Built target buffer_server
[0.856s] [35m[1mConsolidate compiler generated dependencies of target tf2_ros_test_transform_broadcaster[0m
[0.857s] [ 45%] Built target static_transform_broadcaster_node
[0.857s] [ 45%] Built target tf2_echo
[0.857s] [ 50%] Built target test_buffer_client
[0.857s] [ 55%] Built target test_buffer_server
[0.857s] [ 60%] Built target tf2_ros_test_transform_listener
[0.857s] [ 65%] Built target tf2_monitor
[0.857s] [ 70%] Built target tf2_ros_test_static_transform_broadcaster
[0.857s] [ 75%] Built target tf2_ros_test_time_reset
[0.857s] [ 80%] Built target tf2_ros_test_message_filter
[0.857s] [ 85%] Built target tf2_ros_test_transform_broadcaster
[0.857s] [ 90%] Built target test_buffer
[0.858s] [35m[1mConsolidate compiler generated dependencies of target tf2_ros_test_listener[0m
[0.858s] [35m[1mConsolidate compiler generated dependencies of target static_transform_publisher[0m
[0.858s] [ 95%] Built target tf2_ros_test_listener
[0.858s] [100%] Built target static_transform_publisher
[0.931s] Invoked command in '/home/rosdev/ros2_ws/build/tf2_ros' returned '0': AMENT_PREFIX_PATH=/home/rosdev/ros2_ws/install/tf2_msgs:/home/rosdev/ros2_ws/install/tf2:${AMENT_PREFIX_PATH} CMAKE_PREFIX_PATH=/home/rosdev/ros2_ws/install/tf2_msgs:/home/rosdev/ros2_ws/install/tf2:/opt/ros/humble LD_LIBRARY_PATH=/home/rosdev/ros2_ws/install/tf2_msgs/lib:/home/rosdev/ros2_ws/install/tf2/lib:${LD_LIBRARY_PATH} PYTHONPATH=/home/rosdev/ros2_ws/install/tf2_msgs/local/lib/python3.10/dist-packages:${PYTHONPATH} /usr/bin/cmake --build /home/rosdev/ros2_ws/build/tf2_ros -- -j12 -l12
[0.938s] Invoking command in '/home/rosdev/ros2_ws/build/tf2_ros': AMENT_PREFIX_PATH=/home/rosdev/ros2_ws/install/tf2_msgs:/home/rosdev/ros2_ws/install/tf2:${AMENT_PREFIX_PATH} CMAKE_PREFIX_PATH=/home/rosdev/ros2_ws/install/tf2_msgs:/home/rosdev/ros2_ws/install/tf2:/opt/ros/humble LD_LIBRARY_PATH=/home/rosdev/ros2_ws/install/tf2_msgs/lib:/home/rosdev/ros2_ws/install/tf2/lib:${LD_LIBRARY_PATH} PYTHONPATH=/home/rosdev/ros2_ws/install/tf2_msgs/local/lib/python3.10/dist-packages:${PYTHONPATH} /usr/bin/cmake --install /home/rosdev/ros2_ws/build/tf2_ros
[0.962s] -- Install configuration: ""
[0.963s] -- Execute custom install script
[0.965s] -- Up-to-date symlink: /home/rosdev/ros2_ws/install/tf2_ros/lib/tf2_ros/buffer_server
[0.965s] -- Up-to-date symlink: /home/rosdev/ros2_ws/install/tf2_ros/lib/tf2_ros/static_transform_publisher
[0.966s] -- Up-to-date symlink: /home/rosdev/ros2_ws/install/tf2_ros/lib/tf2_ros/tf2_echo
[0.966s] -- Up-to-date symlink: /home/rosdev/ros2_ws/install/tf2_ros/lib/tf2_ros/tf2_monitor
[0.966s] -- Up-to-date symlink: /home/rosdev/ros2_ws/install/tf2_ros/include/tf2_ros/tf2_ros/async_buffer_interface.h
[0.966s] -- Up-to-date symlink: /home/rosdev/ros2_ws/install/tf2_ros/include/tf2_ros/tf2_ros/buffer.h
[0.966s] -- Up-to-date symlink: /home/rosdev/ros2_ws/install/tf2_ros/include/tf2_ros/tf2_ros/buffer_client.h
[0.966s] -- Up-to-date symlink: /home/rosdev/ros2_ws/install/tf2_ros/include/tf2_ros/tf2_ros/buffer_interface.h
[0.966s] -- Up-to-date symlink: /home/rosdev/ros2_ws/install/tf2_ros/include/tf2_ros/tf2_ros/buffer_server.h
[0.966s] -- Up-to-date symlink: /home/rosdev/ros2_ws/install/tf2_ros/include/tf2_ros/tf2_ros/create_timer_interface.h
[0.966s] -- Up-to-date symlink: /home/rosdev/ros2_ws/install/tf2_ros/include/tf2_ros/tf2_ros/create_timer_ros.h
[0.967s] -- Up-to-date symlink: /home/rosdev/ros2_ws/install/tf2_ros/include/tf2_ros/tf2_ros/message_filter.h
[0.967s] -- Up-to-date symlink: /home/rosdev/ros2_ws/install/tf2_ros/include/tf2_ros/tf2_ros/qos.hpp
[0.967s] -- Up-to-date symlink: /home/rosdev/ros2_ws/install/tf2_ros/include/tf2_ros/tf2_ros/static_transform_broadcaster.h
[0.967s] -- Up-to-date symlink: /home/rosdev/ros2_ws/install/tf2_ros/include/tf2_ros/tf2_ros/static_transform_broadcaster_node.hpp
[0.967s] -- Up-to-date symlink: /home/rosdev/ros2_ws/install/tf2_ros/include/tf2_ros/tf2_ros/static_transform_broadcaster_visibility_control.h
[0.967s] -- Up-to-date symlink: /home/rosdev/ros2_ws/install/tf2_ros/include/tf2_ros/tf2_ros/transform_broadcaster.h
[0.967s] -- Up-to-date symlink: /home/rosdev/ros2_ws/install/tf2_ros/include/tf2_ros/tf2_ros/transform_listener.h
[0.968s] -- Up-to-date symlink: /home/rosdev/ros2_ws/install/tf2_ros/include/tf2_ros/tf2_ros/visibility_control.h
[0.968s] -- Up-to-date symlink: /home/rosdev/ros2_ws/install/tf2_ros/share/tf2_ros/environment/library_path.sh
[0.970s] -- Up-to-date symlink: /home/rosdev/ros2_ws/install/tf2_ros/share/tf2_ros/environment/library_path.dsv
[0.970s] -- Up-to-date symlink: /home/rosdev/ros2_ws/install/tf2_ros/share/ament_index/resource_index/package_run_dependencies/tf2_ros
[0.970s] -- Up-to-date symlink: /home/rosdev/ros2_ws/install/tf2_ros/share/ament_index/resource_index/parent_prefix_path/tf2_ros
[0.970s] -- Up-to-date symlink: /home/rosdev/ros2_ws/install/tf2_ros/share/tf2_ros/environment/ament_prefix_path.sh
[0.970s] -- Up-to-date symlink: /home/rosdev/ros2_ws/install/tf2_ros/share/tf2_ros/environment/ament_prefix_path.dsv
[0.970s] -- Up-to-date symlink: /home/rosdev/ros2_ws/install/tf2_ros/share/tf2_ros/environment/path.sh
[0.971s] -- Up-to-date symlink: /home/rosdev/ros2_ws/install/tf2_ros/share/tf2_ros/environment/path.dsv
[0.973s] -- Up-to-date symlink: /home/rosdev/ros2_ws/install/tf2_ros/share/tf2_ros/local_setup.bash
[0.973s] -- Up-to-date symlink: /home/rosdev/ros2_ws/install/tf2_ros/share/tf2_ros/local_setup.sh
[0.974s] -- Up-to-date symlink: /home/rosdev/ros2_ws/install/tf2_ros/share/tf2_ros/local_setup.zsh
[0.974s] -- Up-to-date symlink: /home/rosdev/ros2_ws/install/tf2_ros/share/tf2_ros/local_setup.dsv
[0.974s] -- Symlinking: /home/rosdev/ros2_ws/install/tf2_ros/share/tf2_ros/package.dsv
[0.986s] -- Up-to-date symlink: /home/rosdev/ros2_ws/install/tf2_ros/share/ament_index/resource_index/packages/tf2_ros
[0.995s] -- Up-to-date symlink: /home/rosdev/ros2_ws/install/tf2_ros/share/ament_index/resource_index/rclcpp_components/tf2_ros
[0.995s] -- Up-to-date symlink: /home/rosdev/ros2_ws/install/tf2_ros/share/tf2_ros/cmake/ament_cmake_export_include_directories-extras.cmake
[0.995s] -- Up-to-date symlink: /home/rosdev/ros2_ws/install/tf2_ros/share/tf2_ros/cmake/ament_cmake_export_libraries-extras.cmake
[0.995s] -- Up-to-date symlink: /home/rosdev/ros2_ws/install/tf2_ros/share/tf2_ros/cmake/ament_cmake_export_targets-extras.cmake
[0.995s] -- Up-to-date symlink: /home/rosdev/ros2_ws/install/tf2_ros/share/tf2_ros/cmake/ament_cmake_export_dependencies-extras.cmake
[0.996s] -- Up-to-date symlink: /home/rosdev/ros2_ws/install/tf2_ros/share/tf2_ros/cmake/tf2_rosConfig.cmake
[0.996s] -- Up-to-date symlink: /home/rosdev/ros2_ws/install/tf2_ros/share/tf2_ros/cmake/tf2_rosConfig-version.cmake
[0.996s] -- Up-to-date symlink: /home/rosdev/ros2_ws/install/tf2_ros/share/tf2_ros/package.xml
[0.996s] -- Up-to-date: /home/rosdev/ros2_ws/install/tf2_ros/lib/libtf2_ros.so
[0.996s] -- Up-to-date: /home/rosdev/ros2_ws/install/tf2_ros/lib/libstatic_transform_broadcaster_node.so
[0.996s] -- Up-to-date: /home/rosdev/ros2_ws/install/tf2_ros/share/tf2_ros/cmake/export_tf2_rosExport.cmake
[0.996s] -- Up-to-date: /home/rosdev/ros2_ws/install/tf2_ros/share/tf2_ros/cmake/export_tf2_rosExport-noconfig.cmake
[1.423s] Invoked command in '/home/rosdev/ros2_ws/build/tf2_ros' returned '0': AMENT_PREFIX_PATH=/home/rosdev/ros2_ws/install/tf2_msgs:/home/rosdev/ros2_ws/install/tf2:${AMENT_PREFIX_PATH} CMAKE_PREFIX_PATH=/home/rosdev/ros2_ws/install/tf2_msgs:/home/rosdev/ros2_ws/install/tf2:/opt/ros/humble LD_LIBRARY_PATH=/home/rosdev/ros2_ws/install/tf2_msgs/lib:/home/rosdev/ros2_ws/install/tf2/lib:${LD_LIBRARY_PATH} PYTHONPATH=/home/rosdev/ros2_ws/install/tf2_msgs/local/lib/python3.10/dist-packages:${PYTHONPATH} /usr/bin/cmake --install /home/rosdev/ros2_ws/build/tf2_ros
