-- Found ament_cmake_auto: 1.3.11 (/opt/ros/humble/share/ament_cmake_auto/cmake)
-- Override CMake install command with custom implementation using symlinks instead of copying resources
-- Found rosidl_generator_c: 3.1.6 (/opt/ros/humble/share/rosidl_generator_c/cmake)
-- Found rosidl_adapter: 3.1.6 (/opt/ros/humble/share/rosidl_adapter/cmake)
-- Found rosidl_generator_cpp: 3.1.6 (/opt/ros/humble/share/rosidl_generator_cpp/cmake)
-- Using all available rosidl_typesupport_c: rosidl_typesupport_fastrtps_c;rosidl_typesupport_introspection_c
-- Using all available rosidl_typesupport_cpp: rosidl_typesupport_fastrtps_cpp;rosidl_typesupport_introspection_cpp
-- Found rmw_implementation_cmake: 6.1.2 (/opt/ros/humble/share/rmw_implementation_cmake/cmake)
-- Found rmw_fastrtps_cpp: 6.2.7 (/opt/ros/humble/share/rmw_fastrtps_cpp/cmake)
-- Using RMW implementation 'rmw_fastrtps_cpp' as default
-- Found ament_cmake_gtest: 1.3.11 (/opt/ros/humble/share/ament_cmake_gtest/cmake)
-- Found ament_lint_auto: 0.12.12 (/opt/ros/humble/share/ament_lint_auto/cmake)
-- Found gtest sources under '/opt/ros/humble/src/gtest_vendor': C++ tests using 'Google Test' will be built
-- Added test 'copyright' to check source files copyright and LICENSE
-- Added test 'cppcheck' to perform static code analysis on C / C++ code
-- Configured cppcheck language: c++
-- Configured cppcheck include dirs: /home/rosdev/ros2_ws/src/geometry2/tf2_sensor_msgs/include
-- Configured cppcheck exclude dirs and/or files: 
-- Added test 'cpplint' to check C / C++ code against the Google style
-- Configured cpplint exclude dirs and/or files: 
-- Added test 'flake8' to check Python code syntax and style conventions
-- Added test 'lint_cmake' to check CMake code style
-- Added test 'pep257' to check Python code against some of the docstring style conventions in PEP 257
-- Added test 'uncrustify' to check C / C++ code style
-- Configured uncrustify additional arguments: --language;CPP
-- Added test 'xmllint' to check XML markup files
-- Configuring done
-- Generating done
-- Build files have been written to: /home/rosdev/ros2_ws/build/tf2_sensor_msgs
[35m[1mConsolidate compiler generated dependencies of target gtest[0m
[35m[1mConsolidate compiler generated dependencies of target gtest_main[0m
[ 33%] Built target gtest
[ 66%] Built target gtest_main
[35m[1mConsolidate compiler generated dependencies of target test_tf2_sensor_msgs_cpp[0m
[100%] Built target test_tf2_sensor_msgs_cpp
-- Install configuration: ""
-- Execute custom install script
-- Up-to-date symlink: /home/rosdev/ros2_ws/install/tf2_sensor_msgs/include/tf2_sensor_msgs/tf2_sensor_msgs.h
-- Up-to-date symlink: /home/rosdev/ros2_ws/install/tf2_sensor_msgs/include/tf2_sensor_msgs/tf2_sensor_msgs.hpp
-- Up-to-date symlink: /home/rosdev/ros2_ws/install/tf2_sensor_msgs/share/ament_index/resource_index/package_run_dependencies/tf2_sensor_msgs
-- Up-to-date symlink: /home/rosdev/ros2_ws/install/tf2_sensor_msgs/share/ament_index/resource_index/parent_prefix_path/tf2_sensor_msgs
-- Up-to-date symlink: /home/rosdev/ros2_ws/install/tf2_sensor_msgs/share/tf2_sensor_msgs/environment/ament_prefix_path.sh
-- Up-to-date symlink: /home/rosdev/ros2_ws/install/tf2_sensor_msgs/share/tf2_sensor_msgs/environment/ament_prefix_path.dsv
-- Up-to-date symlink: /home/rosdev/ros2_ws/install/tf2_sensor_msgs/share/tf2_sensor_msgs/environment/path.sh
-- Up-to-date symlink: /home/rosdev/ros2_ws/install/tf2_sensor_msgs/share/tf2_sensor_msgs/environment/path.dsv
-- Up-to-date symlink: /home/rosdev/ros2_ws/install/tf2_sensor_msgs/share/tf2_sensor_msgs/local_setup.bash
-- Up-to-date symlink: /home/rosdev/ros2_ws/install/tf2_sensor_msgs/share/tf2_sensor_msgs/local_setup.sh
-- Up-to-date symlink: /home/rosdev/ros2_ws/install/tf2_sensor_msgs/share/tf2_sensor_msgs/local_setup.zsh
-- Up-to-date symlink: /home/rosdev/ros2_ws/install/tf2_sensor_msgs/share/tf2_sensor_msgs/local_setup.dsv
-- Symlinking: /home/rosdev/ros2_ws/install/tf2_sensor_msgs/share/tf2_sensor_msgs/package.dsv
-- Up-to-date symlink: /home/rosdev/ros2_ws/install/tf2_sensor_msgs/share/ament_index/resource_index/packages/tf2_sensor_msgs
-- Up-to-date symlink: /home/rosdev/ros2_ws/install/tf2_sensor_msgs/share/tf2_sensor_msgs/cmake/ament_cmake_export_dependencies-extras.cmake
-- Up-to-date symlink: /home/rosdev/ros2_ws/install/tf2_sensor_msgs/share/tf2_sensor_msgs/cmake/ament_cmake_export_include_directories-extras.cmake
-- Up-to-date symlink: /home/rosdev/ros2_ws/install/tf2_sensor_msgs/share/tf2_sensor_msgs/cmake/tf2_sensor_msgsConfig.cmake
-- Up-to-date symlink: /home/rosdev/ros2_ws/install/tf2_sensor_msgs/share/tf2_sensor_msgs/cmake/tf2_sensor_msgsConfig-version.cmake
-- Up-to-date symlink: /home/rosdev/ros2_ws/install/tf2_sensor_msgs/share/tf2_sensor_msgs/package.xml
