[0.047s] Invoking command in '/home/rosdev/ros2_ws/build/realsense2_camera': AMENT_PREFIX_PATH=/home/rosdev/ros2_ws/install/tf2_ros:/home/rosdev/ros2_ws/install/tf2_msgs:/home/rosdev/ros2_ws/install/tf2:/home/rosdev/ros2_ws/install/realsense2_camera_msgs:/home/rosdev/ros2_ws/install/cv_bridge:${AMENT_PREFIX_PATH} CMAKE_PREFIX_PATH=/home/rosdev/ros2_ws/install/tf2_ros:/home/rosdev/ros2_ws/install/tf2_msgs:/home/rosdev/ros2_ws/install/tf2:/home/rosdev/ros2_ws/install/realsense2_camera_msgs:/home/rosdev/ros2_ws/install/cv_bridge:/opt/ros/humble LD_LIBRARY_PATH=/home/rosdev/ros2_ws/install/tf2_ros/lib:/home/rosdev/ros2_ws/install/tf2_msgs/lib:/home/rosdev/ros2_ws/install/tf2/lib:/home/rosdev/ros2_ws/install/realsense2_camera_msgs/lib:/home/rosdev/ros2_ws/install/cv_bridge/lib:${LD_LIBRARY_PATH} PYTHONPATH=/home/rosdev/ros2_ws/install/tf2_msgs/local/lib/python3.10/dist-packages:/home/rosdev/ros2_ws/install/realsense2_camera_msgs/local/lib/python3.10/dist-packages:/home/rosdev/ros2_ws/install/cv_bridge/local/lib/python3.10/dist-packages:${PYTHONPATH} /usr/bin/cmake /home/rosdev/ros2_ws/src/realsense-ros/realsense2_camera -DCMAKE_INSTALL_PREFIX=/home/rosdev/ros2_ws/install/realsense2_camera
[0.066s] -- Create Release Build.
[0.067s] -- Found ament_cmake: 1.3.11 (/opt/ros/humble/share/ament_cmake/cmake)
[0.302s] -- Override CMake install command with custom implementation using symlinks instead of copying resources
[0.310s] -- Found builtin_interfaces: 1.2.1 (/opt/ros/humble/share/builtin_interfaces/cmake)
[0.342s] -- Found rosidl_generator_c: 3.1.6 (/opt/ros/humble/share/rosidl_generator_c/cmake)
[0.348s] -- Found rosidl_adapter: 3.1.6 (/opt/ros/humble/share/rosidl_adapter/cmake)
[0.354s] -- Found rosidl_generator_cpp: 3.1.6 (/opt/ros/humble/share/rosidl_generator_cpp/cmake)
[0.371s] -- Using all available rosidl_typesupport_c: rosidl_typesupport_fastrtps_c;rosidl_typesupport_introspection_c
[0.391s] -- Using all available rosidl_typesupport_cpp: rosidl_typesupport_fastrtps_cpp;rosidl_typesupport_introspection_cpp
[0.405s] -- Found cv_bridge: 3.2.1 (/home/rosdev/ros2_ws/install/cv_bridge/share/cv_bridge/cmake)
[0.476s] -- Found image_transport: 3.1.11 (/opt/ros/humble/share/image_transport/cmake)
[0.517s] -- Found rmw_implementation_cmake: 6.1.2 (/opt/ros/humble/share/rmw_implementation_cmake/cmake)
[0.520s] -- Found rmw_fastrtps_cpp: 6.2.7 (/opt/ros/humble/share/rmw_fastrtps_cpp/cmake)
[0.702s] -- Using RMW implementation 'rmw_fastrtps_cpp' as default
[0.790s] -- Found rclcpp_components: 16.0.12 (/opt/ros/humble/share/rclcpp_components/cmake)
[0.818s] -- Found realsense2_camera_msgs: 4.54.1 (/home/rosdev/ros2_ws/install/realsense2_camera_msgs/share/realsense2_camera_msgs/cmake)
[0.841s] -- Found nav_msgs: 4.8.0 (/opt/ros/humble/share/nav_msgs/cmake)
[0.865s] -- Found tf2_ros: 0.25.7 (/home/rosdev/ros2_ws/install/tf2_ros/share/tf2_ros/cmake)
[0.953s] -- Found diagnostic_updater: 4.0.3 (/opt/ros/humble/share/diagnostic_updater/cmake)
[0.977s] -- Build for ROS2 Humble
[1.127s] -- Configuring done
[1.173s] -- Generating done
[1.190s] -- Build files have been written to: /home/rosdev/ros2_ws/build/realsense2_camera
[1.206s] Invoked command in '/home/rosdev/ros2_ws/build/realsense2_camera' returned '0': AMENT_PREFIX_PATH=/home/rosdev/ros2_ws/install/tf2_ros:/home/rosdev/ros2_ws/install/tf2_msgs:/home/rosdev/ros2_ws/install/tf2:/home/rosdev/ros2_ws/install/realsense2_camera_msgs:/home/rosdev/ros2_ws/install/cv_bridge:${AMENT_PREFIX_PATH} CMAKE_PREFIX_PATH=/home/rosdev/ros2_ws/install/tf2_ros:/home/rosdev/ros2_ws/install/tf2_msgs:/home/rosdev/ros2_ws/install/tf2:/home/rosdev/ros2_ws/install/realsense2_camera_msgs:/home/rosdev/ros2_ws/install/cv_bridge:/opt/ros/humble LD_LIBRARY_PATH=/home/rosdev/ros2_ws/install/tf2_ros/lib:/home/rosdev/ros2_ws/install/tf2_msgs/lib:/home/rosdev/ros2_ws/install/tf2/lib:/home/rosdev/ros2_ws/install/realsense2_camera_msgs/lib:/home/rosdev/ros2_ws/install/cv_bridge/lib:${LD_LIBRARY_PATH} PYTHONPATH=/home/rosdev/ros2_ws/install/tf2_msgs/local/lib/python3.10/dist-packages:/home/rosdev/ros2_ws/install/realsense2_camera_msgs/local/lib/python3.10/dist-packages:/home/rosdev/ros2_ws/install/cv_bridge/local/lib/python3.10/dist-packages:${PYTHONPATH} /usr/bin/cmake /home/rosdev/ros2_ws/src/realsense-ros/realsense2_camera -DCMAKE_INSTALL_PREFIX=/home/rosdev/ros2_ws/install/realsense2_camera
[1.212s] Invoking command in '/home/rosdev/ros2_ws/build/realsense2_camera': AMENT_PREFIX_PATH=/home/rosdev/ros2_ws/install/tf2_ros:/home/rosdev/ros2_ws/install/tf2_msgs:/home/rosdev/ros2_ws/install/tf2:/home/rosdev/ros2_ws/install/realsense2_camera_msgs:/home/rosdev/ros2_ws/install/cv_bridge:${AMENT_PREFIX_PATH} CMAKE_PREFIX_PATH=/home/rosdev/ros2_ws/install/tf2_ros:/home/rosdev/ros2_ws/install/tf2_msgs:/home/rosdev/ros2_ws/install/tf2:/home/rosdev/ros2_ws/install/realsense2_camera_msgs:/home/rosdev/ros2_ws/install/cv_bridge:/opt/ros/humble LD_LIBRARY_PATH=/home/rosdev/ros2_ws/install/tf2_ros/lib:/home/rosdev/ros2_ws/install/tf2_msgs/lib:/home/rosdev/ros2_ws/install/tf2/lib:/home/rosdev/ros2_ws/install/realsense2_camera_msgs/lib:/home/rosdev/ros2_ws/install/cv_bridge/lib:${LD_LIBRARY_PATH} PYTHONPATH=/home/rosdev/ros2_ws/install/tf2_msgs/local/lib/python3.10/dist-packages:/home/rosdev/ros2_ws/install/realsense2_camera_msgs/local/lib/python3.10/dist-packages:/home/rosdev/ros2_ws/install/cv_bridge/local/lib/python3.10/dist-packages:${PYTHONPATH} /usr/bin/cmake --build /home/rosdev/ros2_ws/build/realsense2_camera -- -j12 -l12
[1.292s] [35m[1mConsolidate compiler generated dependencies of target realsense2_camera_node[0m
[1.307s] [35m[1mConsolidate compiler generated dependencies of target realsense2_camera[0m
[1.346s] [ 12%] Built target realsense2_camera_node
[1.422s] [ 25%] [32mBuilding CXX object CMakeFiles/realsense2_camera.dir/src/base_realsense_node.cpp.o[0m
[1.423s] [ 31%] [32mBuilding CXX object CMakeFiles/realsense2_camera.dir/src/realsense_node_factory.cpp.o[0m
[1.423s] [ 31%] [32mBuilding CXX object CMakeFiles/realsense2_camera.dir/src/parameters.cpp.o[0m
[1.444s] [ 37%] [32mBuilding CXX object CMakeFiles/realsense2_camera.dir/src/ros_sensor.cpp.o[0m
[1.454s] [ 43%] [32mBuilding CXX object CMakeFiles/realsense2_camera.dir/src/rs_node_setup.cpp.o[0m
[1.456s] [ 50%] [32mBuilding CXX object CMakeFiles/realsense2_camera.dir/src/ros_utils.cpp.o[0m
[1.486s] [ 56%] [32mBuilding CXX object CMakeFiles/realsense2_camera.dir/src/dynamic_params.cpp.o[0m
[1.494s] [ 62%] [32mBuilding CXX object CMakeFiles/realsense2_camera.dir/src/image_publisher.cpp.o[0m
[1.500s] [ 68%] [32mBuilding CXX object CMakeFiles/realsense2_camera.dir/src/sensor_params.cpp.o[0m
[1.500s] [ 75%] [32mBuilding CXX object CMakeFiles/realsense2_camera.dir/src/named_filter.cpp.o[0m
[1.535s] [ 81%] [32mBuilding CXX object CMakeFiles/realsense2_camera.dir/src/tfs.cpp.o[0m
[1.552s] [ 87%] [32mBuilding CXX object CMakeFiles/realsense2_camera.dir/src/profile_manager.cpp.o[0m
[42.427s] [ 93%] [32mBuilding CXX object CMakeFiles/realsense2_camera.dir/src/ros_param_backend_foxy.cpp.o[0m
[47.880s] [100%] [32m[1mLinking CXX shared library librealsense2_camera.so[0m
[49.272s] [100%] Built target realsense2_camera
[49.296s] Invoked command in '/home/rosdev/ros2_ws/build/realsense2_camera' returned '0': AMENT_PREFIX_PATH=/home/rosdev/ros2_ws/install/tf2_ros:/home/rosdev/ros2_ws/install/tf2_msgs:/home/rosdev/ros2_ws/install/tf2:/home/rosdev/ros2_ws/install/realsense2_camera_msgs:/home/rosdev/ros2_ws/install/cv_bridge:${AMENT_PREFIX_PATH} CMAKE_PREFIX_PATH=/home/rosdev/ros2_ws/install/tf2_ros:/home/rosdev/ros2_ws/install/tf2_msgs:/home/rosdev/ros2_ws/install/tf2:/home/rosdev/ros2_ws/install/realsense2_camera_msgs:/home/rosdev/ros2_ws/install/cv_bridge:/opt/ros/humble LD_LIBRARY_PATH=/home/rosdev/ros2_ws/install/tf2_ros/lib:/home/rosdev/ros2_ws/install/tf2_msgs/lib:/home/rosdev/ros2_ws/install/tf2/lib:/home/rosdev/ros2_ws/install/realsense2_camera_msgs/lib:/home/rosdev/ros2_ws/install/cv_bridge/lib:${LD_LIBRARY_PATH} PYTHONPATH=/home/rosdev/ros2_ws/install/tf2_msgs/local/lib/python3.10/dist-packages:/home/rosdev/ros2_ws/install/realsense2_camera_msgs/local/lib/python3.10/dist-packages:/home/rosdev/ros2_ws/install/cv_bridge/local/lib/python3.10/dist-packages:${PYTHONPATH} /usr/bin/cmake --build /home/rosdev/ros2_ws/build/realsense2_camera -- -j12 -l12
[49.300s] Invoking command in '/home/rosdev/ros2_ws/build/realsense2_camera': AMENT_PREFIX_PATH=/home/rosdev/ros2_ws/install/tf2_ros:/home/rosdev/ros2_ws/install/tf2_msgs:/home/rosdev/ros2_ws/install/tf2:/home/rosdev/ros2_ws/install/realsense2_camera_msgs:/home/rosdev/ros2_ws/install/cv_bridge:${AMENT_PREFIX_PATH} CMAKE_PREFIX_PATH=/home/rosdev/ros2_ws/install/tf2_ros:/home/rosdev/ros2_ws/install/tf2_msgs:/home/rosdev/ros2_ws/install/tf2:/home/rosdev/ros2_ws/install/realsense2_camera_msgs:/home/rosdev/ros2_ws/install/cv_bridge:/opt/ros/humble LD_LIBRARY_PATH=/home/rosdev/ros2_ws/install/tf2_ros/lib:/home/rosdev/ros2_ws/install/tf2_msgs/lib:/home/rosdev/ros2_ws/install/tf2/lib:/home/rosdev/ros2_ws/install/realsense2_camera_msgs/lib:/home/rosdev/ros2_ws/install/cv_bridge/lib:${LD_LIBRARY_PATH} PYTHONPATH=/home/rosdev/ros2_ws/install/tf2_msgs/local/lib/python3.10/dist-packages:/home/rosdev/ros2_ws/install/realsense2_camera_msgs/local/lib/python3.10/dist-packages:/home/rosdev/ros2_ws/install/cv_bridge/local/lib/python3.10/dist-packages:${PYTHONPATH} /usr/bin/cmake --install /home/rosdev/ros2_ws/build/realsense2_camera
[49.312s] -- Install configuration: "Release"
[49.312s] -- Execute custom install script
[49.313s] -- Up-to-date symlink: /home/rosdev/ros2_ws/install/realsense2_camera/lib/realsense2_camera/realsense2_camera_node
[49.313s] -- Up-to-date symlink: /home/rosdev/ros2_ws/install/realsense2_camera/lib/librealsense2_camera.so
[49.314s] -- Up-to-date symlink: /home/rosdev/ros2_ws/install/realsense2_camera/include/base_realsense_node.h
[49.314s] -- Up-to-date symlink: /home/rosdev/ros2_ws/install/realsense2_camera/include/constants.h
[49.314s] -- Up-to-date symlink: /home/rosdev/ros2_ws/install/realsense2_camera/include/dynamic_params.h
[49.314s] -- Up-to-date symlink: /home/rosdev/ros2_ws/install/realsense2_camera/include/image_publisher.h
[49.314s] -- Up-to-date symlink: /home/rosdev/ros2_ws/install/realsense2_camera/include/named_filter.h
[49.315s] -- Up-to-date symlink: /home/rosdev/ros2_ws/install/realsense2_camera/include/profile_manager.h
[49.315s] -- Up-to-date symlink: /home/rosdev/ros2_ws/install/realsense2_camera/include/realsense_node_factory.h
[49.315s] -- Up-to-date symlink: /home/rosdev/ros2_ws/install/realsense2_camera/include/ros_param_backend.h
[49.315s] -- Up-to-date symlink: /home/rosdev/ros2_ws/install/realsense2_camera/include/ros_sensor.h
[49.315s] -- Up-to-date symlink: /home/rosdev/ros2_ws/install/realsense2_camera/include/ros_utils.h
[49.315s] -- Up-to-date symlink: /home/rosdev/ros2_ws/install/realsense2_camera/include/sensor_params.h
[49.316s] -- Up-to-date symlink: /home/rosdev/ros2_ws/install/realsense2_camera/share/realsense2_camera/launch/default.rviz
[49.316s] -- Up-to-date symlink: /home/rosdev/ros2_ws/install/realsense2_camera/share/realsense2_camera/launch/rs_intra_process_demo_launch.py
[49.316s] -- Up-to-date symlink: /home/rosdev/ros2_ws/install/realsense2_camera/share/realsense2_camera/launch/rs_launch.py
[49.316s] -- Up-to-date symlink: /home/rosdev/ros2_ws/install/realsense2_camera/share/realsense2_camera/launch/rs_multi_camera_launch.py
[49.317s] -- Up-to-date symlink: /home/rosdev/ros2_ws/install/realsense2_camera/share/realsense2_camera/environment/library_path.sh
[49.317s] -- Up-to-date symlink: /home/rosdev/ros2_ws/install/realsense2_camera/share/realsense2_camera/environment/library_path.dsv
[49.317s] -- Up-to-date symlink: /home/rosdev/ros2_ws/install/realsense2_camera/share/ament_index/resource_index/package_run_dependencies/realsense2_camera
[49.320s] -- Up-to-date symlink: /home/rosdev/ros2_ws/install/realsense2_camera/share/ament_index/resource_index/parent_prefix_path/realsense2_camera
[49.320s] -- Up-to-date symlink: /home/rosdev/ros2_ws/install/realsense2_camera/share/realsense2_camera/environment/ament_prefix_path.sh
[49.320s] -- Up-to-date symlink: /home/rosdev/ros2_ws/install/realsense2_camera/share/realsense2_camera/environment/ament_prefix_path.dsv
[49.320s] -- Up-to-date symlink: /home/rosdev/ros2_ws/install/realsense2_camera/share/realsense2_camera/environment/path.sh
[49.320s] -- Up-to-date symlink: /home/rosdev/ros2_ws/install/realsense2_camera/share/realsense2_camera/environment/path.dsv
[49.320s] -- Up-to-date symlink: /home/rosdev/ros2_ws/install/realsense2_camera/share/realsense2_camera/local_setup.bash
[49.321s] -- Up-to-date symlink: /home/rosdev/ros2_ws/install/realsense2_camera/share/realsense2_camera/local_setup.sh
[49.321s] -- Up-to-date symlink: /home/rosdev/ros2_ws/install/realsense2_camera/share/realsense2_camera/local_setup.zsh
[49.321s] -- Up-to-date symlink: /home/rosdev/ros2_ws/install/realsense2_camera/share/realsense2_camera/local_setup.dsv
[49.321s] -- Symlinking: /home/rosdev/ros2_ws/install/realsense2_camera/share/realsense2_camera/package.dsv
[49.337s] -- Up-to-date symlink: /home/rosdev/ros2_ws/install/realsense2_camera/share/ament_index/resource_index/packages/realsense2_camera
[49.338s] -- Up-to-date symlink: /home/rosdev/ros2_ws/install/realsense2_camera/share/ament_index/resource_index/rclcpp_components/realsense2_camera
[49.339s] -- Up-to-date symlink: /home/rosdev/ros2_ws/install/realsense2_camera/share/realsense2_camera/cmake/ament_cmake_export_include_directories-extras.cmake
[49.340s] -- Up-to-date symlink: /home/rosdev/ros2_ws/install/realsense2_camera/share/realsense2_camera/cmake/ament_cmake_export_libraries-extras.cmake
[49.340s] -- Up-to-date symlink: /home/rosdev/ros2_ws/install/realsense2_camera/share/realsense2_camera/cmake/ament_cmake_export_dependencies-extras.cmake
[49.341s] -- Up-to-date symlink: /home/rosdev/ros2_ws/install/realsense2_camera/share/realsense2_camera/cmake/realsense2_cameraConfig.cmake
[49.341s] -- Up-to-date symlink: /home/rosdev/ros2_ws/install/realsense2_camera/share/realsense2_camera/cmake/realsense2_cameraConfig-version.cmake
[49.342s] -- Up-to-date symlink: /home/rosdev/ros2_ws/install/realsense2_camera/share/realsense2_camera/package.xml
[49.348s] Invoked command in '/home/rosdev/ros2_ws/build/realsense2_camera' returned '0': AMENT_PREFIX_PATH=/home/rosdev/ros2_ws/install/tf2_ros:/home/rosdev/ros2_ws/install/tf2_msgs:/home/rosdev/ros2_ws/install/tf2:/home/rosdev/ros2_ws/install/realsense2_camera_msgs:/home/rosdev/ros2_ws/install/cv_bridge:${AMENT_PREFIX_PATH} CMAKE_PREFIX_PATH=/home/rosdev/ros2_ws/install/tf2_ros:/home/rosdev/ros2_ws/install/tf2_msgs:/home/rosdev/ros2_ws/install/tf2:/home/rosdev/ros2_ws/install/realsense2_camera_msgs:/home/rosdev/ros2_ws/install/cv_bridge:/opt/ros/humble LD_LIBRARY_PATH=/home/rosdev/ros2_ws/install/tf2_ros/lib:/home/rosdev/ros2_ws/install/tf2_msgs/lib:/home/rosdev/ros2_ws/install/tf2/lib:/home/rosdev/ros2_ws/install/realsense2_camera_msgs/lib:/home/rosdev/ros2_ws/install/cv_bridge/lib:${LD_LIBRARY_PATH} PYTHONPATH=/home/rosdev/ros2_ws/install/tf2_msgs/local/lib/python3.10/dist-packages:/home/rosdev/ros2_ws/install/realsense2_camera_msgs/local/lib/python3.10/dist-packages:/home/rosdev/ros2_ws/install/cv_bridge/local/lib/python3.10/dist-packages:${PYTHONPATH} /usr/bin/cmake --install /home/rosdev/ros2_ws/build/realsense2_camera
