[2.050s] Invoking command in '/home/rosdev/ros2_ws/build/examples_tf2_py': AMENT_PREFIX_PATH=/home/rosdev/ros2_ws/install/tf2_ros_py:/home/rosdev/ros2_ws/install/tf2_py:/home/rosdev/ros2_ws/install/tf2_msgs:/home/rosdev/ros2_ws/install/tf2:${AMENT_PREFIX_PATH} CMAKE_PREFIX_PATH=/home/rosdev/ros2_ws/install/tf2_py:/home/rosdev/ros2_ws/install/tf2_msgs:/home/rosdev/ros2_ws/install/tf2 LD_LIBRARY_PATH=/home/rosdev/ros2_ws/install/tf2_msgs/lib:/home/rosdev/ros2_ws/install/tf2/lib:${LD_LIBRARY_PATH} PYTHONPATH=/home/rosdev/ros2_ws/build/examples_tf2_py/prefix_override:/usr/lib/python3/dist-packages/colcon_core/task/python/colcon_distutils_commands:/home/rosdev/ros2_ws/install/examples_tf2_py/lib/python3.10/site-packages:/home/rosdev/ros2_ws/install/tf2_ros_py/lib/python3.10/site-packages:/home/rosdev/ros2_ws/install/tf2_py/local/lib/python3.10/dist-packages:/home/rosdev/ros2_ws/install/tf2_msgs/local/lib/python3.10/dist-packages:${PYTHONPATH} /usr/bin/python3 -W ignore:setup.py install is deprecated -W ignore:easy_install command is deprecated setup.py develop --uninstall --editable --build-directory /home/rosdev/ros2_ws/build/examples_tf2_py/build
[2.589s] running develop
[2.823s] Removing /home/rosdev/ros2_ws/install/examples_tf2_py/lib/python3.10/site-packages/examples-tf2-py.egg-link (link to .)
[2.990s] Invoked command in '/home/rosdev/ros2_ws/build/examples_tf2_py' returned '0': AMENT_PREFIX_PATH=/home/rosdev/ros2_ws/install/tf2_ros_py:/home/rosdev/ros2_ws/install/tf2_py:/home/rosdev/ros2_ws/install/tf2_msgs:/home/rosdev/ros2_ws/install/tf2:${AMENT_PREFIX_PATH} CMAKE_PREFIX_PATH=/home/rosdev/ros2_ws/install/tf2_py:/home/rosdev/ros2_ws/install/tf2_msgs:/home/rosdev/ros2_ws/install/tf2 LD_LIBRARY_PATH=/home/rosdev/ros2_ws/install/tf2_msgs/lib:/home/rosdev/ros2_ws/install/tf2/lib:${LD_LIBRARY_PATH} PYTHONPATH=/home/rosdev/ros2_ws/build/examples_tf2_py/prefix_override:/usr/lib/python3/dist-packages/colcon_core/task/python/colcon_distutils_commands:/home/rosdev/ros2_ws/install/examples_tf2_py/lib/python3.10/site-packages:/home/rosdev/ros2_ws/install/tf2_ros_py/lib/python3.10/site-packages:/home/rosdev/ros2_ws/install/tf2_py/local/lib/python3.10/dist-packages:/home/rosdev/ros2_ws/install/tf2_msgs/local/lib/python3.10/dist-packages:${PYTHONPATH} /usr/bin/python3 -W ignore:setup.py install is deprecated -W ignore:easy_install command is deprecated setup.py develop --uninstall --editable --build-directory /home/rosdev/ros2_ws/build/examples_tf2_py/build
[2.991s] Invoking command in '/home/rosdev/ros2_ws/src/geometry2/examples_tf2_py': AMENT_PREFIX_PATH=/home/rosdev/ros2_ws/install/tf2_ros_py:/home/rosdev/ros2_ws/install/tf2_py:/home/rosdev/ros2_ws/install/tf2_msgs:/home/rosdev/ros2_ws/install/tf2:${AMENT_PREFIX_PATH} CMAKE_PREFIX_PATH=/home/rosdev/ros2_ws/install/tf2_py:/home/rosdev/ros2_ws/install/tf2_msgs:/home/rosdev/ros2_ws/install/tf2 LD_LIBRARY_PATH=/home/rosdev/ros2_ws/install/tf2_msgs/lib:/home/rosdev/ros2_ws/install/tf2/lib:${LD_LIBRARY_PATH} PYTHONPATH=/home/rosdev/ros2_ws/build/examples_tf2_py/prefix_override:/usr/lib/python3/dist-packages/colcon_core/task/python/colcon_distutils_commands:/home/rosdev/ros2_ws/install/examples_tf2_py/lib/python3.10/site-packages:/home/rosdev/ros2_ws/install/tf2_ros_py/lib/python3.10/site-packages:/home/rosdev/ros2_ws/install/tf2_py/local/lib/python3.10/dist-packages:/home/rosdev/ros2_ws/install/tf2_msgs/local/lib/python3.10/dist-packages:${PYTHONPATH} /usr/bin/python3 -W ignore:setup.py install is deprecated -W ignore:easy_install command is deprecated setup.py egg_info --egg-base ../../../build/examples_tf2_py build --build-base /home/rosdev/ros2_ws/build/examples_tf2_py/build install --record /home/rosdev/ros2_ws/build/examples_tf2_py/install.log --single-version-externally-managed install_data --force
[3.454s] running egg_info
[3.455s] writing ../../../build/examples_tf2_py/examples_tf2_py.egg-info/PKG-INFO
[3.456s] writing dependency_links to ../../../build/examples_tf2_py/examples_tf2_py.egg-info/dependency_links.txt
[3.456s] writing entry points to ../../../build/examples_tf2_py/examples_tf2_py.egg-info/entry_points.txt
[3.457s] writing requirements to ../../../build/examples_tf2_py/examples_tf2_py.egg-info/requires.txt
[3.458s] writing top-level names to ../../../build/examples_tf2_py/examples_tf2_py.egg-info/top_level.txt
[3.462s] reading manifest file '../../../build/examples_tf2_py/examples_tf2_py.egg-info/SOURCES.txt'
[3.463s] writing manifest file '../../../build/examples_tf2_py/examples_tf2_py.egg-info/SOURCES.txt'
[3.464s] running build
[3.464s] running build_py
[3.465s] running install
[3.466s] running install_lib
[3.473s] creating /home/rosdev/ros2_ws/install/examples_tf2_py/lib/python3.10/site-packages/examples_tf2_py
[3.473s] copying /home/rosdev/ros2_ws/build/examples_tf2_py/build/lib/examples_tf2_py/frame_dumper.py -> /home/rosdev/ros2_ws/install/examples_tf2_py/lib/python3.10/site-packages/examples_tf2_py
[3.473s] copying /home/rosdev/ros2_ws/build/examples_tf2_py/build/lib/examples_tf2_py/waits_for_transform.py -> /home/rosdev/ros2_ws/install/examples_tf2_py/lib/python3.10/site-packages/examples_tf2_py
[3.483s] copying /home/rosdev/ros2_ws/build/examples_tf2_py/build/lib/examples_tf2_py/__init__.py -> /home/rosdev/ros2_ws/install/examples_tf2_py/lib/python3.10/site-packages/examples_tf2_py
[3.484s] copying /home/rosdev/ros2_ws/build/examples_tf2_py/build/lib/examples_tf2_py/async_waits_for_transform.py -> /home/rosdev/ros2_ws/install/examples_tf2_py/lib/python3.10/site-packages/examples_tf2_py
[3.484s] copying /home/rosdev/ros2_ws/build/examples_tf2_py/build/lib/examples_tf2_py/dynamic_broadcaster.py -> /home/rosdev/ros2_ws/install/examples_tf2_py/lib/python3.10/site-packages/examples_tf2_py
[3.484s] copying /home/rosdev/ros2_ws/build/examples_tf2_py/build/lib/examples_tf2_py/blocking_waits_for_transform.py -> /home/rosdev/ros2_ws/install/examples_tf2_py/lib/python3.10/site-packages/examples_tf2_py
[3.484s] copying /home/rosdev/ros2_ws/build/examples_tf2_py/build/lib/examples_tf2_py/static_broadcaster.py -> /home/rosdev/ros2_ws/install/examples_tf2_py/lib/python3.10/site-packages/examples_tf2_py
[3.484s] byte-compiling /home/rosdev/ros2_ws/install/examples_tf2_py/lib/python3.10/site-packages/examples_tf2_py/frame_dumper.py to frame_dumper.cpython-310.pyc
[3.484s] byte-compiling /home/rosdev/ros2_ws/install/examples_tf2_py/lib/python3.10/site-packages/examples_tf2_py/waits_for_transform.py to waits_for_transform.cpython-310.pyc
[3.484s] byte-compiling /home/rosdev/ros2_ws/install/examples_tf2_py/lib/python3.10/site-packages/examples_tf2_py/__init__.py to __init__.cpython-310.pyc
[3.485s] byte-compiling /home/rosdev/ros2_ws/install/examples_tf2_py/lib/python3.10/site-packages/examples_tf2_py/async_waits_for_transform.py to async_waits_for_transform.cpython-310.pyc
[3.485s] byte-compiling /home/rosdev/ros2_ws/install/examples_tf2_py/lib/python3.10/site-packages/examples_tf2_py/dynamic_broadcaster.py to dynamic_broadcaster.cpython-310.pyc
[3.485s] byte-compiling /home/rosdev/ros2_ws/install/examples_tf2_py/lib/python3.10/site-packages/examples_tf2_py/blocking_waits_for_transform.py to blocking_waits_for_transform.cpython-310.pyc
[3.485s] byte-compiling /home/rosdev/ros2_ws/install/examples_tf2_py/lib/python3.10/site-packages/examples_tf2_py/static_broadcaster.py to static_broadcaster.cpython-310.pyc
[3.485s] running install_data
[3.486s] copying resource/examples_tf2_py -> /home/rosdev/ros2_ws/install/examples_tf2_py/share/ament_index/resource_index/packages
[3.486s] copying package.xml -> /home/rosdev/ros2_ws/install/examples_tf2_py/share/examples_tf2_py
[3.486s] copying launch/broadcasters.launch.xml -> /home/rosdev/ros2_ws/install/examples_tf2_py/share/examples_tf2_py/launch
[3.486s] running install_egg_info
[3.491s] Copying ../../../build/examples_tf2_py/examples_tf2_py.egg-info to /home/rosdev/ros2_ws/install/examples_tf2_py/lib/python3.10/site-packages/examples_tf2_py-0.25.7-py3.10.egg-info
[3.493s] running install_scripts
[3.540s] Installing async_waits_for_transform script to /home/rosdev/ros2_ws/install/examples_tf2_py/lib/examples_tf2_py
[3.541s] Installing blocking_waits_for_transform script to /home/rosdev/ros2_ws/install/examples_tf2_py/lib/examples_tf2_py
[3.541s] Installing dynamic_broadcaster script to /home/rosdev/ros2_ws/install/examples_tf2_py/lib/examples_tf2_py
[3.542s] Installing frame_dumper script to /home/rosdev/ros2_ws/install/examples_tf2_py/lib/examples_tf2_py
[3.543s] Installing static_broadcaster script to /home/rosdev/ros2_ws/install/examples_tf2_py/lib/examples_tf2_py
[3.543s] Installing waits_for_transform script to /home/rosdev/ros2_ws/install/examples_tf2_py/lib/examples_tf2_py
[3.545s] writing list of installed files to '/home/rosdev/ros2_ws/build/examples_tf2_py/install.log'
[3.651s] Invoked command in '/home/rosdev/ros2_ws/src/geometry2/examples_tf2_py' returned '0': AMENT_PREFIX_PATH=/home/rosdev/ros2_ws/install/tf2_ros_py:/home/rosdev/ros2_ws/install/tf2_py:/home/rosdev/ros2_ws/install/tf2_msgs:/home/rosdev/ros2_ws/install/tf2:${AMENT_PREFIX_PATH} CMAKE_PREFIX_PATH=/home/rosdev/ros2_ws/install/tf2_py:/home/rosdev/ros2_ws/install/tf2_msgs:/home/rosdev/ros2_ws/install/tf2 LD_LIBRARY_PATH=/home/rosdev/ros2_ws/install/tf2_msgs/lib:/home/rosdev/ros2_ws/install/tf2/lib:${LD_LIBRARY_PATH} PYTHONPATH=/home/rosdev/ros2_ws/build/examples_tf2_py/prefix_override:/usr/lib/python3/dist-packages/colcon_core/task/python/colcon_distutils_commands:/home/rosdev/ros2_ws/install/examples_tf2_py/lib/python3.10/site-packages:/home/rosdev/ros2_ws/install/tf2_ros_py/lib/python3.10/site-packages:/home/rosdev/ros2_ws/install/tf2_py/local/lib/python3.10/dist-packages:/home/rosdev/ros2_ws/install/tf2_msgs/local/lib/python3.10/dist-packages:${PYTHONPATH} /usr/bin/python3 -W ignore:setup.py install is deprecated -W ignore:easy_install command is deprecated setup.py egg_info --egg-base ../../../build/examples_tf2_py build --build-base /home/rosdev/ros2_ws/build/examples_tf2_py/build install --record /home/rosdev/ros2_ws/build/examples_tf2_py/install.log --single-version-externally-managed install_data --force
