[0.070s] Invoking command in '/home/rosdev/ros2_ws/build/tf2': CMAKE_PREFIX_PATH=/opt/ros/humble /usr/bin/cmake --build /home/rosdev/ros2_ws/build/tf2 -- -j12 -l12
[0.162s] [ 23%] Built target tf2
[0.164s] [ 33%] Built target gtest
[0.165s] [ 42%] Built target gtest_main
[0.208s] [ 52%] Built target cache_benchmark
[0.209s] [ 61%] Built target test_cache_unittest
[0.219s] [ 71%] Built target test_static_cache_unittest
[0.257s] [ 80%] Built target test_storage
[0.266s] [ 90%] Built target test_simple_tf2_core
[0.268s] [100%] Built target test_time
[0.295s] Invoked command in '/home/rosdev/ros2_ws/build/tf2' returned '0': CMAKE_PREFIX_PATH=/opt/ros/humble /usr/bin/cmake --build /home/rosdev/ros2_ws/build/tf2 -- -j12 -l12
[0.319s] Invoking command in '/home/rosdev/ros2_ws/build/tf2': CMAKE_PREFIX_PATH=/opt/ros/humble /usr/bin/cmake --install /home/rosdev/ros2_ws/build/tf2
[0.334s] -- Install configuration: ""
[0.334s] -- Up-to-date: /home/rosdev/ros2_ws/install/tf2/lib/libtf2.so
[0.335s] -- Up-to-date: /home/rosdev/ros2_ws/install/tf2/include/tf2
[0.336s] -- Up-to-date: /home/rosdev/ros2_ws/install/tf2/include/tf2/tf2
[0.338s] -- Up-to-date: /home/rosdev/ros2_ws/install/tf2/include/tf2/tf2/buffer_core_interface.h
[0.338s] -- Up-to-date: /home/rosdev/ros2_ws/install/tf2/include/tf2/tf2/LinearMath
[0.338s] -- Up-to-date: /home/rosdev/ros2_ws/install/tf2/include/tf2/tf2/LinearMath/QuadWord.h
[0.338s] -- Up-to-date: /home/rosdev/ros2_ws/install/tf2/include/tf2/tf2/LinearMath/Quaternion.h
[0.338s] -- Up-to-date: /home/rosdev/ros2_ws/install/tf2/include/tf2/tf2/LinearMath/Vector3.h
[0.338s] -- Up-to-date: /home/rosdev/ros2_ws/install/tf2/include/tf2/tf2/LinearMath/Transform.h
[0.339s] -- Up-to-date: /home/rosdev/ros2_ws/install/tf2/include/tf2/tf2/LinearMath/MinMax.h
[0.339s] -- Up-to-date: /home/rosdev/ros2_ws/install/tf2/include/tf2/tf2/LinearMath/Scalar.h
[0.339s] -- Up-to-date: /home/rosdev/ros2_ws/install/tf2/include/tf2/tf2/LinearMath/Matrix3x3.h
[0.339s] -- Up-to-date: /home/rosdev/ros2_ws/install/tf2/include/tf2/tf2/visibility_control.h
[0.339s] -- Up-to-date: /home/rosdev/ros2_ws/install/tf2/include/tf2/tf2/transform_datatypes.h
[0.339s] -- Up-to-date: /home/rosdev/ros2_ws/install/tf2/include/tf2/tf2/exceptions.h
[0.340s] -- Up-to-date: /home/rosdev/ros2_ws/install/tf2/include/tf2/tf2/time_cache.h
[0.340s] -- Up-to-date: /home/rosdev/ros2_ws/install/tf2/include/tf2/tf2/time.h
[0.340s] -- Up-to-date: /home/rosdev/ros2_ws/install/tf2/include/tf2/tf2/utils.h
[0.340s] -- Up-to-date: /home/rosdev/ros2_ws/install/tf2/include/tf2/tf2/impl
[0.340s] -- Up-to-date: /home/rosdev/ros2_ws/install/tf2/include/tf2/tf2/impl/utils.h
[0.340s] -- Up-to-date: /home/rosdev/ros2_ws/install/tf2/include/tf2/tf2/impl/convert.h
[0.340s] -- Up-to-date: /home/rosdev/ros2_ws/install/tf2/include/tf2/tf2/transform_storage.h
[0.340s] -- Up-to-date: /home/rosdev/ros2_ws/install/tf2/include/tf2/tf2/buffer_core.h
[0.340s] -- Up-to-date: /home/rosdev/ros2_ws/install/tf2/include/tf2/tf2/convert.h
[0.341s] -- Up-to-date: /home/rosdev/ros2_ws/install/tf2/share/tf2/environment/library_path.sh
[0.341s] -- Up-to-date: /home/rosdev/ros2_ws/install/tf2/share/tf2/environment/library_path.dsv
[0.341s] -- Up-to-date: /home/rosdev/ros2_ws/install/tf2/share/ament_index/resource_index/package_run_dependencies/tf2
[0.341s] -- Up-to-date: /home/rosdev/ros2_ws/install/tf2/share/ament_index/resource_index/parent_prefix_path/tf2
[0.341s] -- Up-to-date: /home/rosdev/ros2_ws/install/tf2/share/tf2/environment/ament_prefix_path.sh
[0.341s] -- Up-to-date: /home/rosdev/ros2_ws/install/tf2/share/tf2/environment/ament_prefix_path.dsv
[0.341s] -- Up-to-date: /home/rosdev/ros2_ws/install/tf2/share/tf2/environment/path.sh
[0.341s] -- Up-to-date: /home/rosdev/ros2_ws/install/tf2/share/tf2/environment/path.dsv
[0.341s] -- Up-to-date: /home/rosdev/ros2_ws/install/tf2/share/tf2/local_setup.bash
[0.341s] -- Up-to-date: /home/rosdev/ros2_ws/install/tf2/share/tf2/local_setup.sh
[0.341s] -- Up-to-date: /home/rosdev/ros2_ws/install/tf2/share/tf2/local_setup.zsh
[0.341s] -- Up-to-date: /home/rosdev/ros2_ws/install/tf2/share/tf2/local_setup.dsv
[0.342s] -- Installing: /home/rosdev/ros2_ws/install/tf2/share/tf2/package.dsv
[0.343s] -- Up-to-date: /home/rosdev/ros2_ws/install/tf2/share/ament_index/resource_index/packages/tf2
[0.344s] -- Up-to-date: /home/rosdev/ros2_ws/install/tf2/share/tf2/cmake/export_tf2Export.cmake
[0.344s] -- Up-to-date: /home/rosdev/ros2_ws/install/tf2/share/tf2/cmake/export_tf2Export-noconfig.cmake
[0.345s] -- Up-to-date: /home/rosdev/ros2_ws/install/tf2/share/tf2/cmake/ament_cmake_export_dependencies-extras.cmake
[0.358s] -- Up-to-date: /home/rosdev/ros2_ws/install/tf2/share/tf2/cmake/ament_cmake_export_include_directories-extras.cmake
[0.358s] -- Up-to-date: /home/rosdev/ros2_ws/install/tf2/share/tf2/cmake/ament_cmake_export_libraries-extras.cmake
[0.358s] -- Up-to-date: /home/rosdev/ros2_ws/install/tf2/share/tf2/cmake/ament_cmake_export_targets-extras.cmake
[0.358s] -- Up-to-date: /home/rosdev/ros2_ws/install/tf2/share/tf2/cmake/tf2Config.cmake
[0.358s] -- Up-to-date: /home/rosdev/ros2_ws/install/tf2/share/tf2/cmake/tf2Config-version.cmake
[0.359s] -- Up-to-date: /home/rosdev/ros2_ws/install/tf2/share/tf2/package.xml
[0.359s] Invoked command in '/home/rosdev/ros2_ws/build/tf2' returned '0': CMAKE_PREFIX_PATH=/opt/ros/humble /usr/bin/cmake --install /home/rosdev/ros2_ws/build/tf2
