[0.028s] Invoking command in '/home/rosdev/ros2_ws/build/yolo_msgs': CMAKE_PREFIX_PATH=${CMAKE_PREFIX_PATH}:/home/rosdev/ros2_ws/install/yolo_ros:/opt/ros/humble /usr/bin/cmake /home/rosdev/ros2_ws/src/yolo_ros/yolo_msgs -DAMENT_CMAKE_SYMLINK_INSTALL=1 -DCMAKE_INSTALL_PREFIX=/home/rosdev/ros2_ws/install/yolo_msgs
[0.050s] -- Found ament_cmake: 1.3.11 (/opt/ros/humble/share/ament_cmake/cmake)
[0.255s] -- Override CMake install command with custom implementation using symlinks instead of copying resources
[0.267s] -- Found rosidl_default_generators: 1.2.0 (/opt/ros/humble/share/rosidl_default_generators/cmake)
[0.270s] -- Using all available rosidl_typesupport_c: rosidl_typesupport_fastrtps_c;rosidl_typesupport_introspection_c
[0.274s] -- Found rosidl_adapter: 3.1.6 (/opt/ros/humble/share/rosidl_adapter/cmake)
[0.314s] -- Using all available rosidl_typesupport_cpp: rosidl_typesupport_fastrtps_cpp;rosidl_typesupport_introspection_cpp
[0.349s] -- Found std_msgs: 4.8.0 (/opt/ros/humble/share/std_msgs/cmake)
[0.381s] -- Found geometry_msgs: 4.8.0 (/opt/ros/humble/share/geometry_msgs/cmake)
[0.938s] -- Found ament_cmake_ros: 0.10.0 (/opt/ros/humble/share/ament_cmake_ros/cmake)
[1.300s] -- Using all available rosidl_typesupport_c: rosidl_typesupport_fastrtps_c;rosidl_typesupport_introspection_c
[1.790s] -- Using all available rosidl_typesupport_cpp: rosidl_typesupport_fastrtps_cpp;rosidl_typesupport_introspection_cpp
[1.824s] -- Found python_cmake_module: 0.10.0 (/opt/ros/humble/share/python_cmake_module/cmake)
[1.855s] -- Using PYTHON_EXECUTABLE: /usr/bin/python3
[1.855s] -- Using PYTHON_INCLUDE_DIRS: /usr/include/python3.10
[1.855s] -- Using PYTHON_LIBRARIES: /usr/lib/aarch64-linux-gnu/libpython3.10.so
[1.948s] -- Configuring done
[2.044s] -- Generating done
[2.067s] -- Build files have been written to: /home/rosdev/ros2_ws/build/yolo_msgs
[2.091s] Invoked command in '/home/rosdev/ros2_ws/build/yolo_msgs' returned '0': CMAKE_PREFIX_PATH=${CMAKE_PREFIX_PATH}:/home/rosdev/ros2_ws/install/yolo_ros:/opt/ros/humble /usr/bin/cmake /home/rosdev/ros2_ws/src/yolo_ros/yolo_msgs -DAMENT_CMAKE_SYMLINK_INSTALL=1 -DCMAKE_INSTALL_PREFIX=/home/rosdev/ros2_ws/install/yolo_msgs
[2.091s] Invoking command in '/home/rosdev/ros2_ws/build/yolo_msgs': CMAKE_PREFIX_PATH=${CMAKE_PREFIX_PATH}:/home/rosdev/ros2_ws/install/yolo_ros:/opt/ros/humble /usr/bin/cmake --build /home/rosdev/ros2_ws/build/yolo_msgs -- -j12 -l12
[2.194s] [35m[1mConsolidate compiler generated dependencies of target yolo_msgs__rosidl_generator_c[0m
[2.206s] failed to create symbolic link '/home/rosdev/ros2_ws/build/yolo_msgs/ament_cmake_python/yolo_msgs/yolo_msgs' because existing path cannot be removed: Is a directory
[2.208s] gmake[2]: *** [CMakeFiles/ament_cmake_python_symlink_yolo_msgs.dir/build.make:70: CMakeFiles/ament_cmake_python_symlink_yolo_msgs] Error 1
[2.209s] gmake[1]: *** [CMakeFiles/Makefile2:421: CMakeFiles/ament_cmake_python_symlink_yolo_msgs.dir/all] Error 2
[2.209s] gmake[1]: *** Waiting for unfinished jobs....
[2.226s] [  0%] Built target yolo_msgs__cpp
[2.228s] [ 12%] Built target yolo_msgs__rosidl_generator_c
[2.231s] gmake: *** [Makefile:146: all] Error 2
[2.235s] Invoked command in '/home/rosdev/ros2_ws/build/yolo_msgs' returned '2': CMAKE_PREFIX_PATH=${CMAKE_PREFIX_PATH}:/home/rosdev/ros2_ws/install/yolo_ros:/opt/ros/humble /usr/bin/cmake --build /home/rosdev/ros2_ws/build/yolo_msgs -- -j12 -l12
