[1.640s] Invoking command in '/home/rosdev/ros2_ws/src/aruco_realsense_ros': AMENT_PREFIX_PATH=/home/rosdev/ros2_ws/install/tf2_ros:/home/rosdev/ros2_ws/install/tf2_msgs:/home/rosdev/ros2_ws/install/tf2:/home/rosdev/ros2_ws/install/cv_bridge:${AMENT_PREFIX_PATH} CMAKE_PREFIX_PATH=/home/rosdev/ros2_ws/install/tf2_ros:/home/rosdev/ros2_ws/install/tf2_msgs:/home/rosdev/ros2_ws/install/tf2:/home/rosdev/ros2_ws/install/cv_bridge LD_LIBRARY_PATH=/home/rosdev/ros2_ws/install/tf2_ros/lib:/home/rosdev/ros2_ws/install/tf2_msgs/lib:/home/rosdev/ros2_ws/install/tf2/lib:/home/rosdev/ros2_ws/install/cv_bridge/lib:${LD_LIBRARY_PATH} PYTHONPATH=/home/rosdev/ros2_ws/build/aruco_realsense_ros/prefix_override:/usr/lib/python3/dist-packages/colcon_core/task/python/colcon_distutils_commands:/home/rosdev/ros2_ws/install/aruco_realsense_ros/lib/python3.10/site-packages:/home/rosdev/ros2_ws/install/tf2_msgs/local/lib/python3.10/dist-packages:/home/rosdev/ros2_ws/install/cv_bridge/local/lib/python3.10/dist-packages:${PYTHONPATH} /usr/bin/python3 -W ignore:setup.py install is deprecated -W ignore:easy_install command is deprecated setup.py egg_info --egg-base ../../build/aruco_realsense_ros build --build-base /home/rosdev/ros2_ws/build/aruco_realsense_ros/build install --record /home/rosdev/ros2_ws/build/aruco_realsense_ros/install.log --single-version-externally-managed install_data
[2.025s] running egg_info
[2.027s] writing ../../build/aruco_realsense_ros/aruco_realsense_ros.egg-info/PKG-INFO
[2.027s] writing dependency_links to ../../build/aruco_realsense_ros/aruco_realsense_ros.egg-info/dependency_links.txt
[2.027s] writing entry points to ../../build/aruco_realsense_ros/aruco_realsense_ros.egg-info/entry_points.txt
[2.028s] writing requirements to ../../build/aruco_realsense_ros/aruco_realsense_ros.egg-info/requires.txt
[2.028s] writing top-level names to ../../build/aruco_realsense_ros/aruco_realsense_ros.egg-info/top_level.txt
[2.032s] reading manifest file '../../build/aruco_realsense_ros/aruco_realsense_ros.egg-info/SOURCES.txt'
[2.033s] writing manifest file '../../build/aruco_realsense_ros/aruco_realsense_ros.egg-info/SOURCES.txt'
[2.033s] running build
[2.033s] running build_py
[2.033s] copying aruco_realsense_ros/aruco_node.py -> /home/rosdev/ros2_ws/build/aruco_realsense_ros/build/lib/aruco_realsense_ros
[2.034s] running install
[2.035s] running install_lib
[2.036s] copying /home/rosdev/ros2_ws/build/aruco_realsense_ros/build/lib/aruco_realsense_ros/aruco_node.py -> /home/rosdev/ros2_ws/install/aruco_realsense_ros/lib/python3.10/site-packages/aruco_realsense_ros
[2.038s] byte-compiling /home/rosdev/ros2_ws/install/aruco_realsense_ros/lib/python3.10/site-packages/aruco_realsense_ros/aruco_node.py to aruco_node.cpython-310.pyc
[2.042s] running install_data
[2.042s] running install_egg_info
[2.049s] removing '/home/rosdev/ros2_ws/install/aruco_realsense_ros/lib/python3.10/site-packages/aruco_realsense_ros-0.0.0-py3.10.egg-info' (and everything under it)
[2.049s] Copying ../../build/aruco_realsense_ros/aruco_realsense_ros.egg-info to /home/rosdev/ros2_ws/install/aruco_realsense_ros/lib/python3.10/site-packages/aruco_realsense_ros-0.0.0-py3.10.egg-info
[2.051s] running install_scripts
[2.087s] Installing aruco_node script to /home/rosdev/ros2_ws/install/aruco_realsense_ros/lib/aruco_realsense_ros
[2.087s] writing list of installed files to '/home/rosdev/ros2_ws/build/aruco_realsense_ros/install.log'
[2.599s] Invoked command in '/home/rosdev/ros2_ws/src/aruco_realsense_ros' returned '0': AMENT_PREFIX_PATH=/home/rosdev/ros2_ws/install/tf2_ros:/home/rosdev/ros2_ws/install/tf2_msgs:/home/rosdev/ros2_ws/install/tf2:/home/rosdev/ros2_ws/install/cv_bridge:${AMENT_PREFIX_PATH} CMAKE_PREFIX_PATH=/home/rosdev/ros2_ws/install/tf2_ros:/home/rosdev/ros2_ws/install/tf2_msgs:/home/rosdev/ros2_ws/install/tf2:/home/rosdev/ros2_ws/install/cv_bridge LD_LIBRARY_PATH=/home/rosdev/ros2_ws/install/tf2_ros/lib:/home/rosdev/ros2_ws/install/tf2_msgs/lib:/home/rosdev/ros2_ws/install/tf2/lib:/home/rosdev/ros2_ws/install/cv_bridge/lib:${LD_LIBRARY_PATH} PYTHONPATH=/home/rosdev/ros2_ws/build/aruco_realsense_ros/prefix_override:/usr/lib/python3/dist-packages/colcon_core/task/python/colcon_distutils_commands:/home/rosdev/ros2_ws/install/aruco_realsense_ros/lib/python3.10/site-packages:/home/rosdev/ros2_ws/install/tf2_msgs/local/lib/python3.10/dist-packages:/home/rosdev/ros2_ws/install/cv_bridge/local/lib/python3.10/dist-packages:${PYTHONPATH} /usr/bin/python3 -W ignore:setup.py install is deprecated -W ignore:easy_install command is deprecated setup.py egg_info --egg-base ../../build/aruco_realsense_ros build --build-base /home/rosdev/ros2_ws/build/aruco_realsense_ros/build install --record /home/rosdev/ros2_ws/build/aruco_realsense_ros/install.log --single-version-externally-managed install_data
