[0.073s] Invoking command in '/home/rosdev/ros2_ws/build/yolo_bringup': AMENT_PREFIX_PATH=/home/rosdev/ros2_ws/install/yolo_ros:/home/rosdev/ros2_ws/install/yolo_msgs:/home/rosdev/ros2_ws/install/cv_bridge:${AMENT_PREFIX_PATH} CMAKE_PREFIX_PATH=/home/rosdev/ros2_ws/install/yolo_msgs:/home/rosdev/ros2_ws/install/cv_bridge:/opt/ros/humble LD_LIBRARY_PATH=/home/rosdev/ros2_ws/install/yolo_msgs/lib:/home/rosdev/ros2_ws/install/cv_bridge/lib:${LD_LIBRARY_PATH} PYTHONPATH=/home/rosdev/ros2_ws/install/yolo_ros/lib/python3.10/site-packages:/home/rosdev/ros2_ws/install/yolo_msgs/local/lib/python3.10/dist-packages:/home/rosdev/ros2_ws/install/cv_bridge/local/lib/python3.10/dist-packages:${PYTHONPATH} /usr/bin/cmake /home/rosdev/ros2_ws/src/yolo_ros/yolo_bringup -DCMAKE_INSTALL_PREFIX=/home/rosdev/ros2_ws/install/yolo_bringup
[0.092s] -- Found ament_cmake: 1.3.11 (/opt/ros/humble/share/ament_cmake/cmake)
[0.389s] -- Override CMake install command with custom implementation using symlinks instead of copying resources
[0.552s] -- Configuring done
[0.558s] -- Generating done
[0.560s] -- Build files have been written to: /home/rosdev/ros2_ws/build/yolo_bringup
[0.575s] Invoked command in '/home/rosdev/ros2_ws/build/yolo_bringup' returned '0': AMENT_PREFIX_PATH=/home/rosdev/ros2_ws/install/yolo_ros:/home/rosdev/ros2_ws/install/yolo_msgs:/home/rosdev/ros2_ws/install/cv_bridge:${AMENT_PREFIX_PATH} CMAKE_PREFIX_PATH=/home/rosdev/ros2_ws/install/yolo_msgs:/home/rosdev/ros2_ws/install/cv_bridge:/opt/ros/humble LD_LIBRARY_PATH=/home/rosdev/ros2_ws/install/yolo_msgs/lib:/home/rosdev/ros2_ws/install/cv_bridge/lib:${LD_LIBRARY_PATH} PYTHONPATH=/home/rosdev/ros2_ws/install/yolo_ros/lib/python3.10/site-packages:/home/rosdev/ros2_ws/install/yolo_msgs/local/lib/python3.10/dist-packages:/home/rosdev/ros2_ws/install/cv_bridge/local/lib/python3.10/dist-packages:${PYTHONPATH} /usr/bin/cmake /home/rosdev/ros2_ws/src/yolo_ros/yolo_bringup -DCMAKE_INSTALL_PREFIX=/home/rosdev/ros2_ws/install/yolo_bringup
[0.576s] Invoking command in '/home/rosdev/ros2_ws/build/yolo_bringup': AMENT_PREFIX_PATH=/home/rosdev/ros2_ws/install/yolo_ros:/home/rosdev/ros2_ws/install/yolo_msgs:/home/rosdev/ros2_ws/install/cv_bridge:${AMENT_PREFIX_PATH} CMAKE_PREFIX_PATH=/home/rosdev/ros2_ws/install/yolo_msgs:/home/rosdev/ros2_ws/install/cv_bridge:/opt/ros/humble LD_LIBRARY_PATH=/home/rosdev/ros2_ws/install/yolo_msgs/lib:/home/rosdev/ros2_ws/install/cv_bridge/lib:${LD_LIBRARY_PATH} PYTHONPATH=/home/rosdev/ros2_ws/install/yolo_ros/lib/python3.10/site-packages:/home/rosdev/ros2_ws/install/yolo_msgs/local/lib/python3.10/dist-packages:/home/rosdev/ros2_ws/install/cv_bridge/local/lib/python3.10/dist-packages:${PYTHONPATH} /usr/bin/cmake --build /home/rosdev/ros2_ws/build/yolo_bringup -- -j12 -l12
[0.688s] Invoked command in '/home/rosdev/ros2_ws/build/yolo_bringup' returned '0': AMENT_PREFIX_PATH=/home/rosdev/ros2_ws/install/yolo_ros:/home/rosdev/ros2_ws/install/yolo_msgs:/home/rosdev/ros2_ws/install/cv_bridge:${AMENT_PREFIX_PATH} CMAKE_PREFIX_PATH=/home/rosdev/ros2_ws/install/yolo_msgs:/home/rosdev/ros2_ws/install/cv_bridge:/opt/ros/humble LD_LIBRARY_PATH=/home/rosdev/ros2_ws/install/yolo_msgs/lib:/home/rosdev/ros2_ws/install/cv_bridge/lib:${LD_LIBRARY_PATH} PYTHONPATH=/home/rosdev/ros2_ws/install/yolo_ros/lib/python3.10/site-packages:/home/rosdev/ros2_ws/install/yolo_msgs/local/lib/python3.10/dist-packages:/home/rosdev/ros2_ws/install/cv_bridge/local/lib/python3.10/dist-packages:${PYTHONPATH} /usr/bin/cmake --build /home/rosdev/ros2_ws/build/yolo_bringup -- -j12 -l12
[0.689s] Invoking command in '/home/rosdev/ros2_ws/build/yolo_bringup': AMENT_PREFIX_PATH=/home/rosdev/ros2_ws/install/yolo_ros:/home/rosdev/ros2_ws/install/yolo_msgs:/home/rosdev/ros2_ws/install/cv_bridge:${AMENT_PREFIX_PATH} CMAKE_PREFIX_PATH=/home/rosdev/ros2_ws/install/yolo_msgs:/home/rosdev/ros2_ws/install/cv_bridge:/opt/ros/humble LD_LIBRARY_PATH=/home/rosdev/ros2_ws/install/yolo_msgs/lib:/home/rosdev/ros2_ws/install/cv_bridge/lib:${LD_LIBRARY_PATH} PYTHONPATH=/home/rosdev/ros2_ws/install/yolo_ros/lib/python3.10/site-packages:/home/rosdev/ros2_ws/install/yolo_msgs/local/lib/python3.10/dist-packages:/home/rosdev/ros2_ws/install/cv_bridge/local/lib/python3.10/dist-packages:${PYTHONPATH} /usr/bin/cmake --install /home/rosdev/ros2_ws/build/yolo_bringup
[0.699s] -- Install configuration: ""
[0.699s] -- Execute custom install script
[0.701s] -- Up-to-date symlink: /home/rosdev/ros2_ws/install/yolo_bringup/share/yolo_bringup//launch/yolo-world.launch.py
[0.701s] -- Up-to-date symlink: /home/rosdev/ros2_ws/install/yolo_bringup/share/yolo_bringup//launch/yolo.launch.py
[0.701s] -- Up-to-date symlink: /home/rosdev/ros2_ws/install/yolo_bringup/share/yolo_bringup//launch/yolov10.launch.py
[0.701s] -- Up-to-date symlink: /home/rosdev/ros2_ws/install/yolo_bringup/share/yolo_bringup//launch/yolov11.launch.py
[0.701s] -- Up-to-date symlink: /home/rosdev/ros2_ws/install/yolo_bringup/share/yolo_bringup//launch/yolov12.launch.py
[0.710s] -- Up-to-date symlink: /home/rosdev/ros2_ws/install/yolo_bringup/share/yolo_bringup//launch/yolov5.launch.py
[0.710s] -- Up-to-date symlink: /home/rosdev/ros2_ws/install/yolo_bringup/share/yolo_bringup//launch/yolov8.launch.py
[0.710s] -- Up-to-date symlink: /home/rosdev/ros2_ws/install/yolo_bringup/share/yolo_bringup//launch/yolov9.launch.py
[0.710s] -- Up-to-date symlink: /home/rosdev/ros2_ws/install/yolo_bringup/share/ament_index/resource_index/package_run_dependencies/yolo_bringup
[0.710s] -- Up-to-date symlink: /home/rosdev/ros2_ws/install/yolo_bringup/share/ament_index/resource_index/parent_prefix_path/yolo_bringup
[0.711s] -- Up-to-date symlink: /home/rosdev/ros2_ws/install/yolo_bringup/share/yolo_bringup/environment/ament_prefix_path.sh
[0.711s] -- Up-to-date symlink: /home/rosdev/ros2_ws/install/yolo_bringup/share/yolo_bringup/environment/ament_prefix_path.dsv
[0.711s] -- Up-to-date symlink: /home/rosdev/ros2_ws/install/yolo_bringup/share/yolo_bringup/environment/path.sh
[0.711s] -- Up-to-date symlink: /home/rosdev/ros2_ws/install/yolo_bringup/share/yolo_bringup/environment/path.dsv
[0.711s] -- Up-to-date symlink: /home/rosdev/ros2_ws/install/yolo_bringup/share/yolo_bringup/local_setup.bash
[0.711s] -- Up-to-date symlink: /home/rosdev/ros2_ws/install/yolo_bringup/share/yolo_bringup/local_setup.sh
[0.711s] -- Up-to-date symlink: /home/rosdev/ros2_ws/install/yolo_bringup/share/yolo_bringup/local_setup.zsh
[0.711s] -- Up-to-date symlink: /home/rosdev/ros2_ws/install/yolo_bringup/share/yolo_bringup/local_setup.dsv
[0.711s] -- Symlinking: /home/rosdev/ros2_ws/install/yolo_bringup/share/yolo_bringup/package.dsv
[0.722s] -- Up-to-date symlink: /home/rosdev/ros2_ws/install/yolo_bringup/share/ament_index/resource_index/packages/yolo_bringup
[0.722s] -- Up-to-date symlink: /home/rosdev/ros2_ws/install/yolo_bringup/share/yolo_bringup/cmake/yolo_bringupConfig.cmake
[0.722s] -- Up-to-date symlink: /home/rosdev/ros2_ws/install/yolo_bringup/share/yolo_bringup/cmake/yolo_bringupConfig-version.cmake
[0.722s] -- Up-to-date symlink: /home/rosdev/ros2_ws/install/yolo_bringup/share/yolo_bringup/package.xml
[0.774s] Invoked command in '/home/rosdev/ros2_ws/build/yolo_bringup' returned '0': AMENT_PREFIX_PATH=/home/rosdev/ros2_ws/install/yolo_ros:/home/rosdev/ros2_ws/install/yolo_msgs:/home/rosdev/ros2_ws/install/cv_bridge:${AMENT_PREFIX_PATH} CMAKE_PREFIX_PATH=/home/rosdev/ros2_ws/install/yolo_msgs:/home/rosdev/ros2_ws/install/cv_bridge:/opt/ros/humble LD_LIBRARY_PATH=/home/rosdev/ros2_ws/install/yolo_msgs/lib:/home/rosdev/ros2_ws/install/cv_bridge/lib:${LD_LIBRARY_PATH} PYTHONPATH=/home/rosdev/ros2_ws/install/yolo_ros/lib/python3.10/site-packages:/home/rosdev/ros2_ws/install/yolo_msgs/local/lib/python3.10/dist-packages:/home/rosdev/ros2_ws/install/cv_bridge/local/lib/python3.10/dist-packages:${PYTHONPATH} /usr/bin/cmake --install /home/rosdev/ros2_ws/build/yolo_bringup
