[0.083s] Invoking command in '/home/rosdev/ros2_ws/build/tf2': CMAKE_PREFIX_PATH=${CMAKE_PREFIX_PATH}:/home/rosdev/ros2_ws/install/yolov8_tf_node:/home/rosdev/ros2_ws/install/yolo_ros:/home/rosdev/ros2_ws/install/tf2_tools:/home/rosdev/ros2_ws/install/examples_tf2_py:/home/rosdev/ros2_ws/install/tf2_ros_py:/home/rosdev/ros2_ws/install/opencv_tests:/opt/ros/humble /usr/bin/cmake --build /home/rosdev/ros2_ws/build/tf2 -- -j12 -l12
[0.199s] [  9%] Built target gtest_main
[0.215s] [ 33%] Built target tf2
[0.310s] [ 42%] Built target gtest
[0.316s] [ 52%] Built target cache_benchmark
[0.409s] [ 61%] Built target test_cache_unittest
[0.455s] [ 71%] Built target test_static_cache_unittest
[0.494s] [ 80%] Built target test_storage
[0.594s] [ 90%] Built target test_time
[0.638s] [100%] Built target test_simple_tf2_core
[0.695s] Invoked command in '/home/rosdev/ros2_ws/build/tf2' returned '0': CMAKE_PREFIX_PATH=${CMAKE_PREFIX_PATH}:/home/rosdev/ros2_ws/install/yolov8_tf_node:/home/rosdev/ros2_ws/install/yolo_ros:/home/rosdev/ros2_ws/install/tf2_tools:/home/rosdev/ros2_ws/install/examples_tf2_py:/home/rosdev/ros2_ws/install/tf2_ros_py:/home/rosdev/ros2_ws/install/opencv_tests:/opt/ros/humble /usr/bin/cmake --build /home/rosdev/ros2_ws/build/tf2 -- -j12 -l12
[0.738s] Invoking command in '/home/rosdev/ros2_ws/build/tf2': CMAKE_PREFIX_PATH=${CMAKE_PREFIX_PATH}:/home/rosdev/ros2_ws/install/yolov8_tf_node:/home/rosdev/ros2_ws/install/yolo_ros:/home/rosdev/ros2_ws/install/tf2_tools:/home/rosdev/ros2_ws/install/examples_tf2_py:/home/rosdev/ros2_ws/install/tf2_ros_py:/home/rosdev/ros2_ws/install/opencv_tests:/opt/ros/humble /usr/bin/cmake --install /home/rosdev/ros2_ws/build/tf2
[0.764s] -- Install configuration: ""
[0.766s] -- Execute custom install script
[0.769s] -- Up-to-date symlink: /home/rosdev/ros2_ws/install/tf2/include/tf2/tf2/LinearMath/Matrix3x3.h
[0.770s] -- Up-to-date symlink: /home/rosdev/ros2_ws/install/tf2/include/tf2/tf2/LinearMath/MinMax.h
[0.771s] -- Up-to-date symlink: /home/rosdev/ros2_ws/install/tf2/include/tf2/tf2/LinearMath/QuadWord.h
[0.771s] -- Up-to-date symlink: /home/rosdev/ros2_ws/install/tf2/include/tf2/tf2/LinearMath/Quaternion.h
[0.772s] -- Up-to-date symlink: /home/rosdev/ros2_ws/install/tf2/include/tf2/tf2/LinearMath/Scalar.h
[0.772s] -- Up-to-date symlink: /home/rosdev/ros2_ws/install/tf2/include/tf2/tf2/LinearMath/Transform.h
[0.773s] -- Up-to-date symlink: /home/rosdev/ros2_ws/install/tf2/include/tf2/tf2/LinearMath/Vector3.h
[0.773s] -- Up-to-date symlink: /home/rosdev/ros2_ws/install/tf2/include/tf2/tf2/buffer_core.h
[0.774s] -- Up-to-date symlink: /home/rosdev/ros2_ws/install/tf2/include/tf2/tf2/buffer_core_interface.h
[0.776s] -- Up-to-date symlink: /home/rosdev/ros2_ws/install/tf2/include/tf2/tf2/convert.h
[0.776s] -- Up-to-date symlink: /home/rosdev/ros2_ws/install/tf2/include/tf2/tf2/exceptions.h
[0.776s] -- Up-to-date symlink: /home/rosdev/ros2_ws/install/tf2/include/tf2/tf2/impl/convert.h
[0.776s] -- Up-to-date symlink: /home/rosdev/ros2_ws/install/tf2/include/tf2/tf2/impl/utils.h
[0.776s] -- Up-to-date symlink: /home/rosdev/ros2_ws/install/tf2/include/tf2/tf2/time.h
[0.776s] -- Up-to-date symlink: /home/rosdev/ros2_ws/install/tf2/include/tf2/tf2/time_cache.h
[0.777s] -- Up-to-date symlink: /home/rosdev/ros2_ws/install/tf2/include/tf2/tf2/transform_datatypes.h
[0.779s] -- Up-to-date symlink: /home/rosdev/ros2_ws/install/tf2/include/tf2/tf2/transform_storage.h
[0.779s] -- Up-to-date symlink: /home/rosdev/ros2_ws/install/tf2/include/tf2/tf2/utils.h
[0.779s] -- Up-to-date symlink: /home/rosdev/ros2_ws/install/tf2/include/tf2/tf2/visibility_control.h
[0.779s] -- Up-to-date symlink: /home/rosdev/ros2_ws/install/tf2/share/tf2/environment/library_path.sh
[0.780s] -- Up-to-date symlink: /home/rosdev/ros2_ws/install/tf2/share/tf2/environment/library_path.dsv
[0.781s] -- Up-to-date symlink: /home/rosdev/ros2_ws/install/tf2/share/ament_index/resource_index/package_run_dependencies/tf2
[0.781s] -- Up-to-date symlink: /home/rosdev/ros2_ws/install/tf2/share/ament_index/resource_index/parent_prefix_path/tf2
[0.781s] -- Up-to-date symlink: /home/rosdev/ros2_ws/install/tf2/share/tf2/environment/ament_prefix_path.sh
[0.782s] -- Up-to-date symlink: /home/rosdev/ros2_ws/install/tf2/share/tf2/environment/ament_prefix_path.dsv
[0.783s] -- Up-to-date symlink: /home/rosdev/ros2_ws/install/tf2/share/tf2/environment/path.sh
[0.783s] -- Up-to-date symlink: /home/rosdev/ros2_ws/install/tf2/share/tf2/environment/path.dsv
[0.784s] -- Up-to-date symlink: /home/rosdev/ros2_ws/install/tf2/share/tf2/local_setup.bash
[0.784s] -- Up-to-date symlink: /home/rosdev/ros2_ws/install/tf2/share/tf2/local_setup.sh
[0.785s] -- Up-to-date symlink: /home/rosdev/ros2_ws/install/tf2/share/tf2/local_setup.zsh
[0.786s] -- Up-to-date symlink: /home/rosdev/ros2_ws/install/tf2/share/tf2/local_setup.dsv
[0.786s] -- Symlinking: /home/rosdev/ros2_ws/install/tf2/share/tf2/package.dsv
[0.814s] -- Up-to-date symlink: /home/rosdev/ros2_ws/install/tf2/share/ament_index/resource_index/packages/tf2
[0.814s] -- Up-to-date symlink: /home/rosdev/ros2_ws/install/tf2/share/tf2/cmake/ament_cmake_export_dependencies-extras.cmake
[0.814s] -- Up-to-date symlink: /home/rosdev/ros2_ws/install/tf2/share/tf2/cmake/ament_cmake_export_include_directories-extras.cmake
[0.814s] -- Up-to-date symlink: /home/rosdev/ros2_ws/install/tf2/share/tf2/cmake/ament_cmake_export_libraries-extras.cmake
[0.814s] -- Up-to-date symlink: /home/rosdev/ros2_ws/install/tf2/share/tf2/cmake/ament_cmake_export_targets-extras.cmake
[0.814s] -- Up-to-date symlink: /home/rosdev/ros2_ws/install/tf2/share/tf2/cmake/tf2Config.cmake
[0.814s] -- Up-to-date symlink: /home/rosdev/ros2_ws/install/tf2/share/tf2/cmake/tf2Config-version.cmake
[0.815s] -- Up-to-date symlink: /home/rosdev/ros2_ws/install/tf2/share/tf2/package.xml
[0.815s] -- Up-to-date: /home/rosdev/ros2_ws/install/tf2/lib/libtf2.so
[0.819s] -- Up-to-date: /home/rosdev/ros2_ws/install/tf2/share/tf2/cmake/export_tf2Export.cmake
[0.819s] -- Up-to-date: /home/rosdev/ros2_ws/install/tf2/share/tf2/cmake/export_tf2Export-noconfig.cmake
[0.827s] Invoked command in '/home/rosdev/ros2_ws/build/tf2' returned '0': CMAKE_PREFIX_PATH=${CMAKE_PREFIX_PATH}:/home/rosdev/ros2_ws/install/yolov8_tf_node:/home/rosdev/ros2_ws/install/yolo_ros:/home/rosdev/ros2_ws/install/tf2_tools:/home/rosdev/ros2_ws/install/examples_tf2_py:/home/rosdev/ros2_ws/install/tf2_ros_py:/home/rosdev/ros2_ws/install/opencv_tests:/opt/ros/humble /usr/bin/cmake --install /home/rosdev/ros2_ws/build/tf2
