[1.017s] Invoking command in '/home/rosdev/ros2_ws/src/aruco_realsense_ros': CMAKE_PREFIX_PATH=/home/rosdev/ros2_ws/install/tf2_ros:/home/rosdev/ros2_ws/install/tf2_msgs:/home/rosdev/ros2_ws/install/tf2:/home/rosdev/ros2_ws/install/cv_bridge:/home/rosdev/ros2_ws/install/aruco:/home/rosdev/ros2_ws/install/yolo_bringup:/home/rosdev/ros2_ws/install/yolo_msgs:/home/rosdev/ros2_ws/install/vision_opencv:/home/rosdev/ros2_ws/install/geometry2:/home/rosdev/ros2_ws/install/tf2_sensor_msgs:/home/rosdev/ros2_ws/install/test_tf2:/home/rosdev/ros2_ws/install/tf2_kdl:/home/rosdev/ros2_ws/install/tf2_geometry_msgs:/home/rosdev/ros2_ws/install/tf2_eigen:/home/rosdev/ros2_ws/install/tf2_bullet:/home/rosdev/ros2_ws/install/realsense2_camera:/home/rosdev/ros2_ws/install/tf2_py:/home/rosdev/ros2_ws/install/tf2_eigen_kdl:/home/rosdev/ros2_ws/install/realsense2_description:/home/rosdev/ros2_ws/install/realsense2_camera_msgs:/home/rosdev/ros2_ws/install/image_geometry LD_LIBRARY_PATH=/home/rosdev/ros2_ws/install/tf2_ros/lib:/home/rosdev/ros2_ws/install/tf2_msgs/lib:/home/rosdev/ros2_ws/install/tf2/lib:/home/rosdev/ros2_ws/install/cv_bridge/lib:/home/rosdev/ros2_ws/install/yolo_msgs/lib:/home/rosdev/ros2_ws/install/realsense2_camera/lib:/home/rosdev/ros2_ws/install/tf2_eigen_kdl/lib:/home/rosdev/ros2_ws/install/realsense2_camera_msgs/lib:/home/rosdev/ros2_ws/install/image_geometry/lib:/opt/ros/humble/lib/aarch64-linux-gnu:/opt/ros/humble/lib PYTHONPATH=/home/rosdev/ros2_ws/build/aruco_realsense_ros/prefix_override:/usr/lib/python3/dist-packages/colcon_core/task/python/colcon_distutils_commands:/home/rosdev/ros2_ws/install/aruco_realsense_ros/lib/python3.10/site-packages:${PYTHONPATH} /usr/bin/python3 -W ignore:setup.py install is deprecated -W ignore:easy_install command is deprecated setup.py egg_info --egg-base ../../build/aruco_realsense_ros build --build-base /home/rosdev/ros2_ws/build/aruco_realsense_ros/build install --record /home/rosdev/ros2_ws/build/aruco_realsense_ros/install.log --single-version-externally-managed install_data
[1.373s] running egg_info
[1.374s] writing ../../build/aruco_realsense_ros/aruco_realsense_ros.egg-info/PKG-INFO
[1.375s] writing dependency_links to ../../build/aruco_realsense_ros/aruco_realsense_ros.egg-info/dependency_links.txt
[1.375s] writing entry points to ../../build/aruco_realsense_ros/aruco_realsense_ros.egg-info/entry_points.txt
[1.376s] writing requirements to ../../build/aruco_realsense_ros/aruco_realsense_ros.egg-info/requires.txt
[1.376s] writing top-level names to ../../build/aruco_realsense_ros/aruco_realsense_ros.egg-info/top_level.txt
[1.379s] reading manifest file '../../build/aruco_realsense_ros/aruco_realsense_ros.egg-info/SOURCES.txt'
[1.379s] writing manifest file '../../build/aruco_realsense_ros/aruco_realsense_ros.egg-info/SOURCES.txt'
[1.380s] running build
[1.380s] running build_py
[1.381s] copying aruco_realsense_ros/aruco_node.py -> /home/rosdev/ros2_ws/build/aruco_realsense_ros/build/lib/aruco_realsense_ros
[1.381s] running install
[1.381s] running install_lib
[1.383s] copying /home/rosdev/ros2_ws/build/aruco_realsense_ros/build/lib/aruco_realsense_ros/aruco_node.py -> /home/rosdev/ros2_ws/install/aruco_realsense_ros/lib/python3.10/site-packages/aruco_realsense_ros
[1.384s] byte-compiling /home/rosdev/ros2_ws/install/aruco_realsense_ros/lib/python3.10/site-packages/aruco_realsense_ros/aruco_node.py to aruco_node.cpython-310.pyc
[1.387s] running install_data
[1.387s] running install_egg_info
[1.390s] removing '/home/rosdev/ros2_ws/install/aruco_realsense_ros/lib/python3.10/site-packages/aruco_realsense_ros-0.0.0-py3.10.egg-info' (and everything under it)
[1.391s] Copying ../../build/aruco_realsense_ros/aruco_realsense_ros.egg-info to /home/rosdev/ros2_ws/install/aruco_realsense_ros/lib/python3.10/site-packages/aruco_realsense_ros-0.0.0-py3.10.egg-info
[1.392s] running install_scripts
[1.427s] Installing aruco_node script to /home/rosdev/ros2_ws/install/aruco_realsense_ros/lib/aruco_realsense_ros
[1.429s] writing list of installed files to '/home/rosdev/ros2_ws/build/aruco_realsense_ros/install.log'
[1.506s] Invoked command in '/home/rosdev/ros2_ws/src/aruco_realsense_ros' returned '0': CMAKE_PREFIX_PATH=/home/rosdev/ros2_ws/install/tf2_ros:/home/rosdev/ros2_ws/install/tf2_msgs:/home/rosdev/ros2_ws/install/tf2:/home/rosdev/ros2_ws/install/cv_bridge:/home/rosdev/ros2_ws/install/aruco:/home/rosdev/ros2_ws/install/yolo_bringup:/home/rosdev/ros2_ws/install/yolo_msgs:/home/rosdev/ros2_ws/install/vision_opencv:/home/rosdev/ros2_ws/install/geometry2:/home/rosdev/ros2_ws/install/tf2_sensor_msgs:/home/rosdev/ros2_ws/install/test_tf2:/home/rosdev/ros2_ws/install/tf2_kdl:/home/rosdev/ros2_ws/install/tf2_geometry_msgs:/home/rosdev/ros2_ws/install/tf2_eigen:/home/rosdev/ros2_ws/install/tf2_bullet:/home/rosdev/ros2_ws/install/realsense2_camera:/home/rosdev/ros2_ws/install/tf2_py:/home/rosdev/ros2_ws/install/tf2_eigen_kdl:/home/rosdev/ros2_ws/install/realsense2_description:/home/rosdev/ros2_ws/install/realsense2_camera_msgs:/home/rosdev/ros2_ws/install/image_geometry LD_LIBRARY_PATH=/home/rosdev/ros2_ws/install/tf2_ros/lib:/home/rosdev/ros2_ws/install/tf2_msgs/lib:/home/rosdev/ros2_ws/install/tf2/lib:/home/rosdev/ros2_ws/install/cv_bridge/lib:/home/rosdev/ros2_ws/install/yolo_msgs/lib:/home/rosdev/ros2_ws/install/realsense2_camera/lib:/home/rosdev/ros2_ws/install/tf2_eigen_kdl/lib:/home/rosdev/ros2_ws/install/realsense2_camera_msgs/lib:/home/rosdev/ros2_ws/install/image_geometry/lib:/opt/ros/humble/lib/aarch64-linux-gnu:/opt/ros/humble/lib PYTHONPATH=/home/rosdev/ros2_ws/build/aruco_realsense_ros/prefix_override:/usr/lib/python3/dist-packages/colcon_core/task/python/colcon_distutils_commands:/home/rosdev/ros2_ws/install/aruco_realsense_ros/lib/python3.10/site-packages:${PYTHONPATH} /usr/bin/python3 -W ignore:setup.py install is deprecated -W ignore:easy_install command is deprecated setup.py egg_info --egg-base ../../build/aruco_realsense_ros build --build-base /home/rosdev/ros2_ws/build/aruco_realsense_ros/build install --record /home/rosdev/ros2_ws/build/aruco_realsense_ros/install.log --single-version-externally-managed install_data
