-- Found ament_cmake: 1.3.11 (/opt/ros/humble/share/ament_cmake/cmake)
-- Override CMake install command with custom implementation using symlinks instead of copying resources
-- Found builtin_interfaces: 1.2.1 (/opt/ros/humble/share/builtin_interfaces/cmake)
-- Found rosidl_generator_c: 3.1.6 (/opt/ros/humble/share/rosidl_generator_c/cmake)
-- Found rosidl_adapter: 3.1.6 (/opt/ros/humble/share/rosidl_adapter/cmake)
-- Found rosidl_generator_cpp: 3.1.6 (/opt/ros/humble/share/rosidl_generator_cpp/cmake)
-- Using all available rosidl_typesupport_c: rosidl_typesupport_fastrtps_c;rosidl_typesupport_introspection_c
-- Using all available rosidl_typesupport_cpp: rosidl_typesupport_fastrtps_cpp;rosidl_typesupport_introspection_cpp
-- Found geometry_msgs: 4.8.0 (/opt/ros/humble/share/geometry_msgs/cmake)
-- Found message_filters: 4.3.7 (/opt/ros/humble/share/message_filters/cmake)
-- Found rmw_implementation_cmake: 6.1.2 (/opt/ros/humble/share/rmw_implementation_cmake/cmake)
-- Found rmw_fastrtps_cpp: 6.2.7 (/opt/ros/humble/share/rmw_fastrtps_cpp/cmake)
-- Using RMW implementation 'rmw_fastrtps_cpp' as default
-- Found rclcpp_action: 16.0.12 (/opt/ros/humble/share/rclcpp_action/cmake)
-- Found rclcpp_components: 16.0.12 (/opt/ros/humble/share/rclcpp_components/cmake)
-- Found tf2: 0.25.7 (/home/rosdev/ros2_ws/install/tf2/share/tf2/cmake)
-- Found tf2_msgs: 0.25.7 (/home/rosdev/ros2_ws/install/tf2_msgs/share/tf2_msgs/cmake)
-- Found ament_cmake_cppcheck: 0.12.12 (/opt/ros/humble/share/ament_cmake_cppcheck/cmake)
-- Found ament_cmake_cpplint: 0.12.12 (/opt/ros/humble/share/ament_cmake_cpplint/cmake)
-- Found ament_cmake_lint_cmake: 0.12.12 (/opt/ros/humble/share/ament_cmake_lint_cmake/cmake)
-- Found ament_cmake_uncrustify: 0.12.12 (/opt/ros/humble/share/ament_cmake_uncrustify/cmake)
-- Found ament_cmake_gtest: 1.3.11 (/opt/ros/humble/share/ament_cmake_gtest/cmake)
-- Found gtest sources under '/opt/ros/humble/src/gtest_vendor': C++ tests using 'Google Test' will be built
-- Configuring done
-- Generating done
-- Build files have been written to: /home/rosdev/ros2_ws/build/tf2_ros
[35m[1mConsolidate compiler generated dependencies of target gtest_main[0m
[35m[1mConsolidate compiler generated dependencies of target gtest[0m
[35m[1mConsolidate compiler generated dependencies of target tf2_ros[0m
[  5%] Built target gtest_main
[ 10%] Built target gtest
[ 17%] [32mBuilding CXX object CMakeFiles/tf2_ros.dir/src/buffer.cpp.o[0m
[ 17%] [32mBuilding CXX object CMakeFiles/tf2_ros.dir/src/transform_listener.cpp.o[0m
[ 17%] [32mBuilding CXX object CMakeFiles/tf2_ros.dir/src/create_timer_ros.cpp.o[0m
[ 22%] [32mBuilding CXX object CMakeFiles/tf2_ros.dir/src/buffer_client.cpp.o[0m
[ 22%] [32mBuilding CXX object CMakeFiles/tf2_ros.dir/src/buffer_server.cpp.o[0m
[ 25%] [32mBuilding CXX object CMakeFiles/tf2_ros.dir/src/transform_broadcaster.cpp.o[0m
[ 27%] [32mBuilding CXX object CMakeFiles/tf2_ros.dir/src/static_transform_broadcaster.cpp.o[0m
[ 30%] [32m[1mLinking CXX shared library libtf2_ros.so[0m
[ 30%] Built target tf2_ros
[35m[1mConsolidate compiler generated dependencies of target static_transform_broadcaster_node[0m
[35m[1mConsolidate compiler generated dependencies of target test_buffer_server[0m
[35m[1mConsolidate compiler generated dependencies of target tf2_echo[0m
[35m[1mConsolidate compiler generated dependencies of target tf2_monitor[0m
[35m[1mConsolidate compiler generated dependencies of target test_buffer[0m
[35m[1mConsolidate compiler generated dependencies of target buffer_server[0m
[35m[1mConsolidate compiler generated dependencies of target test_buffer_client[0m
[35m[1mConsolidate compiler generated dependencies of target tf2_ros_test_static_transform_broadcaster[0m
[35m[1mConsolidate compiler generated dependencies of target tf2_ros_test_message_filter[0m
[35m[1mConsolidate compiler generated dependencies of target tf2_ros_test_transform_listener[0m
[35m[1mConsolidate compiler generated dependencies of target tf2_ros_test_time_reset[0m
[ 35%] [32mBuilding CXX object CMakeFiles/test_buffer.dir/test/test_buffer.cpp.o[0m
[35m[1mConsolidate compiler generated dependencies of target tf2_ros_test_transform_broadcaster[0m
[ 35%] [32mBuilding CXX object CMakeFiles/static_transform_broadcaster_node.dir/src/static_transform_broadcaster_node.cpp.o[0m
[ 37%] [32mBuilding CXX object CMakeFiles/tf2_ros_test_static_transform_broadcaster.dir/test/test_static_transform_broadcaster.cpp.o[0m
[ 42%] [32mBuilding CXX object CMakeFiles/tf2_monitor.dir/src/tf2_monitor.cpp.o[0m
[ 40%] [32mBuilding CXX object CMakeFiles/test_buffer_client.dir/test/test_buffer_client.cpp.o[0m
[ 45%] [32mBuilding CXX object CMakeFiles/tf2_ros_test_message_filter.dir/test/message_filter_test.cpp.o[0m
[ 50%] [32mBuilding CXX object CMakeFiles/tf2_ros_test_time_reset.dir/test/time_reset_test.cpp.o[0m
[ 50%] [32mBuilding CXX object CMakeFiles/tf2_echo.dir/src/tf2_echo.cpp.o[0m
[ 55%] [32mBuilding CXX object CMakeFiles/test_buffer_server.dir/test/test_buffer_server.cpp.o[0m
[ 55%] [32mBuilding CXX object CMakeFiles/tf2_ros_test_transform_listener.dir/test/test_transform_listener.cpp.o[0m
[ 57%] [32mBuilding CXX object CMakeFiles/buffer_server.dir/src/buffer_server_main.cpp.o[0m
[ 60%] [32mBuilding CXX object CMakeFiles/tf2_ros_test_transform_broadcaster.dir/test/test_transform_broadcaster.cpp.o[0m
[ 62%] [32m[1mLinking CXX executable tf2_echo[0m
[ 62%] Built target tf2_echo
[35m[1mConsolidate compiler generated dependencies of target tf2_ros_test_listener[0m
[ 65%] [32mBuilding CXX object CMakeFiles/tf2_ros_test_listener.dir/test/listener_unittest.cpp.o[0m
[ 67%] [32m[1mLinking CXX executable buffer_server[0m
[ 70%] [32m[1mLinking CXX shared library libstatic_transform_broadcaster_node.so[0m
[ 72%] [32m[1mLinking CXX executable test_buffer[0m
[ 72%] Built target buffer_server
[ 72%] Built target static_transform_broadcaster_node
[35m[1mConsolidate compiler generated dependencies of target static_transform_publisher[0m
[ 75%] [32mBuilding CXX object CMakeFiles/static_transform_publisher.dir/src/static_transform_broadcaster_program.cpp.o[0m
[ 75%] Built target test_buffer
[ 77%] [32m[1mLinking CXX executable tf2_ros_test_static_transform_broadcaster[0m
[ 80%] [32m[1mLinking CXX executable tf2_ros_test_transform_broadcaster[0m
[ 80%] Built target tf2_ros_test_static_transform_broadcaster
[ 80%] Built target tf2_ros_test_transform_broadcaster
[ 82%] [32m[1mLinking CXX executable test_buffer_client[0m
[ 85%] [32m[1mLinking CXX executable tf2_ros_test_time_reset[0m
[ 85%] Built target test_buffer_client
[ 85%] Built target tf2_ros_test_time_reset
[ 87%] [32m[1mLinking CXX executable test_buffer_server[0m
[ 87%] Built target test_buffer_server
[ 90%] [32m[1mLinking CXX executable static_transform_publisher[0m
[ 90%] Built target static_transform_publisher
[ 92%] [32m[1mLinking CXX executable tf2_monitor[0m
[ 92%] Built target tf2_monitor
[ 95%] [32m[1mLinking CXX executable tf2_ros_test_transform_listener[0m
[ 97%] [32m[1mLinking CXX executable tf2_ros_test_message_filter[0m
[ 97%] Built target tf2_ros_test_transform_listener
[ 97%] Built target tf2_ros_test_message_filter
[100%] [32m[1mLinking CXX executable tf2_ros_test_listener[0m
[100%] Built target tf2_ros_test_listener
-- Install configuration: ""
-- Execute custom install script
-- Up-to-date symlink: /home/rosdev/ros2_ws/install/tf2_ros/lib/tf2_ros/buffer_server
-- Up-to-date symlink: /home/rosdev/ros2_ws/install/tf2_ros/lib/tf2_ros/static_transform_publisher
-- Up-to-date symlink: /home/rosdev/ros2_ws/install/tf2_ros/lib/tf2_ros/tf2_echo
-- Up-to-date symlink: /home/rosdev/ros2_ws/install/tf2_ros/lib/tf2_ros/tf2_monitor
-- Up-to-date symlink: /home/rosdev/ros2_ws/install/tf2_ros/include/tf2_ros/tf2_ros/async_buffer_interface.h
-- Up-to-date symlink: /home/rosdev/ros2_ws/install/tf2_ros/include/tf2_ros/tf2_ros/buffer.h
-- Up-to-date symlink: /home/rosdev/ros2_ws/install/tf2_ros/include/tf2_ros/tf2_ros/buffer_client.h
-- Up-to-date symlink: /home/rosdev/ros2_ws/install/tf2_ros/include/tf2_ros/tf2_ros/buffer_interface.h
-- Up-to-date symlink: /home/rosdev/ros2_ws/install/tf2_ros/include/tf2_ros/tf2_ros/buffer_server.h
-- Up-to-date symlink: /home/rosdev/ros2_ws/install/tf2_ros/include/tf2_ros/tf2_ros/create_timer_interface.h
-- Up-to-date symlink: /home/rosdev/ros2_ws/install/tf2_ros/include/tf2_ros/tf2_ros/create_timer_ros.h
-- Up-to-date symlink: /home/rosdev/ros2_ws/install/tf2_ros/include/tf2_ros/tf2_ros/message_filter.h
-- Up-to-date symlink: /home/rosdev/ros2_ws/install/tf2_ros/include/tf2_ros/tf2_ros/qos.hpp
-- Up-to-date symlink: /home/rosdev/ros2_ws/install/tf2_ros/include/tf2_ros/tf2_ros/static_transform_broadcaster.h
-- Up-to-date symlink: /home/rosdev/ros2_ws/install/tf2_ros/include/tf2_ros/tf2_ros/static_transform_broadcaster_node.hpp
-- Up-to-date symlink: /home/rosdev/ros2_ws/install/tf2_ros/include/tf2_ros/tf2_ros/static_transform_broadcaster_visibility_control.h
-- Up-to-date symlink: /home/rosdev/ros2_ws/install/tf2_ros/include/tf2_ros/tf2_ros/transform_broadcaster.h
-- Up-to-date symlink: /home/rosdev/ros2_ws/install/tf2_ros/include/tf2_ros/tf2_ros/transform_listener.h
-- Up-to-date symlink: /home/rosdev/ros2_ws/install/tf2_ros/include/tf2_ros/tf2_ros/visibility_control.h
-- Up-to-date symlink: /home/rosdev/ros2_ws/install/tf2_ros/share/tf2_ros/environment/library_path.sh
-- Up-to-date symlink: /home/rosdev/ros2_ws/install/tf2_ros/share/tf2_ros/environment/library_path.dsv
-- Up-to-date symlink: /home/rosdev/ros2_ws/install/tf2_ros/share/ament_index/resource_index/package_run_dependencies/tf2_ros
-- Up-to-date symlink: /home/rosdev/ros2_ws/install/tf2_ros/share/ament_index/resource_index/parent_prefix_path/tf2_ros
-- Up-to-date symlink: /home/rosdev/ros2_ws/install/tf2_ros/share/tf2_ros/environment/ament_prefix_path.sh
-- Up-to-date symlink: /home/rosdev/ros2_ws/install/tf2_ros/share/tf2_ros/environment/ament_prefix_path.dsv
-- Up-to-date symlink: /home/rosdev/ros2_ws/install/tf2_ros/share/tf2_ros/environment/path.sh
-- Up-to-date symlink: /home/rosdev/ros2_ws/install/tf2_ros/share/tf2_ros/environment/path.dsv
-- Up-to-date symlink: /home/rosdev/ros2_ws/install/tf2_ros/share/tf2_ros/local_setup.bash
-- Up-to-date symlink: /home/rosdev/ros2_ws/install/tf2_ros/share/tf2_ros/local_setup.sh
-- Up-to-date symlink: /home/rosdev/ros2_ws/install/tf2_ros/share/tf2_ros/local_setup.zsh
-- Up-to-date symlink: /home/rosdev/ros2_ws/install/tf2_ros/share/tf2_ros/local_setup.dsv
-- Symlinking: /home/rosdev/ros2_ws/install/tf2_ros/share/tf2_ros/package.dsv
-- Up-to-date symlink: /home/rosdev/ros2_ws/install/tf2_ros/share/ament_index/resource_index/packages/tf2_ros
-- Up-to-date symlink: /home/rosdev/ros2_ws/install/tf2_ros/share/ament_index/resource_index/rclcpp_components/tf2_ros
-- Up-to-date symlink: /home/rosdev/ros2_ws/install/tf2_ros/share/tf2_ros/cmake/ament_cmake_export_include_directories-extras.cmake
-- Up-to-date symlink: /home/rosdev/ros2_ws/install/tf2_ros/share/tf2_ros/cmake/ament_cmake_export_libraries-extras.cmake
-- Up-to-date symlink: /home/rosdev/ros2_ws/install/tf2_ros/share/tf2_ros/cmake/ament_cmake_export_targets-extras.cmake
-- Up-to-date symlink: /home/rosdev/ros2_ws/install/tf2_ros/share/tf2_ros/cmake/ament_cmake_export_dependencies-extras.cmake
-- Up-to-date symlink: /home/rosdev/ros2_ws/install/tf2_ros/share/tf2_ros/cmake/tf2_rosConfig.cmake
-- Up-to-date symlink: /home/rosdev/ros2_ws/install/tf2_ros/share/tf2_ros/cmake/tf2_rosConfig-version.cmake
-- Up-to-date symlink: /home/rosdev/ros2_ws/install/tf2_ros/share/tf2_ros/package.xml
-- Installing: /home/rosdev/ros2_ws/install/tf2_ros/lib/libtf2_ros.so
-- Set runtime path of "/home/rosdev/ros2_ws/install/tf2_ros/lib/libtf2_ros.so" to ""
-- Installing: /home/rosdev/ros2_ws/install/tf2_ros/lib/libstatic_transform_broadcaster_node.so
-- Set runtime path of "/home/rosdev/ros2_ws/install/tf2_ros/lib/libstatic_transform_broadcaster_node.so" to ""
-- Up-to-date: /home/rosdev/ros2_ws/install/tf2_ros/share/tf2_ros/cmake/export_tf2_rosExport.cmake
-- Up-to-date: /home/rosdev/ros2_ws/install/tf2_ros/share/tf2_ros/cmake/export_tf2_rosExport-noconfig.cmake
