[0.616s] Invoking command in '/home/rosdev/ros2_ws/build/realsense2_camera': CMAKE_PREFIX_PATH=/home/rosdev/ros2_ws/install/tf2_ros:/home/rosdev/ros2_ws/install/tf2_msgs:/home/rosdev/ros2_ws/install/tf2:/home/rosdev/ros2_ws/install/realsense2_camera_msgs:/home/rosdev/ros2_ws/install/cv_bridge:/home/rosdev/ros2_ws/install/yolo_bringup:/home/rosdev/ros2_ws/install/yolo_msgs:/home/rosdev/ros2_ws/install/vision_opencv:/home/rosdev/ros2_ws/install/geometry2:/home/rosdev/ros2_ws/install/tf2_sensor_msgs:/home/rosdev/ros2_ws/install/test_tf2:/home/rosdev/ros2_ws/install/tf2_kdl:/home/rosdev/ros2_ws/install/tf2_geometry_msgs:/home/rosdev/ros2_ws/install/tf2_eigen:/home/rosdev/ros2_ws/install/tf2_bullet:/home/rosdev/ros2_ws/install/realsense2_camera:/home/rosdev/ros2_ws/install/tf2_py:/home/rosdev/ros2_ws/install/tf2_eigen_kdl:/home/rosdev/ros2_ws/install/realsense2_description:/home/rosdev/ros2_ws/install/image_geometry:/home/rosdev/ros2_ws/install/yolov8_tf_node:/home/rosdev/ros2_ws/install/yolo_ros:/home/rosdev/ros2_ws/install/tf2_tools:/home/rosdev/ros2_ws/install/examples_tf2_py:/home/rosdev/ros2_ws/install/tf2_ros_py:/home/rosdev/ros2_ws/install/aruco_realsense_ros:/home/rosdev/ros2_ws/install/opencv_tests:/opt/ros/humble LD_LIBRARY_PATH=/home/rosdev/ros2_ws/install/tf2_ros/lib:/home/rosdev/ros2_ws/install/tf2_msgs/lib:/home/rosdev/ros2_ws/install/tf2/lib:/home/rosdev/ros2_ws/install/realsense2_camera_msgs/lib:/home/rosdev/ros2_ws/install/cv_bridge/lib:/home/rosdev/ros2_ws/install/yolo_msgs/lib:/home/rosdev/ros2_ws/install/realsense2_camera/lib:/home/rosdev/ros2_ws/install/tf2_eigen_kdl/lib:/home/rosdev/ros2_ws/install/image_geometry/lib:/opt/ros/humble/lib/aarch64-linux-gnu:/opt/ros/humble/lib /usr/bin/cmake --build /home/rosdev/ros2_ws/build/realsense2_camera -- -j12 -l12
[1.099s] -- Create Release Build.
[1.100s] -- Found ament_cmake: 1.3.11 (/opt/ros/humble/share/ament_cmake/cmake)
[1.100s] -- Override CMake install command with custom implementation using symlinks instead of copying resources
[1.100s] -- Found builtin_interfaces: 1.2.1 (/opt/ros/humble/share/builtin_interfaces/cmake)
[1.100s] -- Found rosidl_generator_c: 3.1.6 (/opt/ros/humble/share/rosidl_generator_c/cmake)
[1.100s] -- Found rosidl_adapter: 3.1.6 (/opt/ros/humble/share/rosidl_adapter/cmake)
[1.100s] -- Found rosidl_generator_cpp: 3.1.6 (/opt/ros/humble/share/rosidl_generator_cpp/cmake)
[1.100s] -- Using all available rosidl_typesupport_c: rosidl_typesupport_fastrtps_c;rosidl_typesupport_introspection_c
[1.101s] -- Using all available rosidl_typesupport_cpp: rosidl_typesupport_fastrtps_cpp;rosidl_typesupport_introspection_cpp
[1.101s] -- Found cv_bridge: 3.2.1 (/home/rosdev/ros2_ws/install/cv_bridge/share/cv_bridge/cmake)
[1.111s] -- Found image_transport: 3.1.11 (/opt/ros/humble/share/image_transport/cmake)
[1.161s] -- Found rmw_implementation_cmake: 6.1.2 (/opt/ros/humble/share/rmw_implementation_cmake/cmake)
[1.163s] -- Found rmw_fastrtps_cpp: 6.2.7 (/opt/ros/humble/share/rmw_fastrtps_cpp/cmake)
[1.454s] -- Using RMW implementation 'rmw_fastrtps_cpp' as default
[1.561s] -- Found rclcpp_components: 16.0.12 (/opt/ros/humble/share/rclcpp_components/cmake)
[1.591s] -- Found realsense2_camera_msgs: 4.54.1 (/home/rosdev/ros2_ws/install/realsense2_camera_msgs/share/realsense2_camera_msgs/cmake)
[1.609s] -- Found nav_msgs: 4.8.0 (/opt/ros/humble/share/nav_msgs/cmake)
[1.633s] -- Found tf2_ros: 0.25.7 (/home/rosdev/ros2_ws/install/tf2_ros/share/tf2_ros/cmake)
[1.722s] -- Found diagnostic_updater: 4.0.3 (/opt/ros/humble/share/diagnostic_updater/cmake)
[1.748s] -- Build for ROS2 Humble
[1.945s] -- Configuring done
[2.013s] -- Generating done
[2.028s] -- Build files have been written to: /home/rosdev/ros2_ws/build/realsense2_camera
[2.112s] [35m[1mConsolidate compiler generated dependencies of target realsense2_camera_node[0m
[2.130s] [35m[1mConsolidate compiler generated dependencies of target realsense2_camera[0m
[2.154s] [ 12%] Built target realsense2_camera_node
[2.222s] [ 18%] [32m[1mLinking CXX shared library librealsense2_camera.so[0m
[4.313s] [100%] Built target realsense2_camera
[4.359s] Invoked command in '/home/rosdev/ros2_ws/build/realsense2_camera' returned '0': CMAKE_PREFIX_PATH=/home/rosdev/ros2_ws/install/tf2_ros:/home/rosdev/ros2_ws/install/tf2_msgs:/home/rosdev/ros2_ws/install/tf2:/home/rosdev/ros2_ws/install/realsense2_camera_msgs:/home/rosdev/ros2_ws/install/cv_bridge:/home/rosdev/ros2_ws/install/yolo_bringup:/home/rosdev/ros2_ws/install/yolo_msgs:/home/rosdev/ros2_ws/install/vision_opencv:/home/rosdev/ros2_ws/install/geometry2:/home/rosdev/ros2_ws/install/tf2_sensor_msgs:/home/rosdev/ros2_ws/install/test_tf2:/home/rosdev/ros2_ws/install/tf2_kdl:/home/rosdev/ros2_ws/install/tf2_geometry_msgs:/home/rosdev/ros2_ws/install/tf2_eigen:/home/rosdev/ros2_ws/install/tf2_bullet:/home/rosdev/ros2_ws/install/realsense2_camera:/home/rosdev/ros2_ws/install/tf2_py:/home/rosdev/ros2_ws/install/tf2_eigen_kdl:/home/rosdev/ros2_ws/install/realsense2_description:/home/rosdev/ros2_ws/install/image_geometry:/home/rosdev/ros2_ws/install/yolov8_tf_node:/home/rosdev/ros2_ws/install/yolo_ros:/home/rosdev/ros2_ws/install/tf2_tools:/home/rosdev/ros2_ws/install/examples_tf2_py:/home/rosdev/ros2_ws/install/tf2_ros_py:/home/rosdev/ros2_ws/install/aruco_realsense_ros:/home/rosdev/ros2_ws/install/opencv_tests:/opt/ros/humble LD_LIBRARY_PATH=/home/rosdev/ros2_ws/install/tf2_ros/lib:/home/rosdev/ros2_ws/install/tf2_msgs/lib:/home/rosdev/ros2_ws/install/tf2/lib:/home/rosdev/ros2_ws/install/realsense2_camera_msgs/lib:/home/rosdev/ros2_ws/install/cv_bridge/lib:/home/rosdev/ros2_ws/install/yolo_msgs/lib:/home/rosdev/ros2_ws/install/realsense2_camera/lib:/home/rosdev/ros2_ws/install/tf2_eigen_kdl/lib:/home/rosdev/ros2_ws/install/image_geometry/lib:/opt/ros/humble/lib/aarch64-linux-gnu:/opt/ros/humble/lib /usr/bin/cmake --build /home/rosdev/ros2_ws/build/realsense2_camera -- -j12 -l12
[4.361s] Invoking command in '/home/rosdev/ros2_ws/build/realsense2_camera': CMAKE_PREFIX_PATH=/home/rosdev/ros2_ws/install/tf2_ros:/home/rosdev/ros2_ws/install/tf2_msgs:/home/rosdev/ros2_ws/install/tf2:/home/rosdev/ros2_ws/install/realsense2_camera_msgs:/home/rosdev/ros2_ws/install/cv_bridge:/home/rosdev/ros2_ws/install/yolo_bringup:/home/rosdev/ros2_ws/install/yolo_msgs:/home/rosdev/ros2_ws/install/vision_opencv:/home/rosdev/ros2_ws/install/geometry2:/home/rosdev/ros2_ws/install/tf2_sensor_msgs:/home/rosdev/ros2_ws/install/test_tf2:/home/rosdev/ros2_ws/install/tf2_kdl:/home/rosdev/ros2_ws/install/tf2_geometry_msgs:/home/rosdev/ros2_ws/install/tf2_eigen:/home/rosdev/ros2_ws/install/tf2_bullet:/home/rosdev/ros2_ws/install/realsense2_camera:/home/rosdev/ros2_ws/install/tf2_py:/home/rosdev/ros2_ws/install/tf2_eigen_kdl:/home/rosdev/ros2_ws/install/realsense2_description:/home/rosdev/ros2_ws/install/image_geometry:/home/rosdev/ros2_ws/install/yolov8_tf_node:/home/rosdev/ros2_ws/install/yolo_ros:/home/rosdev/ros2_ws/install/tf2_tools:/home/rosdev/ros2_ws/install/examples_tf2_py:/home/rosdev/ros2_ws/install/tf2_ros_py:/home/rosdev/ros2_ws/install/aruco_realsense_ros:/home/rosdev/ros2_ws/install/opencv_tests:/opt/ros/humble LD_LIBRARY_PATH=/home/rosdev/ros2_ws/install/tf2_ros/lib:/home/rosdev/ros2_ws/install/tf2_msgs/lib:/home/rosdev/ros2_ws/install/tf2/lib:/home/rosdev/ros2_ws/install/realsense2_camera_msgs/lib:/home/rosdev/ros2_ws/install/cv_bridge/lib:/home/rosdev/ros2_ws/install/yolo_msgs/lib:/home/rosdev/ros2_ws/install/realsense2_camera/lib:/home/rosdev/ros2_ws/install/tf2_eigen_kdl/lib:/home/rosdev/ros2_ws/install/image_geometry/lib:/opt/ros/humble/lib/aarch64-linux-gnu:/opt/ros/humble/lib /usr/bin/cmake --install /home/rosdev/ros2_ws/build/realsense2_camera
[4.370s] -- Install configuration: "Release"
[4.370s] -- Execute custom install script
[4.370s] -- Up-to-date symlink: /home/rosdev/ros2_ws/install/realsense2_camera/lib/realsense2_camera/realsense2_camera_node
[4.371s] -- Up-to-date symlink: /home/rosdev/ros2_ws/install/realsense2_camera/lib/librealsense2_camera.so
[4.372s] -- Up-to-date symlink: /home/rosdev/ros2_ws/install/realsense2_camera/include/base_realsense_node.h
[4.372s] -- Up-to-date symlink: /home/rosdev/ros2_ws/install/realsense2_camera/include/constants.h
[4.372s] -- Up-to-date symlink: /home/rosdev/ros2_ws/install/realsense2_camera/include/dynamic_params.h
[4.373s] -- Up-to-date symlink: /home/rosdev/ros2_ws/install/realsense2_camera/include/image_publisher.h
[4.373s] -- Up-to-date symlink: /home/rosdev/ros2_ws/install/realsense2_camera/include/named_filter.h
[4.373s] -- Up-to-date symlink: /home/rosdev/ros2_ws/install/realsense2_camera/include/profile_manager.h
[4.373s] -- Up-to-date symlink: /home/rosdev/ros2_ws/install/realsense2_camera/include/realsense_node_factory.h
[4.373s] -- Up-to-date symlink: /home/rosdev/ros2_ws/install/realsense2_camera/include/ros_param_backend.h
[4.373s] -- Up-to-date symlink: /home/rosdev/ros2_ws/install/realsense2_camera/include/ros_sensor.h
[4.373s] -- Up-to-date symlink: /home/rosdev/ros2_ws/install/realsense2_camera/include/ros_utils.h
[4.373s] -- Up-to-date symlink: /home/rosdev/ros2_ws/install/realsense2_camera/include/sensor_params.h
[4.374s] -- Up-to-date symlink: /home/rosdev/ros2_ws/install/realsense2_camera/share/realsense2_camera/launch/default.rviz
[4.374s] -- Up-to-date symlink: /home/rosdev/ros2_ws/install/realsense2_camera/share/realsense2_camera/launch/rs_intra_process_demo_launch.py
[4.374s] -- Up-to-date symlink: /home/rosdev/ros2_ws/install/realsense2_camera/share/realsense2_camera/launch/rs_launch.py
[4.374s] -- Up-to-date symlink: /home/rosdev/ros2_ws/install/realsense2_camera/share/realsense2_camera/launch/rs_multi_camera_launch.py
[4.374s] -- Up-to-date symlink: /home/rosdev/ros2_ws/install/realsense2_camera/share/realsense2_camera/environment/library_path.sh
[4.374s] -- Up-to-date symlink: /home/rosdev/ros2_ws/install/realsense2_camera/share/realsense2_camera/environment/library_path.dsv
[4.375s] -- Up-to-date symlink: /home/rosdev/ros2_ws/install/realsense2_camera/share/ament_index/resource_index/package_run_dependencies/realsense2_camera
[4.375s] -- Up-to-date symlink: /home/rosdev/ros2_ws/install/realsense2_camera/share/ament_index/resource_index/parent_prefix_path/realsense2_camera
[4.375s] -- Up-to-date symlink: /home/rosdev/ros2_ws/install/realsense2_camera/share/realsense2_camera/environment/ament_prefix_path.sh
[4.375s] -- Up-to-date symlink: /home/rosdev/ros2_ws/install/realsense2_camera/share/realsense2_camera/environment/ament_prefix_path.dsv
[4.376s] -- Up-to-date symlink: /home/rosdev/ros2_ws/install/realsense2_camera/share/realsense2_camera/environment/path.sh
[4.376s] -- Up-to-date symlink: /home/rosdev/ros2_ws/install/realsense2_camera/share/realsense2_camera/environment/path.dsv
[4.376s] -- Up-to-date symlink: /home/rosdev/ros2_ws/install/realsense2_camera/share/realsense2_camera/local_setup.bash
[4.376s] -- Up-to-date symlink: /home/rosdev/ros2_ws/install/realsense2_camera/share/realsense2_camera/local_setup.sh
[4.376s] -- Up-to-date symlink: /home/rosdev/ros2_ws/install/realsense2_camera/share/realsense2_camera/local_setup.zsh
[4.376s] -- Up-to-date symlink: /home/rosdev/ros2_ws/install/realsense2_camera/share/realsense2_camera/local_setup.dsv
[4.377s] -- Symlinking: /home/rosdev/ros2_ws/install/realsense2_camera/share/realsense2_camera/package.dsv
[4.399s] -- Up-to-date symlink: /home/rosdev/ros2_ws/install/realsense2_camera/share/ament_index/resource_index/packages/realsense2_camera
[4.399s] -- Up-to-date symlink: /home/rosdev/ros2_ws/install/realsense2_camera/share/ament_index/resource_index/rclcpp_components/realsense2_camera
[4.400s] -- Up-to-date symlink: /home/rosdev/ros2_ws/install/realsense2_camera/share/realsense2_camera/cmake/ament_cmake_export_include_directories-extras.cmake
[4.400s] -- Up-to-date symlink: /home/rosdev/ros2_ws/install/realsense2_camera/share/realsense2_camera/cmake/ament_cmake_export_libraries-extras.cmake
[4.400s] -- Up-to-date symlink: /home/rosdev/ros2_ws/install/realsense2_camera/share/realsense2_camera/cmake/ament_cmake_export_dependencies-extras.cmake
[4.400s] -- Up-to-date symlink: /home/rosdev/ros2_ws/install/realsense2_camera/share/realsense2_camera/cmake/realsense2_cameraConfig.cmake
[4.400s] -- Up-to-date symlink: /home/rosdev/ros2_ws/install/realsense2_camera/share/realsense2_camera/cmake/realsense2_cameraConfig-version.cmake
[4.400s] -- Up-to-date symlink: /home/rosdev/ros2_ws/install/realsense2_camera/share/realsense2_camera/package.xml
[4.403s] Invoked command in '/home/rosdev/ros2_ws/build/realsense2_camera' returned '0': CMAKE_PREFIX_PATH=/home/rosdev/ros2_ws/install/tf2_ros:/home/rosdev/ros2_ws/install/tf2_msgs:/home/rosdev/ros2_ws/install/tf2:/home/rosdev/ros2_ws/install/realsense2_camera_msgs:/home/rosdev/ros2_ws/install/cv_bridge:/home/rosdev/ros2_ws/install/yolo_bringup:/home/rosdev/ros2_ws/install/yolo_msgs:/home/rosdev/ros2_ws/install/vision_opencv:/home/rosdev/ros2_ws/install/geometry2:/home/rosdev/ros2_ws/install/tf2_sensor_msgs:/home/rosdev/ros2_ws/install/test_tf2:/home/rosdev/ros2_ws/install/tf2_kdl:/home/rosdev/ros2_ws/install/tf2_geometry_msgs:/home/rosdev/ros2_ws/install/tf2_eigen:/home/rosdev/ros2_ws/install/tf2_bullet:/home/rosdev/ros2_ws/install/realsense2_camera:/home/rosdev/ros2_ws/install/tf2_py:/home/rosdev/ros2_ws/install/tf2_eigen_kdl:/home/rosdev/ros2_ws/install/realsense2_description:/home/rosdev/ros2_ws/install/image_geometry:/home/rosdev/ros2_ws/install/yolov8_tf_node:/home/rosdev/ros2_ws/install/yolo_ros:/home/rosdev/ros2_ws/install/tf2_tools:/home/rosdev/ros2_ws/install/examples_tf2_py:/home/rosdev/ros2_ws/install/tf2_ros_py:/home/rosdev/ros2_ws/install/aruco_realsense_ros:/home/rosdev/ros2_ws/install/opencv_tests:/opt/ros/humble LD_LIBRARY_PATH=/home/rosdev/ros2_ws/install/tf2_ros/lib:/home/rosdev/ros2_ws/install/tf2_msgs/lib:/home/rosdev/ros2_ws/install/tf2/lib:/home/rosdev/ros2_ws/install/realsense2_camera_msgs/lib:/home/rosdev/ros2_ws/install/cv_bridge/lib:/home/rosdev/ros2_ws/install/yolo_msgs/lib:/home/rosdev/ros2_ws/install/realsense2_camera/lib:/home/rosdev/ros2_ws/install/tf2_eigen_kdl/lib:/home/rosdev/ros2_ws/install/image_geometry/lib:/opt/ros/humble/lib/aarch64-linux-gnu:/opt/ros/humble/lib /usr/bin/cmake --install /home/rosdev/ros2_ws/build/realsense2_camera
