[0.051s] Invoking command in '/home/rosdev/ros2_ws/build/image_geometry': CMAKE_PREFIX_PATH=/opt/ros/humble /usr/bin/cmake --build /home/rosdev/ros2_ws/build/image_geometry -- -j12 -l12
[0.194s] [  0%] Built target ament_cmake_python_symlink_image_geometry
[0.208s] [ 33%] Built target image_geometry
[0.260s] [ 55%] Built target gtest_main
[0.283s] [ 77%] Built target gtest
[0.339s] [100%] Built target image_geometry-utest
[0.634s] running egg_info
[0.636s] writing image_geometry.egg-info/PKG-INFO
[0.637s] writing dependency_links to image_geometry.egg-info/dependency_links.txt
[0.648s] writing top-level names to image_geometry.egg-info/top_level.txt
[0.649s] reading manifest file 'image_geometry.egg-info/SOURCES.txt'
[0.649s] writing manifest file 'image_geometry.egg-info/SOURCES.txt'
[0.750s] [100%] Built target ament_cmake_python_build_image_geometry_egg
[0.795s] Invoked command in '/home/rosdev/ros2_ws/build/image_geometry' returned '0': CMAKE_PREFIX_PATH=/opt/ros/humble /usr/bin/cmake --build /home/rosdev/ros2_ws/build/image_geometry -- -j12 -l12
[0.797s] Invoking command in '/home/rosdev/ros2_ws/build/image_geometry': CMAKE_PREFIX_PATH=/opt/ros/humble /usr/bin/cmake --install /home/rosdev/ros2_ws/build/image_geometry
[0.811s] -- Install configuration: ""
[0.811s] -- Execute custom install script
[0.811s] -- Up-to-date symlink: /home/rosdev/ros2_ws/install/image_geometry/share/image_geometry/environment/pythonpath.sh
[0.811s] -- Up-to-date symlink: /home/rosdev/ros2_ws/install/image_geometry/share/image_geometry/environment/pythonpath.dsv
[0.811s] -- Up-to-date symlink: /home/rosdev/ros2_ws/install/image_geometry/local/lib/python3.10/dist-packages/image_geometry-3.2.1-py3.10.egg-info/PKG-INFO
[0.812s] -- Up-to-date symlink: /home/rosdev/ros2_ws/install/image_geometry/local/lib/python3.10/dist-packages/image_geometry-3.2.1-py3.10.egg-info/SOURCES.txt
[0.813s] -- Up-to-date symlink: /home/rosdev/ros2_ws/install/image_geometry/local/lib/python3.10/dist-packages/image_geometry-3.2.1-py3.10.egg-info/dependency_links.txt
[0.813s] -- Up-to-date symlink: /home/rosdev/ros2_ws/install/image_geometry/local/lib/python3.10/dist-packages/image_geometry-3.2.1-py3.10.egg-info/top_level.txt
[0.813s] -- Up-to-date symlink: /home/rosdev/ros2_ws/install/image_geometry/local/lib/python3.10/dist-packages/image_geometry/__init__.py
[0.813s] -- Up-to-date symlink: /home/rosdev/ros2_ws/install/image_geometry/local/lib/python3.10/dist-packages/image_geometry/cameramodels.py
[0.814s] -- Up-to-date symlink: /home/rosdev/ros2_ws/install/image_geometry/include/image_geometry/image_geometry/pinhole_camera_model.h
[0.814s] -- Up-to-date symlink: /home/rosdev/ros2_ws/install/image_geometry/include/image_geometry/image_geometry/stereo_camera_model.h
[0.814s] -- Up-to-date symlink: /home/rosdev/ros2_ws/install/image_geometry/include/image_geometry/image_geometry/visibility_control.hpp
[0.814s] -- Up-to-date symlink: /home/rosdev/ros2_ws/install/image_geometry/share/ament_index/resource_index/package_run_dependencies/image_geometry
[0.814s] -- Up-to-date symlink: /home/rosdev/ros2_ws/install/image_geometry/share/ament_index/resource_index/parent_prefix_path/image_geometry
[0.814s] -- Up-to-date symlink: /home/rosdev/ros2_ws/install/image_geometry/share/image_geometry/environment/ament_prefix_path.sh
[0.814s] -- Up-to-date symlink: /home/rosdev/ros2_ws/install/image_geometry/share/image_geometry/environment/ament_prefix_path.dsv
[0.814s] -- Up-to-date symlink: /home/rosdev/ros2_ws/install/image_geometry/share/image_geometry/environment/path.sh
[0.814s] -- Up-to-date symlink: /home/rosdev/ros2_ws/install/image_geometry/share/image_geometry/environment/path.dsv
[0.814s] -- Up-to-date symlink: /home/rosdev/ros2_ws/install/image_geometry/share/image_geometry/local_setup.bash
[0.815s] -- Up-to-date symlink: /home/rosdev/ros2_ws/install/image_geometry/share/image_geometry/local_setup.sh
[0.815s] -- Up-to-date symlink: /home/rosdev/ros2_ws/install/image_geometry/share/image_geometry/local_setup.zsh
[0.815s] -- Up-to-date symlink: /home/rosdev/ros2_ws/install/image_geometry/share/image_geometry/local_setup.dsv
[0.815s] -- Symlinking: /home/rosdev/ros2_ws/install/image_geometry/share/image_geometry/package.dsv
[0.838s] -- Up-to-date symlink: /home/rosdev/ros2_ws/install/image_geometry/share/ament_index/resource_index/packages/image_geometry
[0.839s] -- Up-to-date symlink: /home/rosdev/ros2_ws/install/image_geometry/share/image_geometry/cmake/ament_cmake_export_targets-extras.cmake
[0.839s] -- Up-to-date symlink: /home/rosdev/ros2_ws/install/image_geometry/share/image_geometry/cmake/ament_cmake_export_dependencies-extras.cmake
[0.839s] -- Up-to-date symlink: /home/rosdev/ros2_ws/install/image_geometry/share/image_geometry/cmake/image_geometryConfig.cmake
[0.844s] -- Up-to-date symlink: /home/rosdev/ros2_ws/install/image_geometry/share/image_geometry/cmake/image_geometryConfig-version.cmake
[0.844s] -- Up-to-date symlink: /home/rosdev/ros2_ws/install/image_geometry/share/image_geometry/package.xml
[1.006s] Listing '/home/rosdev/ros2_ws/install/image_geometry/local/lib/python3.10/dist-packages/image_geometry'...
[1.039s] -- Up-to-date: /home/rosdev/ros2_ws/install/image_geometry/lib/libimage_geometry.so
[1.039s] -- Up-to-date: /home/rosdev/ros2_ws/install/image_geometry/share/image_geometry/cmake/export_image_geometryExport.cmake
[1.039s] -- Up-to-date: /home/rosdev/ros2_ws/install/image_geometry/share/image_geometry/cmake/export_image_geometryExport-noconfig.cmake
[1.043s] Invoked command in '/home/rosdev/ros2_ws/build/image_geometry' returned '0': CMAKE_PREFIX_PATH=/opt/ros/humble /usr/bin/cmake --install /home/rosdev/ros2_ws/build/image_geometry
