[0.045s] Invoking command in '/home/rosdev/ros2_ws/build/tf2': CMAKE_PREFIX_PATH=/opt/ros/humble /usr/bin/cmake --build /home/rosdev/ros2_ws/build/tf2 -- -j12 -l12
[0.181s] [ 14%] Built target gtest
[0.184s] [ 19%] Built target gtest_main
[0.186s] [ 42%] Built target tf2
[0.348s] [ 52%] Built target test_cache_unittest
[0.381s] [ 61%] Built target test_static_cache_unittest
[0.386s] [ 71%] Built target cache_benchmark
[0.399s] [ 80%] Built target test_time
[0.403s] [ 90%] Built target test_simple_tf2_core
[0.416s] [100%] Built target test_storage
[0.462s] Invoked command in '/home/rosdev/ros2_ws/build/tf2' returned '0': CMAKE_PREFIX_PATH=/opt/ros/humble /usr/bin/cmake --build /home/rosdev/ros2_ws/build/tf2 -- -j12 -l12
[0.488s] Invoking command in '/home/rosdev/ros2_ws/build/tf2': CMAKE_PREFIX_PATH=/opt/ros/humble /usr/bin/cmake --install /home/rosdev/ros2_ws/build/tf2
[0.501s] -- Install configuration: ""
[0.503s] -- Execute custom install script
[0.505s] -- Up-to-date symlink: /home/rosdev/ros2_ws/install/tf2/include/tf2/tf2/LinearMath/Matrix3x3.h
[0.506s] -- Up-to-date symlink: /home/rosdev/ros2_ws/install/tf2/include/tf2/tf2/LinearMath/MinMax.h
[0.507s] -- Up-to-date symlink: /home/rosdev/ros2_ws/install/tf2/include/tf2/tf2/LinearMath/QuadWord.h
[0.508s] -- Up-to-date symlink: /home/rosdev/ros2_ws/install/tf2/include/tf2/tf2/LinearMath/Quaternion.h
[0.509s] -- Up-to-date symlink: /home/rosdev/ros2_ws/install/tf2/include/tf2/tf2/LinearMath/Scalar.h
[0.510s] -- Up-to-date symlink: /home/rosdev/ros2_ws/install/tf2/include/tf2/tf2/LinearMath/Transform.h
[0.511s] -- Up-to-date symlink: /home/rosdev/ros2_ws/install/tf2/include/tf2/tf2/LinearMath/Vector3.h
[0.513s] -- Up-to-date symlink: /home/rosdev/ros2_ws/install/tf2/include/tf2/tf2/buffer_core.h
[0.514s] -- Up-to-date symlink: /home/rosdev/ros2_ws/install/tf2/include/tf2/tf2/buffer_core_interface.h
[0.515s] -- Up-to-date symlink: /home/rosdev/ros2_ws/install/tf2/include/tf2/tf2/convert.h
[0.516s] -- Up-to-date symlink: /home/rosdev/ros2_ws/install/tf2/include/tf2/tf2/exceptions.h
[0.517s] -- Up-to-date symlink: /home/rosdev/ros2_ws/install/tf2/include/tf2/tf2/impl/convert.h
[0.518s] -- Up-to-date symlink: /home/rosdev/ros2_ws/install/tf2/include/tf2/tf2/impl/utils.h
[0.520s] -- Up-to-date symlink: /home/rosdev/ros2_ws/install/tf2/include/tf2/tf2/time.h
[0.521s] -- Up-to-date symlink: /home/rosdev/ros2_ws/install/tf2/include/tf2/tf2/time_cache.h
[0.521s] -- Up-to-date symlink: /home/rosdev/ros2_ws/install/tf2/include/tf2/tf2/transform_datatypes.h
[0.522s] -- Up-to-date symlink: /home/rosdev/ros2_ws/install/tf2/include/tf2/tf2/transform_storage.h
[0.523s] -- Up-to-date symlink: /home/rosdev/ros2_ws/install/tf2/include/tf2/tf2/utils.h
[0.524s] -- Up-to-date symlink: /home/rosdev/ros2_ws/install/tf2/include/tf2/tf2/visibility_control.h
[0.525s] -- Up-to-date symlink: /home/rosdev/ros2_ws/install/tf2/share/tf2/environment/library_path.sh
[0.526s] -- Up-to-date symlink: /home/rosdev/ros2_ws/install/tf2/share/tf2/environment/library_path.dsv
[0.527s] -- Up-to-date symlink: /home/rosdev/ros2_ws/install/tf2/share/ament_index/resource_index/package_run_dependencies/tf2
[0.528s] -- Up-to-date symlink: /home/rosdev/ros2_ws/install/tf2/share/ament_index/resource_index/parent_prefix_path/tf2
[0.529s] -- Up-to-date symlink: /home/rosdev/ros2_ws/install/tf2/share/tf2/environment/ament_prefix_path.sh
[0.530s] -- Up-to-date symlink: /home/rosdev/ros2_ws/install/tf2/share/tf2/environment/ament_prefix_path.dsv
[0.531s] -- Up-to-date symlink: /home/rosdev/ros2_ws/install/tf2/share/tf2/environment/path.sh
[0.533s] -- Up-to-date symlink: /home/rosdev/ros2_ws/install/tf2/share/tf2/environment/path.dsv
[0.534s] -- Up-to-date symlink: /home/rosdev/ros2_ws/install/tf2/share/tf2/local_setup.bash
[0.534s] -- Up-to-date symlink: /home/rosdev/ros2_ws/install/tf2/share/tf2/local_setup.sh
[0.535s] -- Up-to-date symlink: /home/rosdev/ros2_ws/install/tf2/share/tf2/local_setup.zsh
[0.536s] -- Up-to-date symlink: /home/rosdev/ros2_ws/install/tf2/share/tf2/local_setup.dsv
[0.537s] -- Symlinking: /home/rosdev/ros2_ws/install/tf2/share/tf2/package.dsv
[0.570s] -- Up-to-date symlink: /home/rosdev/ros2_ws/install/tf2/share/ament_index/resource_index/packages/tf2
[0.571s] -- Up-to-date symlink: /home/rosdev/ros2_ws/install/tf2/share/tf2/cmake/ament_cmake_export_dependencies-extras.cmake
[0.571s] -- Up-to-date symlink: /home/rosdev/ros2_ws/install/tf2/share/tf2/cmake/ament_cmake_export_include_directories-extras.cmake
[0.571s] -- Up-to-date symlink: /home/rosdev/ros2_ws/install/tf2/share/tf2/cmake/ament_cmake_export_libraries-extras.cmake
[0.571s] -- Up-to-date symlink: /home/rosdev/ros2_ws/install/tf2/share/tf2/cmake/ament_cmake_export_targets-extras.cmake
[0.571s] -- Up-to-date symlink: /home/rosdev/ros2_ws/install/tf2/share/tf2/cmake/tf2Config.cmake
[0.571s] -- Up-to-date symlink: /home/rosdev/ros2_ws/install/tf2/share/tf2/cmake/tf2Config-version.cmake
[0.572s] -- Up-to-date symlink: /home/rosdev/ros2_ws/install/tf2/share/tf2/package.xml
[0.572s] -- Up-to-date: /home/rosdev/ros2_ws/install/tf2/lib/libtf2.so
[0.572s] -- Up-to-date: /home/rosdev/ros2_ws/install/tf2/share/tf2/cmake/export_tf2Export.cmake
[0.572s] -- Up-to-date: /home/rosdev/ros2_ws/install/tf2/share/tf2/cmake/export_tf2Export-noconfig.cmake
[0.589s] Invoked command in '/home/rosdev/ros2_ws/build/tf2' returned '0': CMAKE_PREFIX_PATH=/opt/ros/humble /usr/bin/cmake --install /home/rosdev/ros2_ws/build/tf2
