[0.069s] Invoking command in '/home/rosdev/ros2_ws/build/tf2_ros': AMENT_PREFIX_PATH=/home/rosdev/ros2_ws/install/tf2_msgs:/home/rosdev/ros2_ws/install/tf2:${AMENT_PREFIX_PATH} CMAKE_PREFIX_PATH=/home/rosdev/ros2_ws/install/tf2_msgs:/home/rosdev/ros2_ws/install/tf2:/opt/ros/humble LD_LIBRARY_PATH=/home/rosdev/ros2_ws/install/tf2_msgs/lib:/home/rosdev/ros2_ws/install/tf2/lib:${LD_LIBRARY_PATH} PYTHONPATH=/home/rosdev/ros2_ws/install/tf2_msgs/local/lib/python3.10/dist-packages:${PYTHONPATH} /usr/bin/cmake --build /home/rosdev/ros2_ws/build/tf2_ros -- -j12 -l12
[0.143s] [35m[1mConsolidate compiler generated dependencies of target tf2_ros[0m
[0.195s] [ 20%] Built target tf2_ros
[0.219s] [35m[1mConsolidate compiler generated dependencies of target gtest[0m
[0.247s] [ 25%] Built target gtest
[0.269s] [35m[1mConsolidate compiler generated dependencies of target tf2_monitor[0m
[0.299s] [ 30%] Built target tf2_monitor
[0.318s] [35m[1mConsolidate compiler generated dependencies of target tf2_echo[0m
[0.357s] [ 35%] Built target tf2_echo
[0.386s] [35m[1mConsolidate compiler generated dependencies of target static_transform_broadcaster_node[0m
[0.420s] [ 40%] Built target static_transform_broadcaster_node
[0.439s] [35m[1mConsolidate compiler generated dependencies of target buffer_server[0m
[0.479s] [ 45%] Built target buffer_server
[0.497s] [35m[1mConsolidate compiler generated dependencies of target static_transform_publisher[0m
[0.570s] [ 50%] Built target static_transform_publisher
[0.571s] [35m[1mConsolidate compiler generated dependencies of target gtest_main[0m
[0.586s] [ 55%] Built target gtest_main
[0.593s] [35m[1mConsolidate compiler generated dependencies of target test_buffer[0m
[0.622s] [ 60%] Built target test_buffer
[0.642s] [35m[1mConsolidate compiler generated dependencies of target tf2_ros_test_listener[0m
[0.676s] [ 65%] Built target tf2_ros_test_listener
[0.698s] [35m[1mConsolidate compiler generated dependencies of target tf2_ros_test_time_reset[0m
[0.730s] [ 70%] Built target tf2_ros_test_time_reset
[0.749s] [35m[1mConsolidate compiler generated dependencies of target tf2_ros_test_transform_broadcaster[0m
[0.781s] [ 75%] Built target tf2_ros_test_transform_broadcaster
[0.800s] [35m[1mConsolidate compiler generated dependencies of target tf2_ros_test_static_transform_broadcaster[0m
[0.834s] [ 80%] Built target tf2_ros_test_static_transform_broadcaster
[0.855s] [35m[1mConsolidate compiler generated dependencies of target tf2_ros_test_transform_listener[0m
[0.886s] [ 85%] Built target tf2_ros_test_transform_listener
[0.904s] [35m[1mConsolidate compiler generated dependencies of target tf2_ros_test_message_filter[0m
[0.936s] [ 90%] Built target tf2_ros_test_message_filter
[0.958s] [35m[1mConsolidate compiler generated dependencies of target test_buffer_client[0m
[0.991s] [ 95%] Built target test_buffer_client
[1.012s] [35m[1mConsolidate compiler generated dependencies of target test_buffer_server[0m
[1.047s] [100%] Built target test_buffer_server
[1.069s] Invoked command in '/home/rosdev/ros2_ws/build/tf2_ros' returned '0': AMENT_PREFIX_PATH=/home/rosdev/ros2_ws/install/tf2_msgs:/home/rosdev/ros2_ws/install/tf2:${AMENT_PREFIX_PATH} CMAKE_PREFIX_PATH=/home/rosdev/ros2_ws/install/tf2_msgs:/home/rosdev/ros2_ws/install/tf2:/opt/ros/humble LD_LIBRARY_PATH=/home/rosdev/ros2_ws/install/tf2_msgs/lib:/home/rosdev/ros2_ws/install/tf2/lib:${LD_LIBRARY_PATH} PYTHONPATH=/home/rosdev/ros2_ws/install/tf2_msgs/local/lib/python3.10/dist-packages:${PYTHONPATH} /usr/bin/cmake --build /home/rosdev/ros2_ws/build/tf2_ros -- -j12 -l12
[1.071s] Invoking command in '/home/rosdev/ros2_ws/build/tf2_ros': AMENT_PREFIX_PATH=/home/rosdev/ros2_ws/install/tf2_msgs:/home/rosdev/ros2_ws/install/tf2:${AMENT_PREFIX_PATH} CMAKE_PREFIX_PATH=/home/rosdev/ros2_ws/install/tf2_msgs:/home/rosdev/ros2_ws/install/tf2:/opt/ros/humble LD_LIBRARY_PATH=/home/rosdev/ros2_ws/install/tf2_msgs/lib:/home/rosdev/ros2_ws/install/tf2/lib:${LD_LIBRARY_PATH} PYTHONPATH=/home/rosdev/ros2_ws/install/tf2_msgs/local/lib/python3.10/dist-packages:${PYTHONPATH} /usr/bin/cmake --install /home/rosdev/ros2_ws/build/tf2_ros
[1.085s] -- Install configuration: ""
[1.087s] -- Up-to-date: /home/rosdev/ros2_ws/install/tf2_ros/lib/libtf2_ros.so
[1.087s] -- Up-to-date: /home/rosdev/ros2_ws/install/tf2_ros/lib/libstatic_transform_broadcaster_node.so
[1.089s] -- Up-to-date: /home/rosdev/ros2_ws/install/tf2_ros/lib/tf2_ros/buffer_server
[1.089s] -- Up-to-date: /home/rosdev/ros2_ws/install/tf2_ros/lib/tf2_ros/static_transform_publisher
[1.089s] -- Up-to-date: /home/rosdev/ros2_ws/install/tf2_ros/lib/tf2_ros/tf2_echo
[1.089s] -- Up-to-date: /home/rosdev/ros2_ws/install/tf2_ros/lib/tf2_ros/tf2_monitor
[1.089s] -- Up-to-date: /home/rosdev/ros2_ws/install/tf2_ros/include/tf2_ros
[1.090s] -- Up-to-date: /home/rosdev/ros2_ws/install/tf2_ros/include/tf2_ros/tf2_ros
[1.090s] -- Up-to-date: /home/rosdev/ros2_ws/install/tf2_ros/include/tf2_ros/tf2_ros/create_timer_interface.h
[1.090s] -- Up-to-date: /home/rosdev/ros2_ws/install/tf2_ros/include/tf2_ros/tf2_ros/static_transform_broadcaster_node.hpp
[1.090s] -- Up-to-date: /home/rosdev/ros2_ws/install/tf2_ros/include/tf2_ros/tf2_ros/async_buffer_interface.h
[1.090s] -- Up-to-date: /home/rosdev/ros2_ws/install/tf2_ros/include/tf2_ros/tf2_ros/buffer.h
[1.090s] -- Up-to-date: /home/rosdev/ros2_ws/install/tf2_ros/include/tf2_ros/tf2_ros/buffer_server.h
[1.090s] -- Up-to-date: /home/rosdev/ros2_ws/install/tf2_ros/include/tf2_ros/tf2_ros/visibility_control.h
[1.090s] -- Up-to-date: /home/rosdev/ros2_ws/install/tf2_ros/include/tf2_ros/tf2_ros/static_transform_broadcaster_visibility_control.h
[1.091s] -- Up-to-date: /home/rosdev/ros2_ws/install/tf2_ros/include/tf2_ros/tf2_ros/static_transform_broadcaster.h
[1.091s] -- Up-to-date: /home/rosdev/ros2_ws/install/tf2_ros/include/tf2_ros/tf2_ros/create_timer_ros.h
[1.091s] -- Up-to-date: /home/rosdev/ros2_ws/install/tf2_ros/include/tf2_ros/tf2_ros/message_filter.h
[1.091s] -- Up-to-date: /home/rosdev/ros2_ws/install/tf2_ros/include/tf2_ros/tf2_ros/buffer_client.h
[1.091s] -- Up-to-date: /home/rosdev/ros2_ws/install/tf2_ros/include/tf2_ros/tf2_ros/qos.hpp
[1.091s] -- Up-to-date: /home/rosdev/ros2_ws/install/tf2_ros/include/tf2_ros/tf2_ros/transform_broadcaster.h
[1.091s] -- Up-to-date: /home/rosdev/ros2_ws/install/tf2_ros/include/tf2_ros/tf2_ros/transform_listener.h
[1.091s] -- Up-to-date: /home/rosdev/ros2_ws/install/tf2_ros/include/tf2_ros/tf2_ros/buffer_interface.h
[1.091s] -- Up-to-date: /home/rosdev/ros2_ws/install/tf2_ros/share/tf2_ros/environment/library_path.sh
[1.091s] -- Up-to-date: /home/rosdev/ros2_ws/install/tf2_ros/share/tf2_ros/environment/library_path.dsv
[1.091s] -- Up-to-date: /home/rosdev/ros2_ws/install/tf2_ros/share/ament_index/resource_index/package_run_dependencies/tf2_ros
[1.092s] -- Up-to-date: /home/rosdev/ros2_ws/install/tf2_ros/share/ament_index/resource_index/parent_prefix_path/tf2_ros
[1.092s] -- Up-to-date: /home/rosdev/ros2_ws/install/tf2_ros/share/tf2_ros/environment/ament_prefix_path.sh
[1.092s] -- Up-to-date: /home/rosdev/ros2_ws/install/tf2_ros/share/tf2_ros/environment/ament_prefix_path.dsv
[1.092s] -- Up-to-date: /home/rosdev/ros2_ws/install/tf2_ros/share/tf2_ros/environment/path.sh
[1.092s] -- Up-to-date: /home/rosdev/ros2_ws/install/tf2_ros/share/tf2_ros/environment/path.dsv
[1.092s] -- Up-to-date: /home/rosdev/ros2_ws/install/tf2_ros/share/tf2_ros/local_setup.bash
[1.092s] -- Up-to-date: /home/rosdev/ros2_ws/install/tf2_ros/share/tf2_ros/local_setup.sh
[1.092s] -- Up-to-date: /home/rosdev/ros2_ws/install/tf2_ros/share/tf2_ros/local_setup.zsh
[1.092s] -- Up-to-date: /home/rosdev/ros2_ws/install/tf2_ros/share/tf2_ros/local_setup.dsv
[1.092s] -- Installing: /home/rosdev/ros2_ws/install/tf2_ros/share/tf2_ros/package.dsv
[1.092s] -- Up-to-date: /home/rosdev/ros2_ws/install/tf2_ros/share/ament_index/resource_index/packages/tf2_ros
[1.093s] -- Up-to-date: /home/rosdev/ros2_ws/install/tf2_ros/share/ament_index/resource_index/rclcpp_components/tf2_ros
[1.093s] -- Up-to-date: /home/rosdev/ros2_ws/install/tf2_ros/share/tf2_ros/cmake/export_tf2_rosExport.cmake
[1.093s] -- Up-to-date: /home/rosdev/ros2_ws/install/tf2_ros/share/tf2_ros/cmake/export_tf2_rosExport-noconfig.cmake
[1.093s] -- Up-to-date: /home/rosdev/ros2_ws/install/tf2_ros/share/tf2_ros/cmake/ament_cmake_export_include_directories-extras.cmake
[1.093s] -- Up-to-date: /home/rosdev/ros2_ws/install/tf2_ros/share/tf2_ros/cmake/ament_cmake_export_libraries-extras.cmake
[1.093s] -- Up-to-date: /home/rosdev/ros2_ws/install/tf2_ros/share/tf2_ros/cmake/ament_cmake_export_targets-extras.cmake
[1.093s] -- Up-to-date: /home/rosdev/ros2_ws/install/tf2_ros/share/tf2_ros/cmake/ament_cmake_export_dependencies-extras.cmake
[1.093s] -- Up-to-date: /home/rosdev/ros2_ws/install/tf2_ros/share/tf2_ros/cmake/tf2_rosConfig.cmake
[1.093s] -- Up-to-date: /home/rosdev/ros2_ws/install/tf2_ros/share/tf2_ros/cmake/tf2_rosConfig-version.cmake
[1.093s] -- Up-to-date: /home/rosdev/ros2_ws/install/tf2_ros/share/tf2_ros/package.xml
[1.097s] Invoked command in '/home/rosdev/ros2_ws/build/tf2_ros' returned '0': AMENT_PREFIX_PATH=/home/rosdev/ros2_ws/install/tf2_msgs:/home/rosdev/ros2_ws/install/tf2:${AMENT_PREFIX_PATH} CMAKE_PREFIX_PATH=/home/rosdev/ros2_ws/install/tf2_msgs:/home/rosdev/ros2_ws/install/tf2:/opt/ros/humble LD_LIBRARY_PATH=/home/rosdev/ros2_ws/install/tf2_msgs/lib:/home/rosdev/ros2_ws/install/tf2/lib:${LD_LIBRARY_PATH} PYTHONPATH=/home/rosdev/ros2_ws/install/tf2_msgs/local/lib/python3.10/dist-packages:${PYTHONPATH} /usr/bin/cmake --install /home/rosdev/ros2_ws/build/tf2_ros
