[0.082s] Invoking command in '/home/rosdev/ros2_ws/build/yolo_bringup': AMENT_PREFIX_PATH=/home/rosdev/ros2_ws/install/yolo_ros:/home/rosdev/ros2_ws/install/yolo_msgs:/home/rosdev/ros2_ws/install/cv_bridge:${AMENT_PREFIX_PATH} CMAKE_PREFIX_PATH=/home/rosdev/ros2_ws/install/yolo_msgs:/home/rosdev/ros2_ws/install/cv_bridge:/home/rosdev/librealsense/build/install/nlohmann_json:/home/rosdev/librealsense/build/install/CURL:/opt/ros/humble LD_LIBRARY_PATH=/home/rosdev/ros2_ws/install/yolo_msgs/lib:/home/rosdev/ros2_ws/install/cv_bridge/lib:${LD_LIBRARY_PATH} PYTHONPATH=/home/rosdev/ros2_ws/build/yolo_ros:/home/rosdev/ros2_ws/install/yolo_ros/lib/python3.10/site-packages:/home/rosdev/ros2_ws/install/yolo_msgs/local/lib/python3.10/dist-packages:/home/rosdev/ros2_ws/install/cv_bridge/local/lib/python3.10/dist-packages:${PYTHONPATH} /usr/bin/cmake /home/rosdev/ros2_ws/src/yolo_ros/yolo_bringup -DAMENT_CMAKE_SYMLINK_INSTALL=1 -DCMAKE_INSTALL_PREFIX=/home/rosdev/ros2_ws/install/yolo_bringup
[0.112s] -- Found ament_cmake: 1.3.11 (/opt/ros/humble/share/ament_cmake/cmake)
[0.374s] -- Override CMake install command with custom implementation using symlinks instead of copying resources
[0.537s] -- Configuring done
[0.544s] -- Generating done
[0.548s] -- Build files have been written to: /home/rosdev/ros2_ws/build/yolo_bringup
[0.562s] Invoked command in '/home/rosdev/ros2_ws/build/yolo_bringup' returned '0': AMENT_PREFIX_PATH=/home/rosdev/ros2_ws/install/yolo_ros:/home/rosdev/ros2_ws/install/yolo_msgs:/home/rosdev/ros2_ws/install/cv_bridge:${AMENT_PREFIX_PATH} CMAKE_PREFIX_PATH=/home/rosdev/ros2_ws/install/yolo_msgs:/home/rosdev/ros2_ws/install/cv_bridge:/home/rosdev/librealsense/build/install/nlohmann_json:/home/rosdev/librealsense/build/install/CURL:/opt/ros/humble LD_LIBRARY_PATH=/home/rosdev/ros2_ws/install/yolo_msgs/lib:/home/rosdev/ros2_ws/install/cv_bridge/lib:${LD_LIBRARY_PATH} PYTHONPATH=/home/rosdev/ros2_ws/build/yolo_ros:/home/rosdev/ros2_ws/install/yolo_ros/lib/python3.10/site-packages:/home/rosdev/ros2_ws/install/yolo_msgs/local/lib/python3.10/dist-packages:/home/rosdev/ros2_ws/install/cv_bridge/local/lib/python3.10/dist-packages:${PYTHONPATH} /usr/bin/cmake /home/rosdev/ros2_ws/src/yolo_ros/yolo_bringup -DAMENT_CMAKE_SYMLINK_INSTALL=1 -DCMAKE_INSTALL_PREFIX=/home/rosdev/ros2_ws/install/yolo_bringup
[0.563s] Invoking command in '/home/rosdev/ros2_ws/build/yolo_bringup': AMENT_PREFIX_PATH=/home/rosdev/ros2_ws/install/yolo_ros:/home/rosdev/ros2_ws/install/yolo_msgs:/home/rosdev/ros2_ws/install/cv_bridge:${AMENT_PREFIX_PATH} CMAKE_PREFIX_PATH=/home/rosdev/ros2_ws/install/yolo_msgs:/home/rosdev/ros2_ws/install/cv_bridge:/home/rosdev/librealsense/build/install/nlohmann_json:/home/rosdev/librealsense/build/install/CURL:/opt/ros/humble LD_LIBRARY_PATH=/home/rosdev/ros2_ws/install/yolo_msgs/lib:/home/rosdev/ros2_ws/install/cv_bridge/lib:${LD_LIBRARY_PATH} PYTHONPATH=/home/rosdev/ros2_ws/build/yolo_ros:/home/rosdev/ros2_ws/install/yolo_ros/lib/python3.10/site-packages:/home/rosdev/ros2_ws/install/yolo_msgs/local/lib/python3.10/dist-packages:/home/rosdev/ros2_ws/install/cv_bridge/local/lib/python3.10/dist-packages:${PYTHONPATH} /usr/bin/cmake --build /home/rosdev/ros2_ws/build/yolo_bringup -- -j12 -l12
[0.708s] Invoked command in '/home/rosdev/ros2_ws/build/yolo_bringup' returned '0': AMENT_PREFIX_PATH=/home/rosdev/ros2_ws/install/yolo_ros:/home/rosdev/ros2_ws/install/yolo_msgs:/home/rosdev/ros2_ws/install/cv_bridge:${AMENT_PREFIX_PATH} CMAKE_PREFIX_PATH=/home/rosdev/ros2_ws/install/yolo_msgs:/home/rosdev/ros2_ws/install/cv_bridge:/home/rosdev/librealsense/build/install/nlohmann_json:/home/rosdev/librealsense/build/install/CURL:/opt/ros/humble LD_LIBRARY_PATH=/home/rosdev/ros2_ws/install/yolo_msgs/lib:/home/rosdev/ros2_ws/install/cv_bridge/lib:${LD_LIBRARY_PATH} PYTHONPATH=/home/rosdev/ros2_ws/build/yolo_ros:/home/rosdev/ros2_ws/install/yolo_ros/lib/python3.10/site-packages:/home/rosdev/ros2_ws/install/yolo_msgs/local/lib/python3.10/dist-packages:/home/rosdev/ros2_ws/install/cv_bridge/local/lib/python3.10/dist-packages:${PYTHONPATH} /usr/bin/cmake --build /home/rosdev/ros2_ws/build/yolo_bringup -- -j12 -l12
[0.711s] Invoking command in '/home/rosdev/ros2_ws/build/yolo_bringup': AMENT_PREFIX_PATH=/home/rosdev/ros2_ws/install/yolo_ros:/home/rosdev/ros2_ws/install/yolo_msgs:/home/rosdev/ros2_ws/install/cv_bridge:${AMENT_PREFIX_PATH} CMAKE_PREFIX_PATH=/home/rosdev/ros2_ws/install/yolo_msgs:/home/rosdev/ros2_ws/install/cv_bridge:/home/rosdev/librealsense/build/install/nlohmann_json:/home/rosdev/librealsense/build/install/CURL:/opt/ros/humble LD_LIBRARY_PATH=/home/rosdev/ros2_ws/install/yolo_msgs/lib:/home/rosdev/ros2_ws/install/cv_bridge/lib:${LD_LIBRARY_PATH} PYTHONPATH=/home/rosdev/ros2_ws/build/yolo_ros:/home/rosdev/ros2_ws/install/yolo_ros/lib/python3.10/site-packages:/home/rosdev/ros2_ws/install/yolo_msgs/local/lib/python3.10/dist-packages:/home/rosdev/ros2_ws/install/cv_bridge/local/lib/python3.10/dist-packages:${PYTHONPATH} /usr/bin/cmake --install /home/rosdev/ros2_ws/build/yolo_bringup
[0.730s] -- Install configuration: ""
[0.731s] -- Execute custom install script
[0.733s] -- Up-to-date symlink: /home/rosdev/ros2_ws/install/yolo_bringup/share/yolo_bringup//launch/full_yolo_3d.launch.py
[0.734s] -- Up-to-date symlink: /home/rosdev/ros2_ws/install/yolo_bringup/share/yolo_bringup//launch/yolo-world.launch.py
[0.734s] -- Up-to-date symlink: /home/rosdev/ros2_ws/install/yolo_bringup/share/yolo_bringup//launch/yolo.launch.py
[0.734s] -- Up-to-date symlink: /home/rosdev/ros2_ws/install/yolo_bringup/share/yolo_bringup//launch/yolov10.launch.py
[0.734s] -- Up-to-date symlink: /home/rosdev/ros2_ws/install/yolo_bringup/share/yolo_bringup//launch/yolov11.launch.py
[0.734s] -- Up-to-date symlink: /home/rosdev/ros2_ws/install/yolo_bringup/share/yolo_bringup//launch/yolov12.launch.py
[0.745s] -- Up-to-date symlink: /home/rosdev/ros2_ws/install/yolo_bringup/share/yolo_bringup//launch/yolov5.launch.py
[0.745s] -- Up-to-date symlink: /home/rosdev/ros2_ws/install/yolo_bringup/share/yolo_bringup//launch/yolov8.launch.py
[0.745s] -- Up-to-date symlink: /home/rosdev/ros2_ws/install/yolo_bringup/share/yolo_bringup//launch/yolov9.launch.py
[0.745s] -- Up-to-date symlink: /home/rosdev/ros2_ws/install/yolo_bringup/share/ament_index/resource_index/package_run_dependencies/yolo_bringup
[0.745s] -- Up-to-date symlink: /home/rosdev/ros2_ws/install/yolo_bringup/share/ament_index/resource_index/parent_prefix_path/yolo_bringup
[0.745s] -- Up-to-date symlink: /home/rosdev/ros2_ws/install/yolo_bringup/share/yolo_bringup/environment/ament_prefix_path.sh
[0.745s] -- Up-to-date symlink: /home/rosdev/ros2_ws/install/yolo_bringup/share/yolo_bringup/environment/ament_prefix_path.dsv
[0.745s] -- Up-to-date symlink: /home/rosdev/ros2_ws/install/yolo_bringup/share/yolo_bringup/environment/path.sh
[0.746s] -- Up-to-date symlink: /home/rosdev/ros2_ws/install/yolo_bringup/share/yolo_bringup/environment/path.dsv
[0.746s] -- Up-to-date symlink: /home/rosdev/ros2_ws/install/yolo_bringup/share/yolo_bringup/local_setup.bash
[0.746s] -- Up-to-date symlink: /home/rosdev/ros2_ws/install/yolo_bringup/share/yolo_bringup/local_setup.sh
[0.746s] -- Up-to-date symlink: /home/rosdev/ros2_ws/install/yolo_bringup/share/yolo_bringup/local_setup.zsh
[0.746s] -- Up-to-date symlink: /home/rosdev/ros2_ws/install/yolo_bringup/share/yolo_bringup/local_setup.dsv
[0.746s] -- Symlinking: /home/rosdev/ros2_ws/install/yolo_bringup/share/yolo_bringup/package.dsv
[0.775s] -- Up-to-date symlink: /home/rosdev/ros2_ws/install/yolo_bringup/share/ament_index/resource_index/packages/yolo_bringup
[0.776s] -- Up-to-date symlink: /home/rosdev/ros2_ws/install/yolo_bringup/share/yolo_bringup/cmake/yolo_bringupConfig.cmake
[0.776s] -- Up-to-date symlink: /home/rosdev/ros2_ws/install/yolo_bringup/share/yolo_bringup/cmake/yolo_bringupConfig-version.cmake
[0.781s] -- Up-to-date symlink: /home/rosdev/ros2_ws/install/yolo_bringup/share/yolo_bringup/package.xml
[0.784s] Invoked command in '/home/rosdev/ros2_ws/build/yolo_bringup' returned '0': AMENT_PREFIX_PATH=/home/rosdev/ros2_ws/install/yolo_ros:/home/rosdev/ros2_ws/install/yolo_msgs:/home/rosdev/ros2_ws/install/cv_bridge:${AMENT_PREFIX_PATH} CMAKE_PREFIX_PATH=/home/rosdev/ros2_ws/install/yolo_msgs:/home/rosdev/ros2_ws/install/cv_bridge:/home/rosdev/librealsense/build/install/nlohmann_json:/home/rosdev/librealsense/build/install/CURL:/opt/ros/humble LD_LIBRARY_PATH=/home/rosdev/ros2_ws/install/yolo_msgs/lib:/home/rosdev/ros2_ws/install/cv_bridge/lib:${LD_LIBRARY_PATH} PYTHONPATH=/home/rosdev/ros2_ws/build/yolo_ros:/home/rosdev/ros2_ws/install/yolo_ros/lib/python3.10/site-packages:/home/rosdev/ros2_ws/install/yolo_msgs/local/lib/python3.10/dist-packages:/home/rosdev/ros2_ws/install/cv_bridge/local/lib/python3.10/dist-packages:${PYTHONPATH} /usr/bin/cmake --install /home/rosdev/ros2_ws/build/yolo_bringup
