-- Found ament_cmake: 1.3.11 (/opt/ros/humble/share/ament_cmake/cmake)
-- Override CMake install command with custom implementation using symlinks instead of copying resources
-- Found geometry_msgs: 4.8.0 (/opt/ros/humble/share/geometry_msgs/cmake)
-- Found rosidl_generator_c: 3.1.6 (/opt/ros/humble/share/rosidl_generator_c/cmake)
-- Found rosidl_adapter: 3.1.6 (/opt/ros/humble/share/rosidl_adapter/cmake)
-- Found rosidl_generator_cpp: 3.1.6 (/opt/ros/humble/share/rosidl_generator_cpp/cmake)
-- Using all available rosidl_typesupport_c: rosidl_typesupport_fastrtps_c;rosidl_typesupport_introspection_c
-- Using all available rosidl_typesupport_cpp: rosidl_typesupport_fastrtps_cpp;rosidl_typesupport_introspection_cpp
-- Found tf2: 0.25.7 (/home/rosdev/ros2_ws/install/tf2/share/tf2/cmake)
-- Found tf2_ros: 0.25.7 (/home/rosdev/ros2_ws/install/tf2_ros/share/tf2_ros/cmake)
-- Found rmw_implementation_cmake: 6.1.2 (/opt/ros/humble/share/rmw_implementation_cmake/cmake)
-- Found rmw_fastrtps_cpp: 6.2.7 (/opt/ros/humble/share/rmw_fastrtps_cpp/cmake)
-- Using RMW implementation 'rmw_fastrtps_cpp' as default
-- Found ament_lint_auto: 0.12.12 (/opt/ros/humble/share/ament_lint_auto/cmake)
-- Found ament_cmake_cppcheck: 0.12.12 (/opt/ros/humble/share/ament_cmake_cppcheck/cmake)
-- Found gtest sources under '/opt/ros/humble/src/gtest_vendor': C++ tests using 'Google Test' will be built
-- Added test 'copyright' to check source files copyright and LICENSE
-- Added test 'cpplint' to check C / C++ code against the Google style
-- Configured cpplint exclude dirs and/or files: 
-- Added test 'lint_cmake' to check CMake code style
-- Added test 'uncrustify' to check C / C++ code style
-- Configured uncrustify additional arguments: 
-- Added test 'xmllint' to check XML markup files
-- Configuring done
-- Generating done
-- Build files have been written to: /home/rosdev/ros2_ws/build/tf2_bullet
[35m[1mConsolidate compiler generated dependencies of target gtest_main[0m
[ 33%] Built target gtest_main
[35m[1mConsolidate compiler generated dependencies of target gtest[0m
[ 66%] Built target gtest
[35m[1mConsolidate compiler generated dependencies of target test_bullet[0m
[100%] Built target test_bullet
-- Install configuration: ""
-- Execute custom install script
-- Up-to-date symlink: /home/rosdev/ros2_ws/install/tf2_bullet/include/tf2_bullet/tf2_bullet/tf2_bullet.h
-- Up-to-date symlink: /home/rosdev/ros2_ws/install/tf2_bullet/include/tf2_bullet/tf2_bullet/tf2_bullet.hpp
-- Up-to-date symlink: /home/rosdev/ros2_ws/install/tf2_bullet/share/ament_index/resource_index/package_run_dependencies/tf2_bullet
-- Up-to-date symlink: /home/rosdev/ros2_ws/install/tf2_bullet/share/ament_index/resource_index/parent_prefix_path/tf2_bullet
-- Up-to-date symlink: /home/rosdev/ros2_ws/install/tf2_bullet/share/tf2_bullet/environment/ament_prefix_path.sh
-- Up-to-date symlink: /home/rosdev/ros2_ws/install/tf2_bullet/share/tf2_bullet/environment/ament_prefix_path.dsv
-- Up-to-date symlink: /home/rosdev/ros2_ws/install/tf2_bullet/share/tf2_bullet/environment/path.sh
-- Up-to-date symlink: /home/rosdev/ros2_ws/install/tf2_bullet/share/tf2_bullet/environment/path.dsv
-- Up-to-date symlink: /home/rosdev/ros2_ws/install/tf2_bullet/share/tf2_bullet/local_setup.bash
-- Up-to-date symlink: /home/rosdev/ros2_ws/install/tf2_bullet/share/tf2_bullet/local_setup.sh
-- Up-to-date symlink: /home/rosdev/ros2_ws/install/tf2_bullet/share/tf2_bullet/local_setup.zsh
-- Up-to-date symlink: /home/rosdev/ros2_ws/install/tf2_bullet/share/tf2_bullet/local_setup.dsv
-- Symlinking: /home/rosdev/ros2_ws/install/tf2_bullet/share/tf2_bullet/package.dsv
-- Up-to-date symlink: /home/rosdev/ros2_ws/install/tf2_bullet/share/ament_index/resource_index/packages/tf2_bullet
-- Up-to-date symlink: /home/rosdev/ros2_ws/install/tf2_bullet/share/tf2_bullet/cmake/bullet-extras.cmake
-- Up-to-date symlink: /home/rosdev/ros2_ws/install/tf2_bullet/share/tf2_bullet/cmake/ament_cmake_export_targets-extras.cmake
-- Up-to-date symlink: /home/rosdev/ros2_ws/install/tf2_bullet/share/tf2_bullet/cmake/tf2_bulletConfig.cmake
-- Up-to-date symlink: /home/rosdev/ros2_ws/install/tf2_bullet/share/tf2_bullet/cmake/tf2_bulletConfig-version.cmake
-- Up-to-date symlink: /home/rosdev/ros2_ws/install/tf2_bullet/share/tf2_bullet/package.xml
-- Up-to-date: /home/rosdev/ros2_ws/install/tf2_bullet/share/tf2_bullet/cmake/export_tf2_bulletExport.cmake
