[0.036s] Invoking command in '/home/rosdev/ros2_ws/build/aruco_interfaces': CMAKE_PREFIX_PATH=${CMAKE_PREFIX_PATH}:/home/rosdev/ros2_ws/install/yolo_ros:/opt/ros/humble /usr/bin/cmake --build /home/rosdev/ros2_ws/build/aruco_interfaces -- -j12 -l12
[0.144s] [  3%] Built target aruco_interfaces__cpp
[0.147s] [ 12%] Built target aruco_interfaces__rosidl_generator_c
[0.154s] [ 12%] Built target ament_cmake_python_copy_aruco_interfaces
[0.215s] [ 22%] Built target aruco_interfaces__rosidl_typesupport_cpp
[0.231s] [ 32%] Built target aruco_interfaces__rosidl_typesupport_fastrtps_cpp
[0.232s] [ 41%] Built target aruco_interfaces__rosidl_typesupport_introspection_cpp
[0.256s] [ 51%] Built target aruco_interfaces__rosidl_typesupport_introspection_c
[0.276s] [ 61%] Built target aruco_interfaces__rosidl_typesupport_fastrtps_c
[0.282s] [ 70%] Built target aruco_interfaces__rosidl_typesupport_c
[0.354s] [ 70%] Built target aruco_interfaces
[0.403s] [ 74%] Built target aruco_interfaces__py
[0.454s] [ 80%] Built target aruco_interfaces__rosidl_generator_py
[0.513s] [ 93%] Built target aruco_interfaces__rosidl_typesupport_fastrtps_c__pyext
[0.513s] [ 93%] Built target aruco_interfaces__rosidl_typesupport_introspection_c__pyext
[0.522s] [100%] Built target aruco_interfaces__rosidl_typesupport_c__pyext
[0.572s] running egg_info
[0.573s] writing aruco_interfaces.egg-info/PKG-INFO
[0.575s] writing dependency_links to aruco_interfaces.egg-info/dependency_links.txt
[0.576s] writing top-level names to aruco_interfaces.egg-info/top_level.txt
[0.581s] reading manifest file 'aruco_interfaces.egg-info/SOURCES.txt'
[0.582s] writing manifest file 'aruco_interfaces.egg-info/SOURCES.txt'
[0.664s] [100%] Built target ament_cmake_python_build_aruco_interfaces_egg
[0.685s] Invoked command in '/home/rosdev/ros2_ws/build/aruco_interfaces' returned '0': CMAKE_PREFIX_PATH=${CMAKE_PREFIX_PATH}:/home/rosdev/ros2_ws/install/yolo_ros:/opt/ros/humble /usr/bin/cmake --build /home/rosdev/ros2_ws/build/aruco_interfaces -- -j12 -l12
[0.703s] Invoking command in '/home/rosdev/ros2_ws/build/aruco_interfaces': CMAKE_PREFIX_PATH=${CMAKE_PREFIX_PATH}:/home/rosdev/ros2_ws/install/yolo_ros:/opt/ros/humble /usr/bin/cmake --install /home/rosdev/ros2_ws/build/aruco_interfaces
[0.715s] -- Install configuration: ""
[0.716s] -- Up-to-date: /home/rosdev/ros2_ws/install/aruco_interfaces/share/ament_index/resource_index/rosidl_interfaces/aruco_interfaces
[0.716s] -- Up-to-date: /home/rosdev/ros2_ws/install/aruco_interfaces/include/aruco_interfaces/aruco_interfaces
[0.716s] -- Up-to-date: /home/rosdev/ros2_ws/install/aruco_interfaces/include/aruco_interfaces/aruco_interfaces/msg
[0.716s] -- Up-to-date: /home/rosdev/ros2_ws/install/aruco_interfaces/include/aruco_interfaces/aruco_interfaces/msg/aruco_markers.h
[0.716s] -- Up-to-date: /home/rosdev/ros2_ws/install/aruco_interfaces/include/aruco_interfaces/aruco_interfaces/msg/detail
[0.716s] -- Up-to-date: /home/rosdev/ros2_ws/install/aruco_interfaces/include/aruco_interfaces/aruco_interfaces/msg/detail/aruco_markers__functions.h
[0.716s] -- Up-to-date: /home/rosdev/ros2_ws/install/aruco_interfaces/include/aruco_interfaces/aruco_interfaces/msg/detail/aruco_markers__type_support.h
[0.717s] -- Up-to-date: /home/rosdev/ros2_ws/install/aruco_interfaces/include/aruco_interfaces/aruco_interfaces/msg/detail/aruco_markers__functions.c
[0.717s] -- Up-to-date: /home/rosdev/ros2_ws/install/aruco_interfaces/include/aruco_interfaces/aruco_interfaces/msg/detail/aruco_markers__struct.h
[0.717s] -- Up-to-date: /home/rosdev/ros2_ws/install/aruco_interfaces/include/aruco_interfaces/aruco_interfaces/msg/rosidl_generator_c__visibility_control.h
[0.717s] -- Up-to-date: /home/rosdev/ros2_ws/install/aruco_interfaces/share/aruco_interfaces/environment/library_path.sh
[0.717s] -- Up-to-date: /home/rosdev/ros2_ws/install/aruco_interfaces/share/aruco_interfaces/environment/library_path.dsv
[0.717s] -- Up-to-date: /home/rosdev/ros2_ws/install/aruco_interfaces/lib/libaruco_interfaces__rosidl_generator_c.so
[0.717s] -- Up-to-date: /home/rosdev/ros2_ws/install/aruco_interfaces/include/aruco_interfaces/aruco_interfaces
[0.717s] -- Up-to-date: /home/rosdev/ros2_ws/install/aruco_interfaces/include/aruco_interfaces/aruco_interfaces/msg
[0.717s] -- Up-to-date: /home/rosdev/ros2_ws/install/aruco_interfaces/include/aruco_interfaces/aruco_interfaces/msg/rosidl_typesupport_fastrtps_c__visibility_control.h
[0.718s] -- Up-to-date: /home/rosdev/ros2_ws/install/aruco_interfaces/include/aruco_interfaces/aruco_interfaces/msg/detail
[0.718s] -- Up-to-date: /home/rosdev/ros2_ws/install/aruco_interfaces/include/aruco_interfaces/aruco_interfaces/msg/detail/aruco_markers__rosidl_typesupport_fastrtps_c.h
[0.718s] -- Up-to-date: /home/rosdev/ros2_ws/install/aruco_interfaces/lib/libaruco_interfaces__rosidl_typesupport_fastrtps_c.so
[0.718s] -- Up-to-date: /home/rosdev/ros2_ws/install/aruco_interfaces/include/aruco_interfaces/aruco_interfaces
[0.718s] -- Up-to-date: /home/rosdev/ros2_ws/install/aruco_interfaces/include/aruco_interfaces/aruco_interfaces/msg
[0.718s] -- Up-to-date: /home/rosdev/ros2_ws/install/aruco_interfaces/include/aruco_interfaces/aruco_interfaces/msg/detail
[0.718s] -- Up-to-date: /home/rosdev/ros2_ws/install/aruco_interfaces/include/aruco_interfaces/aruco_interfaces/msg/detail/aruco_markers__builder.hpp
[0.718s] -- Up-to-date: /home/rosdev/ros2_ws/install/aruco_interfaces/include/aruco_interfaces/aruco_interfaces/msg/detail/aruco_markers__traits.hpp
[0.719s] -- Up-to-date: /home/rosdev/ros2_ws/install/aruco_interfaces/include/aruco_interfaces/aruco_interfaces/msg/detail/aruco_markers__type_support.hpp
[0.719s] -- Up-to-date: /home/rosdev/ros2_ws/install/aruco_interfaces/include/aruco_interfaces/aruco_interfaces/msg/detail/aruco_markers__struct.hpp
[0.719s] -- Up-to-date: /home/rosdev/ros2_ws/install/aruco_interfaces/include/aruco_interfaces/aruco_interfaces/msg/aruco_markers.hpp
[0.719s] -- Up-to-date: /home/rosdev/ros2_ws/install/aruco_interfaces/include/aruco_interfaces/aruco_interfaces/msg/rosidl_generator_cpp__visibility_control.hpp
[0.719s] -- Up-to-date: /home/rosdev/ros2_ws/install/aruco_interfaces/include/aruco_interfaces/aruco_interfaces
[0.719s] -- Up-to-date: /home/rosdev/ros2_ws/install/aruco_interfaces/include/aruco_interfaces/aruco_interfaces/msg
[0.719s] -- Up-to-date: /home/rosdev/ros2_ws/install/aruco_interfaces/include/aruco_interfaces/aruco_interfaces/msg/detail
[0.719s] -- Up-to-date: /home/rosdev/ros2_ws/install/aruco_interfaces/include/aruco_interfaces/aruco_interfaces/msg/detail/dds_fastrtps
[0.720s] -- Up-to-date: /home/rosdev/ros2_ws/install/aruco_interfaces/include/aruco_interfaces/aruco_interfaces/msg/detail/aruco_markers__rosidl_typesupport_fastrtps_cpp.hpp
[0.720s] -- Up-to-date: /home/rosdev/ros2_ws/install/aruco_interfaces/include/aruco_interfaces/aruco_interfaces/msg/rosidl_typesupport_fastrtps_cpp__visibility_control.h
[0.720s] -- Up-to-date: /home/rosdev/ros2_ws/install/aruco_interfaces/lib/libaruco_interfaces__rosidl_typesupport_fastrtps_cpp.so
[0.720s] -- Up-to-date: /home/rosdev/ros2_ws/install/aruco_interfaces/include/aruco_interfaces/aruco_interfaces
[0.720s] -- Up-to-date: /home/rosdev/ros2_ws/install/aruco_interfaces/include/aruco_interfaces/aruco_interfaces/msg
[0.720s] -- Up-to-date: /home/rosdev/ros2_ws/install/aruco_interfaces/include/aruco_interfaces/aruco_interfaces/msg/rosidl_typesupport_introspection_c__visibility_control.h
[0.720s] -- Up-to-date: /home/rosdev/ros2_ws/install/aruco_interfaces/include/aruco_interfaces/aruco_interfaces/msg/detail
[0.720s] -- Up-to-date: /home/rosdev/ros2_ws/install/aruco_interfaces/include/aruco_interfaces/aruco_interfaces/msg/detail/aruco_markers__type_support.c
[0.721s] -- Up-to-date: /home/rosdev/ros2_ws/install/aruco_interfaces/include/aruco_interfaces/aruco_interfaces/msg/detail/aruco_markers__rosidl_typesupport_introspection_c.h
[0.721s] -- Up-to-date: /home/rosdev/ros2_ws/install/aruco_interfaces/lib/libaruco_interfaces__rosidl_typesupport_introspection_c.so
[0.721s] -- Up-to-date: /home/rosdev/ros2_ws/install/aruco_interfaces/lib/libaruco_interfaces__rosidl_typesupport_c.so
[0.721s] -- Up-to-date: /home/rosdev/ros2_ws/install/aruco_interfaces/include/aruco_interfaces/aruco_interfaces
[0.721s] -- Up-to-date: /home/rosdev/ros2_ws/install/aruco_interfaces/include/aruco_interfaces/aruco_interfaces/msg
[0.721s] -- Up-to-date: /home/rosdev/ros2_ws/install/aruco_interfaces/include/aruco_interfaces/aruco_interfaces/msg/detail
[0.721s] -- Up-to-date: /home/rosdev/ros2_ws/install/aruco_interfaces/include/aruco_interfaces/aruco_interfaces/msg/detail/aruco_markers__type_support.cpp
[0.722s] -- Up-to-date: /home/rosdev/ros2_ws/install/aruco_interfaces/include/aruco_interfaces/aruco_interfaces/msg/detail/aruco_markers__rosidl_typesupport_introspection_cpp.hpp
[0.722s] -- Up-to-date: /home/rosdev/ros2_ws/install/aruco_interfaces/lib/libaruco_interfaces__rosidl_typesupport_introspection_cpp.so
[0.722s] -- Up-to-date: /home/rosdev/ros2_ws/install/aruco_interfaces/lib/libaruco_interfaces__rosidl_typesupport_cpp.so
[0.722s] -- Up-to-date: /home/rosdev/ros2_ws/install/aruco_interfaces/share/aruco_interfaces/environment/pythonpath.sh
[0.722s] -- Up-to-date: /home/rosdev/ros2_ws/install/aruco_interfaces/share/aruco_interfaces/environment/pythonpath.dsv
[0.723s] -- Up-to-date: /home/rosdev/ros2_ws/install/aruco_interfaces/local/lib/python3.10/dist-packages/aruco_interfaces-0.1.0-py3.10.egg-info
[0.723s] -- Installing: /home/rosdev/ros2_ws/install/aruco_interfaces/local/lib/python3.10/dist-packages/aruco_interfaces-0.1.0-py3.10.egg-info/dependency_links.txt
[0.723s] -- Installing: /home/rosdev/ros2_ws/install/aruco_interfaces/local/lib/python3.10/dist-packages/aruco_interfaces-0.1.0-py3.10.egg-info/PKG-INFO
[0.723s] -- Installing: /home/rosdev/ros2_ws/install/aruco_interfaces/local/lib/python3.10/dist-packages/aruco_interfaces-0.1.0-py3.10.egg-info/SOURCES.txt
[0.723s] -- Installing: /home/rosdev/ros2_ws/install/aruco_interfaces/local/lib/python3.10/dist-packages/aruco_interfaces-0.1.0-py3.10.egg-info/top_level.txt
[0.723s] -- Up-to-date: /home/rosdev/ros2_ws/install/aruco_interfaces/local/lib/python3.10/dist-packages/aruco_interfaces
[0.723s] -- Up-to-date: /home/rosdev/ros2_ws/install/aruco_interfaces/local/lib/python3.10/dist-packages/aruco_interfaces/libaruco_interfaces__rosidl_generator_py.so
[0.723s] -- Up-to-date: /home/rosdev/ros2_ws/install/aruco_interfaces/local/lib/python3.10/dist-packages/aruco_interfaces/_aruco_interfaces_s.ep.rosidl_typesupport_introspection_c.c
[0.723s] -- Up-to-date: /home/rosdev/ros2_ws/install/aruco_interfaces/local/lib/python3.10/dist-packages/aruco_interfaces/_aruco_interfaces_s.ep.rosidl_typesupport_fastrtps_c.c
[0.724s] -- Up-to-date: /home/rosdev/ros2_ws/install/aruco_interfaces/local/lib/python3.10/dist-packages/aruco_interfaces/aruco_interfaces_s__rosidl_typesupport_fastrtps_c.cpython-310-aarch64-linux-gnu.so
[0.724s] -- Up-to-date: /home/rosdev/ros2_ws/install/aruco_interfaces/local/lib/python3.10/dist-packages/aruco_interfaces/__init__.py
[0.724s] -- Up-to-date: /home/rosdev/ros2_ws/install/aruco_interfaces/local/lib/python3.10/dist-packages/aruco_interfaces/_aruco_interfaces_s.ep.rosidl_typesupport_c.c
[0.724s] -- Up-to-date: /home/rosdev/ros2_ws/install/aruco_interfaces/local/lib/python3.10/dist-packages/aruco_interfaces/aruco_interfaces_s__rosidl_typesupport_c.cpython-310-aarch64-linux-gnu.so
[0.724s] -- Up-to-date: /home/rosdev/ros2_ws/install/aruco_interfaces/local/lib/python3.10/dist-packages/aruco_interfaces/aruco_interfaces_s__rosidl_typesupport_introspection_c.cpython-310-aarch64-linux-gnu.so
[0.724s] -- Up-to-date: /home/rosdev/ros2_ws/install/aruco_interfaces/local/lib/python3.10/dist-packages/aruco_interfaces/msg
[0.724s] -- Up-to-date: /home/rosdev/ros2_ws/install/aruco_interfaces/local/lib/python3.10/dist-packages/aruco_interfaces/msg/_aruco_markers_s.c
[0.724s] -- Up-to-date: /home/rosdev/ros2_ws/install/aruco_interfaces/local/lib/python3.10/dist-packages/aruco_interfaces/msg/_aruco_markers.py
[0.724s] -- Up-to-date: /home/rosdev/ros2_ws/install/aruco_interfaces/local/lib/python3.10/dist-packages/aruco_interfaces/msg/__init__.py
[0.788s] Listing '/home/rosdev/ros2_ws/install/aruco_interfaces/local/lib/python3.10/dist-packages/aruco_interfaces'...
[0.788s] Listing '/home/rosdev/ros2_ws/install/aruco_interfaces/local/lib/python3.10/dist-packages/aruco_interfaces/msg'...
[0.798s] -- Up-to-date: /home/rosdev/ros2_ws/install/aruco_interfaces/local/lib/python3.10/dist-packages/aruco_interfaces/aruco_interfaces_s__rosidl_typesupport_fastrtps_c.cpython-310-aarch64-linux-gnu.so
[0.798s] -- Up-to-date: /home/rosdev/ros2_ws/install/aruco_interfaces/local/lib/python3.10/dist-packages/aruco_interfaces/aruco_interfaces_s__rosidl_typesupport_introspection_c.cpython-310-aarch64-linux-gnu.so
[0.798s] -- Up-to-date: /home/rosdev/ros2_ws/install/aruco_interfaces/local/lib/python3.10/dist-packages/aruco_interfaces/aruco_interfaces_s__rosidl_typesupport_c.cpython-310-aarch64-linux-gnu.so
[0.798s] -- Up-to-date: /home/rosdev/ros2_ws/install/aruco_interfaces/lib/libaruco_interfaces__rosidl_generator_py.so
[0.798s] -- Up-to-date: /home/rosdev/ros2_ws/install/aruco_interfaces/share/aruco_interfaces/msg/ArucoMarkers.idl
[0.798s] -- Up-to-date: /home/rosdev/ros2_ws/install/aruco_interfaces/share/aruco_interfaces/msg/ArucoMarkers.msg
[0.798s] -- Up-to-date: /home/rosdev/ros2_ws/install/aruco_interfaces/share/ament_index/resource_index/package_run_dependencies/aruco_interfaces
[0.799s] -- Up-to-date: /home/rosdev/ros2_ws/install/aruco_interfaces/share/ament_index/resource_index/parent_prefix_path/aruco_interfaces
[0.799s] -- Up-to-date: /home/rosdev/ros2_ws/install/aruco_interfaces/share/aruco_interfaces/environment/ament_prefix_path.sh
[0.799s] -- Up-to-date: /home/rosdev/ros2_ws/install/aruco_interfaces/share/aruco_interfaces/environment/ament_prefix_path.dsv
[0.799s] -- Up-to-date: /home/rosdev/ros2_ws/install/aruco_interfaces/share/aruco_interfaces/environment/path.sh
[0.799s] -- Up-to-date: /home/rosdev/ros2_ws/install/aruco_interfaces/share/aruco_interfaces/environment/path.dsv
[0.799s] -- Up-to-date: /home/rosdev/ros2_ws/install/aruco_interfaces/share/aruco_interfaces/local_setup.bash
[0.799s] -- Up-to-date: /home/rosdev/ros2_ws/install/aruco_interfaces/share/aruco_interfaces/local_setup.sh
[0.799s] -- Up-to-date: /home/rosdev/ros2_ws/install/aruco_interfaces/share/aruco_interfaces/local_setup.zsh
[0.799s] -- Up-to-date: /home/rosdev/ros2_ws/install/aruco_interfaces/share/aruco_interfaces/local_setup.dsv
[0.800s] -- Installing: /home/rosdev/ros2_ws/install/aruco_interfaces/share/aruco_interfaces/package.dsv
[0.800s] -- Up-to-date: /home/rosdev/ros2_ws/install/aruco_interfaces/share/ament_index/resource_index/packages/aruco_interfaces
[0.800s] -- Up-to-date: /home/rosdev/ros2_ws/install/aruco_interfaces/share/aruco_interfaces/cmake/export_aruco_interfaces__rosidl_generator_cExport.cmake
[0.800s] -- Up-to-date: /home/rosdev/ros2_ws/install/aruco_interfaces/share/aruco_interfaces/cmake/export_aruco_interfaces__rosidl_generator_cExport-noconfig.cmake
[0.800s] -- Up-to-date: /home/rosdev/ros2_ws/install/aruco_interfaces/share/aruco_interfaces/cmake/export_aruco_interfaces__rosidl_typesupport_fastrtps_cExport.cmake
[0.800s] -- Up-to-date: /home/rosdev/ros2_ws/install/aruco_interfaces/share/aruco_interfaces/cmake/export_aruco_interfaces__rosidl_typesupport_fastrtps_cExport-noconfig.cmake
[0.800s] -- Up-to-date: /home/rosdev/ros2_ws/install/aruco_interfaces/share/aruco_interfaces/cmake/export_aruco_interfaces__rosidl_generator_cppExport.cmake
[0.800s] -- Up-to-date: /home/rosdev/ros2_ws/install/aruco_interfaces/share/aruco_interfaces/cmake/export_aruco_interfaces__rosidl_typesupport_fastrtps_cppExport.cmake
[0.801s] -- Up-to-date: /home/rosdev/ros2_ws/install/aruco_interfaces/share/aruco_interfaces/cmake/export_aruco_interfaces__rosidl_typesupport_fastrtps_cppExport-noconfig.cmake
[0.801s] -- Up-to-date: /home/rosdev/ros2_ws/install/aruco_interfaces/share/aruco_interfaces/cmake/aruco_interfaces__rosidl_typesupport_introspection_cExport.cmake
[0.801s] -- Up-to-date: /home/rosdev/ros2_ws/install/aruco_interfaces/share/aruco_interfaces/cmake/aruco_interfaces__rosidl_typesupport_introspection_cExport-noconfig.cmake
[0.801s] -- Up-to-date: /home/rosdev/ros2_ws/install/aruco_interfaces/share/aruco_interfaces/cmake/aruco_interfaces__rosidl_typesupport_cExport.cmake
[0.801s] -- Up-to-date: /home/rosdev/ros2_ws/install/aruco_interfaces/share/aruco_interfaces/cmake/aruco_interfaces__rosidl_typesupport_cExport-noconfig.cmake
[0.801s] -- Up-to-date: /home/rosdev/ros2_ws/install/aruco_interfaces/share/aruco_interfaces/cmake/aruco_interfaces__rosidl_typesupport_introspection_cppExport.cmake
[0.801s] -- Up-to-date: /home/rosdev/ros2_ws/install/aruco_interfaces/share/aruco_interfaces/cmake/aruco_interfaces__rosidl_typesupport_introspection_cppExport-noconfig.cmake
[0.801s] -- Up-to-date: /home/rosdev/ros2_ws/install/aruco_interfaces/share/aruco_interfaces/cmake/aruco_interfaces__rosidl_typesupport_cppExport.cmake
[0.801s] -- Up-to-date: /home/rosdev/ros2_ws/install/aruco_interfaces/share/aruco_interfaces/cmake/aruco_interfaces__rosidl_typesupport_cppExport-noconfig.cmake
[0.801s] -- Up-to-date: /home/rosdev/ros2_ws/install/aruco_interfaces/share/aruco_interfaces/cmake/export_aruco_interfaces__rosidl_generator_pyExport.cmake
[0.802s] -- Up-to-date: /home/rosdev/ros2_ws/install/aruco_interfaces/share/aruco_interfaces/cmake/export_aruco_interfaces__rosidl_generator_pyExport-noconfig.cmake
[0.802s] -- Up-to-date: /home/rosdev/ros2_ws/install/aruco_interfaces/share/aruco_interfaces/cmake/rosidl_cmake-extras.cmake
[0.802s] -- Up-to-date: /home/rosdev/ros2_ws/install/aruco_interfaces/share/aruco_interfaces/cmake/ament_cmake_export_dependencies-extras.cmake
[0.802s] -- Up-to-date: /home/rosdev/ros2_ws/install/aruco_interfaces/share/aruco_interfaces/cmake/ament_cmake_export_include_directories-extras.cmake
[0.802s] -- Up-to-date: /home/rosdev/ros2_ws/install/aruco_interfaces/share/aruco_interfaces/cmake/ament_cmake_export_libraries-extras.cmake
[0.802s] -- Up-to-date: /home/rosdev/ros2_ws/install/aruco_interfaces/share/aruco_interfaces/cmake/ament_cmake_export_targets-extras.cmake
[0.802s] -- Up-to-date: /home/rosdev/ros2_ws/install/aruco_interfaces/share/aruco_interfaces/cmake/rosidl_cmake_export_typesupport_targets-extras.cmake
[0.803s] -- Up-to-date: /home/rosdev/ros2_ws/install/aruco_interfaces/share/aruco_interfaces/cmake/rosidl_cmake_export_typesupport_libraries-extras.cmake
[0.803s] -- Up-to-date: /home/rosdev/ros2_ws/install/aruco_interfaces/share/aruco_interfaces/cmake/aruco_interfacesConfig.cmake
[0.803s] -- Up-to-date: /home/rosdev/ros2_ws/install/aruco_interfaces/share/aruco_interfaces/cmake/aruco_interfacesConfig-version.cmake
[0.803s] -- Up-to-date: /home/rosdev/ros2_ws/install/aruco_interfaces/share/aruco_interfaces/package.xml
[0.827s] Invoked command in '/home/rosdev/ros2_ws/build/aruco_interfaces' returned '0': CMAKE_PREFIX_PATH=${CMAKE_PREFIX_PATH}:/home/rosdev/ros2_ws/install/yolo_ros:/opt/ros/humble /usr/bin/cmake --install /home/rosdev/ros2_ws/build/aruco_interfaces
