[0.075s] Invoking command in '/home/rosdev/ros2_ws/build/tf2_eigen': AMENT_PREFIX_PATH=/home/rosdev/ros2_ws/install/tf2_ros:/home/rosdev/ros2_ws/install/tf2_msgs:/home/rosdev/ros2_ws/install/tf2:${AMENT_PREFIX_PATH} CMAKE_PREFIX_PATH=/home/rosdev/ros2_ws/install/tf2_ros:/home/rosdev/ros2_ws/install/tf2_msgs:/home/rosdev/ros2_ws/install/tf2:/opt/ros/humble LD_LIBRARY_PATH=/home/rosdev/ros2_ws/install/tf2_ros/lib:/home/rosdev/ros2_ws/install/tf2_msgs/lib:/home/rosdev/ros2_ws/install/tf2/lib:${LD_LIBRARY_PATH} PYTHONPATH=/home/rosdev/ros2_ws/install/tf2_msgs/local/lib/python3.10/dist-packages:${PYTHONPATH} /usr/bin/cmake /home/rosdev/ros2_ws/src/geometry2/tf2_eigen -DAMENT_CMAKE_SYMLINK_INSTALL=1 -DCMAKE_INSTALL_PREFIX=/home/rosdev/ros2_ws/install/tf2_eigen
[0.099s] -- Found ament_cmake: 1.3.11 (/opt/ros/humble/share/ament_cmake/cmake)
[0.343s] -- Override CMake install command with custom implementation using symlinks instead of copying resources
[0.356s] -- Found geometry_msgs: 4.8.0 (/opt/ros/humble/share/geometry_msgs/cmake)
[0.425s] -- Found rosidl_generator_c: 3.1.6 (/opt/ros/humble/share/rosidl_generator_c/cmake)
[0.428s] -- Found rosidl_adapter: 3.1.6 (/opt/ros/humble/share/rosidl_adapter/cmake)
[0.441s] -- Found rosidl_generator_cpp: 3.1.6 (/opt/ros/humble/share/rosidl_generator_cpp/cmake)
[0.453s] -- Using all available rosidl_typesupport_c: rosidl_typesupport_fastrtps_c;rosidl_typesupport_introspection_c
[0.487s] -- Using all available rosidl_typesupport_cpp: rosidl_typesupport_fastrtps_cpp;rosidl_typesupport_introspection_cpp
[0.552s] -- Found tf2: 0.25.7 (/home/rosdev/ros2_ws/install/tf2/share/tf2/cmake)
[0.553s] -- Found tf2_ros: 0.25.7 (/home/rosdev/ros2_ws/install/tf2_ros/share/tf2_ros/cmake)
[0.617s] -- Found rmw_implementation_cmake: 6.1.2 (/opt/ros/humble/share/rmw_implementation_cmake/cmake)
[0.618s] -- Found rmw_fastrtps_cpp: 6.2.7 (/opt/ros/humble/share/rmw_fastrtps_cpp/cmake)
[0.853s] -- Using RMW implementation 'rmw_fastrtps_cpp' as default
[1.008s] -- Found ament_cmake_cppcheck: 0.12.12 (/opt/ros/humble/share/ament_cmake_cppcheck/cmake)
[1.009s] -- Found ament_cmake_cpplint: 0.12.12 (/opt/ros/humble/share/ament_cmake_cpplint/cmake)
[1.010s] -- Found ament_cmake_lint_cmake: 0.12.12 (/opt/ros/humble/share/ament_cmake_lint_cmake/cmake)
[1.011s] -- Found ament_cmake_uncrustify: 0.12.12 (/opt/ros/humble/share/ament_cmake_uncrustify/cmake)
[1.014s] -- Found ament_cmake_gtest: 1.3.11 (/opt/ros/humble/share/ament_cmake_gtest/cmake)
[1.015s] -- Found gtest sources under '/opt/ros/humble/src/gtest_vendor': C++ tests using 'Google Test' will be built
[1.161s] -- Configuring done
[1.204s] -- Generating done
[1.212s] -- Build files have been written to: /home/rosdev/ros2_ws/build/tf2_eigen
[1.271s] Invoked command in '/home/rosdev/ros2_ws/build/tf2_eigen' returned '0': AMENT_PREFIX_PATH=/home/rosdev/ros2_ws/install/tf2_ros:/home/rosdev/ros2_ws/install/tf2_msgs:/home/rosdev/ros2_ws/install/tf2:${AMENT_PREFIX_PATH} CMAKE_PREFIX_PATH=/home/rosdev/ros2_ws/install/tf2_ros:/home/rosdev/ros2_ws/install/tf2_msgs:/home/rosdev/ros2_ws/install/tf2:/opt/ros/humble LD_LIBRARY_PATH=/home/rosdev/ros2_ws/install/tf2_ros/lib:/home/rosdev/ros2_ws/install/tf2_msgs/lib:/home/rosdev/ros2_ws/install/tf2/lib:${LD_LIBRARY_PATH} PYTHONPATH=/home/rosdev/ros2_ws/install/tf2_msgs/local/lib/python3.10/dist-packages:${PYTHONPATH} /usr/bin/cmake /home/rosdev/ros2_ws/src/geometry2/tf2_eigen -DAMENT_CMAKE_SYMLINK_INSTALL=1 -DCMAKE_INSTALL_PREFIX=/home/rosdev/ros2_ws/install/tf2_eigen
[1.272s] Invoking command in '/home/rosdev/ros2_ws/build/tf2_eigen': AMENT_PREFIX_PATH=/home/rosdev/ros2_ws/install/tf2_ros:/home/rosdev/ros2_ws/install/tf2_msgs:/home/rosdev/ros2_ws/install/tf2:${AMENT_PREFIX_PATH} CMAKE_PREFIX_PATH=/home/rosdev/ros2_ws/install/tf2_ros:/home/rosdev/ros2_ws/install/tf2_msgs:/home/rosdev/ros2_ws/install/tf2:/opt/ros/humble LD_LIBRARY_PATH=/home/rosdev/ros2_ws/install/tf2_ros/lib:/home/rosdev/ros2_ws/install/tf2_msgs/lib:/home/rosdev/ros2_ws/install/tf2/lib:${LD_LIBRARY_PATH} PYTHONPATH=/home/rosdev/ros2_ws/install/tf2_msgs/local/lib/python3.10/dist-packages:${PYTHONPATH} /usr/bin/cmake --build /home/rosdev/ros2_ws/build/tf2_eigen -- -j12 -l12
[1.381s] [35m[1mConsolidate compiler generated dependencies of target gtest_main[0m
[1.425s] [ 33%] Built target gtest_main
[1.443s] [35m[1mConsolidate compiler generated dependencies of target gtest[0m
[1.472s] [ 66%] Built target gtest
[1.495s] [35m[1mConsolidate compiler generated dependencies of target tf2_eigen-test[0m
[1.529s] [100%] Built target tf2_eigen-test
[1.557s] Invoked command in '/home/rosdev/ros2_ws/build/tf2_eigen' returned '0': AMENT_PREFIX_PATH=/home/rosdev/ros2_ws/install/tf2_ros:/home/rosdev/ros2_ws/install/tf2_msgs:/home/rosdev/ros2_ws/install/tf2:${AMENT_PREFIX_PATH} CMAKE_PREFIX_PATH=/home/rosdev/ros2_ws/install/tf2_ros:/home/rosdev/ros2_ws/install/tf2_msgs:/home/rosdev/ros2_ws/install/tf2:/opt/ros/humble LD_LIBRARY_PATH=/home/rosdev/ros2_ws/install/tf2_ros/lib:/home/rosdev/ros2_ws/install/tf2_msgs/lib:/home/rosdev/ros2_ws/install/tf2/lib:${LD_LIBRARY_PATH} PYTHONPATH=/home/rosdev/ros2_ws/install/tf2_msgs/local/lib/python3.10/dist-packages:${PYTHONPATH} /usr/bin/cmake --build /home/rosdev/ros2_ws/build/tf2_eigen -- -j12 -l12
[1.558s] Invoking command in '/home/rosdev/ros2_ws/build/tf2_eigen': AMENT_PREFIX_PATH=/home/rosdev/ros2_ws/install/tf2_ros:/home/rosdev/ros2_ws/install/tf2_msgs:/home/rosdev/ros2_ws/install/tf2:${AMENT_PREFIX_PATH} CMAKE_PREFIX_PATH=/home/rosdev/ros2_ws/install/tf2_ros:/home/rosdev/ros2_ws/install/tf2_msgs:/home/rosdev/ros2_ws/install/tf2:/opt/ros/humble LD_LIBRARY_PATH=/home/rosdev/ros2_ws/install/tf2_ros/lib:/home/rosdev/ros2_ws/install/tf2_msgs/lib:/home/rosdev/ros2_ws/install/tf2/lib:${LD_LIBRARY_PATH} PYTHONPATH=/home/rosdev/ros2_ws/install/tf2_msgs/local/lib/python3.10/dist-packages:${PYTHONPATH} /usr/bin/cmake --install /home/rosdev/ros2_ws/build/tf2_eigen
[1.571s] -- Install configuration: ""
[1.573s] -- Execute custom install script
[1.574s] -- Up-to-date symlink: /home/rosdev/ros2_ws/install/tf2_eigen/include/tf2_eigen/tf2_eigen/tf2_eigen.h
[1.574s] -- Up-to-date symlink: /home/rosdev/ros2_ws/install/tf2_eigen/include/tf2_eigen/tf2_eigen/tf2_eigen.hpp
[1.575s] -- Up-to-date symlink: /home/rosdev/ros2_ws/install/tf2_eigen/share/ament_index/resource_index/package_run_dependencies/tf2_eigen
[1.575s] -- Up-to-date symlink: /home/rosdev/ros2_ws/install/tf2_eigen/share/ament_index/resource_index/parent_prefix_path/tf2_eigen
[1.576s] -- Up-to-date symlink: /home/rosdev/ros2_ws/install/tf2_eigen/share/tf2_eigen/environment/ament_prefix_path.sh
[1.576s] -- Up-to-date symlink: /home/rosdev/ros2_ws/install/tf2_eigen/share/tf2_eigen/environment/ament_prefix_path.dsv
[1.577s] -- Up-to-date symlink: /home/rosdev/ros2_ws/install/tf2_eigen/share/tf2_eigen/environment/path.sh
[1.577s] -- Up-to-date symlink: /home/rosdev/ros2_ws/install/tf2_eigen/share/tf2_eigen/environment/path.dsv
[1.578s] -- Up-to-date symlink: /home/rosdev/ros2_ws/install/tf2_eigen/share/tf2_eigen/local_setup.bash
[1.578s] -- Up-to-date symlink: /home/rosdev/ros2_ws/install/tf2_eigen/share/tf2_eigen/local_setup.sh
[1.579s] -- Up-to-date symlink: /home/rosdev/ros2_ws/install/tf2_eigen/share/tf2_eigen/local_setup.zsh
[1.579s] -- Up-to-date symlink: /home/rosdev/ros2_ws/install/tf2_eigen/share/tf2_eigen/local_setup.dsv
[1.580s] -- Symlinking: /home/rosdev/ros2_ws/install/tf2_eigen/share/tf2_eigen/package.dsv
[1.601s] -- Up-to-date symlink: /home/rosdev/ros2_ws/install/tf2_eigen/share/ament_index/resource_index/packages/tf2_eigen
[1.602s] -- Up-to-date symlink: /home/rosdev/ros2_ws/install/tf2_eigen/share/tf2_eigen/cmake/ament_cmake_export_dependencies-extras.cmake
[1.602s] -- Up-to-date symlink: /home/rosdev/ros2_ws/install/tf2_eigen/share/tf2_eigen/cmake/ament_cmake_export_include_directories-extras.cmake
[1.602s] -- Up-to-date symlink: /home/rosdev/ros2_ws/install/tf2_eigen/share/tf2_eigen/cmake/ament_cmake_export_targets-extras.cmake
[1.603s] -- Up-to-date symlink: /home/rosdev/ros2_ws/install/tf2_eigen/share/tf2_eigen/cmake/tf2_eigenConfig.cmake
[1.603s] -- Up-to-date symlink: /home/rosdev/ros2_ws/install/tf2_eigen/share/tf2_eigen/cmake/tf2_eigenConfig-version.cmake
[1.603s] -- Up-to-date symlink: /home/rosdev/ros2_ws/install/tf2_eigen/share/tf2_eigen/package.xml
[1.603s] -- Up-to-date: /home/rosdev/ros2_ws/install/tf2_eigen/share/tf2_eigen/cmake/export_tf2_eigenExport.cmake
[1.621s] Invoked command in '/home/rosdev/ros2_ws/build/tf2_eigen' returned '0': AMENT_PREFIX_PATH=/home/rosdev/ros2_ws/install/tf2_ros:/home/rosdev/ros2_ws/install/tf2_msgs:/home/rosdev/ros2_ws/install/tf2:${AMENT_PREFIX_PATH} CMAKE_PREFIX_PATH=/home/rosdev/ros2_ws/install/tf2_ros:/home/rosdev/ros2_ws/install/tf2_msgs:/home/rosdev/ros2_ws/install/tf2:/opt/ros/humble LD_LIBRARY_PATH=/home/rosdev/ros2_ws/install/tf2_ros/lib:/home/rosdev/ros2_ws/install/tf2_msgs/lib:/home/rosdev/ros2_ws/install/tf2/lib:${LD_LIBRARY_PATH} PYTHONPATH=/home/rosdev/ros2_ws/install/tf2_msgs/local/lib/python3.10/dist-packages:${PYTHONPATH} /usr/bin/cmake --install /home/rosdev/ros2_ws/build/tf2_eigen
