[0.116s] Invoking command in '/home/rosdev/ros2_ws/build/aruco_pose_estimation': CMAKE_PREFIX_PATH=/home/rosdev/ros2_ws/install/aruco_interfaces:/home/rosdev/ros2_ws/install/yolo_bringup:/home/rosdev/ros2_ws/install/yolo_msgs:/home/rosdev/ros2_ws/install/realsense2_description:/home/rosdev/ros2_ws/install/realsense2_camera:/home/rosdev/ros2_ws/install/realsense2_camera_msgs:/home/rosdev/ros2_ws/install/aruco_pose_estimation:/home/rosdev/ros2_ws/install/yolo_ros:/opt/ros/humble LD_LIBRARY_PATH=/home/rosdev/ros2_ws/install/aruco_interfaces/lib:/home/rosdev/ros2_ws/install/yolo_msgs/lib:/home/rosdev/ros2_ws/install/realsense2_camera/lib:/home/rosdev/ros2_ws/install/realsense2_camera_msgs/lib:/opt/ros/humble/opt/rviz_ogre_vendor/lib:/opt/ros/humble/lib/aarch64-linux-gnu:/opt/ros/humble/lib /usr/bin/cmake --build /home/rosdev/ros2_ws/build/aruco_pose_estimation -- -j12 -l12
[0.214s] Built target ament_cmake_python_copy_aruco_pose_estimation
[0.594s] running egg_info
[0.595s] writing aruco_pose_estimation.egg-info/PKG-INFO
[0.596s] writing dependency_links to aruco_pose_estimation.egg-info/dependency_links.txt
[0.596s] writing top-level names to aruco_pose_estimation.egg-info/top_level.txt
[0.603s] reading manifest file 'aruco_pose_estimation.egg-info/SOURCES.txt'
[0.603s] writing manifest file 'aruco_pose_estimation.egg-info/SOURCES.txt'
[0.677s] Built target ament_cmake_python_build_aruco_pose_estimation_egg
[0.721s] Invoked command in '/home/rosdev/ros2_ws/build/aruco_pose_estimation' returned '0': CMAKE_PREFIX_PATH=/home/rosdev/ros2_ws/install/aruco_interfaces:/home/rosdev/ros2_ws/install/yolo_bringup:/home/rosdev/ros2_ws/install/yolo_msgs:/home/rosdev/ros2_ws/install/realsense2_description:/home/rosdev/ros2_ws/install/realsense2_camera:/home/rosdev/ros2_ws/install/realsense2_camera_msgs:/home/rosdev/ros2_ws/install/aruco_pose_estimation:/home/rosdev/ros2_ws/install/yolo_ros:/opt/ros/humble LD_LIBRARY_PATH=/home/rosdev/ros2_ws/install/aruco_interfaces/lib:/home/rosdev/ros2_ws/install/yolo_msgs/lib:/home/rosdev/ros2_ws/install/realsense2_camera/lib:/home/rosdev/ros2_ws/install/realsense2_camera_msgs/lib:/opt/ros/humble/opt/rviz_ogre_vendor/lib:/opt/ros/humble/lib/aarch64-linux-gnu:/opt/ros/humble/lib /usr/bin/cmake --build /home/rosdev/ros2_ws/build/aruco_pose_estimation -- -j12 -l12
[0.723s] Invoking command in '/home/rosdev/ros2_ws/build/aruco_pose_estimation': CMAKE_PREFIX_PATH=/home/rosdev/ros2_ws/install/aruco_interfaces:/home/rosdev/ros2_ws/install/yolo_bringup:/home/rosdev/ros2_ws/install/yolo_msgs:/home/rosdev/ros2_ws/install/realsense2_description:/home/rosdev/ros2_ws/install/realsense2_camera:/home/rosdev/ros2_ws/install/realsense2_camera_msgs:/home/rosdev/ros2_ws/install/aruco_pose_estimation:/home/rosdev/ros2_ws/install/yolo_ros:/opt/ros/humble LD_LIBRARY_PATH=/home/rosdev/ros2_ws/install/aruco_interfaces/lib:/home/rosdev/ros2_ws/install/yolo_msgs/lib:/home/rosdev/ros2_ws/install/realsense2_camera/lib:/home/rosdev/ros2_ws/install/realsense2_camera_msgs/lib:/opt/ros/humble/opt/rviz_ogre_vendor/lib:/opt/ros/humble/lib/aarch64-linux-gnu:/opt/ros/humble/lib /usr/bin/cmake --install /home/rosdev/ros2_ws/build/aruco_pose_estimation
[0.740s] -- Install configuration: ""
[0.740s] -- Up-to-date: /home/rosdev/ros2_ws/install/aruco_pose_estimation/share/aruco_pose_estimation/environment/pythonpath.sh
[0.740s] -- Up-to-date: /home/rosdev/ros2_ws/install/aruco_pose_estimation/share/aruco_pose_estimation/environment/pythonpath.dsv
[0.740s] -- Up-to-date: /home/rosdev/ros2_ws/install/aruco_pose_estimation/local/lib/python3.10/dist-packages/aruco_pose_estimation-2.0.0-py3.10.egg-info
[0.740s] -- Installing: /home/rosdev/ros2_ws/install/aruco_pose_estimation/local/lib/python3.10/dist-packages/aruco_pose_estimation-2.0.0-py3.10.egg-info/dependency_links.txt
[0.742s] -- Installing: /home/rosdev/ros2_ws/install/aruco_pose_estimation/local/lib/python3.10/dist-packages/aruco_pose_estimation-2.0.0-py3.10.egg-info/PKG-INFO
[0.743s] -- Installing: /home/rosdev/ros2_ws/install/aruco_pose_estimation/local/lib/python3.10/dist-packages/aruco_pose_estimation-2.0.0-py3.10.egg-info/SOURCES.txt
[0.746s] -- Installing: /home/rosdev/ros2_ws/install/aruco_pose_estimation/local/lib/python3.10/dist-packages/aruco_pose_estimation-2.0.0-py3.10.egg-info/top_level.txt
[0.746s] -- Up-to-date: /home/rosdev/ros2_ws/install/aruco_pose_estimation/local/lib/python3.10/dist-packages/aruco_pose_estimation
[0.747s] -- Up-to-date: /home/rosdev/ros2_ws/install/aruco_pose_estimation/local/lib/python3.10/dist-packages/aruco_pose_estimation/utils.py
[0.747s] -- Installing: /home/rosdev/ros2_ws/install/aruco_pose_estimation/local/lib/python3.10/dist-packages/aruco_pose_estimation/pose_estimation.py
[0.747s] -- Installing: /home/rosdev/ros2_ws/install/aruco_pose_estimation/local/lib/python3.10/dist-packages/aruco_pose_estimation/__init__.py
[0.807s] Listing '/home/rosdev/ros2_ws/install/aruco_pose_estimation/local/lib/python3.10/dist-packages/aruco_pose_estimation'...
[0.807s] Compiling '/home/rosdev/ros2_ws/install/aruco_pose_estimation/local/lib/python3.10/dist-packages/aruco_pose_estimation/__init__.py'...
[0.808s] Compiling '/home/rosdev/ros2_ws/install/aruco_pose_estimation/local/lib/python3.10/dist-packages/aruco_pose_estimation/pose_estimation.py'...
[0.823s] -- Installing: /home/rosdev/ros2_ws/install/aruco_pose_estimation/lib/aruco_pose_estimation/aruco_node.py
[0.824s] -- Up-to-date: /home/rosdev/ros2_ws/install/aruco_pose_estimation/share/aruco_pose_estimation/launch
[0.824s] -- Up-to-date: /home/rosdev/ros2_ws/install/aruco_pose_estimation/share/aruco_pose_estimation/launch/aruco_pose_estimation.launch.py
[0.824s] -- Up-to-date: /home/rosdev/ros2_ws/install/aruco_pose_estimation/share/aruco_pose_estimation/rviz
[0.824s] -- Up-to-date: /home/rosdev/ros2_ws/install/aruco_pose_estimation/share/aruco_pose_estimation/rviz/cam_detect.rviz
[0.825s] -- Up-to-date: /home/rosdev/ros2_ws/install/aruco_pose_estimation/share/aruco_pose_estimation/config
[0.825s] -- Up-to-date: /home/rosdev/ros2_ws/install/aruco_pose_estimation/share/aruco_pose_estimation/config/calibration_realsense.yaml
[0.825s] -- Up-to-date: /home/rosdev/ros2_ws/install/aruco_pose_estimation/share/aruco_pose_estimation/config/aruco_parameters.yaml
[0.825s] -- Up-to-date: /home/rosdev/ros2_ws/install/aruco_pose_estimation/share/ament_index/resource_index/package_run_dependencies/aruco_pose_estimation
[0.825s] -- Up-to-date: /home/rosdev/ros2_ws/install/aruco_pose_estimation/share/ament_index/resource_index/parent_prefix_path/aruco_pose_estimation
[0.825s] -- Up-to-date: /home/rosdev/ros2_ws/install/aruco_pose_estimation/share/aruco_pose_estimation/environment/ament_prefix_path.sh
[0.826s] -- Up-to-date: /home/rosdev/ros2_ws/install/aruco_pose_estimation/share/aruco_pose_estimation/environment/ament_prefix_path.dsv
[0.826s] -- Up-to-date: /home/rosdev/ros2_ws/install/aruco_pose_estimation/share/aruco_pose_estimation/environment/path.sh
[0.826s] -- Up-to-date: /home/rosdev/ros2_ws/install/aruco_pose_estimation/share/aruco_pose_estimation/environment/path.dsv
[0.826s] -- Up-to-date: /home/rosdev/ros2_ws/install/aruco_pose_estimation/share/aruco_pose_estimation/local_setup.bash
[0.826s] -- Up-to-date: /home/rosdev/ros2_ws/install/aruco_pose_estimation/share/aruco_pose_estimation/local_setup.sh
[0.826s] -- Up-to-date: /home/rosdev/ros2_ws/install/aruco_pose_estimation/share/aruco_pose_estimation/local_setup.zsh
[0.826s] -- Up-to-date: /home/rosdev/ros2_ws/install/aruco_pose_estimation/share/aruco_pose_estimation/local_setup.dsv
[0.827s] -- Installing: /home/rosdev/ros2_ws/install/aruco_pose_estimation/share/aruco_pose_estimation/package.dsv
[0.828s] -- Up-to-date: /home/rosdev/ros2_ws/install/aruco_pose_estimation/share/ament_index/resource_index/packages/aruco_pose_estimation
[0.828s] -- Up-to-date: /home/rosdev/ros2_ws/install/aruco_pose_estimation/share/aruco_pose_estimation/cmake/aruco_pose_estimationConfig.cmake
[0.828s] -- Up-to-date: /home/rosdev/ros2_ws/install/aruco_pose_estimation/share/aruco_pose_estimation/cmake/aruco_pose_estimationConfig-version.cmake
[0.828s] -- Up-to-date: /home/rosdev/ros2_ws/install/aruco_pose_estimation/share/aruco_pose_estimation/package.xml
[0.836s] Invoked command in '/home/rosdev/ros2_ws/build/aruco_pose_estimation' returned '0': CMAKE_PREFIX_PATH=/home/rosdev/ros2_ws/install/aruco_interfaces:/home/rosdev/ros2_ws/install/yolo_bringup:/home/rosdev/ros2_ws/install/yolo_msgs:/home/rosdev/ros2_ws/install/realsense2_description:/home/rosdev/ros2_ws/install/realsense2_camera:/home/rosdev/ros2_ws/install/realsense2_camera_msgs:/home/rosdev/ros2_ws/install/aruco_pose_estimation:/home/rosdev/ros2_ws/install/yolo_ros:/opt/ros/humble LD_LIBRARY_PATH=/home/rosdev/ros2_ws/install/aruco_interfaces/lib:/home/rosdev/ros2_ws/install/yolo_msgs/lib:/home/rosdev/ros2_ws/install/realsense2_camera/lib:/home/rosdev/ros2_ws/install/realsense2_camera_msgs/lib:/opt/ros/humble/opt/rviz_ogre_vendor/lib:/opt/ros/humble/lib/aarch64-linux-gnu:/opt/ros/humble/lib /usr/bin/cmake --install /home/rosdev/ros2_ws/build/aruco_pose_estimation
