[0.042s] Invoking command in '/home/rosdev/ros2_ws/build/cv_bridge': CMAKE_PREFIX_PATH=/opt/ros/humble /usr/bin/cmake --build /home/rosdev/ros2_ws/build/cv_bridge -- -j12 -l12
[0.143s] [ 12%] Built target gtest_main
[0.164s] [ 12%] Built target ament_cmake_python_symlink_cv_bridge
[0.186s] [ 25%] Built target gtest
[0.187s] [ 43%] Built target cv_bridge
[0.309s] [ 62%] Built target cv_bridge_boost
[0.309s] [100%] Built target cv_bridge-utest
[0.612s] running egg_info
[0.613s] writing cv_bridge.egg-info/PKG-INFO
[0.615s] writing dependency_links to cv_bridge.egg-info/dependency_links.txt
[0.616s] writing top-level names to cv_bridge.egg-info/top_level.txt
[0.621s] reading manifest file 'cv_bridge.egg-info/SOURCES.txt'
[0.622s] writing manifest file 'cv_bridge.egg-info/SOURCES.txt'
[0.712s] [100%] Built target ament_cmake_python_build_cv_bridge_egg
[0.745s] Invoked command in '/home/rosdev/ros2_ws/build/cv_bridge' returned '0': CMAKE_PREFIX_PATH=/opt/ros/humble /usr/bin/cmake --build /home/rosdev/ros2_ws/build/cv_bridge -- -j12 -l12
[0.750s] Invoking command in '/home/rosdev/ros2_ws/build/cv_bridge': CMAKE_PREFIX_PATH=/opt/ros/humble /usr/bin/cmake --install /home/rosdev/ros2_ws/build/cv_bridge
[0.762s] -- Install configuration: ""
[0.762s] -- Execute custom install script
[0.762s] -- Up-to-date symlink: /home/rosdev/ros2_ws/install/cv_bridge/share/cv_bridge/environment/pythonpath.sh
[0.763s] -- Up-to-date symlink: /home/rosdev/ros2_ws/install/cv_bridge/share/cv_bridge/environment/pythonpath.dsv
[0.763s] -- Up-to-date symlink: /home/rosdev/ros2_ws/install/cv_bridge/local/lib/python3.10/dist-packages/cv_bridge-3.2.1-py3.10.egg-info/PKG-INFO
[0.766s] -- Up-to-date symlink: /home/rosdev/ros2_ws/install/cv_bridge/local/lib/python3.10/dist-packages/cv_bridge-3.2.1-py3.10.egg-info/SOURCES.txt
[0.768s] -- Up-to-date symlink: /home/rosdev/ros2_ws/install/cv_bridge/local/lib/python3.10/dist-packages/cv_bridge-3.2.1-py3.10.egg-info/dependency_links.txt
[0.768s] -- Up-to-date symlink: /home/rosdev/ros2_ws/install/cv_bridge/local/lib/python3.10/dist-packages/cv_bridge-3.2.1-py3.10.egg-info/top_level.txt
[0.768s] -- Up-to-date symlink: /home/rosdev/ros2_ws/install/cv_bridge/local/lib/python3.10/dist-packages/cv_bridge/__init__.py
[0.769s] -- Up-to-date symlink: /home/rosdev/ros2_ws/install/cv_bridge/local/lib/python3.10/dist-packages/cv_bridge/core.py
[0.769s] -- Up-to-date symlink: /home/rosdev/ros2_ws/install/cv_bridge/include/cv_bridge/cv_bridge/cv_bridge_export.h
[0.769s] -- Up-to-date symlink: /home/rosdev/ros2_ws/install/cv_bridge/local/lib/python3.10/dist-packages/cv_bridge/boost//cv_bridge_boost.so
[0.769s] -- Up-to-date symlink: /home/rosdev/ros2_ws/install/cv_bridge/include/cv_bridge/cv_bridge/cv_bridge.h
[0.769s] -- Up-to-date symlink: /home/rosdev/ros2_ws/install/cv_bridge/include/cv_bridge/cv_bridge/rgb_colors.h
[0.769s] -- Up-to-date symlink: /home/rosdev/ros2_ws/install/cv_bridge/lib/libcv_bridge.so
[0.769s] -- Up-to-date symlink: /home/rosdev/ros2_ws/install/cv_bridge/share/ament_index/resource_index/package_run_dependencies/cv_bridge
[0.769s] -- Up-to-date symlink: /home/rosdev/ros2_ws/install/cv_bridge/share/ament_index/resource_index/parent_prefix_path/cv_bridge
[0.769s] -- Up-to-date symlink: /home/rosdev/ros2_ws/install/cv_bridge/share/cv_bridge/environment/ament_prefix_path.sh
[0.769s] -- Up-to-date symlink: /home/rosdev/ros2_ws/install/cv_bridge/share/cv_bridge/environment/ament_prefix_path.dsv
[0.771s] -- Up-to-date symlink: /home/rosdev/ros2_ws/install/cv_bridge/share/cv_bridge/environment/path.sh
[0.771s] -- Up-to-date symlink: /home/rosdev/ros2_ws/install/cv_bridge/share/cv_bridge/environment/path.dsv
[0.771s] -- Up-to-date symlink: /home/rosdev/ros2_ws/install/cv_bridge/share/cv_bridge/local_setup.bash
[0.773s] -- Up-to-date symlink: /home/rosdev/ros2_ws/install/cv_bridge/share/cv_bridge/local_setup.sh
[0.773s] -- Up-to-date symlink: /home/rosdev/ros2_ws/install/cv_bridge/share/cv_bridge/local_setup.zsh
[0.774s] -- Up-to-date symlink: /home/rosdev/ros2_ws/install/cv_bridge/share/cv_bridge/local_setup.dsv
[0.774s] -- Symlinking: /home/rosdev/ros2_ws/install/cv_bridge/share/cv_bridge/package.dsv
[0.789s] -- Up-to-date symlink: /home/rosdev/ros2_ws/install/cv_bridge/share/ament_index/resource_index/packages/cv_bridge
[0.789s] -- Up-to-date symlink: /home/rosdev/ros2_ws/install/cv_bridge/share/cv_bridge/cmake/cv_bridge-extras.cmake
[0.789s] -- Up-to-date symlink: /home/rosdev/ros2_ws/install/cv_bridge/share/cv_bridge/cmake/ament_cmake_export_dependencies-extras.cmake
[0.790s] -- Up-to-date symlink: /home/rosdev/ros2_ws/install/cv_bridge/share/cv_bridge/cmake/ament_cmake_export_targets-extras.cmake
[0.792s] -- Up-to-date symlink: /home/rosdev/ros2_ws/install/cv_bridge/share/cv_bridge/cmake/cv_bridgeConfig.cmake
[0.792s] -- Up-to-date symlink: /home/rosdev/ros2_ws/install/cv_bridge/share/cv_bridge/cmake/cv_bridgeConfig-version.cmake
[0.792s] -- Up-to-date symlink: /home/rosdev/ros2_ws/install/cv_bridge/share/cv_bridge/package.xml
[0.850s] Listing '/home/rosdev/ros2_ws/install/cv_bridge/local/lib/python3.10/dist-packages/cv_bridge'...
[0.850s] Listing '/home/rosdev/ros2_ws/install/cv_bridge/local/lib/python3.10/dist-packages/cv_bridge/boost'...
[0.863s] -- Up-to-date: /home/rosdev/ros2_ws/install/cv_bridge/share/cv_bridge/cmake/export_cv_bridgeExport.cmake
[0.867s] -- Up-to-date: /home/rosdev/ros2_ws/install/cv_bridge/share/cv_bridge/cmake/export_cv_bridgeExport-noconfig.cmake
[0.934s] Invoked command in '/home/rosdev/ros2_ws/build/cv_bridge' returned '0': CMAKE_PREFIX_PATH=/opt/ros/humble /usr/bin/cmake --install /home/rosdev/ros2_ws/build/cv_bridge
