[0.049s] Invoking command in '/home/rosdev/ros2_ws/build/aruco_interfaces': CMAKE_PREFIX_PATH=${CMAKE_PREFIX_PATH}:/home/rosdev/ros2_ws/install/yolo_ros:/opt/ros/humble /usr/bin/cmake --build /home/rosdev/ros2_ws/build/aruco_interfaces -- -j12 -l12
[0.192s] [  9%] Built target aruco_interfaces__rosidl_generator_c
[0.193s] [  9%] Built target ament_cmake_python_copy_aruco_interfaces
[0.201s] [ 12%] Built target aruco_interfaces__cpp
[0.303s] [ 22%] Built target aruco_interfaces__rosidl_typesupport_fastrtps_c
[0.312s] [ 32%] Built target aruco_interfaces__rosidl_typesupport_c
[0.327s] [ 41%] Built target aruco_interfaces__rosidl_typesupport_introspection_c
[0.351s] [ 51%] Built target aruco_interfaces__rosidl_typesupport_introspection_cpp
[0.376s] [ 61%] Built target aruco_interfaces__rosidl_typesupport_cpp
[0.416s] [ 70%] Built target aruco_interfaces__rosidl_typesupport_fastrtps_cpp
[0.459s] [ 70%] Built target aruco_interfaces
[0.512s] [ 74%] Built target aruco_interfaces__py
[0.588s] [ 80%] Built target aruco_interfaces__rosidl_generator_py
[0.651s] [ 87%] Built target aruco_interfaces__rosidl_typesupport_fastrtps_c__pyext
[0.670s] [ 93%] Built target aruco_interfaces__rosidl_typesupport_introspection_c__pyext
[0.672s] [100%] Built target aruco_interfaces__rosidl_typesupport_c__pyext
[0.706s] running egg_info
[0.709s] writing aruco_interfaces.egg-info/PKG-INFO
[0.711s] writing dependency_links to aruco_interfaces.egg-info/dependency_links.txt
[0.712s] writing top-level names to aruco_interfaces.egg-info/top_level.txt
[0.719s] reading manifest file 'aruco_interfaces.egg-info/SOURCES.txt'
[0.721s] writing manifest file 'aruco_interfaces.egg-info/SOURCES.txt'
[0.825s] [100%] Built target ament_cmake_python_build_aruco_interfaces_egg
[0.872s] Invoked command in '/home/rosdev/ros2_ws/build/aruco_interfaces' returned '0': CMAKE_PREFIX_PATH=${CMAKE_PREFIX_PATH}:/home/rosdev/ros2_ws/install/yolo_ros:/opt/ros/humble /usr/bin/cmake --build /home/rosdev/ros2_ws/build/aruco_interfaces -- -j12 -l12
[0.877s] Invoking command in '/home/rosdev/ros2_ws/build/aruco_interfaces': CMAKE_PREFIX_PATH=${CMAKE_PREFIX_PATH}:/home/rosdev/ros2_ws/install/yolo_ros:/opt/ros/humble /usr/bin/cmake --install /home/rosdev/ros2_ws/build/aruco_interfaces
[0.909s] -- Install configuration: ""
[0.909s] -- Up-to-date: /home/rosdev/ros2_ws/install/aruco_interfaces/share/ament_index/resource_index/rosidl_interfaces/aruco_interfaces
[0.909s] -- Up-to-date: /home/rosdev/ros2_ws/install/aruco_interfaces/include/aruco_interfaces/aruco_interfaces
[0.909s] -- Up-to-date: /home/rosdev/ros2_ws/install/aruco_interfaces/include/aruco_interfaces/aruco_interfaces/msg
[0.909s] -- Up-to-date: /home/rosdev/ros2_ws/install/aruco_interfaces/include/aruco_interfaces/aruco_interfaces/msg/aruco_markers.h
[0.909s] -- Up-to-date: /home/rosdev/ros2_ws/install/aruco_interfaces/include/aruco_interfaces/aruco_interfaces/msg/detail
[0.910s] -- Up-to-date: /home/rosdev/ros2_ws/install/aruco_interfaces/include/aruco_interfaces/aruco_interfaces/msg/detail/aruco_markers__functions.h
[0.910s] -- Up-to-date: /home/rosdev/ros2_ws/install/aruco_interfaces/include/aruco_interfaces/aruco_interfaces/msg/detail/aruco_markers__type_support.h
[0.910s] -- Up-to-date: /home/rosdev/ros2_ws/install/aruco_interfaces/include/aruco_interfaces/aruco_interfaces/msg/detail/aruco_markers__functions.c
[0.910s] -- Up-to-date: /home/rosdev/ros2_ws/install/aruco_interfaces/include/aruco_interfaces/aruco_interfaces/msg/detail/aruco_markers__struct.h
[0.910s] -- Up-to-date: /home/rosdev/ros2_ws/install/aruco_interfaces/include/aruco_interfaces/aruco_interfaces/msg/rosidl_generator_c__visibility_control.h
[0.910s] -- Up-to-date: /home/rosdev/ros2_ws/install/aruco_interfaces/share/aruco_interfaces/environment/library_path.sh
[0.910s] -- Up-to-date: /home/rosdev/ros2_ws/install/aruco_interfaces/share/aruco_interfaces/environment/library_path.dsv
[0.910s] -- Up-to-date: /home/rosdev/ros2_ws/install/aruco_interfaces/lib/libaruco_interfaces__rosidl_generator_c.so
[0.910s] -- Up-to-date: /home/rosdev/ros2_ws/install/aruco_interfaces/include/aruco_interfaces/aruco_interfaces
[0.911s] -- Up-to-date: /home/rosdev/ros2_ws/install/aruco_interfaces/include/aruco_interfaces/aruco_interfaces/msg
[0.911s] -- Up-to-date: /home/rosdev/ros2_ws/install/aruco_interfaces/include/aruco_interfaces/aruco_interfaces/msg/rosidl_typesupport_fastrtps_c__visibility_control.h
[0.911s] -- Up-to-date: /home/rosdev/ros2_ws/install/aruco_interfaces/include/aruco_interfaces/aruco_interfaces/msg/detail
[0.911s] -- Up-to-date: /home/rosdev/ros2_ws/install/aruco_interfaces/include/aruco_interfaces/aruco_interfaces/msg/detail/aruco_markers__rosidl_typesupport_fastrtps_c.h
[0.913s] -- Up-to-date: /home/rosdev/ros2_ws/install/aruco_interfaces/lib/libaruco_interfaces__rosidl_typesupport_fastrtps_c.so
[0.913s] -- Up-to-date: /home/rosdev/ros2_ws/install/aruco_interfaces/include/aruco_interfaces/aruco_interfaces
[0.913s] -- Up-to-date: /home/rosdev/ros2_ws/install/aruco_interfaces/include/aruco_interfaces/aruco_interfaces/msg
[0.914s] -- Up-to-date: /home/rosdev/ros2_ws/install/aruco_interfaces/include/aruco_interfaces/aruco_interfaces/msg/detail
[0.914s] -- Up-to-date: /home/rosdev/ros2_ws/install/aruco_interfaces/include/aruco_interfaces/aruco_interfaces/msg/detail/aruco_markers__builder.hpp
[0.914s] -- Up-to-date: /home/rosdev/ros2_ws/install/aruco_interfaces/include/aruco_interfaces/aruco_interfaces/msg/detail/aruco_markers__traits.hpp
[0.914s] -- Up-to-date: /home/rosdev/ros2_ws/install/aruco_interfaces/include/aruco_interfaces/aruco_interfaces/msg/detail/aruco_markers__type_support.hpp
[0.914s] -- Up-to-date: /home/rosdev/ros2_ws/install/aruco_interfaces/include/aruco_interfaces/aruco_interfaces/msg/detail/aruco_markers__struct.hpp
[0.916s] -- Up-to-date: /home/rosdev/ros2_ws/install/aruco_interfaces/include/aruco_interfaces/aruco_interfaces/msg/aruco_markers.hpp
[0.916s] -- Up-to-date: /home/rosdev/ros2_ws/install/aruco_interfaces/include/aruco_interfaces/aruco_interfaces/msg/rosidl_generator_cpp__visibility_control.hpp
[0.916s] -- Up-to-date: /home/rosdev/ros2_ws/install/aruco_interfaces/include/aruco_interfaces/aruco_interfaces
[0.916s] -- Up-to-date: /home/rosdev/ros2_ws/install/aruco_interfaces/include/aruco_interfaces/aruco_interfaces/msg
[0.916s] -- Up-to-date: /home/rosdev/ros2_ws/install/aruco_interfaces/include/aruco_interfaces/aruco_interfaces/msg/detail
[0.916s] -- Up-to-date: /home/rosdev/ros2_ws/install/aruco_interfaces/include/aruco_interfaces/aruco_interfaces/msg/detail/dds_fastrtps
[0.917s] -- Up-to-date: /home/rosdev/ros2_ws/install/aruco_interfaces/include/aruco_interfaces/aruco_interfaces/msg/detail/aruco_markers__rosidl_typesupport_fastrtps_cpp.hpp
[0.917s] -- Up-to-date: /home/rosdev/ros2_ws/install/aruco_interfaces/include/aruco_interfaces/aruco_interfaces/msg/rosidl_typesupport_fastrtps_cpp__visibility_control.h
[0.917s] -- Up-to-date: /home/rosdev/ros2_ws/install/aruco_interfaces/lib/libaruco_interfaces__rosidl_typesupport_fastrtps_cpp.so
[0.918s] -- Up-to-date: /home/rosdev/ros2_ws/install/aruco_interfaces/include/aruco_interfaces/aruco_interfaces
[0.918s] -- Up-to-date: /home/rosdev/ros2_ws/install/aruco_interfaces/include/aruco_interfaces/aruco_interfaces/msg
[0.918s] -- Up-to-date: /home/rosdev/ros2_ws/install/aruco_interfaces/include/aruco_interfaces/aruco_interfaces/msg/rosidl_typesupport_introspection_c__visibility_control.h
[0.918s] -- Up-to-date: /home/rosdev/ros2_ws/install/aruco_interfaces/include/aruco_interfaces/aruco_interfaces/msg/detail
[0.918s] -- Up-to-date: /home/rosdev/ros2_ws/install/aruco_interfaces/include/aruco_interfaces/aruco_interfaces/msg/detail/aruco_markers__type_support.c
[0.918s] -- Up-to-date: /home/rosdev/ros2_ws/install/aruco_interfaces/include/aruco_interfaces/aruco_interfaces/msg/detail/aruco_markers__rosidl_typesupport_introspection_c.h
[0.919s] -- Up-to-date: /home/rosdev/ros2_ws/install/aruco_interfaces/lib/libaruco_interfaces__rosidl_typesupport_introspection_c.so
[0.919s] -- Up-to-date: /home/rosdev/ros2_ws/install/aruco_interfaces/lib/libaruco_interfaces__rosidl_typesupport_c.so
[0.920s] -- Up-to-date: /home/rosdev/ros2_ws/install/aruco_interfaces/include/aruco_interfaces/aruco_interfaces
[0.920s] -- Up-to-date: /home/rosdev/ros2_ws/install/aruco_interfaces/include/aruco_interfaces/aruco_interfaces/msg
[0.920s] -- Up-to-date: /home/rosdev/ros2_ws/install/aruco_interfaces/include/aruco_interfaces/aruco_interfaces/msg/detail
[0.920s] -- Up-to-date: /home/rosdev/ros2_ws/install/aruco_interfaces/include/aruco_interfaces/aruco_interfaces/msg/detail/aruco_markers__type_support.cpp
[0.920s] -- Up-to-date: /home/rosdev/ros2_ws/install/aruco_interfaces/include/aruco_interfaces/aruco_interfaces/msg/detail/aruco_markers__rosidl_typesupport_introspection_cpp.hpp
[0.920s] -- Up-to-date: /home/rosdev/ros2_ws/install/aruco_interfaces/lib/libaruco_interfaces__rosidl_typesupport_introspection_cpp.so
[0.921s] -- Up-to-date: /home/rosdev/ros2_ws/install/aruco_interfaces/lib/libaruco_interfaces__rosidl_typesupport_cpp.so
[0.921s] -- Up-to-date: /home/rosdev/ros2_ws/install/aruco_interfaces/share/aruco_interfaces/environment/pythonpath.sh
[0.921s] -- Up-to-date: /home/rosdev/ros2_ws/install/aruco_interfaces/share/aruco_interfaces/environment/pythonpath.dsv
[0.921s] -- Up-to-date: /home/rosdev/ros2_ws/install/aruco_interfaces/local/lib/python3.10/dist-packages/aruco_interfaces-0.1.0-py3.10.egg-info
[0.922s] -- Installing: /home/rosdev/ros2_ws/install/aruco_interfaces/local/lib/python3.10/dist-packages/aruco_interfaces-0.1.0-py3.10.egg-info/dependency_links.txt
[0.922s] -- Installing: /home/rosdev/ros2_ws/install/aruco_interfaces/local/lib/python3.10/dist-packages/aruco_interfaces-0.1.0-py3.10.egg-info/PKG-INFO
[0.922s] -- Installing: /home/rosdev/ros2_ws/install/aruco_interfaces/local/lib/python3.10/dist-packages/aruco_interfaces-0.1.0-py3.10.egg-info/SOURCES.txt
[0.923s] -- Installing: /home/rosdev/ros2_ws/install/aruco_interfaces/local/lib/python3.10/dist-packages/aruco_interfaces-0.1.0-py3.10.egg-info/top_level.txt
[0.923s] -- Up-to-date: /home/rosdev/ros2_ws/install/aruco_interfaces/local/lib/python3.10/dist-packages/aruco_interfaces
[0.923s] -- Up-to-date: /home/rosdev/ros2_ws/install/aruco_interfaces/local/lib/python3.10/dist-packages/aruco_interfaces/libaruco_interfaces__rosidl_generator_py.so
[0.923s] -- Up-to-date: /home/rosdev/ros2_ws/install/aruco_interfaces/local/lib/python3.10/dist-packages/aruco_interfaces/_aruco_interfaces_s.ep.rosidl_typesupport_introspection_c.c
[0.923s] -- Up-to-date: /home/rosdev/ros2_ws/install/aruco_interfaces/local/lib/python3.10/dist-packages/aruco_interfaces/_aruco_interfaces_s.ep.rosidl_typesupport_fastrtps_c.c
[0.924s] -- Up-to-date: /home/rosdev/ros2_ws/install/aruco_interfaces/local/lib/python3.10/dist-packages/aruco_interfaces/aruco_interfaces_s__rosidl_typesupport_fastrtps_c.cpython-310-aarch64-linux-gnu.so
[0.924s] -- Up-to-date: /home/rosdev/ros2_ws/install/aruco_interfaces/local/lib/python3.10/dist-packages/aruco_interfaces/__init__.py
[0.924s] -- Up-to-date: /home/rosdev/ros2_ws/install/aruco_interfaces/local/lib/python3.10/dist-packages/aruco_interfaces/_aruco_interfaces_s.ep.rosidl_typesupport_c.c
[0.924s] -- Up-to-date: /home/rosdev/ros2_ws/install/aruco_interfaces/local/lib/python3.10/dist-packages/aruco_interfaces/aruco_interfaces_s__rosidl_typesupport_c.cpython-310-aarch64-linux-gnu.so
[0.924s] -- Up-to-date: /home/rosdev/ros2_ws/install/aruco_interfaces/local/lib/python3.10/dist-packages/aruco_interfaces/aruco_interfaces_s__rosidl_typesupport_introspection_c.cpython-310-aarch64-linux-gnu.so
[0.924s] -- Up-to-date: /home/rosdev/ros2_ws/install/aruco_interfaces/local/lib/python3.10/dist-packages/aruco_interfaces/msg
[0.924s] -- Up-to-date: /home/rosdev/ros2_ws/install/aruco_interfaces/local/lib/python3.10/dist-packages/aruco_interfaces/msg/_aruco_markers_s.c
[0.924s] -- Up-to-date: /home/rosdev/ros2_ws/install/aruco_interfaces/local/lib/python3.10/dist-packages/aruco_interfaces/msg/_aruco_markers.py
[0.925s] -- Up-to-date: /home/rosdev/ros2_ws/install/aruco_interfaces/local/lib/python3.10/dist-packages/aruco_interfaces/msg/__init__.py
[1.000s] Listing '/home/rosdev/ros2_ws/install/aruco_interfaces/local/lib/python3.10/dist-packages/aruco_interfaces'...
[1.000s] Listing '/home/rosdev/ros2_ws/install/aruco_interfaces/local/lib/python3.10/dist-packages/aruco_interfaces/msg'...
[1.002s] -- Up-to-date: /home/rosdev/ros2_ws/install/aruco_interfaces/local/lib/python3.10/dist-packages/aruco_interfaces/aruco_interfaces_s__rosidl_typesupport_fastrtps_c.cpython-310-aarch64-linux-gnu.so
[1.003s] -- Up-to-date: /home/rosdev/ros2_ws/install/aruco_interfaces/local/lib/python3.10/dist-packages/aruco_interfaces/aruco_interfaces_s__rosidl_typesupport_introspection_c.cpython-310-aarch64-linux-gnu.so
[1.003s] -- Up-to-date: /home/rosdev/ros2_ws/install/aruco_interfaces/local/lib/python3.10/dist-packages/aruco_interfaces/aruco_interfaces_s__rosidl_typesupport_c.cpython-310-aarch64-linux-gnu.so
[1.003s] -- Up-to-date: /home/rosdev/ros2_ws/install/aruco_interfaces/lib/libaruco_interfaces__rosidl_generator_py.so
[1.004s] -- Up-to-date: /home/rosdev/ros2_ws/install/aruco_interfaces/share/aruco_interfaces/msg/ArucoMarkers.idl
[1.004s] -- Up-to-date: /home/rosdev/ros2_ws/install/aruco_interfaces/share/aruco_interfaces/msg/ArucoMarkers.msg
[1.004s] -- Up-to-date: /home/rosdev/ros2_ws/install/aruco_interfaces/share/ament_index/resource_index/package_run_dependencies/aruco_interfaces
[1.004s] -- Up-to-date: /home/rosdev/ros2_ws/install/aruco_interfaces/share/ament_index/resource_index/parent_prefix_path/aruco_interfaces
[1.005s] -- Up-to-date: /home/rosdev/ros2_ws/install/aruco_interfaces/share/aruco_interfaces/environment/ament_prefix_path.sh
[1.005s] -- Up-to-date: /home/rosdev/ros2_ws/install/aruco_interfaces/share/aruco_interfaces/environment/ament_prefix_path.dsv
[1.005s] -- Up-to-date: /home/rosdev/ros2_ws/install/aruco_interfaces/share/aruco_interfaces/environment/path.sh
[1.005s] -- Up-to-date: /home/rosdev/ros2_ws/install/aruco_interfaces/share/aruco_interfaces/environment/path.dsv
[1.007s] -- Up-to-date: /home/rosdev/ros2_ws/install/aruco_interfaces/share/aruco_interfaces/local_setup.bash
[1.007s] -- Up-to-date: /home/rosdev/ros2_ws/install/aruco_interfaces/share/aruco_interfaces/local_setup.sh
[1.007s] -- Up-to-date: /home/rosdev/ros2_ws/install/aruco_interfaces/share/aruco_interfaces/local_setup.zsh
[1.007s] -- Up-to-date: /home/rosdev/ros2_ws/install/aruco_interfaces/share/aruco_interfaces/local_setup.dsv
[1.007s] -- Installing: /home/rosdev/ros2_ws/install/aruco_interfaces/share/aruco_interfaces/package.dsv
[1.007s] -- Up-to-date: /home/rosdev/ros2_ws/install/aruco_interfaces/share/ament_index/resource_index/packages/aruco_interfaces
[1.008s] -- Up-to-date: /home/rosdev/ros2_ws/install/aruco_interfaces/share/aruco_interfaces/cmake/export_aruco_interfaces__rosidl_generator_cExport.cmake
[1.008s] -- Up-to-date: /home/rosdev/ros2_ws/install/aruco_interfaces/share/aruco_interfaces/cmake/export_aruco_interfaces__rosidl_generator_cExport-noconfig.cmake
[1.008s] -- Up-to-date: /home/rosdev/ros2_ws/install/aruco_interfaces/share/aruco_interfaces/cmake/export_aruco_interfaces__rosidl_typesupport_fastrtps_cExport.cmake
[1.008s] -- Up-to-date: /home/rosdev/ros2_ws/install/aruco_interfaces/share/aruco_interfaces/cmake/export_aruco_interfaces__rosidl_typesupport_fastrtps_cExport-noconfig.cmake
[1.008s] -- Up-to-date: /home/rosdev/ros2_ws/install/aruco_interfaces/share/aruco_interfaces/cmake/export_aruco_interfaces__rosidl_generator_cppExport.cmake
[1.008s] -- Up-to-date: /home/rosdev/ros2_ws/install/aruco_interfaces/share/aruco_interfaces/cmake/export_aruco_interfaces__rosidl_typesupport_fastrtps_cppExport.cmake
[1.009s] -- Up-to-date: /home/rosdev/ros2_ws/install/aruco_interfaces/share/aruco_interfaces/cmake/export_aruco_interfaces__rosidl_typesupport_fastrtps_cppExport-noconfig.cmake
[1.009s] -- Up-to-date: /home/rosdev/ros2_ws/install/aruco_interfaces/share/aruco_interfaces/cmake/aruco_interfaces__rosidl_typesupport_introspection_cExport.cmake
[1.009s] -- Up-to-date: /home/rosdev/ros2_ws/install/aruco_interfaces/share/aruco_interfaces/cmake/aruco_interfaces__rosidl_typesupport_introspection_cExport-noconfig.cmake
[1.009s] -- Up-to-date: /home/rosdev/ros2_ws/install/aruco_interfaces/share/aruco_interfaces/cmake/aruco_interfaces__rosidl_typesupport_cExport.cmake
[1.009s] -- Up-to-date: /home/rosdev/ros2_ws/install/aruco_interfaces/share/aruco_interfaces/cmake/aruco_interfaces__rosidl_typesupport_cExport-noconfig.cmake
[1.009s] -- Up-to-date: /home/rosdev/ros2_ws/install/aruco_interfaces/share/aruco_interfaces/cmake/aruco_interfaces__rosidl_typesupport_introspection_cppExport.cmake
[1.010s] -- Up-to-date: /home/rosdev/ros2_ws/install/aruco_interfaces/share/aruco_interfaces/cmake/aruco_interfaces__rosidl_typesupport_introspection_cppExport-noconfig.cmake
[1.010s] -- Up-to-date: /home/rosdev/ros2_ws/install/aruco_interfaces/share/aruco_interfaces/cmake/aruco_interfaces__rosidl_typesupport_cppExport.cmake
[1.010s] -- Up-to-date: /home/rosdev/ros2_ws/install/aruco_interfaces/share/aruco_interfaces/cmake/aruco_interfaces__rosidl_typesupport_cppExport-noconfig.cmake
[1.010s] -- Up-to-date: /home/rosdev/ros2_ws/install/aruco_interfaces/share/aruco_interfaces/cmake/export_aruco_interfaces__rosidl_generator_pyExport.cmake
[1.010s] -- Up-to-date: /home/rosdev/ros2_ws/install/aruco_interfaces/share/aruco_interfaces/cmake/export_aruco_interfaces__rosidl_generator_pyExport-noconfig.cmake
[1.010s] -- Up-to-date: /home/rosdev/ros2_ws/install/aruco_interfaces/share/aruco_interfaces/cmake/rosidl_cmake-extras.cmake
[1.011s] -- Up-to-date: /home/rosdev/ros2_ws/install/aruco_interfaces/share/aruco_interfaces/cmake/ament_cmake_export_dependencies-extras.cmake
[1.011s] -- Up-to-date: /home/rosdev/ros2_ws/install/aruco_interfaces/share/aruco_interfaces/cmake/ament_cmake_export_include_directories-extras.cmake
[1.012s] -- Up-to-date: /home/rosdev/ros2_ws/install/aruco_interfaces/share/aruco_interfaces/cmake/ament_cmake_export_libraries-extras.cmake
[1.012s] -- Up-to-date: /home/rosdev/ros2_ws/install/aruco_interfaces/share/aruco_interfaces/cmake/ament_cmake_export_targets-extras.cmake
[1.012s] -- Up-to-date: /home/rosdev/ros2_ws/install/aruco_interfaces/share/aruco_interfaces/cmake/rosidl_cmake_export_typesupport_targets-extras.cmake
[1.012s] -- Up-to-date: /home/rosdev/ros2_ws/install/aruco_interfaces/share/aruco_interfaces/cmake/rosidl_cmake_export_typesupport_libraries-extras.cmake
[1.013s] -- Up-to-date: /home/rosdev/ros2_ws/install/aruco_interfaces/share/aruco_interfaces/cmake/aruco_interfacesConfig.cmake
[1.013s] -- Up-to-date: /home/rosdev/ros2_ws/install/aruco_interfaces/share/aruco_interfaces/cmake/aruco_interfacesConfig-version.cmake
[1.014s] -- Up-to-date: /home/rosdev/ros2_ws/install/aruco_interfaces/share/aruco_interfaces/package.xml
[1.168s] Invoked command in '/home/rosdev/ros2_ws/build/aruco_interfaces' returned '0': CMAKE_PREFIX_PATH=${CMAKE_PREFIX_PATH}:/home/rosdev/ros2_ws/install/yolo_ros:/opt/ros/humble /usr/bin/cmake --install /home/rosdev/ros2_ws/build/aruco_interfaces
