[0.022s] Invoking command in '/home/rosdev/ros2_ws/build/tf2_ros': AMENT_PREFIX_PATH=/home/rosdev/ros2_ws/install/tf2_msgs:/home/rosdev/ros2_ws/install/tf2:${AMENT_PREFIX_PATH} CMAKE_PREFIX_PATH=/home/rosdev/ros2_ws/install/tf2_msgs:/home/rosdev/ros2_ws/install/tf2:/opt/ros/humble LD_LIBRARY_PATH=/home/rosdev/ros2_ws/install/tf2_msgs/lib:/home/rosdev/ros2_ws/install/tf2/lib:${LD_LIBRARY_PATH} PYTHONPATH=/home/rosdev/ros2_ws/install/tf2_msgs/local/lib/python3.10/dist-packages:${PYTHONPATH} /usr/bin/cmake /home/rosdev/ros2_ws/src/geometry2/tf2_ros -DCMAKE_INSTALL_PREFIX=/home/rosdev/ros2_ws/install/tf2_ros
[0.131s] -- The C compiler identification is GNU 11.4.0
[0.230s] -- The CXX compiler identification is GNU 11.4.0
[0.246s] -- Detecting C compiler ABI info
[0.372s] -- Detecting C compiler ABI info - done
[0.384s] -- Check for working C compiler: /usr/bin/cc - skipped
[0.385s] -- Detecting C compile features
[0.385s] -- Detecting C compile features - done
[0.390s] -- Detecting CXX compiler ABI info
[0.529s] -- Detecting CXX compiler ABI info - done
[0.538s] -- Check for working CXX compiler: /usr/bin/c++ - skipped
[0.538s] -- Detecting CXX compile features
[0.538s] -- Detecting CXX compile features - done
[0.544s] -- Found ament_cmake: 1.3.11 (/opt/ros/humble/share/ament_cmake/cmake)
[0.777s] -- Found Python3: /usr/bin/python3 (found version "3.10.12") found components: Interpreter 
[0.941s] -- Found builtin_interfaces: 1.2.1 (/opt/ros/humble/share/builtin_interfaces/cmake)
[0.984s] -- Found rosidl_generator_c: 3.1.6 (/opt/ros/humble/share/rosidl_generator_c/cmake)
[0.991s] -- Found rosidl_adapter: 3.1.6 (/opt/ros/humble/share/rosidl_adapter/cmake)
[1.005s] -- Found rosidl_generator_cpp: 3.1.6 (/opt/ros/humble/share/rosidl_generator_cpp/cmake)
[1.027s] -- Using all available rosidl_typesupport_c: rosidl_typesupport_fastrtps_c;rosidl_typesupport_introspection_c
[1.055s] -- Using all available rosidl_typesupport_cpp: rosidl_typesupport_fastrtps_cpp;rosidl_typesupport_introspection_cpp
[1.121s] -- Found geometry_msgs: 4.8.0 (/opt/ros/humble/share/geometry_msgs/cmake)
[1.265s] -- Found message_filters: 4.3.7 (/opt/ros/humble/share/message_filters/cmake)
[1.357s] -- Found rmw_implementation_cmake: 6.1.2 (/opt/ros/humble/share/rmw_implementation_cmake/cmake)
[1.359s] -- Found rmw_fastrtps_cpp: 6.2.7 (/opt/ros/humble/share/rmw_fastrtps_cpp/cmake)
[1.515s] -- Found OpenSSL: /usr/lib/aarch64-linux-gnu/libcrypto.so (found version "3.0.2")  
[1.546s] -- Found FastRTPS: /opt/ros/humble/include  
[1.592s] -- Using RMW implementation 'rmw_fastrtps_cpp' as default
[1.608s] -- Looking for pthread.h
[1.762s] -- Looking for pthread.h - found
[1.762s] -- Performing Test CMAKE_HAVE_LIBC_PTHREAD
[1.921s] -- Performing Test CMAKE_HAVE_LIBC_PTHREAD - Success
[1.923s] -- Found Threads: TRUE  
[1.996s] -- Found rclcpp_action: 16.0.12 (/opt/ros/humble/share/rclcpp_action/cmake)
[2.062s] -- Found rclcpp_components: 16.0.12 (/opt/ros/humble/share/rclcpp_components/cmake)
[2.100s] -- Found tf2: 0.25.7 (/home/rosdev/ros2_ws/install/tf2/share/tf2/cmake)
[2.106s] -- Found tf2_msgs: 0.25.7 (/home/rosdev/ros2_ws/install/tf2_msgs/share/tf2_msgs/cmake)
[2.143s] -- Found ament_cmake_cppcheck: 0.12.12 (/opt/ros/humble/share/ament_cmake_cppcheck/cmake)
[2.144s] -- Found ament_cmake_cpplint: 0.12.12 (/opt/ros/humble/share/ament_cmake_cpplint/cmake)
[2.147s] -- Found ament_cmake_lint_cmake: 0.12.12 (/opt/ros/humble/share/ament_cmake_lint_cmake/cmake)
[2.149s] -- Found ament_cmake_uncrustify: 0.12.12 (/opt/ros/humble/share/ament_cmake_uncrustify/cmake)
[2.154s] -- Found ament_cmake_gtest: 1.3.11 (/opt/ros/humble/share/ament_cmake_gtest/cmake)
[2.159s] -- Found gtest sources under '/opt/ros/humble/src/gtest_vendor': C++ tests using 'Google Test' will be built
[2.339s] -- Configuring done
[2.479s] -- Generating done
[2.521s] -- Build files have been written to: /home/rosdev/ros2_ws/build/tf2_ros
[2.767s] Invoked command in '/home/rosdev/ros2_ws/build/tf2_ros' returned '0': AMENT_PREFIX_PATH=/home/rosdev/ros2_ws/install/tf2_msgs:/home/rosdev/ros2_ws/install/tf2:${AMENT_PREFIX_PATH} CMAKE_PREFIX_PATH=/home/rosdev/ros2_ws/install/tf2_msgs:/home/rosdev/ros2_ws/install/tf2:/opt/ros/humble LD_LIBRARY_PATH=/home/rosdev/ros2_ws/install/tf2_msgs/lib:/home/rosdev/ros2_ws/install/tf2/lib:${LD_LIBRARY_PATH} PYTHONPATH=/home/rosdev/ros2_ws/install/tf2_msgs/local/lib/python3.10/dist-packages:${PYTHONPATH} /usr/bin/cmake /home/rosdev/ros2_ws/src/geometry2/tf2_ros -DCMAKE_INSTALL_PREFIX=/home/rosdev/ros2_ws/install/tf2_ros
[2.770s] Invoking command in '/home/rosdev/ros2_ws/build/tf2_ros': AMENT_PREFIX_PATH=/home/rosdev/ros2_ws/install/tf2_msgs:/home/rosdev/ros2_ws/install/tf2:${AMENT_PREFIX_PATH} CMAKE_PREFIX_PATH=/home/rosdev/ros2_ws/install/tf2_msgs:/home/rosdev/ros2_ws/install/tf2:/opt/ros/humble LD_LIBRARY_PATH=/home/rosdev/ros2_ws/install/tf2_msgs/lib:/home/rosdev/ros2_ws/install/tf2/lib:${LD_LIBRARY_PATH} PYTHONPATH=/home/rosdev/ros2_ws/install/tf2_msgs/local/lib/python3.10/dist-packages:${PYTHONPATH} /usr/bin/cmake --build /home/rosdev/ros2_ws/build/tf2_ros -- -j12 -l12
[2.883s] [  2%] [32mBuilding CXX object gtest/CMakeFiles/gtest_main.dir/src/gtest_main.cc.o[0m
[2.897s] [  7%] [32mBuilding CXX object CMakeFiles/tf2_ros.dir/src/transform_listener.cpp.o[0m
[2.897s] [  7%] [32mBuilding CXX object CMakeFiles/tf2_ros.dir/src/buffer.cpp.o[0m
[2.897s] [ 10%] [32mBuilding CXX object CMakeFiles/tf2_ros.dir/src/buffer_client.cpp.o[0m
[2.902s] [ 17%] [32mBuilding CXX object gtest/CMakeFiles/gtest.dir/src/gtest-all.cc.o[0m
[2.902s] [ 17%] [32mBuilding CXX object CMakeFiles/tf2_ros.dir/src/buffer_server.cpp.o[0m
[2.902s] [ 17%] [32mBuilding CXX object CMakeFiles/tf2_ros.dir/src/transform_broadcaster.cpp.o[0m
[2.906s] [ 20%] [32mBuilding CXX object CMakeFiles/tf2_ros.dir/src/create_timer_ros.cpp.o[0m
[2.915s] [ 22%] [32mBuilding CXX object CMakeFiles/tf2_ros.dir/src/static_transform_broadcaster.cpp.o[0m
[4.476s] [ 25%] [32m[1mLinking CXX static library libgtest_main.a[0m
[4.708s] [ 25%] Built target gtest_main
[10.253s] [ 27%] [32m[1mLinking CXX static library libgtest.a[0m
[10.446s] [ 27%] Built target gtest
[21.552s] [ 30%] [32m[1mLinking CXX shared library libtf2_ros.so[0m
[22.728s] [ 30%] Built target tf2_ros
[22.769s] [ 35%] [32mBuilding CXX object CMakeFiles/test_buffer.dir/test/test_buffer.cpp.o[0m
[22.770s] [ 40%] [32mBuilding CXX object CMakeFiles/static_transform_broadcaster_node.dir/src/static_transform_broadcaster_node.cpp.o[0m
[22.770s] [ 40%] [32mBuilding CXX object CMakeFiles/tf2_echo.dir/src/tf2_echo.cpp.o[0m
[22.770s] [ 40%] [32mBuilding CXX object CMakeFiles/test_buffer_server.dir/test/test_buffer_server.cpp.o[0m
[22.770s] [ 42%] [32mBuilding CXX object CMakeFiles/buffer_server.dir/src/buffer_server_main.cpp.o[0m
[22.772s] [ 45%] [32mBuilding CXX object CMakeFiles/tf2_monitor.dir/src/tf2_monitor.cpp.o[0m
[22.773s] [ 47%] [32mBuilding CXX object CMakeFiles/test_buffer_client.dir/test/test_buffer_client.cpp.o[0m
[23.826s] [ 50%] [32mBuilding CXX object CMakeFiles/tf2_ros_test_transform_broadcaster.dir/test/test_transform_broadcaster.cpp.o[0m
[23.829s] [ 52%] [32mBuilding CXX object CMakeFiles/tf2_ros_test_static_transform_broadcaster.dir/test/test_static_transform_broadcaster.cpp.o[0m
[23.835s] [ 55%] [32mBuilding CXX object CMakeFiles/tf2_ros_test_message_filter.dir/test/message_filter_test.cpp.o[0m
[23.845s] [ 57%] [32mBuilding CXX object CMakeFiles/tf2_ros_test_time_reset.dir/test/time_reset_test.cpp.o[0m
[23.847s] [ 60%] [32mBuilding CXX object CMakeFiles/tf2_ros_test_transform_listener.dir/test/test_transform_listener.cpp.o[0m
[31.941s] [ 62%] [32m[1mLinking CXX executable tf2_echo[0m
[33.012s] [ 62%] Built target tf2_echo
[33.121s] [ 65%] [32mBuilding CXX object CMakeFiles/tf2_ros_test_listener.dir/test/listener_unittest.cpp.o[0m
[34.314s] [ 67%] [32m[1mLinking CXX shared library libstatic_transform_broadcaster_node.so[0m
[34.976s] [ 70%] [32m[1mLinking CXX executable buffer_server[0m
[35.420s] [ 70%] Built target static_transform_broadcaster_node
[35.530s] [ 72%] [32mBuilding CXX object CMakeFiles/static_transform_publisher.dir/src/static_transform_broadcaster_program.cpp.o[0m
[36.085s] [ 75%] [32m[1mLinking CXX executable test_buffer[0m
[36.181s] [ 75%] Built target buffer_server
[37.614s] [ 75%] Built target test_buffer
[37.639s] [ 77%] [32m[1mLinking CXX executable tf2_ros_test_transform_broadcaster[0m
[37.694s] [ 80%] [32m[1mLinking CXX executable tf2_ros_test_static_transform_broadcaster[0m
[38.095s] [ 82%] [32m[1mLinking CXX executable test_buffer_client[0m
[38.418s] [ 82%] Built target tf2_ros_test_transform_broadcaster
[38.497s] [ 82%] Built target tf2_ros_test_static_transform_broadcaster
[39.371s] [ 85%] [32m[1mLinking CXX executable tf2_ros_test_time_reset[0m
[39.372s] [ 85%] Built target test_buffer_client
[39.783s] [ 87%] [32m[1mLinking CXX executable test_buffer_server[0m
[40.486s] [ 87%] Built target tf2_ros_test_time_reset
[41.031s] [ 87%] Built target test_buffer_server
[43.905s] [ 90%] [32m[1mLinking CXX executable static_transform_publisher[0m
[44.347s] [ 90%] Built target static_transform_publisher
[45.019s] [ 92%] [32m[1mLinking CXX executable tf2_monitor[0m
[46.126s] [ 92%] Built target tf2_monitor
[47.922s] [ 95%] [32m[1mLinking CXX executable tf2_ros_test_transform_listener[0m
[49.205s] [ 95%] Built target tf2_ros_test_transform_listener
[49.539s] [ 97%] [32m[1mLinking CXX executable tf2_ros_test_message_filter[0m
[51.123s] [ 97%] Built target tf2_ros_test_message_filter
[53.282s] [100%] [32m[1mLinking CXX executable tf2_ros_test_listener[0m
[54.523s] [100%] Built target tf2_ros_test_listener
[54.546s] Invoked command in '/home/rosdev/ros2_ws/build/tf2_ros' returned '0': AMENT_PREFIX_PATH=/home/rosdev/ros2_ws/install/tf2_msgs:/home/rosdev/ros2_ws/install/tf2:${AMENT_PREFIX_PATH} CMAKE_PREFIX_PATH=/home/rosdev/ros2_ws/install/tf2_msgs:/home/rosdev/ros2_ws/install/tf2:/opt/ros/humble LD_LIBRARY_PATH=/home/rosdev/ros2_ws/install/tf2_msgs/lib:/home/rosdev/ros2_ws/install/tf2/lib:${LD_LIBRARY_PATH} PYTHONPATH=/home/rosdev/ros2_ws/install/tf2_msgs/local/lib/python3.10/dist-packages:${PYTHONPATH} /usr/bin/cmake --build /home/rosdev/ros2_ws/build/tf2_ros -- -j12 -l12
[54.547s] Invoking command in '/home/rosdev/ros2_ws/build/tf2_ros': AMENT_PREFIX_PATH=/home/rosdev/ros2_ws/install/tf2_msgs:/home/rosdev/ros2_ws/install/tf2:${AMENT_PREFIX_PATH} CMAKE_PREFIX_PATH=/home/rosdev/ros2_ws/install/tf2_msgs:/home/rosdev/ros2_ws/install/tf2:/opt/ros/humble LD_LIBRARY_PATH=/home/rosdev/ros2_ws/install/tf2_msgs/lib:/home/rosdev/ros2_ws/install/tf2/lib:${LD_LIBRARY_PATH} PYTHONPATH=/home/rosdev/ros2_ws/install/tf2_msgs/local/lib/python3.10/dist-packages:${PYTHONPATH} /usr/bin/cmake --install /home/rosdev/ros2_ws/build/tf2_ros
[54.558s] -- Install configuration: ""
[54.558s] -- Installing: /home/rosdev/ros2_ws/install/tf2_ros/lib/libtf2_ros.so
[54.571s] -- Set runtime path of "/home/rosdev/ros2_ws/install/tf2_ros/lib/libtf2_ros.so" to ""
[54.572s] -- Installing: /home/rosdev/ros2_ws/install/tf2_ros/lib/libstatic_transform_broadcaster_node.so
[54.574s] -- Set runtime path of "/home/rosdev/ros2_ws/install/tf2_ros/lib/libstatic_transform_broadcaster_node.so" to ""
[54.574s] -- Installing: /home/rosdev/ros2_ws/install/tf2_ros/lib/tf2_ros/buffer_server
[54.575s] -- Set runtime path of "/home/rosdev/ros2_ws/install/tf2_ros/lib/tf2_ros/buffer_server" to ""
[54.575s] -- Installing: /home/rosdev/ros2_ws/install/tf2_ros/lib/tf2_ros/static_transform_publisher
[54.577s] -- Set runtime path of "/home/rosdev/ros2_ws/install/tf2_ros/lib/tf2_ros/static_transform_publisher" to ""
[54.577s] -- Installing: /home/rosdev/ros2_ws/install/tf2_ros/lib/tf2_ros/tf2_echo
[54.577s] -- Set runtime path of "/home/rosdev/ros2_ws/install/tf2_ros/lib/tf2_ros/tf2_echo" to ""
[54.577s] -- Installing: /home/rosdev/ros2_ws/install/tf2_ros/lib/tf2_ros/tf2_monitor
[54.586s] -- Set runtime path of "/home/rosdev/ros2_ws/install/tf2_ros/lib/tf2_ros/tf2_monitor" to ""
[54.586s] -- Installing: /home/rosdev/ros2_ws/install/tf2_ros/include/tf2_ros
[54.587s] -- Installing: /home/rosdev/ros2_ws/install/tf2_ros/include/tf2_ros/tf2_ros
[54.587s] -- Installing: /home/rosdev/ros2_ws/install/tf2_ros/include/tf2_ros/tf2_ros/create_timer_interface.h
[54.587s] -- Installing: /home/rosdev/ros2_ws/install/tf2_ros/include/tf2_ros/tf2_ros/static_transform_broadcaster_node.hpp
[54.587s] -- Installing: /home/rosdev/ros2_ws/install/tf2_ros/include/tf2_ros/tf2_ros/async_buffer_interface.h
[54.587s] -- Installing: /home/rosdev/ros2_ws/install/tf2_ros/include/tf2_ros/tf2_ros/buffer.h
[54.587s] -- Installing: /home/rosdev/ros2_ws/install/tf2_ros/include/tf2_ros/tf2_ros/buffer_server.h
[54.587s] -- Installing: /home/rosdev/ros2_ws/install/tf2_ros/include/tf2_ros/tf2_ros/visibility_control.h
[54.588s] -- Installing: /home/rosdev/ros2_ws/install/tf2_ros/include/tf2_ros/tf2_ros/static_transform_broadcaster_visibility_control.h
[54.588s] -- Installing: /home/rosdev/ros2_ws/install/tf2_ros/include/tf2_ros/tf2_ros/static_transform_broadcaster.h
[54.588s] -- Installing: /home/rosdev/ros2_ws/install/tf2_ros/include/tf2_ros/tf2_ros/create_timer_ros.h
[54.588s] -- Installing: /home/rosdev/ros2_ws/install/tf2_ros/include/tf2_ros/tf2_ros/message_filter.h
[54.589s] -- Installing: /home/rosdev/ros2_ws/install/tf2_ros/include/tf2_ros/tf2_ros/buffer_client.h
[54.589s] -- Installing: /home/rosdev/ros2_ws/install/tf2_ros/include/tf2_ros/tf2_ros/qos.hpp
[54.589s] -- Installing: /home/rosdev/ros2_ws/install/tf2_ros/include/tf2_ros/tf2_ros/transform_broadcaster.h
[54.589s] -- Installing: /home/rosdev/ros2_ws/install/tf2_ros/include/tf2_ros/tf2_ros/transform_listener.h
[54.589s] -- Installing: /home/rosdev/ros2_ws/install/tf2_ros/include/tf2_ros/tf2_ros/buffer_interface.h
[54.589s] -- Installing: /home/rosdev/ros2_ws/install/tf2_ros/share/tf2_ros/environment/library_path.sh
[54.589s] -- Installing: /home/rosdev/ros2_ws/install/tf2_ros/share/tf2_ros/environment/library_path.dsv
[54.590s] -- Installing: /home/rosdev/ros2_ws/install/tf2_ros/share/ament_index/resource_index/package_run_dependencies/tf2_ros
[54.590s] -- Installing: /home/rosdev/ros2_ws/install/tf2_ros/share/ament_index/resource_index/parent_prefix_path/tf2_ros
[54.590s] -- Installing: /home/rosdev/ros2_ws/install/tf2_ros/share/tf2_ros/environment/ament_prefix_path.sh
[54.590s] -- Installing: /home/rosdev/ros2_ws/install/tf2_ros/share/tf2_ros/environment/ament_prefix_path.dsv
[54.591s] -- Installing: /home/rosdev/ros2_ws/install/tf2_ros/share/tf2_ros/environment/path.sh
[54.591s] -- Installing: /home/rosdev/ros2_ws/install/tf2_ros/share/tf2_ros/environment/path.dsv
[54.591s] -- Installing: /home/rosdev/ros2_ws/install/tf2_ros/share/tf2_ros/local_setup.bash
[54.591s] -- Installing: /home/rosdev/ros2_ws/install/tf2_ros/share/tf2_ros/local_setup.sh
[54.592s] -- Installing: /home/rosdev/ros2_ws/install/tf2_ros/share/tf2_ros/local_setup.zsh
[54.592s] -- Installing: /home/rosdev/ros2_ws/install/tf2_ros/share/tf2_ros/local_setup.dsv
[54.592s] -- Installing: /home/rosdev/ros2_ws/install/tf2_ros/share/tf2_ros/package.dsv
[54.592s] -- Installing: /home/rosdev/ros2_ws/install/tf2_ros/share/ament_index/resource_index/packages/tf2_ros
[54.592s] -- Installing: /home/rosdev/ros2_ws/install/tf2_ros/share/ament_index/resource_index/rclcpp_components/tf2_ros
[54.592s] -- Installing: /home/rosdev/ros2_ws/install/tf2_ros/share/tf2_ros/cmake/export_tf2_rosExport.cmake
[54.593s] -- Installing: /home/rosdev/ros2_ws/install/tf2_ros/share/tf2_ros/cmake/export_tf2_rosExport-noconfig.cmake
[54.593s] -- Installing: /home/rosdev/ros2_ws/install/tf2_ros/share/tf2_ros/cmake/ament_cmake_export_include_directories-extras.cmake
[54.593s] -- Installing: /home/rosdev/ros2_ws/install/tf2_ros/share/tf2_ros/cmake/ament_cmake_export_libraries-extras.cmake
[54.593s] -- Installing: /home/rosdev/ros2_ws/install/tf2_ros/share/tf2_ros/cmake/ament_cmake_export_targets-extras.cmake
[54.593s] -- Installing: /home/rosdev/ros2_ws/install/tf2_ros/share/tf2_ros/cmake/ament_cmake_export_dependencies-extras.cmake
[54.594s] -- Installing: /home/rosdev/ros2_ws/install/tf2_ros/share/tf2_ros/cmake/tf2_rosConfig.cmake
[54.594s] -- Installing: /home/rosdev/ros2_ws/install/tf2_ros/share/tf2_ros/cmake/tf2_rosConfig-version.cmake
[54.594s] -- Installing: /home/rosdev/ros2_ws/install/tf2_ros/share/tf2_ros/package.xml
[54.600s] Invoked command in '/home/rosdev/ros2_ws/build/tf2_ros' returned '0': AMENT_PREFIX_PATH=/home/rosdev/ros2_ws/install/tf2_msgs:/home/rosdev/ros2_ws/install/tf2:${AMENT_PREFIX_PATH} CMAKE_PREFIX_PATH=/home/rosdev/ros2_ws/install/tf2_msgs:/home/rosdev/ros2_ws/install/tf2:/opt/ros/humble LD_LIBRARY_PATH=/home/rosdev/ros2_ws/install/tf2_msgs/lib:/home/rosdev/ros2_ws/install/tf2/lib:${LD_LIBRARY_PATH} PYTHONPATH=/home/rosdev/ros2_ws/install/tf2_msgs/local/lib/python3.10/dist-packages:${PYTHONPATH} /usr/bin/cmake --install /home/rosdev/ros2_ws/build/tf2_ros
