[3.323s] Invoking command in '/home/rosdev/ros2_ws/build/yolo_ros': AMENT_PREFIX_PATH=/home/rosdev/ros2_ws/install/yolo_msgs:/home/rosdev/ros2_ws/install/cv_bridge:${AMENT_PREFIX_PATH} CMAKE_PREFIX_PATH=/home/rosdev/ros2_ws/install/yolo_msgs:/home/rosdev/ros2_ws/install/cv_bridge LD_LIBRARY_PATH=/home/rosdev/ros2_ws/install/yolo_msgs/lib:/home/rosdev/ros2_ws/install/cv_bridge/lib:${LD_LIBRARY_PATH} PYTHONPATH=/home/rosdev/ros2_ws/build/yolo_ros/prefix_override:/usr/lib/python3/dist-packages/colcon_core/task/python/colcon_distutils_commands:/home/rosdev/ros2_ws/install/yolo_ros/lib/python3.10/site-packages:/home/rosdev/ros2_ws/install/yolo_msgs/local/lib/python3.10/dist-packages:/home/rosdev/ros2_ws/install/cv_bridge/local/lib/python3.10/dist-packages:${PYTHONPATH} /usr/bin/python3 -W ignore:setup.py install is deprecated -W ignore:easy_install command is deprecated setup.py develop --editable --build-directory /home/rosdev/ros2_ws/build/yolo_ros/build --no-deps symlink_data
[4.225s] running develop
[4.645s] running egg_info
[4.656s] writing yolo_ros.egg-info/PKG-INFO
[4.656s] writing dependency_links to yolo_ros.egg-info/dependency_links.txt
[4.656s] writing entry points to yolo_ros.egg-info/entry_points.txt
[4.656s] writing requirements to yolo_ros.egg-info/requires.txt
[4.656s] writing top-level names to yolo_ros.egg-info/top_level.txt
[4.656s] reading manifest file 'yolo_ros.egg-info/SOURCES.txt'
[4.657s] writing manifest file 'yolo_ros.egg-info/SOURCES.txt'
[4.661s] running build_ext
[4.661s] Creating /home/rosdev/ros2_ws/install/yolo_ros/lib/python3.10/site-packages/yolo-ros.egg-link (link to .)
[4.667s] Installing debug_node script to /home/rosdev/ros2_ws/install/yolo_ros/lib/yolo_ros
[4.668s] Installing detect_3d_node script to /home/rosdev/ros2_ws/install/yolo_ros/lib/yolo_ros
[4.668s] Installing tracking_node script to /home/rosdev/ros2_ws/install/yolo_ros/lib/yolo_ros
[4.669s] Installing yolo_node script to /home/rosdev/ros2_ws/install/yolo_ros/lib/yolo_ros
[4.669s] 
[4.669s] Installed /home/rosdev/ros2_ws/build/yolo_ros
[4.669s] running symlink_data
[4.814s] Invoked command in '/home/rosdev/ros2_ws/build/yolo_ros' returned '0': AMENT_PREFIX_PATH=/home/rosdev/ros2_ws/install/yolo_msgs:/home/rosdev/ros2_ws/install/cv_bridge:${AMENT_PREFIX_PATH} CMAKE_PREFIX_PATH=/home/rosdev/ros2_ws/install/yolo_msgs:/home/rosdev/ros2_ws/install/cv_bridge LD_LIBRARY_PATH=/home/rosdev/ros2_ws/install/yolo_msgs/lib:/home/rosdev/ros2_ws/install/cv_bridge/lib:${LD_LIBRARY_PATH} PYTHONPATH=/home/rosdev/ros2_ws/build/yolo_ros/prefix_override:/usr/lib/python3/dist-packages/colcon_core/task/python/colcon_distutils_commands:/home/rosdev/ros2_ws/install/yolo_ros/lib/python3.10/site-packages:/home/rosdev/ros2_ws/install/yolo_msgs/local/lib/python3.10/dist-packages:/home/rosdev/ros2_ws/install/cv_bridge/local/lib/python3.10/dist-packages:${PYTHONPATH} /usr/bin/python3 -W ignore:setup.py install is deprecated -W ignore:easy_install command is deprecated setup.py develop --editable --build-directory /home/rosdev/ros2_ws/build/yolo_ros/build --no-deps symlink_data
