[0.064s] Invoking command in '/home/rosdev/ros2_ws/build/aruco': CMAKE_PREFIX_PATH=/home/rosdev/ros2_ws/install/realsense2_camera:/home/rosdev/ros2_ws/install/tf2_ros:/home/rosdev/ros2_ws/install/tf2_msgs:/home/rosdev/ros2_ws/install/tf2:/home/rosdev/ros2_ws/install/realsense2_camera_msgs:/home/rosdev/ros2_ws/install/cv_bridge:/home/rosdev/ros2_ws/install/aruco:/home/rosdev/ros2_ws/install/yolo_bringup:/home/rosdev/ros2_ws/install/yolo_msgs:/home/rosdev/ros2_ws/install/vision_opencv:/home/rosdev/ros2_ws/install/geometry2:/home/rosdev/ros2_ws/install/tf2_sensor_msgs:/home/rosdev/ros2_ws/install/test_tf2:/home/rosdev/ros2_ws/install/tf2_kdl:/home/rosdev/ros2_ws/install/tf2_geometry_msgs:/home/rosdev/ros2_ws/install/tf2_eigen:/home/rosdev/ros2_ws/install/tf2_bullet:/home/rosdev/ros2_ws/install/tf2_py:/home/rosdev/ros2_ws/install/tf2_eigen_kdl:/home/rosdev/ros2_ws/install/realsense2_description:/home/rosdev/ros2_ws/install/image_geometry:/home/rosdev/ros2_ws/install/yolov8_tf_node:/home/rosdev/ros2_ws/install/yolo_ros:/home/rosdev/ros2_ws/install/tf2_tools:/home/rosdev/ros2_ws/install/examples_tf2_py:/home/rosdev/ros2_ws/install/tf2_ros_py:/home/rosdev/ros2_ws/install/aruco_realsense_ros:/home/rosdev/ros2_ws/install/opencv_tests:/opt/ros/humble LD_LIBRARY_PATH=/home/rosdev/ros2_ws/install/realsense2_camera/lib:/home/rosdev/ros2_ws/install/tf2_ros/lib:/home/rosdev/ros2_ws/install/tf2_msgs/lib:/home/rosdev/ros2_ws/install/tf2/lib:/home/rosdev/ros2_ws/install/realsense2_camera_msgs/lib:/home/rosdev/ros2_ws/install/cv_bridge/lib:/home/rosdev/ros2_ws/install/yolo_msgs/lib:/home/rosdev/ros2_ws/install/tf2_eigen_kdl/lib:/home/rosdev/ros2_ws/install/image_geometry/lib:/opt/ros/humble/lib/aarch64-linux-gnu:/opt/ros/humble/lib /usr/bin/cmake --build /home/rosdev/ros2_ws/build/aruco -- -j12 -l12
[0.183s] Built target ament_cmake_python_copy_aruco
[0.556s] running egg_info
[0.557s] writing aruco.egg-info/PKG-INFO
[0.558s] writing dependency_links to aruco.egg-info/dependency_links.txt
[0.558s] writing top-level names to aruco.egg-info/top_level.txt
[0.562s] reading manifest file 'aruco.egg-info/SOURCES.txt'
[0.563s] writing manifest file 'aruco.egg-info/SOURCES.txt'
[0.633s] Built target ament_cmake_python_build_aruco_egg
[0.662s] Invoked command in '/home/rosdev/ros2_ws/build/aruco' returned '0': CMAKE_PREFIX_PATH=/home/rosdev/ros2_ws/install/realsense2_camera:/home/rosdev/ros2_ws/install/tf2_ros:/home/rosdev/ros2_ws/install/tf2_msgs:/home/rosdev/ros2_ws/install/tf2:/home/rosdev/ros2_ws/install/realsense2_camera_msgs:/home/rosdev/ros2_ws/install/cv_bridge:/home/rosdev/ros2_ws/install/aruco:/home/rosdev/ros2_ws/install/yolo_bringup:/home/rosdev/ros2_ws/install/yolo_msgs:/home/rosdev/ros2_ws/install/vision_opencv:/home/rosdev/ros2_ws/install/geometry2:/home/rosdev/ros2_ws/install/tf2_sensor_msgs:/home/rosdev/ros2_ws/install/test_tf2:/home/rosdev/ros2_ws/install/tf2_kdl:/home/rosdev/ros2_ws/install/tf2_geometry_msgs:/home/rosdev/ros2_ws/install/tf2_eigen:/home/rosdev/ros2_ws/install/tf2_bullet:/home/rosdev/ros2_ws/install/tf2_py:/home/rosdev/ros2_ws/install/tf2_eigen_kdl:/home/rosdev/ros2_ws/install/realsense2_description:/home/rosdev/ros2_ws/install/image_geometry:/home/rosdev/ros2_ws/install/yolov8_tf_node:/home/rosdev/ros2_ws/install/yolo_ros:/home/rosdev/ros2_ws/install/tf2_tools:/home/rosdev/ros2_ws/install/examples_tf2_py:/home/rosdev/ros2_ws/install/tf2_ros_py:/home/rosdev/ros2_ws/install/aruco_realsense_ros:/home/rosdev/ros2_ws/install/opencv_tests:/opt/ros/humble LD_LIBRARY_PATH=/home/rosdev/ros2_ws/install/realsense2_camera/lib:/home/rosdev/ros2_ws/install/tf2_ros/lib:/home/rosdev/ros2_ws/install/tf2_msgs/lib:/home/rosdev/ros2_ws/install/tf2/lib:/home/rosdev/ros2_ws/install/realsense2_camera_msgs/lib:/home/rosdev/ros2_ws/install/cv_bridge/lib:/home/rosdev/ros2_ws/install/yolo_msgs/lib:/home/rosdev/ros2_ws/install/tf2_eigen_kdl/lib:/home/rosdev/ros2_ws/install/image_geometry/lib:/opt/ros/humble/lib/aarch64-linux-gnu:/opt/ros/humble/lib /usr/bin/cmake --build /home/rosdev/ros2_ws/build/aruco -- -j12 -l12
[0.680s] Invoking command in '/home/rosdev/ros2_ws/build/aruco': CMAKE_PREFIX_PATH=/home/rosdev/ros2_ws/install/realsense2_camera:/home/rosdev/ros2_ws/install/tf2_ros:/home/rosdev/ros2_ws/install/tf2_msgs:/home/rosdev/ros2_ws/install/tf2:/home/rosdev/ros2_ws/install/realsense2_camera_msgs:/home/rosdev/ros2_ws/install/cv_bridge:/home/rosdev/ros2_ws/install/aruco:/home/rosdev/ros2_ws/install/yolo_bringup:/home/rosdev/ros2_ws/install/yolo_msgs:/home/rosdev/ros2_ws/install/vision_opencv:/home/rosdev/ros2_ws/install/geometry2:/home/rosdev/ros2_ws/install/tf2_sensor_msgs:/home/rosdev/ros2_ws/install/test_tf2:/home/rosdev/ros2_ws/install/tf2_kdl:/home/rosdev/ros2_ws/install/tf2_geometry_msgs:/home/rosdev/ros2_ws/install/tf2_eigen:/home/rosdev/ros2_ws/install/tf2_bullet:/home/rosdev/ros2_ws/install/tf2_py:/home/rosdev/ros2_ws/install/tf2_eigen_kdl:/home/rosdev/ros2_ws/install/realsense2_description:/home/rosdev/ros2_ws/install/image_geometry:/home/rosdev/ros2_ws/install/yolov8_tf_node:/home/rosdev/ros2_ws/install/yolo_ros:/home/rosdev/ros2_ws/install/tf2_tools:/home/rosdev/ros2_ws/install/examples_tf2_py:/home/rosdev/ros2_ws/install/tf2_ros_py:/home/rosdev/ros2_ws/install/aruco_realsense_ros:/home/rosdev/ros2_ws/install/opencv_tests:/opt/ros/humble LD_LIBRARY_PATH=/home/rosdev/ros2_ws/install/realsense2_camera/lib:/home/rosdev/ros2_ws/install/tf2_ros/lib:/home/rosdev/ros2_ws/install/tf2_msgs/lib:/home/rosdev/ros2_ws/install/tf2/lib:/home/rosdev/ros2_ws/install/realsense2_camera_msgs/lib:/home/rosdev/ros2_ws/install/cv_bridge/lib:/home/rosdev/ros2_ws/install/yolo_msgs/lib:/home/rosdev/ros2_ws/install/tf2_eigen_kdl/lib:/home/rosdev/ros2_ws/install/image_geometry/lib:/opt/ros/humble/lib/aarch64-linux-gnu:/opt/ros/humble/lib /usr/bin/cmake --install /home/rosdev/ros2_ws/build/aruco
[0.702s] -- Install configuration: ""
[0.702s] -- Up-to-date: /home/rosdev/ros2_ws/install/aruco/share/aruco/environment/pythonpath.sh
[0.702s] -- Up-to-date: /home/rosdev/ros2_ws/install/aruco/share/aruco/environment/pythonpath.dsv
[0.702s] -- Up-to-date: /home/rosdev/ros2_ws/install/aruco/local/lib/python3.10/dist-packages/aruco-0.0.1-py3.10.egg-info
[0.702s] -- Installing: /home/rosdev/ros2_ws/install/aruco/local/lib/python3.10/dist-packages/aruco-0.0.1-py3.10.egg-info/dependency_links.txt
[0.702s] -- Installing: /home/rosdev/ros2_ws/install/aruco/local/lib/python3.10/dist-packages/aruco-0.0.1-py3.10.egg-info/PKG-INFO
[0.703s] -- Installing: /home/rosdev/ros2_ws/install/aruco/local/lib/python3.10/dist-packages/aruco-0.0.1-py3.10.egg-info/SOURCES.txt
[0.703s] -- Installing: /home/rosdev/ros2_ws/install/aruco/local/lib/python3.10/dist-packages/aruco-0.0.1-py3.10.egg-info/top_level.txt
[0.703s] -- Up-to-date: /home/rosdev/ros2_ws/install/aruco/local/lib/python3.10/dist-packages/aruco
[0.703s] -- Up-to-date: /home/rosdev/ros2_ws/install/aruco/local/lib/python3.10/dist-packages/aruco/__init__.py
[0.766s] Listing '/home/rosdev/ros2_ws/install/aruco/local/lib/python3.10/dist-packages/aruco'...
[0.775s] -- Up-to-date: /home/rosdev/ros2_ws/install/aruco/lib/aruco/aruco_detection.py
[0.775s] -- Up-to-date: /home/rosdev/ros2_ws/install/aruco/lib/aruco/aruco_opencv.py
[0.775s] -- Up-to-date: /home/rosdev/ros2_ws/install/aruco/share/aruco/launch
[0.776s] -- Up-to-date: /home/rosdev/ros2_ws/install/aruco/share/ament_index/resource_index/package_run_dependencies/aruco
[0.776s] -- Up-to-date: /home/rosdev/ros2_ws/install/aruco/share/ament_index/resource_index/parent_prefix_path/aruco
[0.776s] -- Up-to-date: /home/rosdev/ros2_ws/install/aruco/share/aruco/environment/ament_prefix_path.sh
[0.776s] -- Up-to-date: /home/rosdev/ros2_ws/install/aruco/share/aruco/environment/ament_prefix_path.dsv
[0.776s] -- Up-to-date: /home/rosdev/ros2_ws/install/aruco/share/aruco/environment/path.sh
[0.776s] -- Up-to-date: /home/rosdev/ros2_ws/install/aruco/share/aruco/environment/path.dsv
[0.776s] -- Up-to-date: /home/rosdev/ros2_ws/install/aruco/share/aruco/local_setup.bash
[0.776s] -- Up-to-date: /home/rosdev/ros2_ws/install/aruco/share/aruco/local_setup.sh
[0.776s] -- Up-to-date: /home/rosdev/ros2_ws/install/aruco/share/aruco/local_setup.zsh
[0.777s] -- Up-to-date: /home/rosdev/ros2_ws/install/aruco/share/aruco/local_setup.dsv
[0.777s] -- Installing: /home/rosdev/ros2_ws/install/aruco/share/aruco/package.dsv
[0.777s] -- Up-to-date: /home/rosdev/ros2_ws/install/aruco/share/ament_index/resource_index/packages/aruco
[0.777s] -- Up-to-date: /home/rosdev/ros2_ws/install/aruco/share/aruco/cmake/arucoConfig.cmake
[0.777s] -- Up-to-date: /home/rosdev/ros2_ws/install/aruco/share/aruco/cmake/arucoConfig-version.cmake
[0.777s] -- Up-to-date: /home/rosdev/ros2_ws/install/aruco/share/aruco/package.xml
[0.781s] Invoked command in '/home/rosdev/ros2_ws/build/aruco' returned '0': CMAKE_PREFIX_PATH=/home/rosdev/ros2_ws/install/realsense2_camera:/home/rosdev/ros2_ws/install/tf2_ros:/home/rosdev/ros2_ws/install/tf2_msgs:/home/rosdev/ros2_ws/install/tf2:/home/rosdev/ros2_ws/install/realsense2_camera_msgs:/home/rosdev/ros2_ws/install/cv_bridge:/home/rosdev/ros2_ws/install/aruco:/home/rosdev/ros2_ws/install/yolo_bringup:/home/rosdev/ros2_ws/install/yolo_msgs:/home/rosdev/ros2_ws/install/vision_opencv:/home/rosdev/ros2_ws/install/geometry2:/home/rosdev/ros2_ws/install/tf2_sensor_msgs:/home/rosdev/ros2_ws/install/test_tf2:/home/rosdev/ros2_ws/install/tf2_kdl:/home/rosdev/ros2_ws/install/tf2_geometry_msgs:/home/rosdev/ros2_ws/install/tf2_eigen:/home/rosdev/ros2_ws/install/tf2_bullet:/home/rosdev/ros2_ws/install/tf2_py:/home/rosdev/ros2_ws/install/tf2_eigen_kdl:/home/rosdev/ros2_ws/install/realsense2_description:/home/rosdev/ros2_ws/install/image_geometry:/home/rosdev/ros2_ws/install/yolov8_tf_node:/home/rosdev/ros2_ws/install/yolo_ros:/home/rosdev/ros2_ws/install/tf2_tools:/home/rosdev/ros2_ws/install/examples_tf2_py:/home/rosdev/ros2_ws/install/tf2_ros_py:/home/rosdev/ros2_ws/install/aruco_realsense_ros:/home/rosdev/ros2_ws/install/opencv_tests:/opt/ros/humble LD_LIBRARY_PATH=/home/rosdev/ros2_ws/install/realsense2_camera/lib:/home/rosdev/ros2_ws/install/tf2_ros/lib:/home/rosdev/ros2_ws/install/tf2_msgs/lib:/home/rosdev/ros2_ws/install/tf2/lib:/home/rosdev/ros2_ws/install/realsense2_camera_msgs/lib:/home/rosdev/ros2_ws/install/cv_bridge/lib:/home/rosdev/ros2_ws/install/yolo_msgs/lib:/home/rosdev/ros2_ws/install/tf2_eigen_kdl/lib:/home/rosdev/ros2_ws/install/image_geometry/lib:/opt/ros/humble/lib/aarch64-linux-gnu:/opt/ros/humble/lib /usr/bin/cmake --install /home/rosdev/ros2_ws/build/aruco
