[0.036s] Invoking command in '/home/rosdev/ros2_ws/build/aruco_interfaces': CMAKE_PREFIX_PATH=${CMAKE_PREFIX_PATH}:/home/rosdev/ros2_ws/install/yolo_ros:/opt/ros/humble /usr/bin/cmake --build /home/rosdev/ros2_ws/build/aruco_interfaces -- -j12 -l12
[0.121s] [  3%] Built target aruco_interfaces__cpp
[0.169s] [  3%] Built target ament_cmake_python_copy_aruco_interfaces
[0.207s] [ 12%] Built target aruco_interfaces__rosidl_typesupport_introspection_cpp
[0.559s] running egg_info
[0.560s] writing aruco_interfaces.egg-info/PKG-INFO
[0.561s] writing dependency_links to aruco_interfaces.egg-info/dependency_links.txt
[0.561s] writing top-level names to aruco_interfaces.egg-info/top_level.txt
[0.568s] reading manifest file 'aruco_interfaces.egg-info/SOURCES.txt'
[0.569s] writing manifest file 'aruco_interfaces.egg-info/SOURCES.txt'
[0.647s] [ 12%] Built target ament_cmake_python_build_aruco_interfaces_egg
[0.685s] [ 22%] Built target aruco_interfaces__rosidl_typesupport_fastrtps_cpp
[0.725s] [ 32%] Built target aruco_interfaces__rosidl_typesupport_cpp
[0.762s] [ 41%] Built target aruco_interfaces__rosidl_generator_c
[0.804s] [ 51%] Built target aruco_interfaces__rosidl_typesupport_fastrtps_c
[0.839s] [ 61%] Built target aruco_interfaces__rosidl_typesupport_c
[0.878s] [ 70%] Built target aruco_interfaces__rosidl_typesupport_introspection_c
[0.919s] [ 70%] Built target aruco_interfaces
[0.950s] [ 74%] Built target aruco_interfaces__py
[0.989s] [ 80%] Built target aruco_interfaces__rosidl_generator_py
[1.030s] [ 87%] Built target aruco_interfaces__rosidl_typesupport_fastrtps_c__pyext
[1.072s] [ 93%] Built target aruco_interfaces__rosidl_typesupport_c__pyext
[1.112s] [100%] Built target aruco_interfaces__rosidl_typesupport_introspection_c__pyext
[1.131s] Invoked command in '/home/rosdev/ros2_ws/build/aruco_interfaces' returned '0': CMAKE_PREFIX_PATH=${CMAKE_PREFIX_PATH}:/home/rosdev/ros2_ws/install/yolo_ros:/opt/ros/humble /usr/bin/cmake --build /home/rosdev/ros2_ws/build/aruco_interfaces -- -j12 -l12
[1.150s] Invoking command in '/home/rosdev/ros2_ws/build/aruco_interfaces': CMAKE_PREFIX_PATH=${CMAKE_PREFIX_PATH}:/home/rosdev/ros2_ws/install/yolo_ros:/opt/ros/humble /usr/bin/cmake --install /home/rosdev/ros2_ws/build/aruco_interfaces
[1.163s] -- Install configuration: ""
[1.163s] -- Up-to-date: /home/rosdev/ros2_ws/install/aruco_interfaces/share/ament_index/resource_index/rosidl_interfaces/aruco_interfaces
[1.164s] -- Up-to-date: /home/rosdev/ros2_ws/install/aruco_interfaces/include/aruco_interfaces/aruco_interfaces
[1.164s] -- Up-to-date: /home/rosdev/ros2_ws/install/aruco_interfaces/include/aruco_interfaces/aruco_interfaces/msg
[1.164s] -- Up-to-date: /home/rosdev/ros2_ws/install/aruco_interfaces/include/aruco_interfaces/aruco_interfaces/msg/aruco_markers.h
[1.164s] -- Up-to-date: /home/rosdev/ros2_ws/install/aruco_interfaces/include/aruco_interfaces/aruco_interfaces/msg/detail
[1.164s] -- Up-to-date: /home/rosdev/ros2_ws/install/aruco_interfaces/include/aruco_interfaces/aruco_interfaces/msg/detail/aruco_markers__functions.h
[1.164s] -- Up-to-date: /home/rosdev/ros2_ws/install/aruco_interfaces/include/aruco_interfaces/aruco_interfaces/msg/detail/aruco_markers__type_support.h
[1.164s] -- Up-to-date: /home/rosdev/ros2_ws/install/aruco_interfaces/include/aruco_interfaces/aruco_interfaces/msg/detail/aruco_markers__functions.c
[1.164s] -- Up-to-date: /home/rosdev/ros2_ws/install/aruco_interfaces/include/aruco_interfaces/aruco_interfaces/msg/detail/aruco_markers__struct.h
[1.164s] -- Up-to-date: /home/rosdev/ros2_ws/install/aruco_interfaces/include/aruco_interfaces/aruco_interfaces/msg/rosidl_generator_c__visibility_control.h
[1.165s] -- Up-to-date: /home/rosdev/ros2_ws/install/aruco_interfaces/share/aruco_interfaces/environment/library_path.sh
[1.165s] -- Up-to-date: /home/rosdev/ros2_ws/install/aruco_interfaces/share/aruco_interfaces/environment/library_path.dsv
[1.165s] -- Up-to-date: /home/rosdev/ros2_ws/install/aruco_interfaces/lib/libaruco_interfaces__rosidl_generator_c.so
[1.165s] -- Up-to-date: /home/rosdev/ros2_ws/install/aruco_interfaces/include/aruco_interfaces/aruco_interfaces
[1.165s] -- Up-to-date: /home/rosdev/ros2_ws/install/aruco_interfaces/include/aruco_interfaces/aruco_interfaces/msg
[1.165s] -- Up-to-date: /home/rosdev/ros2_ws/install/aruco_interfaces/include/aruco_interfaces/aruco_interfaces/msg/rosidl_typesupport_fastrtps_c__visibility_control.h
[1.165s] -- Up-to-date: /home/rosdev/ros2_ws/install/aruco_interfaces/include/aruco_interfaces/aruco_interfaces/msg/detail
[1.166s] -- Up-to-date: /home/rosdev/ros2_ws/install/aruco_interfaces/include/aruco_interfaces/aruco_interfaces/msg/detail/aruco_markers__rosidl_typesupport_fastrtps_c.h
[1.166s] -- Up-to-date: /home/rosdev/ros2_ws/install/aruco_interfaces/lib/libaruco_interfaces__rosidl_typesupport_fastrtps_c.so
[1.166s] -- Up-to-date: /home/rosdev/ros2_ws/install/aruco_interfaces/include/aruco_interfaces/aruco_interfaces
[1.166s] -- Up-to-date: /home/rosdev/ros2_ws/install/aruco_interfaces/include/aruco_interfaces/aruco_interfaces/msg
[1.166s] -- Up-to-date: /home/rosdev/ros2_ws/install/aruco_interfaces/include/aruco_interfaces/aruco_interfaces/msg/detail
[1.166s] -- Up-to-date: /home/rosdev/ros2_ws/install/aruco_interfaces/include/aruco_interfaces/aruco_interfaces/msg/detail/aruco_markers__builder.hpp
[1.166s] -- Up-to-date: /home/rosdev/ros2_ws/install/aruco_interfaces/include/aruco_interfaces/aruco_interfaces/msg/detail/aruco_markers__traits.hpp
[1.166s] -- Up-to-date: /home/rosdev/ros2_ws/install/aruco_interfaces/include/aruco_interfaces/aruco_interfaces/msg/detail/aruco_markers__type_support.hpp
[1.166s] -- Up-to-date: /home/rosdev/ros2_ws/install/aruco_interfaces/include/aruco_interfaces/aruco_interfaces/msg/detail/aruco_markers__struct.hpp
[1.166s] -- Up-to-date: /home/rosdev/ros2_ws/install/aruco_interfaces/include/aruco_interfaces/aruco_interfaces/msg/aruco_markers.hpp
[1.167s] -- Up-to-date: /home/rosdev/ros2_ws/install/aruco_interfaces/include/aruco_interfaces/aruco_interfaces/msg/rosidl_generator_cpp__visibility_control.hpp
[1.167s] -- Up-to-date: /home/rosdev/ros2_ws/install/aruco_interfaces/include/aruco_interfaces/aruco_interfaces
[1.167s] -- Up-to-date: /home/rosdev/ros2_ws/install/aruco_interfaces/include/aruco_interfaces/aruco_interfaces/msg
[1.167s] -- Up-to-date: /home/rosdev/ros2_ws/install/aruco_interfaces/include/aruco_interfaces/aruco_interfaces/msg/detail
[1.167s] -- Up-to-date: /home/rosdev/ros2_ws/install/aruco_interfaces/include/aruco_interfaces/aruco_interfaces/msg/detail/dds_fastrtps
[1.167s] -- Up-to-date: /home/rosdev/ros2_ws/install/aruco_interfaces/include/aruco_interfaces/aruco_interfaces/msg/detail/aruco_markers__rosidl_typesupport_fastrtps_cpp.hpp
[1.167s] -- Up-to-date: /home/rosdev/ros2_ws/install/aruco_interfaces/include/aruco_interfaces/aruco_interfaces/msg/rosidl_typesupport_fastrtps_cpp__visibility_control.h
[1.167s] -- Up-to-date: /home/rosdev/ros2_ws/install/aruco_interfaces/lib/libaruco_interfaces__rosidl_typesupport_fastrtps_cpp.so
[1.167s] -- Up-to-date: /home/rosdev/ros2_ws/install/aruco_interfaces/include/aruco_interfaces/aruco_interfaces
[1.168s] -- Up-to-date: /home/rosdev/ros2_ws/install/aruco_interfaces/include/aruco_interfaces/aruco_interfaces/msg
[1.168s] -- Up-to-date: /home/rosdev/ros2_ws/install/aruco_interfaces/include/aruco_interfaces/aruco_interfaces/msg/rosidl_typesupport_introspection_c__visibility_control.h
[1.168s] -- Up-to-date: /home/rosdev/ros2_ws/install/aruco_interfaces/include/aruco_interfaces/aruco_interfaces/msg/detail
[1.168s] -- Up-to-date: /home/rosdev/ros2_ws/install/aruco_interfaces/include/aruco_interfaces/aruco_interfaces/msg/detail/aruco_markers__type_support.c
[1.168s] -- Up-to-date: /home/rosdev/ros2_ws/install/aruco_interfaces/include/aruco_interfaces/aruco_interfaces/msg/detail/aruco_markers__rosidl_typesupport_introspection_c.h
[1.168s] -- Up-to-date: /home/rosdev/ros2_ws/install/aruco_interfaces/lib/libaruco_interfaces__rosidl_typesupport_introspection_c.so
[1.168s] -- Up-to-date: /home/rosdev/ros2_ws/install/aruco_interfaces/lib/libaruco_interfaces__rosidl_typesupport_c.so
[1.168s] -- Up-to-date: /home/rosdev/ros2_ws/install/aruco_interfaces/include/aruco_interfaces/aruco_interfaces
[1.168s] -- Up-to-date: /home/rosdev/ros2_ws/install/aruco_interfaces/include/aruco_interfaces/aruco_interfaces/msg
[1.168s] -- Up-to-date: /home/rosdev/ros2_ws/install/aruco_interfaces/include/aruco_interfaces/aruco_interfaces/msg/detail
[1.168s] -- Up-to-date: /home/rosdev/ros2_ws/install/aruco_interfaces/include/aruco_interfaces/aruco_interfaces/msg/detail/aruco_markers__type_support.cpp
[1.169s] -- Up-to-date: /home/rosdev/ros2_ws/install/aruco_interfaces/include/aruco_interfaces/aruco_interfaces/msg/detail/aruco_markers__rosidl_typesupport_introspection_cpp.hpp
[1.169s] -- Up-to-date: /home/rosdev/ros2_ws/install/aruco_interfaces/lib/libaruco_interfaces__rosidl_typesupport_introspection_cpp.so
[1.169s] -- Up-to-date: /home/rosdev/ros2_ws/install/aruco_interfaces/lib/libaruco_interfaces__rosidl_typesupport_cpp.so
[1.169s] -- Up-to-date: /home/rosdev/ros2_ws/install/aruco_interfaces/share/aruco_interfaces/environment/pythonpath.sh
[1.169s] -- Up-to-date: /home/rosdev/ros2_ws/install/aruco_interfaces/share/aruco_interfaces/environment/pythonpath.dsv
[1.169s] -- Up-to-date: /home/rosdev/ros2_ws/install/aruco_interfaces/local/lib/python3.10/dist-packages/aruco_interfaces-0.1.0-py3.10.egg-info
[1.169s] -- Installing: /home/rosdev/ros2_ws/install/aruco_interfaces/local/lib/python3.10/dist-packages/aruco_interfaces-0.1.0-py3.10.egg-info/dependency_links.txt
[1.169s] -- Installing: /home/rosdev/ros2_ws/install/aruco_interfaces/local/lib/python3.10/dist-packages/aruco_interfaces-0.1.0-py3.10.egg-info/PKG-INFO
[1.169s] -- Installing: /home/rosdev/ros2_ws/install/aruco_interfaces/local/lib/python3.10/dist-packages/aruco_interfaces-0.1.0-py3.10.egg-info/SOURCES.txt
[1.170s] -- Installing: /home/rosdev/ros2_ws/install/aruco_interfaces/local/lib/python3.10/dist-packages/aruco_interfaces-0.1.0-py3.10.egg-info/top_level.txt
[1.170s] -- Up-to-date: /home/rosdev/ros2_ws/install/aruco_interfaces/local/lib/python3.10/dist-packages/aruco_interfaces
[1.170s] -- Up-to-date: /home/rosdev/ros2_ws/install/aruco_interfaces/local/lib/python3.10/dist-packages/aruco_interfaces/libaruco_interfaces__rosidl_generator_py.so
[1.170s] -- Up-to-date: /home/rosdev/ros2_ws/install/aruco_interfaces/local/lib/python3.10/dist-packages/aruco_interfaces/_aruco_interfaces_s.ep.rosidl_typesupport_introspection_c.c
[1.171s] -- Up-to-date: /home/rosdev/ros2_ws/install/aruco_interfaces/local/lib/python3.10/dist-packages/aruco_interfaces/_aruco_interfaces_s.ep.rosidl_typesupport_fastrtps_c.c
[1.171s] -- Up-to-date: /home/rosdev/ros2_ws/install/aruco_interfaces/local/lib/python3.10/dist-packages/aruco_interfaces/aruco_interfaces_s__rosidl_typesupport_fastrtps_c.cpython-310-aarch64-linux-gnu.so
[1.171s] -- Up-to-date: /home/rosdev/ros2_ws/install/aruco_interfaces/local/lib/python3.10/dist-packages/aruco_interfaces/__init__.py
[1.171s] -- Up-to-date: /home/rosdev/ros2_ws/install/aruco_interfaces/local/lib/python3.10/dist-packages/aruco_interfaces/_aruco_interfaces_s.ep.rosidl_typesupport_c.c
[1.171s] -- Up-to-date: /home/rosdev/ros2_ws/install/aruco_interfaces/local/lib/python3.10/dist-packages/aruco_interfaces/aruco_interfaces_s__rosidl_typesupport_c.cpython-310-aarch64-linux-gnu.so
[1.171s] -- Up-to-date: /home/rosdev/ros2_ws/install/aruco_interfaces/local/lib/python3.10/dist-packages/aruco_interfaces/aruco_interfaces_s__rosidl_typesupport_introspection_c.cpython-310-aarch64-linux-gnu.so
[1.171s] -- Up-to-date: /home/rosdev/ros2_ws/install/aruco_interfaces/local/lib/python3.10/dist-packages/aruco_interfaces/msg
[1.171s] -- Up-to-date: /home/rosdev/ros2_ws/install/aruco_interfaces/local/lib/python3.10/dist-packages/aruco_interfaces/msg/_aruco_markers_s.c
[1.171s] -- Up-to-date: /home/rosdev/ros2_ws/install/aruco_interfaces/local/lib/python3.10/dist-packages/aruco_interfaces/msg/_aruco_markers.py
[1.171s] -- Up-to-date: /home/rosdev/ros2_ws/install/aruco_interfaces/local/lib/python3.10/dist-packages/aruco_interfaces/msg/__init__.py
[1.231s] Listing '/home/rosdev/ros2_ws/install/aruco_interfaces/local/lib/python3.10/dist-packages/aruco_interfaces'...
[1.232s] Listing '/home/rosdev/ros2_ws/install/aruco_interfaces/local/lib/python3.10/dist-packages/aruco_interfaces/msg'...
[1.238s] -- Up-to-date: /home/rosdev/ros2_ws/install/aruco_interfaces/local/lib/python3.10/dist-packages/aruco_interfaces/aruco_interfaces_s__rosidl_typesupport_fastrtps_c.cpython-310-aarch64-linux-gnu.so
[1.239s] -- Up-to-date: /home/rosdev/ros2_ws/install/aruco_interfaces/local/lib/python3.10/dist-packages/aruco_interfaces/aruco_interfaces_s__rosidl_typesupport_introspection_c.cpython-310-aarch64-linux-gnu.so
[1.239s] -- Up-to-date: /home/rosdev/ros2_ws/install/aruco_interfaces/local/lib/python3.10/dist-packages/aruco_interfaces/aruco_interfaces_s__rosidl_typesupport_c.cpython-310-aarch64-linux-gnu.so
[1.240s] -- Up-to-date: /home/rosdev/ros2_ws/install/aruco_interfaces/lib/libaruco_interfaces__rosidl_generator_py.so
[1.240s] -- Up-to-date: /home/rosdev/ros2_ws/install/aruco_interfaces/share/aruco_interfaces/msg/ArucoMarkers.idl
[1.240s] -- Up-to-date: /home/rosdev/ros2_ws/install/aruco_interfaces/share/aruco_interfaces/msg/ArucoMarkers.msg
[1.240s] -- Up-to-date: /home/rosdev/ros2_ws/install/aruco_interfaces/share/ament_index/resource_index/package_run_dependencies/aruco_interfaces
[1.241s] -- Up-to-date: /home/rosdev/ros2_ws/install/aruco_interfaces/share/ament_index/resource_index/parent_prefix_path/aruco_interfaces
[1.242s] -- Up-to-date: /home/rosdev/ros2_ws/install/aruco_interfaces/share/aruco_interfaces/environment/ament_prefix_path.sh
[1.243s] -- Up-to-date: /home/rosdev/ros2_ws/install/aruco_interfaces/share/aruco_interfaces/environment/ament_prefix_path.dsv
[1.243s] -- Up-to-date: /home/rosdev/ros2_ws/install/aruco_interfaces/share/aruco_interfaces/environment/path.sh
[1.243s] -- Up-to-date: /home/rosdev/ros2_ws/install/aruco_interfaces/share/aruco_interfaces/environment/path.dsv
[1.244s] -- Up-to-date: /home/rosdev/ros2_ws/install/aruco_interfaces/share/aruco_interfaces/local_setup.bash
[1.244s] -- Up-to-date: /home/rosdev/ros2_ws/install/aruco_interfaces/share/aruco_interfaces/local_setup.sh
[1.245s] -- Up-to-date: /home/rosdev/ros2_ws/install/aruco_interfaces/share/aruco_interfaces/local_setup.zsh
[1.246s] -- Up-to-date: /home/rosdev/ros2_ws/install/aruco_interfaces/share/aruco_interfaces/local_setup.dsv
[1.246s] -- Installing: /home/rosdev/ros2_ws/install/aruco_interfaces/share/aruco_interfaces/package.dsv
[1.247s] -- Up-to-date: /home/rosdev/ros2_ws/install/aruco_interfaces/share/ament_index/resource_index/packages/aruco_interfaces
[1.247s] -- Up-to-date: /home/rosdev/ros2_ws/install/aruco_interfaces/share/aruco_interfaces/cmake/export_aruco_interfaces__rosidl_generator_cExport.cmake
[1.247s] -- Up-to-date: /home/rosdev/ros2_ws/install/aruco_interfaces/share/aruco_interfaces/cmake/export_aruco_interfaces__rosidl_generator_cExport-noconfig.cmake
[1.248s] -- Up-to-date: /home/rosdev/ros2_ws/install/aruco_interfaces/share/aruco_interfaces/cmake/export_aruco_interfaces__rosidl_typesupport_fastrtps_cExport.cmake
[1.248s] -- Up-to-date: /home/rosdev/ros2_ws/install/aruco_interfaces/share/aruco_interfaces/cmake/export_aruco_interfaces__rosidl_typesupport_fastrtps_cExport-noconfig.cmake
[1.250s] -- Up-to-date: /home/rosdev/ros2_ws/install/aruco_interfaces/share/aruco_interfaces/cmake/export_aruco_interfaces__rosidl_generator_cppExport.cmake
[1.251s] -- Up-to-date: /home/rosdev/ros2_ws/install/aruco_interfaces/share/aruco_interfaces/cmake/export_aruco_interfaces__rosidl_typesupport_fastrtps_cppExport.cmake
[1.251s] -- Up-to-date: /home/rosdev/ros2_ws/install/aruco_interfaces/share/aruco_interfaces/cmake/export_aruco_interfaces__rosidl_typesupport_fastrtps_cppExport-noconfig.cmake
[1.252s] -- Up-to-date: /home/rosdev/ros2_ws/install/aruco_interfaces/share/aruco_interfaces/cmake/aruco_interfaces__rosidl_typesupport_introspection_cExport.cmake
[1.252s] -- Up-to-date: /home/rosdev/ros2_ws/install/aruco_interfaces/share/aruco_interfaces/cmake/aruco_interfaces__rosidl_typesupport_introspection_cExport-noconfig.cmake
[1.253s] -- Up-to-date: /home/rosdev/ros2_ws/install/aruco_interfaces/share/aruco_interfaces/cmake/aruco_interfaces__rosidl_typesupport_cExport.cmake
[1.254s] -- Up-to-date: /home/rosdev/ros2_ws/install/aruco_interfaces/share/aruco_interfaces/cmake/aruco_interfaces__rosidl_typesupport_cExport-noconfig.cmake
[1.255s] -- Up-to-date: /home/rosdev/ros2_ws/install/aruco_interfaces/share/aruco_interfaces/cmake/aruco_interfaces__rosidl_typesupport_introspection_cppExport.cmake
[1.255s] -- Up-to-date: /home/rosdev/ros2_ws/install/aruco_interfaces/share/aruco_interfaces/cmake/aruco_interfaces__rosidl_typesupport_introspection_cppExport-noconfig.cmake
[1.255s] -- Up-to-date: /home/rosdev/ros2_ws/install/aruco_interfaces/share/aruco_interfaces/cmake/aruco_interfaces__rosidl_typesupport_cppExport.cmake
[1.256s] -- Up-to-date: /home/rosdev/ros2_ws/install/aruco_interfaces/share/aruco_interfaces/cmake/aruco_interfaces__rosidl_typesupport_cppExport-noconfig.cmake
[1.256s] -- Up-to-date: /home/rosdev/ros2_ws/install/aruco_interfaces/share/aruco_interfaces/cmake/export_aruco_interfaces__rosidl_generator_pyExport.cmake
[1.256s] -- Up-to-date: /home/rosdev/ros2_ws/install/aruco_interfaces/share/aruco_interfaces/cmake/export_aruco_interfaces__rosidl_generator_pyExport-noconfig.cmake
[1.256s] -- Up-to-date: /home/rosdev/ros2_ws/install/aruco_interfaces/share/aruco_interfaces/cmake/rosidl_cmake-extras.cmake
[1.257s] -- Up-to-date: /home/rosdev/ros2_ws/install/aruco_interfaces/share/aruco_interfaces/cmake/ament_cmake_export_dependencies-extras.cmake
[1.257s] -- Up-to-date: /home/rosdev/ros2_ws/install/aruco_interfaces/share/aruco_interfaces/cmake/ament_cmake_export_include_directories-extras.cmake
[1.258s] -- Up-to-date: /home/rosdev/ros2_ws/install/aruco_interfaces/share/aruco_interfaces/cmake/ament_cmake_export_libraries-extras.cmake
[1.258s] -- Up-to-date: /home/rosdev/ros2_ws/install/aruco_interfaces/share/aruco_interfaces/cmake/ament_cmake_export_targets-extras.cmake
[1.258s] -- Up-to-date: /home/rosdev/ros2_ws/install/aruco_interfaces/share/aruco_interfaces/cmake/rosidl_cmake_export_typesupport_targets-extras.cmake
[1.258s] -- Up-to-date: /home/rosdev/ros2_ws/install/aruco_interfaces/share/aruco_interfaces/cmake/rosidl_cmake_export_typesupport_libraries-extras.cmake
[1.258s] -- Up-to-date: /home/rosdev/ros2_ws/install/aruco_interfaces/share/aruco_interfaces/cmake/aruco_interfacesConfig.cmake
[1.259s] -- Up-to-date: /home/rosdev/ros2_ws/install/aruco_interfaces/share/aruco_interfaces/cmake/aruco_interfacesConfig-version.cmake
[1.259s] -- Up-to-date: /home/rosdev/ros2_ws/install/aruco_interfaces/share/aruco_interfaces/package.xml
[1.263s] Invoked command in '/home/rosdev/ros2_ws/build/aruco_interfaces' returned '0': CMAKE_PREFIX_PATH=${CMAKE_PREFIX_PATH}:/home/rosdev/ros2_ws/install/yolo_ros:/opt/ros/humble /usr/bin/cmake --install /home/rosdev/ros2_ws/build/aruco_interfaces
