[0.070s] Invoking command in '/home/rosdev/ros2_ws/build/tf2': CMAKE_PREFIX_PATH=${CMAKE_PREFIX_PATH}:/home/rosdev/ros2_ws/install/yolov8_tf_node:/home/rosdev/ros2_ws/install/yolo_ros:/home/rosdev/ros2_ws/install/tf2_tools:/home/rosdev/ros2_ws/install/examples_tf2_py:/home/rosdev/ros2_ws/install/tf2_ros_py:/home/rosdev/ros2_ws/install/aruco_realsense_ros:/home/rosdev/ros2_ws/install/opencv_tests:/opt/ros/humble /usr/bin/cmake --build /home/rosdev/ros2_ws/build/tf2 -- -j12 -l12
[0.200s] [ 23%] Built target tf2
[0.205s] [ 33%] Built target gtest_main
[0.235s] [ 42%] Built target gtest
[0.359s] [ 52%] Built target cache_benchmark
[0.393s] [ 61%] Built target test_cache_unittest
[0.396s] [ 71%] Built target test_simple_tf2_core
[0.397s] [ 80%] Built target test_time
[0.397s] [ 90%] Built target test_static_cache_unittest
[0.418s] [100%] Built target test_storage
[0.492s] Invoked command in '/home/rosdev/ros2_ws/build/tf2' returned '0': CMAKE_PREFIX_PATH=${CMAKE_PREFIX_PATH}:/home/rosdev/ros2_ws/install/yolov8_tf_node:/home/rosdev/ros2_ws/install/yolo_ros:/home/rosdev/ros2_ws/install/tf2_tools:/home/rosdev/ros2_ws/install/examples_tf2_py:/home/rosdev/ros2_ws/install/tf2_ros_py:/home/rosdev/ros2_ws/install/aruco_realsense_ros:/home/rosdev/ros2_ws/install/opencv_tests:/opt/ros/humble /usr/bin/cmake --build /home/rosdev/ros2_ws/build/tf2 -- -j12 -l12
[0.522s] Invoking command in '/home/rosdev/ros2_ws/build/tf2': CMAKE_PREFIX_PATH=${CMAKE_PREFIX_PATH}:/home/rosdev/ros2_ws/install/yolov8_tf_node:/home/rosdev/ros2_ws/install/yolo_ros:/home/rosdev/ros2_ws/install/tf2_tools:/home/rosdev/ros2_ws/install/examples_tf2_py:/home/rosdev/ros2_ws/install/tf2_ros_py:/home/rosdev/ros2_ws/install/aruco_realsense_ros:/home/rosdev/ros2_ws/install/opencv_tests:/opt/ros/humble /usr/bin/cmake --install /home/rosdev/ros2_ws/build/tf2
[0.537s] -- Install configuration: ""
[0.538s] -- Execute custom install script
[0.539s] -- Up-to-date symlink: /home/rosdev/ros2_ws/install/tf2/include/tf2/tf2/LinearMath/Matrix3x3.h
[0.540s] -- Up-to-date symlink: /home/rosdev/ros2_ws/install/tf2/include/tf2/tf2/LinearMath/MinMax.h
[0.540s] -- Up-to-date symlink: /home/rosdev/ros2_ws/install/tf2/include/tf2/tf2/LinearMath/QuadWord.h
[0.540s] -- Up-to-date symlink: /home/rosdev/ros2_ws/install/tf2/include/tf2/tf2/LinearMath/Quaternion.h
[0.540s] -- Up-to-date symlink: /home/rosdev/ros2_ws/install/tf2/include/tf2/tf2/LinearMath/Scalar.h
[0.540s] -- Up-to-date symlink: /home/rosdev/ros2_ws/install/tf2/include/tf2/tf2/LinearMath/Transform.h
[0.541s] -- Up-to-date symlink: /home/rosdev/ros2_ws/install/tf2/include/tf2/tf2/LinearMath/Vector3.h
[0.541s] -- Up-to-date symlink: /home/rosdev/ros2_ws/install/tf2/include/tf2/tf2/buffer_core.h
[0.541s] -- Up-to-date symlink: /home/rosdev/ros2_ws/install/tf2/include/tf2/tf2/buffer_core_interface.h
[0.541s] -- Up-to-date symlink: /home/rosdev/ros2_ws/install/tf2/include/tf2/tf2/convert.h
[0.541s] -- Up-to-date symlink: /home/rosdev/ros2_ws/install/tf2/include/tf2/tf2/exceptions.h
[0.541s] -- Up-to-date symlink: /home/rosdev/ros2_ws/install/tf2/include/tf2/tf2/impl/convert.h
[0.541s] -- Up-to-date symlink: /home/rosdev/ros2_ws/install/tf2/include/tf2/tf2/impl/utils.h
[0.541s] -- Up-to-date symlink: /home/rosdev/ros2_ws/install/tf2/include/tf2/tf2/time.h
[0.541s] -- Up-to-date symlink: /home/rosdev/ros2_ws/install/tf2/include/tf2/tf2/time_cache.h
[0.541s] -- Up-to-date symlink: /home/rosdev/ros2_ws/install/tf2/include/tf2/tf2/transform_datatypes.h
[0.542s] -- Up-to-date symlink: /home/rosdev/ros2_ws/install/tf2/include/tf2/tf2/transform_storage.h
[0.542s] -- Up-to-date symlink: /home/rosdev/ros2_ws/install/tf2/include/tf2/tf2/utils.h
[0.542s] -- Up-to-date symlink: /home/rosdev/ros2_ws/install/tf2/include/tf2/tf2/visibility_control.h
[0.542s] -- Up-to-date symlink: /home/rosdev/ros2_ws/install/tf2/share/tf2/environment/library_path.sh
[0.542s] -- Up-to-date symlink: /home/rosdev/ros2_ws/install/tf2/share/tf2/environment/library_path.dsv
[0.542s] -- Up-to-date symlink: /home/rosdev/ros2_ws/install/tf2/share/ament_index/resource_index/package_run_dependencies/tf2
[0.542s] -- Up-to-date symlink: /home/rosdev/ros2_ws/install/tf2/share/ament_index/resource_index/parent_prefix_path/tf2
[0.542s] -- Up-to-date symlink: /home/rosdev/ros2_ws/install/tf2/share/tf2/environment/ament_prefix_path.sh
[0.543s] -- Up-to-date symlink: /home/rosdev/ros2_ws/install/tf2/share/tf2/environment/ament_prefix_path.dsv
[0.543s] -- Up-to-date symlink: /home/rosdev/ros2_ws/install/tf2/share/tf2/environment/path.sh
[0.543s] -- Up-to-date symlink: /home/rosdev/ros2_ws/install/tf2/share/tf2/environment/path.dsv
[0.544s] -- Up-to-date symlink: /home/rosdev/ros2_ws/install/tf2/share/tf2/local_setup.bash
[0.544s] -- Up-to-date symlink: /home/rosdev/ros2_ws/install/tf2/share/tf2/local_setup.sh
[0.544s] -- Up-to-date symlink: /home/rosdev/ros2_ws/install/tf2/share/tf2/local_setup.zsh
[0.544s] -- Up-to-date symlink: /home/rosdev/ros2_ws/install/tf2/share/tf2/local_setup.dsv
[0.544s] -- Symlinking: /home/rosdev/ros2_ws/install/tf2/share/tf2/package.dsv
[0.563s] -- Up-to-date symlink: /home/rosdev/ros2_ws/install/tf2/share/ament_index/resource_index/packages/tf2
[0.564s] -- Up-to-date symlink: /home/rosdev/ros2_ws/install/tf2/share/tf2/cmake/ament_cmake_export_dependencies-extras.cmake
[0.564s] -- Up-to-date symlink: /home/rosdev/ros2_ws/install/tf2/share/tf2/cmake/ament_cmake_export_include_directories-extras.cmake
[0.564s] -- Up-to-date symlink: /home/rosdev/ros2_ws/install/tf2/share/tf2/cmake/ament_cmake_export_libraries-extras.cmake
[0.565s] -- Up-to-date symlink: /home/rosdev/ros2_ws/install/tf2/share/tf2/cmake/ament_cmake_export_targets-extras.cmake
[0.565s] -- Up-to-date symlink: /home/rosdev/ros2_ws/install/tf2/share/tf2/cmake/tf2Config.cmake
[0.565s] -- Up-to-date symlink: /home/rosdev/ros2_ws/install/tf2/share/tf2/cmake/tf2Config-version.cmake
[0.565s] -- Up-to-date symlink: /home/rosdev/ros2_ws/install/tf2/share/tf2/package.xml
[0.565s] -- Up-to-date: /home/rosdev/ros2_ws/install/tf2/lib/libtf2.so
[0.565s] -- Up-to-date: /home/rosdev/ros2_ws/install/tf2/share/tf2/cmake/export_tf2Export.cmake
[0.566s] -- Up-to-date: /home/rosdev/ros2_ws/install/tf2/share/tf2/cmake/export_tf2Export-noconfig.cmake
[0.571s] Invoked command in '/home/rosdev/ros2_ws/build/tf2' returned '0': CMAKE_PREFIX_PATH=${CMAKE_PREFIX_PATH}:/home/rosdev/ros2_ws/install/yolov8_tf_node:/home/rosdev/ros2_ws/install/yolo_ros:/home/rosdev/ros2_ws/install/tf2_tools:/home/rosdev/ros2_ws/install/examples_tf2_py:/home/rosdev/ros2_ws/install/tf2_ros_py:/home/rosdev/ros2_ws/install/aruco_realsense_ros:/home/rosdev/ros2_ws/install/opencv_tests:/opt/ros/humble /usr/bin/cmake --install /home/rosdev/ros2_ws/build/tf2
