[3.153s] Invoking command in '/home/rosdev/ros2_ws/src/yolo_ros/yolo_ros': CMAKE_PREFIX_PATH=/home/rosdev/ros2_ws/install/yolo_msgs:/home/rosdev/ros2_ws/install/cv_bridge:/home/rosdev/ros2_ws/install/yolo_bringup:/home/rosdev/ros2_ws/install/vision_opencv:/home/rosdev/ros2_ws/install/geometry2:/home/rosdev/ros2_ws/install/tf2_sensor_msgs:/home/rosdev/ros2_ws/install/test_tf2:/home/rosdev/ros2_ws/install/tf2_kdl:/home/rosdev/ros2_ws/install/tf2_geometry_msgs:/home/rosdev/ros2_ws/install/tf2_eigen:/home/rosdev/ros2_ws/install/tf2_bullet:/home/rosdev/ros2_ws/install/realsense2_camera:/home/rosdev/ros2_ws/install/tf2_ros:/home/rosdev/ros2_ws/install/tf2_py:/home/rosdev/ros2_ws/install/tf2_msgs:/home/rosdev/ros2_ws/install/tf2_eigen_kdl:/home/rosdev/ros2_ws/install/tf2:/home/rosdev/ros2_ws/install/realsense2_description:/home/rosdev/ros2_ws/install/realsense2_camera_msgs:/home/rosdev/ros2_ws/install/image_geometry LD_LIBRARY_PATH=/home/rosdev/ros2_ws/install/yolo_msgs/lib:/home/rosdev/ros2_ws/install/cv_bridge/lib:/home/rosdev/ros2_ws/install/realsense2_camera/lib:/home/rosdev/ros2_ws/install/tf2_ros/lib:/home/rosdev/ros2_ws/install/tf2_msgs/lib:/home/rosdev/ros2_ws/install/tf2_eigen_kdl/lib:/home/rosdev/ros2_ws/install/tf2/lib:/home/rosdev/ros2_ws/install/realsense2_camera_msgs/lib:/home/rosdev/ros2_ws/install/image_geometry/lib:/opt/ros/humble/lib/aarch64-linux-gnu:/opt/ros/humble/lib PYTHONPATH=/home/rosdev/ros2_ws/build/yolo_ros/prefix_override:/usr/lib/python3/dist-packages/colcon_core/task/python/colcon_distutils_commands:/home/rosdev/ros2_ws/install/yolo_ros/lib/python3.10/site-packages:${PYTHONPATH} /usr/bin/python3 -W ignore:setup.py install is deprecated -W ignore:easy_install command is deprecated setup.py egg_info --egg-base ../../../build/yolo_ros build --build-base /home/rosdev/ros2_ws/build/yolo_ros/build install --record /home/rosdev/ros2_ws/build/yolo_ros/install.log --single-version-externally-managed install_data
[3.574s] running egg_info
[3.576s] writing ../../../build/yolo_ros/yolo_ros.egg-info/PKG-INFO
[3.577s] writing dependency_links to ../../../build/yolo_ros/yolo_ros.egg-info/dependency_links.txt
[3.577s] writing entry points to ../../../build/yolo_ros/yolo_ros.egg-info/entry_points.txt
[3.578s] writing requirements to ../../../build/yolo_ros/yolo_ros.egg-info/requires.txt
[3.578s] writing top-level names to ../../../build/yolo_ros/yolo_ros.egg-info/top_level.txt
[3.582s] reading manifest file '../../../build/yolo_ros/yolo_ros.egg-info/SOURCES.txt'
[3.584s] writing manifest file '../../../build/yolo_ros/yolo_ros.egg-info/SOURCES.txt'
[3.584s] running build
[3.584s] running build_py
[3.585s] running install
[3.586s] running install_lib
[3.594s] running install_data
[3.594s] running install_egg_info
[3.599s] removing '/home/rosdev/ros2_ws/install/yolo_ros/lib/python3.10/site-packages/yolo_ros-0.0.0-py3.10.egg-info' (and everything under it)
[3.600s] Copying ../../../build/yolo_ros/yolo_ros.egg-info to /home/rosdev/ros2_ws/install/yolo_ros/lib/python3.10/site-packages/yolo_ros-0.0.0-py3.10.egg-info
[3.601s] running install_scripts
[3.647s] Installing debug_node script to /home/rosdev/ros2_ws/install/yolo_ros/lib/yolo_ros
[3.647s] Installing detect_3d_node script to /home/rosdev/ros2_ws/install/yolo_ros/lib/yolo_ros
[3.648s] Installing tracking_node script to /home/rosdev/ros2_ws/install/yolo_ros/lib/yolo_ros
[3.648s] Installing yolo_node script to /home/rosdev/ros2_ws/install/yolo_ros/lib/yolo_ros
[3.649s] writing list of installed files to '/home/rosdev/ros2_ws/build/yolo_ros/install.log'
[3.752s] Invoked command in '/home/rosdev/ros2_ws/src/yolo_ros/yolo_ros' returned '0': CMAKE_PREFIX_PATH=/home/rosdev/ros2_ws/install/yolo_msgs:/home/rosdev/ros2_ws/install/cv_bridge:/home/rosdev/ros2_ws/install/yolo_bringup:/home/rosdev/ros2_ws/install/vision_opencv:/home/rosdev/ros2_ws/install/geometry2:/home/rosdev/ros2_ws/install/tf2_sensor_msgs:/home/rosdev/ros2_ws/install/test_tf2:/home/rosdev/ros2_ws/install/tf2_kdl:/home/rosdev/ros2_ws/install/tf2_geometry_msgs:/home/rosdev/ros2_ws/install/tf2_eigen:/home/rosdev/ros2_ws/install/tf2_bullet:/home/rosdev/ros2_ws/install/realsense2_camera:/home/rosdev/ros2_ws/install/tf2_ros:/home/rosdev/ros2_ws/install/tf2_py:/home/rosdev/ros2_ws/install/tf2_msgs:/home/rosdev/ros2_ws/install/tf2_eigen_kdl:/home/rosdev/ros2_ws/install/tf2:/home/rosdev/ros2_ws/install/realsense2_description:/home/rosdev/ros2_ws/install/realsense2_camera_msgs:/home/rosdev/ros2_ws/install/image_geometry LD_LIBRARY_PATH=/home/rosdev/ros2_ws/install/yolo_msgs/lib:/home/rosdev/ros2_ws/install/cv_bridge/lib:/home/rosdev/ros2_ws/install/realsense2_camera/lib:/home/rosdev/ros2_ws/install/tf2_ros/lib:/home/rosdev/ros2_ws/install/tf2_msgs/lib:/home/rosdev/ros2_ws/install/tf2_eigen_kdl/lib:/home/rosdev/ros2_ws/install/tf2/lib:/home/rosdev/ros2_ws/install/realsense2_camera_msgs/lib:/home/rosdev/ros2_ws/install/image_geometry/lib:/opt/ros/humble/lib/aarch64-linux-gnu:/opt/ros/humble/lib PYTHONPATH=/home/rosdev/ros2_ws/build/yolo_ros/prefix_override:/usr/lib/python3/dist-packages/colcon_core/task/python/colcon_distutils_commands:/home/rosdev/ros2_ws/install/yolo_ros/lib/python3.10/site-packages:${PYTHONPATH} /usr/bin/python3 -W ignore:setup.py install is deprecated -W ignore:easy_install command is deprecated setup.py egg_info --egg-base ../../../build/yolo_ros build --build-base /home/rosdev/ros2_ws/build/yolo_ros/build install --record /home/rosdev/ros2_ws/build/yolo_ros/install.log --single-version-externally-managed install_data
