[2.687s] Invoking command in '/home/rosdev/ros2_ws/build/examples_tf2_py': AMENT_PREFIX_PATH=/home/rosdev/ros2_ws/install/tf2_ros_py:/home/rosdev/ros2_ws/install/tf2_py:/home/rosdev/ros2_ws/install/tf2_msgs:/home/rosdev/ros2_ws/install/tf2:${AMENT_PREFIX_PATH} CMAKE_PREFIX_PATH=/home/rosdev/ros2_ws/install/tf2_py:/home/rosdev/ros2_ws/install/tf2_msgs:/home/rosdev/ros2_ws/install/tf2 LD_LIBRARY_PATH=/home/rosdev/ros2_ws/install/tf2_msgs/lib:/home/rosdev/ros2_ws/install/tf2/lib:${LD_LIBRARY_PATH} PYTHONPATH=/home/rosdev/ros2_ws/build/examples_tf2_py/prefix_override:/usr/lib/python3/dist-packages/colcon_core/task/python/colcon_distutils_commands:/home/rosdev/ros2_ws/install/examples_tf2_py/lib/python3.10/site-packages:/home/rosdev/ros2_ws/build/tf2_ros_py:/home/rosdev/ros2_ws/install/tf2_ros_py/lib/python3.10/site-packages:/home/rosdev/ros2_ws/install/tf2_py/local/lib/python3.10/dist-packages:/home/rosdev/ros2_ws/install/tf2_msgs/local/lib/python3.10/dist-packages:${PYTHONPATH} /usr/bin/python3 -W ignore:setup.py install is deprecated -W ignore:easy_install command is deprecated setup.py develop --editable --build-directory /home/rosdev/ros2_ws/build/examples_tf2_py/build --no-deps symlink_data
[3.324s] running develop
[3.609s] running egg_info
[3.610s] writing examples_tf2_py.egg-info/PKG-INFO
[3.611s] writing dependency_links to examples_tf2_py.egg-info/dependency_links.txt
[3.611s] writing entry points to examples_tf2_py.egg-info/entry_points.txt
[3.612s] writing requirements to examples_tf2_py.egg-info/requires.txt
[3.612s] writing top-level names to examples_tf2_py.egg-info/top_level.txt
[3.614s] reading manifest file 'examples_tf2_py.egg-info/SOURCES.txt'
[3.617s] writing manifest file 'examples_tf2_py.egg-info/SOURCES.txt'
[3.622s] running build_ext
[3.622s] Creating /home/rosdev/ros2_ws/install/examples_tf2_py/lib/python3.10/site-packages/examples-tf2-py.egg-link (link to .)
[3.625s] Installing async_waits_for_transform script to /home/rosdev/ros2_ws/install/examples_tf2_py/lib/examples_tf2_py
[3.626s] Installing blocking_waits_for_transform script to /home/rosdev/ros2_ws/install/examples_tf2_py/lib/examples_tf2_py
[3.626s] Installing dynamic_broadcaster script to /home/rosdev/ros2_ws/install/examples_tf2_py/lib/examples_tf2_py
[3.626s] Installing frame_dumper script to /home/rosdev/ros2_ws/install/examples_tf2_py/lib/examples_tf2_py
[3.628s] Installing static_broadcaster script to /home/rosdev/ros2_ws/install/examples_tf2_py/lib/examples_tf2_py
[3.629s] Installing waits_for_transform script to /home/rosdev/ros2_ws/install/examples_tf2_py/lib/examples_tf2_py
[3.629s] 
[3.629s] Installed /home/rosdev/ros2_ws/build/examples_tf2_py
[3.629s] running symlink_data
[3.778s] Invoked command in '/home/rosdev/ros2_ws/build/examples_tf2_py' returned '0': AMENT_PREFIX_PATH=/home/rosdev/ros2_ws/install/tf2_ros_py:/home/rosdev/ros2_ws/install/tf2_py:/home/rosdev/ros2_ws/install/tf2_msgs:/home/rosdev/ros2_ws/install/tf2:${AMENT_PREFIX_PATH} CMAKE_PREFIX_PATH=/home/rosdev/ros2_ws/install/tf2_py:/home/rosdev/ros2_ws/install/tf2_msgs:/home/rosdev/ros2_ws/install/tf2 LD_LIBRARY_PATH=/home/rosdev/ros2_ws/install/tf2_msgs/lib:/home/rosdev/ros2_ws/install/tf2/lib:${LD_LIBRARY_PATH} PYTHONPATH=/home/rosdev/ros2_ws/build/examples_tf2_py/prefix_override:/usr/lib/python3/dist-packages/colcon_core/task/python/colcon_distutils_commands:/home/rosdev/ros2_ws/install/examples_tf2_py/lib/python3.10/site-packages:/home/rosdev/ros2_ws/build/tf2_ros_py:/home/rosdev/ros2_ws/install/tf2_ros_py/lib/python3.10/site-packages:/home/rosdev/ros2_ws/install/tf2_py/local/lib/python3.10/dist-packages:/home/rosdev/ros2_ws/install/tf2_msgs/local/lib/python3.10/dist-packages:${PYTHONPATH} /usr/bin/python3 -W ignore:setup.py install is deprecated -W ignore:easy_install command is deprecated setup.py develop --editable --build-directory /home/rosdev/ros2_ws/build/examples_tf2_py/build --no-deps symlink_data
