[0.055s] Invoking command in '/home/rosdev/ros2_ws/build/image_geometry': CMAKE_PREFIX_PATH=/opt/ros/humble /usr/bin/cmake --build /home/rosdev/ros2_ws/build/image_geometry -- -j12 -l12
[0.238s] [ 44%] Built target gtest
[0.239s] [ 44%] Built target gtest_main
[0.240s] [ 44%] Built target ament_cmake_python_symlink_image_geometry
[0.258s] [ 77%] Built target image_geometry
[0.372s] [100%] Built target image_geometry-utest
[0.673s] running egg_info
[0.676s] writing image_geometry.egg-info/PKG-INFO
[0.677s] writing dependency_links to image_geometry.egg-info/dependency_links.txt
[0.678s] writing top-level names to image_geometry.egg-info/top_level.txt
[0.684s] reading manifest file 'image_geometry.egg-info/SOURCES.txt'
[0.685s] writing manifest file 'image_geometry.egg-info/SOURCES.txt'
[0.803s] [100%] Built target ament_cmake_python_build_image_geometry_egg
[0.845s] Invoked command in '/home/rosdev/ros2_ws/build/image_geometry' returned '0': CMAKE_PREFIX_PATH=/opt/ros/humble /usr/bin/cmake --build /home/rosdev/ros2_ws/build/image_geometry -- -j12 -l12
[0.846s] Invoking command in '/home/rosdev/ros2_ws/build/image_geometry': CMAKE_PREFIX_PATH=/opt/ros/humble /usr/bin/cmake --install /home/rosdev/ros2_ws/build/image_geometry
[0.860s] -- Install configuration: ""
[0.860s] -- Execute custom install script
[0.860s] -- Up-to-date symlink: /home/rosdev/ros2_ws/install/image_geometry/share/image_geometry/environment/pythonpath.sh
[0.860s] -- Up-to-date symlink: /home/rosdev/ros2_ws/install/image_geometry/share/image_geometry/environment/pythonpath.dsv
[0.861s] -- Up-to-date symlink: /home/rosdev/ros2_ws/install/image_geometry/local/lib/python3.10/dist-packages/image_geometry-3.2.1-py3.10.egg-info/PKG-INFO
[0.861s] -- Up-to-date symlink: /home/rosdev/ros2_ws/install/image_geometry/local/lib/python3.10/dist-packages/image_geometry-3.2.1-py3.10.egg-info/SOURCES.txt
[0.861s] -- Up-to-date symlink: /home/rosdev/ros2_ws/install/image_geometry/local/lib/python3.10/dist-packages/image_geometry-3.2.1-py3.10.egg-info/dependency_links.txt
[0.861s] -- Up-to-date symlink: /home/rosdev/ros2_ws/install/image_geometry/local/lib/python3.10/dist-packages/image_geometry-3.2.1-py3.10.egg-info/top_level.txt
[0.861s] -- Up-to-date symlink: /home/rosdev/ros2_ws/install/image_geometry/local/lib/python3.10/dist-packages/image_geometry/__init__.py
[0.861s] -- Up-to-date symlink: /home/rosdev/ros2_ws/install/image_geometry/local/lib/python3.10/dist-packages/image_geometry/cameramodels.py
[0.862s] -- Up-to-date symlink: /home/rosdev/ros2_ws/install/image_geometry/include/image_geometry/image_geometry/pinhole_camera_model.h
[0.862s] -- Up-to-date symlink: /home/rosdev/ros2_ws/install/image_geometry/include/image_geometry/image_geometry/stereo_camera_model.h
[0.862s] -- Up-to-date symlink: /home/rosdev/ros2_ws/install/image_geometry/include/image_geometry/image_geometry/visibility_control.hpp
[0.862s] -- Up-to-date symlink: /home/rosdev/ros2_ws/install/image_geometry/share/ament_index/resource_index/package_run_dependencies/image_geometry
[0.862s] -- Up-to-date symlink: /home/rosdev/ros2_ws/install/image_geometry/share/ament_index/resource_index/parent_prefix_path/image_geometry
[0.862s] -- Up-to-date symlink: /home/rosdev/ros2_ws/install/image_geometry/share/image_geometry/environment/ament_prefix_path.sh
[0.862s] -- Up-to-date symlink: /home/rosdev/ros2_ws/install/image_geometry/share/image_geometry/environment/ament_prefix_path.dsv
[0.862s] -- Up-to-date symlink: /home/rosdev/ros2_ws/install/image_geometry/share/image_geometry/environment/path.sh
[0.862s] -- Up-to-date symlink: /home/rosdev/ros2_ws/install/image_geometry/share/image_geometry/environment/path.dsv
[0.866s] -- Up-to-date symlink: /home/rosdev/ros2_ws/install/image_geometry/share/image_geometry/local_setup.bash
[0.867s] -- Up-to-date symlink: /home/rosdev/ros2_ws/install/image_geometry/share/image_geometry/local_setup.sh
[0.867s] -- Up-to-date symlink: /home/rosdev/ros2_ws/install/image_geometry/share/image_geometry/local_setup.zsh
[0.868s] -- Up-to-date symlink: /home/rosdev/ros2_ws/install/image_geometry/share/image_geometry/local_setup.dsv
[0.868s] -- Symlinking: /home/rosdev/ros2_ws/install/image_geometry/share/image_geometry/package.dsv
[0.898s] -- Up-to-date symlink: /home/rosdev/ros2_ws/install/image_geometry/share/ament_index/resource_index/packages/image_geometry
[0.898s] -- Up-to-date symlink: /home/rosdev/ros2_ws/install/image_geometry/share/image_geometry/cmake/ament_cmake_export_targets-extras.cmake
[0.898s] -- Up-to-date symlink: /home/rosdev/ros2_ws/install/image_geometry/share/image_geometry/cmake/ament_cmake_export_dependencies-extras.cmake
[0.899s] -- Up-to-date symlink: /home/rosdev/ros2_ws/install/image_geometry/share/image_geometry/cmake/image_geometryConfig.cmake
[0.899s] -- Up-to-date symlink: /home/rosdev/ros2_ws/install/image_geometry/share/image_geometry/cmake/image_geometryConfig-version.cmake
[0.899s] -- Up-to-date symlink: /home/rosdev/ros2_ws/install/image_geometry/share/image_geometry/package.xml
[0.947s] Listing '/home/rosdev/ros2_ws/install/image_geometry/local/lib/python3.10/dist-packages/image_geometry'...
[0.979s] -- Up-to-date: /home/rosdev/ros2_ws/install/image_geometry/lib/libimage_geometry.so
[0.979s] -- Up-to-date: /home/rosdev/ros2_ws/install/image_geometry/share/image_geometry/cmake/export_image_geometryExport.cmake
[0.980s] -- Up-to-date: /home/rosdev/ros2_ws/install/image_geometry/share/image_geometry/cmake/export_image_geometryExport-noconfig.cmake
[0.991s] Invoked command in '/home/rosdev/ros2_ws/build/image_geometry' returned '0': CMAKE_PREFIX_PATH=/opt/ros/humble /usr/bin/cmake --install /home/rosdev/ros2_ws/build/image_geometry
