[0.052s] Invoking command in '/home/rosdev/ros2_ws/build/tf2_py': AMENT_PREFIX_PATH=/home/rosdev/ros2_ws/install/tf2:${AMENT_PREFIX_PATH} CMAKE_PREFIX_PATH=/home/rosdev/ros2_ws/install/tf2:/opt/ros/humble LD_LIBRARY_PATH=/home/rosdev/ros2_ws/install/tf2/lib:${LD_LIBRARY_PATH} /usr/bin/cmake --build /home/rosdev/ros2_ws/build/tf2_py -- -j12 -l12
[0.350s] [  0%] Built target ament_cmake_python_symlink_tf2_py
[0.455s] [100%] Built target _tf2_py
[1.300s] running egg_info
[1.307s] writing tf2_py.egg-info/PKG-INFO
[1.309s] writing dependency_links to tf2_py.egg-info/dependency_links.txt
[1.314s] writing top-level names to tf2_py.egg-info/top_level.txt
[1.322s] reading manifest file 'tf2_py.egg-info/SOURCES.txt'
[1.342s] writing manifest file 'tf2_py.egg-info/SOURCES.txt'
[1.532s] [100%] Built target ament_cmake_python_build_tf2_py_egg
[2.069s] Invoked command in '/home/rosdev/ros2_ws/build/tf2_py' returned '0': AMENT_PREFIX_PATH=/home/rosdev/ros2_ws/install/tf2:${AMENT_PREFIX_PATH} CMAKE_PREFIX_PATH=/home/rosdev/ros2_ws/install/tf2:/opt/ros/humble LD_LIBRARY_PATH=/home/rosdev/ros2_ws/install/tf2/lib:${LD_LIBRARY_PATH} /usr/bin/cmake --build /home/rosdev/ros2_ws/build/tf2_py -- -j12 -l12
[2.247s] Invoking command in '/home/rosdev/ros2_ws/build/tf2_py': AMENT_PREFIX_PATH=/home/rosdev/ros2_ws/install/tf2:${AMENT_PREFIX_PATH} CMAKE_PREFIX_PATH=/home/rosdev/ros2_ws/install/tf2:/opt/ros/humble LD_LIBRARY_PATH=/home/rosdev/ros2_ws/install/tf2/lib:${LD_LIBRARY_PATH} /usr/bin/cmake --install /home/rosdev/ros2_ws/build/tf2_py
[2.280s] -- Install configuration: ""
[2.281s] -- Execute custom install script
[2.281s] -- Up-to-date symlink: /home/rosdev/ros2_ws/install/tf2_py/share/tf2_py/environment/pythonpath.sh
[2.281s] -- Up-to-date symlink: /home/rosdev/ros2_ws/install/tf2_py/share/tf2_py/environment/pythonpath.dsv
[2.281s] -- Up-to-date symlink: /home/rosdev/ros2_ws/install/tf2_py/local/lib/python3.10/dist-packages/tf2_py-0.25.7-py3.10.egg-info/PKG-INFO
[2.281s] -- Up-to-date symlink: /home/rosdev/ros2_ws/install/tf2_py/local/lib/python3.10/dist-packages/tf2_py-0.25.7-py3.10.egg-info/SOURCES.txt
[2.281s] -- Up-to-date symlink: /home/rosdev/ros2_ws/install/tf2_py/local/lib/python3.10/dist-packages/tf2_py-0.25.7-py3.10.egg-info/dependency_links.txt
[2.281s] -- Up-to-date symlink: /home/rosdev/ros2_ws/install/tf2_py/local/lib/python3.10/dist-packages/tf2_py-0.25.7-py3.10.egg-info/top_level.txt
[2.281s] -- Up-to-date symlink: /home/rosdev/ros2_ws/install/tf2_py/local/lib/python3.10/dist-packages/tf2_py/__init__.py
[2.281s] -- Up-to-date symlink: /home/rosdev/ros2_ws/install/tf2_py/local/lib/python3.10/dist-packages/tf2_py/_tf2_py.so
[2.281s] -- Up-to-date symlink: /home/rosdev/ros2_ws/install/tf2_py/share/ament_index/resource_index/package_run_dependencies/tf2_py
[2.282s] -- Up-to-date symlink: /home/rosdev/ros2_ws/install/tf2_py/share/ament_index/resource_index/parent_prefix_path/tf2_py
[2.282s] -- Up-to-date symlink: /home/rosdev/ros2_ws/install/tf2_py/share/tf2_py/environment/ament_prefix_path.sh
[2.282s] -- Up-to-date symlink: /home/rosdev/ros2_ws/install/tf2_py/share/tf2_py/environment/ament_prefix_path.dsv
[2.282s] -- Up-to-date symlink: /home/rosdev/ros2_ws/install/tf2_py/share/tf2_py/environment/path.sh
[2.282s] -- Up-to-date symlink: /home/rosdev/ros2_ws/install/tf2_py/share/tf2_py/environment/path.dsv
[2.282s] -- Up-to-date symlink: /home/rosdev/ros2_ws/install/tf2_py/share/tf2_py/local_setup.bash
[2.282s] -- Up-to-date symlink: /home/rosdev/ros2_ws/install/tf2_py/share/tf2_py/local_setup.sh
[2.282s] -- Up-to-date symlink: /home/rosdev/ros2_ws/install/tf2_py/share/tf2_py/local_setup.zsh
[2.282s] -- Up-to-date symlink: /home/rosdev/ros2_ws/install/tf2_py/share/tf2_py/local_setup.dsv
[2.282s] -- Symlinking: /home/rosdev/ros2_ws/install/tf2_py/share/tf2_py/package.dsv
[2.346s] -- Up-to-date symlink: /home/rosdev/ros2_ws/install/tf2_py/share/ament_index/resource_index/packages/tf2_py
[2.346s] -- Up-to-date symlink: /home/rosdev/ros2_ws/install/tf2_py/share/tf2_py/cmake/tf2_pyConfig.cmake
[2.346s] -- Up-to-date symlink: /home/rosdev/ros2_ws/install/tf2_py/share/tf2_py/cmake/tf2_pyConfig-version.cmake
[2.346s] -- Up-to-date symlink: /home/rosdev/ros2_ws/install/tf2_py/share/tf2_py/package.xml
[2.383s] Listing '/home/rosdev/ros2_ws/install/tf2_py/local/lib/python3.10/dist-packages/tf2_py'...
[2.559s] Invoked command in '/home/rosdev/ros2_ws/build/tf2_py' returned '0': AMENT_PREFIX_PATH=/home/rosdev/ros2_ws/install/tf2:${AMENT_PREFIX_PATH} CMAKE_PREFIX_PATH=/home/rosdev/ros2_ws/install/tf2:/opt/ros/humble LD_LIBRARY_PATH=/home/rosdev/ros2_ws/install/tf2/lib:${LD_LIBRARY_PATH} /usr/bin/cmake --install /home/rosdev/ros2_ws/build/tf2_py
