[0.049s] Invoking command in '/home/rosdev/ros2_ws/build/yolo_msgs': CMAKE_PREFIX_PATH=/opt/ros/humble /usr/bin/cmake --build /home/rosdev/ros2_ws/build/yolo_msgs -- -j12 -l12
[0.220s] [  0%] Built target ament_cmake_python_symlink_yolo_msgs
[0.259s] [ 12%] Built target yolo_msgs__rosidl_generator_c
[0.262s] [ 12%] Built target yolo_msgs__cpp
[0.380s] [ 24%] Built target yolo_msgs__rosidl_typesupport_cpp
[0.382s] [ 39%] Built target yolo_msgs__rosidl_typesupport_fastrtps_c
[0.387s] [ 48%] Built target yolo_msgs__rosidl_typesupport_c
[0.395s] [ 60%] Built target yolo_msgs__rosidl_typesupport_introspection_c
[0.403s] [ 72%] Built target yolo_msgs__rosidl_typesupport_fastrtps_cpp
[0.430s] [ 84%] Built target yolo_msgs__rosidl_typesupport_introspection_cpp
[0.494s] [ 84%] Built target yolo_msgs
[0.552s] [ 85%] Built target yolo_msgs__py
[0.619s] [ 96%] Built target yolo_msgs__rosidl_generator_py
[0.684s] running egg_info
[0.690s] [ 97%] Built target yolo_msgs__rosidl_typesupport_fastrtps_c__pyext
[0.693s] writing yolo_msgs.egg-info/PKG-INFO
[0.694s] writing dependency_links to yolo_msgs.egg-info/dependency_links.txt
[0.694s] writing top-level names to yolo_msgs.egg-info/top_level.txt
[0.700s] [ 98%] Built target yolo_msgs__rosidl_typesupport_c__pyext
[0.709s] reading manifest file 'yolo_msgs.egg-info/SOURCES.txt'
[0.718s] [100%] Built target yolo_msgs__rosidl_typesupport_introspection_c__pyext
[0.719s] writing manifest file 'yolo_msgs.egg-info/SOURCES.txt'
[0.821s] [100%] Built target ament_cmake_python_build_yolo_msgs_egg
[0.854s] Invoked command in '/home/rosdev/ros2_ws/build/yolo_msgs' returned '0': CMAKE_PREFIX_PATH=/opt/ros/humble /usr/bin/cmake --build /home/rosdev/ros2_ws/build/yolo_msgs -- -j12 -l12
[0.855s] Invoking command in '/home/rosdev/ros2_ws/build/yolo_msgs': CMAKE_PREFIX_PATH=/opt/ros/humble /usr/bin/cmake --install /home/rosdev/ros2_ws/build/yolo_msgs
[0.874s] -- Install configuration: ""
[0.875s] -- Execute custom install script
[0.881s] -- Up-to-date symlink: /home/rosdev/ros2_ws/install/yolo_msgs/share/ament_index/resource_index/rosidl_interfaces/yolo_msgs
[0.888s] -- Up-to-date symlink: /home/rosdev/ros2_ws/install/yolo_msgs/include/yolo_msgs/yolo_msgs/msg/bounding_box2_d.h
[0.890s] -- Up-to-date symlink: /home/rosdev/ros2_ws/install/yolo_msgs/include/yolo_msgs/yolo_msgs/msg/bounding_box3_d.h
[0.891s] -- Up-to-date symlink: /home/rosdev/ros2_ws/install/yolo_msgs/include/yolo_msgs/yolo_msgs/msg/detail/bounding_box2_d__functions.h
[0.891s] -- Up-to-date symlink: /home/rosdev/ros2_ws/install/yolo_msgs/include/yolo_msgs/yolo_msgs/msg/detail/bounding_box2_d__struct.h
[0.891s] -- Up-to-date symlink: /home/rosdev/ros2_ws/install/yolo_msgs/include/yolo_msgs/yolo_msgs/msg/detail/bounding_box2_d__type_support.h
[0.892s] -- Up-to-date symlink: /home/rosdev/ros2_ws/install/yolo_msgs/include/yolo_msgs/yolo_msgs/msg/detail/bounding_box3_d__functions.h
[0.892s] -- Up-to-date symlink: /home/rosdev/ros2_ws/install/yolo_msgs/include/yolo_msgs/yolo_msgs/msg/detail/bounding_box3_d__struct.h
[0.893s] -- Up-to-date symlink: /home/rosdev/ros2_ws/install/yolo_msgs/include/yolo_msgs/yolo_msgs/msg/detail/bounding_box3_d__type_support.h
[0.894s] -- Up-to-date symlink: /home/rosdev/ros2_ws/install/yolo_msgs/include/yolo_msgs/yolo_msgs/msg/detail/detection__functions.h
[0.896s] -- Up-to-date symlink: /home/rosdev/ros2_ws/install/yolo_msgs/include/yolo_msgs/yolo_msgs/msg/detail/detection__struct.h
[0.896s] -- Up-to-date symlink: /home/rosdev/ros2_ws/install/yolo_msgs/include/yolo_msgs/yolo_msgs/msg/detail/detection__type_support.h
[0.899s] -- Up-to-date symlink: /home/rosdev/ros2_ws/install/yolo_msgs/include/yolo_msgs/yolo_msgs/msg/detail/detection_array__functions.h
[0.900s] -- Up-to-date symlink: /home/rosdev/ros2_ws/install/yolo_msgs/include/yolo_msgs/yolo_msgs/msg/detail/detection_array__struct.h
[0.901s] -- Up-to-date symlink: /home/rosdev/ros2_ws/install/yolo_msgs/include/yolo_msgs/yolo_msgs/msg/detail/detection_array__type_support.h
[0.901s] -- Up-to-date symlink: /home/rosdev/ros2_ws/install/yolo_msgs/include/yolo_msgs/yolo_msgs/msg/detail/key_point2_d__functions.h
[0.901s] -- Up-to-date symlink: /home/rosdev/ros2_ws/install/yolo_msgs/include/yolo_msgs/yolo_msgs/msg/detail/key_point2_d__struct.h
[0.901s] -- Up-to-date symlink: /home/rosdev/ros2_ws/install/yolo_msgs/include/yolo_msgs/yolo_msgs/msg/detail/key_point2_d__type_support.h
[0.902s] -- Up-to-date symlink: /home/rosdev/ros2_ws/install/yolo_msgs/include/yolo_msgs/yolo_msgs/msg/detail/key_point2_d_array__functions.h
[0.903s] -- Up-to-date symlink: /home/rosdev/ros2_ws/install/yolo_msgs/include/yolo_msgs/yolo_msgs/msg/detail/key_point2_d_array__struct.h
[0.903s] -- Up-to-date symlink: /home/rosdev/ros2_ws/install/yolo_msgs/include/yolo_msgs/yolo_msgs/msg/detail/key_point2_d_array__type_support.h
[0.903s] -- Up-to-date symlink: /home/rosdev/ros2_ws/install/yolo_msgs/include/yolo_msgs/yolo_msgs/msg/detail/key_point3_d__functions.h
[0.904s] -- Up-to-date symlink: /home/rosdev/ros2_ws/install/yolo_msgs/include/yolo_msgs/yolo_msgs/msg/detail/key_point3_d__struct.h
[0.904s] -- Up-to-date symlink: /home/rosdev/ros2_ws/install/yolo_msgs/include/yolo_msgs/yolo_msgs/msg/detail/key_point3_d__type_support.h
[0.910s] -- Up-to-date symlink: /home/rosdev/ros2_ws/install/yolo_msgs/include/yolo_msgs/yolo_msgs/msg/detail/key_point3_d_array__functions.h
[0.911s] -- Up-to-date symlink: /home/rosdev/ros2_ws/install/yolo_msgs/include/yolo_msgs/yolo_msgs/msg/detail/key_point3_d_array__struct.h
[0.911s] -- Up-to-date symlink: /home/rosdev/ros2_ws/install/yolo_msgs/include/yolo_msgs/yolo_msgs/msg/detail/key_point3_d_array__type_support.h
[0.911s] -- Up-to-date symlink: /home/rosdev/ros2_ws/install/yolo_msgs/include/yolo_msgs/yolo_msgs/msg/detail/mask__functions.h
[0.911s] -- Up-to-date symlink: /home/rosdev/ros2_ws/install/yolo_msgs/include/yolo_msgs/yolo_msgs/msg/detail/mask__struct.h
[0.911s] -- Up-to-date symlink: /home/rosdev/ros2_ws/install/yolo_msgs/include/yolo_msgs/yolo_msgs/msg/detail/mask__type_support.h
[0.911s] -- Up-to-date symlink: /home/rosdev/ros2_ws/install/yolo_msgs/include/yolo_msgs/yolo_msgs/msg/detail/point2_d__functions.h
[0.911s] -- Up-to-date symlink: /home/rosdev/ros2_ws/install/yolo_msgs/include/yolo_msgs/yolo_msgs/msg/detail/point2_d__struct.h
[0.912s] -- Up-to-date symlink: /home/rosdev/ros2_ws/install/yolo_msgs/include/yolo_msgs/yolo_msgs/msg/detail/point2_d__type_support.h
[0.912s] -- Up-to-date symlink: /home/rosdev/ros2_ws/install/yolo_msgs/include/yolo_msgs/yolo_msgs/msg/detail/pose2_d__functions.h
[0.913s] -- Up-to-date symlink: /home/rosdev/ros2_ws/install/yolo_msgs/include/yolo_msgs/yolo_msgs/msg/detail/pose2_d__struct.h
[0.913s] -- Up-to-date symlink: /home/rosdev/ros2_ws/install/yolo_msgs/include/yolo_msgs/yolo_msgs/msg/detail/pose2_d__type_support.h
[0.914s] -- Up-to-date symlink: /home/rosdev/ros2_ws/install/yolo_msgs/include/yolo_msgs/yolo_msgs/msg/detail/vector2__functions.h
[0.914s] -- Up-to-date symlink: /home/rosdev/ros2_ws/install/yolo_msgs/include/yolo_msgs/yolo_msgs/msg/detail/vector2__struct.h
[0.914s] -- Up-to-date symlink: /home/rosdev/ros2_ws/install/yolo_msgs/include/yolo_msgs/yolo_msgs/msg/detail/vector2__type_support.h
[0.914s] -- Up-to-date symlink: /home/rosdev/ros2_ws/install/yolo_msgs/include/yolo_msgs/yolo_msgs/msg/detection.h
[0.914s] -- Up-to-date symlink: /home/rosdev/ros2_ws/install/yolo_msgs/include/yolo_msgs/yolo_msgs/msg/detection_array.h
[0.914s] -- Up-to-date symlink: /home/rosdev/ros2_ws/install/yolo_msgs/include/yolo_msgs/yolo_msgs/msg/key_point2_d.h
[0.915s] -- Up-to-date symlink: /home/rosdev/ros2_ws/install/yolo_msgs/include/yolo_msgs/yolo_msgs/msg/key_point2_d_array.h
[0.915s] -- Up-to-date symlink: /home/rosdev/ros2_ws/install/yolo_msgs/include/yolo_msgs/yolo_msgs/msg/key_point3_d.h
[0.915s] -- Up-to-date symlink: /home/rosdev/ros2_ws/install/yolo_msgs/include/yolo_msgs/yolo_msgs/msg/key_point3_d_array.h
[0.915s] -- Up-to-date symlink: /home/rosdev/ros2_ws/install/yolo_msgs/include/yolo_msgs/yolo_msgs/msg/mask.h
[0.915s] -- Up-to-date symlink: /home/rosdev/ros2_ws/install/yolo_msgs/include/yolo_msgs/yolo_msgs/msg/point2_d.h
[0.915s] -- Up-to-date symlink: /home/rosdev/ros2_ws/install/yolo_msgs/include/yolo_msgs/yolo_msgs/msg/pose2_d.h
[0.916s] -- Up-to-date symlink: /home/rosdev/ros2_ws/install/yolo_msgs/include/yolo_msgs/yolo_msgs/msg/rosidl_generator_c__visibility_control.h
[0.916s] -- Up-to-date symlink: /home/rosdev/ros2_ws/install/yolo_msgs/include/yolo_msgs/yolo_msgs/msg/vector2.h
[0.916s] -- Up-to-date symlink: /home/rosdev/ros2_ws/install/yolo_msgs/include/yolo_msgs/yolo_msgs/srv/detail/set_classes__functions.h
[0.916s] -- Up-to-date symlink: /home/rosdev/ros2_ws/install/yolo_msgs/include/yolo_msgs/yolo_msgs/srv/detail/set_classes__struct.h
[0.916s] -- Up-to-date symlink: /home/rosdev/ros2_ws/install/yolo_msgs/include/yolo_msgs/yolo_msgs/srv/detail/set_classes__type_support.h
[0.916s] -- Up-to-date symlink: /home/rosdev/ros2_ws/install/yolo_msgs/include/yolo_msgs/yolo_msgs/srv/set_classes.h
[0.916s] -- Up-to-date symlink: /home/rosdev/ros2_ws/install/yolo_msgs/share/yolo_msgs/environment/library_path.sh
[0.916s] -- Up-to-date symlink: /home/rosdev/ros2_ws/install/yolo_msgs/share/yolo_msgs/environment/library_path.dsv
[0.918s] -- Up-to-date symlink: /home/rosdev/ros2_ws/install/yolo_msgs/include/yolo_msgs/yolo_msgs/msg/detail/bounding_box2_d__rosidl_typesupport_fastrtps_c.h
[0.920s] -- Up-to-date symlink: /home/rosdev/ros2_ws/install/yolo_msgs/include/yolo_msgs/yolo_msgs/msg/detail/bounding_box3_d__rosidl_typesupport_fastrtps_c.h
[0.920s] -- Up-to-date symlink: /home/rosdev/ros2_ws/install/yolo_msgs/include/yolo_msgs/yolo_msgs/msg/detail/detection__rosidl_typesupport_fastrtps_c.h
[0.920s] -- Up-to-date symlink: /home/rosdev/ros2_ws/install/yolo_msgs/include/yolo_msgs/yolo_msgs/msg/detail/detection_array__rosidl_typesupport_fastrtps_c.h
[0.921s] -- Up-to-date symlink: /home/rosdev/ros2_ws/install/yolo_msgs/include/yolo_msgs/yolo_msgs/msg/detail/key_point2_d__rosidl_typesupport_fastrtps_c.h
[0.921s] -- Up-to-date symlink: /home/rosdev/ros2_ws/install/yolo_msgs/include/yolo_msgs/yolo_msgs/msg/detail/key_point2_d_array__rosidl_typesupport_fastrtps_c.h
[0.921s] -- Up-to-date symlink: /home/rosdev/ros2_ws/install/yolo_msgs/include/yolo_msgs/yolo_msgs/msg/detail/key_point3_d__rosidl_typesupport_fastrtps_c.h
[0.921s] -- Up-to-date symlink: /home/rosdev/ros2_ws/install/yolo_msgs/include/yolo_msgs/yolo_msgs/msg/detail/key_point3_d_array__rosidl_typesupport_fastrtps_c.h
[0.922s] -- Up-to-date symlink: /home/rosdev/ros2_ws/install/yolo_msgs/include/yolo_msgs/yolo_msgs/msg/detail/mask__rosidl_typesupport_fastrtps_c.h
[0.922s] -- Up-to-date symlink: /home/rosdev/ros2_ws/install/yolo_msgs/include/yolo_msgs/yolo_msgs/msg/detail/point2_d__rosidl_typesupport_fastrtps_c.h
[0.923s] -- Up-to-date symlink: /home/rosdev/ros2_ws/install/yolo_msgs/include/yolo_msgs/yolo_msgs/msg/detail/pose2_d__rosidl_typesupport_fastrtps_c.h
[0.938s] -- Up-to-date symlink: /home/rosdev/ros2_ws/install/yolo_msgs/include/yolo_msgs/yolo_msgs/msg/detail/vector2__rosidl_typesupport_fastrtps_c.h
[0.938s] -- Up-to-date symlink: /home/rosdev/ros2_ws/install/yolo_msgs/include/yolo_msgs/yolo_msgs/msg/rosidl_typesupport_fastrtps_c__visibility_control.h
[0.939s] -- Up-to-date symlink: /home/rosdev/ros2_ws/install/yolo_msgs/include/yolo_msgs/yolo_msgs/srv/detail/set_classes__rosidl_typesupport_fastrtps_c.h
[0.939s] -- Up-to-date symlink: /home/rosdev/ros2_ws/install/yolo_msgs/include/yolo_msgs/yolo_msgs/msg/detail/bounding_box2_d__rosidl_typesupport_introspection_c.h
[0.939s] -- Up-to-date symlink: /home/rosdev/ros2_ws/install/yolo_msgs/include/yolo_msgs/yolo_msgs/msg/detail/bounding_box3_d__rosidl_typesupport_introspection_c.h
[0.939s] -- Up-to-date symlink: /home/rosdev/ros2_ws/install/yolo_msgs/include/yolo_msgs/yolo_msgs/msg/detail/detection__rosidl_typesupport_introspection_c.h
[0.940s] -- Up-to-date symlink: /home/rosdev/ros2_ws/install/yolo_msgs/include/yolo_msgs/yolo_msgs/msg/detail/detection_array__rosidl_typesupport_introspection_c.h
[0.940s] -- Up-to-date symlink: /home/rosdev/ros2_ws/install/yolo_msgs/include/yolo_msgs/yolo_msgs/msg/detail/key_point2_d__rosidl_typesupport_introspection_c.h
[0.940s] -- Up-to-date symlink: /home/rosdev/ros2_ws/install/yolo_msgs/include/yolo_msgs/yolo_msgs/msg/detail/key_point2_d_array__rosidl_typesupport_introspection_c.h
[0.940s] -- Up-to-date symlink: /home/rosdev/ros2_ws/install/yolo_msgs/include/yolo_msgs/yolo_msgs/msg/detail/key_point3_d__rosidl_typesupport_introspection_c.h
[0.940s] -- Up-to-date symlink: /home/rosdev/ros2_ws/install/yolo_msgs/include/yolo_msgs/yolo_msgs/msg/detail/key_point3_d_array__rosidl_typesupport_introspection_c.h
[0.940s] -- Up-to-date symlink: /home/rosdev/ros2_ws/install/yolo_msgs/include/yolo_msgs/yolo_msgs/msg/detail/mask__rosidl_typesupport_introspection_c.h
[0.941s] -- Up-to-date symlink: /home/rosdev/ros2_ws/install/yolo_msgs/include/yolo_msgs/yolo_msgs/msg/detail/point2_d__rosidl_typesupport_introspection_c.h
[0.941s] -- Up-to-date symlink: /home/rosdev/ros2_ws/install/yolo_msgs/include/yolo_msgs/yolo_msgs/msg/detail/pose2_d__rosidl_typesupport_introspection_c.h
[0.941s] -- Up-to-date symlink: /home/rosdev/ros2_ws/install/yolo_msgs/include/yolo_msgs/yolo_msgs/msg/detail/vector2__rosidl_typesupport_introspection_c.h
[0.943s] -- Up-to-date symlink: /home/rosdev/ros2_ws/install/yolo_msgs/include/yolo_msgs/yolo_msgs/msg/rosidl_typesupport_introspection_c__visibility_control.h
[0.943s] -- Up-to-date symlink: /home/rosdev/ros2_ws/install/yolo_msgs/include/yolo_msgs/yolo_msgs/srv/detail/set_classes__rosidl_typesupport_introspection_c.h
[0.947s] -- Up-to-date symlink: /home/rosdev/ros2_ws/install/yolo_msgs/include/yolo_msgs/yolo_msgs/msg/bounding_box2_d.hpp
[0.947s] -- Up-to-date symlink: /home/rosdev/ros2_ws/install/yolo_msgs/include/yolo_msgs/yolo_msgs/msg/bounding_box3_d.hpp
[0.947s] -- Up-to-date symlink: /home/rosdev/ros2_ws/install/yolo_msgs/include/yolo_msgs/yolo_msgs/msg/detail/bounding_box2_d__builder.hpp
[0.947s] -- Up-to-date symlink: /home/rosdev/ros2_ws/install/yolo_msgs/include/yolo_msgs/yolo_msgs/msg/detail/bounding_box2_d__struct.hpp
[0.947s] -- Up-to-date symlink: /home/rosdev/ros2_ws/install/yolo_msgs/include/yolo_msgs/yolo_msgs/msg/detail/bounding_box2_d__traits.hpp
[0.948s] -- Up-to-date symlink: /home/rosdev/ros2_ws/install/yolo_msgs/include/yolo_msgs/yolo_msgs/msg/detail/bounding_box2_d__type_support.hpp
[0.948s] -- Up-to-date symlink: /home/rosdev/ros2_ws/install/yolo_msgs/include/yolo_msgs/yolo_msgs/msg/detail/bounding_box3_d__builder.hpp
[0.949s] -- Up-to-date symlink: /home/rosdev/ros2_ws/install/yolo_msgs/include/yolo_msgs/yolo_msgs/msg/detail/bounding_box3_d__struct.hpp
[0.950s] -- Up-to-date symlink: /home/rosdev/ros2_ws/install/yolo_msgs/include/yolo_msgs/yolo_msgs/msg/detail/bounding_box3_d__traits.hpp
[0.951s] -- Up-to-date symlink: /home/rosdev/ros2_ws/install/yolo_msgs/include/yolo_msgs/yolo_msgs/msg/detail/bounding_box3_d__type_support.hpp
[0.951s] -- Up-to-date symlink: /home/rosdev/ros2_ws/install/yolo_msgs/include/yolo_msgs/yolo_msgs/msg/detail/detection__builder.hpp
[0.953s] -- Up-to-date symlink: /home/rosdev/ros2_ws/install/yolo_msgs/include/yolo_msgs/yolo_msgs/msg/detail/detection__struct.hpp
[0.953s] -- Up-to-date symlink: /home/rosdev/ros2_ws/install/yolo_msgs/include/yolo_msgs/yolo_msgs/msg/detail/detection__traits.hpp
[0.953s] -- Up-to-date symlink: /home/rosdev/ros2_ws/install/yolo_msgs/include/yolo_msgs/yolo_msgs/msg/detail/detection__type_support.hpp
[0.953s] -- Up-to-date symlink: /home/rosdev/ros2_ws/install/yolo_msgs/include/yolo_msgs/yolo_msgs/msg/detail/detection_array__builder.hpp
[0.953s] -- Up-to-date symlink: /home/rosdev/ros2_ws/install/yolo_msgs/include/yolo_msgs/yolo_msgs/msg/detail/detection_array__struct.hpp
[0.953s] -- Up-to-date symlink: /home/rosdev/ros2_ws/install/yolo_msgs/include/yolo_msgs/yolo_msgs/msg/detail/detection_array__traits.hpp
[0.954s] -- Up-to-date symlink: /home/rosdev/ros2_ws/install/yolo_msgs/include/yolo_msgs/yolo_msgs/msg/detail/detection_array__type_support.hpp
[0.954s] -- Up-to-date symlink: /home/rosdev/ros2_ws/install/yolo_msgs/include/yolo_msgs/yolo_msgs/msg/detail/key_point2_d__builder.hpp
[0.954s] -- Up-to-date symlink: /home/rosdev/ros2_ws/install/yolo_msgs/include/yolo_msgs/yolo_msgs/msg/detail/key_point2_d__struct.hpp
[0.954s] -- Up-to-date symlink: /home/rosdev/ros2_ws/install/yolo_msgs/include/yolo_msgs/yolo_msgs/msg/detail/key_point2_d__traits.hpp
[0.955s] -- Up-to-date symlink: /home/rosdev/ros2_ws/install/yolo_msgs/include/yolo_msgs/yolo_msgs/msg/detail/key_point2_d__type_support.hpp
[0.955s] -- Up-to-date symlink: /home/rosdev/ros2_ws/install/yolo_msgs/include/yolo_msgs/yolo_msgs/msg/detail/key_point2_d_array__builder.hpp
[0.955s] -- Up-to-date symlink: /home/rosdev/ros2_ws/install/yolo_msgs/include/yolo_msgs/yolo_msgs/msg/detail/key_point2_d_array__struct.hpp
[0.955s] -- Up-to-date symlink: /home/rosdev/ros2_ws/install/yolo_msgs/include/yolo_msgs/yolo_msgs/msg/detail/key_point2_d_array__traits.hpp
[0.955s] -- Up-to-date symlink: /home/rosdev/ros2_ws/install/yolo_msgs/include/yolo_msgs/yolo_msgs/msg/detail/key_point2_d_array__type_support.hpp
[0.956s] -- Up-to-date symlink: /home/rosdev/ros2_ws/install/yolo_msgs/include/yolo_msgs/yolo_msgs/msg/detail/key_point3_d__builder.hpp
[0.956s] -- Up-to-date symlink: /home/rosdev/ros2_ws/install/yolo_msgs/include/yolo_msgs/yolo_msgs/msg/detail/key_point3_d__struct.hpp
[0.956s] -- Up-to-date symlink: /home/rosdev/ros2_ws/install/yolo_msgs/include/yolo_msgs/yolo_msgs/msg/detail/key_point3_d__traits.hpp
[0.956s] -- Up-to-date symlink: /home/rosdev/ros2_ws/install/yolo_msgs/include/yolo_msgs/yolo_msgs/msg/detail/key_point3_d__type_support.hpp
[0.956s] -- Up-to-date symlink: /home/rosdev/ros2_ws/install/yolo_msgs/include/yolo_msgs/yolo_msgs/msg/detail/key_point3_d_array__builder.hpp
[0.956s] -- Up-to-date symlink: /home/rosdev/ros2_ws/install/yolo_msgs/include/yolo_msgs/yolo_msgs/msg/detail/key_point3_d_array__struct.hpp
[0.956s] -- Up-to-date symlink: /home/rosdev/ros2_ws/install/yolo_msgs/include/yolo_msgs/yolo_msgs/msg/detail/key_point3_d_array__traits.hpp
[0.958s] -- Up-to-date symlink: /home/rosdev/ros2_ws/install/yolo_msgs/include/yolo_msgs/yolo_msgs/msg/detail/key_point3_d_array__type_support.hpp
[0.958s] -- Up-to-date symlink: /home/rosdev/ros2_ws/install/yolo_msgs/include/yolo_msgs/yolo_msgs/msg/detail/mask__builder.hpp
[0.959s] -- Up-to-date symlink: /home/rosdev/ros2_ws/install/yolo_msgs/include/yolo_msgs/yolo_msgs/msg/detail/mask__struct.hpp
[0.960s] -- Up-to-date symlink: /home/rosdev/ros2_ws/install/yolo_msgs/include/yolo_msgs/yolo_msgs/msg/detail/mask__traits.hpp
[0.960s] -- Up-to-date symlink: /home/rosdev/ros2_ws/install/yolo_msgs/include/yolo_msgs/yolo_msgs/msg/detail/mask__type_support.hpp
[0.960s] -- Up-to-date symlink: /home/rosdev/ros2_ws/install/yolo_msgs/include/yolo_msgs/yolo_msgs/msg/detail/point2_d__builder.hpp
[0.961s] -- Up-to-date symlink: /home/rosdev/ros2_ws/install/yolo_msgs/include/yolo_msgs/yolo_msgs/msg/detail/point2_d__struct.hpp
[0.961s] -- Up-to-date symlink: /home/rosdev/ros2_ws/install/yolo_msgs/include/yolo_msgs/yolo_msgs/msg/detail/point2_d__traits.hpp
[0.961s] -- Up-to-date symlink: /home/rosdev/ros2_ws/install/yolo_msgs/include/yolo_msgs/yolo_msgs/msg/detail/point2_d__type_support.hpp
[0.962s] -- Up-to-date symlink: /home/rosdev/ros2_ws/install/yolo_msgs/include/yolo_msgs/yolo_msgs/msg/detail/pose2_d__builder.hpp
[0.962s] -- Up-to-date symlink: /home/rosdev/ros2_ws/install/yolo_msgs/include/yolo_msgs/yolo_msgs/msg/detail/pose2_d__struct.hpp
[0.964s] -- Up-to-date symlink: /home/rosdev/ros2_ws/install/yolo_msgs/include/yolo_msgs/yolo_msgs/msg/detail/pose2_d__traits.hpp
[0.965s] -- Up-to-date symlink: /home/rosdev/ros2_ws/install/yolo_msgs/include/yolo_msgs/yolo_msgs/msg/detail/pose2_d__type_support.hpp
[0.965s] -- Up-to-date symlink: /home/rosdev/ros2_ws/install/yolo_msgs/include/yolo_msgs/yolo_msgs/msg/detail/vector2__builder.hpp
[0.965s] -- Up-to-date symlink: /home/rosdev/ros2_ws/install/yolo_msgs/include/yolo_msgs/yolo_msgs/msg/detail/vector2__struct.hpp
[0.967s] -- Up-to-date symlink: /home/rosdev/ros2_ws/install/yolo_msgs/include/yolo_msgs/yolo_msgs/msg/detail/vector2__traits.hpp
[0.968s] -- Up-to-date symlink: /home/rosdev/ros2_ws/install/yolo_msgs/include/yolo_msgs/yolo_msgs/msg/detail/vector2__type_support.hpp
[0.968s] -- Up-to-date symlink: /home/rosdev/ros2_ws/install/yolo_msgs/include/yolo_msgs/yolo_msgs/msg/detection.hpp
[0.968s] -- Up-to-date symlink: /home/rosdev/ros2_ws/install/yolo_msgs/include/yolo_msgs/yolo_msgs/msg/detection_array.hpp
[0.969s] -- Up-to-date symlink: /home/rosdev/ros2_ws/install/yolo_msgs/include/yolo_msgs/yolo_msgs/msg/key_point2_d.hpp
[0.969s] -- Up-to-date symlink: /home/rosdev/ros2_ws/install/yolo_msgs/include/yolo_msgs/yolo_msgs/msg/key_point2_d_array.hpp
[0.970s] -- Up-to-date symlink: /home/rosdev/ros2_ws/install/yolo_msgs/include/yolo_msgs/yolo_msgs/msg/key_point3_d.hpp
[0.970s] -- Up-to-date symlink: /home/rosdev/ros2_ws/install/yolo_msgs/include/yolo_msgs/yolo_msgs/msg/key_point3_d_array.hpp
[0.971s] -- Up-to-date symlink: /home/rosdev/ros2_ws/install/yolo_msgs/include/yolo_msgs/yolo_msgs/msg/mask.hpp
[0.971s] -- Up-to-date symlink: /home/rosdev/ros2_ws/install/yolo_msgs/include/yolo_msgs/yolo_msgs/msg/point2_d.hpp
[0.971s] -- Up-to-date symlink: /home/rosdev/ros2_ws/install/yolo_msgs/include/yolo_msgs/yolo_msgs/msg/pose2_d.hpp
[0.971s] -- Up-to-date symlink: /home/rosdev/ros2_ws/install/yolo_msgs/include/yolo_msgs/yolo_msgs/msg/rosidl_generator_cpp__visibility_control.hpp
[0.972s] -- Up-to-date symlink: /home/rosdev/ros2_ws/install/yolo_msgs/include/yolo_msgs/yolo_msgs/msg/vector2.hpp
[0.972s] -- Up-to-date symlink: /home/rosdev/ros2_ws/install/yolo_msgs/include/yolo_msgs/yolo_msgs/srv/detail/set_classes__builder.hpp
[0.972s] -- Up-to-date symlink: /home/rosdev/ros2_ws/install/yolo_msgs/include/yolo_msgs/yolo_msgs/srv/detail/set_classes__struct.hpp
[0.972s] -- Up-to-date symlink: /home/rosdev/ros2_ws/install/yolo_msgs/include/yolo_msgs/yolo_msgs/srv/detail/set_classes__traits.hpp
[0.973s] -- Up-to-date symlink: /home/rosdev/ros2_ws/install/yolo_msgs/include/yolo_msgs/yolo_msgs/srv/detail/set_classes__type_support.hpp
[0.973s] -- Up-to-date symlink: /home/rosdev/ros2_ws/install/yolo_msgs/include/yolo_msgs/yolo_msgs/srv/set_classes.hpp
[0.973s] -- Up-to-date symlink: /home/rosdev/ros2_ws/install/yolo_msgs/include/yolo_msgs/yolo_msgs/msg/detail/bounding_box2_d__rosidl_typesupport_fastrtps_cpp.hpp
[0.973s] -- Up-to-date symlink: /home/rosdev/ros2_ws/install/yolo_msgs/include/yolo_msgs/yolo_msgs/msg/detail/bounding_box3_d__rosidl_typesupport_fastrtps_cpp.hpp
[0.973s] -- Up-to-date symlink: /home/rosdev/ros2_ws/install/yolo_msgs/include/yolo_msgs/yolo_msgs/msg/detail/detection__rosidl_typesupport_fastrtps_cpp.hpp
[0.973s] -- Up-to-date symlink: /home/rosdev/ros2_ws/install/yolo_msgs/include/yolo_msgs/yolo_msgs/msg/detail/detection_array__rosidl_typesupport_fastrtps_cpp.hpp
[0.973s] -- Up-to-date symlink: /home/rosdev/ros2_ws/install/yolo_msgs/include/yolo_msgs/yolo_msgs/msg/detail/key_point2_d__rosidl_typesupport_fastrtps_cpp.hpp
[0.973s] -- Up-to-date symlink: /home/rosdev/ros2_ws/install/yolo_msgs/include/yolo_msgs/yolo_msgs/msg/detail/key_point2_d_array__rosidl_typesupport_fastrtps_cpp.hpp
[0.973s] -- Up-to-date symlink: /home/rosdev/ros2_ws/install/yolo_msgs/include/yolo_msgs/yolo_msgs/msg/detail/key_point3_d__rosidl_typesupport_fastrtps_cpp.hpp
[0.973s] -- Up-to-date symlink: /home/rosdev/ros2_ws/install/yolo_msgs/include/yolo_msgs/yolo_msgs/msg/detail/key_point3_d_array__rosidl_typesupport_fastrtps_cpp.hpp
[0.973s] -- Up-to-date symlink: /home/rosdev/ros2_ws/install/yolo_msgs/include/yolo_msgs/yolo_msgs/msg/detail/mask__rosidl_typesupport_fastrtps_cpp.hpp
[0.974s] -- Up-to-date symlink: /home/rosdev/ros2_ws/install/yolo_msgs/include/yolo_msgs/yolo_msgs/msg/detail/point2_d__rosidl_typesupport_fastrtps_cpp.hpp
[0.974s] -- Up-to-date symlink: /home/rosdev/ros2_ws/install/yolo_msgs/include/yolo_msgs/yolo_msgs/msg/detail/pose2_d__rosidl_typesupport_fastrtps_cpp.hpp
[0.974s] -- Up-to-date symlink: /home/rosdev/ros2_ws/install/yolo_msgs/include/yolo_msgs/yolo_msgs/msg/detail/vector2__rosidl_typesupport_fastrtps_cpp.hpp
[0.974s] -- Up-to-date symlink: /home/rosdev/ros2_ws/install/yolo_msgs/include/yolo_msgs/yolo_msgs/msg/rosidl_typesupport_fastrtps_cpp__visibility_control.h
[0.974s] -- Up-to-date symlink: /home/rosdev/ros2_ws/install/yolo_msgs/include/yolo_msgs/yolo_msgs/srv/detail/set_classes__rosidl_typesupport_fastrtps_cpp.hpp
[0.975s] -- Up-to-date symlink: /home/rosdev/ros2_ws/install/yolo_msgs/include/yolo_msgs/yolo_msgs/msg/detail/bounding_box2_d__rosidl_typesupport_introspection_cpp.hpp
[0.975s] -- Up-to-date symlink: /home/rosdev/ros2_ws/install/yolo_msgs/include/yolo_msgs/yolo_msgs/msg/detail/bounding_box3_d__rosidl_typesupport_introspection_cpp.hpp
[0.975s] -- Up-to-date symlink: /home/rosdev/ros2_ws/install/yolo_msgs/include/yolo_msgs/yolo_msgs/msg/detail/detection__rosidl_typesupport_introspection_cpp.hpp
[0.975s] -- Up-to-date symlink: /home/rosdev/ros2_ws/install/yolo_msgs/include/yolo_msgs/yolo_msgs/msg/detail/detection_array__rosidl_typesupport_introspection_cpp.hpp
[0.975s] -- Up-to-date symlink: /home/rosdev/ros2_ws/install/yolo_msgs/include/yolo_msgs/yolo_msgs/msg/detail/key_point2_d__rosidl_typesupport_introspection_cpp.hpp
[0.975s] -- Up-to-date symlink: /home/rosdev/ros2_ws/install/yolo_msgs/include/yolo_msgs/yolo_msgs/msg/detail/key_point2_d_array__rosidl_typesupport_introspection_cpp.hpp
[0.975s] -- Up-to-date symlink: /home/rosdev/ros2_ws/install/yolo_msgs/include/yolo_msgs/yolo_msgs/msg/detail/key_point3_d__rosidl_typesupport_introspection_cpp.hpp
[0.975s] -- Up-to-date symlink: /home/rosdev/ros2_ws/install/yolo_msgs/include/yolo_msgs/yolo_msgs/msg/detail/key_point3_d_array__rosidl_typesupport_introspection_cpp.hpp
[0.975s] -- Up-to-date symlink: /home/rosdev/ros2_ws/install/yolo_msgs/include/yolo_msgs/yolo_msgs/msg/detail/mask__rosidl_typesupport_introspection_cpp.hpp
[0.975s] -- Up-to-date symlink: /home/rosdev/ros2_ws/install/yolo_msgs/include/yolo_msgs/yolo_msgs/msg/detail/point2_d__rosidl_typesupport_introspection_cpp.hpp
[0.976s] -- Up-to-date symlink: /home/rosdev/ros2_ws/install/yolo_msgs/include/yolo_msgs/yolo_msgs/msg/detail/pose2_d__rosidl_typesupport_introspection_cpp.hpp
[0.977s] -- Up-to-date symlink: /home/rosdev/ros2_ws/install/yolo_msgs/include/yolo_msgs/yolo_msgs/msg/detail/vector2__rosidl_typesupport_introspection_cpp.hpp
[0.978s] -- Up-to-date symlink: /home/rosdev/ros2_ws/install/yolo_msgs/include/yolo_msgs/yolo_msgs/srv/detail/set_classes__rosidl_typesupport_introspection_cpp.hpp
[0.978s] -- Up-to-date symlink: /home/rosdev/ros2_ws/install/yolo_msgs/share/yolo_msgs/environment/pythonpath.sh
[0.978s] -- Up-to-date symlink: /home/rosdev/ros2_ws/install/yolo_msgs/share/yolo_msgs/environment/pythonpath.dsv
[0.978s] -- Up-to-date symlink: /home/rosdev/ros2_ws/install/yolo_msgs/local/lib/python3.10/dist-packages/yolo_msgs-4.2.0-py3.10.egg-info/PKG-INFO
[0.978s] -- Up-to-date symlink: /home/rosdev/ros2_ws/install/yolo_msgs/local/lib/python3.10/dist-packages/yolo_msgs-4.2.0-py3.10.egg-info/SOURCES.txt
[0.979s] -- Up-to-date symlink: /home/rosdev/ros2_ws/install/yolo_msgs/local/lib/python3.10/dist-packages/yolo_msgs-4.2.0-py3.10.egg-info/dependency_links.txt
[0.979s] -- Up-to-date symlink: /home/rosdev/ros2_ws/install/yolo_msgs/local/lib/python3.10/dist-packages/yolo_msgs-4.2.0-py3.10.egg-info/top_level.txt
[0.979s] -- Up-to-date symlink: /home/rosdev/ros2_ws/install/yolo_msgs/local/lib/python3.10/dist-packages/yolo_msgs/__init__.py
[0.979s] -- Up-to-date symlink: /home/rosdev/ros2_ws/install/yolo_msgs/local/lib/python3.10/dist-packages/yolo_msgs/_yolo_msgs_s.ep.rosidl_typesupport_c.c
[0.979s] -- Up-to-date symlink: /home/rosdev/ros2_ws/install/yolo_msgs/local/lib/python3.10/dist-packages/yolo_msgs/_yolo_msgs_s.ep.rosidl_typesupport_fastrtps_c.c
[0.983s] -- Up-to-date symlink: /home/rosdev/ros2_ws/install/yolo_msgs/local/lib/python3.10/dist-packages/yolo_msgs/_yolo_msgs_s.ep.rosidl_typesupport_introspection_c.c
[0.983s] -- Up-to-date symlink: /home/rosdev/ros2_ws/install/yolo_msgs/local/lib/python3.10/dist-packages/yolo_msgs/libyolo_msgs__rosidl_generator_py.so
[0.984s] -- Up-to-date symlink: /home/rosdev/ros2_ws/install/yolo_msgs/local/lib/python3.10/dist-packages/yolo_msgs/msg/__init__.py
[0.984s] -- Up-to-date symlink: /home/rosdev/ros2_ws/install/yolo_msgs/local/lib/python3.10/dist-packages/yolo_msgs/msg/_bounding_box2_d.py
[0.984s] -- Up-to-date symlink: /home/rosdev/ros2_ws/install/yolo_msgs/local/lib/python3.10/dist-packages/yolo_msgs/msg/_bounding_box2_d_s.c
[0.985s] -- Up-to-date symlink: /home/rosdev/ros2_ws/install/yolo_msgs/local/lib/python3.10/dist-packages/yolo_msgs/msg/_bounding_box3_d.py
[0.985s] -- Up-to-date symlink: /home/rosdev/ros2_ws/install/yolo_msgs/local/lib/python3.10/dist-packages/yolo_msgs/msg/_bounding_box3_d_s.c
[0.986s] -- Up-to-date symlink: /home/rosdev/ros2_ws/install/yolo_msgs/local/lib/python3.10/dist-packages/yolo_msgs/msg/_detection.py
[0.986s] -- Up-to-date symlink: /home/rosdev/ros2_ws/install/yolo_msgs/local/lib/python3.10/dist-packages/yolo_msgs/msg/_detection_array.py
[0.986s] -- Up-to-date symlink: /home/rosdev/ros2_ws/install/yolo_msgs/local/lib/python3.10/dist-packages/yolo_msgs/msg/_detection_array_s.c
[0.986s] -- Up-to-date symlink: /home/rosdev/ros2_ws/install/yolo_msgs/local/lib/python3.10/dist-packages/yolo_msgs/msg/_detection_s.c
[0.986s] -- Up-to-date symlink: /home/rosdev/ros2_ws/install/yolo_msgs/local/lib/python3.10/dist-packages/yolo_msgs/msg/_key_point2_d.py
[0.986s] -- Up-to-date symlink: /home/rosdev/ros2_ws/install/yolo_msgs/local/lib/python3.10/dist-packages/yolo_msgs/msg/_key_point2_d_array.py
[0.987s] -- Up-to-date symlink: /home/rosdev/ros2_ws/install/yolo_msgs/local/lib/python3.10/dist-packages/yolo_msgs/msg/_key_point2_d_array_s.c
[0.987s] -- Up-to-date symlink: /home/rosdev/ros2_ws/install/yolo_msgs/local/lib/python3.10/dist-packages/yolo_msgs/msg/_key_point2_d_s.c
[0.987s] -- Up-to-date symlink: /home/rosdev/ros2_ws/install/yolo_msgs/local/lib/python3.10/dist-packages/yolo_msgs/msg/_key_point3_d.py
[0.987s] -- Up-to-date symlink: /home/rosdev/ros2_ws/install/yolo_msgs/local/lib/python3.10/dist-packages/yolo_msgs/msg/_key_point3_d_array.py
[0.987s] -- Up-to-date symlink: /home/rosdev/ros2_ws/install/yolo_msgs/local/lib/python3.10/dist-packages/yolo_msgs/msg/_key_point3_d_array_s.c
[0.987s] -- Up-to-date symlink: /home/rosdev/ros2_ws/install/yolo_msgs/local/lib/python3.10/dist-packages/yolo_msgs/msg/_key_point3_d_s.c
[0.987s] -- Up-to-date symlink: /home/rosdev/ros2_ws/install/yolo_msgs/local/lib/python3.10/dist-packages/yolo_msgs/msg/_mask.py
[0.987s] -- Up-to-date symlink: /home/rosdev/ros2_ws/install/yolo_msgs/local/lib/python3.10/dist-packages/yolo_msgs/msg/_mask_s.c
[0.987s] -- Up-to-date symlink: /home/rosdev/ros2_ws/install/yolo_msgs/local/lib/python3.10/dist-packages/yolo_msgs/msg/_point2_d.py
[0.987s] -- Up-to-date symlink: /home/rosdev/ros2_ws/install/yolo_msgs/local/lib/python3.10/dist-packages/yolo_msgs/msg/_point2_d_s.c
[0.987s] -- Up-to-date symlink: /home/rosdev/ros2_ws/install/yolo_msgs/local/lib/python3.10/dist-packages/yolo_msgs/msg/_pose2_d.py
[0.987s] -- Up-to-date symlink: /home/rosdev/ros2_ws/install/yolo_msgs/local/lib/python3.10/dist-packages/yolo_msgs/msg/_pose2_d_s.c
[0.988s] -- Up-to-date symlink: /home/rosdev/ros2_ws/install/yolo_msgs/local/lib/python3.10/dist-packages/yolo_msgs/msg/_vector2.py
[0.988s] -- Up-to-date symlink: /home/rosdev/ros2_ws/install/yolo_msgs/local/lib/python3.10/dist-packages/yolo_msgs/msg/_vector2_s.c
[0.988s] -- Up-to-date symlink: /home/rosdev/ros2_ws/install/yolo_msgs/local/lib/python3.10/dist-packages/yolo_msgs/srv/__init__.py
[0.988s] -- Up-to-date symlink: /home/rosdev/ros2_ws/install/yolo_msgs/local/lib/python3.10/dist-packages/yolo_msgs/srv/_set_classes.py
[0.988s] -- Up-to-date symlink: /home/rosdev/ros2_ws/install/yolo_msgs/local/lib/python3.10/dist-packages/yolo_msgs/srv/_set_classes_s.c
[0.988s] -- Up-to-date symlink: /home/rosdev/ros2_ws/install/yolo_msgs/local/lib/python3.10/dist-packages/yolo_msgs/yolo_msgs_s__rosidl_typesupport_c.cpython-310-aarch64-linux-gnu.so
[0.988s] -- Up-to-date symlink: /home/rosdev/ros2_ws/install/yolo_msgs/local/lib/python3.10/dist-packages/yolo_msgs/yolo_msgs_s__rosidl_typesupport_fastrtps_c.cpython-310-aarch64-linux-gnu.so
[0.988s] -- Up-to-date symlink: /home/rosdev/ros2_ws/install/yolo_msgs/local/lib/python3.10/dist-packages/yolo_msgs/yolo_msgs_s__rosidl_typesupport_introspection_c.cpython-310-aarch64-linux-gnu.so
[0.988s] -- Up-to-date symlink: /home/rosdev/ros2_ws/install/yolo_msgs/local/lib/python3.10/dist-packages/yolo_msgs/yolo_msgs_s__rosidl_typesupport_fastrtps_c.cpython-310-aarch64-linux-gnu.so
[0.989s] -- Up-to-date symlink: /home/rosdev/ros2_ws/install/yolo_msgs/local/lib/python3.10/dist-packages/yolo_msgs/yolo_msgs_s__rosidl_typesupport_introspection_c.cpython-310-aarch64-linux-gnu.so
[0.989s] -- Up-to-date symlink: /home/rosdev/ros2_ws/install/yolo_msgs/local/lib/python3.10/dist-packages/yolo_msgs/yolo_msgs_s__rosidl_typesupport_c.cpython-310-aarch64-linux-gnu.so
[0.989s] -- Up-to-date symlink: /home/rosdev/ros2_ws/install/yolo_msgs/share/yolo_msgs/msg/Point2D.idl
[0.989s] -- Up-to-date symlink: /home/rosdev/ros2_ws/install/yolo_msgs/share/yolo_msgs/msg/Vector2.idl
[0.989s] -- Up-to-date symlink: /home/rosdev/ros2_ws/install/yolo_msgs/share/yolo_msgs/msg/Pose2D.idl
[0.989s] -- Up-to-date symlink: /home/rosdev/ros2_ws/install/yolo_msgs/share/yolo_msgs/msg/BoundingBox2D.idl
[0.989s] -- Up-to-date symlink: /home/rosdev/ros2_ws/install/yolo_msgs/share/yolo_msgs/msg/BoundingBox3D.idl
[0.989s] -- Up-to-date symlink: /home/rosdev/ros2_ws/install/yolo_msgs/share/yolo_msgs/msg/Mask.idl
[0.989s] -- Up-to-date symlink: /home/rosdev/ros2_ws/install/yolo_msgs/share/yolo_msgs/msg/KeyPoint2D.idl
[0.989s] -- Up-to-date symlink: /home/rosdev/ros2_ws/install/yolo_msgs/share/yolo_msgs/msg/KeyPoint2DArray.idl
[0.989s] -- Up-to-date symlink: /home/rosdev/ros2_ws/install/yolo_msgs/share/yolo_msgs/msg/KeyPoint3D.idl
[0.989s] -- Up-to-date symlink: /home/rosdev/ros2_ws/install/yolo_msgs/share/yolo_msgs/msg/KeyPoint3DArray.idl
[0.990s] -- Up-to-date symlink: /home/rosdev/ros2_ws/install/yolo_msgs/share/yolo_msgs/msg/Detection.idl
[0.990s] -- Up-to-date symlink: /home/rosdev/ros2_ws/install/yolo_msgs/share/yolo_msgs/msg/DetectionArray.idl
[0.990s] -- Up-to-date symlink: /home/rosdev/ros2_ws/install/yolo_msgs/share/yolo_msgs/srv/SetClasses.idl
[0.990s] -- Up-to-date symlink: /home/rosdev/ros2_ws/install/yolo_msgs/share/yolo_msgs/msg/Point2D.msg
[0.990s] -- Up-to-date symlink: /home/rosdev/ros2_ws/install/yolo_msgs/share/yolo_msgs/msg/Vector2.msg
[0.990s] -- Up-to-date symlink: /home/rosdev/ros2_ws/install/yolo_msgs/share/yolo_msgs/msg/Pose2D.msg
[0.990s] -- Up-to-date symlink: /home/rosdev/ros2_ws/install/yolo_msgs/share/yolo_msgs/msg/BoundingBox2D.msg
[0.990s] -- Up-to-date symlink: /home/rosdev/ros2_ws/install/yolo_msgs/share/yolo_msgs/msg/BoundingBox3D.msg
[0.990s] -- Up-to-date symlink: /home/rosdev/ros2_ws/install/yolo_msgs/share/yolo_msgs/msg/Mask.msg
[0.990s] -- Up-to-date symlink: /home/rosdev/ros2_ws/install/yolo_msgs/share/yolo_msgs/msg/KeyPoint2D.msg
[0.990s] -- Up-to-date symlink: /home/rosdev/ros2_ws/install/yolo_msgs/share/yolo_msgs/msg/KeyPoint2DArray.msg
[1.003s] -- Up-to-date symlink: /home/rosdev/ros2_ws/install/yolo_msgs/share/yolo_msgs/msg/KeyPoint3D.msg
[1.003s] -- Up-to-date symlink: /home/rosdev/ros2_ws/install/yolo_msgs/share/yolo_msgs/msg/KeyPoint3DArray.msg
[1.003s] -- Up-to-date symlink: /home/rosdev/ros2_ws/install/yolo_msgs/share/yolo_msgs/msg/Detection.msg
[1.004s] -- Up-to-date symlink: /home/rosdev/ros2_ws/install/yolo_msgs/share/yolo_msgs/msg/DetectionArray.msg
[1.004s] -- Up-to-date symlink: /home/rosdev/ros2_ws/install/yolo_msgs/share/yolo_msgs/srv/SetClasses.srv
[1.004s] -- Up-to-date symlink: /home/rosdev/ros2_ws/install/yolo_msgs/share/yolo_msgs/srv/SetClasses_Request.msg
[1.004s] -- Up-to-date symlink: /home/rosdev/ros2_ws/install/yolo_msgs/share/yolo_msgs/srv/SetClasses_Response.msg
[1.004s] -- Up-to-date symlink: /home/rosdev/ros2_ws/install/yolo_msgs/share/ament_index/resource_index/package_run_dependencies/yolo_msgs
[1.004s] -- Up-to-date symlink: /home/rosdev/ros2_ws/install/yolo_msgs/share/ament_index/resource_index/parent_prefix_path/yolo_msgs
[1.004s] -- Up-to-date symlink: /home/rosdev/ros2_ws/install/yolo_msgs/share/yolo_msgs/environment/ament_prefix_path.sh
[1.004s] -- Up-to-date symlink: /home/rosdev/ros2_ws/install/yolo_msgs/share/yolo_msgs/environment/ament_prefix_path.dsv
[1.004s] -- Up-to-date symlink: /home/rosdev/ros2_ws/install/yolo_msgs/share/yolo_msgs/environment/path.sh
[1.004s] -- Up-to-date symlink: /home/rosdev/ros2_ws/install/yolo_msgs/share/yolo_msgs/environment/path.dsv
[1.004s] -- Up-to-date symlink: /home/rosdev/ros2_ws/install/yolo_msgs/share/yolo_msgs/local_setup.bash
[1.005s] -- Up-to-date symlink: /home/rosdev/ros2_ws/install/yolo_msgs/share/yolo_msgs/local_setup.sh
[1.005s] -- Up-to-date symlink: /home/rosdev/ros2_ws/install/yolo_msgs/share/yolo_msgs/local_setup.zsh
[1.005s] -- Up-to-date symlink: /home/rosdev/ros2_ws/install/yolo_msgs/share/yolo_msgs/local_setup.dsv
[1.005s] -- Symlinking: /home/rosdev/ros2_ws/install/yolo_msgs/share/yolo_msgs/package.dsv
[1.005s] -- Up-to-date symlink: /home/rosdev/ros2_ws/install/yolo_msgs/share/ament_index/resource_index/packages/yolo_msgs
[1.005s] -- Up-to-date symlink: /home/rosdev/ros2_ws/install/yolo_msgs/share/yolo_msgs/cmake/rosidl_cmake-extras.cmake
[1.005s] -- Up-to-date symlink: /home/rosdev/ros2_ws/install/yolo_msgs/share/yolo_msgs/cmake/ament_cmake_export_dependencies-extras.cmake
[1.005s] -- Up-to-date symlink: /home/rosdev/ros2_ws/install/yolo_msgs/share/yolo_msgs/cmake/ament_cmake_export_include_directories-extras.cmake
[1.006s] -- Up-to-date symlink: /home/rosdev/ros2_ws/install/yolo_msgs/share/yolo_msgs/cmake/ament_cmake_export_libraries-extras.cmake
[1.006s] -- Up-to-date symlink: /home/rosdev/ros2_ws/install/yolo_msgs/share/yolo_msgs/cmake/ament_cmake_export_targets-extras.cmake
[1.006s] -- Up-to-date symlink: /home/rosdev/ros2_ws/install/yolo_msgs/share/yolo_msgs/cmake/rosidl_cmake_export_typesupport_targets-extras.cmake
[1.006s] -- Up-to-date symlink: /home/rosdev/ros2_ws/install/yolo_msgs/share/yolo_msgs/cmake/rosidl_cmake_export_typesupport_libraries-extras.cmake
[1.006s] -- Up-to-date symlink: /home/rosdev/ros2_ws/install/yolo_msgs/share/yolo_msgs/cmake/yolo_msgsConfig.cmake
[1.006s] -- Up-to-date symlink: /home/rosdev/ros2_ws/install/yolo_msgs/share/yolo_msgs/cmake/yolo_msgsConfig-version.cmake
[1.006s] -- Up-to-date symlink: /home/rosdev/ros2_ws/install/yolo_msgs/share/yolo_msgs/package.xml
[1.006s] -- Up-to-date: /home/rosdev/ros2_ws/install/yolo_msgs/lib/libyolo_msgs__rosidl_generator_c.so
[1.006s] -- Up-to-date: /home/rosdev/ros2_ws/install/yolo_msgs/lib/libyolo_msgs__rosidl_typesupport_fastrtps_c.so
[1.007s] -- Up-to-date: /home/rosdev/ros2_ws/install/yolo_msgs/lib/libyolo_msgs__rosidl_typesupport_introspection_c.so
[1.007s] -- Up-to-date: /home/rosdev/ros2_ws/install/yolo_msgs/lib/libyolo_msgs__rosidl_typesupport_c.so
[1.007s] -- Up-to-date: /home/rosdev/ros2_ws/install/yolo_msgs/lib/libyolo_msgs__rosidl_typesupport_fastrtps_cpp.so
[1.007s] -- Up-to-date: /home/rosdev/ros2_ws/install/yolo_msgs/lib/libyolo_msgs__rosidl_typesupport_introspection_cpp.so
[1.008s] -- Up-to-date: /home/rosdev/ros2_ws/install/yolo_msgs/lib/libyolo_msgs__rosidl_typesupport_cpp.so
[1.024s] Listing '/home/rosdev/ros2_ws/install/yolo_msgs/local/lib/python3.10/dist-packages/yolo_msgs'...
[1.025s] Listing '/home/rosdev/ros2_ws/install/yolo_msgs/local/lib/python3.10/dist-packages/yolo_msgs/msg'...
[1.026s] Listing '/home/rosdev/ros2_ws/install/yolo_msgs/local/lib/python3.10/dist-packages/yolo_msgs/srv'...
[1.026s] -- Up-to-date: /home/rosdev/ros2_ws/install/yolo_msgs/lib/libyolo_msgs__rosidl_generator_py.so
[1.026s] -- Up-to-date: /home/rosdev/ros2_ws/install/yolo_msgs/share/yolo_msgs/cmake/export_yolo_msgs__rosidl_generator_cExport.cmake
[1.027s] -- Up-to-date: /home/rosdev/ros2_ws/install/yolo_msgs/share/yolo_msgs/cmake/export_yolo_msgs__rosidl_generator_cExport-noconfig.cmake
[1.028s] -- Up-to-date: /home/rosdev/ros2_ws/install/yolo_msgs/share/yolo_msgs/cmake/export_yolo_msgs__rosidl_typesupport_fastrtps_cExport.cmake
[1.028s] -- Up-to-date: /home/rosdev/ros2_ws/install/yolo_msgs/share/yolo_msgs/cmake/export_yolo_msgs__rosidl_typesupport_fastrtps_cExport-noconfig.cmake
[1.028s] -- Up-to-date: /home/rosdev/ros2_ws/install/yolo_msgs/share/yolo_msgs/cmake/yolo_msgs__rosidl_typesupport_introspection_cExport.cmake
[1.029s] -- Up-to-date: /home/rosdev/ros2_ws/install/yolo_msgs/share/yolo_msgs/cmake/yolo_msgs__rosidl_typesupport_introspection_cExport-noconfig.cmake
[1.029s] -- Up-to-date: /home/rosdev/ros2_ws/install/yolo_msgs/share/yolo_msgs/cmake/yolo_msgs__rosidl_typesupport_cExport.cmake
[1.029s] -- Up-to-date: /home/rosdev/ros2_ws/install/yolo_msgs/share/yolo_msgs/cmake/yolo_msgs__rosidl_typesupport_cExport-noconfig.cmake
[1.029s] -- Up-to-date: /home/rosdev/ros2_ws/install/yolo_msgs/share/yolo_msgs/cmake/export_yolo_msgs__rosidl_generator_cppExport.cmake
[1.029s] -- Up-to-date: /home/rosdev/ros2_ws/install/yolo_msgs/share/yolo_msgs/cmake/export_yolo_msgs__rosidl_typesupport_fastrtps_cppExport.cmake
[1.029s] -- Up-to-date: /home/rosdev/ros2_ws/install/yolo_msgs/share/yolo_msgs/cmake/export_yolo_msgs__rosidl_typesupport_fastrtps_cppExport-noconfig.cmake
[1.029s] -- Up-to-date: /home/rosdev/ros2_ws/install/yolo_msgs/share/yolo_msgs/cmake/yolo_msgs__rosidl_typesupport_introspection_cppExport.cmake
[1.029s] -- Up-to-date: /home/rosdev/ros2_ws/install/yolo_msgs/share/yolo_msgs/cmake/yolo_msgs__rosidl_typesupport_introspection_cppExport-noconfig.cmake
[1.029s] -- Up-to-date: /home/rosdev/ros2_ws/install/yolo_msgs/share/yolo_msgs/cmake/yolo_msgs__rosidl_typesupport_cppExport.cmake
[1.030s] -- Up-to-date: /home/rosdev/ros2_ws/install/yolo_msgs/share/yolo_msgs/cmake/yolo_msgs__rosidl_typesupport_cppExport-noconfig.cmake
[1.031s] -- Up-to-date: /home/rosdev/ros2_ws/install/yolo_msgs/share/yolo_msgs/cmake/export_yolo_msgs__rosidl_generator_pyExport.cmake
[1.032s] -- Up-to-date: /home/rosdev/ros2_ws/install/yolo_msgs/share/yolo_msgs/cmake/export_yolo_msgs__rosidl_generator_pyExport-noconfig.cmake
[1.158s] Invoked command in '/home/rosdev/ros2_ws/build/yolo_msgs' returned '0': CMAKE_PREFIX_PATH=/opt/ros/humble /usr/bin/cmake --install /home/rosdev/ros2_ws/build/yolo_msgs
