[1.607s] Invoking command in '/home/rosdev/ros2_ws/src/geometry2/tf2_tools': AMENT_PREFIX_PATH=/home/rosdev/ros2_ws/install/tf2_ros_py:/home/rosdev/ros2_ws/install/tf2_py:/home/rosdev/ros2_ws/install/tf2_msgs:/home/rosdev/ros2_ws/install/tf2:${AMENT_PREFIX_PATH} CMAKE_PREFIX_PATH=/home/rosdev/ros2_ws/install/tf2_py:/home/rosdev/ros2_ws/install/tf2_msgs:/home/rosdev/ros2_ws/install/tf2 LD_LIBRARY_PATH=/home/rosdev/ros2_ws/install/tf2_msgs/lib:/home/rosdev/ros2_ws/install/tf2/lib:${LD_LIBRARY_PATH} PYTHONPATH=/home/rosdev/ros2_ws/build/tf2_tools/prefix_override:/usr/lib/python3/dist-packages/colcon_core/task/python/colcon_distutils_commands:/home/rosdev/ros2_ws/install/tf2_tools/lib/python3.10/site-packages:/home/rosdev/ros2_ws/install/tf2_ros_py/lib/python3.10/site-packages:/home/rosdev/ros2_ws/install/tf2_py/local/lib/python3.10/dist-packages:/home/rosdev/ros2_ws/install/tf2_msgs/local/lib/python3.10/dist-packages:${PYTHONPATH} /usr/bin/python3 -W ignore:setup.py install is deprecated -W ignore:easy_install command is deprecated setup.py egg_info --egg-base ../../../build/tf2_tools build --build-base /home/rosdev/ros2_ws/build/tf2_tools/build install --record /home/rosdev/ros2_ws/build/tf2_tools/install.log --single-version-externally-managed install_data
[1.970s] running egg_info
[1.971s] writing ../../../build/tf2_tools/tf2_tools.egg-info/PKG-INFO
[1.975s] writing dependency_links to ../../../build/tf2_tools/tf2_tools.egg-info/dependency_links.txt
[1.975s] writing entry points to ../../../build/tf2_tools/tf2_tools.egg-info/entry_points.txt
[1.975s] writing requirements to ../../../build/tf2_tools/tf2_tools.egg-info/requires.txt
[1.975s] writing top-level names to ../../../build/tf2_tools/tf2_tools.egg-info/top_level.txt
[1.976s] reading manifest file '../../../build/tf2_tools/tf2_tools.egg-info/SOURCES.txt'
[1.977s] writing manifest file '../../../build/tf2_tools/tf2_tools.egg-info/SOURCES.txt'
[1.978s] running build
[1.978s] running build_py
[1.978s] running install
[1.979s] running install_lib
[1.985s] running install_data
[1.985s] running install_egg_info
[1.989s] removing '/home/rosdev/ros2_ws/install/tf2_tools/lib/python3.10/site-packages/tf2_tools-0.25.7-py3.10.egg-info' (and everything under it)
[1.990s] Copying ../../../build/tf2_tools/tf2_tools.egg-info to /home/rosdev/ros2_ws/install/tf2_tools/lib/python3.10/site-packages/tf2_tools-0.25.7-py3.10.egg-info
[1.991s] running install_scripts
[2.028s] Installing view_frames script to /home/rosdev/ros2_ws/install/tf2_tools/lib/tf2_tools
[2.029s] writing list of installed files to '/home/rosdev/ros2_ws/build/tf2_tools/install.log'
[2.118s] Invoked command in '/home/rosdev/ros2_ws/src/geometry2/tf2_tools' returned '0': AMENT_PREFIX_PATH=/home/rosdev/ros2_ws/install/tf2_ros_py:/home/rosdev/ros2_ws/install/tf2_py:/home/rosdev/ros2_ws/install/tf2_msgs:/home/rosdev/ros2_ws/install/tf2:${AMENT_PREFIX_PATH} CMAKE_PREFIX_PATH=/home/rosdev/ros2_ws/install/tf2_py:/home/rosdev/ros2_ws/install/tf2_msgs:/home/rosdev/ros2_ws/install/tf2 LD_LIBRARY_PATH=/home/rosdev/ros2_ws/install/tf2_msgs/lib:/home/rosdev/ros2_ws/install/tf2/lib:${LD_LIBRARY_PATH} PYTHONPATH=/home/rosdev/ros2_ws/build/tf2_tools/prefix_override:/usr/lib/python3/dist-packages/colcon_core/task/python/colcon_distutils_commands:/home/rosdev/ros2_ws/install/tf2_tools/lib/python3.10/site-packages:/home/rosdev/ros2_ws/install/tf2_ros_py/lib/python3.10/site-packages:/home/rosdev/ros2_ws/install/tf2_py/local/lib/python3.10/dist-packages:/home/rosdev/ros2_ws/install/tf2_msgs/local/lib/python3.10/dist-packages:${PYTHONPATH} /usr/bin/python3 -W ignore:setup.py install is deprecated -W ignore:easy_install command is deprecated setup.py egg_info --egg-base ../../../build/tf2_tools build --build-base /home/rosdev/ros2_ws/build/tf2_tools/build install --record /home/rosdev/ros2_ws/build/tf2_tools/install.log --single-version-externally-managed install_data
