[0.065s] Invoking command in '/home/rosdev/ros2_ws/build/image_geometry': CMAKE_PREFIX_PATH=/opt/ros/humble /usr/bin/cmake --build /home/rosdev/ros2_ws/build/image_geometry -- -j12 -l12
[0.235s] [  0%] Built target ament_cmake_python_symlink_image_geometry
[0.236s] [ 22%] Built target gtest
[0.255s] [ 55%] Built target image_geometry
[0.280s] [ 77%] Built target gtest_main
[0.473s] [100%] Built target image_geometry-utest
[0.768s] running egg_info
[0.770s] writing image_geometry.egg-info/PKG-INFO
[0.771s] writing dependency_links to image_geometry.egg-info/dependency_links.txt
[0.771s] writing top-level names to image_geometry.egg-info/top_level.txt
[0.776s] reading manifest file 'image_geometry.egg-info/SOURCES.txt'
[0.778s] writing manifest file 'image_geometry.egg-info/SOURCES.txt'
[0.875s] [100%] Built target ament_cmake_python_build_image_geometry_egg
[0.956s] Invoked command in '/home/rosdev/ros2_ws/build/image_geometry' returned '0': CMAKE_PREFIX_PATH=/opt/ros/humble /usr/bin/cmake --build /home/rosdev/ros2_ws/build/image_geometry -- -j12 -l12
[0.959s] Invoking command in '/home/rosdev/ros2_ws/build/image_geometry': CMAKE_PREFIX_PATH=/opt/ros/humble /usr/bin/cmake --install /home/rosdev/ros2_ws/build/image_geometry
[0.981s] -- Install configuration: ""
[1.010s] -- Execute custom install script
[1.011s] -- Up-to-date symlink: /home/rosdev/ros2_ws/install/image_geometry/share/image_geometry/environment/pythonpath.sh
[1.011s] -- Up-to-date symlink: /home/rosdev/ros2_ws/install/image_geometry/share/image_geometry/environment/pythonpath.dsv
[1.011s] -- Up-to-date symlink: /home/rosdev/ros2_ws/install/image_geometry/local/lib/python3.10/dist-packages/image_geometry-3.2.1-py3.10.egg-info/PKG-INFO
[1.011s] -- Up-to-date symlink: /home/rosdev/ros2_ws/install/image_geometry/local/lib/python3.10/dist-packages/image_geometry-3.2.1-py3.10.egg-info/SOURCES.txt
[1.012s] -- Up-to-date symlink: /home/rosdev/ros2_ws/install/image_geometry/local/lib/python3.10/dist-packages/image_geometry-3.2.1-py3.10.egg-info/dependency_links.txt
[1.012s] -- Up-to-date symlink: /home/rosdev/ros2_ws/install/image_geometry/local/lib/python3.10/dist-packages/image_geometry-3.2.1-py3.10.egg-info/top_level.txt
[1.012s] -- Up-to-date symlink: /home/rosdev/ros2_ws/install/image_geometry/local/lib/python3.10/dist-packages/image_geometry/__init__.py
[1.012s] -- Up-to-date symlink: /home/rosdev/ros2_ws/install/image_geometry/local/lib/python3.10/dist-packages/image_geometry/cameramodels.py
[1.014s] -- Up-to-date symlink: /home/rosdev/ros2_ws/install/image_geometry/include/image_geometry/image_geometry/pinhole_camera_model.h
[1.014s] -- Up-to-date symlink: /home/rosdev/ros2_ws/install/image_geometry/include/image_geometry/image_geometry/stereo_camera_model.h
[1.014s] -- Up-to-date symlink: /home/rosdev/ros2_ws/install/image_geometry/include/image_geometry/image_geometry/visibility_control.hpp
[1.014s] -- Up-to-date symlink: /home/rosdev/ros2_ws/install/image_geometry/share/ament_index/resource_index/package_run_dependencies/image_geometry
[1.014s] -- Up-to-date symlink: /home/rosdev/ros2_ws/install/image_geometry/share/ament_index/resource_index/parent_prefix_path/image_geometry
[1.015s] -- Up-to-date symlink: /home/rosdev/ros2_ws/install/image_geometry/share/image_geometry/environment/ament_prefix_path.sh
[1.015s] -- Up-to-date symlink: /home/rosdev/ros2_ws/install/image_geometry/share/image_geometry/environment/ament_prefix_path.dsv
[1.015s] -- Up-to-date symlink: /home/rosdev/ros2_ws/install/image_geometry/share/image_geometry/environment/path.sh
[1.015s] -- Up-to-date symlink: /home/rosdev/ros2_ws/install/image_geometry/share/image_geometry/environment/path.dsv
[1.015s] -- Up-to-date symlink: /home/rosdev/ros2_ws/install/image_geometry/share/image_geometry/local_setup.bash
[1.020s] -- Up-to-date symlink: /home/rosdev/ros2_ws/install/image_geometry/share/image_geometry/local_setup.sh
[1.021s] -- Up-to-date symlink: /home/rosdev/ros2_ws/install/image_geometry/share/image_geometry/local_setup.zsh
[1.021s] -- Up-to-date symlink: /home/rosdev/ros2_ws/install/image_geometry/share/image_geometry/local_setup.dsv
[1.022s] -- Symlinking: /home/rosdev/ros2_ws/install/image_geometry/share/image_geometry/package.dsv
[1.042s] -- Up-to-date symlink: /home/rosdev/ros2_ws/install/image_geometry/share/ament_index/resource_index/packages/image_geometry
[1.042s] -- Up-to-date symlink: /home/rosdev/ros2_ws/install/image_geometry/share/image_geometry/cmake/ament_cmake_export_targets-extras.cmake
[1.042s] -- Up-to-date symlink: /home/rosdev/ros2_ws/install/image_geometry/share/image_geometry/cmake/ament_cmake_export_dependencies-extras.cmake
[1.042s] -- Up-to-date symlink: /home/rosdev/ros2_ws/install/image_geometry/share/image_geometry/cmake/image_geometryConfig.cmake
[1.043s] -- Up-to-date symlink: /home/rosdev/ros2_ws/install/image_geometry/share/image_geometry/cmake/image_geometryConfig-version.cmake
[1.043s] -- Up-to-date symlink: /home/rosdev/ros2_ws/install/image_geometry/share/image_geometry/package.xml
[1.096s] Listing '/home/rosdev/ros2_ws/install/image_geometry/local/lib/python3.10/dist-packages/image_geometry'...
[1.102s] -- Up-to-date: /home/rosdev/ros2_ws/install/image_geometry/lib/libimage_geometry.so
[1.103s] -- Up-to-date: /home/rosdev/ros2_ws/install/image_geometry/share/image_geometry/cmake/export_image_geometryExport.cmake
[1.103s] -- Up-to-date: /home/rosdev/ros2_ws/install/image_geometry/share/image_geometry/cmake/export_image_geometryExport-noconfig.cmake
[1.133s] Invoked command in '/home/rosdev/ros2_ws/build/image_geometry' returned '0': CMAKE_PREFIX_PATH=/opt/ros/humble /usr/bin/cmake --install /home/rosdev/ros2_ws/build/image_geometry
