[2.554s] Invoking command in '/home/rosdev/ros2_ws/src/yolov8_tf_node': AMENT_PREFIX_PATH=/home/rosdev/ros2_ws/install/tf2_ros:/home/rosdev/ros2_ws/install/tf2_msgs:/home/rosdev/ros2_ws/install/tf2:${AMENT_PREFIX_PATH} CMAKE_PREFIX_PATH=/home/rosdev/ros2_ws/install/tf2_ros:/home/rosdev/ros2_ws/install/tf2_msgs:/home/rosdev/ros2_ws/install/tf2 LD_LIBRARY_PATH=/home/rosdev/ros2_ws/install/tf2_ros/lib:/home/rosdev/ros2_ws/install/tf2_msgs/lib:/home/rosdev/ros2_ws/install/tf2/lib:${LD_LIBRARY_PATH} PYTHONPATH=/home/rosdev/ros2_ws/build/yolov8_tf_node/prefix_override:/usr/lib/python3/dist-packages/colcon_core/task/python/colcon_distutils_commands:/home/rosdev/ros2_ws/install/yolov8_tf_node/lib/python3.10/site-packages:/home/rosdev/ros2_ws/install/tf2_msgs/local/lib/python3.10/dist-packages:${PYTHONPATH} /usr/bin/python3 -W ignore:setup.py install is deprecated -W ignore:easy_install command is deprecated setup.py egg_info --egg-base ../../build/yolov8_tf_node build --build-base /home/rosdev/ros2_ws/build/yolov8_tf_node/build install --record /home/rosdev/ros2_ws/build/yolov8_tf_node/install.log --single-version-externally-managed install_data
[2.953s] running egg_info
[2.955s] writing ../../build/yolov8_tf_node/yolov8_tf_node.egg-info/PKG-INFO
[2.956s] writing dependency_links to ../../build/yolov8_tf_node/yolov8_tf_node.egg-info/dependency_links.txt
[2.959s] writing entry points to ../../build/yolov8_tf_node/yolov8_tf_node.egg-info/entry_points.txt
[2.964s] writing requirements to ../../build/yolov8_tf_node/yolov8_tf_node.egg-info/requires.txt
[2.965s] writing top-level names to ../../build/yolov8_tf_node/yolov8_tf_node.egg-info/top_level.txt
[2.965s] reading manifest file '../../build/yolov8_tf_node/yolov8_tf_node.egg-info/SOURCES.txt'
[2.965s] writing manifest file '../../build/yolov8_tf_node/yolov8_tf_node.egg-info/SOURCES.txt'
[2.965s] running build
[2.965s] running build_py
[2.965s] running install
[2.967s] running install_lib
[2.970s] running install_data
[2.970s] running install_egg_info
[2.977s] removing '/home/rosdev/ros2_ws/install/yolov8_tf_node/lib/python3.10/site-packages/yolov8_tf_node-0.0.0-py3.10.egg-info' (and everything under it)
[2.991s] Copying ../../build/yolov8_tf_node/yolov8_tf_node.egg-info to /home/rosdev/ros2_ws/install/yolov8_tf_node/lib/python3.10/site-packages/yolov8_tf_node-0.0.0-py3.10.egg-info
[2.991s] running install_scripts
[3.040s] Installing transform_detections script to /home/rosdev/ros2_ws/install/yolov8_tf_node/lib/yolov8_tf_node
[3.043s] writing list of installed files to '/home/rosdev/ros2_ws/build/yolov8_tf_node/install.log'
[3.163s] Invoked command in '/home/rosdev/ros2_ws/src/yolov8_tf_node' returned '0': AMENT_PREFIX_PATH=/home/rosdev/ros2_ws/install/tf2_ros:/home/rosdev/ros2_ws/install/tf2_msgs:/home/rosdev/ros2_ws/install/tf2:${AMENT_PREFIX_PATH} CMAKE_PREFIX_PATH=/home/rosdev/ros2_ws/install/tf2_ros:/home/rosdev/ros2_ws/install/tf2_msgs:/home/rosdev/ros2_ws/install/tf2 LD_LIBRARY_PATH=/home/rosdev/ros2_ws/install/tf2_ros/lib:/home/rosdev/ros2_ws/install/tf2_msgs/lib:/home/rosdev/ros2_ws/install/tf2/lib:${LD_LIBRARY_PATH} PYTHONPATH=/home/rosdev/ros2_ws/build/yolov8_tf_node/prefix_override:/usr/lib/python3/dist-packages/colcon_core/task/python/colcon_distutils_commands:/home/rosdev/ros2_ws/install/yolov8_tf_node/lib/python3.10/site-packages:/home/rosdev/ros2_ws/install/tf2_msgs/local/lib/python3.10/dist-packages:${PYTHONPATH} /usr/bin/python3 -W ignore:setup.py install is deprecated -W ignore:easy_install command is deprecated setup.py egg_info --egg-base ../../build/yolov8_tf_node build --build-base /home/rosdev/ros2_ws/build/yolov8_tf_node/build install --record /home/rosdev/ros2_ws/build/yolov8_tf_node/install.log --single-version-externally-managed install_data
