[0.062s] Invoking command in '/home/rosdev/ros2_ws/build/realsense2_camera': AMENT_PREFIX_PATH=/home/rosdev/ros2_ws/install/tf2_ros:/home/rosdev/ros2_ws/install/tf2_msgs:/home/rosdev/ros2_ws/install/tf2:/home/rosdev/ros2_ws/install/realsense2_camera_msgs:/home/rosdev/ros2_ws/install/cv_bridge:${AMENT_PREFIX_PATH} CMAKE_PREFIX_PATH=/home/rosdev/ros2_ws/install/tf2_ros:/home/rosdev/ros2_ws/install/tf2_msgs:/home/rosdev/ros2_ws/install/tf2:/home/rosdev/ros2_ws/install/realsense2_camera_msgs:/home/rosdev/ros2_ws/install/cv_bridge:/opt/ros/humble LD_LIBRARY_PATH=/home/rosdev/ros2_ws/install/tf2_ros/lib:/home/rosdev/ros2_ws/install/tf2_msgs/lib:/home/rosdev/ros2_ws/install/tf2/lib:/home/rosdev/ros2_ws/install/realsense2_camera_msgs/lib:/home/rosdev/ros2_ws/install/cv_bridge/lib:${LD_LIBRARY_PATH} PYTHONPATH=/home/rosdev/ros2_ws/install/tf2_msgs/local/lib/python3.10/dist-packages:/home/rosdev/ros2_ws/install/realsense2_camera_msgs/local/lib/python3.10/dist-packages:/home/rosdev/ros2_ws/install/cv_bridge/local/lib/python3.10/dist-packages:${PYTHONPATH} /usr/bin/cmake /home/rosdev/ros2_ws/src/realsense-ros/realsense2_camera -DAMENT_CMAKE_SYMLINK_INSTALL=1 -DCMAKE_INSTALL_PREFIX=/home/rosdev/ros2_ws/install/realsense2_camera
[0.083s] -- Create Release Build.
[0.084s] -- Found ament_cmake: 1.3.11 (/opt/ros/humble/share/ament_cmake/cmake)
[0.330s] -- Override CMake install command with custom implementation using symlinks instead of copying resources
[0.339s] -- Found builtin_interfaces: 1.2.1 (/opt/ros/humble/share/builtin_interfaces/cmake)
[0.385s] -- Found rosidl_generator_c: 3.1.6 (/opt/ros/humble/share/rosidl_generator_c/cmake)
[0.393s] -- Found rosidl_adapter: 3.1.6 (/opt/ros/humble/share/rosidl_adapter/cmake)
[0.398s] -- Found rosidl_generator_cpp: 3.1.6 (/opt/ros/humble/share/rosidl_generator_cpp/cmake)
[0.439s] -- Using all available rosidl_typesupport_c: rosidl_typesupport_fastrtps_c;rosidl_typesupport_introspection_c
[0.440s] -- Using all available rosidl_typesupport_cpp: rosidl_typesupport_fastrtps_cpp;rosidl_typesupport_introspection_cpp
[0.453s] -- Found cv_bridge: 3.2.1 (/home/rosdev/ros2_ws/install/cv_bridge/share/cv_bridge/cmake)
[0.538s] -- Found image_transport: 3.1.11 (/opt/ros/humble/share/image_transport/cmake)
[0.582s] -- Found rmw_implementation_cmake: 6.1.2 (/opt/ros/humble/share/rmw_implementation_cmake/cmake)
[0.582s] -- Found rmw_fastrtps_cpp: 6.2.7 (/opt/ros/humble/share/rmw_fastrtps_cpp/cmake)
[0.788s] -- Using RMW implementation 'rmw_fastrtps_cpp' as default
[0.891s] -- Found rclcpp_components: 16.0.12 (/opt/ros/humble/share/rclcpp_components/cmake)
[0.917s] -- Found realsense2_camera_msgs: 4.54.1 (/home/rosdev/ros2_ws/install/realsense2_camera_msgs/share/realsense2_camera_msgs/cmake)
[0.938s] -- Found nav_msgs: 4.8.0 (/opt/ros/humble/share/nav_msgs/cmake)
[0.975s] -- Found tf2_ros: 0.25.7 (/home/rosdev/ros2_ws/install/tf2_ros/share/tf2_ros/cmake)
[1.074s] -- Found diagnostic_updater: 4.0.3 (/opt/ros/humble/share/diagnostic_updater/cmake)
[1.099s] -- Build for ROS2 Humble
[1.305s] -- Configuring done
[1.358s] -- Generating done
[1.370s] -- Build files have been written to: /home/rosdev/ros2_ws/build/realsense2_camera
[1.408s] Invoked command in '/home/rosdev/ros2_ws/build/realsense2_camera' returned '0': AMENT_PREFIX_PATH=/home/rosdev/ros2_ws/install/tf2_ros:/home/rosdev/ros2_ws/install/tf2_msgs:/home/rosdev/ros2_ws/install/tf2:/home/rosdev/ros2_ws/install/realsense2_camera_msgs:/home/rosdev/ros2_ws/install/cv_bridge:${AMENT_PREFIX_PATH} CMAKE_PREFIX_PATH=/home/rosdev/ros2_ws/install/tf2_ros:/home/rosdev/ros2_ws/install/tf2_msgs:/home/rosdev/ros2_ws/install/tf2:/home/rosdev/ros2_ws/install/realsense2_camera_msgs:/home/rosdev/ros2_ws/install/cv_bridge:/opt/ros/humble LD_LIBRARY_PATH=/home/rosdev/ros2_ws/install/tf2_ros/lib:/home/rosdev/ros2_ws/install/tf2_msgs/lib:/home/rosdev/ros2_ws/install/tf2/lib:/home/rosdev/ros2_ws/install/realsense2_camera_msgs/lib:/home/rosdev/ros2_ws/install/cv_bridge/lib:${LD_LIBRARY_PATH} PYTHONPATH=/home/rosdev/ros2_ws/install/tf2_msgs/local/lib/python3.10/dist-packages:/home/rosdev/ros2_ws/install/realsense2_camera_msgs/local/lib/python3.10/dist-packages:/home/rosdev/ros2_ws/install/cv_bridge/local/lib/python3.10/dist-packages:${PYTHONPATH} /usr/bin/cmake /home/rosdev/ros2_ws/src/realsense-ros/realsense2_camera -DAMENT_CMAKE_SYMLINK_INSTALL=1 -DCMAKE_INSTALL_PREFIX=/home/rosdev/ros2_ws/install/realsense2_camera
[1.409s] Invoking command in '/home/rosdev/ros2_ws/build/realsense2_camera': AMENT_PREFIX_PATH=/home/rosdev/ros2_ws/install/tf2_ros:/home/rosdev/ros2_ws/install/tf2_msgs:/home/rosdev/ros2_ws/install/tf2:/home/rosdev/ros2_ws/install/realsense2_camera_msgs:/home/rosdev/ros2_ws/install/cv_bridge:${AMENT_PREFIX_PATH} CMAKE_PREFIX_PATH=/home/rosdev/ros2_ws/install/tf2_ros:/home/rosdev/ros2_ws/install/tf2_msgs:/home/rosdev/ros2_ws/install/tf2:/home/rosdev/ros2_ws/install/realsense2_camera_msgs:/home/rosdev/ros2_ws/install/cv_bridge:/opt/ros/humble LD_LIBRARY_PATH=/home/rosdev/ros2_ws/install/tf2_ros/lib:/home/rosdev/ros2_ws/install/tf2_msgs/lib:/home/rosdev/ros2_ws/install/tf2/lib:/home/rosdev/ros2_ws/install/realsense2_camera_msgs/lib:/home/rosdev/ros2_ws/install/cv_bridge/lib:${LD_LIBRARY_PATH} PYTHONPATH=/home/rosdev/ros2_ws/install/tf2_msgs/local/lib/python3.10/dist-packages:/home/rosdev/ros2_ws/install/realsense2_camera_msgs/local/lib/python3.10/dist-packages:/home/rosdev/ros2_ws/install/cv_bridge/local/lib/python3.10/dist-packages:${PYTHONPATH} /usr/bin/cmake --build /home/rosdev/ros2_ws/build/realsense2_camera -- -j12 -l12
[1.517s] [35m[1mConsolidate compiler generated dependencies of target realsense2_camera[0m
[1.609s] [ 87%] Built target realsense2_camera
[1.646s] [35m[1mConsolidate compiler generated dependencies of target realsense2_camera_node[0m
[1.683s] [100%] Built target realsense2_camera_node
[1.711s] Invoked command in '/home/rosdev/ros2_ws/build/realsense2_camera' returned '0': AMENT_PREFIX_PATH=/home/rosdev/ros2_ws/install/tf2_ros:/home/rosdev/ros2_ws/install/tf2_msgs:/home/rosdev/ros2_ws/install/tf2:/home/rosdev/ros2_ws/install/realsense2_camera_msgs:/home/rosdev/ros2_ws/install/cv_bridge:${AMENT_PREFIX_PATH} CMAKE_PREFIX_PATH=/home/rosdev/ros2_ws/install/tf2_ros:/home/rosdev/ros2_ws/install/tf2_msgs:/home/rosdev/ros2_ws/install/tf2:/home/rosdev/ros2_ws/install/realsense2_camera_msgs:/home/rosdev/ros2_ws/install/cv_bridge:/opt/ros/humble LD_LIBRARY_PATH=/home/rosdev/ros2_ws/install/tf2_ros/lib:/home/rosdev/ros2_ws/install/tf2_msgs/lib:/home/rosdev/ros2_ws/install/tf2/lib:/home/rosdev/ros2_ws/install/realsense2_camera_msgs/lib:/home/rosdev/ros2_ws/install/cv_bridge/lib:${LD_LIBRARY_PATH} PYTHONPATH=/home/rosdev/ros2_ws/install/tf2_msgs/local/lib/python3.10/dist-packages:/home/rosdev/ros2_ws/install/realsense2_camera_msgs/local/lib/python3.10/dist-packages:/home/rosdev/ros2_ws/install/cv_bridge/local/lib/python3.10/dist-packages:${PYTHONPATH} /usr/bin/cmake --build /home/rosdev/ros2_ws/build/realsense2_camera -- -j12 -l12
[1.713s] Invoking command in '/home/rosdev/ros2_ws/build/realsense2_camera': AMENT_PREFIX_PATH=/home/rosdev/ros2_ws/install/tf2_ros:/home/rosdev/ros2_ws/install/tf2_msgs:/home/rosdev/ros2_ws/install/tf2:/home/rosdev/ros2_ws/install/realsense2_camera_msgs:/home/rosdev/ros2_ws/install/cv_bridge:${AMENT_PREFIX_PATH} CMAKE_PREFIX_PATH=/home/rosdev/ros2_ws/install/tf2_ros:/home/rosdev/ros2_ws/install/tf2_msgs:/home/rosdev/ros2_ws/install/tf2:/home/rosdev/ros2_ws/install/realsense2_camera_msgs:/home/rosdev/ros2_ws/install/cv_bridge:/opt/ros/humble LD_LIBRARY_PATH=/home/rosdev/ros2_ws/install/tf2_ros/lib:/home/rosdev/ros2_ws/install/tf2_msgs/lib:/home/rosdev/ros2_ws/install/tf2/lib:/home/rosdev/ros2_ws/install/realsense2_camera_msgs/lib:/home/rosdev/ros2_ws/install/cv_bridge/lib:${LD_LIBRARY_PATH} PYTHONPATH=/home/rosdev/ros2_ws/install/tf2_msgs/local/lib/python3.10/dist-packages:/home/rosdev/ros2_ws/install/realsense2_camera_msgs/local/lib/python3.10/dist-packages:/home/rosdev/ros2_ws/install/cv_bridge/local/lib/python3.10/dist-packages:${PYTHONPATH} /usr/bin/cmake --install /home/rosdev/ros2_ws/build/realsense2_camera
[1.723s] -- Install configuration: "Release"
[1.724s] -- Execute custom install script
[1.724s] -- Up-to-date symlink: /home/rosdev/ros2_ws/install/realsense2_camera/lib/realsense2_camera/realsense2_camera_node
[1.725s] -- Up-to-date symlink: /home/rosdev/ros2_ws/install/realsense2_camera/lib/librealsense2_camera.so
[1.725s] -- Up-to-date symlink: /home/rosdev/ros2_ws/install/realsense2_camera/include/base_realsense_node.h
[1.725s] -- Up-to-date symlink: /home/rosdev/ros2_ws/install/realsense2_camera/include/constants.h
[1.725s] -- Up-to-date symlink: /home/rosdev/ros2_ws/install/realsense2_camera/include/dynamic_params.h
[1.726s] -- Up-to-date symlink: /home/rosdev/ros2_ws/install/realsense2_camera/include/image_publisher.h
[1.726s] -- Up-to-date symlink: /home/rosdev/ros2_ws/install/realsense2_camera/include/named_filter.h
[1.726s] -- Up-to-date symlink: /home/rosdev/ros2_ws/install/realsense2_camera/include/profile_manager.h
[1.726s] -- Up-to-date symlink: /home/rosdev/ros2_ws/install/realsense2_camera/include/realsense_node_factory.h
[1.726s] -- Up-to-date symlink: /home/rosdev/ros2_ws/install/realsense2_camera/include/ros_param_backend.h
[1.727s] -- Up-to-date symlink: /home/rosdev/ros2_ws/install/realsense2_camera/include/ros_sensor.h
[1.727s] -- Up-to-date symlink: /home/rosdev/ros2_ws/install/realsense2_camera/include/ros_utils.h
[1.727s] -- Up-to-date symlink: /home/rosdev/ros2_ws/install/realsense2_camera/include/sensor_params.h
[1.727s] -- Up-to-date symlink: /home/rosdev/ros2_ws/install/realsense2_camera/share/realsense2_camera/launch/default.rviz
[1.727s] -- Up-to-date symlink: /home/rosdev/ros2_ws/install/realsense2_camera/share/realsense2_camera/launch/rs_intra_process_demo_launch.py
[1.728s] -- Up-to-date symlink: /home/rosdev/ros2_ws/install/realsense2_camera/share/realsense2_camera/launch/rs_launch.py
[1.734s] -- Up-to-date symlink: /home/rosdev/ros2_ws/install/realsense2_camera/share/realsense2_camera/launch/rs_multi_camera_launch.py
[1.734s] -- Up-to-date symlink: /home/rosdev/ros2_ws/install/realsense2_camera/share/realsense2_camera/environment/library_path.sh
[1.735s] -- Up-to-date symlink: /home/rosdev/ros2_ws/install/realsense2_camera/share/realsense2_camera/environment/library_path.dsv
[1.735s] -- Up-to-date symlink: /home/rosdev/ros2_ws/install/realsense2_camera/share/ament_index/resource_index/package_run_dependencies/realsense2_camera
[1.735s] -- Up-to-date symlink: /home/rosdev/ros2_ws/install/realsense2_camera/share/ament_index/resource_index/parent_prefix_path/realsense2_camera
[1.736s] -- Up-to-date symlink: /home/rosdev/ros2_ws/install/realsense2_camera/share/realsense2_camera/environment/ament_prefix_path.sh
[1.736s] -- Up-to-date symlink: /home/rosdev/ros2_ws/install/realsense2_camera/share/realsense2_camera/environment/ament_prefix_path.dsv
[1.736s] -- Up-to-date symlink: /home/rosdev/ros2_ws/install/realsense2_camera/share/realsense2_camera/environment/path.sh
[1.736s] -- Up-to-date symlink: /home/rosdev/ros2_ws/install/realsense2_camera/share/realsense2_camera/environment/path.dsv
[1.737s] -- Up-to-date symlink: /home/rosdev/ros2_ws/install/realsense2_camera/share/realsense2_camera/local_setup.bash
[1.737s] -- Up-to-date symlink: /home/rosdev/ros2_ws/install/realsense2_camera/share/realsense2_camera/local_setup.sh
[1.737s] -- Up-to-date symlink: /home/rosdev/ros2_ws/install/realsense2_camera/share/realsense2_camera/local_setup.zsh
[1.738s] -- Up-to-date symlink: /home/rosdev/ros2_ws/install/realsense2_camera/share/realsense2_camera/local_setup.dsv
[1.739s] -- Symlinking: /home/rosdev/ros2_ws/install/realsense2_camera/share/realsense2_camera/package.dsv
[1.761s] -- Up-to-date symlink: /home/rosdev/ros2_ws/install/realsense2_camera/share/ament_index/resource_index/packages/realsense2_camera
[1.761s] -- Up-to-date symlink: /home/rosdev/ros2_ws/install/realsense2_camera/share/ament_index/resource_index/rclcpp_components/realsense2_camera
[1.761s] -- Up-to-date symlink: /home/rosdev/ros2_ws/install/realsense2_camera/share/realsense2_camera/cmake/ament_cmake_export_include_directories-extras.cmake
[1.762s] -- Up-to-date symlink: /home/rosdev/ros2_ws/install/realsense2_camera/share/realsense2_camera/cmake/ament_cmake_export_libraries-extras.cmake
[1.762s] -- Up-to-date symlink: /home/rosdev/ros2_ws/install/realsense2_camera/share/realsense2_camera/cmake/ament_cmake_export_dependencies-extras.cmake
[1.763s] -- Up-to-date symlink: /home/rosdev/ros2_ws/install/realsense2_camera/share/realsense2_camera/cmake/realsense2_cameraConfig.cmake
[1.763s] -- Up-to-date symlink: /home/rosdev/ros2_ws/install/realsense2_camera/share/realsense2_camera/cmake/realsense2_cameraConfig-version.cmake
[1.763s] -- Up-to-date symlink: /home/rosdev/ros2_ws/install/realsense2_camera/share/realsense2_camera/package.xml
[1.776s] Invoked command in '/home/rosdev/ros2_ws/build/realsense2_camera' returned '0': AMENT_PREFIX_PATH=/home/rosdev/ros2_ws/install/tf2_ros:/home/rosdev/ros2_ws/install/tf2_msgs:/home/rosdev/ros2_ws/install/tf2:/home/rosdev/ros2_ws/install/realsense2_camera_msgs:/home/rosdev/ros2_ws/install/cv_bridge:${AMENT_PREFIX_PATH} CMAKE_PREFIX_PATH=/home/rosdev/ros2_ws/install/tf2_ros:/home/rosdev/ros2_ws/install/tf2_msgs:/home/rosdev/ros2_ws/install/tf2:/home/rosdev/ros2_ws/install/realsense2_camera_msgs:/home/rosdev/ros2_ws/install/cv_bridge:/opt/ros/humble LD_LIBRARY_PATH=/home/rosdev/ros2_ws/install/tf2_ros/lib:/home/rosdev/ros2_ws/install/tf2_msgs/lib:/home/rosdev/ros2_ws/install/tf2/lib:/home/rosdev/ros2_ws/install/realsense2_camera_msgs/lib:/home/rosdev/ros2_ws/install/cv_bridge/lib:${LD_LIBRARY_PATH} PYTHONPATH=/home/rosdev/ros2_ws/install/tf2_msgs/local/lib/python3.10/dist-packages:/home/rosdev/ros2_ws/install/realsense2_camera_msgs/local/lib/python3.10/dist-packages:/home/rosdev/ros2_ws/install/cv_bridge/local/lib/python3.10/dist-packages:${PYTHONPATH} /usr/bin/cmake --install /home/rosdev/ros2_ws/build/realsense2_camera
