[0.409s] Invoking command in '/home/rosdev/ros2_ws/build/vision_opencv': AMENT_PREFIX_PATH=/home/rosdev/ros2_ws/install/image_geometry:/home/rosdev/ros2_ws/install/cv_bridge:${AMENT_PREFIX_PATH} CMAKE_PREFIX_PATH=/home/rosdev/ros2_ws/install/image_geometry:/home/rosdev/ros2_ws/install/cv_bridge:/opt/ros/humble LD_LIBRARY_PATH=/home/rosdev/ros2_ws/install/image_geometry/lib:/home/rosdev/ros2_ws/install/cv_bridge/lib:${LD_LIBRARY_PATH} PYTHONPATH=/home/rosdev/ros2_ws/install/image_geometry/local/lib/python3.10/dist-packages:/home/rosdev/ros2_ws/install/cv_bridge/local/lib/python3.10/dist-packages:${PYTHONPATH} /usr/bin/cmake /home/rosdev/ros2_ws/src/vision_opencv/vision_opencv -DAMENT_CMAKE_SYMLINK_INSTALL=1 -DCMAKE_INSTALL_PREFIX=/home/rosdev/ros2_ws/install/vision_opencv
[0.803s] -- Found ament_cmake: 1.3.11 (/opt/ros/humble/share/ament_cmake/cmake)
[0.808s] -- Override CMake install command with custom implementation using symlinks instead of copying resources
[0.832s] -- Configuring done
[0.835s] -- Generating done
[0.838s] -- Build files have been written to: /home/rosdev/ros2_ws/build/vision_opencv
[0.858s] Invoked command in '/home/rosdev/ros2_ws/build/vision_opencv' returned '0': AMENT_PREFIX_PATH=/home/rosdev/ros2_ws/install/image_geometry:/home/rosdev/ros2_ws/install/cv_bridge:${AMENT_PREFIX_PATH} CMAKE_PREFIX_PATH=/home/rosdev/ros2_ws/install/image_geometry:/home/rosdev/ros2_ws/install/cv_bridge:/opt/ros/humble LD_LIBRARY_PATH=/home/rosdev/ros2_ws/install/image_geometry/lib:/home/rosdev/ros2_ws/install/cv_bridge/lib:${LD_LIBRARY_PATH} PYTHONPATH=/home/rosdev/ros2_ws/install/image_geometry/local/lib/python3.10/dist-packages:/home/rosdev/ros2_ws/install/cv_bridge/local/lib/python3.10/dist-packages:${PYTHONPATH} /usr/bin/cmake /home/rosdev/ros2_ws/src/vision_opencv/vision_opencv -DAMENT_CMAKE_SYMLINK_INSTALL=1 -DCMAKE_INSTALL_PREFIX=/home/rosdev/ros2_ws/install/vision_opencv
[0.859s] Invoking command in '/home/rosdev/ros2_ws/build/vision_opencv': AMENT_PREFIX_PATH=/home/rosdev/ros2_ws/install/image_geometry:/home/rosdev/ros2_ws/install/cv_bridge:${AMENT_PREFIX_PATH} CMAKE_PREFIX_PATH=/home/rosdev/ros2_ws/install/image_geometry:/home/rosdev/ros2_ws/install/cv_bridge:/opt/ros/humble LD_LIBRARY_PATH=/home/rosdev/ros2_ws/install/image_geometry/lib:/home/rosdev/ros2_ws/install/cv_bridge/lib:${LD_LIBRARY_PATH} PYTHONPATH=/home/rosdev/ros2_ws/install/image_geometry/local/lib/python3.10/dist-packages:/home/rosdev/ros2_ws/install/cv_bridge/local/lib/python3.10/dist-packages:${PYTHONPATH} /usr/bin/cmake --build /home/rosdev/ros2_ws/build/vision_opencv -- -j12 -l12
[0.930s] Invoked command in '/home/rosdev/ros2_ws/build/vision_opencv' returned '0': AMENT_PREFIX_PATH=/home/rosdev/ros2_ws/install/image_geometry:/home/rosdev/ros2_ws/install/cv_bridge:${AMENT_PREFIX_PATH} CMAKE_PREFIX_PATH=/home/rosdev/ros2_ws/install/image_geometry:/home/rosdev/ros2_ws/install/cv_bridge:/opt/ros/humble LD_LIBRARY_PATH=/home/rosdev/ros2_ws/install/image_geometry/lib:/home/rosdev/ros2_ws/install/cv_bridge/lib:${LD_LIBRARY_PATH} PYTHONPATH=/home/rosdev/ros2_ws/install/image_geometry/local/lib/python3.10/dist-packages:/home/rosdev/ros2_ws/install/cv_bridge/local/lib/python3.10/dist-packages:${PYTHONPATH} /usr/bin/cmake --build /home/rosdev/ros2_ws/build/vision_opencv -- -j12 -l12
[0.931s] Invoking command in '/home/rosdev/ros2_ws/build/vision_opencv': AMENT_PREFIX_PATH=/home/rosdev/ros2_ws/install/image_geometry:/home/rosdev/ros2_ws/install/cv_bridge:${AMENT_PREFIX_PATH} CMAKE_PREFIX_PATH=/home/rosdev/ros2_ws/install/image_geometry:/home/rosdev/ros2_ws/install/cv_bridge:/opt/ros/humble LD_LIBRARY_PATH=/home/rosdev/ros2_ws/install/image_geometry/lib:/home/rosdev/ros2_ws/install/cv_bridge/lib:${LD_LIBRARY_PATH} PYTHONPATH=/home/rosdev/ros2_ws/install/image_geometry/local/lib/python3.10/dist-packages:/home/rosdev/ros2_ws/install/cv_bridge/local/lib/python3.10/dist-packages:${PYTHONPATH} /usr/bin/cmake --install /home/rosdev/ros2_ws/build/vision_opencv
[0.943s] -- Install configuration: ""
[0.944s] -- Execute custom install script
[0.944s] -- Up-to-date symlink: /home/rosdev/ros2_ws/install/vision_opencv/share/ament_index/resource_index/package_run_dependencies/vision_opencv
[0.944s] -- Up-to-date symlink: /home/rosdev/ros2_ws/install/vision_opencv/share/ament_index/resource_index/parent_prefix_path/vision_opencv
[0.945s] -- Up-to-date symlink: /home/rosdev/ros2_ws/install/vision_opencv/share/vision_opencv/environment/ament_prefix_path.sh
[0.945s] -- Up-to-date symlink: /home/rosdev/ros2_ws/install/vision_opencv/share/vision_opencv/environment/ament_prefix_path.dsv
[0.945s] -- Up-to-date symlink: /home/rosdev/ros2_ws/install/vision_opencv/share/vision_opencv/environment/path.sh
[0.945s] -- Up-to-date symlink: /home/rosdev/ros2_ws/install/vision_opencv/share/vision_opencv/environment/path.dsv
[0.946s] -- Up-to-date symlink: /home/rosdev/ros2_ws/install/vision_opencv/share/vision_opencv/local_setup.bash
[0.946s] -- Up-to-date symlink: /home/rosdev/ros2_ws/install/vision_opencv/share/vision_opencv/local_setup.sh
[0.946s] -- Up-to-date symlink: /home/rosdev/ros2_ws/install/vision_opencv/share/vision_opencv/local_setup.zsh
[0.947s] -- Up-to-date symlink: /home/rosdev/ros2_ws/install/vision_opencv/share/vision_opencv/local_setup.dsv
[0.947s] -- Symlinking: /home/rosdev/ros2_ws/install/vision_opencv/share/vision_opencv/package.dsv
[0.968s] -- Up-to-date symlink: /home/rosdev/ros2_ws/install/vision_opencv/share/ament_index/resource_index/packages/vision_opencv
[0.968s] -- Up-to-date symlink: /home/rosdev/ros2_ws/install/vision_opencv/share/vision_opencv/cmake/vision_opencvConfig.cmake
[0.968s] -- Up-to-date symlink: /home/rosdev/ros2_ws/install/vision_opencv/share/vision_opencv/cmake/vision_opencvConfig-version.cmake
[0.969s] -- Up-to-date symlink: /home/rosdev/ros2_ws/install/vision_opencv/share/vision_opencv/package.xml
[0.981s] Invoked command in '/home/rosdev/ros2_ws/build/vision_opencv' returned '0': AMENT_PREFIX_PATH=/home/rosdev/ros2_ws/install/image_geometry:/home/rosdev/ros2_ws/install/cv_bridge:${AMENT_PREFIX_PATH} CMAKE_PREFIX_PATH=/home/rosdev/ros2_ws/install/image_geometry:/home/rosdev/ros2_ws/install/cv_bridge:/opt/ros/humble LD_LIBRARY_PATH=/home/rosdev/ros2_ws/install/image_geometry/lib:/home/rosdev/ros2_ws/install/cv_bridge/lib:${LD_LIBRARY_PATH} PYTHONPATH=/home/rosdev/ros2_ws/install/image_geometry/local/lib/python3.10/dist-packages:/home/rosdev/ros2_ws/install/cv_bridge/local/lib/python3.10/dist-packages:${PYTHONPATH} /usr/bin/cmake --install /home/rosdev/ros2_ws/build/vision_opencv
