[1.069s] Invoking command in '/home/rosdev/ros2_ws/build/vision_opencv': AMENT_PREFIX_PATH=/home/rosdev/ros2_ws/install/image_geometry:/home/rosdev/ros2_ws/install/cv_bridge:${AMENT_PREFIX_PATH} CMAKE_PREFIX_PATH=/home/rosdev/ros2_ws/install/image_geometry:/home/rosdev/ros2_ws/install/cv_bridge:/home/rosdev/librealsense/build/install/nlohmann_json:/home/rosdev/librealsense/build/install/CURL:/opt/ros/humble LD_LIBRARY_PATH=/home/rosdev/ros2_ws/install/image_geometry/lib:/home/rosdev/ros2_ws/install/cv_bridge/lib:${LD_LIBRARY_PATH} PYTHONPATH=/home/rosdev/ros2_ws/install/image_geometry/local/lib/python3.10/dist-packages:/home/rosdev/ros2_ws/install/cv_bridge/local/lib/python3.10/dist-packages:${PYTHONPATH} /usr/bin/cmake /home/rosdev/ros2_ws/src/vision_opencv/vision_opencv -DAMENT_CMAKE_SYMLINK_INSTALL=1 -DCMAKE_INSTALL_PREFIX=/home/rosdev/ros2_ws/install/vision_opencv
[1.094s] -- Found ament_cmake: 1.3.11 (/opt/ros/humble/share/ament_cmake/cmake)
[1.542s] -- Override CMake install command with custom implementation using symlinks instead of copying resources
[1.790s] -- Configuring done
[1.813s] -- Generating done
[1.814s] -- Build files have been written to: /home/rosdev/ros2_ws/build/vision_opencv
[1.867s] Invoked command in '/home/rosdev/ros2_ws/build/vision_opencv' returned '0': AMENT_PREFIX_PATH=/home/rosdev/ros2_ws/install/image_geometry:/home/rosdev/ros2_ws/install/cv_bridge:${AMENT_PREFIX_PATH} CMAKE_PREFIX_PATH=/home/rosdev/ros2_ws/install/image_geometry:/home/rosdev/ros2_ws/install/cv_bridge:/home/rosdev/librealsense/build/install/nlohmann_json:/home/rosdev/librealsense/build/install/CURL:/opt/ros/humble LD_LIBRARY_PATH=/home/rosdev/ros2_ws/install/image_geometry/lib:/home/rosdev/ros2_ws/install/cv_bridge/lib:${LD_LIBRARY_PATH} PYTHONPATH=/home/rosdev/ros2_ws/install/image_geometry/local/lib/python3.10/dist-packages:/home/rosdev/ros2_ws/install/cv_bridge/local/lib/python3.10/dist-packages:${PYTHONPATH} /usr/bin/cmake /home/rosdev/ros2_ws/src/vision_opencv/vision_opencv -DAMENT_CMAKE_SYMLINK_INSTALL=1 -DCMAKE_INSTALL_PREFIX=/home/rosdev/ros2_ws/install/vision_opencv
[1.868s] Invoking command in '/home/rosdev/ros2_ws/build/vision_opencv': AMENT_PREFIX_PATH=/home/rosdev/ros2_ws/install/image_geometry:/home/rosdev/ros2_ws/install/cv_bridge:${AMENT_PREFIX_PATH} CMAKE_PREFIX_PATH=/home/rosdev/ros2_ws/install/image_geometry:/home/rosdev/ros2_ws/install/cv_bridge:/home/rosdev/librealsense/build/install/nlohmann_json:/home/rosdev/librealsense/build/install/CURL:/opt/ros/humble LD_LIBRARY_PATH=/home/rosdev/ros2_ws/install/image_geometry/lib:/home/rosdev/ros2_ws/install/cv_bridge/lib:${LD_LIBRARY_PATH} PYTHONPATH=/home/rosdev/ros2_ws/install/image_geometry/local/lib/python3.10/dist-packages:/home/rosdev/ros2_ws/install/cv_bridge/local/lib/python3.10/dist-packages:${PYTHONPATH} /usr/bin/cmake --build /home/rosdev/ros2_ws/build/vision_opencv -- -j12 -l12
[2.037s] Invoked command in '/home/rosdev/ros2_ws/build/vision_opencv' returned '0': AMENT_PREFIX_PATH=/home/rosdev/ros2_ws/install/image_geometry:/home/rosdev/ros2_ws/install/cv_bridge:${AMENT_PREFIX_PATH} CMAKE_PREFIX_PATH=/home/rosdev/ros2_ws/install/image_geometry:/home/rosdev/ros2_ws/install/cv_bridge:/home/rosdev/librealsense/build/install/nlohmann_json:/home/rosdev/librealsense/build/install/CURL:/opt/ros/humble LD_LIBRARY_PATH=/home/rosdev/ros2_ws/install/image_geometry/lib:/home/rosdev/ros2_ws/install/cv_bridge/lib:${LD_LIBRARY_PATH} PYTHONPATH=/home/rosdev/ros2_ws/install/image_geometry/local/lib/python3.10/dist-packages:/home/rosdev/ros2_ws/install/cv_bridge/local/lib/python3.10/dist-packages:${PYTHONPATH} /usr/bin/cmake --build /home/rosdev/ros2_ws/build/vision_opencv -- -j12 -l12
[2.037s] Invoking command in '/home/rosdev/ros2_ws/build/vision_opencv': AMENT_PREFIX_PATH=/home/rosdev/ros2_ws/install/image_geometry:/home/rosdev/ros2_ws/install/cv_bridge:${AMENT_PREFIX_PATH} CMAKE_PREFIX_PATH=/home/rosdev/ros2_ws/install/image_geometry:/home/rosdev/ros2_ws/install/cv_bridge:/home/rosdev/librealsense/build/install/nlohmann_json:/home/rosdev/librealsense/build/install/CURL:/opt/ros/humble LD_LIBRARY_PATH=/home/rosdev/ros2_ws/install/image_geometry/lib:/home/rosdev/ros2_ws/install/cv_bridge/lib:${LD_LIBRARY_PATH} PYTHONPATH=/home/rosdev/ros2_ws/install/image_geometry/local/lib/python3.10/dist-packages:/home/rosdev/ros2_ws/install/cv_bridge/local/lib/python3.10/dist-packages:${PYTHONPATH} /usr/bin/cmake --install /home/rosdev/ros2_ws/build/vision_opencv
[2.054s] -- Install configuration: ""
[2.054s] -- Execute custom install script
[2.055s] -- Up-to-date symlink: /home/rosdev/ros2_ws/install/vision_opencv/share/ament_index/resource_index/package_run_dependencies/vision_opencv
[2.055s] -- Up-to-date symlink: /home/rosdev/ros2_ws/install/vision_opencv/share/ament_index/resource_index/parent_prefix_path/vision_opencv
[2.056s] -- Up-to-date symlink: /home/rosdev/ros2_ws/install/vision_opencv/share/vision_opencv/environment/ament_prefix_path.sh
[2.056s] -- Up-to-date symlink: /home/rosdev/ros2_ws/install/vision_opencv/share/vision_opencv/environment/ament_prefix_path.dsv
[2.057s] -- Up-to-date symlink: /home/rosdev/ros2_ws/install/vision_opencv/share/vision_opencv/environment/path.sh
[2.057s] -- Up-to-date symlink: /home/rosdev/ros2_ws/install/vision_opencv/share/vision_opencv/environment/path.dsv
[2.058s] -- Up-to-date symlink: /home/rosdev/ros2_ws/install/vision_opencv/share/vision_opencv/local_setup.bash
[2.058s] -- Up-to-date symlink: /home/rosdev/ros2_ws/install/vision_opencv/share/vision_opencv/local_setup.sh
[2.058s] -- Up-to-date symlink: /home/rosdev/ros2_ws/install/vision_opencv/share/vision_opencv/local_setup.zsh
[2.059s] -- Up-to-date symlink: /home/rosdev/ros2_ws/install/vision_opencv/share/vision_opencv/local_setup.dsv
[2.059s] -- Symlinking: /home/rosdev/ros2_ws/install/vision_opencv/share/vision_opencv/package.dsv
[2.097s] -- Up-to-date symlink: /home/rosdev/ros2_ws/install/vision_opencv/share/ament_index/resource_index/packages/vision_opencv
[2.101s] -- Up-to-date symlink: /home/rosdev/ros2_ws/install/vision_opencv/share/vision_opencv/cmake/vision_opencvConfig.cmake
[2.102s] -- Up-to-date symlink: /home/rosdev/ros2_ws/install/vision_opencv/share/vision_opencv/cmake/vision_opencvConfig-version.cmake
[2.107s] -- Up-to-date symlink: /home/rosdev/ros2_ws/install/vision_opencv/share/vision_opencv/package.xml
[2.121s] Invoked command in '/home/rosdev/ros2_ws/build/vision_opencv' returned '0': AMENT_PREFIX_PATH=/home/rosdev/ros2_ws/install/image_geometry:/home/rosdev/ros2_ws/install/cv_bridge:${AMENT_PREFIX_PATH} CMAKE_PREFIX_PATH=/home/rosdev/ros2_ws/install/image_geometry:/home/rosdev/ros2_ws/install/cv_bridge:/home/rosdev/librealsense/build/install/nlohmann_json:/home/rosdev/librealsense/build/install/CURL:/opt/ros/humble LD_LIBRARY_PATH=/home/rosdev/ros2_ws/install/image_geometry/lib:/home/rosdev/ros2_ws/install/cv_bridge/lib:${LD_LIBRARY_PATH} PYTHONPATH=/home/rosdev/ros2_ws/install/image_geometry/local/lib/python3.10/dist-packages:/home/rosdev/ros2_ws/install/cv_bridge/local/lib/python3.10/dist-packages:${PYTHONPATH} /usr/bin/cmake --install /home/rosdev/ros2_ws/build/vision_opencv
