running egg_info
writing ../../../build/examples_tf2_py/examples_tf2_py.egg-info/PKG-INFO
writing dependency_links to ../../../build/examples_tf2_py/examples_tf2_py.egg-info/dependency_links.txt
writing entry points to ../../../build/examples_tf2_py/examples_tf2_py.egg-info/entry_points.txt
writing requirements to ../../../build/examples_tf2_py/examples_tf2_py.egg-info/requires.txt
writing top-level names to ../../../build/examples_tf2_py/examples_tf2_py.egg-info/top_level.txt
reading manifest file '../../../build/examples_tf2_py/examples_tf2_py.egg-info/SOURCES.txt'
writing manifest file '../../../build/examples_tf2_py/examples_tf2_py.egg-info/SOURCES.txt'
running build
running build_py
running install
running install_lib
running install_data
running install_egg_info
removing '/home/rosdev/ros2_ws/install/examples_tf2_py/lib/python3.10/site-packages/examples_tf2_py-0.25.7-py3.10.egg-info' (and everything under it)
Copying ../../../build/examples_tf2_py/examples_tf2_py.egg-info to /home/rosdev/ros2_ws/install/examples_tf2_py/lib/python3.10/site-packages/examples_tf2_py-0.25.7-py3.10.egg-info
running install_scripts
Installing async_waits_for_transform script to /home/rosdev/ros2_ws/install/examples_tf2_py/lib/examples_tf2_py
Installing blocking_waits_for_transform script to /home/rosdev/ros2_ws/install/examples_tf2_py/lib/examples_tf2_py
Installing dynamic_broadcaster script to /home/rosdev/ros2_ws/install/examples_tf2_py/lib/examples_tf2_py
Installing frame_dumper script to /home/rosdev/ros2_ws/install/examples_tf2_py/lib/examples_tf2_py
Installing static_broadcaster script to /home/rosdev/ros2_ws/install/examples_tf2_py/lib/examples_tf2_py
Installing waits_for_transform script to /home/rosdev/ros2_ws/install/examples_tf2_py/lib/examples_tf2_py
writing list of installed files to '/home/rosdev/ros2_ws/build/examples_tf2_py/install.log'
