[0.126s] Invoking command in '/home/rosdev/ros2_ws/build/tf2_ros': AMENT_PREFIX_PATH=/home/rosdev/ros2_ws/install/tf2_msgs:/home/rosdev/ros2_ws/install/tf2:${AMENT_PREFIX_PATH} CMAKE_PREFIX_PATH=/home/rosdev/ros2_ws/install/tf2_msgs:/home/rosdev/ros2_ws/install/tf2:/opt/ros/humble LD_LIBRARY_PATH=/home/rosdev/ros2_ws/install/tf2_msgs/lib:/home/rosdev/ros2_ws/install/tf2/lib:${LD_LIBRARY_PATH} PYTHONPATH=/home/rosdev/ros2_ws/install/tf2_msgs/local/lib/python3.10/dist-packages:${PYTHONPATH} /usr/bin/cmake --build /home/rosdev/ros2_ws/build/tf2_ros -- -j12 -l12
[0.235s] [  5%] Built target gtest_main
[0.235s] [ 10%] Built target gtest
[0.250s] [ 30%] Built target tf2_ros
[0.333s] [ 40%] Built target tf2_echo
[0.333s] [ 40%] Built target buffer_server
[0.335s] [ 45%] Built target tf2_monitor
[0.336s] [ 50%] Built target static_transform_broadcaster_node
[0.338s] [ 55%] Built target test_buffer
[0.344s] [ 60%] Built target test_buffer_server
[0.347s] [ 65%] Built target test_buffer_client
[0.348s] [ 70%] Built target tf2_ros_test_message_filter
[0.353s] [ 75%] Built target tf2_ros_test_static_transform_broadcaster
[0.354s] [ 80%] Built target tf2_ros_test_transform_listener
[0.359s] [ 85%] Built target tf2_ros_test_time_reset
[0.368s] [ 90%] Built target tf2_ros_test_transform_broadcaster
[0.396s] [100%] Built target tf2_ros_test_listener
[0.396s] [100%] Built target static_transform_publisher
[0.983s] Invoked command in '/home/rosdev/ros2_ws/build/tf2_ros' returned '0': AMENT_PREFIX_PATH=/home/rosdev/ros2_ws/install/tf2_msgs:/home/rosdev/ros2_ws/install/tf2:${AMENT_PREFIX_PATH} CMAKE_PREFIX_PATH=/home/rosdev/ros2_ws/install/tf2_msgs:/home/rosdev/ros2_ws/install/tf2:/opt/ros/humble LD_LIBRARY_PATH=/home/rosdev/ros2_ws/install/tf2_msgs/lib:/home/rosdev/ros2_ws/install/tf2/lib:${LD_LIBRARY_PATH} PYTHONPATH=/home/rosdev/ros2_ws/install/tf2_msgs/local/lib/python3.10/dist-packages:${PYTHONPATH} /usr/bin/cmake --build /home/rosdev/ros2_ws/build/tf2_ros -- -j12 -l12
[0.986s] Invoking command in '/home/rosdev/ros2_ws/build/tf2_ros': AMENT_PREFIX_PATH=/home/rosdev/ros2_ws/install/tf2_msgs:/home/rosdev/ros2_ws/install/tf2:${AMENT_PREFIX_PATH} CMAKE_PREFIX_PATH=/home/rosdev/ros2_ws/install/tf2_msgs:/home/rosdev/ros2_ws/install/tf2:/opt/ros/humble LD_LIBRARY_PATH=/home/rosdev/ros2_ws/install/tf2_msgs/lib:/home/rosdev/ros2_ws/install/tf2/lib:${LD_LIBRARY_PATH} PYTHONPATH=/home/rosdev/ros2_ws/install/tf2_msgs/local/lib/python3.10/dist-packages:${PYTHONPATH} /usr/bin/cmake --install /home/rosdev/ros2_ws/build/tf2_ros
[1.007s] -- Install configuration: ""
[1.008s] -- Execute custom install script
[1.008s] -- Up-to-date symlink: /home/rosdev/ros2_ws/install/tf2_ros/lib/tf2_ros/buffer_server
[1.008s] -- Up-to-date symlink: /home/rosdev/ros2_ws/install/tf2_ros/lib/tf2_ros/static_transform_publisher
[1.008s] -- Up-to-date symlink: /home/rosdev/ros2_ws/install/tf2_ros/lib/tf2_ros/tf2_echo
[1.008s] -- Up-to-date symlink: /home/rosdev/ros2_ws/install/tf2_ros/lib/tf2_ros/tf2_monitor
[1.008s] -- Up-to-date symlink: /home/rosdev/ros2_ws/install/tf2_ros/include/tf2_ros/tf2_ros/async_buffer_interface.h
[1.008s] -- Up-to-date symlink: /home/rosdev/ros2_ws/install/tf2_ros/include/tf2_ros/tf2_ros/buffer.h
[1.009s] -- Up-to-date symlink: /home/rosdev/ros2_ws/install/tf2_ros/include/tf2_ros/tf2_ros/buffer_client.h
[1.009s] -- Up-to-date symlink: /home/rosdev/ros2_ws/install/tf2_ros/include/tf2_ros/tf2_ros/buffer_interface.h
[1.009s] -- Up-to-date symlink: /home/rosdev/ros2_ws/install/tf2_ros/include/tf2_ros/tf2_ros/buffer_server.h
[1.009s] -- Up-to-date symlink: /home/rosdev/ros2_ws/install/tf2_ros/include/tf2_ros/tf2_ros/create_timer_interface.h
[1.009s] -- Up-to-date symlink: /home/rosdev/ros2_ws/install/tf2_ros/include/tf2_ros/tf2_ros/create_timer_ros.h
[1.009s] -- Up-to-date symlink: /home/rosdev/ros2_ws/install/tf2_ros/include/tf2_ros/tf2_ros/message_filter.h
[1.009s] -- Up-to-date symlink: /home/rosdev/ros2_ws/install/tf2_ros/include/tf2_ros/tf2_ros/qos.hpp
[1.009s] -- Up-to-date symlink: /home/rosdev/ros2_ws/install/tf2_ros/include/tf2_ros/tf2_ros/static_transform_broadcaster.h
[1.009s] -- Up-to-date symlink: /home/rosdev/ros2_ws/install/tf2_ros/include/tf2_ros/tf2_ros/static_transform_broadcaster_node.hpp
[1.009s] -- Up-to-date symlink: /home/rosdev/ros2_ws/install/tf2_ros/include/tf2_ros/tf2_ros/static_transform_broadcaster_visibility_control.h
[1.009s] -- Up-to-date symlink: /home/rosdev/ros2_ws/install/tf2_ros/include/tf2_ros/tf2_ros/transform_broadcaster.h
[1.009s] -- Up-to-date symlink: /home/rosdev/ros2_ws/install/tf2_ros/include/tf2_ros/tf2_ros/transform_listener.h
[1.010s] -- Up-to-date symlink: /home/rosdev/ros2_ws/install/tf2_ros/include/tf2_ros/tf2_ros/visibility_control.h
[1.010s] -- Up-to-date symlink: /home/rosdev/ros2_ws/install/tf2_ros/share/tf2_ros/environment/library_path.sh
[1.010s] -- Up-to-date symlink: /home/rosdev/ros2_ws/install/tf2_ros/share/tf2_ros/environment/library_path.dsv
[1.010s] -- Up-to-date symlink: /home/rosdev/ros2_ws/install/tf2_ros/share/ament_index/resource_index/package_run_dependencies/tf2_ros
[1.010s] -- Up-to-date symlink: /home/rosdev/ros2_ws/install/tf2_ros/share/ament_index/resource_index/parent_prefix_path/tf2_ros
[1.010s] -- Up-to-date symlink: /home/rosdev/ros2_ws/install/tf2_ros/share/tf2_ros/environment/ament_prefix_path.sh
[1.010s] -- Up-to-date symlink: /home/rosdev/ros2_ws/install/tf2_ros/share/tf2_ros/environment/ament_prefix_path.dsv
[1.010s] -- Up-to-date symlink: /home/rosdev/ros2_ws/install/tf2_ros/share/tf2_ros/environment/path.sh
[1.010s] -- Up-to-date symlink: /home/rosdev/ros2_ws/install/tf2_ros/share/tf2_ros/environment/path.dsv
[1.010s] -- Up-to-date symlink: /home/rosdev/ros2_ws/install/tf2_ros/share/tf2_ros/local_setup.bash
[1.016s] -- Up-to-date symlink: /home/rosdev/ros2_ws/install/tf2_ros/share/tf2_ros/local_setup.sh
[1.017s] -- Up-to-date symlink: /home/rosdev/ros2_ws/install/tf2_ros/share/tf2_ros/local_setup.zsh
[1.017s] -- Up-to-date symlink: /home/rosdev/ros2_ws/install/tf2_ros/share/tf2_ros/local_setup.dsv
[1.017s] -- Symlinking: /home/rosdev/ros2_ws/install/tf2_ros/share/tf2_ros/package.dsv
[1.048s] -- Up-to-date symlink: /home/rosdev/ros2_ws/install/tf2_ros/share/ament_index/resource_index/packages/tf2_ros
[1.048s] -- Up-to-date symlink: /home/rosdev/ros2_ws/install/tf2_ros/share/ament_index/resource_index/rclcpp_components/tf2_ros
[1.048s] -- Up-to-date symlink: /home/rosdev/ros2_ws/install/tf2_ros/share/tf2_ros/cmake/ament_cmake_export_include_directories-extras.cmake
[1.048s] -- Up-to-date symlink: /home/rosdev/ros2_ws/install/tf2_ros/share/tf2_ros/cmake/ament_cmake_export_libraries-extras.cmake
[1.049s] -- Up-to-date symlink: /home/rosdev/ros2_ws/install/tf2_ros/share/tf2_ros/cmake/ament_cmake_export_targets-extras.cmake
[1.049s] -- Up-to-date symlink: /home/rosdev/ros2_ws/install/tf2_ros/share/tf2_ros/cmake/ament_cmake_export_dependencies-extras.cmake
[1.049s] -- Up-to-date symlink: /home/rosdev/ros2_ws/install/tf2_ros/share/tf2_ros/cmake/tf2_rosConfig.cmake
[1.049s] -- Up-to-date symlink: /home/rosdev/ros2_ws/install/tf2_ros/share/tf2_ros/cmake/tf2_rosConfig-version.cmake
[1.049s] -- Up-to-date symlink: /home/rosdev/ros2_ws/install/tf2_ros/share/tf2_ros/package.xml
[1.050s] -- Up-to-date: /home/rosdev/ros2_ws/install/tf2_ros/lib/libtf2_ros.so
[1.050s] -- Up-to-date: /home/rosdev/ros2_ws/install/tf2_ros/lib/libstatic_transform_broadcaster_node.so
[1.051s] -- Up-to-date: /home/rosdev/ros2_ws/install/tf2_ros/share/tf2_ros/cmake/export_tf2_rosExport.cmake
[1.051s] -- Up-to-date: /home/rosdev/ros2_ws/install/tf2_ros/share/tf2_ros/cmake/export_tf2_rosExport-noconfig.cmake
[1.498s] Invoked command in '/home/rosdev/ros2_ws/build/tf2_ros' returned '0': AMENT_PREFIX_PATH=/home/rosdev/ros2_ws/install/tf2_msgs:/home/rosdev/ros2_ws/install/tf2:${AMENT_PREFIX_PATH} CMAKE_PREFIX_PATH=/home/rosdev/ros2_ws/install/tf2_msgs:/home/rosdev/ros2_ws/install/tf2:/opt/ros/humble LD_LIBRARY_PATH=/home/rosdev/ros2_ws/install/tf2_msgs/lib:/home/rosdev/ros2_ws/install/tf2/lib:${LD_LIBRARY_PATH} PYTHONPATH=/home/rosdev/ros2_ws/install/tf2_msgs/local/lib/python3.10/dist-packages:${PYTHONPATH} /usr/bin/cmake --install /home/rosdev/ros2_ws/build/tf2_ros
