[0.126s] Invoking command in '/home/rosdev/ros2_ws/build/tf2_bullet': AMENT_PREFIX_PATH=/home/rosdev/ros2_ws/install/tf2_ros:/home/rosdev/ros2_ws/install/tf2_msgs:/home/rosdev/ros2_ws/install/tf2:${AMENT_PREFIX_PATH} CMAKE_PREFIX_PATH=/home/rosdev/ros2_ws/install/tf2_ros:/home/rosdev/ros2_ws/install/tf2_msgs:/home/rosdev/ros2_ws/install/tf2:/opt/ros/humble LD_LIBRARY_PATH=/home/rosdev/ros2_ws/install/tf2_ros/lib:/home/rosdev/ros2_ws/install/tf2_msgs/lib:/home/rosdev/ros2_ws/install/tf2/lib:${LD_LIBRARY_PATH} PYTHONPATH=/home/rosdev/ros2_ws/install/tf2_msgs/local/lib/python3.10/dist-packages:${PYTHONPATH} /usr/bin/cmake --build /home/rosdev/ros2_ws/build/tf2_bullet -- -j12 -l12
[0.240s] [ 33%] Built target gtest_main
[0.288s] [ 66%] Built target gtest
[0.358s] [100%] Built target test_bullet
[1.049s] Invoked command in '/home/rosdev/ros2_ws/build/tf2_bullet' returned '0': AMENT_PREFIX_PATH=/home/rosdev/ros2_ws/install/tf2_ros:/home/rosdev/ros2_ws/install/tf2_msgs:/home/rosdev/ros2_ws/install/tf2:${AMENT_PREFIX_PATH} CMAKE_PREFIX_PATH=/home/rosdev/ros2_ws/install/tf2_ros:/home/rosdev/ros2_ws/install/tf2_msgs:/home/rosdev/ros2_ws/install/tf2:/opt/ros/humble LD_LIBRARY_PATH=/home/rosdev/ros2_ws/install/tf2_ros/lib:/home/rosdev/ros2_ws/install/tf2_msgs/lib:/home/rosdev/ros2_ws/install/tf2/lib:${LD_LIBRARY_PATH} PYTHONPATH=/home/rosdev/ros2_ws/install/tf2_msgs/local/lib/python3.10/dist-packages:${PYTHONPATH} /usr/bin/cmake --build /home/rosdev/ros2_ws/build/tf2_bullet -- -j12 -l12
[1.066s] Invoking command in '/home/rosdev/ros2_ws/build/tf2_bullet': AMENT_PREFIX_PATH=/home/rosdev/ros2_ws/install/tf2_ros:/home/rosdev/ros2_ws/install/tf2_msgs:/home/rosdev/ros2_ws/install/tf2:${AMENT_PREFIX_PATH} CMAKE_PREFIX_PATH=/home/rosdev/ros2_ws/install/tf2_ros:/home/rosdev/ros2_ws/install/tf2_msgs:/home/rosdev/ros2_ws/install/tf2:/opt/ros/humble LD_LIBRARY_PATH=/home/rosdev/ros2_ws/install/tf2_ros/lib:/home/rosdev/ros2_ws/install/tf2_msgs/lib:/home/rosdev/ros2_ws/install/tf2/lib:${LD_LIBRARY_PATH} PYTHONPATH=/home/rosdev/ros2_ws/install/tf2_msgs/local/lib/python3.10/dist-packages:${PYTHONPATH} /usr/bin/cmake --install /home/rosdev/ros2_ws/build/tf2_bullet
[1.097s] -- Install configuration: ""
[1.097s] -- Execute custom install script
[1.097s] -- Up-to-date symlink: /home/rosdev/ros2_ws/install/tf2_bullet/include/tf2_bullet/tf2_bullet/tf2_bullet.h
[1.097s] -- Up-to-date symlink: /home/rosdev/ros2_ws/install/tf2_bullet/include/tf2_bullet/tf2_bullet/tf2_bullet.hpp
[1.098s] -- Up-to-date symlink: /home/rosdev/ros2_ws/install/tf2_bullet/share/ament_index/resource_index/package_run_dependencies/tf2_bullet
[1.098s] -- Up-to-date symlink: /home/rosdev/ros2_ws/install/tf2_bullet/share/ament_index/resource_index/parent_prefix_path/tf2_bullet
[1.098s] -- Up-to-date symlink: /home/rosdev/ros2_ws/install/tf2_bullet/share/tf2_bullet/environment/ament_prefix_path.sh
[1.098s] -- Up-to-date symlink: /home/rosdev/ros2_ws/install/tf2_bullet/share/tf2_bullet/environment/ament_prefix_path.dsv
[1.098s] -- Up-to-date symlink: /home/rosdev/ros2_ws/install/tf2_bullet/share/tf2_bullet/environment/path.sh
[1.098s] -- Up-to-date symlink: /home/rosdev/ros2_ws/install/tf2_bullet/share/tf2_bullet/environment/path.dsv
[1.098s] -- Up-to-date symlink: /home/rosdev/ros2_ws/install/tf2_bullet/share/tf2_bullet/local_setup.bash
[1.098s] -- Up-to-date symlink: /home/rosdev/ros2_ws/install/tf2_bullet/share/tf2_bullet/local_setup.sh
[1.098s] -- Up-to-date symlink: /home/rosdev/ros2_ws/install/tf2_bullet/share/tf2_bullet/local_setup.zsh
[1.098s] -- Up-to-date symlink: /home/rosdev/ros2_ws/install/tf2_bullet/share/tf2_bullet/local_setup.dsv
[1.098s] -- Symlinking: /home/rosdev/ros2_ws/install/tf2_bullet/share/tf2_bullet/package.dsv
[1.116s] -- Up-to-date symlink: /home/rosdev/ros2_ws/install/tf2_bullet/share/ament_index/resource_index/packages/tf2_bullet
[1.116s] -- Up-to-date symlink: /home/rosdev/ros2_ws/install/tf2_bullet/share/tf2_bullet/cmake/bullet-extras.cmake
[1.116s] -- Up-to-date symlink: /home/rosdev/ros2_ws/install/tf2_bullet/share/tf2_bullet/cmake/ament_cmake_export_targets-extras.cmake
[1.116s] -- Up-to-date symlink: /home/rosdev/ros2_ws/install/tf2_bullet/share/tf2_bullet/cmake/tf2_bulletConfig.cmake
[1.117s] -- Up-to-date symlink: /home/rosdev/ros2_ws/install/tf2_bullet/share/tf2_bullet/cmake/tf2_bulletConfig-version.cmake
[1.117s] -- Up-to-date symlink: /home/rosdev/ros2_ws/install/tf2_bullet/share/tf2_bullet/package.xml
[1.117s] -- Up-to-date: /home/rosdev/ros2_ws/install/tf2_bullet/share/tf2_bullet/cmake/export_tf2_bulletExport.cmake
[1.140s] Invoked command in '/home/rosdev/ros2_ws/build/tf2_bullet' returned '0': AMENT_PREFIX_PATH=/home/rosdev/ros2_ws/install/tf2_ros:/home/rosdev/ros2_ws/install/tf2_msgs:/home/rosdev/ros2_ws/install/tf2:${AMENT_PREFIX_PATH} CMAKE_PREFIX_PATH=/home/rosdev/ros2_ws/install/tf2_ros:/home/rosdev/ros2_ws/install/tf2_msgs:/home/rosdev/ros2_ws/install/tf2:/opt/ros/humble LD_LIBRARY_PATH=/home/rosdev/ros2_ws/install/tf2_ros/lib:/home/rosdev/ros2_ws/install/tf2_msgs/lib:/home/rosdev/ros2_ws/install/tf2/lib:${LD_LIBRARY_PATH} PYTHONPATH=/home/rosdev/ros2_ws/install/tf2_msgs/local/lib/python3.10/dist-packages:${PYTHONPATH} /usr/bin/cmake --install /home/rosdev/ros2_ws/build/tf2_bullet
