[0.049s] Invoking command in '/home/rosdev/ros2_ws/build/tf2_msgs': CMAKE_PREFIX_PATH=/opt/ros/humble /usr/bin/cmake /home/rosdev/ros2_ws/src/geometry2/tf2_msgs -DAMENT_CMAKE_SYMLINK_INSTALL=1 -DCMAKE_INSTALL_PREFIX=/home/rosdev/ros2_ws/install/tf2_msgs
[0.076s] -- Found ament_cmake: 1.3.11 (/opt/ros/humble/share/ament_cmake/cmake)
[0.309s] -- Override CMake install command with custom implementation using symlinks instead of copying resources
[0.323s] -- Found rosidl_default_generators: 1.2.0 (/opt/ros/humble/share/rosidl_default_generators/cmake)
[0.326s] -- Using all available rosidl_typesupport_c: rosidl_typesupport_fastrtps_c;rosidl_typesupport_introspection_c
[0.331s] -- Found rosidl_adapter: 3.1.6 (/opt/ros/humble/share/rosidl_adapter/cmake)
[0.385s] -- Using all available rosidl_typesupport_cpp: rosidl_typesupport_fastrtps_cpp;rosidl_typesupport_introspection_cpp
[0.431s] -- Found builtin_interfaces: 1.2.1 (/opt/ros/humble/share/builtin_interfaces/cmake)
[0.451s] -- Found action_msgs: 1.2.1 (/opt/ros/humble/share/action_msgs/cmake)
[0.490s] -- Found std_msgs: 4.8.0 (/opt/ros/humble/share/std_msgs/cmake)
[0.510s] -- Found geometry_msgs: 4.8.0 (/opt/ros/humble/share/geometry_msgs/cmake)
[1.127s] -- Found ament_cmake_cppcheck: 0.12.12 (/opt/ros/humble/share/ament_cmake_cppcheck/cmake)
[1.129s] -- Found ament_cmake_cpplint: 0.12.12 (/opt/ros/humble/share/ament_cmake_cpplint/cmake)
[1.130s] -- Found ament_cmake_uncrustify: 0.12.12 (/opt/ros/humble/share/ament_cmake_uncrustify/cmake)
[1.131s] -- Found ament_cmake_ros: 0.10.0 (/opt/ros/humble/share/ament_cmake_ros/cmake)
[1.568s] -- Using all available rosidl_typesupport_c: rosidl_typesupport_fastrtps_c;rosidl_typesupport_introspection_c
[2.143s] -- Using all available rosidl_typesupport_cpp: rosidl_typesupport_fastrtps_cpp;rosidl_typesupport_introspection_cpp
[2.183s] -- Found python_cmake_module: 0.10.0 (/opt/ros/humble/share/python_cmake_module/cmake)
[2.213s] -- Using PYTHON_EXECUTABLE: /usr/bin/python3
[2.213s] -- Using PYTHON_INCLUDE_DIRS: /usr/include/python3.10
[2.213s] -- Using PYTHON_LIBRARIES: /usr/lib/aarch64-linux-gnu/libpython3.10.so
[2.464s] -- Using numpy include directory: /usr/local/lib/python3.10/dist-packages/numpy/_core/include
[2.486s] -- Found ament_cmake_flake8: 0.12.12 (/opt/ros/humble/share/ament_cmake_flake8/cmake)
[2.488s] -- Found ament_cmake_pep257: 0.12.12 (/opt/ros/humble/share/ament_cmake_pep257/cmake)
[2.510s] -- Configuring done
[2.619s] -- Generating done
[2.647s] -- Build files have been written to: /home/rosdev/ros2_ws/build/tf2_msgs
[2.670s] Invoked command in '/home/rosdev/ros2_ws/build/tf2_msgs' returned '0': CMAKE_PREFIX_PATH=/opt/ros/humble /usr/bin/cmake /home/rosdev/ros2_ws/src/geometry2/tf2_msgs -DAMENT_CMAKE_SYMLINK_INSTALL=1 -DCMAKE_INSTALL_PREFIX=/home/rosdev/ros2_ws/install/tf2_msgs
[2.680s] Invoking command in '/home/rosdev/ros2_ws/build/tf2_msgs': CMAKE_PREFIX_PATH=/opt/ros/humble /usr/bin/cmake --build /home/rosdev/ros2_ws/build/tf2_msgs -- -j12 -l12
[2.773s] [35m[1mConsolidate compiler generated dependencies of target tf2_msgs__rosidl_generator_c[0m
[2.824s] [  1%] Built target tf2_msgs__cpp
[2.840s] [ 12%] Built target tf2_msgs__rosidl_generator_c
[2.843s] [  3%] Built target ament_cmake_python_symlink_tf2_msgs
[2.853s] [35m[1mConsolidate compiler generated dependencies of target tf2_msgs__rosidl_typesupport_fastrtps_cpp[0m
[2.876s] [35m[1mConsolidate compiler generated dependencies of target tf2_msgs__rosidl_typesupport_introspection_cpp[0m
[2.906s] [35m[1mConsolidate compiler generated dependencies of target tf2_msgs__rosidl_typesupport_fastrtps_c[0m
[2.906s] [35m[1mConsolidate compiler generated dependencies of target tf2_msgs__rosidl_typesupport_cpp[0m
[2.909s] [35m[1mConsolidate compiler generated dependencies of target tf2_msgs__rosidl_typesupport_introspection_c[0m
[2.913s] [35m[1mConsolidate compiler generated dependencies of target tf2_msgs__rosidl_typesupport_c[0m
[2.964s] [ 23%] Built target tf2_msgs__rosidl_typesupport_fastrtps_cpp
[3.015s] [ 34%] Built target tf2_msgs__rosidl_typesupport_introspection_cpp
[3.016s] [ 45%] Built target tf2_msgs__rosidl_typesupport_introspection_c
[3.024s] [ 65%] Built target tf2_msgs__rosidl_typesupport_c
[3.029s] [ 67%] Built target tf2_msgs__rosidl_typesupport_cpp
[3.038s] [ 78%] Built target tf2_msgs__rosidl_typesupport_fastrtps_c
[3.109s] [ 78%] Built target tf2_msgs
[3.169s] [ 80%] Built target tf2_msgs__py
[3.197s] [35m[1mConsolidate compiler generated dependencies of target tf2_msgs__rosidl_generator_py[0m
[3.227s] [ 89%] Built target tf2_msgs__rosidl_generator_py
[3.248s] [35m[1mConsolidate compiler generated dependencies of target tf2_msgs__rosidl_typesupport_fastrtps_c__pyext[0m
[3.251s] [35m[1mConsolidate compiler generated dependencies of target tf2_msgs__rosidl_typesupport_introspection_c__pyext[0m
[3.263s] [35m[1mConsolidate compiler generated dependencies of target tf2_msgs__rosidl_typesupport_c__pyext[0m
[3.272s] [ 92%] Built target tf2_msgs__rosidl_typesupport_fastrtps_c__pyext
[3.281s] [ 96%] Built target tf2_msgs__rosidl_typesupport_introspection_c__pyext
[3.326s] running egg_info
[3.328s] writing tf2_msgs.egg-info/PKG-INFO
[3.328s] writing dependency_links to tf2_msgs.egg-info/dependency_links.txt
[3.329s] [100%] Built target tf2_msgs__rosidl_typesupport_c__pyext
[3.329s] writing top-level names to tf2_msgs.egg-info/top_level.txt
[3.334s] reading manifest file 'tf2_msgs.egg-info/SOURCES.txt'
[3.335s] writing manifest file 'tf2_msgs.egg-info/SOURCES.txt'
[3.412s] [100%] Built target ament_cmake_python_build_tf2_msgs_egg
[3.444s] Invoked command in '/home/rosdev/ros2_ws/build/tf2_msgs' returned '0': CMAKE_PREFIX_PATH=/opt/ros/humble /usr/bin/cmake --build /home/rosdev/ros2_ws/build/tf2_msgs -- -j12 -l12
[3.447s] Invoking command in '/home/rosdev/ros2_ws/build/tf2_msgs': CMAKE_PREFIX_PATH=/opt/ros/humble /usr/bin/cmake --install /home/rosdev/ros2_ws/build/tf2_msgs
[3.463s] -- Install configuration: ""
[3.465s] -- Execute custom install script
[3.465s] -- Up-to-date symlink: /home/rosdev/ros2_ws/install/tf2_msgs/share/ament_index/resource_index/rosidl_interfaces/tf2_msgs
[3.466s] -- Up-to-date symlink: /home/rosdev/ros2_ws/install/tf2_msgs/include/tf2_msgs/tf2_msgs/action/detail/lookup_transform__functions.h
[3.466s] -- Up-to-date symlink: /home/rosdev/ros2_ws/install/tf2_msgs/include/tf2_msgs/tf2_msgs/action/detail/lookup_transform__struct.h
[3.466s] -- Up-to-date symlink: /home/rosdev/ros2_ws/install/tf2_msgs/include/tf2_msgs/tf2_msgs/action/detail/lookup_transform__type_support.h
[3.467s] -- Up-to-date symlink: /home/rosdev/ros2_ws/install/tf2_msgs/include/tf2_msgs/tf2_msgs/action/lookup_transform.h
[3.467s] -- Up-to-date symlink: /home/rosdev/ros2_ws/install/tf2_msgs/include/tf2_msgs/tf2_msgs/msg/detail/tf2_error__functions.h
[3.467s] -- Up-to-date symlink: /home/rosdev/ros2_ws/install/tf2_msgs/include/tf2_msgs/tf2_msgs/msg/detail/tf2_error__struct.h
[3.467s] -- Up-to-date symlink: /home/rosdev/ros2_ws/install/tf2_msgs/include/tf2_msgs/tf2_msgs/msg/detail/tf2_error__type_support.h
[3.468s] -- Up-to-date symlink: /home/rosdev/ros2_ws/install/tf2_msgs/include/tf2_msgs/tf2_msgs/msg/detail/tf_message__functions.h
[3.468s] -- Up-to-date symlink: /home/rosdev/ros2_ws/install/tf2_msgs/include/tf2_msgs/tf2_msgs/msg/detail/tf_message__struct.h
[3.468s] -- Up-to-date symlink: /home/rosdev/ros2_ws/install/tf2_msgs/include/tf2_msgs/tf2_msgs/msg/detail/tf_message__type_support.h
[3.469s] -- Up-to-date symlink: /home/rosdev/ros2_ws/install/tf2_msgs/include/tf2_msgs/tf2_msgs/msg/rosidl_generator_c__visibility_control.h
[3.469s] -- Up-to-date symlink: /home/rosdev/ros2_ws/install/tf2_msgs/include/tf2_msgs/tf2_msgs/msg/tf2_error.h
[3.469s] -- Up-to-date symlink: /home/rosdev/ros2_ws/install/tf2_msgs/include/tf2_msgs/tf2_msgs/msg/tf_message.h
[3.469s] -- Up-to-date symlink: /home/rosdev/ros2_ws/install/tf2_msgs/include/tf2_msgs/tf2_msgs/srv/detail/frame_graph__functions.h
[3.470s] -- Up-to-date symlink: /home/rosdev/ros2_ws/install/tf2_msgs/include/tf2_msgs/tf2_msgs/srv/detail/frame_graph__struct.h
[3.471s] -- Up-to-date symlink: /home/rosdev/ros2_ws/install/tf2_msgs/include/tf2_msgs/tf2_msgs/srv/detail/frame_graph__type_support.h
[3.472s] -- Up-to-date symlink: /home/rosdev/ros2_ws/install/tf2_msgs/include/tf2_msgs/tf2_msgs/srv/frame_graph.h
[3.476s] -- Up-to-date symlink: /home/rosdev/ros2_ws/install/tf2_msgs/share/tf2_msgs/environment/library_path.sh
[3.476s] -- Up-to-date symlink: /home/rosdev/ros2_ws/install/tf2_msgs/share/tf2_msgs/environment/library_path.dsv
[3.477s] -- Up-to-date symlink: /home/rosdev/ros2_ws/install/tf2_msgs/include/tf2_msgs/tf2_msgs/action/detail/lookup_transform__rosidl_typesupport_fastrtps_c.h
[3.478s] -- Up-to-date symlink: /home/rosdev/ros2_ws/install/tf2_msgs/include/tf2_msgs/tf2_msgs/msg/detail/tf2_error__rosidl_typesupport_fastrtps_c.h
[3.479s] -- Up-to-date symlink: /home/rosdev/ros2_ws/install/tf2_msgs/include/tf2_msgs/tf2_msgs/msg/detail/tf_message__rosidl_typesupport_fastrtps_c.h
[3.479s] -- Up-to-date symlink: /home/rosdev/ros2_ws/install/tf2_msgs/include/tf2_msgs/tf2_msgs/msg/rosidl_typesupport_fastrtps_c__visibility_control.h
[3.479s] -- Up-to-date symlink: /home/rosdev/ros2_ws/install/tf2_msgs/include/tf2_msgs/tf2_msgs/srv/detail/frame_graph__rosidl_typesupport_fastrtps_c.h
[3.479s] -- Up-to-date symlink: /home/rosdev/ros2_ws/install/tf2_msgs/include/tf2_msgs/tf2_msgs/action/detail/lookup_transform__rosidl_typesupport_introspection_c.h
[3.479s] -- Up-to-date symlink: /home/rosdev/ros2_ws/install/tf2_msgs/include/tf2_msgs/tf2_msgs/msg/detail/tf2_error__rosidl_typesupport_introspection_c.h
[3.479s] -- Up-to-date symlink: /home/rosdev/ros2_ws/install/tf2_msgs/include/tf2_msgs/tf2_msgs/msg/detail/tf_message__rosidl_typesupport_introspection_c.h
[3.479s] -- Up-to-date symlink: /home/rosdev/ros2_ws/install/tf2_msgs/include/tf2_msgs/tf2_msgs/msg/rosidl_typesupport_introspection_c__visibility_control.h
[3.479s] -- Up-to-date symlink: /home/rosdev/ros2_ws/install/tf2_msgs/include/tf2_msgs/tf2_msgs/srv/detail/frame_graph__rosidl_typesupport_introspection_c.h
[3.480s] -- Up-to-date symlink: /home/rosdev/ros2_ws/install/tf2_msgs/include/tf2_msgs/tf2_msgs/action/detail/lookup_transform__builder.hpp
[3.480s] -- Up-to-date symlink: /home/rosdev/ros2_ws/install/tf2_msgs/include/tf2_msgs/tf2_msgs/action/detail/lookup_transform__struct.hpp
[3.480s] -- Up-to-date symlink: /home/rosdev/ros2_ws/install/tf2_msgs/include/tf2_msgs/tf2_msgs/action/detail/lookup_transform__traits.hpp
[3.480s] -- Up-to-date symlink: /home/rosdev/ros2_ws/install/tf2_msgs/include/tf2_msgs/tf2_msgs/action/detail/lookup_transform__type_support.hpp
[3.480s] -- Up-to-date symlink: /home/rosdev/ros2_ws/install/tf2_msgs/include/tf2_msgs/tf2_msgs/action/lookup_transform.hpp
[3.480s] -- Up-to-date symlink: /home/rosdev/ros2_ws/install/tf2_msgs/include/tf2_msgs/tf2_msgs/msg/detail/tf2_error__builder.hpp
[3.481s] -- Up-to-date symlink: /home/rosdev/ros2_ws/install/tf2_msgs/include/tf2_msgs/tf2_msgs/msg/detail/tf2_error__struct.hpp
[3.481s] -- Up-to-date symlink: /home/rosdev/ros2_ws/install/tf2_msgs/include/tf2_msgs/tf2_msgs/msg/detail/tf2_error__traits.hpp
[3.481s] -- Up-to-date symlink: /home/rosdev/ros2_ws/install/tf2_msgs/include/tf2_msgs/tf2_msgs/msg/detail/tf2_error__type_support.hpp
[3.481s] -- Up-to-date symlink: /home/rosdev/ros2_ws/install/tf2_msgs/include/tf2_msgs/tf2_msgs/msg/detail/tf_message__builder.hpp
[3.482s] -- Up-to-date symlink: /home/rosdev/ros2_ws/install/tf2_msgs/include/tf2_msgs/tf2_msgs/msg/detail/tf_message__struct.hpp
[3.482s] -- Up-to-date symlink: /home/rosdev/ros2_ws/install/tf2_msgs/include/tf2_msgs/tf2_msgs/msg/detail/tf_message__traits.hpp
[3.482s] -- Up-to-date symlink: /home/rosdev/ros2_ws/install/tf2_msgs/include/tf2_msgs/tf2_msgs/msg/detail/tf_message__type_support.hpp
[3.482s] -- Up-to-date symlink: /home/rosdev/ros2_ws/install/tf2_msgs/include/tf2_msgs/tf2_msgs/msg/rosidl_generator_cpp__visibility_control.hpp
[3.482s] -- Up-to-date symlink: /home/rosdev/ros2_ws/install/tf2_msgs/include/tf2_msgs/tf2_msgs/msg/tf2_error.hpp
[3.482s] -- Up-to-date symlink: /home/rosdev/ros2_ws/install/tf2_msgs/include/tf2_msgs/tf2_msgs/msg/tf_message.hpp
[3.483s] -- Up-to-date symlink: /home/rosdev/ros2_ws/install/tf2_msgs/include/tf2_msgs/tf2_msgs/srv/detail/frame_graph__builder.hpp
[3.483s] -- Up-to-date symlink: /home/rosdev/ros2_ws/install/tf2_msgs/include/tf2_msgs/tf2_msgs/srv/detail/frame_graph__struct.hpp
[3.483s] -- Up-to-date symlink: /home/rosdev/ros2_ws/install/tf2_msgs/include/tf2_msgs/tf2_msgs/srv/detail/frame_graph__traits.hpp
[3.483s] -- Up-to-date symlink: /home/rosdev/ros2_ws/install/tf2_msgs/include/tf2_msgs/tf2_msgs/srv/detail/frame_graph__type_support.hpp
[3.483s] -- Up-to-date symlink: /home/rosdev/ros2_ws/install/tf2_msgs/include/tf2_msgs/tf2_msgs/srv/frame_graph.hpp
[3.484s] -- Up-to-date symlink: /home/rosdev/ros2_ws/install/tf2_msgs/include/tf2_msgs/tf2_msgs/action/detail/lookup_transform__rosidl_typesupport_fastrtps_cpp.hpp
[3.484s] -- Up-to-date symlink: /home/rosdev/ros2_ws/install/tf2_msgs/include/tf2_msgs/tf2_msgs/msg/detail/tf2_error__rosidl_typesupport_fastrtps_cpp.hpp
[3.484s] -- Up-to-date symlink: /home/rosdev/ros2_ws/install/tf2_msgs/include/tf2_msgs/tf2_msgs/msg/detail/tf_message__rosidl_typesupport_fastrtps_cpp.hpp
[3.484s] -- Up-to-date symlink: /home/rosdev/ros2_ws/install/tf2_msgs/include/tf2_msgs/tf2_msgs/msg/rosidl_typesupport_fastrtps_cpp__visibility_control.h
[3.485s] -- Up-to-date symlink: /home/rosdev/ros2_ws/install/tf2_msgs/include/tf2_msgs/tf2_msgs/srv/detail/frame_graph__rosidl_typesupport_fastrtps_cpp.hpp
[3.485s] -- Up-to-date symlink: /home/rosdev/ros2_ws/install/tf2_msgs/include/tf2_msgs/tf2_msgs/action/detail/lookup_transform__rosidl_typesupport_introspection_cpp.hpp
[3.486s] -- Up-to-date symlink: /home/rosdev/ros2_ws/install/tf2_msgs/include/tf2_msgs/tf2_msgs/msg/detail/tf2_error__rosidl_typesupport_introspection_cpp.hpp
[3.486s] -- Up-to-date symlink: /home/rosdev/ros2_ws/install/tf2_msgs/include/tf2_msgs/tf2_msgs/msg/detail/tf_message__rosidl_typesupport_introspection_cpp.hpp
[3.486s] -- Up-to-date symlink: /home/rosdev/ros2_ws/install/tf2_msgs/include/tf2_msgs/tf2_msgs/srv/detail/frame_graph__rosidl_typesupport_introspection_cpp.hpp
[3.487s] -- Up-to-date symlink: /home/rosdev/ros2_ws/install/tf2_msgs/share/tf2_msgs/environment/pythonpath.sh
[3.487s] -- Up-to-date symlink: /home/rosdev/ros2_ws/install/tf2_msgs/share/tf2_msgs/environment/pythonpath.dsv
[3.488s] -- Up-to-date symlink: /home/rosdev/ros2_ws/install/tf2_msgs/local/lib/python3.10/dist-packages/tf2_msgs-0.25.7-py3.10.egg-info/PKG-INFO
[3.488s] -- Up-to-date symlink: /home/rosdev/ros2_ws/install/tf2_msgs/local/lib/python3.10/dist-packages/tf2_msgs-0.25.7-py3.10.egg-info/SOURCES.txt
[3.488s] -- Up-to-date symlink: /home/rosdev/ros2_ws/install/tf2_msgs/local/lib/python3.10/dist-packages/tf2_msgs-0.25.7-py3.10.egg-info/dependency_links.txt
[3.489s] -- Up-to-date symlink: /home/rosdev/ros2_ws/install/tf2_msgs/local/lib/python3.10/dist-packages/tf2_msgs-0.25.7-py3.10.egg-info/top_level.txt
[3.490s] -- Up-to-date symlink: /home/rosdev/ros2_ws/install/tf2_msgs/local/lib/python3.10/dist-packages/tf2_msgs/__init__.py
[3.490s] -- Up-to-date symlink: /home/rosdev/ros2_ws/install/tf2_msgs/local/lib/python3.10/dist-packages/tf2_msgs/_tf2_msgs_s.ep.rosidl_typesupport_c.c
[3.491s] -- Up-to-date symlink: /home/rosdev/ros2_ws/install/tf2_msgs/local/lib/python3.10/dist-packages/tf2_msgs/_tf2_msgs_s.ep.rosidl_typesupport_fastrtps_c.c
[3.491s] -- Up-to-date symlink: /home/rosdev/ros2_ws/install/tf2_msgs/local/lib/python3.10/dist-packages/tf2_msgs/_tf2_msgs_s.ep.rosidl_typesupport_introspection_c.c
[3.491s] -- Up-to-date symlink: /home/rosdev/ros2_ws/install/tf2_msgs/local/lib/python3.10/dist-packages/tf2_msgs/action/__init__.py
[3.494s] -- Up-to-date symlink: /home/rosdev/ros2_ws/install/tf2_msgs/local/lib/python3.10/dist-packages/tf2_msgs/action/_lookup_transform.py
[3.494s] -- Up-to-date symlink: /home/rosdev/ros2_ws/install/tf2_msgs/local/lib/python3.10/dist-packages/tf2_msgs/action/_lookup_transform_s.c
[3.495s] -- Up-to-date symlink: /home/rosdev/ros2_ws/install/tf2_msgs/local/lib/python3.10/dist-packages/tf2_msgs/libtf2_msgs__rosidl_generator_py.so
[3.495s] -- Up-to-date symlink: /home/rosdev/ros2_ws/install/tf2_msgs/local/lib/python3.10/dist-packages/tf2_msgs/msg/__init__.py
[3.496s] -- Up-to-date symlink: /home/rosdev/ros2_ws/install/tf2_msgs/local/lib/python3.10/dist-packages/tf2_msgs/msg/_tf2_error.py
[3.496s] -- Up-to-date symlink: /home/rosdev/ros2_ws/install/tf2_msgs/local/lib/python3.10/dist-packages/tf2_msgs/msg/_tf2_error_s.c
[3.497s] -- Up-to-date symlink: /home/rosdev/ros2_ws/install/tf2_msgs/local/lib/python3.10/dist-packages/tf2_msgs/msg/_tf_message.py
[3.498s] -- Up-to-date symlink: /home/rosdev/ros2_ws/install/tf2_msgs/local/lib/python3.10/dist-packages/tf2_msgs/msg/_tf_message_s.c
[3.498s] -- Up-to-date symlink: /home/rosdev/ros2_ws/install/tf2_msgs/local/lib/python3.10/dist-packages/tf2_msgs/srv/__init__.py
[3.499s] -- Up-to-date symlink: /home/rosdev/ros2_ws/install/tf2_msgs/local/lib/python3.10/dist-packages/tf2_msgs/srv/_frame_graph.py
[3.500s] -- Up-to-date symlink: /home/rosdev/ros2_ws/install/tf2_msgs/local/lib/python3.10/dist-packages/tf2_msgs/srv/_frame_graph_s.c
[3.500s] -- Up-to-date symlink: /home/rosdev/ros2_ws/install/tf2_msgs/local/lib/python3.10/dist-packages/tf2_msgs/tf2_msgs_s__rosidl_typesupport_c.cpython-310-aarch64-linux-gnu.so
[3.502s] -- Up-to-date symlink: /home/rosdev/ros2_ws/install/tf2_msgs/local/lib/python3.10/dist-packages/tf2_msgs/tf2_msgs_s__rosidl_typesupport_fastrtps_c.cpython-310-aarch64-linux-gnu.so
[3.502s] -- Up-to-date symlink: /home/rosdev/ros2_ws/install/tf2_msgs/local/lib/python3.10/dist-packages/tf2_msgs/tf2_msgs_s__rosidl_typesupport_introspection_c.cpython-310-aarch64-linux-gnu.so
[3.503s] -- Up-to-date symlink: /home/rosdev/ros2_ws/install/tf2_msgs/local/lib/python3.10/dist-packages/tf2_msgs/tf2_msgs_s__rosidl_typesupport_fastrtps_c.cpython-310-aarch64-linux-gnu.so
[3.504s] -- Up-to-date symlink: /home/rosdev/ros2_ws/install/tf2_msgs/local/lib/python3.10/dist-packages/tf2_msgs/tf2_msgs_s__rosidl_typesupport_introspection_c.cpython-310-aarch64-linux-gnu.so
[3.505s] -- Up-to-date symlink: /home/rosdev/ros2_ws/install/tf2_msgs/local/lib/python3.10/dist-packages/tf2_msgs/tf2_msgs_s__rosidl_typesupport_c.cpython-310-aarch64-linux-gnu.so
[3.506s] -- Up-to-date symlink: /home/rosdev/ros2_ws/install/tf2_msgs/share/tf2_msgs/msg/TF2Error.idl
[3.507s] -- Up-to-date symlink: /home/rosdev/ros2_ws/install/tf2_msgs/share/tf2_msgs/msg/TFMessage.idl
[3.507s] -- Up-to-date symlink: /home/rosdev/ros2_ws/install/tf2_msgs/share/tf2_msgs/srv/FrameGraph.idl
[3.507s] -- Up-to-date symlink: /home/rosdev/ros2_ws/install/tf2_msgs/share/tf2_msgs/action/LookupTransform.idl
[3.508s] -- Up-to-date symlink: /home/rosdev/ros2_ws/install/tf2_msgs/share/tf2_msgs/msg/TF2Error.msg
[3.509s] -- Up-to-date symlink: /home/rosdev/ros2_ws/install/tf2_msgs/share/tf2_msgs/msg/TFMessage.msg
[3.509s] -- Up-to-date symlink: /home/rosdev/ros2_ws/install/tf2_msgs/share/tf2_msgs/srv/FrameGraph.srv
[3.510s] -- Up-to-date symlink: /home/rosdev/ros2_ws/install/tf2_msgs/share/tf2_msgs/srv/FrameGraph_Request.msg
[3.510s] -- Up-to-date symlink: /home/rosdev/ros2_ws/install/tf2_msgs/share/tf2_msgs/srv/FrameGraph_Response.msg
[3.510s] -- Up-to-date symlink: /home/rosdev/ros2_ws/install/tf2_msgs/share/tf2_msgs/action/LookupTransform.action
[3.511s] -- Up-to-date symlink: /home/rosdev/ros2_ws/install/tf2_msgs/share/tf2_msgs/tfmessage_bridge_mapping_rule.yaml
[3.511s] -- Up-to-date symlink: /home/rosdev/ros2_ws/install/tf2_msgs/share/ament_index/resource_index/package_run_dependencies/tf2_msgs
[3.512s] -- Up-to-date symlink: /home/rosdev/ros2_ws/install/tf2_msgs/share/ament_index/resource_index/parent_prefix_path/tf2_msgs
[3.512s] -- Up-to-date symlink: /home/rosdev/ros2_ws/install/tf2_msgs/share/tf2_msgs/environment/ament_prefix_path.sh
[3.512s] -- Up-to-date symlink: /home/rosdev/ros2_ws/install/tf2_msgs/share/tf2_msgs/environment/ament_prefix_path.dsv
[3.512s] -- Up-to-date symlink: /home/rosdev/ros2_ws/install/tf2_msgs/share/tf2_msgs/environment/path.sh
[3.512s] -- Up-to-date symlink: /home/rosdev/ros2_ws/install/tf2_msgs/share/tf2_msgs/environment/path.dsv
[3.513s] -- Up-to-date symlink: /home/rosdev/ros2_ws/install/tf2_msgs/share/tf2_msgs/local_setup.bash
[3.513s] -- Up-to-date symlink: /home/rosdev/ros2_ws/install/tf2_msgs/share/tf2_msgs/local_setup.sh
[3.514s] -- Up-to-date symlink: /home/rosdev/ros2_ws/install/tf2_msgs/share/tf2_msgs/local_setup.zsh
[3.514s] -- Up-to-date symlink: /home/rosdev/ros2_ws/install/tf2_msgs/share/tf2_msgs/local_setup.dsv
[3.515s] -- Symlinking: /home/rosdev/ros2_ws/install/tf2_msgs/share/tf2_msgs/package.dsv
[3.533s] -- Up-to-date symlink: /home/rosdev/ros2_ws/install/tf2_msgs/share/ament_index/resource_index/packages/tf2_msgs
[3.533s] -- Up-to-date symlink: /home/rosdev/ros2_ws/install/tf2_msgs/share/tf2_msgs/cmake/rosidl_cmake-extras.cmake
[3.533s] -- Up-to-date symlink: /home/rosdev/ros2_ws/install/tf2_msgs/share/tf2_msgs/cmake/ament_cmake_export_dependencies-extras.cmake
[3.534s] -- Up-to-date symlink: /home/rosdev/ros2_ws/install/tf2_msgs/share/tf2_msgs/cmake/ament_cmake_export_include_directories-extras.cmake
[3.534s] -- Up-to-date symlink: /home/rosdev/ros2_ws/install/tf2_msgs/share/tf2_msgs/cmake/ament_cmake_export_libraries-extras.cmake
[3.535s] -- Up-to-date symlink: /home/rosdev/ros2_ws/install/tf2_msgs/share/tf2_msgs/cmake/ament_cmake_export_targets-extras.cmake
[3.535s] -- Up-to-date symlink: /home/rosdev/ros2_ws/install/tf2_msgs/share/tf2_msgs/cmake/rosidl_cmake_export_typesupport_targets-extras.cmake
[3.537s] -- Up-to-date symlink: /home/rosdev/ros2_ws/install/tf2_msgs/share/tf2_msgs/cmake/rosidl_cmake_export_typesupport_libraries-extras.cmake
[3.537s] -- Up-to-date symlink: /home/rosdev/ros2_ws/install/tf2_msgs/share/tf2_msgs/cmake/tf2_msgsConfig.cmake
[3.538s] -- Up-to-date symlink: /home/rosdev/ros2_ws/install/tf2_msgs/share/tf2_msgs/cmake/tf2_msgsConfig-version.cmake
[3.538s] -- Up-to-date symlink: /home/rosdev/ros2_ws/install/tf2_msgs/share/tf2_msgs/package.xml
[3.539s] -- Up-to-date: /home/rosdev/ros2_ws/install/tf2_msgs/lib/libtf2_msgs__rosidl_generator_c.so
[3.539s] -- Up-to-date: /home/rosdev/ros2_ws/install/tf2_msgs/lib/libtf2_msgs__rosidl_typesupport_fastrtps_c.so
[3.540s] -- Up-to-date: /home/rosdev/ros2_ws/install/tf2_msgs/lib/libtf2_msgs__rosidl_typesupport_introspection_c.so
[3.541s] -- Up-to-date: /home/rosdev/ros2_ws/install/tf2_msgs/lib/libtf2_msgs__rosidl_typesupport_c.so
[3.541s] -- Up-to-date: /home/rosdev/ros2_ws/install/tf2_msgs/lib/libtf2_msgs__rosidl_typesupport_fastrtps_cpp.so
[3.542s] -- Up-to-date: /home/rosdev/ros2_ws/install/tf2_msgs/lib/libtf2_msgs__rosidl_typesupport_introspection_cpp.so
[3.543s] -- Up-to-date: /home/rosdev/ros2_ws/install/tf2_msgs/lib/libtf2_msgs__rosidl_typesupport_cpp.so
[3.588s] Listing '/home/rosdev/ros2_ws/install/tf2_msgs/local/lib/python3.10/dist-packages/tf2_msgs'...
[3.588s] Compiling '/home/rosdev/ros2_ws/install/tf2_msgs/local/lib/python3.10/dist-packages/tf2_msgs/__init__.py'...
[3.588s] Listing '/home/rosdev/ros2_ws/install/tf2_msgs/local/lib/python3.10/dist-packages/tf2_msgs/action'...
[3.588s] Listing '/home/rosdev/ros2_ws/install/tf2_msgs/local/lib/python3.10/dist-packages/tf2_msgs/msg'...
[3.588s] Listing '/home/rosdev/ros2_ws/install/tf2_msgs/local/lib/python3.10/dist-packages/tf2_msgs/srv'...
[3.604s] -- Up-to-date: /home/rosdev/ros2_ws/install/tf2_msgs/lib/libtf2_msgs__rosidl_generator_py.so
[3.605s] -- Up-to-date: /home/rosdev/ros2_ws/install/tf2_msgs/share/tf2_msgs/cmake/export_tf2_msgs__rosidl_generator_cExport.cmake
[3.606s] -- Up-to-date: /home/rosdev/ros2_ws/install/tf2_msgs/share/tf2_msgs/cmake/export_tf2_msgs__rosidl_generator_cExport-noconfig.cmake
[3.606s] -- Up-to-date: /home/rosdev/ros2_ws/install/tf2_msgs/share/tf2_msgs/cmake/export_tf2_msgs__rosidl_typesupport_fastrtps_cExport.cmake
[3.606s] -- Up-to-date: /home/rosdev/ros2_ws/install/tf2_msgs/share/tf2_msgs/cmake/export_tf2_msgs__rosidl_typesupport_fastrtps_cExport-noconfig.cmake
[3.607s] -- Up-to-date: /home/rosdev/ros2_ws/install/tf2_msgs/share/tf2_msgs/cmake/tf2_msgs__rosidl_typesupport_introspection_cExport.cmake
[3.607s] -- Up-to-date: /home/rosdev/ros2_ws/install/tf2_msgs/share/tf2_msgs/cmake/tf2_msgs__rosidl_typesupport_introspection_cExport-noconfig.cmake
[3.607s] -- Up-to-date: /home/rosdev/ros2_ws/install/tf2_msgs/share/tf2_msgs/cmake/tf2_msgs__rosidl_typesupport_cExport.cmake
[3.607s] -- Up-to-date: /home/rosdev/ros2_ws/install/tf2_msgs/share/tf2_msgs/cmake/tf2_msgs__rosidl_typesupport_cExport-noconfig.cmake
[3.607s] -- Up-to-date: /home/rosdev/ros2_ws/install/tf2_msgs/share/tf2_msgs/cmake/export_tf2_msgs__rosidl_generator_cppExport.cmake
[3.608s] -- Up-to-date: /home/rosdev/ros2_ws/install/tf2_msgs/share/tf2_msgs/cmake/export_tf2_msgs__rosidl_typesupport_fastrtps_cppExport.cmake
[3.608s] -- Up-to-date: /home/rosdev/ros2_ws/install/tf2_msgs/share/tf2_msgs/cmake/export_tf2_msgs__rosidl_typesupport_fastrtps_cppExport-noconfig.cmake
[3.608s] -- Up-to-date: /home/rosdev/ros2_ws/install/tf2_msgs/share/tf2_msgs/cmake/tf2_msgs__rosidl_typesupport_introspection_cppExport.cmake
[3.608s] -- Up-to-date: /home/rosdev/ros2_ws/install/tf2_msgs/share/tf2_msgs/cmake/tf2_msgs__rosidl_typesupport_introspection_cppExport-noconfig.cmake
[3.609s] -- Up-to-date: /home/rosdev/ros2_ws/install/tf2_msgs/share/tf2_msgs/cmake/tf2_msgs__rosidl_typesupport_cppExport.cmake
[3.609s] -- Up-to-date: /home/rosdev/ros2_ws/install/tf2_msgs/share/tf2_msgs/cmake/tf2_msgs__rosidl_typesupport_cppExport-noconfig.cmake
[3.609s] -- Up-to-date: /home/rosdev/ros2_ws/install/tf2_msgs/share/tf2_msgs/cmake/export_tf2_msgs__rosidl_generator_pyExport.cmake
[3.609s] -- Up-to-date: /home/rosdev/ros2_ws/install/tf2_msgs/share/tf2_msgs/cmake/export_tf2_msgs__rosidl_generator_pyExport-noconfig.cmake
[3.619s] Invoked command in '/home/rosdev/ros2_ws/build/tf2_msgs' returned '0': CMAKE_PREFIX_PATH=/opt/ros/humble /usr/bin/cmake --install /home/rosdev/ros2_ws/build/tf2_msgs
