[0.065s] Invoking command in '/home/rosdev/ros2_ws/build/tf2': CMAKE_PREFIX_PATH=/opt/ros/humble /usr/bin/cmake /home/rosdev/ros2_ws/src/geometry2/tf2 -DCMAKE_INSTALL_PREFIX=/home/rosdev/ros2_ws/install/tf2
[0.096s] -- Found ament_cmake: 1.3.11 (/opt/ros/humble/share/ament_cmake/cmake)
[0.329s] -- Found console_bridge_vendor: 1.4.1 (/opt/ros/humble/share/console_bridge_vendor/cmake)
[0.331s] -- Found builtin_interfaces: 1.2.1 (/opt/ros/humble/share/builtin_interfaces/cmake)
[0.361s] -- Found rosidl_generator_c: 3.1.6 (/opt/ros/humble/share/rosidl_generator_c/cmake)
[0.366s] -- Found rosidl_adapter: 3.1.6 (/opt/ros/humble/share/rosidl_adapter/cmake)
[0.376s] -- Found rosidl_generator_cpp: 3.1.6 (/opt/ros/humble/share/rosidl_generator_cpp/cmake)
[0.392s] -- Using all available rosidl_typesupport_c: rosidl_typesupport_fastrtps_c;rosidl_typesupport_introspection_c
[0.413s] -- Using all available rosidl_typesupport_cpp: rosidl_typesupport_fastrtps_cpp;rosidl_typesupport_introspection_cpp
[0.433s] -- Found geometry_msgs: 4.8.0 (/opt/ros/humble/share/geometry_msgs/cmake)
[0.474s] -- Found ament_cmake_google_benchmark: 1.3.11 (/opt/ros/humble/share/ament_cmake_google_benchmark/cmake)
[0.479s] -- Found ament_cmake_copyright: 0.12.12 (/opt/ros/humble/share/ament_cmake_copyright/cmake)
[0.483s] -- Found ament_cmake_cppcheck: 0.12.12 (/opt/ros/humble/share/ament_cmake_cppcheck/cmake)
[0.488s] -- Found ament_cmake_cpplint: 0.12.12 (/opt/ros/humble/share/ament_cmake_cpplint/cmake)
[0.496s] -- Found ament_cmake_lint_cmake: 0.12.12 (/opt/ros/humble/share/ament_cmake_lint_cmake/cmake)
[0.511s] -- Found ament_cmake_uncrustify: 0.12.12 (/opt/ros/humble/share/ament_cmake_uncrustify/cmake)
[0.514s] -- Found ament_cmake_xmllint: 0.12.12 (/opt/ros/humble/share/ament_cmake_xmllint/cmake)
[0.521s] -- Found ament_cmake_gtest: 1.3.11 (/opt/ros/humble/share/ament_cmake_gtest/cmake)
[0.525s] -- Found gtest sources under '/opt/ros/humble/src/gtest_vendor': C++ tests using 'Google Test' will be built
[0.532s] -- Looking for pthread.h
[0.746s] -- Looking for pthread.h - found
[0.747s] -- Performing Test CMAKE_HAVE_LIBC_PTHREAD
[0.901s] -- Performing Test CMAKE_HAVE_LIBC_PTHREAD - Success
[0.902s] -- Found Threads: TRUE  
[0.914s] -- Performance tests are disabled by default, so Google Benchmark tests will be skipped. To enable these tests, set the CMake variable 'AMENT_RUN_PERFORMANCE_TESTS'.
[1.065s] -- Configuring done
[1.130s] -- Generating done
[1.164s] -- Build files have been written to: /home/rosdev/ros2_ws/build/tf2
[1.182s] Invoked command in '/home/rosdev/ros2_ws/build/tf2' returned '0': CMAKE_PREFIX_PATH=/opt/ros/humble /usr/bin/cmake /home/rosdev/ros2_ws/src/geometry2/tf2 -DCMAKE_INSTALL_PREFIX=/home/rosdev/ros2_ws/install/tf2
[1.193s] Invoking command in '/home/rosdev/ros2_ws/build/tf2': CMAKE_PREFIX_PATH=/opt/ros/humble /usr/bin/cmake --build /home/rosdev/ros2_ws/build/tf2 -- -j12 -l12
[1.316s] [  4%] [32mBuilding CXX object gtest/CMakeFiles/gtest_main.dir/src/gtest_main.cc.o[0m
[1.318s] [  9%] [32mBuilding CXX object CMakeFiles/tf2.dir/src/cache.cpp.o[0m
[1.330s] [ 14%] [32mBuilding CXX object CMakeFiles/tf2.dir/src/buffer_core.cpp.o[0m
[1.334s] [ 19%] [32mBuilding CXX object CMakeFiles/tf2.dir/src/static_cache.cpp.o[0m
[1.370s] [ 23%] [32mBuilding CXX object CMakeFiles/tf2.dir/src/time.cpp.o[0m
[1.414s] [ 28%] [32mBuilding CXX object gtest/CMakeFiles/gtest.dir/src/gtest-all.cc.o[0m
[3.586s] [ 33%] [32m[1mLinking CXX static library libgtest_main.a[0m
[3.857s] [ 33%] Built target gtest_main
[8.093s] [ 38%] [32m[1mLinking CXX shared library libtf2.so[0m
[8.605s] [ 38%] Built target tf2
[8.744s] [ 42%] [32mBuilding CXX object CMakeFiles/cache_benchmark.dir/test/cache_benchmark.cpp.o[0m
[10.605s] [ 47%] [32m[1mLinking CXX executable cache_benchmark[0m
[11.136s] [ 47%] Built target cache_benchmark
[13.184s] [ 52%] [32m[1mLinking CXX static library libgtest.a[0m
[13.311s] [ 52%] Built target gtest
[13.366s] [ 57%] [32mBuilding CXX object CMakeFiles/test_static_cache_unittest.dir/test/static_cache_test.cpp.o[0m
[13.368s] [ 61%] [32mBuilding CXX object CMakeFiles/test_cache_unittest.dir/test/cache_unittest.cpp.o[0m
[13.397s] [ 66%] [32mBuilding CXX object CMakeFiles/test_time.dir/test/test_time.cpp.o[0m
[13.397s] [ 71%] [32mBuilding CXX object CMakeFiles/test_simple_tf2_core.dir/test/simple_tf2_core.cpp.o[0m
[13.407s] [ 76%] [32mBuilding CXX object CMakeFiles/test_storage.dir/test/test_storage.cpp.o[0m
[15.056s] [ 80%] [32m[1mLinking CXX executable test_storage[0m
[15.056s] [ 85%] [32m[1mLinking CXX executable test_static_cache_unittest[0m
[15.214s] [ 90%] [32m[1mLinking CXX executable test_time[0m
[15.382s] [ 90%] Built target test_storage
[15.382s] [ 90%] Built target test_static_cache_unittest
[15.529s] [ 90%] Built target test_time
[15.559s] [ 95%] [32m[1mLinking CXX executable test_cache_unittest[0m
[15.717s] [100%] [32m[1mLinking CXX executable test_simple_tf2_core[0m
[15.866s] [100%] Built target test_cache_unittest
[16.011s] [100%] Built target test_simple_tf2_core
[16.032s] Invoked command in '/home/rosdev/ros2_ws/build/tf2' returned '0': CMAKE_PREFIX_PATH=/opt/ros/humble /usr/bin/cmake --build /home/rosdev/ros2_ws/build/tf2 -- -j12 -l12
[16.035s] Invoking command in '/home/rosdev/ros2_ws/build/tf2': CMAKE_PREFIX_PATH=/opt/ros/humble /usr/bin/cmake --install /home/rosdev/ros2_ws/build/tf2
[16.047s] -- Install configuration: ""
[16.048s] -- Installing: /home/rosdev/ros2_ws/install/tf2/lib/libtf2.so
[16.051s] -- Set runtime path of "/home/rosdev/ros2_ws/install/tf2/lib/libtf2.so" to ""
[16.051s] -- Installing: /home/rosdev/ros2_ws/install/tf2/include/tf2
[16.052s] -- Installing: /home/rosdev/ros2_ws/install/tf2/include/tf2/tf2
[16.052s] -- Installing: /home/rosdev/ros2_ws/install/tf2/include/tf2/tf2/buffer_core_interface.h
[16.053s] -- Installing: /home/rosdev/ros2_ws/install/tf2/include/tf2/tf2/LinearMath
[16.053s] -- Installing: /home/rosdev/ros2_ws/install/tf2/include/tf2/tf2/LinearMath/QuadWord.h
[16.053s] -- Installing: /home/rosdev/ros2_ws/install/tf2/include/tf2/tf2/LinearMath/Quaternion.h
[16.053s] -- Installing: /home/rosdev/ros2_ws/install/tf2/include/tf2/tf2/LinearMath/Vector3.h
[16.053s] -- Installing: /home/rosdev/ros2_ws/install/tf2/include/tf2/tf2/LinearMath/Transform.h
[16.054s] -- Installing: /home/rosdev/ros2_ws/install/tf2/include/tf2/tf2/LinearMath/MinMax.h
[16.054s] -- Installing: /home/rosdev/ros2_ws/install/tf2/include/tf2/tf2/LinearMath/Scalar.h
[16.054s] -- Installing: /home/rosdev/ros2_ws/install/tf2/include/tf2/tf2/LinearMath/Matrix3x3.h
[16.054s] -- Installing: /home/rosdev/ros2_ws/install/tf2/include/tf2/tf2/visibility_control.h
[16.054s] -- Installing: /home/rosdev/ros2_ws/install/tf2/include/tf2/tf2/transform_datatypes.h
[16.054s] -- Installing: /home/rosdev/ros2_ws/install/tf2/include/tf2/tf2/exceptions.h
[16.054s] -- Installing: /home/rosdev/ros2_ws/install/tf2/include/tf2/tf2/time_cache.h
[16.054s] -- Installing: /home/rosdev/ros2_ws/install/tf2/include/tf2/tf2/time.h
[16.055s] -- Installing: /home/rosdev/ros2_ws/install/tf2/include/tf2/tf2/utils.h
[16.055s] -- Installing: /home/rosdev/ros2_ws/install/tf2/include/tf2/tf2/impl
[16.055s] -- Installing: /home/rosdev/ros2_ws/install/tf2/include/tf2/tf2/impl/utils.h
[16.055s] -- Installing: /home/rosdev/ros2_ws/install/tf2/include/tf2/tf2/impl/convert.h
[16.055s] -- Installing: /home/rosdev/ros2_ws/install/tf2/include/tf2/tf2/transform_storage.h
[16.055s] -- Installing: /home/rosdev/ros2_ws/install/tf2/include/tf2/tf2/buffer_core.h
[16.055s] -- Installing: /home/rosdev/ros2_ws/install/tf2/include/tf2/tf2/convert.h
[16.056s] -- Installing: /home/rosdev/ros2_ws/install/tf2/share/tf2/environment/library_path.sh
[16.056s] -- Installing: /home/rosdev/ros2_ws/install/tf2/share/tf2/environment/library_path.dsv
[16.056s] -- Installing: /home/rosdev/ros2_ws/install/tf2/share/ament_index/resource_index/package_run_dependencies/tf2
[16.057s] -- Installing: /home/rosdev/ros2_ws/install/tf2/share/ament_index/resource_index/parent_prefix_path/tf2
[16.057s] -- Installing: /home/rosdev/ros2_ws/install/tf2/share/tf2/environment/ament_prefix_path.sh
[16.057s] -- Installing: /home/rosdev/ros2_ws/install/tf2/share/tf2/environment/ament_prefix_path.dsv
[16.057s] -- Installing: /home/rosdev/ros2_ws/install/tf2/share/tf2/environment/path.sh
[16.057s] -- Installing: /home/rosdev/ros2_ws/install/tf2/share/tf2/environment/path.dsv
[16.057s] -- Installing: /home/rosdev/ros2_ws/install/tf2/share/tf2/local_setup.bash
[16.058s] -- Installing: /home/rosdev/ros2_ws/install/tf2/share/tf2/local_setup.sh
[16.058s] -- Installing: /home/rosdev/ros2_ws/install/tf2/share/tf2/local_setup.zsh
[16.058s] -- Installing: /home/rosdev/ros2_ws/install/tf2/share/tf2/local_setup.dsv
[16.058s] -- Installing: /home/rosdev/ros2_ws/install/tf2/share/tf2/package.dsv
[16.058s] -- Installing: /home/rosdev/ros2_ws/install/tf2/share/ament_index/resource_index/packages/tf2
[16.059s] -- Installing: /home/rosdev/ros2_ws/install/tf2/share/tf2/cmake/export_tf2Export.cmake
[16.059s] -- Installing: /home/rosdev/ros2_ws/install/tf2/share/tf2/cmake/export_tf2Export-noconfig.cmake
[16.059s] -- Installing: /home/rosdev/ros2_ws/install/tf2/share/tf2/cmake/ament_cmake_export_dependencies-extras.cmake
[16.059s] -- Installing: /home/rosdev/ros2_ws/install/tf2/share/tf2/cmake/ament_cmake_export_include_directories-extras.cmake
[16.059s] -- Installing: /home/rosdev/ros2_ws/install/tf2/share/tf2/cmake/ament_cmake_export_libraries-extras.cmake
[16.060s] -- Installing: /home/rosdev/ros2_ws/install/tf2/share/tf2/cmake/ament_cmake_export_targets-extras.cmake
[16.060s] -- Installing: /home/rosdev/ros2_ws/install/tf2/share/tf2/cmake/tf2Config.cmake
[16.060s] -- Installing: /home/rosdev/ros2_ws/install/tf2/share/tf2/cmake/tf2Config-version.cmake
[16.060s] -- Installing: /home/rosdev/ros2_ws/install/tf2/share/tf2/package.xml
[16.065s] Invoked command in '/home/rosdev/ros2_ws/build/tf2' returned '0': CMAKE_PREFIX_PATH=/opt/ros/humble /usr/bin/cmake --install /home/rosdev/ros2_ws/build/tf2
