[0.112s] Invoking command in '/home/rosdev/ros2_ws/build/tf2_kdl': AMENT_PREFIX_PATH=/home/rosdev/ros2_ws/install/tf2_ros_py:/home/rosdev/ros2_ws/install/tf2_ros:/home/rosdev/ros2_ws/install/tf2_py:/home/rosdev/ros2_ws/install/tf2_msgs:/home/rosdev/ros2_ws/install/tf2:${AMENT_PREFIX_PATH} CMAKE_PREFIX_PATH=/home/rosdev/ros2_ws/install/tf2_ros:/home/rosdev/ros2_ws/install/tf2_py:/home/rosdev/ros2_ws/install/tf2_msgs:/home/rosdev/ros2_ws/install/tf2:/opt/ros/humble LD_LIBRARY_PATH=/home/rosdev/ros2_ws/install/tf2_ros/lib:/home/rosdev/ros2_ws/install/tf2_msgs/lib:/home/rosdev/ros2_ws/install/tf2/lib:${LD_LIBRARY_PATH} PYTHONPATH=/home/rosdev/ros2_ws/install/tf2_ros_py/lib/python3.10/site-packages:/home/rosdev/ros2_ws/install/tf2_py/local/lib/python3.10/dist-packages:/home/rosdev/ros2_ws/install/tf2_msgs/local/lib/python3.10/dist-packages:${PYTHONPATH} /usr/bin/cmake /home/rosdev/ros2_ws/src/geometry2/tf2_kdl -DCMAKE_INSTALL_PREFIX=/home/rosdev/ros2_ws/install/tf2_kdl
[0.156s] -- Found ament_cmake: 1.3.11 (/opt/ros/humble/share/ament_cmake/cmake)
[0.516s] -- Override CMake install command with custom implementation using symlinks instead of copying resources
[0.565s] -- Found builtin_interfaces: 1.2.1 (/opt/ros/humble/share/builtin_interfaces/cmake)
[0.616s] -- Found rosidl_generator_c: 3.1.6 (/opt/ros/humble/share/rosidl_generator_c/cmake)
[0.616s] -- Found rosidl_adapter: 3.1.6 (/opt/ros/humble/share/rosidl_adapter/cmake)
[0.624s] -- Found rosidl_generator_cpp: 3.1.6 (/opt/ros/humble/share/rosidl_generator_cpp/cmake)
[0.641s] -- Using all available rosidl_typesupport_c: rosidl_typesupport_fastrtps_c;rosidl_typesupport_introspection_c
[0.657s] -- Using all available rosidl_typesupport_cpp: rosidl_typesupport_fastrtps_cpp;rosidl_typesupport_introspection_cpp
[0.676s] -- Found geometry_msgs: 4.8.0 (/opt/ros/humble/share/geometry_msgs/cmake)
[0.714s] -- Found orocos_kdl_vendor: 0.2.5 (/opt/ros/humble/share/orocos_kdl_vendor/cmake)
[0.714s] -- Found eigen3_cmake_module: 0.1.1 (/opt/ros/humble/share/eigen3_cmake_module/cmake)
[0.719s] -- Ensuring Eigen3 include directory is part of orocos-kdl CMake target
[0.719s] -- Found tf2: 0.25.7 (/home/rosdev/ros2_ws/install/tf2/share/tf2/cmake)
[0.725s] -- Found tf2_ros: 0.25.7 (/home/rosdev/ros2_ws/install/tf2_ros/share/tf2_ros/cmake)
[0.796s] -- Found rmw_implementation_cmake: 6.1.2 (/opt/ros/humble/share/rmw_implementation_cmake/cmake)
[0.796s] -- Found rmw_fastrtps_cpp: 6.2.7 (/opt/ros/humble/share/rmw_fastrtps_cpp/cmake)
[0.999s] -- Using RMW implementation 'rmw_fastrtps_cpp' as default
[1.273s] -- Found ament_cmake_gtest: 1.3.11 (/opt/ros/humble/share/ament_cmake_gtest/cmake)
[1.276s] -- Found gtest sources under '/opt/ros/humble/src/gtest_vendor': C++ tests using 'Google Test' will be built
[1.467s] -- Configuring done
[1.518s] -- Generating done
[1.529s] -- Build files have been written to: /home/rosdev/ros2_ws/build/tf2_kdl
[1.581s] Invoked command in '/home/rosdev/ros2_ws/build/tf2_kdl' returned '0': AMENT_PREFIX_PATH=/home/rosdev/ros2_ws/install/tf2_ros_py:/home/rosdev/ros2_ws/install/tf2_ros:/home/rosdev/ros2_ws/install/tf2_py:/home/rosdev/ros2_ws/install/tf2_msgs:/home/rosdev/ros2_ws/install/tf2:${AMENT_PREFIX_PATH} CMAKE_PREFIX_PATH=/home/rosdev/ros2_ws/install/tf2_ros:/home/rosdev/ros2_ws/install/tf2_py:/home/rosdev/ros2_ws/install/tf2_msgs:/home/rosdev/ros2_ws/install/tf2:/opt/ros/humble LD_LIBRARY_PATH=/home/rosdev/ros2_ws/install/tf2_ros/lib:/home/rosdev/ros2_ws/install/tf2_msgs/lib:/home/rosdev/ros2_ws/install/tf2/lib:${LD_LIBRARY_PATH} PYTHONPATH=/home/rosdev/ros2_ws/install/tf2_ros_py/lib/python3.10/site-packages:/home/rosdev/ros2_ws/install/tf2_py/local/lib/python3.10/dist-packages:/home/rosdev/ros2_ws/install/tf2_msgs/local/lib/python3.10/dist-packages:${PYTHONPATH} /usr/bin/cmake /home/rosdev/ros2_ws/src/geometry2/tf2_kdl -DCMAKE_INSTALL_PREFIX=/home/rosdev/ros2_ws/install/tf2_kdl
[1.590s] Invoking command in '/home/rosdev/ros2_ws/build/tf2_kdl': AMENT_PREFIX_PATH=/home/rosdev/ros2_ws/install/tf2_ros_py:/home/rosdev/ros2_ws/install/tf2_ros:/home/rosdev/ros2_ws/install/tf2_py:/home/rosdev/ros2_ws/install/tf2_msgs:/home/rosdev/ros2_ws/install/tf2:${AMENT_PREFIX_PATH} CMAKE_PREFIX_PATH=/home/rosdev/ros2_ws/install/tf2_ros:/home/rosdev/ros2_ws/install/tf2_py:/home/rosdev/ros2_ws/install/tf2_msgs:/home/rosdev/ros2_ws/install/tf2:/opt/ros/humble LD_LIBRARY_PATH=/home/rosdev/ros2_ws/install/tf2_ros/lib:/home/rosdev/ros2_ws/install/tf2_msgs/lib:/home/rosdev/ros2_ws/install/tf2/lib:${LD_LIBRARY_PATH} PYTHONPATH=/home/rosdev/ros2_ws/install/tf2_ros_py/lib/python3.10/site-packages:/home/rosdev/ros2_ws/install/tf2_py/local/lib/python3.10/dist-packages:/home/rosdev/ros2_ws/install/tf2_msgs/local/lib/python3.10/dist-packages:${PYTHONPATH} /usr/bin/cmake --build /home/rosdev/ros2_ws/build/tf2_kdl -- -j12 -l12
[1.757s] [35m[1mConsolidate compiler generated dependencies of target gtest_main[0m
[1.757s] [35m[1mConsolidate compiler generated dependencies of target gtest[0m
[1.797s] [  0%] Built target ament_cmake_python_symlink_tf2_kdl
[1.797s] [ 33%] Built target gtest_main
[1.810s] [ 66%] Built target gtest
[1.848s] [35m[1mConsolidate compiler generated dependencies of target test_kdl[0m
[1.904s] [100%] Built target test_kdl
[2.258s] running egg_info
[2.259s] writing tf2_kdl.egg-info/PKG-INFO
[2.260s] writing dependency_links to tf2_kdl.egg-info/dependency_links.txt
[2.260s] writing top-level names to tf2_kdl.egg-info/top_level.txt
[2.266s] reading manifest file 'tf2_kdl.egg-info/SOURCES.txt'
[2.266s] writing manifest file 'tf2_kdl.egg-info/SOURCES.txt'
[2.359s] [100%] Built target ament_cmake_python_build_tf2_kdl_egg
[2.395s] Invoked command in '/home/rosdev/ros2_ws/build/tf2_kdl' returned '0': AMENT_PREFIX_PATH=/home/rosdev/ros2_ws/install/tf2_ros_py:/home/rosdev/ros2_ws/install/tf2_ros:/home/rosdev/ros2_ws/install/tf2_py:/home/rosdev/ros2_ws/install/tf2_msgs:/home/rosdev/ros2_ws/install/tf2:${AMENT_PREFIX_PATH} CMAKE_PREFIX_PATH=/home/rosdev/ros2_ws/install/tf2_ros:/home/rosdev/ros2_ws/install/tf2_py:/home/rosdev/ros2_ws/install/tf2_msgs:/home/rosdev/ros2_ws/install/tf2:/opt/ros/humble LD_LIBRARY_PATH=/home/rosdev/ros2_ws/install/tf2_ros/lib:/home/rosdev/ros2_ws/install/tf2_msgs/lib:/home/rosdev/ros2_ws/install/tf2/lib:${LD_LIBRARY_PATH} PYTHONPATH=/home/rosdev/ros2_ws/install/tf2_ros_py/lib/python3.10/site-packages:/home/rosdev/ros2_ws/install/tf2_py/local/lib/python3.10/dist-packages:/home/rosdev/ros2_ws/install/tf2_msgs/local/lib/python3.10/dist-packages:${PYTHONPATH} /usr/bin/cmake --build /home/rosdev/ros2_ws/build/tf2_kdl -- -j12 -l12
[2.411s] Invoking command in '/home/rosdev/ros2_ws/build/tf2_kdl': AMENT_PREFIX_PATH=/home/rosdev/ros2_ws/install/tf2_ros_py:/home/rosdev/ros2_ws/install/tf2_ros:/home/rosdev/ros2_ws/install/tf2_py:/home/rosdev/ros2_ws/install/tf2_msgs:/home/rosdev/ros2_ws/install/tf2:${AMENT_PREFIX_PATH} CMAKE_PREFIX_PATH=/home/rosdev/ros2_ws/install/tf2_ros:/home/rosdev/ros2_ws/install/tf2_py:/home/rosdev/ros2_ws/install/tf2_msgs:/home/rosdev/ros2_ws/install/tf2:/opt/ros/humble LD_LIBRARY_PATH=/home/rosdev/ros2_ws/install/tf2_ros/lib:/home/rosdev/ros2_ws/install/tf2_msgs/lib:/home/rosdev/ros2_ws/install/tf2/lib:${LD_LIBRARY_PATH} PYTHONPATH=/home/rosdev/ros2_ws/install/tf2_ros_py/lib/python3.10/site-packages:/home/rosdev/ros2_ws/install/tf2_py/local/lib/python3.10/dist-packages:/home/rosdev/ros2_ws/install/tf2_msgs/local/lib/python3.10/dist-packages:${PYTHONPATH} /usr/bin/cmake --install /home/rosdev/ros2_ws/build/tf2_kdl
[2.421s] -- Install configuration: ""
[2.422s] -- Execute custom install script
[2.423s] -- Up-to-date symlink: /home/rosdev/ros2_ws/install/tf2_kdl/share/tf2_kdl/environment/pythonpath.sh
[2.423s] -- Up-to-date symlink: /home/rosdev/ros2_ws/install/tf2_kdl/share/tf2_kdl/environment/pythonpath.dsv
[2.424s] -- Up-to-date symlink: /home/rosdev/ros2_ws/install/tf2_kdl/local/lib/python3.10/dist-packages/tf2_kdl-0.25.7-py3.10.egg-info/PKG-INFO
[2.424s] -- Up-to-date symlink: /home/rosdev/ros2_ws/install/tf2_kdl/local/lib/python3.10/dist-packages/tf2_kdl-0.25.7-py3.10.egg-info/SOURCES.txt
[2.424s] -- Up-to-date symlink: /home/rosdev/ros2_ws/install/tf2_kdl/local/lib/python3.10/dist-packages/tf2_kdl-0.25.7-py3.10.egg-info/dependency_links.txt
[2.424s] -- Up-to-date symlink: /home/rosdev/ros2_ws/install/tf2_kdl/local/lib/python3.10/dist-packages/tf2_kdl-0.25.7-py3.10.egg-info/top_level.txt
[2.425s] -- Up-to-date symlink: /home/rosdev/ros2_ws/install/tf2_kdl/local/lib/python3.10/dist-packages/tf2_kdl/__init__.py
[2.425s] -- Up-to-date symlink: /home/rosdev/ros2_ws/install/tf2_kdl/local/lib/python3.10/dist-packages/tf2_kdl/tf2_kdl.py
[2.426s] -- Up-to-date symlink: /home/rosdev/ros2_ws/install/tf2_kdl/include/tf2_kdl/tf2_kdl/tf2_kdl.h
[2.426s] -- Up-to-date symlink: /home/rosdev/ros2_ws/install/tf2_kdl/include/tf2_kdl/tf2_kdl/tf2_kdl.hpp
[2.426s] -- Up-to-date symlink: /home/rosdev/ros2_ws/install/tf2_kdl/share/ament_index/resource_index/package_run_dependencies/tf2_kdl
[2.426s] -- Up-to-date symlink: /home/rosdev/ros2_ws/install/tf2_kdl/share/ament_index/resource_index/parent_prefix_path/tf2_kdl
[2.427s] -- Up-to-date symlink: /home/rosdev/ros2_ws/install/tf2_kdl/share/tf2_kdl/environment/ament_prefix_path.sh
[2.428s] -- Up-to-date symlink: /home/rosdev/ros2_ws/install/tf2_kdl/share/tf2_kdl/environment/ament_prefix_path.dsv
[2.428s] -- Up-to-date symlink: /home/rosdev/ros2_ws/install/tf2_kdl/share/tf2_kdl/environment/path.sh
[2.428s] -- Up-to-date symlink: /home/rosdev/ros2_ws/install/tf2_kdl/share/tf2_kdl/environment/path.dsv
[2.428s] -- Up-to-date symlink: /home/rosdev/ros2_ws/install/tf2_kdl/share/tf2_kdl/local_setup.bash
[2.428s] -- Up-to-date symlink: /home/rosdev/ros2_ws/install/tf2_kdl/share/tf2_kdl/local_setup.sh
[2.428s] -- Up-to-date symlink: /home/rosdev/ros2_ws/install/tf2_kdl/share/tf2_kdl/local_setup.zsh
[2.429s] -- Up-to-date symlink: /home/rosdev/ros2_ws/install/tf2_kdl/share/tf2_kdl/local_setup.dsv
[2.429s] -- Symlinking: /home/rosdev/ros2_ws/install/tf2_kdl/share/tf2_kdl/package.dsv
[2.450s] -- Up-to-date symlink: /home/rosdev/ros2_ws/install/tf2_kdl/share/ament_index/resource_index/packages/tf2_kdl
[2.450s] -- Up-to-date symlink: /home/rosdev/ros2_ws/install/tf2_kdl/share/tf2_kdl/cmake/ament_cmake_export_include_directories-extras.cmake
[2.450s] -- Up-to-date symlink: /home/rosdev/ros2_ws/install/tf2_kdl/share/tf2_kdl/cmake/ament_cmake_export_targets-extras.cmake
[2.451s] -- Up-to-date symlink: /home/rosdev/ros2_ws/install/tf2_kdl/share/tf2_kdl/cmake/ament_cmake_export_dependencies-extras.cmake
[2.451s] -- Up-to-date symlink: /home/rosdev/ros2_ws/install/tf2_kdl/share/tf2_kdl/cmake/tf2_kdlConfig.cmake
[2.451s] -- Up-to-date symlink: /home/rosdev/ros2_ws/install/tf2_kdl/share/tf2_kdl/cmake/tf2_kdlConfig-version.cmake
[2.451s] -- Up-to-date symlink: /home/rosdev/ros2_ws/install/tf2_kdl/share/tf2_kdl/package.xml
[2.545s] Listing '/home/rosdev/ros2_ws/install/tf2_kdl/local/lib/python3.10/dist-packages/tf2_kdl'...
[2.557s] -- Up-to-date: /home/rosdev/ros2_ws/install/tf2_kdl/share/tf2_kdl/cmake/export_tf2_kdlExport.cmake
[2.564s] Invoked command in '/home/rosdev/ros2_ws/build/tf2_kdl' returned '0': AMENT_PREFIX_PATH=/home/rosdev/ros2_ws/install/tf2_ros_py:/home/rosdev/ros2_ws/install/tf2_ros:/home/rosdev/ros2_ws/install/tf2_py:/home/rosdev/ros2_ws/install/tf2_msgs:/home/rosdev/ros2_ws/install/tf2:${AMENT_PREFIX_PATH} CMAKE_PREFIX_PATH=/home/rosdev/ros2_ws/install/tf2_ros:/home/rosdev/ros2_ws/install/tf2_py:/home/rosdev/ros2_ws/install/tf2_msgs:/home/rosdev/ros2_ws/install/tf2:/opt/ros/humble LD_LIBRARY_PATH=/home/rosdev/ros2_ws/install/tf2_ros/lib:/home/rosdev/ros2_ws/install/tf2_msgs/lib:/home/rosdev/ros2_ws/install/tf2/lib:${LD_LIBRARY_PATH} PYTHONPATH=/home/rosdev/ros2_ws/install/tf2_ros_py/lib/python3.10/site-packages:/home/rosdev/ros2_ws/install/tf2_py/local/lib/python3.10/dist-packages:/home/rosdev/ros2_ws/install/tf2_msgs/local/lib/python3.10/dist-packages:${PYTHONPATH} /usr/bin/cmake --install /home/rosdev/ros2_ws/build/tf2_kdl
