-- The C compiler identification is GNU 11.4.0
-- The CXX compiler identification is GNU 11.4.0
-- Detecting C compiler ABI info
-- Detecting C compiler ABI info - done
-- Check for working C compiler: /usr/bin/cc - skipped
-- Detecting C compile features
-- Detecting C compile features - done
-- Detecting CXX compiler ABI info
-- Detecting CXX compiler ABI info - done
-- Check for working CXX compiler: /usr/bin/c++ - skipped
-- Detecting CXX compile features
-- Detecting CXX compile features - done
-- Found ament_cmake: 1.3.11 (/opt/ros/humble/share/ament_cmake/cmake)
-- Found Python3: /usr/bin/python3 (found version "3.10.12") found components: Interpreter 
-- Override CMake install command with custom implementation using symlinks instead of copying resources
-- Found console_bridge_vendor: 1.4.1 (/opt/ros/humble/share/console_bridge_vendor/cmake)
-- Found builtin_interfaces: 1.2.1 (/opt/ros/humble/share/builtin_interfaces/cmake)
-- Found rosidl_generator_c: 3.1.6 (/opt/ros/humble/share/rosidl_generator_c/cmake)
-- Found rosidl_adapter: 3.1.6 (/opt/ros/humble/share/rosidl_adapter/cmake)
-- Found rosidl_generator_cpp: 3.1.6 (/opt/ros/humble/share/rosidl_generator_cpp/cmake)
-- Using all available rosidl_typesupport_c: rosidl_typesupport_fastrtps_c;rosidl_typesupport_introspection_c
-- Using all available rosidl_typesupport_cpp: rosidl_typesupport_fastrtps_cpp;rosidl_typesupport_introspection_cpp
-- Found geometry_msgs: 4.8.0 (/opt/ros/humble/share/geometry_msgs/cmake)
-- Found ament_cmake_google_benchmark: 1.3.11 (/opt/ros/humble/share/ament_cmake_google_benchmark/cmake)
-- Found ament_cmake_copyright: 0.12.12 (/opt/ros/humble/share/ament_cmake_copyright/cmake)
-- Found ament_cmake_cppcheck: 0.12.12 (/opt/ros/humble/share/ament_cmake_cppcheck/cmake)
-- Found ament_cmake_cpplint: 0.12.12 (/opt/ros/humble/share/ament_cmake_cpplint/cmake)
-- Found ament_cmake_lint_cmake: 0.12.12 (/opt/ros/humble/share/ament_cmake_lint_cmake/cmake)
-- Found ament_cmake_uncrustify: 0.12.12 (/opt/ros/humble/share/ament_cmake_uncrustify/cmake)
-- Found ament_cmake_xmllint: 0.12.12 (/opt/ros/humble/share/ament_cmake_xmllint/cmake)
-- Found ament_cmake_gtest: 1.3.11 (/opt/ros/humble/share/ament_cmake_gtest/cmake)
-- Found gtest sources under '/opt/ros/humble/src/gtest_vendor': C++ tests using 'Google Test' will be built
-- Looking for pthread.h
-- Looking for pthread.h - found
-- Performing Test CMAKE_HAVE_LIBC_PTHREAD
-- Performing Test CMAKE_HAVE_LIBC_PTHREAD - Success
-- Found Threads: TRUE  
-- Performance tests are disabled by default, so Google Benchmark tests will be skipped. To enable these tests, set the CMake variable 'AMENT_RUN_PERFORMANCE_TESTS'.
-- Configuring done
-- Generating done
-- Build files have been written to: /home/rosdev/ros2_ws/build/tf2
[  4%] [32mBuilding CXX object CMakeFiles/tf2.dir/src/cache.cpp.o[0m
[  9%] [32mBuilding CXX object CMakeFiles/tf2.dir/src/time.cpp.o[0m
[ 14%] [32mBuilding CXX object CMakeFiles/tf2.dir/src/static_cache.cpp.o[0m
[ 19%] [32mBuilding CXX object CMakeFiles/tf2.dir/src/buffer_core.cpp.o[0m
[ 23%] [32m[1mLinking CXX shared library libtf2.so[0m
[ 23%] Built target tf2
[ 28%] [32mBuilding CXX object gtest/CMakeFiles/gtest.dir/src/gtest-all.cc.o[0m
[ 33%] [32m[1mLinking CXX static library libgtest.a[0m
[ 33%] Built target gtest
[ 38%] [32mBuilding CXX object CMakeFiles/cache_benchmark.dir/test/cache_benchmark.cpp.o[0m
[ 42%] [32m[1mLinking CXX executable cache_benchmark[0m
[ 42%] Built target cache_benchmark
[ 47%] [32mBuilding CXX object gtest/CMakeFiles/gtest_main.dir/src/gtest_main.cc.o[0m
[ 52%] [32m[1mLinking CXX static library libgtest_main.a[0m
[ 52%] Built target gtest_main
[ 57%] [32mBuilding CXX object CMakeFiles/test_cache_unittest.dir/test/cache_unittest.cpp.o[0m
[ 61%] [32m[1mLinking CXX executable test_cache_unittest[0m
[ 61%] Built target test_cache_unittest
[ 66%] [32mBuilding CXX object CMakeFiles/test_storage.dir/test/test_storage.cpp.o[0m
[ 71%] [32m[1mLinking CXX executable test_storage[0m
[ 71%] Built target test_storage
[ 76%] [32mBuilding CXX object CMakeFiles/test_time.dir/test/test_time.cpp.o[0m
[ 80%] [32m[1mLinking CXX executable test_time[0m
[ 80%] Built target test_time
[ 85%] [32mBuilding CXX object CMakeFiles/test_simple_tf2_core.dir/test/simple_tf2_core.cpp.o[0m
[ 90%] [32m[1mLinking CXX executable test_simple_tf2_core[0m
[ 90%] Built target test_simple_tf2_core
[ 95%] [32mBuilding CXX object CMakeFiles/test_static_cache_unittest.dir/test/static_cache_test.cpp.o[0m
[100%] [32m[1mLinking CXX executable test_static_cache_unittest[0m
[100%] Built target test_static_cache_unittest
-- Install configuration: ""
-- Execute custom install script
-- Symlinking: /home/rosdev/ros2_ws/install/tf2/include/tf2/tf2/LinearMath/Matrix3x3.h
-- Symlinking: /home/rosdev/ros2_ws/install/tf2/include/tf2/tf2/LinearMath/MinMax.h
-- Symlinking: /home/rosdev/ros2_ws/install/tf2/include/tf2/tf2/LinearMath/QuadWord.h
-- Symlinking: /home/rosdev/ros2_ws/install/tf2/include/tf2/tf2/LinearMath/Quaternion.h
-- Symlinking: /home/rosdev/ros2_ws/install/tf2/include/tf2/tf2/LinearMath/Scalar.h
-- Symlinking: /home/rosdev/ros2_ws/install/tf2/include/tf2/tf2/LinearMath/Transform.h
-- Symlinking: /home/rosdev/ros2_ws/install/tf2/include/tf2/tf2/LinearMath/Vector3.h
-- Symlinking: /home/rosdev/ros2_ws/install/tf2/include/tf2/tf2/buffer_core.h
-- Symlinking: /home/rosdev/ros2_ws/install/tf2/include/tf2/tf2/buffer_core_interface.h
-- Symlinking: /home/rosdev/ros2_ws/install/tf2/include/tf2/tf2/convert.h
-- Symlinking: /home/rosdev/ros2_ws/install/tf2/include/tf2/tf2/exceptions.h
-- Symlinking: /home/rosdev/ros2_ws/install/tf2/include/tf2/tf2/impl/convert.h
-- Symlinking: /home/rosdev/ros2_ws/install/tf2/include/tf2/tf2/impl/utils.h
-- Symlinking: /home/rosdev/ros2_ws/install/tf2/include/tf2/tf2/time.h
-- Symlinking: /home/rosdev/ros2_ws/install/tf2/include/tf2/tf2/time_cache.h
-- Symlinking: /home/rosdev/ros2_ws/install/tf2/include/tf2/tf2/transform_datatypes.h
-- Symlinking: /home/rosdev/ros2_ws/install/tf2/include/tf2/tf2/transform_storage.h
-- Symlinking: /home/rosdev/ros2_ws/install/tf2/include/tf2/tf2/utils.h
-- Symlinking: /home/rosdev/ros2_ws/install/tf2/include/tf2/tf2/visibility_control.h
-- Symlinking: /home/rosdev/ros2_ws/install/tf2/share/tf2/environment/library_path.sh
-- Symlinking: /home/rosdev/ros2_ws/install/tf2/share/tf2/environment/library_path.dsv
-- Symlinking: /home/rosdev/ros2_ws/install/tf2/share/ament_index/resource_index/package_run_dependencies/tf2
-- Symlinking: /home/rosdev/ros2_ws/install/tf2/share/ament_index/resource_index/parent_prefix_path/tf2
-- Symlinking: /home/rosdev/ros2_ws/install/tf2/share/tf2/environment/ament_prefix_path.sh
-- Symlinking: /home/rosdev/ros2_ws/install/tf2/share/tf2/environment/ament_prefix_path.dsv
-- Symlinking: /home/rosdev/ros2_ws/install/tf2/share/tf2/environment/path.sh
-- Symlinking: /home/rosdev/ros2_ws/install/tf2/share/tf2/environment/path.dsv
-- Symlinking: /home/rosdev/ros2_ws/install/tf2/share/tf2/local_setup.bash
-- Symlinking: /home/rosdev/ros2_ws/install/tf2/share/tf2/local_setup.sh
-- Symlinking: /home/rosdev/ros2_ws/install/tf2/share/tf2/local_setup.zsh
-- Symlinking: /home/rosdev/ros2_ws/install/tf2/share/tf2/local_setup.dsv
-- Symlinking: /home/rosdev/ros2_ws/install/tf2/share/tf2/package.dsv
-- Symlinking: /home/rosdev/ros2_ws/install/tf2/share/ament_index/resource_index/packages/tf2
-- Symlinking: /home/rosdev/ros2_ws/install/tf2/share/tf2/cmake/ament_cmake_export_dependencies-extras.cmake
-- Symlinking: /home/rosdev/ros2_ws/install/tf2/share/tf2/cmake/ament_cmake_export_include_directories-extras.cmake
-- Symlinking: /home/rosdev/ros2_ws/install/tf2/share/tf2/cmake/ament_cmake_export_libraries-extras.cmake
-- Symlinking: /home/rosdev/ros2_ws/install/tf2/share/tf2/cmake/ament_cmake_export_targets-extras.cmake
-- Symlinking: /home/rosdev/ros2_ws/install/tf2/share/tf2/cmake/tf2Config.cmake
-- Symlinking: /home/rosdev/ros2_ws/install/tf2/share/tf2/cmake/tf2Config-version.cmake
-- Symlinking: /home/rosdev/ros2_ws/install/tf2/share/tf2/package.xml
-- Installing: /home/rosdev/ros2_ws/install/tf2/lib/libtf2.so
-- Set runtime path of "/home/rosdev/ros2_ws/install/tf2/lib/libtf2.so" to ""
-- Installing: /home/rosdev/ros2_ws/install/tf2/share/tf2/cmake/export_tf2Export.cmake
-- Installing: /home/rosdev/ros2_ws/install/tf2/share/tf2/cmake/export_tf2Export-noconfig.cmake
