[0.123s] Invoking command in '/home/rosdev/ros2_ws/build/tf2_geometry_msgs': AMENT_PREFIX_PATH=/home/rosdev/ros2_ws/install/tf2_ros_py:/home/rosdev/ros2_ws/install/tf2_ros:/home/rosdev/ros2_ws/install/tf2_py:/home/rosdev/ros2_ws/install/tf2_msgs:/home/rosdev/ros2_ws/install/tf2:${AMENT_PREFIX_PATH} CMAKE_PREFIX_PATH=/home/rosdev/ros2_ws/install/tf2_ros:/home/rosdev/ros2_ws/install/tf2_py:/home/rosdev/ros2_ws/install/tf2_msgs:/home/rosdev/ros2_ws/install/tf2:/opt/ros/humble LD_LIBRARY_PATH=/home/rosdev/ros2_ws/install/tf2_ros/lib:/home/rosdev/ros2_ws/install/tf2_msgs/lib:/home/rosdev/ros2_ws/install/tf2/lib:${LD_LIBRARY_PATH} PYTHONPATH=/home/rosdev/ros2_ws/build/tf2_ros_py:/home/rosdev/ros2_ws/install/tf2_ros_py/lib/python3.10/site-packages:/home/rosdev/ros2_ws/install/tf2_py/local/lib/python3.10/dist-packages:/home/rosdev/ros2_ws/install/tf2_msgs/local/lib/python3.10/dist-packages:${PYTHONPATH} /usr/bin/cmake --build /home/rosdev/ros2_ws/build/tf2_geometry_msgs -- -j12 -l12
[0.388s] [  0%] Built target ament_cmake_python_symlink_tf2_geometry_msgs
[0.491s] [ 33%] Built target gtest
[1.562s] running egg_info
[1.568s] writing tf2_geometry_msgs.egg-info/PKG-INFO
[1.574s] writing dependency_links to tf2_geometry_msgs.egg-info/dependency_links.txt
[1.574s] writing top-level names to tf2_geometry_msgs.egg-info/top_level.txt
[1.575s] reading manifest file 'tf2_geometry_msgs.egg-info/SOURCES.txt'
[1.579s] writing manifest file 'tf2_geometry_msgs.egg-info/SOURCES.txt'
[1.894s] [ 33%] Built target ament_cmake_python_build_tf2_geometry_msgs_egg
[1.972s] [ 66%] Built target gtest_main
[2.087s] [100%] Built target test_tf2_geometry_msgs
[2.141s] Invoked command in '/home/rosdev/ros2_ws/build/tf2_geometry_msgs' returned '0': AMENT_PREFIX_PATH=/home/rosdev/ros2_ws/install/tf2_ros_py:/home/rosdev/ros2_ws/install/tf2_ros:/home/rosdev/ros2_ws/install/tf2_py:/home/rosdev/ros2_ws/install/tf2_msgs:/home/rosdev/ros2_ws/install/tf2:${AMENT_PREFIX_PATH} CMAKE_PREFIX_PATH=/home/rosdev/ros2_ws/install/tf2_ros:/home/rosdev/ros2_ws/install/tf2_py:/home/rosdev/ros2_ws/install/tf2_msgs:/home/rosdev/ros2_ws/install/tf2:/opt/ros/humble LD_LIBRARY_PATH=/home/rosdev/ros2_ws/install/tf2_ros/lib:/home/rosdev/ros2_ws/install/tf2_msgs/lib:/home/rosdev/ros2_ws/install/tf2/lib:${LD_LIBRARY_PATH} PYTHONPATH=/home/rosdev/ros2_ws/build/tf2_ros_py:/home/rosdev/ros2_ws/install/tf2_ros_py/lib/python3.10/site-packages:/home/rosdev/ros2_ws/install/tf2_py/local/lib/python3.10/dist-packages:/home/rosdev/ros2_ws/install/tf2_msgs/local/lib/python3.10/dist-packages:${PYTHONPATH} /usr/bin/cmake --build /home/rosdev/ros2_ws/build/tf2_geometry_msgs -- -j12 -l12
[2.145s] Invoking command in '/home/rosdev/ros2_ws/build/tf2_geometry_msgs': AMENT_PREFIX_PATH=/home/rosdev/ros2_ws/install/tf2_ros_py:/home/rosdev/ros2_ws/install/tf2_ros:/home/rosdev/ros2_ws/install/tf2_py:/home/rosdev/ros2_ws/install/tf2_msgs:/home/rosdev/ros2_ws/install/tf2:${AMENT_PREFIX_PATH} CMAKE_PREFIX_PATH=/home/rosdev/ros2_ws/install/tf2_ros:/home/rosdev/ros2_ws/install/tf2_py:/home/rosdev/ros2_ws/install/tf2_msgs:/home/rosdev/ros2_ws/install/tf2:/opt/ros/humble LD_LIBRARY_PATH=/home/rosdev/ros2_ws/install/tf2_ros/lib:/home/rosdev/ros2_ws/install/tf2_msgs/lib:/home/rosdev/ros2_ws/install/tf2/lib:${LD_LIBRARY_PATH} PYTHONPATH=/home/rosdev/ros2_ws/build/tf2_ros_py:/home/rosdev/ros2_ws/install/tf2_ros_py/lib/python3.10/site-packages:/home/rosdev/ros2_ws/install/tf2_py/local/lib/python3.10/dist-packages:/home/rosdev/ros2_ws/install/tf2_msgs/local/lib/python3.10/dist-packages:${PYTHONPATH} /usr/bin/cmake --install /home/rosdev/ros2_ws/build/tf2_geometry_msgs
[2.172s] -- Install configuration: ""
[2.172s] -- Execute custom install script
[2.173s] -- Up-to-date symlink: /home/rosdev/ros2_ws/install/tf2_geometry_msgs/share/tf2_geometry_msgs/environment/pythonpath.sh
[2.174s] -- Up-to-date symlink: /home/rosdev/ros2_ws/install/tf2_geometry_msgs/share/tf2_geometry_msgs/environment/pythonpath.dsv
[2.177s] -- Up-to-date symlink: /home/rosdev/ros2_ws/install/tf2_geometry_msgs/local/lib/python3.10/dist-packages/tf2_geometry_msgs-0.25.7-py3.10.egg-info/PKG-INFO
[2.177s] -- Up-to-date symlink: /home/rosdev/ros2_ws/install/tf2_geometry_msgs/local/lib/python3.10/dist-packages/tf2_geometry_msgs-0.25.7-py3.10.egg-info/SOURCES.txt
[2.178s] -- Up-to-date symlink: /home/rosdev/ros2_ws/install/tf2_geometry_msgs/local/lib/python3.10/dist-packages/tf2_geometry_msgs-0.25.7-py3.10.egg-info/dependency_links.txt
[2.178s] -- Up-to-date symlink: /home/rosdev/ros2_ws/install/tf2_geometry_msgs/local/lib/python3.10/dist-packages/tf2_geometry_msgs-0.25.7-py3.10.egg-info/top_level.txt
[2.178s] -- Up-to-date symlink: /home/rosdev/ros2_ws/install/tf2_geometry_msgs/local/lib/python3.10/dist-packages/tf2_geometry_msgs/__init__.py
[2.178s] -- Up-to-date symlink: /home/rosdev/ros2_ws/install/tf2_geometry_msgs/local/lib/python3.10/dist-packages/tf2_geometry_msgs/tf2_geometry_msgs.py
[2.194s] -- Up-to-date symlink: /home/rosdev/ros2_ws/install/tf2_geometry_msgs/include/tf2_geometry_msgs/tf2_geometry_msgs/tf2_geometry_msgs.h
[2.195s] -- Up-to-date symlink: /home/rosdev/ros2_ws/install/tf2_geometry_msgs/include/tf2_geometry_msgs/tf2_geometry_msgs/tf2_geometry_msgs.hpp
[2.195s] -- Up-to-date symlink: /home/rosdev/ros2_ws/install/tf2_geometry_msgs/share/ament_index/resource_index/package_run_dependencies/tf2_geometry_msgs
[2.195s] -- Up-to-date symlink: /home/rosdev/ros2_ws/install/tf2_geometry_msgs/share/ament_index/resource_index/parent_prefix_path/tf2_geometry_msgs
[2.196s] -- Up-to-date symlink: /home/rosdev/ros2_ws/install/tf2_geometry_msgs/share/tf2_geometry_msgs/environment/ament_prefix_path.sh
[2.199s] -- Up-to-date symlink: /home/rosdev/ros2_ws/install/tf2_geometry_msgs/share/tf2_geometry_msgs/environment/ament_prefix_path.dsv
[2.199s] -- Up-to-date symlink: /home/rosdev/ros2_ws/install/tf2_geometry_msgs/share/tf2_geometry_msgs/environment/path.sh
[2.199s] -- Up-to-date symlink: /home/rosdev/ros2_ws/install/tf2_geometry_msgs/share/tf2_geometry_msgs/environment/path.dsv
[2.199s] -- Up-to-date symlink: /home/rosdev/ros2_ws/install/tf2_geometry_msgs/share/tf2_geometry_msgs/local_setup.bash
[2.199s] -- Up-to-date symlink: /home/rosdev/ros2_ws/install/tf2_geometry_msgs/share/tf2_geometry_msgs/local_setup.sh
[2.199s] -- Up-to-date symlink: /home/rosdev/ros2_ws/install/tf2_geometry_msgs/share/tf2_geometry_msgs/local_setup.zsh
[2.199s] -- Up-to-date symlink: /home/rosdev/ros2_ws/install/tf2_geometry_msgs/share/tf2_geometry_msgs/local_setup.dsv
[2.199s] -- Symlinking: /home/rosdev/ros2_ws/install/tf2_geometry_msgs/share/tf2_geometry_msgs/package.dsv
[2.221s] -- Up-to-date symlink: /home/rosdev/ros2_ws/install/tf2_geometry_msgs/share/ament_index/resource_index/packages/tf2_geometry_msgs
[2.221s] -- Up-to-date symlink: /home/rosdev/ros2_ws/install/tf2_geometry_msgs/share/tf2_geometry_msgs/cmake/ament_cmake_export_targets-extras.cmake
[2.222s] -- Up-to-date symlink: /home/rosdev/ros2_ws/install/tf2_geometry_msgs/share/tf2_geometry_msgs/cmake/ament_cmake_export_dependencies-extras.cmake
[2.222s] -- Up-to-date symlink: /home/rosdev/ros2_ws/install/tf2_geometry_msgs/share/tf2_geometry_msgs/cmake/tf2_geometry_msgsConfig.cmake
[2.222s] -- Up-to-date symlink: /home/rosdev/ros2_ws/install/tf2_geometry_msgs/share/tf2_geometry_msgs/cmake/tf2_geometry_msgsConfig-version.cmake
[2.223s] -- Up-to-date symlink: /home/rosdev/ros2_ws/install/tf2_geometry_msgs/share/tf2_geometry_msgs/package.xml
[2.329s] Listing '/home/rosdev/ros2_ws/install/tf2_geometry_msgs/local/lib/python3.10/dist-packages/tf2_geometry_msgs'...
[2.356s] -- Up-to-date: /home/rosdev/ros2_ws/install/tf2_geometry_msgs/share/tf2_geometry_msgs/cmake/export_tf2_geometry_msgsExport.cmake
[2.377s] Invoked command in '/home/rosdev/ros2_ws/build/tf2_geometry_msgs' returned '0': AMENT_PREFIX_PATH=/home/rosdev/ros2_ws/install/tf2_ros_py:/home/rosdev/ros2_ws/install/tf2_ros:/home/rosdev/ros2_ws/install/tf2_py:/home/rosdev/ros2_ws/install/tf2_msgs:/home/rosdev/ros2_ws/install/tf2:${AMENT_PREFIX_PATH} CMAKE_PREFIX_PATH=/home/rosdev/ros2_ws/install/tf2_ros:/home/rosdev/ros2_ws/install/tf2_py:/home/rosdev/ros2_ws/install/tf2_msgs:/home/rosdev/ros2_ws/install/tf2:/opt/ros/humble LD_LIBRARY_PATH=/home/rosdev/ros2_ws/install/tf2_ros/lib:/home/rosdev/ros2_ws/install/tf2_msgs/lib:/home/rosdev/ros2_ws/install/tf2/lib:${LD_LIBRARY_PATH} PYTHONPATH=/home/rosdev/ros2_ws/build/tf2_ros_py:/home/rosdev/ros2_ws/install/tf2_ros_py/lib/python3.10/site-packages:/home/rosdev/ros2_ws/install/tf2_py/local/lib/python3.10/dist-packages:/home/rosdev/ros2_ws/install/tf2_msgs/local/lib/python3.10/dist-packages:${PYTHONPATH} /usr/bin/cmake --install /home/rosdev/ros2_ws/build/tf2_geometry_msgs
