[0.044s] Invoking command in '/home/rosdev/ros2_ws/build/tf2_msgs': CMAKE_PREFIX_PATH=/opt/ros/humble /usr/bin/cmake --build /home/rosdev/ros2_ws/build/tf2_msgs -- -j12 -l12
[0.168s] [  1%] Built target tf2_msgs__cpp
[0.170s] [ 12%] Built target tf2_msgs__rosidl_generator_c
[0.174s] [ 12%] Built target ament_cmake_python_symlink_tf2_msgs
[0.250s] [ 23%] Built target tf2_msgs__rosidl_typesupport_fastrtps_cpp
[0.256s] [ 34%] Built target tf2_msgs__rosidl_typesupport_introspection_cpp
[0.291s] [ 45%] Built target tf2_msgs__rosidl_typesupport_cpp
[0.369s] [ 56%] Built target tf2_msgs__rosidl_typesupport_fastrtps_c
[0.369s] [ 67%] Built target tf2_msgs__rosidl_typesupport_introspection_c
[0.374s] [ 78%] Built target tf2_msgs__rosidl_typesupport_c
[0.426s] [ 78%] Built target tf2_msgs
[0.472s] [ 80%] Built target tf2_msgs__py
[0.521s] [ 89%] Built target tf2_msgs__rosidl_generator_py
[0.608s] [ 92%] Built target tf2_msgs__rosidl_typesupport_introspection_c__pyext
[0.616s] [ 96%] Built target tf2_msgs__rosidl_typesupport_c__pyext
[0.617s] [100%] Built target tf2_msgs__rosidl_typesupport_fastrtps_c__pyext
[0.653s] running egg_info
[0.653s] writing tf2_msgs.egg-info/PKG-INFO
[0.658s] writing dependency_links to tf2_msgs.egg-info/dependency_links.txt
[0.658s] writing top-level names to tf2_msgs.egg-info/top_level.txt
[0.663s] reading manifest file 'tf2_msgs.egg-info/SOURCES.txt'
[0.664s] writing manifest file 'tf2_msgs.egg-info/SOURCES.txt'
[0.747s] [100%] Built target ament_cmake_python_build_tf2_msgs_egg
[0.776s] Invoked command in '/home/rosdev/ros2_ws/build/tf2_msgs' returned '0': CMAKE_PREFIX_PATH=/opt/ros/humble /usr/bin/cmake --build /home/rosdev/ros2_ws/build/tf2_msgs -- -j12 -l12
[0.783s] Invoking command in '/home/rosdev/ros2_ws/build/tf2_msgs': CMAKE_PREFIX_PATH=/opt/ros/humble /usr/bin/cmake --install /home/rosdev/ros2_ws/build/tf2_msgs
[0.795s] -- Install configuration: ""
[0.798s] -- Execute custom install script
[0.798s] -- Up-to-date symlink: /home/rosdev/ros2_ws/install/tf2_msgs/share/ament_index/resource_index/rosidl_interfaces/tf2_msgs
[0.799s] -- Up-to-date symlink: /home/rosdev/ros2_ws/install/tf2_msgs/include/tf2_msgs/tf2_msgs/action/detail/lookup_transform__functions.h
[0.799s] -- Up-to-date symlink: /home/rosdev/ros2_ws/install/tf2_msgs/include/tf2_msgs/tf2_msgs/action/detail/lookup_transform__struct.h
[0.800s] -- Up-to-date symlink: /home/rosdev/ros2_ws/install/tf2_msgs/include/tf2_msgs/tf2_msgs/action/detail/lookup_transform__type_support.h
[0.800s] -- Up-to-date symlink: /home/rosdev/ros2_ws/install/tf2_msgs/include/tf2_msgs/tf2_msgs/action/lookup_transform.h
[0.801s] -- Up-to-date symlink: /home/rosdev/ros2_ws/install/tf2_msgs/include/tf2_msgs/tf2_msgs/msg/detail/tf2_error__functions.h
[0.801s] -- Up-to-date symlink: /home/rosdev/ros2_ws/install/tf2_msgs/include/tf2_msgs/tf2_msgs/msg/detail/tf2_error__struct.h
[0.802s] -- Up-to-date symlink: /home/rosdev/ros2_ws/install/tf2_msgs/include/tf2_msgs/tf2_msgs/msg/detail/tf2_error__type_support.h
[0.802s] -- Up-to-date symlink: /home/rosdev/ros2_ws/install/tf2_msgs/include/tf2_msgs/tf2_msgs/msg/detail/tf_message__functions.h
[0.802s] -- Up-to-date symlink: /home/rosdev/ros2_ws/install/tf2_msgs/include/tf2_msgs/tf2_msgs/msg/detail/tf_message__struct.h
[0.802s] -- Up-to-date symlink: /home/rosdev/ros2_ws/install/tf2_msgs/include/tf2_msgs/tf2_msgs/msg/detail/tf_message__type_support.h
[0.803s] -- Up-to-date symlink: /home/rosdev/ros2_ws/install/tf2_msgs/include/tf2_msgs/tf2_msgs/msg/rosidl_generator_c__visibility_control.h
[0.803s] -- Up-to-date symlink: /home/rosdev/ros2_ws/install/tf2_msgs/include/tf2_msgs/tf2_msgs/msg/tf2_error.h
[0.803s] -- Up-to-date symlink: /home/rosdev/ros2_ws/install/tf2_msgs/include/tf2_msgs/tf2_msgs/msg/tf_message.h
[0.804s] -- Up-to-date symlink: /home/rosdev/ros2_ws/install/tf2_msgs/include/tf2_msgs/tf2_msgs/srv/detail/frame_graph__functions.h
[0.804s] -- Up-to-date symlink: /home/rosdev/ros2_ws/install/tf2_msgs/include/tf2_msgs/tf2_msgs/srv/detail/frame_graph__struct.h
[0.805s] -- Up-to-date symlink: /home/rosdev/ros2_ws/install/tf2_msgs/include/tf2_msgs/tf2_msgs/srv/detail/frame_graph__type_support.h
[0.805s] -- Up-to-date symlink: /home/rosdev/ros2_ws/install/tf2_msgs/include/tf2_msgs/tf2_msgs/srv/frame_graph.h
[0.805s] -- Up-to-date symlink: /home/rosdev/ros2_ws/install/tf2_msgs/share/tf2_msgs/environment/library_path.sh
[0.805s] -- Up-to-date symlink: /home/rosdev/ros2_ws/install/tf2_msgs/share/tf2_msgs/environment/library_path.dsv
[0.809s] -- Up-to-date symlink: /home/rosdev/ros2_ws/install/tf2_msgs/include/tf2_msgs/tf2_msgs/action/detail/lookup_transform__rosidl_typesupport_fastrtps_c.h
[0.809s] -- Up-to-date symlink: /home/rosdev/ros2_ws/install/tf2_msgs/include/tf2_msgs/tf2_msgs/msg/detail/tf2_error__rosidl_typesupport_fastrtps_c.h
[0.810s] -- Up-to-date symlink: /home/rosdev/ros2_ws/install/tf2_msgs/include/tf2_msgs/tf2_msgs/msg/detail/tf_message__rosidl_typesupport_fastrtps_c.h
[0.810s] -- Up-to-date symlink: /home/rosdev/ros2_ws/install/tf2_msgs/include/tf2_msgs/tf2_msgs/msg/rosidl_typesupport_fastrtps_c__visibility_control.h
[0.810s] -- Up-to-date symlink: /home/rosdev/ros2_ws/install/tf2_msgs/include/tf2_msgs/tf2_msgs/srv/detail/frame_graph__rosidl_typesupport_fastrtps_c.h
[0.810s] -- Up-to-date symlink: /home/rosdev/ros2_ws/install/tf2_msgs/include/tf2_msgs/tf2_msgs/action/detail/lookup_transform__rosidl_typesupport_introspection_c.h
[0.810s] -- Up-to-date symlink: /home/rosdev/ros2_ws/install/tf2_msgs/include/tf2_msgs/tf2_msgs/msg/detail/tf2_error__rosidl_typesupport_introspection_c.h
[0.813s] -- Up-to-date symlink: /home/rosdev/ros2_ws/install/tf2_msgs/include/tf2_msgs/tf2_msgs/msg/detail/tf_message__rosidl_typesupport_introspection_c.h
[0.828s] -- Up-to-date symlink: /home/rosdev/ros2_ws/install/tf2_msgs/include/tf2_msgs/tf2_msgs/msg/rosidl_typesupport_introspection_c__visibility_control.h
[0.828s] -- Up-to-date symlink: /home/rosdev/ros2_ws/install/tf2_msgs/include/tf2_msgs/tf2_msgs/srv/detail/frame_graph__rosidl_typesupport_introspection_c.h
[0.828s] -- Up-to-date symlink: /home/rosdev/ros2_ws/install/tf2_msgs/include/tf2_msgs/tf2_msgs/action/detail/lookup_transform__builder.hpp
[0.829s] -- Up-to-date symlink: /home/rosdev/ros2_ws/install/tf2_msgs/include/tf2_msgs/tf2_msgs/action/detail/lookup_transform__struct.hpp
[0.829s] -- Up-to-date symlink: /home/rosdev/ros2_ws/install/tf2_msgs/include/tf2_msgs/tf2_msgs/action/detail/lookup_transform__traits.hpp
[0.829s] -- Up-to-date symlink: /home/rosdev/ros2_ws/install/tf2_msgs/include/tf2_msgs/tf2_msgs/action/detail/lookup_transform__type_support.hpp
[0.829s] -- Up-to-date symlink: /home/rosdev/ros2_ws/install/tf2_msgs/include/tf2_msgs/tf2_msgs/action/lookup_transform.hpp
[0.829s] -- Up-to-date symlink: /home/rosdev/ros2_ws/install/tf2_msgs/include/tf2_msgs/tf2_msgs/msg/detail/tf2_error__builder.hpp
[0.829s] -- Up-to-date symlink: /home/rosdev/ros2_ws/install/tf2_msgs/include/tf2_msgs/tf2_msgs/msg/detail/tf2_error__struct.hpp
[0.829s] -- Up-to-date symlink: /home/rosdev/ros2_ws/install/tf2_msgs/include/tf2_msgs/tf2_msgs/msg/detail/tf2_error__traits.hpp
[0.829s] -- Up-to-date symlink: /home/rosdev/ros2_ws/install/tf2_msgs/include/tf2_msgs/tf2_msgs/msg/detail/tf2_error__type_support.hpp
[0.830s] -- Up-to-date symlink: /home/rosdev/ros2_ws/install/tf2_msgs/include/tf2_msgs/tf2_msgs/msg/detail/tf_message__builder.hpp
[0.830s] -- Up-to-date symlink: /home/rosdev/ros2_ws/install/tf2_msgs/include/tf2_msgs/tf2_msgs/msg/detail/tf_message__struct.hpp
[0.830s] -- Up-to-date symlink: /home/rosdev/ros2_ws/install/tf2_msgs/include/tf2_msgs/tf2_msgs/msg/detail/tf_message__traits.hpp
[0.830s] -- Up-to-date symlink: /home/rosdev/ros2_ws/install/tf2_msgs/include/tf2_msgs/tf2_msgs/msg/detail/tf_message__type_support.hpp
[0.830s] -- Up-to-date symlink: /home/rosdev/ros2_ws/install/tf2_msgs/include/tf2_msgs/tf2_msgs/msg/rosidl_generator_cpp__visibility_control.hpp
[0.830s] -- Up-to-date symlink: /home/rosdev/ros2_ws/install/tf2_msgs/include/tf2_msgs/tf2_msgs/msg/tf2_error.hpp
[0.830s] -- Up-to-date symlink: /home/rosdev/ros2_ws/install/tf2_msgs/include/tf2_msgs/tf2_msgs/msg/tf_message.hpp
[0.830s] -- Up-to-date symlink: /home/rosdev/ros2_ws/install/tf2_msgs/include/tf2_msgs/tf2_msgs/srv/detail/frame_graph__builder.hpp
[0.830s] -- Up-to-date symlink: /home/rosdev/ros2_ws/install/tf2_msgs/include/tf2_msgs/tf2_msgs/srv/detail/frame_graph__struct.hpp
[0.830s] -- Up-to-date symlink: /home/rosdev/ros2_ws/install/tf2_msgs/include/tf2_msgs/tf2_msgs/srv/detail/frame_graph__traits.hpp
[0.830s] -- Up-to-date symlink: /home/rosdev/ros2_ws/install/tf2_msgs/include/tf2_msgs/tf2_msgs/srv/detail/frame_graph__type_support.hpp
[0.831s] -- Up-to-date symlink: /home/rosdev/ros2_ws/install/tf2_msgs/include/tf2_msgs/tf2_msgs/srv/frame_graph.hpp
[0.831s] -- Up-to-date symlink: /home/rosdev/ros2_ws/install/tf2_msgs/include/tf2_msgs/tf2_msgs/action/detail/lookup_transform__rosidl_typesupport_fastrtps_cpp.hpp
[0.831s] -- Up-to-date symlink: /home/rosdev/ros2_ws/install/tf2_msgs/include/tf2_msgs/tf2_msgs/msg/detail/tf2_error__rosidl_typesupport_fastrtps_cpp.hpp
[0.831s] -- Up-to-date symlink: /home/rosdev/ros2_ws/install/tf2_msgs/include/tf2_msgs/tf2_msgs/msg/detail/tf_message__rosidl_typesupport_fastrtps_cpp.hpp
[0.831s] -- Up-to-date symlink: /home/rosdev/ros2_ws/install/tf2_msgs/include/tf2_msgs/tf2_msgs/msg/rosidl_typesupport_fastrtps_cpp__visibility_control.h
[0.831s] -- Up-to-date symlink: /home/rosdev/ros2_ws/install/tf2_msgs/include/tf2_msgs/tf2_msgs/srv/detail/frame_graph__rosidl_typesupport_fastrtps_cpp.hpp
[0.831s] -- Up-to-date symlink: /home/rosdev/ros2_ws/install/tf2_msgs/include/tf2_msgs/tf2_msgs/action/detail/lookup_transform__rosidl_typesupport_introspection_cpp.hpp
[0.831s] -- Up-to-date symlink: /home/rosdev/ros2_ws/install/tf2_msgs/include/tf2_msgs/tf2_msgs/msg/detail/tf2_error__rosidl_typesupport_introspection_cpp.hpp
[0.831s] -- Up-to-date symlink: /home/rosdev/ros2_ws/install/tf2_msgs/include/tf2_msgs/tf2_msgs/msg/detail/tf_message__rosidl_typesupport_introspection_cpp.hpp
[0.831s] -- Up-to-date symlink: /home/rosdev/ros2_ws/install/tf2_msgs/include/tf2_msgs/tf2_msgs/srv/detail/frame_graph__rosidl_typesupport_introspection_cpp.hpp
[0.831s] -- Up-to-date symlink: /home/rosdev/ros2_ws/install/tf2_msgs/share/tf2_msgs/environment/pythonpath.sh
[0.832s] -- Up-to-date symlink: /home/rosdev/ros2_ws/install/tf2_msgs/share/tf2_msgs/environment/pythonpath.dsv
[0.832s] -- Up-to-date symlink: /home/rosdev/ros2_ws/install/tf2_msgs/local/lib/python3.10/dist-packages/tf2_msgs-0.25.7-py3.10.egg-info/PKG-INFO
[0.832s] -- Up-to-date symlink: /home/rosdev/ros2_ws/install/tf2_msgs/local/lib/python3.10/dist-packages/tf2_msgs-0.25.7-py3.10.egg-info/SOURCES.txt
[0.832s] -- Up-to-date symlink: /home/rosdev/ros2_ws/install/tf2_msgs/local/lib/python3.10/dist-packages/tf2_msgs-0.25.7-py3.10.egg-info/dependency_links.txt
[0.833s] -- Up-to-date symlink: /home/rosdev/ros2_ws/install/tf2_msgs/local/lib/python3.10/dist-packages/tf2_msgs-0.25.7-py3.10.egg-info/top_level.txt
[0.833s] -- Up-to-date symlink: /home/rosdev/ros2_ws/install/tf2_msgs/local/lib/python3.10/dist-packages/tf2_msgs/__init__.py
[0.833s] -- Up-to-date symlink: /home/rosdev/ros2_ws/install/tf2_msgs/local/lib/python3.10/dist-packages/tf2_msgs/_tf2_msgs_s.ep.rosidl_typesupport_c.c
[0.833s] -- Up-to-date symlink: /home/rosdev/ros2_ws/install/tf2_msgs/local/lib/python3.10/dist-packages/tf2_msgs/_tf2_msgs_s.ep.rosidl_typesupport_fastrtps_c.c
[0.833s] -- Up-to-date symlink: /home/rosdev/ros2_ws/install/tf2_msgs/local/lib/python3.10/dist-packages/tf2_msgs/_tf2_msgs_s.ep.rosidl_typesupport_introspection_c.c
[0.834s] -- Up-to-date symlink: /home/rosdev/ros2_ws/install/tf2_msgs/local/lib/python3.10/dist-packages/tf2_msgs/action/__init__.py
[0.834s] -- Up-to-date symlink: /home/rosdev/ros2_ws/install/tf2_msgs/local/lib/python3.10/dist-packages/tf2_msgs/action/_lookup_transform.py
[0.834s] -- Up-to-date symlink: /home/rosdev/ros2_ws/install/tf2_msgs/local/lib/python3.10/dist-packages/tf2_msgs/action/_lookup_transform_s.c
[0.834s] -- Up-to-date symlink: /home/rosdev/ros2_ws/install/tf2_msgs/local/lib/python3.10/dist-packages/tf2_msgs/libtf2_msgs__rosidl_generator_py.so
[0.834s] -- Up-to-date symlink: /home/rosdev/ros2_ws/install/tf2_msgs/local/lib/python3.10/dist-packages/tf2_msgs/msg/__init__.py
[0.839s] -- Up-to-date symlink: /home/rosdev/ros2_ws/install/tf2_msgs/local/lib/python3.10/dist-packages/tf2_msgs/msg/_tf2_error.py
[0.839s] -- Up-to-date symlink: /home/rosdev/ros2_ws/install/tf2_msgs/local/lib/python3.10/dist-packages/tf2_msgs/msg/_tf2_error_s.c
[0.839s] -- Up-to-date symlink: /home/rosdev/ros2_ws/install/tf2_msgs/local/lib/python3.10/dist-packages/tf2_msgs/msg/_tf_message.py
[0.839s] -- Up-to-date symlink: /home/rosdev/ros2_ws/install/tf2_msgs/local/lib/python3.10/dist-packages/tf2_msgs/msg/_tf_message_s.c
[0.839s] -- Up-to-date symlink: /home/rosdev/ros2_ws/install/tf2_msgs/local/lib/python3.10/dist-packages/tf2_msgs/srv/__init__.py
[0.841s] -- Up-to-date symlink: /home/rosdev/ros2_ws/install/tf2_msgs/local/lib/python3.10/dist-packages/tf2_msgs/srv/_frame_graph.py
[0.841s] -- Up-to-date symlink: /home/rosdev/ros2_ws/install/tf2_msgs/local/lib/python3.10/dist-packages/tf2_msgs/srv/_frame_graph_s.c
[0.842s] -- Up-to-date symlink: /home/rosdev/ros2_ws/install/tf2_msgs/local/lib/python3.10/dist-packages/tf2_msgs/tf2_msgs_s__rosidl_typesupport_c.cpython-310-aarch64-linux-gnu.so
[0.842s] -- Up-to-date symlink: /home/rosdev/ros2_ws/install/tf2_msgs/local/lib/python3.10/dist-packages/tf2_msgs/tf2_msgs_s__rosidl_typesupport_fastrtps_c.cpython-310-aarch64-linux-gnu.so
[0.842s] -- Up-to-date symlink: /home/rosdev/ros2_ws/install/tf2_msgs/local/lib/python3.10/dist-packages/tf2_msgs/tf2_msgs_s__rosidl_typesupport_introspection_c.cpython-310-aarch64-linux-gnu.so
[0.842s] -- Up-to-date symlink: /home/rosdev/ros2_ws/install/tf2_msgs/local/lib/python3.10/dist-packages/tf2_msgs/tf2_msgs_s__rosidl_typesupport_fastrtps_c.cpython-310-aarch64-linux-gnu.so
[0.844s] -- Up-to-date symlink: /home/rosdev/ros2_ws/install/tf2_msgs/local/lib/python3.10/dist-packages/tf2_msgs/tf2_msgs_s__rosidl_typesupport_introspection_c.cpython-310-aarch64-linux-gnu.so
[0.844s] -- Up-to-date symlink: /home/rosdev/ros2_ws/install/tf2_msgs/local/lib/python3.10/dist-packages/tf2_msgs/tf2_msgs_s__rosidl_typesupport_c.cpython-310-aarch64-linux-gnu.so
[0.844s] -- Up-to-date symlink: /home/rosdev/ros2_ws/install/tf2_msgs/share/tf2_msgs/msg/TF2Error.idl
[0.844s] -- Up-to-date symlink: /home/rosdev/ros2_ws/install/tf2_msgs/share/tf2_msgs/msg/TFMessage.idl
[0.845s] -- Up-to-date symlink: /home/rosdev/ros2_ws/install/tf2_msgs/share/tf2_msgs/srv/FrameGraph.idl
[0.845s] -- Up-to-date symlink: /home/rosdev/ros2_ws/install/tf2_msgs/share/tf2_msgs/action/LookupTransform.idl
[0.847s] -- Up-to-date symlink: /home/rosdev/ros2_ws/install/tf2_msgs/share/tf2_msgs/msg/TF2Error.msg
[0.847s] -- Up-to-date symlink: /home/rosdev/ros2_ws/install/tf2_msgs/share/tf2_msgs/msg/TFMessage.msg
[0.853s] -- Up-to-date symlink: /home/rosdev/ros2_ws/install/tf2_msgs/share/tf2_msgs/srv/FrameGraph.srv
[0.853s] -- Up-to-date symlink: /home/rosdev/ros2_ws/install/tf2_msgs/share/tf2_msgs/srv/FrameGraph_Request.msg
[0.854s] -- Up-to-date symlink: /home/rosdev/ros2_ws/install/tf2_msgs/share/tf2_msgs/srv/FrameGraph_Response.msg
[0.854s] -- Up-to-date symlink: /home/rosdev/ros2_ws/install/tf2_msgs/share/tf2_msgs/action/LookupTransform.action
[0.854s] -- Up-to-date symlink: /home/rosdev/ros2_ws/install/tf2_msgs/share/tf2_msgs/tfmessage_bridge_mapping_rule.yaml
[0.855s] -- Up-to-date symlink: /home/rosdev/ros2_ws/install/tf2_msgs/share/ament_index/resource_index/package_run_dependencies/tf2_msgs
[0.855s] -- Up-to-date symlink: /home/rosdev/ros2_ws/install/tf2_msgs/share/ament_index/resource_index/parent_prefix_path/tf2_msgs
[0.855s] -- Up-to-date symlink: /home/rosdev/ros2_ws/install/tf2_msgs/share/tf2_msgs/environment/ament_prefix_path.sh
[0.855s] -- Up-to-date symlink: /home/rosdev/ros2_ws/install/tf2_msgs/share/tf2_msgs/environment/ament_prefix_path.dsv
[0.855s] -- Up-to-date symlink: /home/rosdev/ros2_ws/install/tf2_msgs/share/tf2_msgs/environment/path.sh
[0.855s] -- Up-to-date symlink: /home/rosdev/ros2_ws/install/tf2_msgs/share/tf2_msgs/environment/path.dsv
[0.855s] -- Up-to-date symlink: /home/rosdev/ros2_ws/install/tf2_msgs/share/tf2_msgs/local_setup.bash
[0.855s] -- Up-to-date symlink: /home/rosdev/ros2_ws/install/tf2_msgs/share/tf2_msgs/local_setup.sh
[0.855s] -- Up-to-date symlink: /home/rosdev/ros2_ws/install/tf2_msgs/share/tf2_msgs/local_setup.zsh
[0.856s] -- Up-to-date symlink: /home/rosdev/ros2_ws/install/tf2_msgs/share/tf2_msgs/local_setup.dsv
[0.856s] -- Symlinking: /home/rosdev/ros2_ws/install/tf2_msgs/share/tf2_msgs/package.dsv
[0.867s] -- Up-to-date symlink: /home/rosdev/ros2_ws/install/tf2_msgs/share/ament_index/resource_index/packages/tf2_msgs
[0.867s] -- Up-to-date symlink: /home/rosdev/ros2_ws/install/tf2_msgs/share/tf2_msgs/cmake/rosidl_cmake-extras.cmake
[0.867s] -- Up-to-date symlink: /home/rosdev/ros2_ws/install/tf2_msgs/share/tf2_msgs/cmake/ament_cmake_export_dependencies-extras.cmake
[0.867s] -- Up-to-date symlink: /home/rosdev/ros2_ws/install/tf2_msgs/share/tf2_msgs/cmake/ament_cmake_export_include_directories-extras.cmake
[0.868s] -- Up-to-date symlink: /home/rosdev/ros2_ws/install/tf2_msgs/share/tf2_msgs/cmake/ament_cmake_export_libraries-extras.cmake
[0.868s] -- Up-to-date symlink: /home/rosdev/ros2_ws/install/tf2_msgs/share/tf2_msgs/cmake/ament_cmake_export_targets-extras.cmake
[0.868s] -- Up-to-date symlink: /home/rosdev/ros2_ws/install/tf2_msgs/share/tf2_msgs/cmake/rosidl_cmake_export_typesupport_targets-extras.cmake
[0.868s] -- Up-to-date symlink: /home/rosdev/ros2_ws/install/tf2_msgs/share/tf2_msgs/cmake/rosidl_cmake_export_typesupport_libraries-extras.cmake
[0.868s] -- Up-to-date symlink: /home/rosdev/ros2_ws/install/tf2_msgs/share/tf2_msgs/cmake/tf2_msgsConfig.cmake
[0.869s] -- Up-to-date symlink: /home/rosdev/ros2_ws/install/tf2_msgs/share/tf2_msgs/cmake/tf2_msgsConfig-version.cmake
[0.871s] -- Up-to-date symlink: /home/rosdev/ros2_ws/install/tf2_msgs/share/tf2_msgs/package.xml
[0.872s] -- Up-to-date: /home/rosdev/ros2_ws/install/tf2_msgs/lib/libtf2_msgs__rosidl_generator_c.so
[0.872s] -- Up-to-date: /home/rosdev/ros2_ws/install/tf2_msgs/lib/libtf2_msgs__rosidl_typesupport_fastrtps_c.so
[0.873s] -- Up-to-date: /home/rosdev/ros2_ws/install/tf2_msgs/lib/libtf2_msgs__rosidl_typesupport_introspection_c.so
[0.875s] -- Up-to-date: /home/rosdev/ros2_ws/install/tf2_msgs/lib/libtf2_msgs__rosidl_typesupport_c.so
[0.878s] -- Up-to-date: /home/rosdev/ros2_ws/install/tf2_msgs/lib/libtf2_msgs__rosidl_typesupport_fastrtps_cpp.so
[0.878s] -- Up-to-date: /home/rosdev/ros2_ws/install/tf2_msgs/lib/libtf2_msgs__rosidl_typesupport_introspection_cpp.so
[0.879s] -- Up-to-date: /home/rosdev/ros2_ws/install/tf2_msgs/lib/libtf2_msgs__rosidl_typesupport_cpp.so
[0.925s] Listing '/home/rosdev/ros2_ws/install/tf2_msgs/local/lib/python3.10/dist-packages/tf2_msgs'...
[0.925s] Listing '/home/rosdev/ros2_ws/install/tf2_msgs/local/lib/python3.10/dist-packages/tf2_msgs/action'...
[0.926s] Listing '/home/rosdev/ros2_ws/install/tf2_msgs/local/lib/python3.10/dist-packages/tf2_msgs/msg'...
[0.926s] Listing '/home/rosdev/ros2_ws/install/tf2_msgs/local/lib/python3.10/dist-packages/tf2_msgs/srv'...
[0.941s] -- Up-to-date: /home/rosdev/ros2_ws/install/tf2_msgs/lib/libtf2_msgs__rosidl_generator_py.so
[0.942s] -- Up-to-date: /home/rosdev/ros2_ws/install/tf2_msgs/share/tf2_msgs/cmake/export_tf2_msgs__rosidl_generator_cExport.cmake
[0.942s] -- Up-to-date: /home/rosdev/ros2_ws/install/tf2_msgs/share/tf2_msgs/cmake/export_tf2_msgs__rosidl_generator_cExport-noconfig.cmake
[0.942s] -- Up-to-date: /home/rosdev/ros2_ws/install/tf2_msgs/share/tf2_msgs/cmake/export_tf2_msgs__rosidl_typesupport_fastrtps_cExport.cmake
[0.942s] -- Up-to-date: /home/rosdev/ros2_ws/install/tf2_msgs/share/tf2_msgs/cmake/export_tf2_msgs__rosidl_typesupport_fastrtps_cExport-noconfig.cmake
[0.942s] -- Up-to-date: /home/rosdev/ros2_ws/install/tf2_msgs/share/tf2_msgs/cmake/tf2_msgs__rosidl_typesupport_introspection_cExport.cmake
[0.942s] -- Up-to-date: /home/rosdev/ros2_ws/install/tf2_msgs/share/tf2_msgs/cmake/tf2_msgs__rosidl_typesupport_introspection_cExport-noconfig.cmake
[0.943s] -- Up-to-date: /home/rosdev/ros2_ws/install/tf2_msgs/share/tf2_msgs/cmake/tf2_msgs__rosidl_typesupport_cExport.cmake
[0.944s] -- Up-to-date: /home/rosdev/ros2_ws/install/tf2_msgs/share/tf2_msgs/cmake/tf2_msgs__rosidl_typesupport_cExport-noconfig.cmake
[0.944s] -- Up-to-date: /home/rosdev/ros2_ws/install/tf2_msgs/share/tf2_msgs/cmake/export_tf2_msgs__rosidl_generator_cppExport.cmake
[0.944s] -- Up-to-date: /home/rosdev/ros2_ws/install/tf2_msgs/share/tf2_msgs/cmake/export_tf2_msgs__rosidl_typesupport_fastrtps_cppExport.cmake
[0.944s] -- Up-to-date: /home/rosdev/ros2_ws/install/tf2_msgs/share/tf2_msgs/cmake/export_tf2_msgs__rosidl_typesupport_fastrtps_cppExport-noconfig.cmake
[0.944s] -- Up-to-date: /home/rosdev/ros2_ws/install/tf2_msgs/share/tf2_msgs/cmake/tf2_msgs__rosidl_typesupport_introspection_cppExport.cmake
[0.944s] -- Up-to-date: /home/rosdev/ros2_ws/install/tf2_msgs/share/tf2_msgs/cmake/tf2_msgs__rosidl_typesupport_introspection_cppExport-noconfig.cmake
[0.944s] -- Up-to-date: /home/rosdev/ros2_ws/install/tf2_msgs/share/tf2_msgs/cmake/tf2_msgs__rosidl_typesupport_cppExport.cmake
[0.944s] -- Up-to-date: /home/rosdev/ros2_ws/install/tf2_msgs/share/tf2_msgs/cmake/tf2_msgs__rosidl_typesupport_cppExport-noconfig.cmake
[0.944s] -- Up-to-date: /home/rosdev/ros2_ws/install/tf2_msgs/share/tf2_msgs/cmake/export_tf2_msgs__rosidl_generator_pyExport.cmake
[0.944s] -- Up-to-date: /home/rosdev/ros2_ws/install/tf2_msgs/share/tf2_msgs/cmake/export_tf2_msgs__rosidl_generator_pyExport-noconfig.cmake
[1.007s] Invoked command in '/home/rosdev/ros2_ws/build/tf2_msgs' returned '0': CMAKE_PREFIX_PATH=/opt/ros/humble /usr/bin/cmake --install /home/rosdev/ros2_ws/build/tf2_msgs
