[0.037s] Invoking command in '/home/rosdev/ros2_ws/build/tf2_kdl': AMENT_PREFIX_PATH=/home/rosdev/ros2_ws/install/tf2_ros_py:/home/rosdev/ros2_ws/install/tf2_ros:/home/rosdev/ros2_ws/install/tf2_py:/home/rosdev/ros2_ws/install/tf2_msgs:/home/rosdev/ros2_ws/install/tf2:${AMENT_PREFIX_PATH} CMAKE_PREFIX_PATH=/home/rosdev/ros2_ws/install/tf2_ros:/home/rosdev/ros2_ws/install/tf2_py:/home/rosdev/ros2_ws/install/tf2_msgs:/home/rosdev/ros2_ws/install/tf2:/opt/ros/humble LD_LIBRARY_PATH=/home/rosdev/ros2_ws/install/tf2_ros/lib:/home/rosdev/ros2_ws/install/tf2_msgs/lib:/home/rosdev/ros2_ws/install/tf2/lib:${LD_LIBRARY_PATH} PYTHONPATH=/home/rosdev/ros2_ws/install/tf2_ros_py/lib/python3.10/site-packages:/home/rosdev/ros2_ws/install/tf2_py/local/lib/python3.10/dist-packages:/home/rosdev/ros2_ws/install/tf2_msgs/local/lib/python3.10/dist-packages:${PYTHONPATH} /usr/bin/cmake /home/rosdev/ros2_ws/src/geometry2/tf2_kdl -DCMAKE_INSTALL_PREFIX=/home/rosdev/ros2_ws/install/tf2_kdl
[0.141s] -- The C compiler identification is GNU 11.4.0
[0.237s] -- The CXX compiler identification is GNU 11.4.0
[0.257s] -- Detecting C compiler ABI info
[0.392s] -- Detecting C compiler ABI info - done
[0.399s] -- Check for working C compiler: /usr/bin/cc - skipped
[0.399s] -- Detecting C compile features
[0.399s] -- Detecting C compile features - done
[0.405s] -- Detecting CXX compiler ABI info
[0.564s] -- Detecting CXX compiler ABI info - done
[0.570s] -- Check for working CXX compiler: /usr/bin/c++ - skipped
[0.570s] -- Detecting CXX compile features
[0.571s] -- Detecting CXX compile features - done
[0.576s] -- Found ament_cmake: 1.3.11 (/opt/ros/humble/share/ament_cmake/cmake)
[0.827s] -- Found Python3: /usr/bin/python3 (found version "3.10.12") found components: Interpreter 
[1.009s] -- Found builtin_interfaces: 1.2.1 (/opt/ros/humble/share/builtin_interfaces/cmake)
[1.058s] -- Found rosidl_generator_c: 3.1.6 (/opt/ros/humble/share/rosidl_generator_c/cmake)
[1.064s] -- Found rosidl_adapter: 3.1.6 (/opt/ros/humble/share/rosidl_adapter/cmake)
[1.078s] -- Found rosidl_generator_cpp: 3.1.6 (/opt/ros/humble/share/rosidl_generator_cpp/cmake)
[1.101s] -- Using all available rosidl_typesupport_c: rosidl_typesupport_fastrtps_c;rosidl_typesupport_introspection_c
[1.124s] -- Using all available rosidl_typesupport_cpp: rosidl_typesupport_fastrtps_cpp;rosidl_typesupport_introspection_cpp
[1.149s] -- Found geometry_msgs: 4.8.0 (/opt/ros/humble/share/geometry_msgs/cmake)
[1.191s] -- Found orocos_kdl_vendor: 0.2.5 (/opt/ros/humble/share/orocos_kdl_vendor/cmake)
[1.201s] -- Found eigen3_cmake_module: 0.1.1 (/opt/ros/humble/share/eigen3_cmake_module/cmake)
[1.203s] -- Found Eigen3: TRUE (found version "3.4.0") 
[1.203s] -- Ensuring Eigen3 include directory is part of orocos-kdl CMake target
[1.206s] -- Found tf2: 0.25.7 (/home/rosdev/ros2_ws/install/tf2/share/tf2/cmake)
[1.217s] -- Found tf2_ros: 0.25.7 (/home/rosdev/ros2_ws/install/tf2_ros/share/tf2_ros/cmake)
[1.316s] -- Found rmw_implementation_cmake: 6.1.2 (/opt/ros/humble/share/rmw_implementation_cmake/cmake)
[1.320s] -- Found rmw_fastrtps_cpp: 6.2.7 (/opt/ros/humble/share/rmw_fastrtps_cpp/cmake)
[1.461s] -- Found OpenSSL: /usr/lib/aarch64-linux-gnu/libcrypto.so (found version "3.0.2")  
[1.490s] -- Found FastRTPS: /opt/ros/humble/include  
[1.541s] -- Using RMW implementation 'rmw_fastrtps_cpp' as default
[1.557s] -- Looking for pthread.h
[1.705s] -- Looking for pthread.h - found
[1.705s] -- Performing Test CMAKE_HAVE_LIBC_PTHREAD
[1.831s] -- Performing Test CMAKE_HAVE_LIBC_PTHREAD - Success
[1.835s] -- Found Threads: TRUE  
[2.151s] -- Found ament_cmake_gtest: 1.3.11 (/opt/ros/humble/share/ament_cmake_gtest/cmake)
[2.156s] -- Found gtest sources under '/opt/ros/humble/src/gtest_vendor': C++ tests using 'Google Test' will be built
[2.294s] -- Configuring done
[2.329s] -- Generating done
[2.339s] -- Build files have been written to: /home/rosdev/ros2_ws/build/tf2_kdl
