[0.022s] Invoking command in '/home/rosdev/ros2_ws/build/aruco_pose_estimation': AMENT_PREFIX_PATH=/home/rosdev/ros2_ws/install/aruco_interfaces:${AMENT_PREFIX_PATH} CMAKE_PREFIX_PATH=/home/rosdev/ros2_ws/install/aruco_interfaces:/home/rosdev/ros2_ws/install/yolo_bringup:/home/rosdev/ros2_ws/install/yolo_msgs:/home/rosdev/ros2_ws/install/realsense2_description:/home/rosdev/ros2_ws/install/realsense2_camera:/home/rosdev/ros2_ws/install/realsense2_camera_msgs:/home/rosdev/ros2_ws/install/yolo_ros:/opt/ros/humble LD_LIBRARY_PATH=/home/rosdev/ros2_ws/install/aruco_interfaces/lib:${LD_LIBRARY_PATH} PYTHONPATH=/home/rosdev/ros2_ws/install/aruco_interfaces/local/lib/python3.10/dist-packages:${PYTHONPATH} /usr/bin/cmake /home/rosdev/ros2_ws/src/ros2-aruco-pose-estimation/aruco_pose_estimation -DCMAKE_INSTALL_PREFIX=/home/rosdev/ros2_ws/install/aruco_pose_estimation
[0.125s] -- The C compiler identification is GNU 11.4.0
[0.210s] -- The CXX compiler identification is GNU 11.4.0
[0.222s] -- Detecting C compiler ABI info
[0.363s] -- Detecting C compiler ABI info - done
[0.372s] -- Check for working C compiler: /usr/bin/cc - skipped
[0.372s] -- Detecting C compile features
[0.372s] -- Detecting C compile features - done
[0.377s] -- Detecting CXX compiler ABI info
[0.529s] -- Detecting CXX compiler ABI info - done
[0.538s] -- Check for working CXX compiler: /usr/bin/c++ - skipped
[0.539s] -- Detecting CXX compile features
[0.541s] -- Detecting CXX compile features - done
[0.549s] -- Found ament_cmake: 1.3.11 (/opt/ros/humble/share/ament_cmake/cmake)
[0.772s] -- Found Python3: /usr/bin/python3 (found version "3.10.12") found components: Interpreter 
[0.943s] -- Found rclpy: 3.3.16 (/opt/ros/humble/share/rclpy/cmake)
[0.944s] -- Found aruco_interfaces: 0.1.0 (/home/rosdev/ros2_ws/install/aruco_interfaces/share/aruco_interfaces/cmake)
[1.010s] -- Found rosidl_generator_c: 3.1.6 (/opt/ros/humble/share/rosidl_generator_c/cmake)
[1.018s] -- Found rosidl_adapter: 3.1.6 (/opt/ros/humble/share/rosidl_adapter/cmake)
[1.032s] -- Found rosidl_generator_cpp: 3.1.6 (/opt/ros/humble/share/rosidl_generator_cpp/cmake)
[1.051s] -- Using all available rosidl_typesupport_c: rosidl_typesupport_fastrtps_c;rosidl_typesupport_introspection_c
[1.076s] -- Using all available rosidl_typesupport_cpp: rosidl_typesupport_fastrtps_cpp;rosidl_typesupport_introspection_cpp
[1.412s] -- Configuring done
[1.421s] -- Generating done
[1.425s] -- Build files have been written to: /home/rosdev/ros2_ws/build/aruco_pose_estimation
[1.441s] Invoked command in '/home/rosdev/ros2_ws/build/aruco_pose_estimation' returned '0': AMENT_PREFIX_PATH=/home/rosdev/ros2_ws/install/aruco_interfaces:${AMENT_PREFIX_PATH} CMAKE_PREFIX_PATH=/home/rosdev/ros2_ws/install/aruco_interfaces:/home/rosdev/ros2_ws/install/yolo_bringup:/home/rosdev/ros2_ws/install/yolo_msgs:/home/rosdev/ros2_ws/install/realsense2_description:/home/rosdev/ros2_ws/install/realsense2_camera:/home/rosdev/ros2_ws/install/realsense2_camera_msgs:/home/rosdev/ros2_ws/install/yolo_ros:/opt/ros/humble LD_LIBRARY_PATH=/home/rosdev/ros2_ws/install/aruco_interfaces/lib:${LD_LIBRARY_PATH} PYTHONPATH=/home/rosdev/ros2_ws/install/aruco_interfaces/local/lib/python3.10/dist-packages:${PYTHONPATH} /usr/bin/cmake /home/rosdev/ros2_ws/src/ros2-aruco-pose-estimation/aruco_pose_estimation -DCMAKE_INSTALL_PREFIX=/home/rosdev/ros2_ws/install/aruco_pose_estimation
[1.445s] Invoking command in '/home/rosdev/ros2_ws/build/aruco_pose_estimation': AMENT_PREFIX_PATH=/home/rosdev/ros2_ws/install/aruco_interfaces:${AMENT_PREFIX_PATH} CMAKE_PREFIX_PATH=/home/rosdev/ros2_ws/install/aruco_interfaces:/home/rosdev/ros2_ws/install/yolo_bringup:/home/rosdev/ros2_ws/install/yolo_msgs:/home/rosdev/ros2_ws/install/realsense2_description:/home/rosdev/ros2_ws/install/realsense2_camera:/home/rosdev/ros2_ws/install/realsense2_camera_msgs:/home/rosdev/ros2_ws/install/yolo_ros:/opt/ros/humble LD_LIBRARY_PATH=/home/rosdev/ros2_ws/install/aruco_interfaces/lib:${LD_LIBRARY_PATH} PYTHONPATH=/home/rosdev/ros2_ws/install/aruco_interfaces/local/lib/python3.10/dist-packages:${PYTHONPATH} /usr/bin/cmake --build /home/rosdev/ros2_ws/build/aruco_pose_estimation -- -j12 -l12
[1.562s] Built target ament_cmake_python_copy_aruco_pose_estimation
[1.908s] running egg_info
[1.909s] creating aruco_pose_estimation.egg-info
[1.914s] writing aruco_pose_estimation.egg-info/PKG-INFO
[1.914s] writing dependency_links to aruco_pose_estimation.egg-info/dependency_links.txt
[1.914s] writing top-level names to aruco_pose_estimation.egg-info/top_level.txt
[1.914s] writing manifest file 'aruco_pose_estimation.egg-info/SOURCES.txt'
[1.918s] reading manifest file 'aruco_pose_estimation.egg-info/SOURCES.txt'
[1.919s] writing manifest file 'aruco_pose_estimation.egg-info/SOURCES.txt'
[1.989s] Built target ament_cmake_python_build_aruco_pose_estimation_egg
[2.014s] Invoked command in '/home/rosdev/ros2_ws/build/aruco_pose_estimation' returned '0': AMENT_PREFIX_PATH=/home/rosdev/ros2_ws/install/aruco_interfaces:${AMENT_PREFIX_PATH} CMAKE_PREFIX_PATH=/home/rosdev/ros2_ws/install/aruco_interfaces:/home/rosdev/ros2_ws/install/yolo_bringup:/home/rosdev/ros2_ws/install/yolo_msgs:/home/rosdev/ros2_ws/install/realsense2_description:/home/rosdev/ros2_ws/install/realsense2_camera:/home/rosdev/ros2_ws/install/realsense2_camera_msgs:/home/rosdev/ros2_ws/install/yolo_ros:/opt/ros/humble LD_LIBRARY_PATH=/home/rosdev/ros2_ws/install/aruco_interfaces/lib:${LD_LIBRARY_PATH} PYTHONPATH=/home/rosdev/ros2_ws/install/aruco_interfaces/local/lib/python3.10/dist-packages:${PYTHONPATH} /usr/bin/cmake --build /home/rosdev/ros2_ws/build/aruco_pose_estimation -- -j12 -l12
[2.015s] Invoking command in '/home/rosdev/ros2_ws/build/aruco_pose_estimation': AMENT_PREFIX_PATH=/home/rosdev/ros2_ws/install/aruco_interfaces:${AMENT_PREFIX_PATH} CMAKE_PREFIX_PATH=/home/rosdev/ros2_ws/install/aruco_interfaces:/home/rosdev/ros2_ws/install/yolo_bringup:/home/rosdev/ros2_ws/install/yolo_msgs:/home/rosdev/ros2_ws/install/realsense2_description:/home/rosdev/ros2_ws/install/realsense2_camera:/home/rosdev/ros2_ws/install/realsense2_camera_msgs:/home/rosdev/ros2_ws/install/yolo_ros:/opt/ros/humble LD_LIBRARY_PATH=/home/rosdev/ros2_ws/install/aruco_interfaces/lib:${LD_LIBRARY_PATH} PYTHONPATH=/home/rosdev/ros2_ws/install/aruco_interfaces/local/lib/python3.10/dist-packages:${PYTHONPATH} /usr/bin/cmake --install /home/rosdev/ros2_ws/build/aruco_pose_estimation
[2.029s] -- Install configuration: ""
[2.029s] -- Installing: /home/rosdev/ros2_ws/install/aruco_pose_estimation/share/aruco_pose_estimation/environment/pythonpath.sh
[2.029s] -- Installing: /home/rosdev/ros2_ws/install/aruco_pose_estimation/share/aruco_pose_estimation/environment/pythonpath.dsv
[2.029s] -- Installing: /home/rosdev/ros2_ws/install/aruco_pose_estimation/local/lib/python3.10/dist-packages/aruco_pose_estimation-2.0.0-py3.10.egg-info
[2.030s] -- Installing: /home/rosdev/ros2_ws/install/aruco_pose_estimation/local/lib/python3.10/dist-packages/aruco_pose_estimation-2.0.0-py3.10.egg-info/dependency_links.txt
[2.030s] -- Installing: /home/rosdev/ros2_ws/install/aruco_pose_estimation/local/lib/python3.10/dist-packages/aruco_pose_estimation-2.0.0-py3.10.egg-info/PKG-INFO
[2.030s] -- Installing: /home/rosdev/ros2_ws/install/aruco_pose_estimation/local/lib/python3.10/dist-packages/aruco_pose_estimation-2.0.0-py3.10.egg-info/SOURCES.txt
[2.030s] -- Installing: /home/rosdev/ros2_ws/install/aruco_pose_estimation/local/lib/python3.10/dist-packages/aruco_pose_estimation-2.0.0-py3.10.egg-info/top_level.txt
[2.030s] -- Installing: /home/rosdev/ros2_ws/install/aruco_pose_estimation/local/lib/python3.10/dist-packages/aruco_pose_estimation
[2.030s] -- Installing: /home/rosdev/ros2_ws/install/aruco_pose_estimation/local/lib/python3.10/dist-packages/aruco_pose_estimation/utils.py
[2.030s] -- Installing: /home/rosdev/ros2_ws/install/aruco_pose_estimation/local/lib/python3.10/dist-packages/aruco_pose_estimation/pose_estimation.py
[2.030s] -- Installing: /home/rosdev/ros2_ws/install/aruco_pose_estimation/local/lib/python3.10/dist-packages/aruco_pose_estimation/__init__.py
[2.092s] Listing '/home/rosdev/ros2_ws/install/aruco_pose_estimation/local/lib/python3.10/dist-packages/aruco_pose_estimation'...
[2.092s] Compiling '/home/rosdev/ros2_ws/install/aruco_pose_estimation/local/lib/python3.10/dist-packages/aruco_pose_estimation/__init__.py'...
[2.092s] Compiling '/home/rosdev/ros2_ws/install/aruco_pose_estimation/local/lib/python3.10/dist-packages/aruco_pose_estimation/pose_estimation.py'...
[2.092s] Compiling '/home/rosdev/ros2_ws/install/aruco_pose_estimation/local/lib/python3.10/dist-packages/aruco_pose_estimation/utils.py'...
[2.102s] -- Installing: /home/rosdev/ros2_ws/install/aruco_pose_estimation/lib/aruco_pose_estimation/aruco_node.py
[2.102s] -- Installing: /home/rosdev/ros2_ws/install/aruco_pose_estimation/share/aruco_pose_estimation/launch
[2.102s] -- Installing: /home/rosdev/ros2_ws/install/aruco_pose_estimation/share/aruco_pose_estimation/launch/aruco_pose_estimation.launch.py
[2.103s] -- Installing: /home/rosdev/ros2_ws/install/aruco_pose_estimation/share/aruco_pose_estimation/rviz
[2.103s] -- Installing: /home/rosdev/ros2_ws/install/aruco_pose_estimation/share/aruco_pose_estimation/rviz/cam_detect.rviz
[2.103s] -- Installing: /home/rosdev/ros2_ws/install/aruco_pose_estimation/share/aruco_pose_estimation/config
[2.103s] -- Installing: /home/rosdev/ros2_ws/install/aruco_pose_estimation/share/aruco_pose_estimation/config/calibration_realsense.yaml
[2.104s] -- Installing: /home/rosdev/ros2_ws/install/aruco_pose_estimation/share/aruco_pose_estimation/config/aruco_parameters.yaml
[2.104s] -- Installing: /home/rosdev/ros2_ws/install/aruco_pose_estimation/share/ament_index/resource_index/package_run_dependencies/aruco_pose_estimation
[2.104s] -- Installing: /home/rosdev/ros2_ws/install/aruco_pose_estimation/share/ament_index/resource_index/parent_prefix_path/aruco_pose_estimation
[2.105s] -- Installing: /home/rosdev/ros2_ws/install/aruco_pose_estimation/share/aruco_pose_estimation/environment/ament_prefix_path.sh
[2.105s] -- Installing: /home/rosdev/ros2_ws/install/aruco_pose_estimation/share/aruco_pose_estimation/environment/ament_prefix_path.dsv
[2.106s] -- Installing: /home/rosdev/ros2_ws/install/aruco_pose_estimation/share/aruco_pose_estimation/environment/path.sh
[2.106s] -- Installing: /home/rosdev/ros2_ws/install/aruco_pose_estimation/share/aruco_pose_estimation/environment/path.dsv
[2.107s] -- Installing: /home/rosdev/ros2_ws/install/aruco_pose_estimation/share/aruco_pose_estimation/local_setup.bash
[2.107s] -- Installing: /home/rosdev/ros2_ws/install/aruco_pose_estimation/share/aruco_pose_estimation/local_setup.sh
[2.107s] -- Installing: /home/rosdev/ros2_ws/install/aruco_pose_estimation/share/aruco_pose_estimation/local_setup.zsh
[2.107s] -- Installing: /home/rosdev/ros2_ws/install/aruco_pose_estimation/share/aruco_pose_estimation/local_setup.dsv
[2.107s] -- Installing: /home/rosdev/ros2_ws/install/aruco_pose_estimation/share/aruco_pose_estimation/package.dsv
[2.108s] -- Installing: /home/rosdev/ros2_ws/install/aruco_pose_estimation/share/ament_index/resource_index/packages/aruco_pose_estimation
[2.108s] -- Installing: /home/rosdev/ros2_ws/install/aruco_pose_estimation/share/aruco_pose_estimation/cmake/aruco_pose_estimationConfig.cmake
[2.108s] -- Installing: /home/rosdev/ros2_ws/install/aruco_pose_estimation/share/aruco_pose_estimation/cmake/aruco_pose_estimationConfig-version.cmake
[2.109s] -- Installing: /home/rosdev/ros2_ws/install/aruco_pose_estimation/share/aruco_pose_estimation/package.xml
[2.118s] Invoked command in '/home/rosdev/ros2_ws/build/aruco_pose_estimation' returned '0': AMENT_PREFIX_PATH=/home/rosdev/ros2_ws/install/aruco_interfaces:${AMENT_PREFIX_PATH} CMAKE_PREFIX_PATH=/home/rosdev/ros2_ws/install/aruco_interfaces:/home/rosdev/ros2_ws/install/yolo_bringup:/home/rosdev/ros2_ws/install/yolo_msgs:/home/rosdev/ros2_ws/install/realsense2_description:/home/rosdev/ros2_ws/install/realsense2_camera:/home/rosdev/ros2_ws/install/realsense2_camera_msgs:/home/rosdev/ros2_ws/install/yolo_ros:/opt/ros/humble LD_LIBRARY_PATH=/home/rosdev/ros2_ws/install/aruco_interfaces/lib:${LD_LIBRARY_PATH} PYTHONPATH=/home/rosdev/ros2_ws/install/aruco_interfaces/local/lib/python3.10/dist-packages:${PYTHONPATH} /usr/bin/cmake --install /home/rosdev/ros2_ws/build/aruco_pose_estimation
