[1.299s] Invoking command in '/home/rosdev/ros2_ws/build/vision_opencv': AMENT_PREFIX_PATH=/home/rosdev/ros2_ws/install/image_geometry:/home/rosdev/ros2_ws/install/cv_bridge:${AMENT_PREFIX_PATH} CMAKE_PREFIX_PATH=/home/rosdev/ros2_ws/install/image_geometry:/home/rosdev/ros2_ws/install/cv_bridge:/opt/ros/humble LD_LIBRARY_PATH=/home/rosdev/ros2_ws/install/image_geometry/lib:/home/rosdev/ros2_ws/install/cv_bridge/lib:${LD_LIBRARY_PATH} PYTHONPATH=/home/rosdev/ros2_ws/install/image_geometry/local/lib/python3.10/dist-packages:/home/rosdev/ros2_ws/install/cv_bridge/local/lib/python3.10/dist-packages:${PYTHONPATH} /usr/bin/cmake --build /home/rosdev/ros2_ws/build/vision_opencv -- -j12 -l12
[1.538s] Invoked command in '/home/rosdev/ros2_ws/build/vision_opencv' returned '0': AMENT_PREFIX_PATH=/home/rosdev/ros2_ws/install/image_geometry:/home/rosdev/ros2_ws/install/cv_bridge:${AMENT_PREFIX_PATH} CMAKE_PREFIX_PATH=/home/rosdev/ros2_ws/install/image_geometry:/home/rosdev/ros2_ws/install/cv_bridge:/opt/ros/humble LD_LIBRARY_PATH=/home/rosdev/ros2_ws/install/image_geometry/lib:/home/rosdev/ros2_ws/install/cv_bridge/lib:${LD_LIBRARY_PATH} PYTHONPATH=/home/rosdev/ros2_ws/install/image_geometry/local/lib/python3.10/dist-packages:/home/rosdev/ros2_ws/install/cv_bridge/local/lib/python3.10/dist-packages:${PYTHONPATH} /usr/bin/cmake --build /home/rosdev/ros2_ws/build/vision_opencv -- -j12 -l12
[1.540s] Invoking command in '/home/rosdev/ros2_ws/build/vision_opencv': AMENT_PREFIX_PATH=/home/rosdev/ros2_ws/install/image_geometry:/home/rosdev/ros2_ws/install/cv_bridge:${AMENT_PREFIX_PATH} CMAKE_PREFIX_PATH=/home/rosdev/ros2_ws/install/image_geometry:/home/rosdev/ros2_ws/install/cv_bridge:/opt/ros/humble LD_LIBRARY_PATH=/home/rosdev/ros2_ws/install/image_geometry/lib:/home/rosdev/ros2_ws/install/cv_bridge/lib:${LD_LIBRARY_PATH} PYTHONPATH=/home/rosdev/ros2_ws/install/image_geometry/local/lib/python3.10/dist-packages:/home/rosdev/ros2_ws/install/cv_bridge/local/lib/python3.10/dist-packages:${PYTHONPATH} /usr/bin/cmake --install /home/rosdev/ros2_ws/build/vision_opencv
[1.558s] -- Install configuration: ""
[1.559s] -- Execute custom install script
[1.559s] -- Up-to-date symlink: /home/rosdev/ros2_ws/install/vision_opencv/share/ament_index/resource_index/package_run_dependencies/vision_opencv
[1.559s] -- Up-to-date symlink: /home/rosdev/ros2_ws/install/vision_opencv/share/ament_index/resource_index/parent_prefix_path/vision_opencv
[1.560s] -- Up-to-date symlink: /home/rosdev/ros2_ws/install/vision_opencv/share/vision_opencv/environment/ament_prefix_path.sh
[1.560s] -- Up-to-date symlink: /home/rosdev/ros2_ws/install/vision_opencv/share/vision_opencv/environment/ament_prefix_path.dsv
[1.561s] -- Up-to-date symlink: /home/rosdev/ros2_ws/install/vision_opencv/share/vision_opencv/environment/path.sh
[1.565s] -- Up-to-date symlink: /home/rosdev/ros2_ws/install/vision_opencv/share/vision_opencv/environment/path.dsv
[1.565s] -- Up-to-date symlink: /home/rosdev/ros2_ws/install/vision_opencv/share/vision_opencv/local_setup.bash
[1.565s] -- Up-to-date symlink: /home/rosdev/ros2_ws/install/vision_opencv/share/vision_opencv/local_setup.sh
[1.565s] -- Up-to-date symlink: /home/rosdev/ros2_ws/install/vision_opencv/share/vision_opencv/local_setup.zsh
[1.566s] -- Up-to-date symlink: /home/rosdev/ros2_ws/install/vision_opencv/share/vision_opencv/local_setup.dsv
[1.566s] -- Symlinking: /home/rosdev/ros2_ws/install/vision_opencv/share/vision_opencv/package.dsv
[1.582s] -- Up-to-date symlink: /home/rosdev/ros2_ws/install/vision_opencv/share/ament_index/resource_index/packages/vision_opencv
[1.582s] -- Up-to-date symlink: /home/rosdev/ros2_ws/install/vision_opencv/share/vision_opencv/cmake/vision_opencvConfig.cmake
[1.583s] -- Up-to-date symlink: /home/rosdev/ros2_ws/install/vision_opencv/share/vision_opencv/cmake/vision_opencvConfig-version.cmake
[1.583s] -- Up-to-date symlink: /home/rosdev/ros2_ws/install/vision_opencv/share/vision_opencv/package.xml
[2.058s] Invoked command in '/home/rosdev/ros2_ws/build/vision_opencv' returned '0': AMENT_PREFIX_PATH=/home/rosdev/ros2_ws/install/image_geometry:/home/rosdev/ros2_ws/install/cv_bridge:${AMENT_PREFIX_PATH} CMAKE_PREFIX_PATH=/home/rosdev/ros2_ws/install/image_geometry:/home/rosdev/ros2_ws/install/cv_bridge:/opt/ros/humble LD_LIBRARY_PATH=/home/rosdev/ros2_ws/install/image_geometry/lib:/home/rosdev/ros2_ws/install/cv_bridge/lib:${LD_LIBRARY_PATH} PYTHONPATH=/home/rosdev/ros2_ws/install/image_geometry/local/lib/python3.10/dist-packages:/home/rosdev/ros2_ws/install/cv_bridge/local/lib/python3.10/dist-packages:${PYTHONPATH} /usr/bin/cmake --install /home/rosdev/ros2_ws/build/vision_opencv
