[0.105s] Invoking command in '/home/rosdev/ros2_ws/build/realsense2_camera': CMAKE_PREFIX_PATH=/home/rosdev/ros2_ws/install/tf2_ros:/home/rosdev/ros2_ws/install/tf2_msgs:/home/rosdev/ros2_ws/install/tf2:/home/rosdev/ros2_ws/install/realsense2_camera_msgs:/home/rosdev/ros2_ws/install/cv_bridge:/home/rosdev/ros2_ws/install/yolo_bringup:/home/rosdev/ros2_ws/install/yolo_msgs:/home/rosdev/ros2_ws/install/vision_opencv:/home/rosdev/ros2_ws/install/geometry2:/home/rosdev/ros2_ws/install/tf2_sensor_msgs:/home/rosdev/ros2_ws/install/test_tf2:/home/rosdev/ros2_ws/install/tf2_kdl:/home/rosdev/ros2_ws/install/tf2_geometry_msgs:/home/rosdev/ros2_ws/install/tf2_eigen:/home/rosdev/ros2_ws/install/tf2_bullet:/home/rosdev/ros2_ws/install/realsense2_camera:/home/rosdev/ros2_ws/install/tf2_py:/home/rosdev/ros2_ws/install/tf2_eigen_kdl:/home/rosdev/ros2_ws/install/realsense2_description:/home/rosdev/ros2_ws/install/image_geometry:/home/rosdev/ros2_ws/install/yolov8_tf_node:/home/rosdev/ros2_ws/install/yolo_ros:/home/rosdev/ros2_ws/install/tf2_tools:/home/rosdev/ros2_ws/install/examples_tf2_py:/home/rosdev/ros2_ws/install/tf2_ros_py:/home/rosdev/ros2_ws/install/opencv_tests:/opt/ros/humble LD_LIBRARY_PATH=/home/rosdev/ros2_ws/install/tf2_ros/lib:/home/rosdev/ros2_ws/install/tf2_msgs/lib:/home/rosdev/ros2_ws/install/tf2/lib:/home/rosdev/ros2_ws/install/realsense2_camera_msgs/lib:/home/rosdev/ros2_ws/install/cv_bridge/lib:/home/rosdev/ros2_ws/install/yolo_msgs/lib:/home/rosdev/ros2_ws/install/realsense2_camera/lib:/home/rosdev/ros2_ws/install/tf2_eigen_kdl/lib:/home/rosdev/ros2_ws/install/image_geometry/lib:/opt/ros/humble/opt/rviz_ogre_vendor/lib:/opt/ros/humble/lib/aarch64-linux-gnu:/opt/ros/humble/lib /usr/bin/cmake --build /home/rosdev/ros2_ws/build/realsense2_camera -- -j12 -l12
[0.727s] [ 87%] Built target realsense2_camera
[0.727s] [100%] Built target realsense2_camera_node
[0.772s] Invoked command in '/home/rosdev/ros2_ws/build/realsense2_camera' returned '0': CMAKE_PREFIX_PATH=/home/rosdev/ros2_ws/install/tf2_ros:/home/rosdev/ros2_ws/install/tf2_msgs:/home/rosdev/ros2_ws/install/tf2:/home/rosdev/ros2_ws/install/realsense2_camera_msgs:/home/rosdev/ros2_ws/install/cv_bridge:/home/rosdev/ros2_ws/install/yolo_bringup:/home/rosdev/ros2_ws/install/yolo_msgs:/home/rosdev/ros2_ws/install/vision_opencv:/home/rosdev/ros2_ws/install/geometry2:/home/rosdev/ros2_ws/install/tf2_sensor_msgs:/home/rosdev/ros2_ws/install/test_tf2:/home/rosdev/ros2_ws/install/tf2_kdl:/home/rosdev/ros2_ws/install/tf2_geometry_msgs:/home/rosdev/ros2_ws/install/tf2_eigen:/home/rosdev/ros2_ws/install/tf2_bullet:/home/rosdev/ros2_ws/install/realsense2_camera:/home/rosdev/ros2_ws/install/tf2_py:/home/rosdev/ros2_ws/install/tf2_eigen_kdl:/home/rosdev/ros2_ws/install/realsense2_description:/home/rosdev/ros2_ws/install/image_geometry:/home/rosdev/ros2_ws/install/yolov8_tf_node:/home/rosdev/ros2_ws/install/yolo_ros:/home/rosdev/ros2_ws/install/tf2_tools:/home/rosdev/ros2_ws/install/examples_tf2_py:/home/rosdev/ros2_ws/install/tf2_ros_py:/home/rosdev/ros2_ws/install/opencv_tests:/opt/ros/humble LD_LIBRARY_PATH=/home/rosdev/ros2_ws/install/tf2_ros/lib:/home/rosdev/ros2_ws/install/tf2_msgs/lib:/home/rosdev/ros2_ws/install/tf2/lib:/home/rosdev/ros2_ws/install/realsense2_camera_msgs/lib:/home/rosdev/ros2_ws/install/cv_bridge/lib:/home/rosdev/ros2_ws/install/yolo_msgs/lib:/home/rosdev/ros2_ws/install/realsense2_camera/lib:/home/rosdev/ros2_ws/install/tf2_eigen_kdl/lib:/home/rosdev/ros2_ws/install/image_geometry/lib:/opt/ros/humble/opt/rviz_ogre_vendor/lib:/opt/ros/humble/lib/aarch64-linux-gnu:/opt/ros/humble/lib /usr/bin/cmake --build /home/rosdev/ros2_ws/build/realsense2_camera -- -j12 -l12
[0.773s] Invoking command in '/home/rosdev/ros2_ws/build/realsense2_camera': CMAKE_PREFIX_PATH=/home/rosdev/ros2_ws/install/tf2_ros:/home/rosdev/ros2_ws/install/tf2_msgs:/home/rosdev/ros2_ws/install/tf2:/home/rosdev/ros2_ws/install/realsense2_camera_msgs:/home/rosdev/ros2_ws/install/cv_bridge:/home/rosdev/ros2_ws/install/yolo_bringup:/home/rosdev/ros2_ws/install/yolo_msgs:/home/rosdev/ros2_ws/install/vision_opencv:/home/rosdev/ros2_ws/install/geometry2:/home/rosdev/ros2_ws/install/tf2_sensor_msgs:/home/rosdev/ros2_ws/install/test_tf2:/home/rosdev/ros2_ws/install/tf2_kdl:/home/rosdev/ros2_ws/install/tf2_geometry_msgs:/home/rosdev/ros2_ws/install/tf2_eigen:/home/rosdev/ros2_ws/install/tf2_bullet:/home/rosdev/ros2_ws/install/realsense2_camera:/home/rosdev/ros2_ws/install/tf2_py:/home/rosdev/ros2_ws/install/tf2_eigen_kdl:/home/rosdev/ros2_ws/install/realsense2_description:/home/rosdev/ros2_ws/install/image_geometry:/home/rosdev/ros2_ws/install/yolov8_tf_node:/home/rosdev/ros2_ws/install/yolo_ros:/home/rosdev/ros2_ws/install/tf2_tools:/home/rosdev/ros2_ws/install/examples_tf2_py:/home/rosdev/ros2_ws/install/tf2_ros_py:/home/rosdev/ros2_ws/install/opencv_tests:/opt/ros/humble LD_LIBRARY_PATH=/home/rosdev/ros2_ws/install/tf2_ros/lib:/home/rosdev/ros2_ws/install/tf2_msgs/lib:/home/rosdev/ros2_ws/install/tf2/lib:/home/rosdev/ros2_ws/install/realsense2_camera_msgs/lib:/home/rosdev/ros2_ws/install/cv_bridge/lib:/home/rosdev/ros2_ws/install/yolo_msgs/lib:/home/rosdev/ros2_ws/install/realsense2_camera/lib:/home/rosdev/ros2_ws/install/tf2_eigen_kdl/lib:/home/rosdev/ros2_ws/install/image_geometry/lib:/opt/ros/humble/opt/rviz_ogre_vendor/lib:/opt/ros/humble/lib/aarch64-linux-gnu:/opt/ros/humble/lib /usr/bin/cmake --install /home/rosdev/ros2_ws/build/realsense2_camera
[0.797s] -- Install configuration: "Release"
[0.798s] -- Execute custom install script
[0.798s] -- Up-to-date symlink: /home/rosdev/ros2_ws/install/realsense2_camera/lib/realsense2_camera/realsense2_camera_node
[0.798s] -- Up-to-date symlink: /home/rosdev/ros2_ws/install/realsense2_camera/lib/librealsense2_camera.so
[0.799s] -- Up-to-date symlink: /home/rosdev/ros2_ws/install/realsense2_camera/include/base_realsense_node.h
[0.799s] -- Up-to-date symlink: /home/rosdev/ros2_ws/install/realsense2_camera/include/constants.h
[0.800s] -- Up-to-date symlink: /home/rosdev/ros2_ws/install/realsense2_camera/include/dynamic_params.h
[0.800s] -- Up-to-date symlink: /home/rosdev/ros2_ws/install/realsense2_camera/include/image_publisher.h
[0.800s] -- Up-to-date symlink: /home/rosdev/ros2_ws/install/realsense2_camera/include/named_filter.h
[0.801s] -- Up-to-date symlink: /home/rosdev/ros2_ws/install/realsense2_camera/include/profile_manager.h
[0.801s] -- Up-to-date symlink: /home/rosdev/ros2_ws/install/realsense2_camera/include/realsense_node_factory.h
[0.801s] -- Up-to-date symlink: /home/rosdev/ros2_ws/install/realsense2_camera/include/ros_param_backend.h
[0.802s] -- Up-to-date symlink: /home/rosdev/ros2_ws/install/realsense2_camera/include/ros_sensor.h
[0.802s] -- Up-to-date symlink: /home/rosdev/ros2_ws/install/realsense2_camera/include/ros_utils.h
[0.802s] -- Up-to-date symlink: /home/rosdev/ros2_ws/install/realsense2_camera/include/sensor_params.h
[0.803s] -- Up-to-date symlink: /home/rosdev/ros2_ws/install/realsense2_camera/share/realsense2_camera/launch/default.rviz
[0.803s] -- Up-to-date symlink: /home/rosdev/ros2_ws/install/realsense2_camera/share/realsense2_camera/launch/rs_intra_process_demo_launch.py
[0.803s] -- Up-to-date symlink: /home/rosdev/ros2_ws/install/realsense2_camera/share/realsense2_camera/launch/rs_launch.py
[0.803s] -- Up-to-date symlink: /home/rosdev/ros2_ws/install/realsense2_camera/share/realsense2_camera/launch/rs_multi_camera_launch.py
[0.803s] -- Up-to-date symlink: /home/rosdev/ros2_ws/install/realsense2_camera/share/realsense2_camera/environment/library_path.sh
[0.804s] -- Up-to-date symlink: /home/rosdev/ros2_ws/install/realsense2_camera/share/realsense2_camera/environment/library_path.dsv
[0.804s] -- Up-to-date symlink: /home/rosdev/ros2_ws/install/realsense2_camera/share/ament_index/resource_index/package_run_dependencies/realsense2_camera
[0.804s] -- Up-to-date symlink: /home/rosdev/ros2_ws/install/realsense2_camera/share/ament_index/resource_index/parent_prefix_path/realsense2_camera
[0.805s] -- Up-to-date symlink: /home/rosdev/ros2_ws/install/realsense2_camera/share/realsense2_camera/environment/ament_prefix_path.sh
[0.805s] -- Up-to-date symlink: /home/rosdev/ros2_ws/install/realsense2_camera/share/realsense2_camera/environment/ament_prefix_path.dsv
[0.806s] -- Up-to-date symlink: /home/rosdev/ros2_ws/install/realsense2_camera/share/realsense2_camera/environment/path.sh
[0.807s] -- Up-to-date symlink: /home/rosdev/ros2_ws/install/realsense2_camera/share/realsense2_camera/environment/path.dsv
[0.807s] -- Up-to-date symlink: /home/rosdev/ros2_ws/install/realsense2_camera/share/realsense2_camera/local_setup.bash
[0.807s] -- Up-to-date symlink: /home/rosdev/ros2_ws/install/realsense2_camera/share/realsense2_camera/local_setup.sh
[0.807s] -- Up-to-date symlink: /home/rosdev/ros2_ws/install/realsense2_camera/share/realsense2_camera/local_setup.zsh
[0.807s] -- Up-to-date symlink: /home/rosdev/ros2_ws/install/realsense2_camera/share/realsense2_camera/local_setup.dsv
[0.807s] -- Symlinking: /home/rosdev/ros2_ws/install/realsense2_camera/share/realsense2_camera/package.dsv
[0.832s] -- Up-to-date symlink: /home/rosdev/ros2_ws/install/realsense2_camera/share/ament_index/resource_index/packages/realsense2_camera
[0.832s] -- Up-to-date symlink: /home/rosdev/ros2_ws/install/realsense2_camera/share/ament_index/resource_index/rclcpp_components/realsense2_camera
[0.833s] -- Up-to-date symlink: /home/rosdev/ros2_ws/install/realsense2_camera/share/realsense2_camera/cmake/ament_cmake_export_include_directories-extras.cmake
[0.833s] -- Up-to-date symlink: /home/rosdev/ros2_ws/install/realsense2_camera/share/realsense2_camera/cmake/ament_cmake_export_libraries-extras.cmake
[0.833s] -- Up-to-date symlink: /home/rosdev/ros2_ws/install/realsense2_camera/share/realsense2_camera/cmake/ament_cmake_export_dependencies-extras.cmake
[0.833s] -- Up-to-date symlink: /home/rosdev/ros2_ws/install/realsense2_camera/share/realsense2_camera/cmake/realsense2_cameraConfig.cmake
[0.833s] -- Up-to-date symlink: /home/rosdev/ros2_ws/install/realsense2_camera/share/realsense2_camera/cmake/realsense2_cameraConfig-version.cmake
[0.833s] -- Up-to-date symlink: /home/rosdev/ros2_ws/install/realsense2_camera/share/realsense2_camera/package.xml
[0.900s] Invoked command in '/home/rosdev/ros2_ws/build/realsense2_camera' returned '0': CMAKE_PREFIX_PATH=/home/rosdev/ros2_ws/install/tf2_ros:/home/rosdev/ros2_ws/install/tf2_msgs:/home/rosdev/ros2_ws/install/tf2:/home/rosdev/ros2_ws/install/realsense2_camera_msgs:/home/rosdev/ros2_ws/install/cv_bridge:/home/rosdev/ros2_ws/install/yolo_bringup:/home/rosdev/ros2_ws/install/yolo_msgs:/home/rosdev/ros2_ws/install/vision_opencv:/home/rosdev/ros2_ws/install/geometry2:/home/rosdev/ros2_ws/install/tf2_sensor_msgs:/home/rosdev/ros2_ws/install/test_tf2:/home/rosdev/ros2_ws/install/tf2_kdl:/home/rosdev/ros2_ws/install/tf2_geometry_msgs:/home/rosdev/ros2_ws/install/tf2_eigen:/home/rosdev/ros2_ws/install/tf2_bullet:/home/rosdev/ros2_ws/install/realsense2_camera:/home/rosdev/ros2_ws/install/tf2_py:/home/rosdev/ros2_ws/install/tf2_eigen_kdl:/home/rosdev/ros2_ws/install/realsense2_description:/home/rosdev/ros2_ws/install/image_geometry:/home/rosdev/ros2_ws/install/yolov8_tf_node:/home/rosdev/ros2_ws/install/yolo_ros:/home/rosdev/ros2_ws/install/tf2_tools:/home/rosdev/ros2_ws/install/examples_tf2_py:/home/rosdev/ros2_ws/install/tf2_ros_py:/home/rosdev/ros2_ws/install/opencv_tests:/opt/ros/humble LD_LIBRARY_PATH=/home/rosdev/ros2_ws/install/tf2_ros/lib:/home/rosdev/ros2_ws/install/tf2_msgs/lib:/home/rosdev/ros2_ws/install/tf2/lib:/home/rosdev/ros2_ws/install/realsense2_camera_msgs/lib:/home/rosdev/ros2_ws/install/cv_bridge/lib:/home/rosdev/ros2_ws/install/yolo_msgs/lib:/home/rosdev/ros2_ws/install/realsense2_camera/lib:/home/rosdev/ros2_ws/install/tf2_eigen_kdl/lib:/home/rosdev/ros2_ws/install/image_geometry/lib:/opt/ros/humble/opt/rviz_ogre_vendor/lib:/opt/ros/humble/lib/aarch64-linux-gnu:/opt/ros/humble/lib /usr/bin/cmake --install /home/rosdev/ros2_ws/build/realsense2_camera
