[1.007s] Invoking command in '/home/rosdev/ros2_ws/aruco': CMAKE_PREFIX_PATH=/home/rosdev/ros2_ws/install/cv_bridge:/home/rosdev/ros2_ws/install/yolo_bringup:/home/rosdev/ros2_ws/install/yolo_msgs:/home/rosdev/ros2_ws/install/vision_opencv:/home/rosdev/ros2_ws/install/geometry2:/home/rosdev/ros2_ws/install/tf2_sensor_msgs:/home/rosdev/ros2_ws/install/test_tf2:/home/rosdev/ros2_ws/install/tf2_kdl:/home/rosdev/ros2_ws/install/tf2_geometry_msgs:/home/rosdev/ros2_ws/install/tf2_eigen:/home/rosdev/ros2_ws/install/tf2_bullet:/home/rosdev/ros2_ws/install/realsense2_camera:/home/rosdev/ros2_ws/install/tf2_ros:/home/rosdev/ros2_ws/install/tf2_py:/home/rosdev/ros2_ws/install/tf2_msgs:/home/rosdev/ros2_ws/install/tf2_eigen_kdl:/home/rosdev/ros2_ws/install/tf2:/home/rosdev/ros2_ws/install/realsense2_description:/home/rosdev/ros2_ws/install/realsense2_camera_msgs:/home/rosdev/ros2_ws/install/image_geometry LD_LIBRARY_PATH=/home/rosdev/ros2_ws/install/cv_bridge/lib:/home/rosdev/ros2_ws/install/yolo_msgs/lib:/home/rosdev/ros2_ws/install/realsense2_camera/lib:/home/rosdev/ros2_ws/install/tf2_ros/lib:/home/rosdev/ros2_ws/install/tf2_msgs/lib:/home/rosdev/ros2_ws/install/tf2_eigen_kdl/lib:/home/rosdev/ros2_ws/install/tf2/lib:/home/rosdev/ros2_ws/install/realsense2_camera_msgs/lib:/home/rosdev/ros2_ws/install/image_geometry/lib:/opt/ros/humble/lib/aarch64-linux-gnu:/opt/ros/humble/lib PYTHONPATH=/home/rosdev/ros2_ws/build/aruco/prefix_override:/usr/lib/python3/dist-packages/colcon_core/task/python/colcon_distutils_commands:/home/rosdev/ros2_ws/install/aruco/lib/python3.10/site-packages:${PYTHONPATH} /usr/bin/python3 -W ignore:setup.py install is deprecated -W ignore:easy_install command is deprecated setup.py egg_info --egg-base ../build/aruco build --build-base /home/rosdev/ros2_ws/build/aruco/build install --record /home/rosdev/ros2_ws/build/aruco/install.log --single-version-externally-managed install_data
[1.362s] running egg_info
[1.363s] writing ../build/aruco/aruco.egg-info/PKG-INFO
[1.364s] writing dependency_links to ../build/aruco/aruco.egg-info/dependency_links.txt
[1.364s] writing entry points to ../build/aruco/aruco.egg-info/entry_points.txt
[1.364s] writing requirements to ../build/aruco/aruco.egg-info/requires.txt
[1.364s] writing top-level names to ../build/aruco/aruco.egg-info/top_level.txt
[1.367s] reading manifest file '../build/aruco/aruco.egg-info/SOURCES.txt'
[1.368s] writing manifest file '../build/aruco/aruco.egg-info/SOURCES.txt'
[1.369s] running build
[1.369s] running build_py
[1.369s] copying aruco/aruco_realsense.py -> /home/rosdev/ros2_ws/build/aruco/build/lib/aruco
[1.369s] running install
[1.370s] running install_lib
[1.374s] copying /home/rosdev/ros2_ws/build/aruco/build/lib/aruco/aruco_realsense.py -> /home/rosdev/ros2_ws/install/aruco/lib/python3.10/site-packages/aruco
[1.375s] byte-compiling /home/rosdev/ros2_ws/install/aruco/lib/python3.10/site-packages/aruco/aruco_realsense.py to aruco_realsense.cpython-310.pyc
[1.377s] running install_data
[1.377s] running install_egg_info
[1.380s] removing '/home/rosdev/ros2_ws/install/aruco/lib/python3.10/site-packages/aruco-0.0.0-py3.10.egg-info' (and everything under it)
[1.381s] Copying ../build/aruco/aruco.egg-info to /home/rosdev/ros2_ws/install/aruco/lib/python3.10/site-packages/aruco-0.0.0-py3.10.egg-info
[1.383s] running install_scripts
[1.419s] Installing aruco_realsense script to /home/rosdev/ros2_ws/install/aruco/lib/aruco
[1.419s] writing list of installed files to '/home/rosdev/ros2_ws/build/aruco/install.log'
[1.488s] Invoked command in '/home/rosdev/ros2_ws/aruco' returned '0': CMAKE_PREFIX_PATH=/home/rosdev/ros2_ws/install/cv_bridge:/home/rosdev/ros2_ws/install/yolo_bringup:/home/rosdev/ros2_ws/install/yolo_msgs:/home/rosdev/ros2_ws/install/vision_opencv:/home/rosdev/ros2_ws/install/geometry2:/home/rosdev/ros2_ws/install/tf2_sensor_msgs:/home/rosdev/ros2_ws/install/test_tf2:/home/rosdev/ros2_ws/install/tf2_kdl:/home/rosdev/ros2_ws/install/tf2_geometry_msgs:/home/rosdev/ros2_ws/install/tf2_eigen:/home/rosdev/ros2_ws/install/tf2_bullet:/home/rosdev/ros2_ws/install/realsense2_camera:/home/rosdev/ros2_ws/install/tf2_ros:/home/rosdev/ros2_ws/install/tf2_py:/home/rosdev/ros2_ws/install/tf2_msgs:/home/rosdev/ros2_ws/install/tf2_eigen_kdl:/home/rosdev/ros2_ws/install/tf2:/home/rosdev/ros2_ws/install/realsense2_description:/home/rosdev/ros2_ws/install/realsense2_camera_msgs:/home/rosdev/ros2_ws/install/image_geometry LD_LIBRARY_PATH=/home/rosdev/ros2_ws/install/cv_bridge/lib:/home/rosdev/ros2_ws/install/yolo_msgs/lib:/home/rosdev/ros2_ws/install/realsense2_camera/lib:/home/rosdev/ros2_ws/install/tf2_ros/lib:/home/rosdev/ros2_ws/install/tf2_msgs/lib:/home/rosdev/ros2_ws/install/tf2_eigen_kdl/lib:/home/rosdev/ros2_ws/install/tf2/lib:/home/rosdev/ros2_ws/install/realsense2_camera_msgs/lib:/home/rosdev/ros2_ws/install/image_geometry/lib:/opt/ros/humble/lib/aarch64-linux-gnu:/opt/ros/humble/lib PYTHONPATH=/home/rosdev/ros2_ws/build/aruco/prefix_override:/usr/lib/python3/dist-packages/colcon_core/task/python/colcon_distutils_commands:/home/rosdev/ros2_ws/install/aruco/lib/python3.10/site-packages:${PYTHONPATH} /usr/bin/python3 -W ignore:setup.py install is deprecated -W ignore:easy_install command is deprecated setup.py egg_info --egg-base ../build/aruco build --build-base /home/rosdev/ros2_ws/build/aruco/build install --record /home/rosdev/ros2_ws/build/aruco/install.log --single-version-externally-managed install_data
