[0.952s] Invoking command in '/home/rosdev/ros2_ws/src/yolo_ros/yolo_ros': CMAKE_PREFIX_PATH=/home/rosdev/ros2_ws/install/yolo_msgs:/home/rosdev/ros2_ws/install/yolo_bringup:/home/rosdev/ros2_ws/install/realsense2_description:/home/rosdev/ros2_ws/install/realsense2_camera:/home/rosdev/ros2_ws/install/realsense2_camera_msgs PYTHONPATH=/home/rosdev/ros2_ws/build/yolo_ros/prefix_override:/usr/lib/python3/dist-packages/colcon_core/task/python/colcon_distutils_commands:/home/rosdev/ros2_ws/install/yolo_ros/lib/python3.10/site-packages:${PYTHONPATH} /usr/bin/python3 -W ignore:setup.py install is deprecated -W ignore:easy_install command is deprecated setup.py egg_info --egg-base ../../../build/yolo_ros build --build-base /home/rosdev/ros2_ws/build/yolo_ros/build install --record /home/rosdev/ros2_ws/build/yolo_ros/install.log --single-version-externally-managed install_data
[1.281s] running egg_info
[1.282s] writing ../../../build/yolo_ros/yolo_ros.egg-info/PKG-INFO
[1.284s] writing dependency_links to ../../../build/yolo_ros/yolo_ros.egg-info/dependency_links.txt
[1.284s] writing entry points to ../../../build/yolo_ros/yolo_ros.egg-info/entry_points.txt
[1.284s] writing requirements to ../../../build/yolo_ros/yolo_ros.egg-info/requires.txt
[1.285s] writing top-level names to ../../../build/yolo_ros/yolo_ros.egg-info/top_level.txt
[1.287s] reading manifest file '../../../build/yolo_ros/yolo_ros.egg-info/SOURCES.txt'
[1.288s] writing manifest file '../../../build/yolo_ros/yolo_ros.egg-info/SOURCES.txt'
[1.289s] running build
[1.289s] running build_py
[1.289s] running install
[1.290s] running install_lib
[1.292s] running install_data
[1.293s] running install_egg_info
[1.295s] removing '/home/rosdev/ros2_ws/install/yolo_ros/lib/python3.10/site-packages/yolo_ros-0.0.0-py3.10.egg-info' (and everything under it)
[1.296s] Copying ../../../build/yolo_ros/yolo_ros.egg-info to /home/rosdev/ros2_ws/install/yolo_ros/lib/python3.10/site-packages/yolo_ros-0.0.0-py3.10.egg-info
[1.298s] running install_scripts
[1.331s] Installing debug_node script to /home/rosdev/ros2_ws/install/yolo_ros/lib/yolo_ros
[1.331s] Installing detect_3d_node script to /home/rosdev/ros2_ws/install/yolo_ros/lib/yolo_ros
[1.331s] Installing tracking_node script to /home/rosdev/ros2_ws/install/yolo_ros/lib/yolo_ros
[1.331s] Installing yolo_node script to /home/rosdev/ros2_ws/install/yolo_ros/lib/yolo_ros
[1.332s] writing list of installed files to '/home/rosdev/ros2_ws/build/yolo_ros/install.log'
[1.397s] Invoked command in '/home/rosdev/ros2_ws/src/yolo_ros/yolo_ros' returned '0': CMAKE_PREFIX_PATH=/home/rosdev/ros2_ws/install/yolo_msgs:/home/rosdev/ros2_ws/install/yolo_bringup:/home/rosdev/ros2_ws/install/realsense2_description:/home/rosdev/ros2_ws/install/realsense2_camera:/home/rosdev/ros2_ws/install/realsense2_camera_msgs PYTHONPATH=/home/rosdev/ros2_ws/build/yolo_ros/prefix_override:/usr/lib/python3/dist-packages/colcon_core/task/python/colcon_distutils_commands:/home/rosdev/ros2_ws/install/yolo_ros/lib/python3.10/site-packages:${PYTHONPATH} /usr/bin/python3 -W ignore:setup.py install is deprecated -W ignore:easy_install command is deprecated setup.py egg_info --egg-base ../../../build/yolo_ros build --build-base /home/rosdev/ros2_ws/build/yolo_ros/build install --record /home/rosdev/ros2_ws/build/yolo_ros/install.log --single-version-externally-managed install_data
