-- Found ament_cmake: 1.3.11 (/opt/ros/humble/share/ament_cmake/cmake)
-- Found Python3: /usr/bin/python3 (found version "3.10.12") found components: Interpreter 
-- Configuring done
-- Generating done
-- Build files have been written to: /home/rosdev/ros2_ws/build/geometry2
-- Install configuration: ""
-- Installing: /home/rosdev/ros2_ws/install/geometry2/share/ament_index/resource_index/package_run_dependencies/geometry2
-- Installing: /home/rosdev/ros2_ws/install/geometry2/share/ament_index/resource_index/parent_prefix_path/geometry2
-- Installing: /home/rosdev/ros2_ws/install/geometry2/share/geometry2/environment/ament_prefix_path.sh
-- Installing: /home/rosdev/ros2_ws/install/geometry2/share/geometry2/environment/ament_prefix_path.dsv
-- Installing: /home/rosdev/ros2_ws/install/geometry2/share/geometry2/environment/path.sh
-- Installing: /home/rosdev/ros2_ws/install/geometry2/share/geometry2/environment/path.dsv
-- Installing: /home/rosdev/ros2_ws/install/geometry2/share/geometry2/local_setup.bash
-- Installing: /home/rosdev/ros2_ws/install/geometry2/share/geometry2/local_setup.sh
-- Installing: /home/rosdev/ros2_ws/install/geometry2/share/geometry2/local_setup.zsh
-- Installing: /home/rosdev/ros2_ws/install/geometry2/share/geometry2/local_setup.dsv
-- Installing: /home/rosdev/ros2_ws/install/geometry2/share/geometry2/package.dsv
-- Installing: /home/rosdev/ros2_ws/install/geometry2/share/ament_index/resource_index/packages/geometry2
-- Installing: /home/rosdev/ros2_ws/install/geometry2/share/geometry2/cmake/geometry2Config.cmake
-- Installing: /home/rosdev/ros2_ws/install/geometry2/share/geometry2/cmake/geometry2Config-version.cmake
-- Installing: /home/rosdev/ros2_ws/install/geometry2/share/geometry2/package.xml
