[0.052s] Invoking command in '/home/rosdev/ros2_ws/build/yolo_msgs': CMAKE_PREFIX_PATH=${CMAKE_PREFIX_PATH}:/home/rosdev/ros2_ws/install/yolov8_tf_node:/home/rosdev/ros2_ws/install/yolo_ros:/home/rosdev/ros2_ws/install/tf2_tools:/home/rosdev/ros2_ws/install/examples_tf2_py:/home/rosdev/ros2_ws/install/tf2_ros_py:/home/rosdev/ros2_ws/install/aruco_realsense_ros:/home/rosdev/ros2_ws/install/opencv_tests:/opt/ros/humble /usr/bin/cmake --build /home/rosdev/ros2_ws/build/yolo_msgs -- -j12 -l12
[0.224s] [ 12%] Built target yolo_msgs__rosidl_generator_c
[0.238s] [ 12%] Built target yolo_msgs__cpp
[0.305s] [ 12%] Built target ament_cmake_python_symlink_yolo_msgs
[0.346s] [ 24%] Built target yolo_msgs__rosidl_typesupport_fastrtps_c
[0.384s] [ 36%] Built target yolo_msgs__rosidl_typesupport_fastrtps_cpp
[0.406s] [ 48%] Built target yolo_msgs__rosidl_typesupport_introspection_c
[0.414s] [ 66%] Built target yolo_msgs__rosidl_typesupport_introspection_cpp
[0.416s] [ 72%] Built target yolo_msgs__rosidl_typesupport_c
[0.467s] [ 84%] Built target yolo_msgs__rosidl_typesupport_cpp
[0.530s] [ 84%] Built target yolo_msgs
[0.612s] [ 85%] Built target yolo_msgs__py
[0.724s] [ 96%] Built target yolo_msgs__rosidl_generator_py
[0.802s] [ 97%] Built target yolo_msgs__rosidl_typesupport_fastrtps_c__pyext
[0.808s] [ 99%] Built target yolo_msgs__rosidl_typesupport_introspection_c__pyext
[0.829s] [100%] Built target yolo_msgs__rosidl_typesupport_c__pyext
[0.835s] running egg_info
[0.839s] writing yolo_msgs.egg-info/PKG-INFO
[0.840s] writing dependency_links to yolo_msgs.egg-info/dependency_links.txt
[0.840s] writing top-level names to yolo_msgs.egg-info/top_level.txt
[0.845s] reading manifest file 'yolo_msgs.egg-info/SOURCES.txt'
[0.847s] writing manifest file 'yolo_msgs.egg-info/SOURCES.txt'
[0.939s] [100%] Built target ament_cmake_python_build_yolo_msgs_egg
[0.978s] Invoked command in '/home/rosdev/ros2_ws/build/yolo_msgs' returned '0': CMAKE_PREFIX_PATH=${CMAKE_PREFIX_PATH}:/home/rosdev/ros2_ws/install/yolov8_tf_node:/home/rosdev/ros2_ws/install/yolo_ros:/home/rosdev/ros2_ws/install/tf2_tools:/home/rosdev/ros2_ws/install/examples_tf2_py:/home/rosdev/ros2_ws/install/tf2_ros_py:/home/rosdev/ros2_ws/install/aruco_realsense_ros:/home/rosdev/ros2_ws/install/opencv_tests:/opt/ros/humble /usr/bin/cmake --build /home/rosdev/ros2_ws/build/yolo_msgs -- -j12 -l12
[0.981s] Invoking command in '/home/rosdev/ros2_ws/build/yolo_msgs': CMAKE_PREFIX_PATH=${CMAKE_PREFIX_PATH}:/home/rosdev/ros2_ws/install/yolov8_tf_node:/home/rosdev/ros2_ws/install/yolo_ros:/home/rosdev/ros2_ws/install/tf2_tools:/home/rosdev/ros2_ws/install/examples_tf2_py:/home/rosdev/ros2_ws/install/tf2_ros_py:/home/rosdev/ros2_ws/install/aruco_realsense_ros:/home/rosdev/ros2_ws/install/opencv_tests:/opt/ros/humble /usr/bin/cmake --install /home/rosdev/ros2_ws/build/yolo_msgs
[1.009s] -- Install configuration: ""
[1.010s] -- Execute custom install script
[1.010s] -- Up-to-date symlink: /home/rosdev/ros2_ws/install/yolo_msgs/share/ament_index/resource_index/rosidl_interfaces/yolo_msgs
[1.011s] -- Up-to-date symlink: /home/rosdev/ros2_ws/install/yolo_msgs/include/yolo_msgs/yolo_msgs/msg/bounding_box2_d.h
[1.011s] -- Up-to-date symlink: /home/rosdev/ros2_ws/install/yolo_msgs/include/yolo_msgs/yolo_msgs/msg/bounding_box3_d.h
[1.012s] -- Up-to-date symlink: /home/rosdev/ros2_ws/install/yolo_msgs/include/yolo_msgs/yolo_msgs/msg/detail/bounding_box2_d__functions.h
[1.012s] -- Up-to-date symlink: /home/rosdev/ros2_ws/install/yolo_msgs/include/yolo_msgs/yolo_msgs/msg/detail/bounding_box2_d__struct.h
[1.012s] -- Up-to-date symlink: /home/rosdev/ros2_ws/install/yolo_msgs/include/yolo_msgs/yolo_msgs/msg/detail/bounding_box2_d__type_support.h
[1.012s] -- Up-to-date symlink: /home/rosdev/ros2_ws/install/yolo_msgs/include/yolo_msgs/yolo_msgs/msg/detail/bounding_box3_d__functions.h
[1.012s] -- Up-to-date symlink: /home/rosdev/ros2_ws/install/yolo_msgs/include/yolo_msgs/yolo_msgs/msg/detail/bounding_box3_d__struct.h
[1.012s] -- Up-to-date symlink: /home/rosdev/ros2_ws/install/yolo_msgs/include/yolo_msgs/yolo_msgs/msg/detail/bounding_box3_d__type_support.h
[1.012s] -- Up-to-date symlink: /home/rosdev/ros2_ws/install/yolo_msgs/include/yolo_msgs/yolo_msgs/msg/detail/detection__functions.h
[1.012s] -- Up-to-date symlink: /home/rosdev/ros2_ws/install/yolo_msgs/include/yolo_msgs/yolo_msgs/msg/detail/detection__struct.h
[1.012s] -- Up-to-date symlink: /home/rosdev/ros2_ws/install/yolo_msgs/include/yolo_msgs/yolo_msgs/msg/detail/detection__type_support.h
[1.013s] -- Up-to-date symlink: /home/rosdev/ros2_ws/install/yolo_msgs/include/yolo_msgs/yolo_msgs/msg/detail/detection_array__functions.h
[1.013s] -- Up-to-date symlink: /home/rosdev/ros2_ws/install/yolo_msgs/include/yolo_msgs/yolo_msgs/msg/detail/detection_array__struct.h
[1.013s] -- Up-to-date symlink: /home/rosdev/ros2_ws/install/yolo_msgs/include/yolo_msgs/yolo_msgs/msg/detail/detection_array__type_support.h
[1.013s] -- Up-to-date symlink: /home/rosdev/ros2_ws/install/yolo_msgs/include/yolo_msgs/yolo_msgs/msg/detail/key_point2_d__functions.h
[1.013s] -- Up-to-date symlink: /home/rosdev/ros2_ws/install/yolo_msgs/include/yolo_msgs/yolo_msgs/msg/detail/key_point2_d__struct.h
[1.013s] -- Up-to-date symlink: /home/rosdev/ros2_ws/install/yolo_msgs/include/yolo_msgs/yolo_msgs/msg/detail/key_point2_d__type_support.h
[1.013s] -- Up-to-date symlink: /home/rosdev/ros2_ws/install/yolo_msgs/include/yolo_msgs/yolo_msgs/msg/detail/key_point2_d_array__functions.h
[1.013s] -- Up-to-date symlink: /home/rosdev/ros2_ws/install/yolo_msgs/include/yolo_msgs/yolo_msgs/msg/detail/key_point2_d_array__struct.h
[1.014s] -- Up-to-date symlink: /home/rosdev/ros2_ws/install/yolo_msgs/include/yolo_msgs/yolo_msgs/msg/detail/key_point2_d_array__type_support.h
[1.014s] -- Up-to-date symlink: /home/rosdev/ros2_ws/install/yolo_msgs/include/yolo_msgs/yolo_msgs/msg/detail/key_point3_d__functions.h
[1.016s] -- Up-to-date symlink: /home/rosdev/ros2_ws/install/yolo_msgs/include/yolo_msgs/yolo_msgs/msg/detail/key_point3_d__struct.h
[1.030s] -- Up-to-date symlink: /home/rosdev/ros2_ws/install/yolo_msgs/include/yolo_msgs/yolo_msgs/msg/detail/key_point3_d__type_support.h
[1.030s] -- Up-to-date symlink: /home/rosdev/ros2_ws/install/yolo_msgs/include/yolo_msgs/yolo_msgs/msg/detail/key_point3_d_array__functions.h
[1.030s] -- Up-to-date symlink: /home/rosdev/ros2_ws/install/yolo_msgs/include/yolo_msgs/yolo_msgs/msg/detail/key_point3_d_array__struct.h
[1.031s] -- Up-to-date symlink: /home/rosdev/ros2_ws/install/yolo_msgs/include/yolo_msgs/yolo_msgs/msg/detail/key_point3_d_array__type_support.h
[1.031s] -- Up-to-date symlink: /home/rosdev/ros2_ws/install/yolo_msgs/include/yolo_msgs/yolo_msgs/msg/detail/mask__functions.h
[1.031s] -- Up-to-date symlink: /home/rosdev/ros2_ws/install/yolo_msgs/include/yolo_msgs/yolo_msgs/msg/detail/mask__struct.h
[1.031s] -- Up-to-date symlink: /home/rosdev/ros2_ws/install/yolo_msgs/include/yolo_msgs/yolo_msgs/msg/detail/mask__type_support.h
[1.031s] -- Up-to-date symlink: /home/rosdev/ros2_ws/install/yolo_msgs/include/yolo_msgs/yolo_msgs/msg/detail/point2_d__functions.h
[1.031s] -- Up-to-date symlink: /home/rosdev/ros2_ws/install/yolo_msgs/include/yolo_msgs/yolo_msgs/msg/detail/point2_d__struct.h
[1.031s] -- Up-to-date symlink: /home/rosdev/ros2_ws/install/yolo_msgs/include/yolo_msgs/yolo_msgs/msg/detail/point2_d__type_support.h
[1.032s] -- Up-to-date symlink: /home/rosdev/ros2_ws/install/yolo_msgs/include/yolo_msgs/yolo_msgs/msg/detail/pose2_d__functions.h
[1.032s] -- Up-to-date symlink: /home/rosdev/ros2_ws/install/yolo_msgs/include/yolo_msgs/yolo_msgs/msg/detail/pose2_d__struct.h
[1.032s] -- Up-to-date symlink: /home/rosdev/ros2_ws/install/yolo_msgs/include/yolo_msgs/yolo_msgs/msg/detail/pose2_d__type_support.h
[1.032s] -- Up-to-date symlink: /home/rosdev/ros2_ws/install/yolo_msgs/include/yolo_msgs/yolo_msgs/msg/detail/vector2__functions.h
[1.032s] -- Up-to-date symlink: /home/rosdev/ros2_ws/install/yolo_msgs/include/yolo_msgs/yolo_msgs/msg/detail/vector2__struct.h
[1.032s] -- Up-to-date symlink: /home/rosdev/ros2_ws/install/yolo_msgs/include/yolo_msgs/yolo_msgs/msg/detail/vector2__type_support.h
[1.033s] -- Up-to-date symlink: /home/rosdev/ros2_ws/install/yolo_msgs/include/yolo_msgs/yolo_msgs/msg/detection.h
[1.033s] -- Up-to-date symlink: /home/rosdev/ros2_ws/install/yolo_msgs/include/yolo_msgs/yolo_msgs/msg/detection_array.h
[1.033s] -- Up-to-date symlink: /home/rosdev/ros2_ws/install/yolo_msgs/include/yolo_msgs/yolo_msgs/msg/key_point2_d.h
[1.033s] -- Up-to-date symlink: /home/rosdev/ros2_ws/install/yolo_msgs/include/yolo_msgs/yolo_msgs/msg/key_point2_d_array.h
[1.033s] -- Up-to-date symlink: /home/rosdev/ros2_ws/install/yolo_msgs/include/yolo_msgs/yolo_msgs/msg/key_point3_d.h
[1.033s] -- Up-to-date symlink: /home/rosdev/ros2_ws/install/yolo_msgs/include/yolo_msgs/yolo_msgs/msg/key_point3_d_array.h
[1.033s] -- Up-to-date symlink: /home/rosdev/ros2_ws/install/yolo_msgs/include/yolo_msgs/yolo_msgs/msg/mask.h
[1.033s] -- Up-to-date symlink: /home/rosdev/ros2_ws/install/yolo_msgs/include/yolo_msgs/yolo_msgs/msg/point2_d.h
[1.041s] -- Up-to-date symlink: /home/rosdev/ros2_ws/install/yolo_msgs/include/yolo_msgs/yolo_msgs/msg/pose2_d.h
[1.041s] -- Up-to-date symlink: /home/rosdev/ros2_ws/install/yolo_msgs/include/yolo_msgs/yolo_msgs/msg/rosidl_generator_c__visibility_control.h
[1.041s] -- Up-to-date symlink: /home/rosdev/ros2_ws/install/yolo_msgs/include/yolo_msgs/yolo_msgs/msg/vector2.h
[1.042s] -- Up-to-date symlink: /home/rosdev/ros2_ws/install/yolo_msgs/include/yolo_msgs/yolo_msgs/srv/detail/set_classes__functions.h
[1.042s] -- Up-to-date symlink: /home/rosdev/ros2_ws/install/yolo_msgs/include/yolo_msgs/yolo_msgs/srv/detail/set_classes__struct.h
[1.042s] -- Up-to-date symlink: /home/rosdev/ros2_ws/install/yolo_msgs/include/yolo_msgs/yolo_msgs/srv/detail/set_classes__type_support.h
[1.044s] -- Up-to-date symlink: /home/rosdev/ros2_ws/install/yolo_msgs/include/yolo_msgs/yolo_msgs/srv/set_classes.h
[1.044s] -- Up-to-date symlink: /home/rosdev/ros2_ws/install/yolo_msgs/share/yolo_msgs/environment/library_path.sh
[1.045s] -- Up-to-date symlink: /home/rosdev/ros2_ws/install/yolo_msgs/share/yolo_msgs/environment/library_path.dsv
[1.047s] -- Up-to-date symlink: /home/rosdev/ros2_ws/install/yolo_msgs/include/yolo_msgs/yolo_msgs/msg/detail/bounding_box2_d__rosidl_typesupport_fastrtps_c.h
[1.047s] -- Up-to-date symlink: /home/rosdev/ros2_ws/install/yolo_msgs/include/yolo_msgs/yolo_msgs/msg/detail/bounding_box3_d__rosidl_typesupport_fastrtps_c.h
[1.047s] -- Up-to-date symlink: /home/rosdev/ros2_ws/install/yolo_msgs/include/yolo_msgs/yolo_msgs/msg/detail/detection__rosidl_typesupport_fastrtps_c.h
[1.047s] -- Up-to-date symlink: /home/rosdev/ros2_ws/install/yolo_msgs/include/yolo_msgs/yolo_msgs/msg/detail/detection_array__rosidl_typesupport_fastrtps_c.h
[1.047s] -- Up-to-date symlink: /home/rosdev/ros2_ws/install/yolo_msgs/include/yolo_msgs/yolo_msgs/msg/detail/key_point2_d__rosidl_typesupport_fastrtps_c.h
[1.047s] -- Up-to-date symlink: /home/rosdev/ros2_ws/install/yolo_msgs/include/yolo_msgs/yolo_msgs/msg/detail/key_point2_d_array__rosidl_typesupport_fastrtps_c.h
[1.048s] -- Up-to-date symlink: /home/rosdev/ros2_ws/install/yolo_msgs/include/yolo_msgs/yolo_msgs/msg/detail/key_point3_d__rosidl_typesupport_fastrtps_c.h
[1.048s] -- Up-to-date symlink: /home/rosdev/ros2_ws/install/yolo_msgs/include/yolo_msgs/yolo_msgs/msg/detail/key_point3_d_array__rosidl_typesupport_fastrtps_c.h
[1.051s] -- Up-to-date symlink: /home/rosdev/ros2_ws/install/yolo_msgs/include/yolo_msgs/yolo_msgs/msg/detail/mask__rosidl_typesupport_fastrtps_c.h
[1.052s] -- Up-to-date symlink: /home/rosdev/ros2_ws/install/yolo_msgs/include/yolo_msgs/yolo_msgs/msg/detail/point2_d__rosidl_typesupport_fastrtps_c.h
[1.056s] -- Up-to-date symlink: /home/rosdev/ros2_ws/install/yolo_msgs/include/yolo_msgs/yolo_msgs/msg/detail/pose2_d__rosidl_typesupport_fastrtps_c.h
[1.056s] -- Up-to-date symlink: /home/rosdev/ros2_ws/install/yolo_msgs/include/yolo_msgs/yolo_msgs/msg/detail/vector2__rosidl_typesupport_fastrtps_c.h
[1.056s] -- Up-to-date symlink: /home/rosdev/ros2_ws/install/yolo_msgs/include/yolo_msgs/yolo_msgs/msg/rosidl_typesupport_fastrtps_c__visibility_control.h
[1.056s] -- Up-to-date symlink: /home/rosdev/ros2_ws/install/yolo_msgs/include/yolo_msgs/yolo_msgs/srv/detail/set_classes__rosidl_typesupport_fastrtps_c.h
[1.056s] -- Up-to-date symlink: /home/rosdev/ros2_ws/install/yolo_msgs/include/yolo_msgs/yolo_msgs/msg/detail/bounding_box2_d__rosidl_typesupport_introspection_c.h
[1.056s] -- Up-to-date symlink: /home/rosdev/ros2_ws/install/yolo_msgs/include/yolo_msgs/yolo_msgs/msg/detail/bounding_box3_d__rosidl_typesupport_introspection_c.h
[1.057s] -- Up-to-date symlink: /home/rosdev/ros2_ws/install/yolo_msgs/include/yolo_msgs/yolo_msgs/msg/detail/detection__rosidl_typesupport_introspection_c.h
[1.057s] -- Up-to-date symlink: /home/rosdev/ros2_ws/install/yolo_msgs/include/yolo_msgs/yolo_msgs/msg/detail/detection_array__rosidl_typesupport_introspection_c.h
[1.057s] -- Up-to-date symlink: /home/rosdev/ros2_ws/install/yolo_msgs/include/yolo_msgs/yolo_msgs/msg/detail/key_point2_d__rosidl_typesupport_introspection_c.h
[1.057s] -- Up-to-date symlink: /home/rosdev/ros2_ws/install/yolo_msgs/include/yolo_msgs/yolo_msgs/msg/detail/key_point2_d_array__rosidl_typesupport_introspection_c.h
[1.057s] -- Up-to-date symlink: /home/rosdev/ros2_ws/install/yolo_msgs/include/yolo_msgs/yolo_msgs/msg/detail/key_point3_d__rosidl_typesupport_introspection_c.h
[1.057s] -- Up-to-date symlink: /home/rosdev/ros2_ws/install/yolo_msgs/include/yolo_msgs/yolo_msgs/msg/detail/key_point3_d_array__rosidl_typesupport_introspection_c.h
[1.057s] -- Up-to-date symlink: /home/rosdev/ros2_ws/install/yolo_msgs/include/yolo_msgs/yolo_msgs/msg/detail/mask__rosidl_typesupport_introspection_c.h
[1.057s] -- Up-to-date symlink: /home/rosdev/ros2_ws/install/yolo_msgs/include/yolo_msgs/yolo_msgs/msg/detail/point2_d__rosidl_typesupport_introspection_c.h
[1.058s] -- Up-to-date symlink: /home/rosdev/ros2_ws/install/yolo_msgs/include/yolo_msgs/yolo_msgs/msg/detail/pose2_d__rosidl_typesupport_introspection_c.h
[1.058s] -- Up-to-date symlink: /home/rosdev/ros2_ws/install/yolo_msgs/include/yolo_msgs/yolo_msgs/msg/detail/vector2__rosidl_typesupport_introspection_c.h
[1.058s] -- Up-to-date symlink: /home/rosdev/ros2_ws/install/yolo_msgs/include/yolo_msgs/yolo_msgs/msg/rosidl_typesupport_introspection_c__visibility_control.h
[1.058s] -- Up-to-date symlink: /home/rosdev/ros2_ws/install/yolo_msgs/include/yolo_msgs/yolo_msgs/srv/detail/set_classes__rosidl_typesupport_introspection_c.h
[1.058s] -- Up-to-date symlink: /home/rosdev/ros2_ws/install/yolo_msgs/include/yolo_msgs/yolo_msgs/msg/bounding_box2_d.hpp
[1.058s] -- Up-to-date symlink: /home/rosdev/ros2_ws/install/yolo_msgs/include/yolo_msgs/yolo_msgs/msg/bounding_box3_d.hpp
[1.059s] -- Up-to-date symlink: /home/rosdev/ros2_ws/install/yolo_msgs/include/yolo_msgs/yolo_msgs/msg/detail/bounding_box2_d__builder.hpp
[1.059s] -- Up-to-date symlink: /home/rosdev/ros2_ws/install/yolo_msgs/include/yolo_msgs/yolo_msgs/msg/detail/bounding_box2_d__struct.hpp
[1.059s] -- Up-to-date symlink: /home/rosdev/ros2_ws/install/yolo_msgs/include/yolo_msgs/yolo_msgs/msg/detail/bounding_box2_d__traits.hpp
[1.059s] -- Up-to-date symlink: /home/rosdev/ros2_ws/install/yolo_msgs/include/yolo_msgs/yolo_msgs/msg/detail/bounding_box2_d__type_support.hpp
[1.059s] -- Up-to-date symlink: /home/rosdev/ros2_ws/install/yolo_msgs/include/yolo_msgs/yolo_msgs/msg/detail/bounding_box3_d__builder.hpp
[1.059s] -- Up-to-date symlink: /home/rosdev/ros2_ws/install/yolo_msgs/include/yolo_msgs/yolo_msgs/msg/detail/bounding_box3_d__struct.hpp
[1.059s] -- Up-to-date symlink: /home/rosdev/ros2_ws/install/yolo_msgs/include/yolo_msgs/yolo_msgs/msg/detail/bounding_box3_d__traits.hpp
[1.060s] -- Up-to-date symlink: /home/rosdev/ros2_ws/install/yolo_msgs/include/yolo_msgs/yolo_msgs/msg/detail/bounding_box3_d__type_support.hpp
[1.060s] -- Up-to-date symlink: /home/rosdev/ros2_ws/install/yolo_msgs/include/yolo_msgs/yolo_msgs/msg/detail/detection__builder.hpp
[1.060s] -- Up-to-date symlink: /home/rosdev/ros2_ws/install/yolo_msgs/include/yolo_msgs/yolo_msgs/msg/detail/detection__struct.hpp
[1.060s] -- Up-to-date symlink: /home/rosdev/ros2_ws/install/yolo_msgs/include/yolo_msgs/yolo_msgs/msg/detail/detection__traits.hpp
[1.060s] -- Up-to-date symlink: /home/rosdev/ros2_ws/install/yolo_msgs/include/yolo_msgs/yolo_msgs/msg/detail/detection__type_support.hpp
[1.060s] -- Up-to-date symlink: /home/rosdev/ros2_ws/install/yolo_msgs/include/yolo_msgs/yolo_msgs/msg/detail/detection_array__builder.hpp
[1.060s] -- Up-to-date symlink: /home/rosdev/ros2_ws/install/yolo_msgs/include/yolo_msgs/yolo_msgs/msg/detail/detection_array__struct.hpp
[1.060s] -- Up-to-date symlink: /home/rosdev/ros2_ws/install/yolo_msgs/include/yolo_msgs/yolo_msgs/msg/detail/detection_array__traits.hpp
[1.061s] -- Up-to-date symlink: /home/rosdev/ros2_ws/install/yolo_msgs/include/yolo_msgs/yolo_msgs/msg/detail/detection_array__type_support.hpp
[1.061s] -- Up-to-date symlink: /home/rosdev/ros2_ws/install/yolo_msgs/include/yolo_msgs/yolo_msgs/msg/detail/key_point2_d__builder.hpp
[1.061s] -- Up-to-date symlink: /home/rosdev/ros2_ws/install/yolo_msgs/include/yolo_msgs/yolo_msgs/msg/detail/key_point2_d__struct.hpp
[1.061s] -- Up-to-date symlink: /home/rosdev/ros2_ws/install/yolo_msgs/include/yolo_msgs/yolo_msgs/msg/detail/key_point2_d__traits.hpp
[1.061s] -- Up-to-date symlink: /home/rosdev/ros2_ws/install/yolo_msgs/include/yolo_msgs/yolo_msgs/msg/detail/key_point2_d__type_support.hpp
[1.061s] -- Up-to-date symlink: /home/rosdev/ros2_ws/install/yolo_msgs/include/yolo_msgs/yolo_msgs/msg/detail/key_point2_d_array__builder.hpp
[1.061s] -- Up-to-date symlink: /home/rosdev/ros2_ws/install/yolo_msgs/include/yolo_msgs/yolo_msgs/msg/detail/key_point2_d_array__struct.hpp
[1.061s] -- Up-to-date symlink: /home/rosdev/ros2_ws/install/yolo_msgs/include/yolo_msgs/yolo_msgs/msg/detail/key_point2_d_array__traits.hpp
[1.061s] -- Up-to-date symlink: /home/rosdev/ros2_ws/install/yolo_msgs/include/yolo_msgs/yolo_msgs/msg/detail/key_point2_d_array__type_support.hpp
[1.061s] -- Up-to-date symlink: /home/rosdev/ros2_ws/install/yolo_msgs/include/yolo_msgs/yolo_msgs/msg/detail/key_point3_d__builder.hpp
[1.062s] -- Up-to-date symlink: /home/rosdev/ros2_ws/install/yolo_msgs/include/yolo_msgs/yolo_msgs/msg/detail/key_point3_d__struct.hpp
[1.062s] -- Up-to-date symlink: /home/rosdev/ros2_ws/install/yolo_msgs/include/yolo_msgs/yolo_msgs/msg/detail/key_point3_d__traits.hpp
[1.062s] -- Up-to-date symlink: /home/rosdev/ros2_ws/install/yolo_msgs/include/yolo_msgs/yolo_msgs/msg/detail/key_point3_d__type_support.hpp
[1.062s] -- Up-to-date symlink: /home/rosdev/ros2_ws/install/yolo_msgs/include/yolo_msgs/yolo_msgs/msg/detail/key_point3_d_array__builder.hpp
[1.062s] -- Up-to-date symlink: /home/rosdev/ros2_ws/install/yolo_msgs/include/yolo_msgs/yolo_msgs/msg/detail/key_point3_d_array__struct.hpp
[1.062s] -- Up-to-date symlink: /home/rosdev/ros2_ws/install/yolo_msgs/include/yolo_msgs/yolo_msgs/msg/detail/key_point3_d_array__traits.hpp
[1.062s] -- Up-to-date symlink: /home/rosdev/ros2_ws/install/yolo_msgs/include/yolo_msgs/yolo_msgs/msg/detail/key_point3_d_array__type_support.hpp
[1.082s] -- Up-to-date symlink: /home/rosdev/ros2_ws/install/yolo_msgs/include/yolo_msgs/yolo_msgs/msg/detail/mask__builder.hpp
[1.083s] -- Up-to-date symlink: /home/rosdev/ros2_ws/install/yolo_msgs/include/yolo_msgs/yolo_msgs/msg/detail/mask__struct.hpp
[1.083s] -- Up-to-date symlink: /home/rosdev/ros2_ws/install/yolo_msgs/include/yolo_msgs/yolo_msgs/msg/detail/mask__traits.hpp
[1.085s] -- Up-to-date symlink: /home/rosdev/ros2_ws/install/yolo_msgs/include/yolo_msgs/yolo_msgs/msg/detail/mask__type_support.hpp
[1.085s] -- Up-to-date symlink: /home/rosdev/ros2_ws/install/yolo_msgs/include/yolo_msgs/yolo_msgs/msg/detail/point2_d__builder.hpp
[1.085s] -- Up-to-date symlink: /home/rosdev/ros2_ws/install/yolo_msgs/include/yolo_msgs/yolo_msgs/msg/detail/point2_d__struct.hpp
[1.085s] -- Up-to-date symlink: /home/rosdev/ros2_ws/install/yolo_msgs/include/yolo_msgs/yolo_msgs/msg/detail/point2_d__traits.hpp
[1.085s] -- Up-to-date symlink: /home/rosdev/ros2_ws/install/yolo_msgs/include/yolo_msgs/yolo_msgs/msg/detail/point2_d__type_support.hpp
[1.086s] -- Up-to-date symlink: /home/rosdev/ros2_ws/install/yolo_msgs/include/yolo_msgs/yolo_msgs/msg/detail/pose2_d__builder.hpp
[1.086s] -- Up-to-date symlink: /home/rosdev/ros2_ws/install/yolo_msgs/include/yolo_msgs/yolo_msgs/msg/detail/pose2_d__struct.hpp
[1.087s] -- Up-to-date symlink: /home/rosdev/ros2_ws/install/yolo_msgs/include/yolo_msgs/yolo_msgs/msg/detail/pose2_d__traits.hpp
[1.087s] -- Up-to-date symlink: /home/rosdev/ros2_ws/install/yolo_msgs/include/yolo_msgs/yolo_msgs/msg/detail/pose2_d__type_support.hpp
[1.087s] -- Up-to-date symlink: /home/rosdev/ros2_ws/install/yolo_msgs/include/yolo_msgs/yolo_msgs/msg/detail/vector2__builder.hpp
[1.087s] -- Up-to-date symlink: /home/rosdev/ros2_ws/install/yolo_msgs/include/yolo_msgs/yolo_msgs/msg/detail/vector2__struct.hpp
[1.087s] -- Up-to-date symlink: /home/rosdev/ros2_ws/install/yolo_msgs/include/yolo_msgs/yolo_msgs/msg/detail/vector2__traits.hpp
[1.087s] -- Up-to-date symlink: /home/rosdev/ros2_ws/install/yolo_msgs/include/yolo_msgs/yolo_msgs/msg/detail/vector2__type_support.hpp
[1.087s] -- Up-to-date symlink: /home/rosdev/ros2_ws/install/yolo_msgs/include/yolo_msgs/yolo_msgs/msg/detection.hpp
[1.087s] -- Up-to-date symlink: /home/rosdev/ros2_ws/install/yolo_msgs/include/yolo_msgs/yolo_msgs/msg/detection_array.hpp
[1.087s] -- Up-to-date symlink: /home/rosdev/ros2_ws/install/yolo_msgs/include/yolo_msgs/yolo_msgs/msg/key_point2_d.hpp
[1.087s] -- Up-to-date symlink: /home/rosdev/ros2_ws/install/yolo_msgs/include/yolo_msgs/yolo_msgs/msg/key_point2_d_array.hpp
[1.088s] -- Up-to-date symlink: /home/rosdev/ros2_ws/install/yolo_msgs/include/yolo_msgs/yolo_msgs/msg/key_point3_d.hpp
[1.088s] -- Up-to-date symlink: /home/rosdev/ros2_ws/install/yolo_msgs/include/yolo_msgs/yolo_msgs/msg/key_point3_d_array.hpp
[1.088s] -- Up-to-date symlink: /home/rosdev/ros2_ws/install/yolo_msgs/include/yolo_msgs/yolo_msgs/msg/mask.hpp
[1.088s] -- Up-to-date symlink: /home/rosdev/ros2_ws/install/yolo_msgs/include/yolo_msgs/yolo_msgs/msg/point2_d.hpp
[1.088s] -- Up-to-date symlink: /home/rosdev/ros2_ws/install/yolo_msgs/include/yolo_msgs/yolo_msgs/msg/pose2_d.hpp
[1.088s] -- Up-to-date symlink: /home/rosdev/ros2_ws/install/yolo_msgs/include/yolo_msgs/yolo_msgs/msg/rosidl_generator_cpp__visibility_control.hpp
[1.088s] -- Up-to-date symlink: /home/rosdev/ros2_ws/install/yolo_msgs/include/yolo_msgs/yolo_msgs/msg/vector2.hpp
[1.088s] -- Up-to-date symlink: /home/rosdev/ros2_ws/install/yolo_msgs/include/yolo_msgs/yolo_msgs/srv/detail/set_classes__builder.hpp
[1.088s] -- Up-to-date symlink: /home/rosdev/ros2_ws/install/yolo_msgs/include/yolo_msgs/yolo_msgs/srv/detail/set_classes__struct.hpp
[1.088s] -- Up-to-date symlink: /home/rosdev/ros2_ws/install/yolo_msgs/include/yolo_msgs/yolo_msgs/srv/detail/set_classes__traits.hpp
[1.088s] -- Up-to-date symlink: /home/rosdev/ros2_ws/install/yolo_msgs/include/yolo_msgs/yolo_msgs/srv/detail/set_classes__type_support.hpp
[1.089s] -- Up-to-date symlink: /home/rosdev/ros2_ws/install/yolo_msgs/include/yolo_msgs/yolo_msgs/srv/set_classes.hpp
[1.089s] -- Up-to-date symlink: /home/rosdev/ros2_ws/install/yolo_msgs/include/yolo_msgs/yolo_msgs/msg/detail/bounding_box2_d__rosidl_typesupport_fastrtps_cpp.hpp
[1.089s] -- Up-to-date symlink: /home/rosdev/ros2_ws/install/yolo_msgs/include/yolo_msgs/yolo_msgs/msg/detail/bounding_box3_d__rosidl_typesupport_fastrtps_cpp.hpp
[1.091s] -- Up-to-date symlink: /home/rosdev/ros2_ws/install/yolo_msgs/include/yolo_msgs/yolo_msgs/msg/detail/detection__rosidl_typesupport_fastrtps_cpp.hpp
[1.101s] -- Up-to-date symlink: /home/rosdev/ros2_ws/install/yolo_msgs/include/yolo_msgs/yolo_msgs/msg/detail/detection_array__rosidl_typesupport_fastrtps_cpp.hpp
[1.101s] -- Up-to-date symlink: /home/rosdev/ros2_ws/install/yolo_msgs/include/yolo_msgs/yolo_msgs/msg/detail/key_point2_d__rosidl_typesupport_fastrtps_cpp.hpp
[1.102s] -- Up-to-date symlink: /home/rosdev/ros2_ws/install/yolo_msgs/include/yolo_msgs/yolo_msgs/msg/detail/key_point2_d_array__rosidl_typesupport_fastrtps_cpp.hpp
[1.102s] -- Up-to-date symlink: /home/rosdev/ros2_ws/install/yolo_msgs/include/yolo_msgs/yolo_msgs/msg/detail/key_point3_d__rosidl_typesupport_fastrtps_cpp.hpp
[1.102s] -- Up-to-date symlink: /home/rosdev/ros2_ws/install/yolo_msgs/include/yolo_msgs/yolo_msgs/msg/detail/key_point3_d_array__rosidl_typesupport_fastrtps_cpp.hpp
[1.102s] -- Up-to-date symlink: /home/rosdev/ros2_ws/install/yolo_msgs/include/yolo_msgs/yolo_msgs/msg/detail/mask__rosidl_typesupport_fastrtps_cpp.hpp
[1.102s] -- Up-to-date symlink: /home/rosdev/ros2_ws/install/yolo_msgs/include/yolo_msgs/yolo_msgs/msg/detail/point2_d__rosidl_typesupport_fastrtps_cpp.hpp
[1.103s] -- Up-to-date symlink: /home/rosdev/ros2_ws/install/yolo_msgs/include/yolo_msgs/yolo_msgs/msg/detail/pose2_d__rosidl_typesupport_fastrtps_cpp.hpp
[1.103s] -- Up-to-date symlink: /home/rosdev/ros2_ws/install/yolo_msgs/include/yolo_msgs/yolo_msgs/msg/detail/vector2__rosidl_typesupport_fastrtps_cpp.hpp
[1.103s] -- Up-to-date symlink: /home/rosdev/ros2_ws/install/yolo_msgs/include/yolo_msgs/yolo_msgs/msg/rosidl_typesupport_fastrtps_cpp__visibility_control.h
[1.103s] -- Up-to-date symlink: /home/rosdev/ros2_ws/install/yolo_msgs/include/yolo_msgs/yolo_msgs/srv/detail/set_classes__rosidl_typesupport_fastrtps_cpp.hpp
[1.104s] -- Up-to-date symlink: /home/rosdev/ros2_ws/install/yolo_msgs/include/yolo_msgs/yolo_msgs/msg/detail/bounding_box2_d__rosidl_typesupport_introspection_cpp.hpp
[1.104s] -- Up-to-date symlink: /home/rosdev/ros2_ws/install/yolo_msgs/include/yolo_msgs/yolo_msgs/msg/detail/bounding_box3_d__rosidl_typesupport_introspection_cpp.hpp
[1.104s] -- Up-to-date symlink: /home/rosdev/ros2_ws/install/yolo_msgs/include/yolo_msgs/yolo_msgs/msg/detail/detection__rosidl_typesupport_introspection_cpp.hpp
[1.104s] -- Up-to-date symlink: /home/rosdev/ros2_ws/install/yolo_msgs/include/yolo_msgs/yolo_msgs/msg/detail/detection_array__rosidl_typesupport_introspection_cpp.hpp
[1.105s] -- Up-to-date symlink: /home/rosdev/ros2_ws/install/yolo_msgs/include/yolo_msgs/yolo_msgs/msg/detail/key_point2_d__rosidl_typesupport_introspection_cpp.hpp
[1.105s] -- Up-to-date symlink: /home/rosdev/ros2_ws/install/yolo_msgs/include/yolo_msgs/yolo_msgs/msg/detail/key_point2_d_array__rosidl_typesupport_introspection_cpp.hpp
[1.105s] -- Up-to-date symlink: /home/rosdev/ros2_ws/install/yolo_msgs/include/yolo_msgs/yolo_msgs/msg/detail/key_point3_d__rosidl_typesupport_introspection_cpp.hpp
[1.105s] -- Up-to-date symlink: /home/rosdev/ros2_ws/install/yolo_msgs/include/yolo_msgs/yolo_msgs/msg/detail/key_point3_d_array__rosidl_typesupport_introspection_cpp.hpp
[1.105s] -- Up-to-date symlink: /home/rosdev/ros2_ws/install/yolo_msgs/include/yolo_msgs/yolo_msgs/msg/detail/mask__rosidl_typesupport_introspection_cpp.hpp
[1.105s] -- Up-to-date symlink: /home/rosdev/ros2_ws/install/yolo_msgs/include/yolo_msgs/yolo_msgs/msg/detail/point2_d__rosidl_typesupport_introspection_cpp.hpp
[1.105s] -- Up-to-date symlink: /home/rosdev/ros2_ws/install/yolo_msgs/include/yolo_msgs/yolo_msgs/msg/detail/pose2_d__rosidl_typesupport_introspection_cpp.hpp
[1.106s] -- Up-to-date symlink: /home/rosdev/ros2_ws/install/yolo_msgs/include/yolo_msgs/yolo_msgs/msg/detail/vector2__rosidl_typesupport_introspection_cpp.hpp
[1.106s] -- Up-to-date symlink: /home/rosdev/ros2_ws/install/yolo_msgs/include/yolo_msgs/yolo_msgs/srv/detail/set_classes__rosidl_typesupport_introspection_cpp.hpp
[1.106s] -- Up-to-date symlink: /home/rosdev/ros2_ws/install/yolo_msgs/share/yolo_msgs/environment/pythonpath.sh
[1.106s] -- Up-to-date symlink: /home/rosdev/ros2_ws/install/yolo_msgs/share/yolo_msgs/environment/pythonpath.dsv
[1.107s] -- Up-to-date symlink: /home/rosdev/ros2_ws/install/yolo_msgs/local/lib/python3.10/dist-packages/yolo_msgs-4.2.0-py3.10.egg-info/PKG-INFO
[1.107s] -- Up-to-date symlink: /home/rosdev/ros2_ws/install/yolo_msgs/local/lib/python3.10/dist-packages/yolo_msgs-4.2.0-py3.10.egg-info/SOURCES.txt
[1.107s] -- Up-to-date symlink: /home/rosdev/ros2_ws/install/yolo_msgs/local/lib/python3.10/dist-packages/yolo_msgs-4.2.0-py3.10.egg-info/dependency_links.txt
[1.107s] -- Up-to-date symlink: /home/rosdev/ros2_ws/install/yolo_msgs/local/lib/python3.10/dist-packages/yolo_msgs-4.2.0-py3.10.egg-info/top_level.txt
[1.108s] -- Up-to-date symlink: /home/rosdev/ros2_ws/install/yolo_msgs/local/lib/python3.10/dist-packages/yolo_msgs/__init__.py
[1.108s] -- Up-to-date symlink: /home/rosdev/ros2_ws/install/yolo_msgs/local/lib/python3.10/dist-packages/yolo_msgs/_yolo_msgs_s.ep.rosidl_typesupport_c.c
[1.108s] -- Up-to-date symlink: /home/rosdev/ros2_ws/install/yolo_msgs/local/lib/python3.10/dist-packages/yolo_msgs/_yolo_msgs_s.ep.rosidl_typesupport_fastrtps_c.c
[1.109s] -- Up-to-date symlink: /home/rosdev/ros2_ws/install/yolo_msgs/local/lib/python3.10/dist-packages/yolo_msgs/_yolo_msgs_s.ep.rosidl_typesupport_introspection_c.c
[1.109s] -- Up-to-date symlink: /home/rosdev/ros2_ws/install/yolo_msgs/local/lib/python3.10/dist-packages/yolo_msgs/libyolo_msgs__rosidl_generator_py.so
[1.109s] -- Up-to-date symlink: /home/rosdev/ros2_ws/install/yolo_msgs/local/lib/python3.10/dist-packages/yolo_msgs/msg/__init__.py
[1.109s] -- Up-to-date symlink: /home/rosdev/ros2_ws/install/yolo_msgs/local/lib/python3.10/dist-packages/yolo_msgs/msg/_bounding_box2_d.py
[1.109s] -- Up-to-date symlink: /home/rosdev/ros2_ws/install/yolo_msgs/local/lib/python3.10/dist-packages/yolo_msgs/msg/_bounding_box2_d_s.c
[1.110s] -- Up-to-date symlink: /home/rosdev/ros2_ws/install/yolo_msgs/local/lib/python3.10/dist-packages/yolo_msgs/msg/_bounding_box3_d.py
[1.110s] -- Up-to-date symlink: /home/rosdev/ros2_ws/install/yolo_msgs/local/lib/python3.10/dist-packages/yolo_msgs/msg/_bounding_box3_d_s.c
[1.110s] -- Up-to-date symlink: /home/rosdev/ros2_ws/install/yolo_msgs/local/lib/python3.10/dist-packages/yolo_msgs/msg/_detection.py
[1.110s] -- Up-to-date symlink: /home/rosdev/ros2_ws/install/yolo_msgs/local/lib/python3.10/dist-packages/yolo_msgs/msg/_detection_array.py
[1.110s] -- Up-to-date symlink: /home/rosdev/ros2_ws/install/yolo_msgs/local/lib/python3.10/dist-packages/yolo_msgs/msg/_detection_array_s.c
[1.111s] -- Up-to-date symlink: /home/rosdev/ros2_ws/install/yolo_msgs/local/lib/python3.10/dist-packages/yolo_msgs/msg/_detection_s.c
[1.111s] -- Up-to-date symlink: /home/rosdev/ros2_ws/install/yolo_msgs/local/lib/python3.10/dist-packages/yolo_msgs/msg/_key_point2_d.py
[1.111s] -- Up-to-date symlink: /home/rosdev/ros2_ws/install/yolo_msgs/local/lib/python3.10/dist-packages/yolo_msgs/msg/_key_point2_d_array.py
[1.111s] -- Up-to-date symlink: /home/rosdev/ros2_ws/install/yolo_msgs/local/lib/python3.10/dist-packages/yolo_msgs/msg/_key_point2_d_array_s.c
[1.111s] -- Up-to-date symlink: /home/rosdev/ros2_ws/install/yolo_msgs/local/lib/python3.10/dist-packages/yolo_msgs/msg/_key_point2_d_s.c
[1.111s] -- Up-to-date symlink: /home/rosdev/ros2_ws/install/yolo_msgs/local/lib/python3.10/dist-packages/yolo_msgs/msg/_key_point3_d.py
[1.111s] -- Up-to-date symlink: /home/rosdev/ros2_ws/install/yolo_msgs/local/lib/python3.10/dist-packages/yolo_msgs/msg/_key_point3_d_array.py
[1.112s] -- Up-to-date symlink: /home/rosdev/ros2_ws/install/yolo_msgs/local/lib/python3.10/dist-packages/yolo_msgs/msg/_key_point3_d_array_s.c
[1.112s] -- Up-to-date symlink: /home/rosdev/ros2_ws/install/yolo_msgs/local/lib/python3.10/dist-packages/yolo_msgs/msg/_key_point3_d_s.c
[1.112s] -- Up-to-date symlink: /home/rosdev/ros2_ws/install/yolo_msgs/local/lib/python3.10/dist-packages/yolo_msgs/msg/_mask.py
[1.112s] -- Up-to-date symlink: /home/rosdev/ros2_ws/install/yolo_msgs/local/lib/python3.10/dist-packages/yolo_msgs/msg/_mask_s.c
[1.121s] -- Up-to-date symlink: /home/rosdev/ros2_ws/install/yolo_msgs/local/lib/python3.10/dist-packages/yolo_msgs/msg/_point2_d.py
[1.121s] -- Up-to-date symlink: /home/rosdev/ros2_ws/install/yolo_msgs/local/lib/python3.10/dist-packages/yolo_msgs/msg/_point2_d_s.c
[1.121s] -- Up-to-date symlink: /home/rosdev/ros2_ws/install/yolo_msgs/local/lib/python3.10/dist-packages/yolo_msgs/msg/_pose2_d.py
[1.122s] -- Up-to-date symlink: /home/rosdev/ros2_ws/install/yolo_msgs/local/lib/python3.10/dist-packages/yolo_msgs/msg/_pose2_d_s.c
[1.122s] -- Up-to-date symlink: /home/rosdev/ros2_ws/install/yolo_msgs/local/lib/python3.10/dist-packages/yolo_msgs/msg/_vector2.py
[1.122s] -- Up-to-date symlink: /home/rosdev/ros2_ws/install/yolo_msgs/local/lib/python3.10/dist-packages/yolo_msgs/msg/_vector2_s.c
[1.122s] -- Up-to-date symlink: /home/rosdev/ros2_ws/install/yolo_msgs/local/lib/python3.10/dist-packages/yolo_msgs/srv/__init__.py
[1.122s] -- Up-to-date symlink: /home/rosdev/ros2_ws/install/yolo_msgs/local/lib/python3.10/dist-packages/yolo_msgs/srv/_set_classes.py
[1.123s] -- Up-to-date symlink: /home/rosdev/ros2_ws/install/yolo_msgs/local/lib/python3.10/dist-packages/yolo_msgs/srv/_set_classes_s.c
[1.123s] -- Up-to-date symlink: /home/rosdev/ros2_ws/install/yolo_msgs/local/lib/python3.10/dist-packages/yolo_msgs/yolo_msgs_s__rosidl_typesupport_c.cpython-310-aarch64-linux-gnu.so
[1.123s] -- Up-to-date symlink: /home/rosdev/ros2_ws/install/yolo_msgs/local/lib/python3.10/dist-packages/yolo_msgs/yolo_msgs_s__rosidl_typesupport_fastrtps_c.cpython-310-aarch64-linux-gnu.so
[1.123s] -- Up-to-date symlink: /home/rosdev/ros2_ws/install/yolo_msgs/local/lib/python3.10/dist-packages/yolo_msgs/yolo_msgs_s__rosidl_typesupport_introspection_c.cpython-310-aarch64-linux-gnu.so
[1.123s] -- Up-to-date symlink: /home/rosdev/ros2_ws/install/yolo_msgs/local/lib/python3.10/dist-packages/yolo_msgs/yolo_msgs_s__rosidl_typesupport_fastrtps_c.cpython-310-aarch64-linux-gnu.so
[1.124s] -- Up-to-date symlink: /home/rosdev/ros2_ws/install/yolo_msgs/local/lib/python3.10/dist-packages/yolo_msgs/yolo_msgs_s__rosidl_typesupport_introspection_c.cpython-310-aarch64-linux-gnu.so
[1.124s] -- Up-to-date symlink: /home/rosdev/ros2_ws/install/yolo_msgs/local/lib/python3.10/dist-packages/yolo_msgs/yolo_msgs_s__rosidl_typesupport_c.cpython-310-aarch64-linux-gnu.so
[1.124s] -- Up-to-date symlink: /home/rosdev/ros2_ws/install/yolo_msgs/share/yolo_msgs/msg/Point2D.idl
[1.124s] -- Up-to-date symlink: /home/rosdev/ros2_ws/install/yolo_msgs/share/yolo_msgs/msg/Vector2.idl
[1.125s] -- Up-to-date symlink: /home/rosdev/ros2_ws/install/yolo_msgs/share/yolo_msgs/msg/Pose2D.idl
[1.125s] -- Up-to-date symlink: /home/rosdev/ros2_ws/install/yolo_msgs/share/yolo_msgs/msg/BoundingBox2D.idl
[1.126s] -- Up-to-date symlink: /home/rosdev/ros2_ws/install/yolo_msgs/share/yolo_msgs/msg/BoundingBox3D.idl
[1.126s] -- Up-to-date symlink: /home/rosdev/ros2_ws/install/yolo_msgs/share/yolo_msgs/msg/Mask.idl
[1.126s] -- Up-to-date symlink: /home/rosdev/ros2_ws/install/yolo_msgs/share/yolo_msgs/msg/KeyPoint2D.idl
[1.127s] -- Up-to-date symlink: /home/rosdev/ros2_ws/install/yolo_msgs/share/yolo_msgs/msg/KeyPoint2DArray.idl
[1.127s] -- Up-to-date symlink: /home/rosdev/ros2_ws/install/yolo_msgs/share/yolo_msgs/msg/KeyPoint3D.idl
[1.127s] -- Up-to-date symlink: /home/rosdev/ros2_ws/install/yolo_msgs/share/yolo_msgs/msg/KeyPoint3DArray.idl
[1.127s] -- Up-to-date symlink: /home/rosdev/ros2_ws/install/yolo_msgs/share/yolo_msgs/msg/Detection.idl
[1.128s] -- Up-to-date symlink: /home/rosdev/ros2_ws/install/yolo_msgs/share/yolo_msgs/msg/DetectionArray.idl
[1.129s] -- Up-to-date symlink: /home/rosdev/ros2_ws/install/yolo_msgs/share/yolo_msgs/srv/SetClasses.idl
[1.147s] -- Up-to-date symlink: /home/rosdev/ros2_ws/install/yolo_msgs/share/yolo_msgs/msg/Point2D.msg
[1.147s] -- Up-to-date symlink: /home/rosdev/ros2_ws/install/yolo_msgs/share/yolo_msgs/msg/Vector2.msg
[1.148s] -- Up-to-date symlink: /home/rosdev/ros2_ws/install/yolo_msgs/share/yolo_msgs/msg/Pose2D.msg
[1.148s] -- Up-to-date symlink: /home/rosdev/ros2_ws/install/yolo_msgs/share/yolo_msgs/msg/BoundingBox2D.msg
[1.148s] -- Up-to-date symlink: /home/rosdev/ros2_ws/install/yolo_msgs/share/yolo_msgs/msg/BoundingBox3D.msg
[1.148s] -- Up-to-date symlink: /home/rosdev/ros2_ws/install/yolo_msgs/share/yolo_msgs/msg/Mask.msg
[1.149s] -- Up-to-date symlink: /home/rosdev/ros2_ws/install/yolo_msgs/share/yolo_msgs/msg/KeyPoint2D.msg
[1.150s] -- Up-to-date symlink: /home/rosdev/ros2_ws/install/yolo_msgs/share/yolo_msgs/msg/KeyPoint2DArray.msg
[1.150s] -- Up-to-date symlink: /home/rosdev/ros2_ws/install/yolo_msgs/share/yolo_msgs/msg/KeyPoint3D.msg
[1.150s] -- Up-to-date symlink: /home/rosdev/ros2_ws/install/yolo_msgs/share/yolo_msgs/msg/KeyPoint3DArray.msg
[1.150s] -- Up-to-date symlink: /home/rosdev/ros2_ws/install/yolo_msgs/share/yolo_msgs/msg/Detection.msg
[1.152s] -- Up-to-date symlink: /home/rosdev/ros2_ws/install/yolo_msgs/share/yolo_msgs/msg/DetectionArray.msg
[1.152s] -- Up-to-date symlink: /home/rosdev/ros2_ws/install/yolo_msgs/share/yolo_msgs/srv/SetClasses.srv
[1.152s] -- Up-to-date symlink: /home/rosdev/ros2_ws/install/yolo_msgs/share/yolo_msgs/srv/SetClasses_Request.msg
[1.152s] -- Up-to-date symlink: /home/rosdev/ros2_ws/install/yolo_msgs/share/yolo_msgs/srv/SetClasses_Response.msg
[1.153s] -- Up-to-date symlink: /home/rosdev/ros2_ws/install/yolo_msgs/share/ament_index/resource_index/package_run_dependencies/yolo_msgs
[1.155s] -- Up-to-date symlink: /home/rosdev/ros2_ws/install/yolo_msgs/share/ament_index/resource_index/parent_prefix_path/yolo_msgs
[1.155s] -- Up-to-date symlink: /home/rosdev/ros2_ws/install/yolo_msgs/share/yolo_msgs/environment/ament_prefix_path.sh
[1.155s] -- Up-to-date symlink: /home/rosdev/ros2_ws/install/yolo_msgs/share/yolo_msgs/environment/ament_prefix_path.dsv
[1.155s] -- Up-to-date symlink: /home/rosdev/ros2_ws/install/yolo_msgs/share/yolo_msgs/environment/path.sh
[1.156s] -- Up-to-date symlink: /home/rosdev/ros2_ws/install/yolo_msgs/share/yolo_msgs/environment/path.dsv
[1.157s] -- Up-to-date symlink: /home/rosdev/ros2_ws/install/yolo_msgs/share/yolo_msgs/local_setup.bash
[1.160s] -- Up-to-date symlink: /home/rosdev/ros2_ws/install/yolo_msgs/share/yolo_msgs/local_setup.sh
[1.160s] -- Up-to-date symlink: /home/rosdev/ros2_ws/install/yolo_msgs/share/yolo_msgs/local_setup.zsh
[1.165s] -- Up-to-date symlink: /home/rosdev/ros2_ws/install/yolo_msgs/share/yolo_msgs/local_setup.dsv
[1.166s] -- Symlinking: /home/rosdev/ros2_ws/install/yolo_msgs/share/yolo_msgs/package.dsv
[1.173s] -- Up-to-date symlink: /home/rosdev/ros2_ws/install/yolo_msgs/share/ament_index/resource_index/packages/yolo_msgs
[1.173s] -- Up-to-date symlink: /home/rosdev/ros2_ws/install/yolo_msgs/share/yolo_msgs/cmake/rosidl_cmake-extras.cmake
[1.173s] -- Up-to-date symlink: /home/rosdev/ros2_ws/install/yolo_msgs/share/yolo_msgs/cmake/ament_cmake_export_dependencies-extras.cmake
[1.173s] -- Up-to-date symlink: /home/rosdev/ros2_ws/install/yolo_msgs/share/yolo_msgs/cmake/ament_cmake_export_include_directories-extras.cmake
[1.174s] -- Up-to-date symlink: /home/rosdev/ros2_ws/install/yolo_msgs/share/yolo_msgs/cmake/ament_cmake_export_libraries-extras.cmake
[1.174s] -- Up-to-date symlink: /home/rosdev/ros2_ws/install/yolo_msgs/share/yolo_msgs/cmake/ament_cmake_export_targets-extras.cmake
[1.174s] -- Up-to-date symlink: /home/rosdev/ros2_ws/install/yolo_msgs/share/yolo_msgs/cmake/rosidl_cmake_export_typesupport_targets-extras.cmake
[1.174s] -- Up-to-date symlink: /home/rosdev/ros2_ws/install/yolo_msgs/share/yolo_msgs/cmake/rosidl_cmake_export_typesupport_libraries-extras.cmake
[1.175s] -- Up-to-date symlink: /home/rosdev/ros2_ws/install/yolo_msgs/share/yolo_msgs/cmake/yolo_msgsConfig.cmake
[1.176s] -- Up-to-date symlink: /home/rosdev/ros2_ws/install/yolo_msgs/share/yolo_msgs/cmake/yolo_msgsConfig-version.cmake
[1.180s] -- Up-to-date symlink: /home/rosdev/ros2_ws/install/yolo_msgs/share/yolo_msgs/package.xml
[1.180s] -- Up-to-date: /home/rosdev/ros2_ws/install/yolo_msgs/lib/libyolo_msgs__rosidl_generator_c.so
[1.180s] -- Up-to-date: /home/rosdev/ros2_ws/install/yolo_msgs/lib/libyolo_msgs__rosidl_typesupport_fastrtps_c.so
[1.181s] -- Up-to-date: /home/rosdev/ros2_ws/install/yolo_msgs/lib/libyolo_msgs__rosidl_typesupport_introspection_c.so
[1.182s] -- Up-to-date: /home/rosdev/ros2_ws/install/yolo_msgs/lib/libyolo_msgs__rosidl_typesupport_c.so
[1.182s] -- Up-to-date: /home/rosdev/ros2_ws/install/yolo_msgs/lib/libyolo_msgs__rosidl_typesupport_fastrtps_cpp.so
[1.183s] -- Up-to-date: /home/rosdev/ros2_ws/install/yolo_msgs/lib/libyolo_msgs__rosidl_typesupport_introspection_cpp.so
[1.184s] -- Up-to-date: /home/rosdev/ros2_ws/install/yolo_msgs/lib/libyolo_msgs__rosidl_typesupport_cpp.so
[1.224s] Listing '/home/rosdev/ros2_ws/install/yolo_msgs/local/lib/python3.10/dist-packages/yolo_msgs'...
[1.225s] Listing '/home/rosdev/ros2_ws/install/yolo_msgs/local/lib/python3.10/dist-packages/yolo_msgs/msg'...
[1.225s] Listing '/home/rosdev/ros2_ws/install/yolo_msgs/local/lib/python3.10/dist-packages/yolo_msgs/srv'...
[1.234s] -- Up-to-date: /home/rosdev/ros2_ws/install/yolo_msgs/lib/libyolo_msgs__rosidl_generator_py.so
[1.236s] -- Up-to-date: /home/rosdev/ros2_ws/install/yolo_msgs/share/yolo_msgs/cmake/export_yolo_msgs__rosidl_generator_cExport.cmake
[1.236s] -- Up-to-date: /home/rosdev/ros2_ws/install/yolo_msgs/share/yolo_msgs/cmake/export_yolo_msgs__rosidl_generator_cExport-noconfig.cmake
[1.236s] -- Up-to-date: /home/rosdev/ros2_ws/install/yolo_msgs/share/yolo_msgs/cmake/export_yolo_msgs__rosidl_typesupport_fastrtps_cExport.cmake
[1.236s] -- Up-to-date: /home/rosdev/ros2_ws/install/yolo_msgs/share/yolo_msgs/cmake/export_yolo_msgs__rosidl_typesupport_fastrtps_cExport-noconfig.cmake
[1.237s] -- Up-to-date: /home/rosdev/ros2_ws/install/yolo_msgs/share/yolo_msgs/cmake/yolo_msgs__rosidl_typesupport_introspection_cExport.cmake
[1.237s] -- Up-to-date: /home/rosdev/ros2_ws/install/yolo_msgs/share/yolo_msgs/cmake/yolo_msgs__rosidl_typesupport_introspection_cExport-noconfig.cmake
[1.237s] -- Up-to-date: /home/rosdev/ros2_ws/install/yolo_msgs/share/yolo_msgs/cmake/yolo_msgs__rosidl_typesupport_cExport.cmake
[1.237s] -- Up-to-date: /home/rosdev/ros2_ws/install/yolo_msgs/share/yolo_msgs/cmake/yolo_msgs__rosidl_typesupport_cExport-noconfig.cmake
[1.237s] -- Up-to-date: /home/rosdev/ros2_ws/install/yolo_msgs/share/yolo_msgs/cmake/export_yolo_msgs__rosidl_generator_cppExport.cmake
[1.237s] -- Up-to-date: /home/rosdev/ros2_ws/install/yolo_msgs/share/yolo_msgs/cmake/export_yolo_msgs__rosidl_typesupport_fastrtps_cppExport.cmake
[1.237s] -- Up-to-date: /home/rosdev/ros2_ws/install/yolo_msgs/share/yolo_msgs/cmake/export_yolo_msgs__rosidl_typesupport_fastrtps_cppExport-noconfig.cmake
[1.237s] -- Up-to-date: /home/rosdev/ros2_ws/install/yolo_msgs/share/yolo_msgs/cmake/yolo_msgs__rosidl_typesupport_introspection_cppExport.cmake
[1.237s] -- Up-to-date: /home/rosdev/ros2_ws/install/yolo_msgs/share/yolo_msgs/cmake/yolo_msgs__rosidl_typesupport_introspection_cppExport-noconfig.cmake
[1.237s] -- Up-to-date: /home/rosdev/ros2_ws/install/yolo_msgs/share/yolo_msgs/cmake/yolo_msgs__rosidl_typesupport_cppExport.cmake
[1.237s] -- Up-to-date: /home/rosdev/ros2_ws/install/yolo_msgs/share/yolo_msgs/cmake/yolo_msgs__rosidl_typesupport_cppExport-noconfig.cmake
[1.238s] -- Up-to-date: /home/rosdev/ros2_ws/install/yolo_msgs/share/yolo_msgs/cmake/export_yolo_msgs__rosidl_generator_pyExport.cmake
[1.238s] -- Up-to-date: /home/rosdev/ros2_ws/install/yolo_msgs/share/yolo_msgs/cmake/export_yolo_msgs__rosidl_generator_pyExport-noconfig.cmake
[1.326s] Invoked command in '/home/rosdev/ros2_ws/build/yolo_msgs' returned '0': CMAKE_PREFIX_PATH=${CMAKE_PREFIX_PATH}:/home/rosdev/ros2_ws/install/yolov8_tf_node:/home/rosdev/ros2_ws/install/yolo_ros:/home/rosdev/ros2_ws/install/tf2_tools:/home/rosdev/ros2_ws/install/examples_tf2_py:/home/rosdev/ros2_ws/install/tf2_ros_py:/home/rosdev/ros2_ws/install/aruco_realsense_ros:/home/rosdev/ros2_ws/install/opencv_tests:/opt/ros/humble /usr/bin/cmake --install /home/rosdev/ros2_ws/build/yolo_msgs
