[0.055s] Invoking command in '/home/rosdev/ros2_ws/build/tf2_bullet': AMENT_PREFIX_PATH=/home/rosdev/ros2_ws/install/tf2_ros:/home/rosdev/ros2_ws/install/tf2_msgs:/home/rosdev/ros2_ws/install/tf2:${AMENT_PREFIX_PATH} CMAKE_PREFIX_PATH=/home/rosdev/ros2_ws/install/tf2_ros:/home/rosdev/ros2_ws/install/tf2_msgs:/home/rosdev/ros2_ws/install/tf2:/opt/ros/humble LD_LIBRARY_PATH=/home/rosdev/ros2_ws/install/tf2_ros/lib:/home/rosdev/ros2_ws/install/tf2_msgs/lib:/home/rosdev/ros2_ws/install/tf2/lib:${LD_LIBRARY_PATH} PYTHONPATH=/home/rosdev/ros2_ws/install/tf2_msgs/local/lib/python3.10/dist-packages:${PYTHONPATH} /usr/bin/cmake --build /home/rosdev/ros2_ws/build/tf2_bullet -- -j12 -l12
[0.166s] [35m[1mConsolidate compiler generated dependencies of target gtest[0m
[0.175s] [35m[1mConsolidate compiler generated dependencies of target gtest_main[0m
[0.222s] [ 33%] Built target gtest_main
[0.229s] [ 66%] Built target gtest
[0.247s] [35m[1mConsolidate compiler generated dependencies of target test_bullet[0m
[0.295s] [100%] Built target test_bullet
[0.323s] Invoked command in '/home/rosdev/ros2_ws/build/tf2_bullet' returned '0': AMENT_PREFIX_PATH=/home/rosdev/ros2_ws/install/tf2_ros:/home/rosdev/ros2_ws/install/tf2_msgs:/home/rosdev/ros2_ws/install/tf2:${AMENT_PREFIX_PATH} CMAKE_PREFIX_PATH=/home/rosdev/ros2_ws/install/tf2_ros:/home/rosdev/ros2_ws/install/tf2_msgs:/home/rosdev/ros2_ws/install/tf2:/opt/ros/humble LD_LIBRARY_PATH=/home/rosdev/ros2_ws/install/tf2_ros/lib:/home/rosdev/ros2_ws/install/tf2_msgs/lib:/home/rosdev/ros2_ws/install/tf2/lib:${LD_LIBRARY_PATH} PYTHONPATH=/home/rosdev/ros2_ws/install/tf2_msgs/local/lib/python3.10/dist-packages:${PYTHONPATH} /usr/bin/cmake --build /home/rosdev/ros2_ws/build/tf2_bullet -- -j12 -l12
[0.326s] Invoking command in '/home/rosdev/ros2_ws/build/tf2_bullet': AMENT_PREFIX_PATH=/home/rosdev/ros2_ws/install/tf2_ros:/home/rosdev/ros2_ws/install/tf2_msgs:/home/rosdev/ros2_ws/install/tf2:${AMENT_PREFIX_PATH} CMAKE_PREFIX_PATH=/home/rosdev/ros2_ws/install/tf2_ros:/home/rosdev/ros2_ws/install/tf2_msgs:/home/rosdev/ros2_ws/install/tf2:/opt/ros/humble LD_LIBRARY_PATH=/home/rosdev/ros2_ws/install/tf2_ros/lib:/home/rosdev/ros2_ws/install/tf2_msgs/lib:/home/rosdev/ros2_ws/install/tf2/lib:${LD_LIBRARY_PATH} PYTHONPATH=/home/rosdev/ros2_ws/install/tf2_msgs/local/lib/python3.10/dist-packages:${PYTHONPATH} /usr/bin/cmake --install /home/rosdev/ros2_ws/build/tf2_bullet
[0.343s] -- Install configuration: ""
[0.345s] -- Execute custom install script
[0.346s] -- Up-to-date symlink: /home/rosdev/ros2_ws/install/tf2_bullet/include/tf2_bullet/tf2_bullet/tf2_bullet.h
[0.346s] -- Up-to-date symlink: /home/rosdev/ros2_ws/install/tf2_bullet/include/tf2_bullet/tf2_bullet/tf2_bullet.hpp
[0.347s] -- Up-to-date symlink: /home/rosdev/ros2_ws/install/tf2_bullet/share/ament_index/resource_index/package_run_dependencies/tf2_bullet
[0.347s] -- Up-to-date symlink: /home/rosdev/ros2_ws/install/tf2_bullet/share/ament_index/resource_index/parent_prefix_path/tf2_bullet
[0.347s] -- Up-to-date symlink: /home/rosdev/ros2_ws/install/tf2_bullet/share/tf2_bullet/environment/ament_prefix_path.sh
[0.347s] -- Up-to-date symlink: /home/rosdev/ros2_ws/install/tf2_bullet/share/tf2_bullet/environment/ament_prefix_path.dsv
[0.347s] -- Up-to-date symlink: /home/rosdev/ros2_ws/install/tf2_bullet/share/tf2_bullet/environment/path.sh
[0.347s] -- Up-to-date symlink: /home/rosdev/ros2_ws/install/tf2_bullet/share/tf2_bullet/environment/path.dsv
[0.349s] -- Up-to-date symlink: /home/rosdev/ros2_ws/install/tf2_bullet/share/tf2_bullet/local_setup.bash
[0.350s] -- Up-to-date symlink: /home/rosdev/ros2_ws/install/tf2_bullet/share/tf2_bullet/local_setup.sh
[0.350s] -- Up-to-date symlink: /home/rosdev/ros2_ws/install/tf2_bullet/share/tf2_bullet/local_setup.zsh
[0.350s] -- Up-to-date symlink: /home/rosdev/ros2_ws/install/tf2_bullet/share/tf2_bullet/local_setup.dsv
[0.350s] -- Symlinking: /home/rosdev/ros2_ws/install/tf2_bullet/share/tf2_bullet/package.dsv
[0.374s] -- Up-to-date symlink: /home/rosdev/ros2_ws/install/tf2_bullet/share/ament_index/resource_index/packages/tf2_bullet
[0.378s] -- Up-to-date symlink: /home/rosdev/ros2_ws/install/tf2_bullet/share/tf2_bullet/cmake/bullet-extras.cmake
[0.378s] -- Up-to-date symlink: /home/rosdev/ros2_ws/install/tf2_bullet/share/tf2_bullet/cmake/ament_cmake_export_targets-extras.cmake
[0.381s] -- Up-to-date symlink: /home/rosdev/ros2_ws/install/tf2_bullet/share/tf2_bullet/cmake/tf2_bulletConfig.cmake
[0.381s] -- Up-to-date symlink: /home/rosdev/ros2_ws/install/tf2_bullet/share/tf2_bullet/cmake/tf2_bulletConfig-version.cmake
[0.381s] -- Up-to-date symlink: /home/rosdev/ros2_ws/install/tf2_bullet/share/tf2_bullet/package.xml
[0.382s] -- Up-to-date: /home/rosdev/ros2_ws/install/tf2_bullet/share/tf2_bullet/cmake/export_tf2_bulletExport.cmake
[0.426s] Invoked command in '/home/rosdev/ros2_ws/build/tf2_bullet' returned '0': AMENT_PREFIX_PATH=/home/rosdev/ros2_ws/install/tf2_ros:/home/rosdev/ros2_ws/install/tf2_msgs:/home/rosdev/ros2_ws/install/tf2:${AMENT_PREFIX_PATH} CMAKE_PREFIX_PATH=/home/rosdev/ros2_ws/install/tf2_ros:/home/rosdev/ros2_ws/install/tf2_msgs:/home/rosdev/ros2_ws/install/tf2:/opt/ros/humble LD_LIBRARY_PATH=/home/rosdev/ros2_ws/install/tf2_ros/lib:/home/rosdev/ros2_ws/install/tf2_msgs/lib:/home/rosdev/ros2_ws/install/tf2/lib:${LD_LIBRARY_PATH} PYTHONPATH=/home/rosdev/ros2_ws/install/tf2_msgs/local/lib/python3.10/dist-packages:${PYTHONPATH} /usr/bin/cmake --install /home/rosdev/ros2_ws/build/tf2_bullet
