[0.026s] Invoking command in '/home/rosdev/ros2_ws/build/tf2_py': AMENT_PREFIX_PATH=/home/rosdev/ros2_ws/install/tf2:${AMENT_PREFIX_PATH} CMAKE_PREFIX_PATH=/home/rosdev/ros2_ws/install/tf2:/opt/ros/humble LD_LIBRARY_PATH=/home/rosdev/ros2_ws/install/tf2/lib:${LD_LIBRARY_PATH} /usr/bin/cmake --build /home/rosdev/ros2_ws/build/tf2_py -- -j12 -l12
[0.161s] [100%] Built target _tf2_py
[0.168s] [100%] Built target ament_cmake_python_copy_tf2_py
[0.524s] running egg_info
[0.526s] writing tf2_py.egg-info/PKG-INFO
[0.527s] writing dependency_links to tf2_py.egg-info/dependency_links.txt
[0.528s] writing top-level names to tf2_py.egg-info/top_level.txt
[0.531s] reading manifest file 'tf2_py.egg-info/SOURCES.txt'
[0.532s] writing manifest file 'tf2_py.egg-info/SOURCES.txt'
[0.598s] [100%] Built target ament_cmake_python_build_tf2_py_egg
[0.966s] Invoked command in '/home/rosdev/ros2_ws/build/tf2_py' returned '0': AMENT_PREFIX_PATH=/home/rosdev/ros2_ws/install/tf2:${AMENT_PREFIX_PATH} CMAKE_PREFIX_PATH=/home/rosdev/ros2_ws/install/tf2:/opt/ros/humble LD_LIBRARY_PATH=/home/rosdev/ros2_ws/install/tf2/lib:${LD_LIBRARY_PATH} /usr/bin/cmake --build /home/rosdev/ros2_ws/build/tf2_py -- -j12 -l12
[0.966s] Invoking command in '/home/rosdev/ros2_ws/build/tf2_py': AMENT_PREFIX_PATH=/home/rosdev/ros2_ws/install/tf2:${AMENT_PREFIX_PATH} CMAKE_PREFIX_PATH=/home/rosdev/ros2_ws/install/tf2:/opt/ros/humble LD_LIBRARY_PATH=/home/rosdev/ros2_ws/install/tf2/lib:${LD_LIBRARY_PATH} /usr/bin/cmake --install /home/rosdev/ros2_ws/build/tf2_py
[0.978s] -- Install configuration: ""
[0.978s] -- Up-to-date: /home/rosdev/ros2_ws/install/tf2_py/share/tf2_py/environment/pythonpath.sh
[0.978s] -- Up-to-date: /home/rosdev/ros2_ws/install/tf2_py/share/tf2_py/environment/pythonpath.dsv
[0.978s] -- Up-to-date: /home/rosdev/ros2_ws/install/tf2_py/local/lib/python3.10/dist-packages/tf2_py-0.25.7-py3.10.egg-info
[0.978s] -- Installing: /home/rosdev/ros2_ws/install/tf2_py/local/lib/python3.10/dist-packages/tf2_py-0.25.7-py3.10.egg-info/dependency_links.txt
[0.979s] -- Installing: /home/rosdev/ros2_ws/install/tf2_py/local/lib/python3.10/dist-packages/tf2_py-0.25.7-py3.10.egg-info/PKG-INFO
[0.979s] -- Installing: /home/rosdev/ros2_ws/install/tf2_py/local/lib/python3.10/dist-packages/tf2_py-0.25.7-py3.10.egg-info/SOURCES.txt
[0.979s] -- Installing: /home/rosdev/ros2_ws/install/tf2_py/local/lib/python3.10/dist-packages/tf2_py-0.25.7-py3.10.egg-info/top_level.txt
[0.980s] -- Up-to-date: /home/rosdev/ros2_ws/install/tf2_py/local/lib/python3.10/dist-packages/tf2_py
[0.980s] -- Up-to-date: /home/rosdev/ros2_ws/install/tf2_py/local/lib/python3.10/dist-packages/tf2_py/__init__.py
[1.065s] Listing '/home/rosdev/ros2_ws/install/tf2_py/local/lib/python3.10/dist-packages/tf2_py'...
[1.066s] -- Up-to-date: /home/rosdev/ros2_ws/install/tf2_py/local/lib/python3.10/dist-packages/tf2_py/_tf2_py.so
[1.066s] -- Up-to-date: /home/rosdev/ros2_ws/install/tf2_py/share/ament_index/resource_index/package_run_dependencies/tf2_py
[1.066s] -- Up-to-date: /home/rosdev/ros2_ws/install/tf2_py/share/ament_index/resource_index/parent_prefix_path/tf2_py
[1.066s] -- Up-to-date: /home/rosdev/ros2_ws/install/tf2_py/share/tf2_py/environment/ament_prefix_path.sh
[1.066s] -- Up-to-date: /home/rosdev/ros2_ws/install/tf2_py/share/tf2_py/environment/ament_prefix_path.dsv
[1.066s] -- Up-to-date: /home/rosdev/ros2_ws/install/tf2_py/share/tf2_py/environment/path.sh
[1.066s] -- Up-to-date: /home/rosdev/ros2_ws/install/tf2_py/share/tf2_py/environment/path.dsv
[1.066s] -- Up-to-date: /home/rosdev/ros2_ws/install/tf2_py/share/tf2_py/local_setup.bash
[1.066s] -- Up-to-date: /home/rosdev/ros2_ws/install/tf2_py/share/tf2_py/local_setup.sh
[1.066s] -- Up-to-date: /home/rosdev/ros2_ws/install/tf2_py/share/tf2_py/local_setup.zsh
[1.067s] -- Up-to-date: /home/rosdev/ros2_ws/install/tf2_py/share/tf2_py/local_setup.dsv
[1.067s] -- Installing: /home/rosdev/ros2_ws/install/tf2_py/share/tf2_py/package.dsv
[1.067s] -- Up-to-date: /home/rosdev/ros2_ws/install/tf2_py/share/ament_index/resource_index/packages/tf2_py
[1.067s] -- Up-to-date: /home/rosdev/ros2_ws/install/tf2_py/share/tf2_py/cmake/tf2_pyConfig.cmake
[1.067s] -- Up-to-date: /home/rosdev/ros2_ws/install/tf2_py/share/tf2_py/cmake/tf2_pyConfig-version.cmake
[1.067s] -- Up-to-date: /home/rosdev/ros2_ws/install/tf2_py/share/tf2_py/package.xml
[1.089s] Invoked command in '/home/rosdev/ros2_ws/build/tf2_py' returned '0': AMENT_PREFIX_PATH=/home/rosdev/ros2_ws/install/tf2:${AMENT_PREFIX_PATH} CMAKE_PREFIX_PATH=/home/rosdev/ros2_ws/install/tf2:/opt/ros/humble LD_LIBRARY_PATH=/home/rosdev/ros2_ws/install/tf2/lib:${LD_LIBRARY_PATH} /usr/bin/cmake --install /home/rosdev/ros2_ws/build/tf2_py
