[0.950s] Invoking command in '/home/rosdev/ros2_ws/src/yolo_ros/yolo_ros': AMENT_PREFIX_PATH=/home/rosdev/ros2_ws/install/yolo_msgs:${AMENT_PREFIX_PATH} CMAKE_PREFIX_PATH=/home/rosdev/ros2_ws/install/yolo_msgs LD_LIBRARY_PATH=/home/rosdev/ros2_ws/install/yolo_msgs/lib:${LD_LIBRARY_PATH} PYTHONPATH=/home/rosdev/ros2_ws/build/yolo_ros/prefix_override:/usr/lib/python3/dist-packages/colcon_core/task/python/colcon_distutils_commands:/home/rosdev/ros2_ws/install/yolo_ros/lib/python3.10/site-packages:/home/rosdev/ros2_ws/install/yolo_msgs/local/lib/python3.10/dist-packages:${PYTHONPATH} /usr/bin/python3 -W ignore:setup.py install is deprecated -W ignore:easy_install command is deprecated setup.py egg_info --egg-base ../../../build/yolo_ros build --build-base /home/rosdev/ros2_ws/build/yolo_ros/build install --record /home/rosdev/ros2_ws/build/yolo_ros/install.log --single-version-externally-managed install_data
[1.255s] running egg_info
[1.257s] creating ../../../build/yolo_ros/yolo_ros.egg-info
[1.257s] writing ../../../build/yolo_ros/yolo_ros.egg-info/PKG-INFO
[1.257s] writing dependency_links to ../../../build/yolo_ros/yolo_ros.egg-info/dependency_links.txt
[1.258s] writing entry points to ../../../build/yolo_ros/yolo_ros.egg-info/entry_points.txt
[1.258s] writing requirements to ../../../build/yolo_ros/yolo_ros.egg-info/requires.txt
[1.258s] writing top-level names to ../../../build/yolo_ros/yolo_ros.egg-info/top_level.txt
[1.259s] writing manifest file '../../../build/yolo_ros/yolo_ros.egg-info/SOURCES.txt'
[1.261s] reading manifest file '../../../build/yolo_ros/yolo_ros.egg-info/SOURCES.txt'
[1.262s] writing manifest file '../../../build/yolo_ros/yolo_ros.egg-info/SOURCES.txt'
[1.262s] running build
[1.263s] running build_py
[1.263s] creating /home/rosdev/ros2_ws/build/yolo_ros/build
[1.263s] creating /home/rosdev/ros2_ws/build/yolo_ros/build/lib
[1.263s] creating /home/rosdev/ros2_ws/build/yolo_ros/build/lib/yolo_ros
[1.263s] copying yolo_ros/yolo_node.py -> /home/rosdev/ros2_ws/build/yolo_ros/build/lib/yolo_ros
[1.263s] copying yolo_ros/detect_3d_node.py -> /home/rosdev/ros2_ws/build/yolo_ros/build/lib/yolo_ros
[1.264s] copying yolo_ros/__init__.py -> /home/rosdev/ros2_ws/build/yolo_ros/build/lib/yolo_ros
[1.264s] copying yolo_ros/tracking_node.py -> /home/rosdev/ros2_ws/build/yolo_ros/build/lib/yolo_ros
[1.264s] copying yolo_ros/debug_node.py -> /home/rosdev/ros2_ws/build/yolo_ros/build/lib/yolo_ros
[1.264s] running install
[1.265s] running install_lib
[1.266s] creating /home/rosdev/ros2_ws/install/yolo_ros/lib/python3.10/site-packages/yolo_ros
[1.267s] copying /home/rosdev/ros2_ws/build/yolo_ros/build/lib/yolo_ros/yolo_node.py -> /home/rosdev/ros2_ws/install/yolo_ros/lib/python3.10/site-packages/yolo_ros
[1.267s] copying /home/rosdev/ros2_ws/build/yolo_ros/build/lib/yolo_ros/detect_3d_node.py -> /home/rosdev/ros2_ws/install/yolo_ros/lib/python3.10/site-packages/yolo_ros
[1.267s] copying /home/rosdev/ros2_ws/build/yolo_ros/build/lib/yolo_ros/__init__.py -> /home/rosdev/ros2_ws/install/yolo_ros/lib/python3.10/site-packages/yolo_ros
[1.267s] copying /home/rosdev/ros2_ws/build/yolo_ros/build/lib/yolo_ros/tracking_node.py -> /home/rosdev/ros2_ws/install/yolo_ros/lib/python3.10/site-packages/yolo_ros
[1.267s] copying /home/rosdev/ros2_ws/build/yolo_ros/build/lib/yolo_ros/debug_node.py -> /home/rosdev/ros2_ws/install/yolo_ros/lib/python3.10/site-packages/yolo_ros
[1.269s] byte-compiling /home/rosdev/ros2_ws/install/yolo_ros/lib/python3.10/site-packages/yolo_ros/yolo_node.py to yolo_node.cpython-310.pyc
[1.276s] byte-compiling /home/rosdev/ros2_ws/install/yolo_ros/lib/python3.10/site-packages/yolo_ros/detect_3d_node.py to detect_3d_node.cpython-310.pyc
[1.279s] byte-compiling /home/rosdev/ros2_ws/install/yolo_ros/lib/python3.10/site-packages/yolo_ros/__init__.py to __init__.cpython-310.pyc
[1.279s] byte-compiling /home/rosdev/ros2_ws/install/yolo_ros/lib/python3.10/site-packages/yolo_ros/tracking_node.py to tracking_node.cpython-310.pyc
[1.281s] byte-compiling /home/rosdev/ros2_ws/install/yolo_ros/lib/python3.10/site-packages/yolo_ros/debug_node.py to debug_node.cpython-310.pyc
[1.284s] running install_data
[1.284s] creating /home/rosdev/ros2_ws/install/yolo_ros/share/ament_index
[1.284s] creating /home/rosdev/ros2_ws/install/yolo_ros/share/ament_index/resource_index
[1.285s] creating /home/rosdev/ros2_ws/install/yolo_ros/share/ament_index/resource_index/packages
[1.285s] copying resource/yolo_ros -> /home/rosdev/ros2_ws/install/yolo_ros/share/ament_index/resource_index/packages
[1.285s] copying package.xml -> /home/rosdev/ros2_ws/install/yolo_ros/share/yolo_ros
[1.285s] running install_egg_info
[1.288s] Copying ../../../build/yolo_ros/yolo_ros.egg-info to /home/rosdev/ros2_ws/install/yolo_ros/lib/python3.10/site-packages/yolo_ros-0.0.0-py3.10.egg-info
[1.290s] running install_scripts
[1.326s] Installing debug_node script to /home/rosdev/ros2_ws/install/yolo_ros/lib/yolo_ros
[1.326s] Installing detect_3d_node script to /home/rosdev/ros2_ws/install/yolo_ros/lib/yolo_ros
[1.326s] Installing tracking_node script to /home/rosdev/ros2_ws/install/yolo_ros/lib/yolo_ros
[1.326s] Installing yolo_node script to /home/rosdev/ros2_ws/install/yolo_ros/lib/yolo_ros
[1.327s] writing list of installed files to '/home/rosdev/ros2_ws/build/yolo_ros/install.log'
[1.394s] Invoked command in '/home/rosdev/ros2_ws/src/yolo_ros/yolo_ros' returned '0': AMENT_PREFIX_PATH=/home/rosdev/ros2_ws/install/yolo_msgs:${AMENT_PREFIX_PATH} CMAKE_PREFIX_PATH=/home/rosdev/ros2_ws/install/yolo_msgs LD_LIBRARY_PATH=/home/rosdev/ros2_ws/install/yolo_msgs/lib:${LD_LIBRARY_PATH} PYTHONPATH=/home/rosdev/ros2_ws/build/yolo_ros/prefix_override:/usr/lib/python3/dist-packages/colcon_core/task/python/colcon_distutils_commands:/home/rosdev/ros2_ws/install/yolo_ros/lib/python3.10/site-packages:/home/rosdev/ros2_ws/install/yolo_msgs/local/lib/python3.10/dist-packages:${PYTHONPATH} /usr/bin/python3 -W ignore:setup.py install is deprecated -W ignore:easy_install command is deprecated setup.py egg_info --egg-base ../../../build/yolo_ros build --build-base /home/rosdev/ros2_ws/build/yolo_ros/build install --record /home/rosdev/ros2_ws/build/yolo_ros/install.log --single-version-externally-managed install_data
