[0.068s] Invoking command in '/home/rosdev/ros2_ws/build/tf2': CMAKE_PREFIX_PATH=/opt/ros/humble /usr/bin/cmake /home/rosdev/ros2_ws/src/geometry2/tf2 -DCMAKE_INSTALL_PREFIX=/home/rosdev/ros2_ws/install/tf2
[0.164s] -- The C compiler identification is GNU 11.4.0
[0.253s] -- The CXX compiler identification is GNU 11.4.0
[0.266s] -- Detecting C compiler ABI info
[0.378s] -- Detecting C compiler ABI info - done
[0.388s] -- Check for working C compiler: /usr/bin/cc - skipped
[0.388s] -- Detecting C compile features
[0.389s] -- Detecting C compile features - done
[0.395s] -- Detecting CXX compiler ABI info
[0.528s] -- Detecting CXX compiler ABI info - done
[0.538s] -- Check for working CXX compiler: /usr/bin/c++ - skipped
[0.538s] -- Detecting CXX compile features
[0.538s] -- Detecting CXX compile features - done
[0.546s] -- Found ament_cmake: 1.3.11 (/opt/ros/humble/share/ament_cmake/cmake)
[0.755s] -- Found Python3: /usr/bin/python3 (found version "3.10.12") found components: Interpreter 
[0.902s] -- Found console_bridge_vendor: 1.4.1 (/opt/ros/humble/share/console_bridge_vendor/cmake)
[0.909s] -- Found builtin_interfaces: 1.2.1 (/opt/ros/humble/share/builtin_interfaces/cmake)
[0.949s] -- Found rosidl_generator_c: 3.1.6 (/opt/ros/humble/share/rosidl_generator_c/cmake)
[0.954s] -- Found rosidl_adapter: 3.1.6 (/opt/ros/humble/share/rosidl_adapter/cmake)
[0.965s] -- Found rosidl_generator_cpp: 3.1.6 (/opt/ros/humble/share/rosidl_generator_cpp/cmake)
[0.982s] -- Using all available rosidl_typesupport_c: rosidl_typesupport_fastrtps_c;rosidl_typesupport_introspection_c
[1.003s] -- Using all available rosidl_typesupport_cpp: rosidl_typesupport_fastrtps_cpp;rosidl_typesupport_introspection_cpp
[1.024s] -- Found geometry_msgs: 4.8.0 (/opt/ros/humble/share/geometry_msgs/cmake)
[1.068s] [31mCMake Error at CMakeLists.txt:49 (find_package):
[1.068s]   By not providing "Findament_cmake_google_benchmark.cmake" in
[1.069s]   CMAKE_MODULE_PATH this project has asked CMake to find a package
[1.069s]   configuration file provided by "ament_cmake_google_benchmark", but CMake
[1.069s]   did not find one.
[1.069s] 
[1.069s]   Could not find a package configuration file provided by
[1.069s]   "ament_cmake_google_benchmark" with any of the following names:
[1.069s] 
[1.069s]     ament_cmake_google_benchmarkConfig.cmake
[1.069s]     ament_cmake_google_benchmark-config.cmake
[1.069s] 
[1.069s]   Add the installation prefix of "ament_cmake_google_benchmark" to
[1.069s]   CMAKE_PREFIX_PATH or set "ament_cmake_google_benchmark_DIR" to a directory
[1.069s]   containing one of the above files.  If "ament_cmake_google_benchmark"
[1.070s]   provides a separate development package or SDK, be sure it has been
[1.070s]   installed.
[1.070s] 
[1.070s] [0m
[1.070s] -- Configuring incomplete, errors occurred!
[1.070s] See also "/home/rosdev/ros2_ws/build/tf2/CMakeFiles/CMakeOutput.log".
[1.079s] Invoked command in '/home/rosdev/ros2_ws/build/tf2' returned '1': CMAKE_PREFIX_PATH=/opt/ros/humble /usr/bin/cmake /home/rosdev/ros2_ws/src/geometry2/tf2 -DCMAKE_INSTALL_PREFIX=/home/rosdev/ros2_ws/install/tf2
