[1.981s] Invoking command in '/home/rosdev/ros2_ws/src/geometry2/examples_tf2_py': AMENT_PREFIX_PATH=/home/rosdev/ros2_ws/install/tf2_ros_py:/home/rosdev/ros2_ws/install/tf2_py:/home/rosdev/ros2_ws/install/tf2_msgs:/home/rosdev/ros2_ws/install/tf2:${AMENT_PREFIX_PATH} CMAKE_PREFIX_PATH=/home/rosdev/ros2_ws/install/tf2_py:/home/rosdev/ros2_ws/install/tf2_msgs:/home/rosdev/ros2_ws/install/tf2 LD_LIBRARY_PATH=/home/rosdev/ros2_ws/install/tf2_msgs/lib:/home/rosdev/ros2_ws/install/tf2/lib:${LD_LIBRARY_PATH} PYTHONPATH=/home/rosdev/ros2_ws/build/examples_tf2_py/prefix_override:/usr/lib/python3/dist-packages/colcon_core/task/python/colcon_distutils_commands:/home/rosdev/ros2_ws/install/examples_tf2_py/lib/python3.10/site-packages:/home/rosdev/ros2_ws/install/tf2_ros_py/lib/python3.10/site-packages:/home/rosdev/ros2_ws/install/tf2_py/local/lib/python3.10/dist-packages:/home/rosdev/ros2_ws/install/tf2_msgs/local/lib/python3.10/dist-packages:${PYTHONPATH} /usr/bin/python3 -W ignore:setup.py install is deprecated -W ignore:easy_install command is deprecated setup.py egg_info --egg-base ../../../build/examples_tf2_py build --build-base /home/rosdev/ros2_ws/build/examples_tf2_py/build install --record /home/rosdev/ros2_ws/build/examples_tf2_py/install.log --single-version-externally-managed install_data
[2.613s] running egg_info
[2.613s] creating ../../../build/examples_tf2_py/examples_tf2_py.egg-info
[2.617s] writing ../../../build/examples_tf2_py/examples_tf2_py.egg-info/PKG-INFO
[2.617s] writing dependency_links to ../../../build/examples_tf2_py/examples_tf2_py.egg-info/dependency_links.txt
[2.617s] writing entry points to ../../../build/examples_tf2_py/examples_tf2_py.egg-info/entry_points.txt
[2.622s] writing requirements to ../../../build/examples_tf2_py/examples_tf2_py.egg-info/requires.txt
[2.622s] writing top-level names to ../../../build/examples_tf2_py/examples_tf2_py.egg-info/top_level.txt
[2.622s] writing manifest file '../../../build/examples_tf2_py/examples_tf2_py.egg-info/SOURCES.txt'
[2.627s] reading manifest file '../../../build/examples_tf2_py/examples_tf2_py.egg-info/SOURCES.txt'
[2.627s] writing manifest file '../../../build/examples_tf2_py/examples_tf2_py.egg-info/SOURCES.txt'
[2.627s] running build
[2.627s] running build_py
[2.630s] creating /home/rosdev/ros2_ws/build/examples_tf2_py/build
[2.632s] creating /home/rosdev/ros2_ws/build/examples_tf2_py/build/lib
[2.632s] creating /home/rosdev/ros2_ws/build/examples_tf2_py/build/lib/examples_tf2_py
[2.632s] copying examples_tf2_py/frame_dumper.py -> /home/rosdev/ros2_ws/build/examples_tf2_py/build/lib/examples_tf2_py
[2.632s] copying examples_tf2_py/waits_for_transform.py -> /home/rosdev/ros2_ws/build/examples_tf2_py/build/lib/examples_tf2_py
[2.634s] copying examples_tf2_py/__init__.py -> /home/rosdev/ros2_ws/build/examples_tf2_py/build/lib/examples_tf2_py
[2.634s] copying examples_tf2_py/async_waits_for_transform.py -> /home/rosdev/ros2_ws/build/examples_tf2_py/build/lib/examples_tf2_py
[2.634s] copying examples_tf2_py/dynamic_broadcaster.py -> /home/rosdev/ros2_ws/build/examples_tf2_py/build/lib/examples_tf2_py
[2.635s] copying examples_tf2_py/blocking_waits_for_transform.py -> /home/rosdev/ros2_ws/build/examples_tf2_py/build/lib/examples_tf2_py
[2.635s] copying examples_tf2_py/static_broadcaster.py -> /home/rosdev/ros2_ws/build/examples_tf2_py/build/lib/examples_tf2_py
[2.637s] running install
[2.638s] running install_lib
[2.643s] creating /home/rosdev/ros2_ws/install/examples_tf2_py/lib/python3.10/site-packages/examples_tf2_py
[2.643s] copying /home/rosdev/ros2_ws/build/examples_tf2_py/build/lib/examples_tf2_py/frame_dumper.py -> /home/rosdev/ros2_ws/install/examples_tf2_py/lib/python3.10/site-packages/examples_tf2_py
[2.644s] copying /home/rosdev/ros2_ws/build/examples_tf2_py/build/lib/examples_tf2_py/waits_for_transform.py -> /home/rosdev/ros2_ws/install/examples_tf2_py/lib/python3.10/site-packages/examples_tf2_py
[2.645s] copying /home/rosdev/ros2_ws/build/examples_tf2_py/build/lib/examples_tf2_py/__init__.py -> /home/rosdev/ros2_ws/install/examples_tf2_py/lib/python3.10/site-packages/examples_tf2_py
[2.645s] copying /home/rosdev/ros2_ws/build/examples_tf2_py/build/lib/examples_tf2_py/async_waits_for_transform.py -> /home/rosdev/ros2_ws/install/examples_tf2_py/lib/python3.10/site-packages/examples_tf2_py
[2.646s] copying /home/rosdev/ros2_ws/build/examples_tf2_py/build/lib/examples_tf2_py/dynamic_broadcaster.py -> /home/rosdev/ros2_ws/install/examples_tf2_py/lib/python3.10/site-packages/examples_tf2_py
[2.646s] copying /home/rosdev/ros2_ws/build/examples_tf2_py/build/lib/examples_tf2_py/blocking_waits_for_transform.py -> /home/rosdev/ros2_ws/install/examples_tf2_py/lib/python3.10/site-packages/examples_tf2_py
[2.647s] copying /home/rosdev/ros2_ws/build/examples_tf2_py/build/lib/examples_tf2_py/static_broadcaster.py -> /home/rosdev/ros2_ws/install/examples_tf2_py/lib/python3.10/site-packages/examples_tf2_py
[2.649s] byte-compiling /home/rosdev/ros2_ws/install/examples_tf2_py/lib/python3.10/site-packages/examples_tf2_py/frame_dumper.py to frame_dumper.cpython-310.pyc
[2.650s] byte-compiling /home/rosdev/ros2_ws/install/examples_tf2_py/lib/python3.10/site-packages/examples_tf2_py/waits_for_transform.py to waits_for_transform.cpython-310.pyc
[2.652s] byte-compiling /home/rosdev/ros2_ws/install/examples_tf2_py/lib/python3.10/site-packages/examples_tf2_py/__init__.py to __init__.cpython-310.pyc
[2.652s] byte-compiling /home/rosdev/ros2_ws/install/examples_tf2_py/lib/python3.10/site-packages/examples_tf2_py/async_waits_for_transform.py to async_waits_for_transform.cpython-310.pyc
[2.654s] byte-compiling /home/rosdev/ros2_ws/install/examples_tf2_py/lib/python3.10/site-packages/examples_tf2_py/dynamic_broadcaster.py to dynamic_broadcaster.cpython-310.pyc
[2.656s] byte-compiling /home/rosdev/ros2_ws/install/examples_tf2_py/lib/python3.10/site-packages/examples_tf2_py/blocking_waits_for_transform.py to blocking_waits_for_transform.cpython-310.pyc
[2.657s] byte-compiling /home/rosdev/ros2_ws/install/examples_tf2_py/lib/python3.10/site-packages/examples_tf2_py/static_broadcaster.py to static_broadcaster.cpython-310.pyc
[2.658s] running install_data
[2.659s] creating /home/rosdev/ros2_ws/install/examples_tf2_py/share/ament_index
[2.659s] creating /home/rosdev/ros2_ws/install/examples_tf2_py/share/ament_index/resource_index
[2.660s] creating /home/rosdev/ros2_ws/install/examples_tf2_py/share/ament_index/resource_index/packages
[2.660s] copying resource/examples_tf2_py -> /home/rosdev/ros2_ws/install/examples_tf2_py/share/ament_index/resource_index/packages
[2.661s] copying package.xml -> /home/rosdev/ros2_ws/install/examples_tf2_py/share/examples_tf2_py
[2.661s] creating /home/rosdev/ros2_ws/install/examples_tf2_py/share/examples_tf2_py/launch
[2.662s] copying launch/broadcasters.launch.xml -> /home/rosdev/ros2_ws/install/examples_tf2_py/share/examples_tf2_py/launch
[2.662s] running install_egg_info
[2.667s] Copying ../../../build/examples_tf2_py/examples_tf2_py.egg-info to /home/rosdev/ros2_ws/install/examples_tf2_py/lib/python3.10/site-packages/examples_tf2_py-0.25.7-py3.10.egg-info
[2.670s] running install_scripts
[2.714s] Installing async_waits_for_transform script to /home/rosdev/ros2_ws/install/examples_tf2_py/lib/examples_tf2_py
[2.715s] Installing blocking_waits_for_transform script to /home/rosdev/ros2_ws/install/examples_tf2_py/lib/examples_tf2_py
[2.716s] Installing dynamic_broadcaster script to /home/rosdev/ros2_ws/install/examples_tf2_py/lib/examples_tf2_py
[2.717s] Installing frame_dumper script to /home/rosdev/ros2_ws/install/examples_tf2_py/lib/examples_tf2_py
[2.718s] Installing static_broadcaster script to /home/rosdev/ros2_ws/install/examples_tf2_py/lib/examples_tf2_py
[2.719s] Installing waits_for_transform script to /home/rosdev/ros2_ws/install/examples_tf2_py/lib/examples_tf2_py
[2.720s] writing list of installed files to '/home/rosdev/ros2_ws/build/examples_tf2_py/install.log'
[2.820s] Invoked command in '/home/rosdev/ros2_ws/src/geometry2/examples_tf2_py' returned '0': AMENT_PREFIX_PATH=/home/rosdev/ros2_ws/install/tf2_ros_py:/home/rosdev/ros2_ws/install/tf2_py:/home/rosdev/ros2_ws/install/tf2_msgs:/home/rosdev/ros2_ws/install/tf2:${AMENT_PREFIX_PATH} CMAKE_PREFIX_PATH=/home/rosdev/ros2_ws/install/tf2_py:/home/rosdev/ros2_ws/install/tf2_msgs:/home/rosdev/ros2_ws/install/tf2 LD_LIBRARY_PATH=/home/rosdev/ros2_ws/install/tf2_msgs/lib:/home/rosdev/ros2_ws/install/tf2/lib:${LD_LIBRARY_PATH} PYTHONPATH=/home/rosdev/ros2_ws/build/examples_tf2_py/prefix_override:/usr/lib/python3/dist-packages/colcon_core/task/python/colcon_distutils_commands:/home/rosdev/ros2_ws/install/examples_tf2_py/lib/python3.10/site-packages:/home/rosdev/ros2_ws/install/tf2_ros_py/lib/python3.10/site-packages:/home/rosdev/ros2_ws/install/tf2_py/local/lib/python3.10/dist-packages:/home/rosdev/ros2_ws/install/tf2_msgs/local/lib/python3.10/dist-packages:${PYTHONPATH} /usr/bin/python3 -W ignore:setup.py install is deprecated -W ignore:easy_install command is deprecated setup.py egg_info --egg-base ../../../build/examples_tf2_py build --build-base /home/rosdev/ros2_ws/build/examples_tf2_py/build install --record /home/rosdev/ros2_ws/build/examples_tf2_py/install.log --single-version-externally-managed install_data
