[0.081s] Invoking command in '/home/rosdev/ros2_ws/build/tf2_kdl': AMENT_PREFIX_PATH=/home/rosdev/ros2_ws/install/tf2_ros_py:/home/rosdev/ros2_ws/install/tf2_ros:/home/rosdev/ros2_ws/install/tf2_py:/home/rosdev/ros2_ws/install/tf2_msgs:/home/rosdev/ros2_ws/install/tf2:${AMENT_PREFIX_PATH} CMAKE_PREFIX_PATH=/home/rosdev/ros2_ws/install/tf2_ros:/home/rosdev/ros2_ws/install/tf2_py:/home/rosdev/ros2_ws/install/tf2_msgs:/home/rosdev/ros2_ws/install/tf2:/opt/ros/humble LD_LIBRARY_PATH=/home/rosdev/ros2_ws/install/tf2_ros/lib:/home/rosdev/ros2_ws/install/tf2_msgs/lib:/home/rosdev/ros2_ws/install/tf2/lib:${LD_LIBRARY_PATH} PYTHONPATH=/home/rosdev/ros2_ws/install/tf2_ros_py/lib/python3.10/site-packages:/home/rosdev/ros2_ws/install/tf2_py/local/lib/python3.10/dist-packages:/home/rosdev/ros2_ws/install/tf2_msgs/local/lib/python3.10/dist-packages:${PYTHONPATH} /usr/bin/cmake --build /home/rosdev/ros2_ws/build/tf2_kdl -- -j12 -l12
[0.545s] [  0%] Built target ament_cmake_python_symlink_tf2_kdl
[0.545s] [ 33%] Built target gtest_main
[0.545s] [ 66%] Built target gtest
[0.545s] [100%] Built target test_kdl
[0.701s] running egg_info
[0.702s] writing tf2_kdl.egg-info/PKG-INFO
[0.702s] writing dependency_links to tf2_kdl.egg-info/dependency_links.txt
[0.702s] writing top-level names to tf2_kdl.egg-info/top_level.txt
[0.703s] reading manifest file 'tf2_kdl.egg-info/SOURCES.txt'
[0.703s] writing manifest file 'tf2_kdl.egg-info/SOURCES.txt'
[0.781s] [100%] Built target ament_cmake_python_build_tf2_kdl_egg
[1.008s] Invoked command in '/home/rosdev/ros2_ws/build/tf2_kdl' returned '0': AMENT_PREFIX_PATH=/home/rosdev/ros2_ws/install/tf2_ros_py:/home/rosdev/ros2_ws/install/tf2_ros:/home/rosdev/ros2_ws/install/tf2_py:/home/rosdev/ros2_ws/install/tf2_msgs:/home/rosdev/ros2_ws/install/tf2:${AMENT_PREFIX_PATH} CMAKE_PREFIX_PATH=/home/rosdev/ros2_ws/install/tf2_ros:/home/rosdev/ros2_ws/install/tf2_py:/home/rosdev/ros2_ws/install/tf2_msgs:/home/rosdev/ros2_ws/install/tf2:/opt/ros/humble LD_LIBRARY_PATH=/home/rosdev/ros2_ws/install/tf2_ros/lib:/home/rosdev/ros2_ws/install/tf2_msgs/lib:/home/rosdev/ros2_ws/install/tf2/lib:${LD_LIBRARY_PATH} PYTHONPATH=/home/rosdev/ros2_ws/install/tf2_ros_py/lib/python3.10/site-packages:/home/rosdev/ros2_ws/install/tf2_py/local/lib/python3.10/dist-packages:/home/rosdev/ros2_ws/install/tf2_msgs/local/lib/python3.10/dist-packages:${PYTHONPATH} /usr/bin/cmake --build /home/rosdev/ros2_ws/build/tf2_kdl -- -j12 -l12
[1.012s] Invoking command in '/home/rosdev/ros2_ws/build/tf2_kdl': AMENT_PREFIX_PATH=/home/rosdev/ros2_ws/install/tf2_ros_py:/home/rosdev/ros2_ws/install/tf2_ros:/home/rosdev/ros2_ws/install/tf2_py:/home/rosdev/ros2_ws/install/tf2_msgs:/home/rosdev/ros2_ws/install/tf2:${AMENT_PREFIX_PATH} CMAKE_PREFIX_PATH=/home/rosdev/ros2_ws/install/tf2_ros:/home/rosdev/ros2_ws/install/tf2_py:/home/rosdev/ros2_ws/install/tf2_msgs:/home/rosdev/ros2_ws/install/tf2:/opt/ros/humble LD_LIBRARY_PATH=/home/rosdev/ros2_ws/install/tf2_ros/lib:/home/rosdev/ros2_ws/install/tf2_msgs/lib:/home/rosdev/ros2_ws/install/tf2/lib:${LD_LIBRARY_PATH} PYTHONPATH=/home/rosdev/ros2_ws/install/tf2_ros_py/lib/python3.10/site-packages:/home/rosdev/ros2_ws/install/tf2_py/local/lib/python3.10/dist-packages:/home/rosdev/ros2_ws/install/tf2_msgs/local/lib/python3.10/dist-packages:${PYTHONPATH} /usr/bin/cmake --install /home/rosdev/ros2_ws/build/tf2_kdl
[1.028s] -- Install configuration: ""
[1.029s] -- Execute custom install script
[1.030s] -- Up-to-date symlink: /home/rosdev/ros2_ws/install/tf2_kdl/share/tf2_kdl/environment/pythonpath.sh
[1.034s] -- Up-to-date symlink: /home/rosdev/ros2_ws/install/tf2_kdl/share/tf2_kdl/environment/pythonpath.dsv
[1.035s] -- Up-to-date symlink: /home/rosdev/ros2_ws/install/tf2_kdl/local/lib/python3.10/dist-packages/tf2_kdl-0.25.7-py3.10.egg-info/PKG-INFO
[1.035s] -- Up-to-date symlink: /home/rosdev/ros2_ws/install/tf2_kdl/local/lib/python3.10/dist-packages/tf2_kdl-0.25.7-py3.10.egg-info/SOURCES.txt
[1.035s] -- Up-to-date symlink: /home/rosdev/ros2_ws/install/tf2_kdl/local/lib/python3.10/dist-packages/tf2_kdl-0.25.7-py3.10.egg-info/dependency_links.txt
[1.035s] -- Up-to-date symlink: /home/rosdev/ros2_ws/install/tf2_kdl/local/lib/python3.10/dist-packages/tf2_kdl-0.25.7-py3.10.egg-info/top_level.txt
[1.035s] -- Up-to-date symlink: /home/rosdev/ros2_ws/install/tf2_kdl/local/lib/python3.10/dist-packages/tf2_kdl/__init__.py
[1.035s] -- Up-to-date symlink: /home/rosdev/ros2_ws/install/tf2_kdl/local/lib/python3.10/dist-packages/tf2_kdl/tf2_kdl.py
[1.036s] -- Up-to-date symlink: /home/rosdev/ros2_ws/install/tf2_kdl/include/tf2_kdl/tf2_kdl/tf2_kdl.h
[1.036s] -- Up-to-date symlink: /home/rosdev/ros2_ws/install/tf2_kdl/include/tf2_kdl/tf2_kdl/tf2_kdl.hpp
[1.052s] -- Up-to-date symlink: /home/rosdev/ros2_ws/install/tf2_kdl/share/ament_index/resource_index/package_run_dependencies/tf2_kdl
[1.052s] -- Up-to-date symlink: /home/rosdev/ros2_ws/install/tf2_kdl/share/ament_index/resource_index/parent_prefix_path/tf2_kdl
[1.052s] -- Up-to-date symlink: /home/rosdev/ros2_ws/install/tf2_kdl/share/tf2_kdl/environment/ament_prefix_path.sh
[1.052s] -- Up-to-date symlink: /home/rosdev/ros2_ws/install/tf2_kdl/share/tf2_kdl/environment/ament_prefix_path.dsv
[1.052s] -- Up-to-date symlink: /home/rosdev/ros2_ws/install/tf2_kdl/share/tf2_kdl/environment/path.sh
[1.052s] -- Up-to-date symlink: /home/rosdev/ros2_ws/install/tf2_kdl/share/tf2_kdl/environment/path.dsv
[1.053s] -- Up-to-date symlink: /home/rosdev/ros2_ws/install/tf2_kdl/share/tf2_kdl/local_setup.bash
[1.053s] -- Up-to-date symlink: /home/rosdev/ros2_ws/install/tf2_kdl/share/tf2_kdl/local_setup.sh
[1.053s] -- Up-to-date symlink: /home/rosdev/ros2_ws/install/tf2_kdl/share/tf2_kdl/local_setup.zsh
[1.053s] -- Up-to-date symlink: /home/rosdev/ros2_ws/install/tf2_kdl/share/tf2_kdl/local_setup.dsv
[1.053s] -- Symlinking: /home/rosdev/ros2_ws/install/tf2_kdl/share/tf2_kdl/package.dsv
[1.071s] -- Up-to-date symlink: /home/rosdev/ros2_ws/install/tf2_kdl/share/ament_index/resource_index/packages/tf2_kdl
[1.071s] -- Up-to-date symlink: /home/rosdev/ros2_ws/install/tf2_kdl/share/tf2_kdl/cmake/ament_cmake_export_include_directories-extras.cmake
[1.071s] -- Up-to-date symlink: /home/rosdev/ros2_ws/install/tf2_kdl/share/tf2_kdl/cmake/ament_cmake_export_targets-extras.cmake
[1.071s] -- Up-to-date symlink: /home/rosdev/ros2_ws/install/tf2_kdl/share/tf2_kdl/cmake/ament_cmake_export_dependencies-extras.cmake
[1.071s] -- Up-to-date symlink: /home/rosdev/ros2_ws/install/tf2_kdl/share/tf2_kdl/cmake/tf2_kdlConfig.cmake
[1.072s] -- Up-to-date symlink: /home/rosdev/ros2_ws/install/tf2_kdl/share/tf2_kdl/cmake/tf2_kdlConfig-version.cmake
[1.072s] -- Up-to-date symlink: /home/rosdev/ros2_ws/install/tf2_kdl/share/tf2_kdl/package.xml
[1.134s] Listing '/home/rosdev/ros2_ws/install/tf2_kdl/local/lib/python3.10/dist-packages/tf2_kdl'...
[1.147s] -- Up-to-date: /home/rosdev/ros2_ws/install/tf2_kdl/share/tf2_kdl/cmake/export_tf2_kdlExport.cmake
[1.156s] Invoked command in '/home/rosdev/ros2_ws/build/tf2_kdl' returned '0': AMENT_PREFIX_PATH=/home/rosdev/ros2_ws/install/tf2_ros_py:/home/rosdev/ros2_ws/install/tf2_ros:/home/rosdev/ros2_ws/install/tf2_py:/home/rosdev/ros2_ws/install/tf2_msgs:/home/rosdev/ros2_ws/install/tf2:${AMENT_PREFIX_PATH} CMAKE_PREFIX_PATH=/home/rosdev/ros2_ws/install/tf2_ros:/home/rosdev/ros2_ws/install/tf2_py:/home/rosdev/ros2_ws/install/tf2_msgs:/home/rosdev/ros2_ws/install/tf2:/opt/ros/humble LD_LIBRARY_PATH=/home/rosdev/ros2_ws/install/tf2_ros/lib:/home/rosdev/ros2_ws/install/tf2_msgs/lib:/home/rosdev/ros2_ws/install/tf2/lib:${LD_LIBRARY_PATH} PYTHONPATH=/home/rosdev/ros2_ws/install/tf2_ros_py/lib/python3.10/site-packages:/home/rosdev/ros2_ws/install/tf2_py/local/lib/python3.10/dist-packages:/home/rosdev/ros2_ws/install/tf2_msgs/local/lib/python3.10/dist-packages:${PYTHONPATH} /usr/bin/cmake --install /home/rosdev/ros2_ws/build/tf2_kdl
