[0.075s] Invoking command in '/home/rosdev/ros2_ws/build/tf2_bullet': AMENT_PREFIX_PATH=/home/rosdev/ros2_ws/install/tf2_ros:/home/rosdev/ros2_ws/install/tf2_msgs:/home/rosdev/ros2_ws/install/tf2:${AMENT_PREFIX_PATH} CMAKE_PREFIX_PATH=/home/rosdev/ros2_ws/install/tf2_ros:/home/rosdev/ros2_ws/install/tf2_msgs:/home/rosdev/ros2_ws/install/tf2:/home/rosdev/librealsense/build/install/nlohmann_json:/home/rosdev/librealsense/build/install/CURL:/opt/ros/humble LD_LIBRARY_PATH=/home/rosdev/ros2_ws/install/tf2_ros/lib:/home/rosdev/ros2_ws/install/tf2_msgs/lib:/home/rosdev/ros2_ws/install/tf2/lib:${LD_LIBRARY_PATH} PYTHONPATH=/home/rosdev/ros2_ws/install/tf2_msgs/local/lib/python3.10/dist-packages:${PYTHONPATH} /usr/bin/cmake /home/rosdev/ros2_ws/src/geometry2/tf2_bullet -DAMENT_CMAKE_SYMLINK_INSTALL=1 -DCMAKE_INSTALL_PREFIX=/home/rosdev/ros2_ws/install/tf2_bullet
[0.557s] -- Found ament_cmake: 1.3.11 (/opt/ros/humble/share/ament_cmake/cmake)
[0.557s] -- Override CMake install command with custom implementation using symlinks instead of copying resources
[0.557s] -- Found geometry_msgs: 4.8.0 (/opt/ros/humble/share/geometry_msgs/cmake)
[0.557s] -- Found rosidl_generator_c: 3.1.6 (/opt/ros/humble/share/rosidl_generator_c/cmake)
[0.558s] -- Found rosidl_adapter: 3.1.6 (/opt/ros/humble/share/rosidl_adapter/cmake)
[0.558s] -- Found rosidl_generator_cpp: 3.1.6 (/opt/ros/humble/share/rosidl_generator_cpp/cmake)
[0.558s] -- Using all available rosidl_typesupport_c: rosidl_typesupport_fastrtps_c;rosidl_typesupport_introspection_c
[0.558s] -- Using all available rosidl_typesupport_cpp: rosidl_typesupport_fastrtps_cpp;rosidl_typesupport_introspection_cpp
[0.558s] -- Found tf2: 0.25.7 (/home/rosdev/ros2_ws/install/tf2/share/tf2/cmake)
[0.558s] -- Found tf2_ros: 0.25.7 (/home/rosdev/ros2_ws/install/tf2_ros/share/tf2_ros/cmake)
[0.576s] -- Found rmw_implementation_cmake: 6.1.2 (/opt/ros/humble/share/rmw_implementation_cmake/cmake)
[0.578s] -- Found rmw_fastrtps_cpp: 6.2.7 (/opt/ros/humble/share/rmw_fastrtps_cpp/cmake)
[0.787s] -- Using RMW implementation 'rmw_fastrtps_cpp' as default
[0.944s] -- Found ament_lint_auto: 0.12.12 (/opt/ros/humble/share/ament_lint_auto/cmake)
[0.944s] -- Found ament_cmake_cppcheck: 0.12.12 (/opt/ros/humble/share/ament_cmake_cppcheck/cmake)
[1.108s] -- Found gtest sources under '/opt/ros/humble/src/gtest_vendor': C++ tests using 'Google Test' will be built
[1.126s] -- Added test 'copyright' to check source files copyright and LICENSE
[1.127s] -- Added test 'cpplint' to check C / C++ code against the Google style
[1.128s] -- Configured cpplint exclude dirs and/or files: 
[1.129s] -- Added test 'lint_cmake' to check CMake code style
[1.131s] -- Added test 'uncrustify' to check C / C++ code style
[1.131s] -- Configured uncrustify additional arguments: 
[1.132s] -- Added test 'xmllint' to check XML markup files
[1.136s] -- Configuring done
[1.169s] -- Generating done
[1.178s] -- Build files have been written to: /home/rosdev/ros2_ws/build/tf2_bullet
[1.215s] Invoked command in '/home/rosdev/ros2_ws/build/tf2_bullet' returned '0': AMENT_PREFIX_PATH=/home/rosdev/ros2_ws/install/tf2_ros:/home/rosdev/ros2_ws/install/tf2_msgs:/home/rosdev/ros2_ws/install/tf2:${AMENT_PREFIX_PATH} CMAKE_PREFIX_PATH=/home/rosdev/ros2_ws/install/tf2_ros:/home/rosdev/ros2_ws/install/tf2_msgs:/home/rosdev/ros2_ws/install/tf2:/home/rosdev/librealsense/build/install/nlohmann_json:/home/rosdev/librealsense/build/install/CURL:/opt/ros/humble LD_LIBRARY_PATH=/home/rosdev/ros2_ws/install/tf2_ros/lib:/home/rosdev/ros2_ws/install/tf2_msgs/lib:/home/rosdev/ros2_ws/install/tf2/lib:${LD_LIBRARY_PATH} PYTHONPATH=/home/rosdev/ros2_ws/install/tf2_msgs/local/lib/python3.10/dist-packages:${PYTHONPATH} /usr/bin/cmake /home/rosdev/ros2_ws/src/geometry2/tf2_bullet -DAMENT_CMAKE_SYMLINK_INSTALL=1 -DCMAKE_INSTALL_PREFIX=/home/rosdev/ros2_ws/install/tf2_bullet
[1.216s] Invoking command in '/home/rosdev/ros2_ws/build/tf2_bullet': AMENT_PREFIX_PATH=/home/rosdev/ros2_ws/install/tf2_ros:/home/rosdev/ros2_ws/install/tf2_msgs:/home/rosdev/ros2_ws/install/tf2:${AMENT_PREFIX_PATH} CMAKE_PREFIX_PATH=/home/rosdev/ros2_ws/install/tf2_ros:/home/rosdev/ros2_ws/install/tf2_msgs:/home/rosdev/ros2_ws/install/tf2:/home/rosdev/librealsense/build/install/nlohmann_json:/home/rosdev/librealsense/build/install/CURL:/opt/ros/humble LD_LIBRARY_PATH=/home/rosdev/ros2_ws/install/tf2_ros/lib:/home/rosdev/ros2_ws/install/tf2_msgs/lib:/home/rosdev/ros2_ws/install/tf2/lib:${LD_LIBRARY_PATH} PYTHONPATH=/home/rosdev/ros2_ws/install/tf2_msgs/local/lib/python3.10/dist-packages:${PYTHONPATH} /usr/bin/cmake --build /home/rosdev/ros2_ws/build/tf2_bullet -- -j12 -l12
[1.317s] [35m[1mConsolidate compiler generated dependencies of target gtest_main[0m
[1.362s] [ 33%] Built target gtest_main
[1.387s] [35m[1mConsolidate compiler generated dependencies of target gtest[0m
[1.438s] [ 66%] Built target gtest
[1.469s] [35m[1mConsolidate compiler generated dependencies of target test_bullet[0m
[1.520s] [ 83%] [32mBuilding CXX object CMakeFiles/test_bullet.dir/test/test_tf2_bullet.cpp.o[0m
[9.368s] [100%] [32m[1mLinking CXX executable test_bullet[0m
[9.878s] [100%] Built target test_bullet
[9.928s] Invoked command in '/home/rosdev/ros2_ws/build/tf2_bullet' returned '0': AMENT_PREFIX_PATH=/home/rosdev/ros2_ws/install/tf2_ros:/home/rosdev/ros2_ws/install/tf2_msgs:/home/rosdev/ros2_ws/install/tf2:${AMENT_PREFIX_PATH} CMAKE_PREFIX_PATH=/home/rosdev/ros2_ws/install/tf2_ros:/home/rosdev/ros2_ws/install/tf2_msgs:/home/rosdev/ros2_ws/install/tf2:/home/rosdev/librealsense/build/install/nlohmann_json:/home/rosdev/librealsense/build/install/CURL:/opt/ros/humble LD_LIBRARY_PATH=/home/rosdev/ros2_ws/install/tf2_ros/lib:/home/rosdev/ros2_ws/install/tf2_msgs/lib:/home/rosdev/ros2_ws/install/tf2/lib:${LD_LIBRARY_PATH} PYTHONPATH=/home/rosdev/ros2_ws/install/tf2_msgs/local/lib/python3.10/dist-packages:${PYTHONPATH} /usr/bin/cmake --build /home/rosdev/ros2_ws/build/tf2_bullet -- -j12 -l12
[9.928s] Invoking command in '/home/rosdev/ros2_ws/build/tf2_bullet': AMENT_PREFIX_PATH=/home/rosdev/ros2_ws/install/tf2_ros:/home/rosdev/ros2_ws/install/tf2_msgs:/home/rosdev/ros2_ws/install/tf2:${AMENT_PREFIX_PATH} CMAKE_PREFIX_PATH=/home/rosdev/ros2_ws/install/tf2_ros:/home/rosdev/ros2_ws/install/tf2_msgs:/home/rosdev/ros2_ws/install/tf2:/home/rosdev/librealsense/build/install/nlohmann_json:/home/rosdev/librealsense/build/install/CURL:/opt/ros/humble LD_LIBRARY_PATH=/home/rosdev/ros2_ws/install/tf2_ros/lib:/home/rosdev/ros2_ws/install/tf2_msgs/lib:/home/rosdev/ros2_ws/install/tf2/lib:${LD_LIBRARY_PATH} PYTHONPATH=/home/rosdev/ros2_ws/install/tf2_msgs/local/lib/python3.10/dist-packages:${PYTHONPATH} /usr/bin/cmake --install /home/rosdev/ros2_ws/build/tf2_bullet
[9.939s] -- Install configuration: ""
[9.940s] -- Execute custom install script
[9.941s] -- Up-to-date symlink: /home/rosdev/ros2_ws/install/tf2_bullet/include/tf2_bullet/tf2_bullet/tf2_bullet.h
[9.941s] -- Up-to-date symlink: /home/rosdev/ros2_ws/install/tf2_bullet/include/tf2_bullet/tf2_bullet/tf2_bullet.hpp
[9.942s] -- Up-to-date symlink: /home/rosdev/ros2_ws/install/tf2_bullet/share/ament_index/resource_index/package_run_dependencies/tf2_bullet
[9.943s] -- Up-to-date symlink: /home/rosdev/ros2_ws/install/tf2_bullet/share/ament_index/resource_index/parent_prefix_path/tf2_bullet
[9.943s] -- Up-to-date symlink: /home/rosdev/ros2_ws/install/tf2_bullet/share/tf2_bullet/environment/ament_prefix_path.sh
[9.944s] -- Up-to-date symlink: /home/rosdev/ros2_ws/install/tf2_bullet/share/tf2_bullet/environment/ament_prefix_path.dsv
[9.944s] -- Up-to-date symlink: /home/rosdev/ros2_ws/install/tf2_bullet/share/tf2_bullet/environment/path.sh
[9.945s] -- Up-to-date symlink: /home/rosdev/ros2_ws/install/tf2_bullet/share/tf2_bullet/environment/path.dsv
[9.946s] -- Up-to-date symlink: /home/rosdev/ros2_ws/install/tf2_bullet/share/tf2_bullet/local_setup.bash
[9.946s] -- Up-to-date symlink: /home/rosdev/ros2_ws/install/tf2_bullet/share/tf2_bullet/local_setup.sh
[9.947s] -- Up-to-date symlink: /home/rosdev/ros2_ws/install/tf2_bullet/share/tf2_bullet/local_setup.zsh
[9.947s] -- Up-to-date symlink: /home/rosdev/ros2_ws/install/tf2_bullet/share/tf2_bullet/local_setup.dsv
[9.948s] -- Symlinking: /home/rosdev/ros2_ws/install/tf2_bullet/share/tf2_bullet/package.dsv
[9.983s] -- Up-to-date symlink: /home/rosdev/ros2_ws/install/tf2_bullet/share/ament_index/resource_index/packages/tf2_bullet
[9.984s] -- Up-to-date symlink: /home/rosdev/ros2_ws/install/tf2_bullet/share/tf2_bullet/cmake/bullet-extras.cmake
[9.985s] -- Up-to-date symlink: /home/rosdev/ros2_ws/install/tf2_bullet/share/tf2_bullet/cmake/ament_cmake_export_targets-extras.cmake
[9.985s] -- Up-to-date symlink: /home/rosdev/ros2_ws/install/tf2_bullet/share/tf2_bullet/cmake/tf2_bulletConfig.cmake
[9.986s] -- Up-to-date symlink: /home/rosdev/ros2_ws/install/tf2_bullet/share/tf2_bullet/cmake/tf2_bulletConfig-version.cmake
[9.986s] -- Up-to-date symlink: /home/rosdev/ros2_ws/install/tf2_bullet/share/tf2_bullet/package.xml
[9.987s] -- Up-to-date: /home/rosdev/ros2_ws/install/tf2_bullet/share/tf2_bullet/cmake/export_tf2_bulletExport.cmake
[9.997s] Invoked command in '/home/rosdev/ros2_ws/build/tf2_bullet' returned '0': AMENT_PREFIX_PATH=/home/rosdev/ros2_ws/install/tf2_ros:/home/rosdev/ros2_ws/install/tf2_msgs:/home/rosdev/ros2_ws/install/tf2:${AMENT_PREFIX_PATH} CMAKE_PREFIX_PATH=/home/rosdev/ros2_ws/install/tf2_ros:/home/rosdev/ros2_ws/install/tf2_msgs:/home/rosdev/ros2_ws/install/tf2:/home/rosdev/librealsense/build/install/nlohmann_json:/home/rosdev/librealsense/build/install/CURL:/opt/ros/humble LD_LIBRARY_PATH=/home/rosdev/ros2_ws/install/tf2_ros/lib:/home/rosdev/ros2_ws/install/tf2_msgs/lib:/home/rosdev/ros2_ws/install/tf2/lib:${LD_LIBRARY_PATH} PYTHONPATH=/home/rosdev/ros2_ws/install/tf2_msgs/local/lib/python3.10/dist-packages:${PYTHONPATH} /usr/bin/cmake --install /home/rosdev/ros2_ws/build/tf2_bullet
