-- Found ament_cmake: 1.3.11 (/opt/ros/humble/share/ament_cmake/cmake)
-- Override CMake install command with custom implementation using symlinks instead of copying resources
-- Found console_bridge_vendor: 1.4.1 (/opt/ros/humble/share/console_bridge_vendor/cmake)
-- Found builtin_interfaces: 1.2.1 (/opt/ros/humble/share/builtin_interfaces/cmake)
-- Found rosidl_generator_c: 3.1.6 (/opt/ros/humble/share/rosidl_generator_c/cmake)
-- Found rosidl_adapter: 3.1.6 (/opt/ros/humble/share/rosidl_adapter/cmake)
-- Found rosidl_generator_cpp: 3.1.6 (/opt/ros/humble/share/rosidl_generator_cpp/cmake)
-- Using all available rosidl_typesupport_c: rosidl_typesupport_fastrtps_c;rosidl_typesupport_introspection_c
-- Using all available rosidl_typesupport_cpp: rosidl_typesupport_fastrtps_cpp;rosidl_typesupport_introspection_cpp
-- Found geometry_msgs: 4.8.0 (/opt/ros/humble/share/geometry_msgs/cmake)
-- Found ament_cmake_google_benchmark: 1.3.11 (/opt/ros/humble/share/ament_cmake_google_benchmark/cmake)
-- Found ament_cmake_copyright: 0.12.12 (/opt/ros/humble/share/ament_cmake_copyright/cmake)
-- Found ament_cmake_cppcheck: 0.12.12 (/opt/ros/humble/share/ament_cmake_cppcheck/cmake)
-- Found ament_cmake_cpplint: 0.12.12 (/opt/ros/humble/share/ament_cmake_cpplint/cmake)
-- Found ament_cmake_lint_cmake: 0.12.12 (/opt/ros/humble/share/ament_cmake_lint_cmake/cmake)
-- Found ament_cmake_uncrustify: 0.12.12 (/opt/ros/humble/share/ament_cmake_uncrustify/cmake)
-- Found ament_cmake_xmllint: 0.12.12 (/opt/ros/humble/share/ament_cmake_xmllint/cmake)
-- Found ament_cmake_gtest: 1.3.11 (/opt/ros/humble/share/ament_cmake_gtest/cmake)
-- Found gtest sources under '/opt/ros/humble/src/gtest_vendor': C++ tests using 'Google Test' will be built
-- Performance tests are disabled by default, so Google Benchmark tests will be skipped. To enable these tests, set the CMake variable 'AMENT_RUN_PERFORMANCE_TESTS'.
-- Configuring done
-- Generating done
-- Build files have been written to: /home/rosdev/ros2_ws/build/tf2
[35m[1mConsolidate compiler generated dependencies of target tf2[0m
[ 23%] Built target tf2
[35m[1mConsolidate compiler generated dependencies of target gtest[0m
[ 33%] Built target gtest
[35m[1mConsolidate compiler generated dependencies of target cache_benchmark[0m
[ 42%] Built target cache_benchmark
[35m[1mConsolidate compiler generated dependencies of target gtest_main[0m
[ 52%] Built target gtest_main
[35m[1mConsolidate compiler generated dependencies of target test_cache_unittest[0m
[ 61%] Built target test_cache_unittest
[35m[1mConsolidate compiler generated dependencies of target test_storage[0m
[ 71%] Built target test_storage
[35m[1mConsolidate compiler generated dependencies of target test_time[0m
[ 80%] Built target test_time
[35m[1mConsolidate compiler generated dependencies of target test_simple_tf2_core[0m
[ 90%] Built target test_simple_tf2_core
[35m[1mConsolidate compiler generated dependencies of target test_static_cache_unittest[0m
[100%] Built target test_static_cache_unittest
-- Install configuration: ""
-- Execute custom install script
-- Up-to-date symlink: /home/rosdev/ros2_ws/install/tf2/include/tf2/tf2/LinearMath/Matrix3x3.h
-- Up-to-date symlink: /home/rosdev/ros2_ws/install/tf2/include/tf2/tf2/LinearMath/MinMax.h
-- Up-to-date symlink: /home/rosdev/ros2_ws/install/tf2/include/tf2/tf2/LinearMath/QuadWord.h
-- Up-to-date symlink: /home/rosdev/ros2_ws/install/tf2/include/tf2/tf2/LinearMath/Quaternion.h
-- Up-to-date symlink: /home/rosdev/ros2_ws/install/tf2/include/tf2/tf2/LinearMath/Scalar.h
-- Up-to-date symlink: /home/rosdev/ros2_ws/install/tf2/include/tf2/tf2/LinearMath/Transform.h
-- Up-to-date symlink: /home/rosdev/ros2_ws/install/tf2/include/tf2/tf2/LinearMath/Vector3.h
-- Up-to-date symlink: /home/rosdev/ros2_ws/install/tf2/include/tf2/tf2/buffer_core.h
-- Up-to-date symlink: /home/rosdev/ros2_ws/install/tf2/include/tf2/tf2/buffer_core_interface.h
-- Up-to-date symlink: /home/rosdev/ros2_ws/install/tf2/include/tf2/tf2/convert.h
-- Up-to-date symlink: /home/rosdev/ros2_ws/install/tf2/include/tf2/tf2/exceptions.h
-- Up-to-date symlink: /home/rosdev/ros2_ws/install/tf2/include/tf2/tf2/impl/convert.h
-- Up-to-date symlink: /home/rosdev/ros2_ws/install/tf2/include/tf2/tf2/impl/utils.h
-- Up-to-date symlink: /home/rosdev/ros2_ws/install/tf2/include/tf2/tf2/time.h
-- Up-to-date symlink: /home/rosdev/ros2_ws/install/tf2/include/tf2/tf2/time_cache.h
-- Up-to-date symlink: /home/rosdev/ros2_ws/install/tf2/include/tf2/tf2/transform_datatypes.h
-- Up-to-date symlink: /home/rosdev/ros2_ws/install/tf2/include/tf2/tf2/transform_storage.h
-- Up-to-date symlink: /home/rosdev/ros2_ws/install/tf2/include/tf2/tf2/utils.h
-- Up-to-date symlink: /home/rosdev/ros2_ws/install/tf2/include/tf2/tf2/visibility_control.h
-- Up-to-date symlink: /home/rosdev/ros2_ws/install/tf2/share/tf2/environment/library_path.sh
-- Up-to-date symlink: /home/rosdev/ros2_ws/install/tf2/share/tf2/environment/library_path.dsv
-- Up-to-date symlink: /home/rosdev/ros2_ws/install/tf2/share/ament_index/resource_index/package_run_dependencies/tf2
-- Up-to-date symlink: /home/rosdev/ros2_ws/install/tf2/share/ament_index/resource_index/parent_prefix_path/tf2
-- Up-to-date symlink: /home/rosdev/ros2_ws/install/tf2/share/tf2/environment/ament_prefix_path.sh
-- Up-to-date symlink: /home/rosdev/ros2_ws/install/tf2/share/tf2/environment/ament_prefix_path.dsv
-- Up-to-date symlink: /home/rosdev/ros2_ws/install/tf2/share/tf2/environment/path.sh
-- Up-to-date symlink: /home/rosdev/ros2_ws/install/tf2/share/tf2/environment/path.dsv
-- Up-to-date symlink: /home/rosdev/ros2_ws/install/tf2/share/tf2/local_setup.bash
-- Up-to-date symlink: /home/rosdev/ros2_ws/install/tf2/share/tf2/local_setup.sh
-- Up-to-date symlink: /home/rosdev/ros2_ws/install/tf2/share/tf2/local_setup.zsh
-- Up-to-date symlink: /home/rosdev/ros2_ws/install/tf2/share/tf2/local_setup.dsv
-- Symlinking: /home/rosdev/ros2_ws/install/tf2/share/tf2/package.dsv
-- Up-to-date symlink: /home/rosdev/ros2_ws/install/tf2/share/ament_index/resource_index/packages/tf2
-- Up-to-date symlink: /home/rosdev/ros2_ws/install/tf2/share/tf2/cmake/ament_cmake_export_dependencies-extras.cmake
-- Up-to-date symlink: /home/rosdev/ros2_ws/install/tf2/share/tf2/cmake/ament_cmake_export_include_directories-extras.cmake
-- Up-to-date symlink: /home/rosdev/ros2_ws/install/tf2/share/tf2/cmake/ament_cmake_export_libraries-extras.cmake
-- Up-to-date symlink: /home/rosdev/ros2_ws/install/tf2/share/tf2/cmake/ament_cmake_export_targets-extras.cmake
-- Up-to-date symlink: /home/rosdev/ros2_ws/install/tf2/share/tf2/cmake/tf2Config.cmake
-- Up-to-date symlink: /home/rosdev/ros2_ws/install/tf2/share/tf2/cmake/tf2Config-version.cmake
-- Up-to-date symlink: /home/rosdev/ros2_ws/install/tf2/share/tf2/package.xml
-- Up-to-date: /home/rosdev/ros2_ws/install/tf2/lib/libtf2.so
-- Up-to-date: /home/rosdev/ros2_ws/install/tf2/share/tf2/cmake/export_tf2Export.cmake
-- Up-to-date: /home/rosdev/ros2_ws/install/tf2/share/tf2/cmake/export_tf2Export-noconfig.cmake
