[1.167s] Invoking command in '/home/rosdev/ros2_ws/src/yolo_ros/yolo_ros': CMAKE_PREFIX_PATH=/home/rosdev/ros2_ws/install/yolo_msgs:/home/rosdev/ros2_ws/install/cv_bridge:/home/rosdev/ros2_ws/install/yolo_bringup:/home/rosdev/ros2_ws/install/vision_opencv:/home/rosdev/ros2_ws/install/geometry2:/home/rosdev/ros2_ws/install/tf2_sensor_msgs:/home/rosdev/ros2_ws/install/test_tf2:/home/rosdev/ros2_ws/install/tf2_kdl:/home/rosdev/ros2_ws/install/tf2_geometry_msgs:/home/rosdev/ros2_ws/install/tf2_eigen:/home/rosdev/ros2_ws/install/tf2_bullet:/home/rosdev/ros2_ws/install/realsense2_camera:/home/rosdev/ros2_ws/install/tf2_ros:/home/rosdev/ros2_ws/install/tf2_py:/home/rosdev/ros2_ws/install/tf2_msgs:/home/rosdev/ros2_ws/install/tf2_eigen_kdl:/home/rosdev/ros2_ws/install/tf2:/home/rosdev/ros2_ws/install/realsense2_description:/home/rosdev/ros2_ws/install/realsense2_camera_msgs:/home/rosdev/ros2_ws/install/image_geometry LD_LIBRARY_PATH=/home/rosdev/ros2_ws/install/yolo_msgs/lib:/home/rosdev/ros2_ws/install/cv_bridge/lib:/home/rosdev/ros2_ws/install/realsense2_camera/lib:/home/rosdev/ros2_ws/install/tf2_ros/lib:/home/rosdev/ros2_ws/install/tf2_msgs/lib:/home/rosdev/ros2_ws/install/tf2_eigen_kdl/lib:/home/rosdev/ros2_ws/install/tf2/lib:/home/rosdev/ros2_ws/install/realsense2_camera_msgs/lib:/home/rosdev/ros2_ws/install/image_geometry/lib:/opt/ros/humble/lib/aarch64-linux-gnu:/opt/ros/humble/lib PYTHONPATH=/home/rosdev/ros2_ws/build/yolo_ros/prefix_override:/usr/lib/python3/dist-packages/colcon_core/task/python/colcon_distutils_commands:/home/rosdev/ros2_ws/install/yolo_ros/lib/python3.10/site-packages:${PYTHONPATH} /usr/bin/python3 -W ignore:setup.py install is deprecated -W ignore:easy_install command is deprecated setup.py egg_info --egg-base ../../../build/yolo_ros build --build-base /home/rosdev/ros2_ws/build/yolo_ros/build install --record /home/rosdev/ros2_ws/build/yolo_ros/install.log --single-version-externally-managed install_data
[1.610s] running egg_info
[1.612s] creating ../../../build/yolo_ros/yolo_ros.egg-info
[1.613s] writing ../../../build/yolo_ros/yolo_ros.egg-info/PKG-INFO
[1.613s] writing dependency_links to ../../../build/yolo_ros/yolo_ros.egg-info/dependency_links.txt
[1.614s] writing entry points to ../../../build/yolo_ros/yolo_ros.egg-info/entry_points.txt
[1.615s] writing requirements to ../../../build/yolo_ros/yolo_ros.egg-info/requires.txt
[1.615s] writing top-level names to ../../../build/yolo_ros/yolo_ros.egg-info/top_level.txt
[1.616s] writing manifest file '../../../build/yolo_ros/yolo_ros.egg-info/SOURCES.txt'
[1.621s] reading manifest file '../../../build/yolo_ros/yolo_ros.egg-info/SOURCES.txt'
[1.623s] writing manifest file '../../../build/yolo_ros/yolo_ros.egg-info/SOURCES.txt'
[1.624s] running build
[1.625s] running build_py
[1.625s] creating /home/rosdev/ros2_ws/build/yolo_ros/build
[1.625s] creating /home/rosdev/ros2_ws/build/yolo_ros/build/lib
[1.626s] creating /home/rosdev/ros2_ws/build/yolo_ros/build/lib/yolo_ros
[1.626s] copying yolo_ros/yolo_node.py -> /home/rosdev/ros2_ws/build/yolo_ros/build/lib/yolo_ros
[1.626s] copying yolo_ros/detect_3d_node.py -> /home/rosdev/ros2_ws/build/yolo_ros/build/lib/yolo_ros
[1.626s] copying yolo_ros/__init__.py -> /home/rosdev/ros2_ws/build/yolo_ros/build/lib/yolo_ros
[1.626s] copying yolo_ros/tracking_node.py -> /home/rosdev/ros2_ws/build/yolo_ros/build/lib/yolo_ros
[1.627s] copying yolo_ros/debug_node.py -> /home/rosdev/ros2_ws/build/yolo_ros/build/lib/yolo_ros
[1.627s] running install
[1.628s] running install_lib
[1.633s] creating /home/rosdev/ros2_ws/install/yolo_ros/lib/python3.10/site-packages/yolo_ros
[1.633s] copying /home/rosdev/ros2_ws/build/yolo_ros/build/lib/yolo_ros/yolo_node.py -> /home/rosdev/ros2_ws/install/yolo_ros/lib/python3.10/site-packages/yolo_ros
[1.634s] copying /home/rosdev/ros2_ws/build/yolo_ros/build/lib/yolo_ros/detect_3d_node.py -> /home/rosdev/ros2_ws/install/yolo_ros/lib/python3.10/site-packages/yolo_ros
[1.635s] copying /home/rosdev/ros2_ws/build/yolo_ros/build/lib/yolo_ros/__init__.py -> /home/rosdev/ros2_ws/install/yolo_ros/lib/python3.10/site-packages/yolo_ros
[1.635s] copying /home/rosdev/ros2_ws/build/yolo_ros/build/lib/yolo_ros/tracking_node.py -> /home/rosdev/ros2_ws/install/yolo_ros/lib/python3.10/site-packages/yolo_ros
[1.636s] copying /home/rosdev/ros2_ws/build/yolo_ros/build/lib/yolo_ros/debug_node.py -> /home/rosdev/ros2_ws/install/yolo_ros/lib/python3.10/site-packages/yolo_ros
[1.640s] byte-compiling /home/rosdev/ros2_ws/install/yolo_ros/lib/python3.10/site-packages/yolo_ros/yolo_node.py to yolo_node.cpython-310.pyc
[1.644s] byte-compiling /home/rosdev/ros2_ws/install/yolo_ros/lib/python3.10/site-packages/yolo_ros/detect_3d_node.py to detect_3d_node.cpython-310.pyc
[1.648s] byte-compiling /home/rosdev/ros2_ws/install/yolo_ros/lib/python3.10/site-packages/yolo_ros/__init__.py to __init__.cpython-310.pyc
[1.649s] byte-compiling /home/rosdev/ros2_ws/install/yolo_ros/lib/python3.10/site-packages/yolo_ros/tracking_node.py to tracking_node.cpython-310.pyc
[1.652s] byte-compiling /home/rosdev/ros2_ws/install/yolo_ros/lib/python3.10/site-packages/yolo_ros/debug_node.py to debug_node.cpython-310.pyc
[1.657s] running install_data
[1.657s] creating /home/rosdev/ros2_ws/install/yolo_ros/share/ament_index
[1.658s] creating /home/rosdev/ros2_ws/install/yolo_ros/share/ament_index/resource_index
[1.658s] creating /home/rosdev/ros2_ws/install/yolo_ros/share/ament_index/resource_index/packages
[1.658s] copying resource/yolo_ros -> /home/rosdev/ros2_ws/install/yolo_ros/share/ament_index/resource_index/packages
[1.659s] copying package.xml -> /home/rosdev/ros2_ws/install/yolo_ros/share/yolo_ros
[1.659s] running install_egg_info
[1.665s] Copying ../../../build/yolo_ros/yolo_ros.egg-info to /home/rosdev/ros2_ws/install/yolo_ros/lib/python3.10/site-packages/yolo_ros-0.0.0-py3.10.egg-info
[1.668s] running install_scripts
[1.712s] Installing debug_node script to /home/rosdev/ros2_ws/install/yolo_ros/lib/yolo_ros
[1.713s] Installing detect_3d_node script to /home/rosdev/ros2_ws/install/yolo_ros/lib/yolo_ros
[1.714s] Installing tracking_node script to /home/rosdev/ros2_ws/install/yolo_ros/lib/yolo_ros
[1.714s] Installing yolo_node script to /home/rosdev/ros2_ws/install/yolo_ros/lib/yolo_ros
[1.716s] writing list of installed files to '/home/rosdev/ros2_ws/build/yolo_ros/install.log'
[1.807s] Invoked command in '/home/rosdev/ros2_ws/src/yolo_ros/yolo_ros' returned '0': CMAKE_PREFIX_PATH=/home/rosdev/ros2_ws/install/yolo_msgs:/home/rosdev/ros2_ws/install/cv_bridge:/home/rosdev/ros2_ws/install/yolo_bringup:/home/rosdev/ros2_ws/install/vision_opencv:/home/rosdev/ros2_ws/install/geometry2:/home/rosdev/ros2_ws/install/tf2_sensor_msgs:/home/rosdev/ros2_ws/install/test_tf2:/home/rosdev/ros2_ws/install/tf2_kdl:/home/rosdev/ros2_ws/install/tf2_geometry_msgs:/home/rosdev/ros2_ws/install/tf2_eigen:/home/rosdev/ros2_ws/install/tf2_bullet:/home/rosdev/ros2_ws/install/realsense2_camera:/home/rosdev/ros2_ws/install/tf2_ros:/home/rosdev/ros2_ws/install/tf2_py:/home/rosdev/ros2_ws/install/tf2_msgs:/home/rosdev/ros2_ws/install/tf2_eigen_kdl:/home/rosdev/ros2_ws/install/tf2:/home/rosdev/ros2_ws/install/realsense2_description:/home/rosdev/ros2_ws/install/realsense2_camera_msgs:/home/rosdev/ros2_ws/install/image_geometry LD_LIBRARY_PATH=/home/rosdev/ros2_ws/install/yolo_msgs/lib:/home/rosdev/ros2_ws/install/cv_bridge/lib:/home/rosdev/ros2_ws/install/realsense2_camera/lib:/home/rosdev/ros2_ws/install/tf2_ros/lib:/home/rosdev/ros2_ws/install/tf2_msgs/lib:/home/rosdev/ros2_ws/install/tf2_eigen_kdl/lib:/home/rosdev/ros2_ws/install/tf2/lib:/home/rosdev/ros2_ws/install/realsense2_camera_msgs/lib:/home/rosdev/ros2_ws/install/image_geometry/lib:/opt/ros/humble/lib/aarch64-linux-gnu:/opt/ros/humble/lib PYTHONPATH=/home/rosdev/ros2_ws/build/yolo_ros/prefix_override:/usr/lib/python3/dist-packages/colcon_core/task/python/colcon_distutils_commands:/home/rosdev/ros2_ws/install/yolo_ros/lib/python3.10/site-packages:${PYTHONPATH} /usr/bin/python3 -W ignore:setup.py install is deprecated -W ignore:easy_install command is deprecated setup.py egg_info --egg-base ../../../build/yolo_ros build --build-base /home/rosdev/ros2_ws/build/yolo_ros/build install --record /home/rosdev/ros2_ws/build/yolo_ros/install.log --single-version-externally-managed install_data
