[0.019s] Invoking command in '/home/rosdev/ros2_ws/build/realsense2_description': AMENT_PREFIX_PATH=/home/rosdev/ros2_ws/install/realsense2_camera_msgs:${AMENT_PREFIX_PATH} CMAKE_PREFIX_PATH=/home/rosdev/ros2_ws/install/realsense2_camera_msgs:/opt/ros/humble LD_LIBRARY_PATH=/home/rosdev/ros2_ws/install/realsense2_camera_msgs/lib:${LD_LIBRARY_PATH} PYTHONPATH=/home/rosdev/ros2_ws/install/realsense2_camera_msgs/local/lib/python3.10/dist-packages:${PYTHONPATH} /usr/bin/cmake /home/rosdev/ros2_ws/src/realsense-ros/realsense2_description -DAMENT_CMAKE_SYMLINK_INSTALL=1 -DCMAKE_INSTALL_PREFIX=/home/rosdev/ros2_ws/install/realsense2_description
[0.144s] -- The C compiler identification is GNU 11.4.0
[0.237s] -- The CXX compiler identification is GNU 11.4.0
[0.248s] -- Detecting C compiler ABI info
[0.380s] -- Detecting C compiler ABI info - done
[0.390s] -- Check for working C compiler: /usr/bin/cc - skipped
[0.391s] -- Detecting C compile features
[0.391s] -- Detecting C compile features - done
[0.395s] -- Detecting CXX compiler ABI info
[0.553s] -- Detecting CXX compiler ABI info - done
[0.564s] -- Check for working CXX compiler: /usr/bin/c++ - skipped
[0.564s] -- Detecting CXX compile features
[0.565s] -- Detecting CXX compile features - done
[0.572s] -- Found ament_cmake: 1.3.11 (/opt/ros/humble/share/ament_cmake/cmake)
[0.820s] -- Found Python3: /usr/bin/python3 (found version "3.10.12") found components: Interpreter 
[0.974s] -- Override CMake install command with custom implementation using symlinks instead of copying resources
[1.165s] -- Configuring done
[1.171s] -- Generating done
[1.173s] -- Build files have been written to: /home/rosdev/ros2_ws/build/realsense2_description
[1.189s] Invoked command in '/home/rosdev/ros2_ws/build/realsense2_description' returned '0': AMENT_PREFIX_PATH=/home/rosdev/ros2_ws/install/realsense2_camera_msgs:${AMENT_PREFIX_PATH} CMAKE_PREFIX_PATH=/home/rosdev/ros2_ws/install/realsense2_camera_msgs:/opt/ros/humble LD_LIBRARY_PATH=/home/rosdev/ros2_ws/install/realsense2_camera_msgs/lib:${LD_LIBRARY_PATH} PYTHONPATH=/home/rosdev/ros2_ws/install/realsense2_camera_msgs/local/lib/python3.10/dist-packages:${PYTHONPATH} /usr/bin/cmake /home/rosdev/ros2_ws/src/realsense-ros/realsense2_description -DAMENT_CMAKE_SYMLINK_INSTALL=1 -DCMAKE_INSTALL_PREFIX=/home/rosdev/ros2_ws/install/realsense2_description
[1.189s] Invoking command in '/home/rosdev/ros2_ws/build/realsense2_description': AMENT_PREFIX_PATH=/home/rosdev/ros2_ws/install/realsense2_camera_msgs:${AMENT_PREFIX_PATH} CMAKE_PREFIX_PATH=/home/rosdev/ros2_ws/install/realsense2_camera_msgs:/opt/ros/humble LD_LIBRARY_PATH=/home/rosdev/ros2_ws/install/realsense2_camera_msgs/lib:${LD_LIBRARY_PATH} PYTHONPATH=/home/rosdev/ros2_ws/install/realsense2_camera_msgs/local/lib/python3.10/dist-packages:${PYTHONPATH} /usr/bin/cmake --build /home/rosdev/ros2_ws/build/realsense2_description -- -j12 -l12
[1.288s] Invoked command in '/home/rosdev/ros2_ws/build/realsense2_description' returned '0': AMENT_PREFIX_PATH=/home/rosdev/ros2_ws/install/realsense2_camera_msgs:${AMENT_PREFIX_PATH} CMAKE_PREFIX_PATH=/home/rosdev/ros2_ws/install/realsense2_camera_msgs:/opt/ros/humble LD_LIBRARY_PATH=/home/rosdev/ros2_ws/install/realsense2_camera_msgs/lib:${LD_LIBRARY_PATH} PYTHONPATH=/home/rosdev/ros2_ws/install/realsense2_camera_msgs/local/lib/python3.10/dist-packages:${PYTHONPATH} /usr/bin/cmake --build /home/rosdev/ros2_ws/build/realsense2_description -- -j12 -l12
[1.289s] Invoking command in '/home/rosdev/ros2_ws/build/realsense2_description': AMENT_PREFIX_PATH=/home/rosdev/ros2_ws/install/realsense2_camera_msgs:${AMENT_PREFIX_PATH} CMAKE_PREFIX_PATH=/home/rosdev/ros2_ws/install/realsense2_camera_msgs:/opt/ros/humble LD_LIBRARY_PATH=/home/rosdev/ros2_ws/install/realsense2_camera_msgs/lib:${LD_LIBRARY_PATH} PYTHONPATH=/home/rosdev/ros2_ws/install/realsense2_camera_msgs/local/lib/python3.10/dist-packages:${PYTHONPATH} /usr/bin/cmake --install /home/rosdev/ros2_ws/build/realsense2_description
[1.301s] -- Install configuration: ""
[1.301s] -- Execute custom install script
[1.303s] -- Symlinking: /home/rosdev/ros2_ws/install/realsense2_description/share/realsense2_description/launch/launch_utils.py
[1.319s] -- Symlinking: /home/rosdev/ros2_ws/install/realsense2_description/share/realsense2_description/launch/view_model.launch.py
[1.337s] -- Symlinking: /home/rosdev/ros2_ws/install/realsense2_description/share/realsense2_description/meshes/d415.stl
[1.359s] -- Symlinking: /home/rosdev/ros2_ws/install/realsense2_description/share/realsense2_description/meshes/d435.dae
[1.378s] -- Symlinking: /home/rosdev/ros2_ws/install/realsense2_description/share/realsense2_description/meshes/d455.stl
[1.397s] -- Symlinking: /home/rosdev/ros2_ws/install/realsense2_description/share/realsense2_description/meshes/l515.dae
[1.416s] -- Symlinking: /home/rosdev/ros2_ws/install/realsense2_description/share/realsense2_description/meshes/plug.stl
[1.432s] -- Symlinking: /home/rosdev/ros2_ws/install/realsense2_description/share/realsense2_description/meshes/plug_collision.stl
[1.452s] -- Symlinking: /home/rosdev/ros2_ws/install/realsense2_description/share/realsense2_description/rviz/urdf.rviz
[1.469s] -- Symlinking: /home/rosdev/ros2_ws/install/realsense2_description/share/realsense2_description/urdf/_d415.urdf.xacro
[1.488s] -- Symlinking: /home/rosdev/ros2_ws/install/realsense2_description/share/realsense2_description/urdf/_d435.urdf.xacro
[1.515s] -- Symlinking: /home/rosdev/ros2_ws/install/realsense2_description/share/realsense2_description/urdf/_d435i.urdf.xacro
[1.533s] -- Symlinking: /home/rosdev/ros2_ws/install/realsense2_description/share/realsense2_description/urdf/_d435i_imu_modules.urdf.xacro
[1.550s] -- Symlinking: /home/rosdev/ros2_ws/install/realsense2_description/share/realsense2_description/urdf/_d455.urdf.xacro
[1.570s] -- Symlinking: /home/rosdev/ros2_ws/install/realsense2_description/share/realsense2_description/urdf/_l515.urdf.xacro
[1.583s] -- Symlinking: /home/rosdev/ros2_ws/install/realsense2_description/share/realsense2_description/urdf/_materials.urdf.xacro
[1.600s] -- Symlinking: /home/rosdev/ros2_ws/install/realsense2_description/share/realsense2_description/urdf/_r410.urdf.xacro
[1.617s] -- Symlinking: /home/rosdev/ros2_ws/install/realsense2_description/share/realsense2_description/urdf/_r430.urdf.xacro
[1.635s] -- Symlinking: /home/rosdev/ros2_ws/install/realsense2_description/share/realsense2_description/urdf/_usb_plug.urdf.xacro
[1.650s] -- Symlinking: /home/rosdev/ros2_ws/install/realsense2_description/share/realsense2_description/urdf/test_d415_camera.urdf.xacro
[1.665s] -- Symlinking: /home/rosdev/ros2_ws/install/realsense2_description/share/realsense2_description/urdf/test_d435_camera.urdf.xacro
[1.679s] -- Symlinking: /home/rosdev/ros2_ws/install/realsense2_description/share/realsense2_description/urdf/test_d435_multiple_cameras.urdf.xacro
[1.696s] -- Symlinking: /home/rosdev/ros2_ws/install/realsense2_description/share/realsense2_description/urdf/test_d435i_camera.urdf.xacro
[1.717s] -- Symlinking: /home/rosdev/ros2_ws/install/realsense2_description/share/realsense2_description/urdf/test_d455_camera.urdf.xacro
[1.731s] -- Symlinking: /home/rosdev/ros2_ws/install/realsense2_description/share/realsense2_description/urdf/test_l515_camera.urdf.xacro
[1.748s] -- Symlinking: /home/rosdev/ros2_ws/install/realsense2_description/share/realsense2_description/urdf/test_r410_camera.urdf.xacro
[1.764s] -- Symlinking: /home/rosdev/ros2_ws/install/realsense2_description/share/realsense2_description/urdf/test_r430_camera.urdf.xacro
[1.777s] -- Symlinking: /home/rosdev/ros2_ws/install/realsense2_description/share/ament_index/resource_index/package_run_dependencies/realsense2_description
[1.792s] -- Symlinking: /home/rosdev/ros2_ws/install/realsense2_description/share/ament_index/resource_index/parent_prefix_path/realsense2_description
[1.813s] -- Symlinking: /home/rosdev/ros2_ws/install/realsense2_description/share/realsense2_description/environment/ament_prefix_path.sh
[1.826s] -- Symlinking: /home/rosdev/ros2_ws/install/realsense2_description/share/realsense2_description/environment/ament_prefix_path.dsv
[1.843s] -- Symlinking: /home/rosdev/ros2_ws/install/realsense2_description/share/realsense2_description/environment/path.sh
[1.860s] -- Symlinking: /home/rosdev/ros2_ws/install/realsense2_description/share/realsense2_description/environment/path.dsv
[1.874s] -- Symlinking: /home/rosdev/ros2_ws/install/realsense2_description/share/realsense2_description/local_setup.bash
[1.889s] -- Symlinking: /home/rosdev/ros2_ws/install/realsense2_description/share/realsense2_description/local_setup.sh
[1.911s] -- Symlinking: /home/rosdev/ros2_ws/install/realsense2_description/share/realsense2_description/local_setup.zsh
[1.929s] -- Symlinking: /home/rosdev/ros2_ws/install/realsense2_description/share/realsense2_description/local_setup.dsv
[1.947s] -- Symlinking: /home/rosdev/ros2_ws/install/realsense2_description/share/realsense2_description/package.dsv
[1.964s] -- Symlinking: /home/rosdev/ros2_ws/install/realsense2_description/share/ament_index/resource_index/packages/realsense2_description
[1.980s] -- Symlinking: /home/rosdev/ros2_ws/install/realsense2_description/share/realsense2_description/cmake/realsense2_descriptionConfig.cmake
[1.996s] -- Symlinking: /home/rosdev/ros2_ws/install/realsense2_description/share/realsense2_description/cmake/realsense2_descriptionConfig-version.cmake
[2.014s] -- Symlinking: /home/rosdev/ros2_ws/install/realsense2_description/share/realsense2_description/package.xml
[2.039s] Invoked command in '/home/rosdev/ros2_ws/build/realsense2_description' returned '0': AMENT_PREFIX_PATH=/home/rosdev/ros2_ws/install/realsense2_camera_msgs:${AMENT_PREFIX_PATH} CMAKE_PREFIX_PATH=/home/rosdev/ros2_ws/install/realsense2_camera_msgs:/opt/ros/humble LD_LIBRARY_PATH=/home/rosdev/ros2_ws/install/realsense2_camera_msgs/lib:${LD_LIBRARY_PATH} PYTHONPATH=/home/rosdev/ros2_ws/install/realsense2_camera_msgs/local/lib/python3.10/dist-packages:${PYTHONPATH} /usr/bin/cmake --install /home/rosdev/ros2_ws/build/realsense2_description
