[0.050s] Invoking command in '/home/rosdev/ros2_ws/build/tf2': CMAKE_PREFIX_PATH=/opt/ros/humble /usr/bin/cmake --build /home/rosdev/ros2_ws/build/tf2 -- -j12 -l12
[0.267s] [ 23%] Built target tf2
[0.278s] [ 33%] Built target gtest
[0.299s] [ 42%] Built target gtest_main
[0.437s] [ 52%] Built target test_static_cache_unittest
[0.475s] [ 61%] Built target cache_benchmark
[0.479s] [ 71%] Built target test_time
[0.496s] [ 80%] Built target test_storage
[0.497s] [ 90%] Built target test_simple_tf2_core
[0.544s] [100%] Built target test_cache_unittest
[0.635s] Invoked command in '/home/rosdev/ros2_ws/build/tf2' returned '0': CMAKE_PREFIX_PATH=/opt/ros/humble /usr/bin/cmake --build /home/rosdev/ros2_ws/build/tf2 -- -j12 -l12
[0.669s] Invoking command in '/home/rosdev/ros2_ws/build/tf2': CMAKE_PREFIX_PATH=/opt/ros/humble /usr/bin/cmake --install /home/rosdev/ros2_ws/build/tf2
[0.704s] -- Install configuration: ""
[0.704s] -- Execute custom install script
[0.704s] -- Up-to-date symlink: /home/rosdev/ros2_ws/install/tf2/include/tf2/tf2/LinearMath/Matrix3x3.h
[0.704s] -- Up-to-date symlink: /home/rosdev/ros2_ws/install/tf2/include/tf2/tf2/LinearMath/MinMax.h
[0.704s] -- Up-to-date symlink: /home/rosdev/ros2_ws/install/tf2/include/tf2/tf2/LinearMath/QuadWord.h
[0.704s] -- Up-to-date symlink: /home/rosdev/ros2_ws/install/tf2/include/tf2/tf2/LinearMath/Quaternion.h
[0.704s] -- Up-to-date symlink: /home/rosdev/ros2_ws/install/tf2/include/tf2/tf2/LinearMath/Scalar.h
[0.704s] -- Up-to-date symlink: /home/rosdev/ros2_ws/install/tf2/include/tf2/tf2/LinearMath/Transform.h
[0.704s] -- Up-to-date symlink: /home/rosdev/ros2_ws/install/tf2/include/tf2/tf2/LinearMath/Vector3.h
[0.705s] -- Up-to-date symlink: /home/rosdev/ros2_ws/install/tf2/include/tf2/tf2/buffer_core.h
[0.718s] -- Up-to-date symlink: /home/rosdev/ros2_ws/install/tf2/include/tf2/tf2/buffer_core_interface.h
[0.718s] -- Up-to-date symlink: /home/rosdev/ros2_ws/install/tf2/include/tf2/tf2/convert.h
[0.719s] -- Up-to-date symlink: /home/rosdev/ros2_ws/install/tf2/include/tf2/tf2/exceptions.h
[0.719s] -- Up-to-date symlink: /home/rosdev/ros2_ws/install/tf2/include/tf2/tf2/impl/convert.h
[0.719s] -- Up-to-date symlink: /home/rosdev/ros2_ws/install/tf2/include/tf2/tf2/impl/utils.h
[0.719s] -- Up-to-date symlink: /home/rosdev/ros2_ws/install/tf2/include/tf2/tf2/time.h
[0.719s] -- Up-to-date symlink: /home/rosdev/ros2_ws/install/tf2/include/tf2/tf2/time_cache.h
[0.719s] -- Up-to-date symlink: /home/rosdev/ros2_ws/install/tf2/include/tf2/tf2/transform_datatypes.h
[0.719s] -- Up-to-date symlink: /home/rosdev/ros2_ws/install/tf2/include/tf2/tf2/transform_storage.h
[0.719s] -- Up-to-date symlink: /home/rosdev/ros2_ws/install/tf2/include/tf2/tf2/utils.h
[0.719s] -- Up-to-date symlink: /home/rosdev/ros2_ws/install/tf2/include/tf2/tf2/visibility_control.h
[0.721s] -- Up-to-date symlink: /home/rosdev/ros2_ws/install/tf2/share/tf2/environment/library_path.sh
[0.723s] -- Up-to-date symlink: /home/rosdev/ros2_ws/install/tf2/share/tf2/environment/library_path.dsv
[0.723s] -- Up-to-date symlink: /home/rosdev/ros2_ws/install/tf2/share/ament_index/resource_index/package_run_dependencies/tf2
[0.723s] -- Up-to-date symlink: /home/rosdev/ros2_ws/install/tf2/share/ament_index/resource_index/parent_prefix_path/tf2
[0.724s] -- Up-to-date symlink: /home/rosdev/ros2_ws/install/tf2/share/tf2/environment/ament_prefix_path.sh
[0.725s] -- Up-to-date symlink: /home/rosdev/ros2_ws/install/tf2/share/tf2/environment/ament_prefix_path.dsv
[0.727s] -- Up-to-date symlink: /home/rosdev/ros2_ws/install/tf2/share/tf2/environment/path.sh
[0.729s] -- Up-to-date symlink: /home/rosdev/ros2_ws/install/tf2/share/tf2/environment/path.dsv
[0.730s] -- Up-to-date symlink: /home/rosdev/ros2_ws/install/tf2/share/tf2/local_setup.bash
[0.730s] -- Up-to-date symlink: /home/rosdev/ros2_ws/install/tf2/share/tf2/local_setup.sh
[0.732s] -- Up-to-date symlink: /home/rosdev/ros2_ws/install/tf2/share/tf2/local_setup.zsh
[0.733s] -- Up-to-date symlink: /home/rosdev/ros2_ws/install/tf2/share/tf2/local_setup.dsv
[0.742s] -- Symlinking: /home/rosdev/ros2_ws/install/tf2/share/tf2/package.dsv
[0.758s] -- Up-to-date symlink: /home/rosdev/ros2_ws/install/tf2/share/ament_index/resource_index/packages/tf2
[0.759s] -- Up-to-date symlink: /home/rosdev/ros2_ws/install/tf2/share/tf2/cmake/ament_cmake_export_dependencies-extras.cmake
[0.759s] -- Up-to-date symlink: /home/rosdev/ros2_ws/install/tf2/share/tf2/cmake/ament_cmake_export_include_directories-extras.cmake
[0.759s] -- Up-to-date symlink: /home/rosdev/ros2_ws/install/tf2/share/tf2/cmake/ament_cmake_export_libraries-extras.cmake
[0.759s] -- Up-to-date symlink: /home/rosdev/ros2_ws/install/tf2/share/tf2/cmake/ament_cmake_export_targets-extras.cmake
[0.759s] -- Up-to-date symlink: /home/rosdev/ros2_ws/install/tf2/share/tf2/cmake/tf2Config.cmake
[0.760s] -- Up-to-date symlink: /home/rosdev/ros2_ws/install/tf2/share/tf2/cmake/tf2Config-version.cmake
[0.760s] -- Up-to-date symlink: /home/rosdev/ros2_ws/install/tf2/share/tf2/package.xml
[0.760s] -- Up-to-date: /home/rosdev/ros2_ws/install/tf2/lib/libtf2.so
[0.760s] -- Up-to-date: /home/rosdev/ros2_ws/install/tf2/share/tf2/cmake/export_tf2Export.cmake
[0.761s] -- Up-to-date: /home/rosdev/ros2_ws/install/tf2/share/tf2/cmake/export_tf2Export-noconfig.cmake
[0.775s] Invoked command in '/home/rosdev/ros2_ws/build/tf2' returned '0': CMAKE_PREFIX_PATH=/opt/ros/humble /usr/bin/cmake --install /home/rosdev/ros2_ws/build/tf2
