Built target ament_cmake_python_copy_aruco_pose_estimation
running egg_info
writing aruco_pose_estimation.egg-info/PKG-INFO
writing dependency_links to aruco_pose_estimation.egg-info/dependency_links.txt
writing top-level names to aruco_pose_estimation.egg-info/top_level.txt
reading manifest file 'aruco_pose_estimation.egg-info/SOURCES.txt'
writing manifest file 'aruco_pose_estimation.egg-info/SOURCES.txt'
Built target ament_cmake_python_build_aruco_pose_estimation_egg
-- Install configuration: ""
-- Up-to-date: /home/rosdev/ros2_ws/install/aruco_pose_estimation/share/aruco_pose_estimation/environment/pythonpath.sh
-- Up-to-date: /home/rosdev/ros2_ws/install/aruco_pose_estimation/share/aruco_pose_estimation/environment/pythonpath.dsv
-- Up-to-date: /home/rosdev/ros2_ws/install/aruco_pose_estimation/local/lib/python3.10/dist-packages/aruco_pose_estimation-2.0.0-py3.10.egg-info
-- Installing: /home/rosdev/ros2_ws/install/aruco_pose_estimation/local/lib/python3.10/dist-packages/aruco_pose_estimation-2.0.0-py3.10.egg-info/dependency_links.txt
-- Installing: /home/rosdev/ros2_ws/install/aruco_pose_estimation/local/lib/python3.10/dist-packages/aruco_pose_estimation-2.0.0-py3.10.egg-info/PKG-INFO
-- Installing: /home/rosdev/ros2_ws/install/aruco_pose_estimation/local/lib/python3.10/dist-packages/aruco_pose_estimation-2.0.0-py3.10.egg-info/SOURCES.txt
-- Installing: /home/rosdev/ros2_ws/install/aruco_pose_estimation/local/lib/python3.10/dist-packages/aruco_pose_estimation-2.0.0-py3.10.egg-info/top_level.txt
-- Up-to-date: /home/rosdev/ros2_ws/install/aruco_pose_estimation/local/lib/python3.10/dist-packages/aruco_pose_estimation
-- Up-to-date: /home/rosdev/ros2_ws/install/aruco_pose_estimation/local/lib/python3.10/dist-packages/aruco_pose_estimation/utils.py
-- Installing: /home/rosdev/ros2_ws/install/aruco_pose_estimation/local/lib/python3.10/dist-packages/aruco_pose_estimation/pose_estimation.py
-- Up-to-date: /home/rosdev/ros2_ws/install/aruco_pose_estimation/local/lib/python3.10/dist-packages/aruco_pose_estimation/__init__.py
Listing '/home/rosdev/ros2_ws/install/aruco_pose_estimation/local/lib/python3.10/dist-packages/aruco_pose_estimation'...
Compiling '/home/rosdev/ros2_ws/install/aruco_pose_estimation/local/lib/python3.10/dist-packages/aruco_pose_estimation/pose_estimation.py'...
-- Up-to-date: /home/rosdev/ros2_ws/install/aruco_pose_estimation/lib/aruco_pose_estimation/aruco_node.py
-- Up-to-date: /home/rosdev/ros2_ws/install/aruco_pose_estimation/share/aruco_pose_estimation/launch
-- Up-to-date: /home/rosdev/ros2_ws/install/aruco_pose_estimation/share/aruco_pose_estimation/launch/aruco_pose_estimation.launch.py
-- Up-to-date: /home/rosdev/ros2_ws/install/aruco_pose_estimation/share/aruco_pose_estimation/rviz
-- Up-to-date: /home/rosdev/ros2_ws/install/aruco_pose_estimation/share/aruco_pose_estimation/rviz/cam_detect.rviz
-- Up-to-date: /home/rosdev/ros2_ws/install/aruco_pose_estimation/share/aruco_pose_estimation/config
-- Up-to-date: /home/rosdev/ros2_ws/install/aruco_pose_estimation/share/aruco_pose_estimation/config/calibration_realsense.yaml
-- Up-to-date: /home/rosdev/ros2_ws/install/aruco_pose_estimation/share/aruco_pose_estimation/config/aruco_parameters.yaml
-- Up-to-date: /home/rosdev/ros2_ws/install/aruco_pose_estimation/share/ament_index/resource_index/package_run_dependencies/aruco_pose_estimation
-- Up-to-date: /home/rosdev/ros2_ws/install/aruco_pose_estimation/share/ament_index/resource_index/parent_prefix_path/aruco_pose_estimation
-- Up-to-date: /home/rosdev/ros2_ws/install/aruco_pose_estimation/share/aruco_pose_estimation/environment/ament_prefix_path.sh
-- Up-to-date: /home/rosdev/ros2_ws/install/aruco_pose_estimation/share/aruco_pose_estimation/environment/ament_prefix_path.dsv
-- Up-to-date: /home/rosdev/ros2_ws/install/aruco_pose_estimation/share/aruco_pose_estimation/environment/path.sh
-- Up-to-date: /home/rosdev/ros2_ws/install/aruco_pose_estimation/share/aruco_pose_estimation/environment/path.dsv
-- Up-to-date: /home/rosdev/ros2_ws/install/aruco_pose_estimation/share/aruco_pose_estimation/local_setup.bash
-- Up-to-date: /home/rosdev/ros2_ws/install/aruco_pose_estimation/share/aruco_pose_estimation/local_setup.sh
-- Up-to-date: /home/rosdev/ros2_ws/install/aruco_pose_estimation/share/aruco_pose_estimation/local_setup.zsh
-- Up-to-date: /home/rosdev/ros2_ws/install/aruco_pose_estimation/share/aruco_pose_estimation/local_setup.dsv
-- Installing: /home/rosdev/ros2_ws/install/aruco_pose_estimation/share/aruco_pose_estimation/package.dsv
-- Up-to-date: /home/rosdev/ros2_ws/install/aruco_pose_estimation/share/ament_index/resource_index/packages/aruco_pose_estimation
-- Up-to-date: /home/rosdev/ros2_ws/install/aruco_pose_estimation/share/aruco_pose_estimation/cmake/aruco_pose_estimationConfig.cmake
-- Up-to-date: /home/rosdev/ros2_ws/install/aruco_pose_estimation/share/aruco_pose_estimation/cmake/aruco_pose_estimationConfig-version.cmake
-- Up-to-date: /home/rosdev/ros2_ws/install/aruco_pose_estimation/share/aruco_pose_estimation/package.xml
