[0.040s] Invoking command in '/home/rosdev/ros2_ws/build/cv_bridge': CMAKE_PREFIX_PATH=/opt/ros/humble /usr/bin/cmake /home/rosdev/ros2_ws/src/vision_opencv/cv_bridge -DCMAKE_INSTALL_PREFIX=/home/rosdev/ros2_ws/install/cv_bridge
[0.060s] -- Found ament_cmake_ros: 0.10.0 (/opt/ros/humble/share/ament_cmake_ros/cmake)
[0.150s] -- Found Python3: /usr/bin/python3 (found version "3.10.12") found components: Interpreter 
[0.319s] -- Override CMake install command with custom implementation using symlinks instead of copying resources
[0.868s] -- Found Python3: /usr/include/python3.10 (found version "3.10.12") found components: Development NumPy Interpreter Development.Module Development.Embed 
[0.888s] -- Found rcpputils: 2.4.5 (/opt/ros/humble/share/rcpputils/cmake)
[0.904s] -- Found sensor_msgs: 4.8.0 (/opt/ros/humble/share/sensor_msgs/cmake)
[0.933s] -- Found rosidl_generator_c: 3.1.6 (/opt/ros/humble/share/rosidl_generator_c/cmake)
[0.938s] -- Found rosidl_adapter: 3.1.6 (/opt/ros/humble/share/rosidl_adapter/cmake)
[0.951s] -- Found rosidl_generator_cpp: 3.1.6 (/opt/ros/humble/share/rosidl_generator_cpp/cmake)
[0.969s] -- Using all available rosidl_typesupport_c: rosidl_typesupport_fastrtps_c;rosidl_typesupport_introspection_c
[0.991s] -- Using all available rosidl_typesupport_cpp: rosidl_typesupport_fastrtps_cpp;rosidl_typesupport_introspection_cpp
[1.279s] -- Found ament_lint_auto: 0.12.12 (/opt/ros/humble/share/ament_lint_auto/cmake)
[1.492s] -- Found gtest sources under '/opt/ros/humble/src/gtest_vendor': C++ tests using 'Google Test' will be built
[3.895s] -- Configuring done
[3.957s] -- Generating done
[3.976s] -- Build files have been written to: /home/rosdev/ros2_ws/build/cv_bridge
[4.333s] Invoked command in '/home/rosdev/ros2_ws/build/cv_bridge' returned '0': CMAKE_PREFIX_PATH=/opt/ros/humble /usr/bin/cmake /home/rosdev/ros2_ws/src/vision_opencv/cv_bridge -DCMAKE_INSTALL_PREFIX=/home/rosdev/ros2_ws/install/cv_bridge
[4.335s] Invoking command in '/home/rosdev/ros2_ws/build/cv_bridge': CMAKE_PREFIX_PATH=/opt/ros/humble /usr/bin/cmake --build /home/rosdev/ros2_ws/build/cv_bridge -- -j12 -l12
[4.409s] [35m[1mConsolidate compiler generated dependencies of target gtest[0m
[4.413s] [35m[1mConsolidate compiler generated dependencies of target cv_bridge[0m
[4.417s] [35m[1mConsolidate compiler generated dependencies of target gtest_main[0m
[4.442s] [  0%] Built target ament_cmake_python_symlink_cv_bridge
[4.442s] [ 18%] Built target cv_bridge
[4.446s] [ 31%] Built target gtest
[4.451s] [ 43%] Built target gtest_main
[4.480s] [35m[1mConsolidate compiler generated dependencies of target cv_bridge_boost[0m
[4.486s] [35m[1mConsolidate compiler generated dependencies of target cv_bridge-utest[0m
[4.526s] [ 62%] Built target cv_bridge_boost
[4.531s] [100%] Built target cv_bridge-utest
[4.803s] running egg_info
[4.804s] writing cv_bridge.egg-info/PKG-INFO
[4.805s] writing dependency_links to cv_bridge.egg-info/dependency_links.txt
[4.805s] writing top-level names to cv_bridge.egg-info/top_level.txt
[4.809s] reading manifest file 'cv_bridge.egg-info/SOURCES.txt'
[4.810s] writing manifest file 'cv_bridge.egg-info/SOURCES.txt'
[4.881s] [100%] Built target ament_cmake_python_build_cv_bridge_egg
[4.909s] Invoked command in '/home/rosdev/ros2_ws/build/cv_bridge' returned '0': CMAKE_PREFIX_PATH=/opt/ros/humble /usr/bin/cmake --build /home/rosdev/ros2_ws/build/cv_bridge -- -j12 -l12
[4.910s] Invoking command in '/home/rosdev/ros2_ws/build/cv_bridge': CMAKE_PREFIX_PATH=/opt/ros/humble /usr/bin/cmake --install /home/rosdev/ros2_ws/build/cv_bridge
[4.933s] -- Install configuration: ""
[4.934s] -- Execute custom install script
[4.934s] -- Up-to-date symlink: /home/rosdev/ros2_ws/install/cv_bridge/share/cv_bridge/environment/pythonpath.sh
[4.934s] -- Up-to-date symlink: /home/rosdev/ros2_ws/install/cv_bridge/share/cv_bridge/environment/pythonpath.dsv
[4.934s] -- Up-to-date symlink: /home/rosdev/ros2_ws/install/cv_bridge/local/lib/python3.10/dist-packages/cv_bridge-3.2.1-py3.10.egg-info/PKG-INFO
[4.934s] -- Up-to-date symlink: /home/rosdev/ros2_ws/install/cv_bridge/local/lib/python3.10/dist-packages/cv_bridge-3.2.1-py3.10.egg-info/SOURCES.txt
[4.934s] -- Up-to-date symlink: /home/rosdev/ros2_ws/install/cv_bridge/local/lib/python3.10/dist-packages/cv_bridge-3.2.1-py3.10.egg-info/dependency_links.txt
[4.934s] -- Up-to-date symlink: /home/rosdev/ros2_ws/install/cv_bridge/local/lib/python3.10/dist-packages/cv_bridge-3.2.1-py3.10.egg-info/top_level.txt
[4.935s] -- Up-to-date symlink: /home/rosdev/ros2_ws/install/cv_bridge/local/lib/python3.10/dist-packages/cv_bridge/__init__.py
[4.935s] -- Up-to-date symlink: /home/rosdev/ros2_ws/install/cv_bridge/local/lib/python3.10/dist-packages/cv_bridge/core.py
[4.935s] -- Up-to-date symlink: /home/rosdev/ros2_ws/install/cv_bridge/include/cv_bridge/cv_bridge/cv_bridge_export.h
[4.935s] -- Up-to-date symlink: /home/rosdev/ros2_ws/install/cv_bridge/local/lib/python3.10/dist-packages/cv_bridge/boost//cv_bridge_boost.so
[4.935s] -- Up-to-date symlink: /home/rosdev/ros2_ws/install/cv_bridge/include/cv_bridge/cv_bridge/cv_bridge.h
[4.935s] -- Up-to-date symlink: /home/rosdev/ros2_ws/install/cv_bridge/include/cv_bridge/cv_bridge/rgb_colors.h
[4.935s] -- Up-to-date symlink: /home/rosdev/ros2_ws/install/cv_bridge/lib/libcv_bridge.so
[4.935s] -- Up-to-date symlink: /home/rosdev/ros2_ws/install/cv_bridge/share/ament_index/resource_index/package_run_dependencies/cv_bridge
[4.936s] -- Up-to-date symlink: /home/rosdev/ros2_ws/install/cv_bridge/share/ament_index/resource_index/parent_prefix_path/cv_bridge
[4.936s] -- Up-to-date symlink: /home/rosdev/ros2_ws/install/cv_bridge/share/cv_bridge/environment/ament_prefix_path.sh
[4.936s] -- Up-to-date symlink: /home/rosdev/ros2_ws/install/cv_bridge/share/cv_bridge/environment/ament_prefix_path.dsv
[4.936s] -- Up-to-date symlink: /home/rosdev/ros2_ws/install/cv_bridge/share/cv_bridge/environment/path.sh
[4.936s] -- Up-to-date symlink: /home/rosdev/ros2_ws/install/cv_bridge/share/cv_bridge/environment/path.dsv
[4.936s] -- Up-to-date symlink: /home/rosdev/ros2_ws/install/cv_bridge/share/cv_bridge/local_setup.bash
[4.937s] -- Up-to-date symlink: /home/rosdev/ros2_ws/install/cv_bridge/share/cv_bridge/local_setup.sh
[4.937s] -- Up-to-date symlink: /home/rosdev/ros2_ws/install/cv_bridge/share/cv_bridge/local_setup.zsh
[4.937s] -- Up-to-date symlink: /home/rosdev/ros2_ws/install/cv_bridge/share/cv_bridge/local_setup.dsv
[4.937s] -- Symlinking: /home/rosdev/ros2_ws/install/cv_bridge/share/cv_bridge/package.dsv
[4.953s] -- Up-to-date symlink: /home/rosdev/ros2_ws/install/cv_bridge/share/ament_index/resource_index/packages/cv_bridge
[4.954s] -- Up-to-date symlink: /home/rosdev/ros2_ws/install/cv_bridge/share/cv_bridge/cmake/cv_bridge-extras.cmake
[4.954s] -- Up-to-date symlink: /home/rosdev/ros2_ws/install/cv_bridge/share/cv_bridge/cmake/ament_cmake_export_dependencies-extras.cmake
[4.954s] -- Up-to-date symlink: /home/rosdev/ros2_ws/install/cv_bridge/share/cv_bridge/cmake/ament_cmake_export_targets-extras.cmake
[4.954s] -- Up-to-date symlink: /home/rosdev/ros2_ws/install/cv_bridge/share/cv_bridge/cmake/cv_bridgeConfig.cmake
[4.954s] -- Up-to-date symlink: /home/rosdev/ros2_ws/install/cv_bridge/share/cv_bridge/cmake/cv_bridgeConfig-version.cmake
[4.955s] -- Up-to-date symlink: /home/rosdev/ros2_ws/install/cv_bridge/share/cv_bridge/package.xml
[5.007s] Listing '/home/rosdev/ros2_ws/install/cv_bridge/local/lib/python3.10/dist-packages/cv_bridge'...
[5.007s] Listing '/home/rosdev/ros2_ws/install/cv_bridge/local/lib/python3.10/dist-packages/cv_bridge/boost'...
[5.018s] -- Up-to-date: /home/rosdev/ros2_ws/install/cv_bridge/share/cv_bridge/cmake/export_cv_bridgeExport.cmake
[5.019s] -- Up-to-date: /home/rosdev/ros2_ws/install/cv_bridge/share/cv_bridge/cmake/export_cv_bridgeExport-noconfig.cmake
[5.023s] Invoked command in '/home/rosdev/ros2_ws/build/cv_bridge' returned '0': CMAKE_PREFIX_PATH=/opt/ros/humble /usr/bin/cmake --install /home/rosdev/ros2_ws/build/cv_bridge
