[0.070s] Invoking command in '/home/rosdev/ros2_ws/build/tf2': CMAKE_PREFIX_PATH=/opt/ros/humble /usr/bin/cmake --build /home/rosdev/ros2_ws/build/tf2 -- -j12 -l12
[0.155s] [  9%] Built target gtest_main
[0.163s] [ 23%] Built target gtest
[0.163s] [ 42%] Built target tf2
[0.210s] [ 52%] Built target cache_benchmark
[0.210s] [ 61%] Built target test_cache_unittest
[0.216s] [ 71%] Built target test_static_cache_unittest
[0.270s] [ 80%] Built target test_storage
[0.279s] [ 90%] Built target test_simple_tf2_core
[0.306s] [100%] Built target test_time
[0.345s] Invoked command in '/home/rosdev/ros2_ws/build/tf2' returned '0': CMAKE_PREFIX_PATH=/opt/ros/humble /usr/bin/cmake --build /home/rosdev/ros2_ws/build/tf2 -- -j12 -l12
[0.362s] Invoking command in '/home/rosdev/ros2_ws/build/tf2': CMAKE_PREFIX_PATH=/opt/ros/humble /usr/bin/cmake --install /home/rosdev/ros2_ws/build/tf2
[0.374s] -- Install configuration: ""
[0.374s] -- Up-to-date: /home/rosdev/ros2_ws/install/tf2/lib/libtf2.so
[0.374s] -- Up-to-date: /home/rosdev/ros2_ws/install/tf2/include/tf2
[0.374s] -- Up-to-date: /home/rosdev/ros2_ws/install/tf2/include/tf2/tf2
[0.374s] -- Up-to-date: /home/rosdev/ros2_ws/install/tf2/include/tf2/tf2/buffer_core_interface.h
[0.374s] -- Up-to-date: /home/rosdev/ros2_ws/install/tf2/include/tf2/tf2/LinearMath
[0.375s] -- Up-to-date: /home/rosdev/ros2_ws/install/tf2/include/tf2/tf2/LinearMath/QuadWord.h
[0.375s] -- Up-to-date: /home/rosdev/ros2_ws/install/tf2/include/tf2/tf2/LinearMath/Quaternion.h
[0.375s] -- Up-to-date: /home/rosdev/ros2_ws/install/tf2/include/tf2/tf2/LinearMath/Vector3.h
[0.375s] -- Up-to-date: /home/rosdev/ros2_ws/install/tf2/include/tf2/tf2/LinearMath/Transform.h
[0.375s] -- Up-to-date: /home/rosdev/ros2_ws/install/tf2/include/tf2/tf2/LinearMath/MinMax.h
[0.375s] -- Up-to-date: /home/rosdev/ros2_ws/install/tf2/include/tf2/tf2/LinearMath/Scalar.h
[0.375s] -- Up-to-date: /home/rosdev/ros2_ws/install/tf2/include/tf2/tf2/LinearMath/Matrix3x3.h
[0.375s] -- Up-to-date: /home/rosdev/ros2_ws/install/tf2/include/tf2/tf2/visibility_control.h
[0.376s] -- Up-to-date: /home/rosdev/ros2_ws/install/tf2/include/tf2/tf2/transform_datatypes.h
[0.376s] -- Up-to-date: /home/rosdev/ros2_ws/install/tf2/include/tf2/tf2/exceptions.h
[0.376s] -- Up-to-date: /home/rosdev/ros2_ws/install/tf2/include/tf2/tf2/time_cache.h
[0.376s] -- Up-to-date: /home/rosdev/ros2_ws/install/tf2/include/tf2/tf2/time.h
[0.376s] -- Up-to-date: /home/rosdev/ros2_ws/install/tf2/include/tf2/tf2/utils.h
[0.376s] -- Up-to-date: /home/rosdev/ros2_ws/install/tf2/include/tf2/tf2/impl
[0.376s] -- Up-to-date: /home/rosdev/ros2_ws/install/tf2/include/tf2/tf2/impl/utils.h
[0.376s] -- Up-to-date: /home/rosdev/ros2_ws/install/tf2/include/tf2/tf2/impl/convert.h
[0.376s] -- Up-to-date: /home/rosdev/ros2_ws/install/tf2/include/tf2/tf2/transform_storage.h
[0.376s] -- Up-to-date: /home/rosdev/ros2_ws/install/tf2/include/tf2/tf2/buffer_core.h
[0.376s] -- Up-to-date: /home/rosdev/ros2_ws/install/tf2/include/tf2/tf2/convert.h
[0.377s] -- Up-to-date: /home/rosdev/ros2_ws/install/tf2/share/tf2/environment/library_path.sh
[0.377s] -- Up-to-date: /home/rosdev/ros2_ws/install/tf2/share/tf2/environment/library_path.dsv
[0.377s] -- Up-to-date: /home/rosdev/ros2_ws/install/tf2/share/ament_index/resource_index/package_run_dependencies/tf2
[0.377s] -- Up-to-date: /home/rosdev/ros2_ws/install/tf2/share/ament_index/resource_index/parent_prefix_path/tf2
[0.377s] -- Up-to-date: /home/rosdev/ros2_ws/install/tf2/share/tf2/environment/ament_prefix_path.sh
[0.377s] -- Up-to-date: /home/rosdev/ros2_ws/install/tf2/share/tf2/environment/ament_prefix_path.dsv
[0.377s] -- Up-to-date: /home/rosdev/ros2_ws/install/tf2/share/tf2/environment/path.sh
[0.382s] -- Up-to-date: /home/rosdev/ros2_ws/install/tf2/share/tf2/environment/path.dsv
[0.382s] -- Up-to-date: /home/rosdev/ros2_ws/install/tf2/share/tf2/local_setup.bash
[0.382s] -- Up-to-date: /home/rosdev/ros2_ws/install/tf2/share/tf2/local_setup.sh
[0.383s] -- Up-to-date: /home/rosdev/ros2_ws/install/tf2/share/tf2/local_setup.zsh
[0.383s] -- Up-to-date: /home/rosdev/ros2_ws/install/tf2/share/tf2/local_setup.dsv
[0.383s] -- Installing: /home/rosdev/ros2_ws/install/tf2/share/tf2/package.dsv
[0.383s] -- Up-to-date: /home/rosdev/ros2_ws/install/tf2/share/ament_index/resource_index/packages/tf2
[0.383s] -- Up-to-date: /home/rosdev/ros2_ws/install/tf2/share/tf2/cmake/export_tf2Export.cmake
[0.383s] -- Up-to-date: /home/rosdev/ros2_ws/install/tf2/share/tf2/cmake/export_tf2Export-noconfig.cmake
[0.383s] -- Up-to-date: /home/rosdev/ros2_ws/install/tf2/share/tf2/cmake/ament_cmake_export_dependencies-extras.cmake
[0.383s] -- Up-to-date: /home/rosdev/ros2_ws/install/tf2/share/tf2/cmake/ament_cmake_export_include_directories-extras.cmake
[0.383s] -- Up-to-date: /home/rosdev/ros2_ws/install/tf2/share/tf2/cmake/ament_cmake_export_libraries-extras.cmake
[0.384s] -- Up-to-date: /home/rosdev/ros2_ws/install/tf2/share/tf2/cmake/ament_cmake_export_targets-extras.cmake
[0.384s] -- Up-to-date: /home/rosdev/ros2_ws/install/tf2/share/tf2/cmake/tf2Config.cmake
[0.385s] -- Up-to-date: /home/rosdev/ros2_ws/install/tf2/share/tf2/cmake/tf2Config-version.cmake
[0.385s] -- Up-to-date: /home/rosdev/ros2_ws/install/tf2/share/tf2/package.xml
[0.387s] Invoked command in '/home/rosdev/ros2_ws/build/tf2' returned '0': CMAKE_PREFIX_PATH=/opt/ros/humble /usr/bin/cmake --install /home/rosdev/ros2_ws/build/tf2
