[2.698s] Invoking command in '/home/rosdev/ros2_ws/src/aruco_realsense_ros': AMENT_PREFIX_PATH=/home/rosdev/ros2_ws/install/tf2_ros:/home/rosdev/ros2_ws/install/tf2_msgs:/home/rosdev/ros2_ws/install/tf2:/home/rosdev/ros2_ws/install/cv_bridge:${AMENT_PREFIX_PATH} CMAKE_PREFIX_PATH=/home/rosdev/ros2_ws/install/tf2_ros:/home/rosdev/ros2_ws/install/tf2_msgs:/home/rosdev/ros2_ws/install/tf2:/home/rosdev/ros2_ws/install/cv_bridge LD_LIBRARY_PATH=/home/rosdev/ros2_ws/install/tf2_ros/lib:/home/rosdev/ros2_ws/install/tf2_msgs/lib:/home/rosdev/ros2_ws/install/tf2/lib:/home/rosdev/ros2_ws/install/cv_bridge/lib:${LD_LIBRARY_PATH} PYTHONPATH=/home/rosdev/ros2_ws/build/aruco_realsense_ros/prefix_override:/usr/lib/python3/dist-packages/colcon_core/task/python/colcon_distutils_commands:/home/rosdev/ros2_ws/install/aruco_realsense_ros/lib/python3.10/site-packages:/home/rosdev/ros2_ws/install/tf2_msgs/local/lib/python3.10/dist-packages:/home/rosdev/ros2_ws/install/cv_bridge/local/lib/python3.10/dist-packages:${PYTHONPATH} /usr/bin/python3 -W ignore:setup.py install is deprecated -W ignore:easy_install command is deprecated setup.py egg_info --egg-base ../../build/aruco_realsense_ros build --build-base /home/rosdev/ros2_ws/build/aruco_realsense_ros/build install --record /home/rosdev/ros2_ws/build/aruco_realsense_ros/install.log --single-version-externally-managed install_data
[3.246s] running egg_info
[3.252s] writing ../../build/aruco_realsense_ros/aruco_realsense_ros.egg-info/PKG-INFO
[3.254s] writing dependency_links to ../../build/aruco_realsense_ros/aruco_realsense_ros.egg-info/dependency_links.txt
[3.254s] writing entry points to ../../build/aruco_realsense_ros/aruco_realsense_ros.egg-info/entry_points.txt
[3.254s] writing requirements to ../../build/aruco_realsense_ros/aruco_realsense_ros.egg-info/requires.txt
[3.254s] writing top-level names to ../../build/aruco_realsense_ros/aruco_realsense_ros.egg-info/top_level.txt
[3.254s] reading manifest file '../../build/aruco_realsense_ros/aruco_realsense_ros.egg-info/SOURCES.txt'
[3.254s] writing manifest file '../../build/aruco_realsense_ros/aruco_realsense_ros.egg-info/SOURCES.txt'
[3.254s] running build
[3.254s] running build_py
[3.254s] running install
[3.255s] running install_lib
[3.255s] running install_data
[3.255s] running install_egg_info
[3.255s] removing '/home/rosdev/ros2_ws/install/aruco_realsense_ros/lib/python3.10/site-packages/aruco_realsense_ros-0.0.0-py3.10.egg-info' (and everything under it)
[3.255s] Copying ../../build/aruco_realsense_ros/aruco_realsense_ros.egg-info to /home/rosdev/ros2_ws/install/aruco_realsense_ros/lib/python3.10/site-packages/aruco_realsense_ros-0.0.0-py3.10.egg-info
[3.255s] running install_scripts
[3.336s] Installing aruco_node script to /home/rosdev/ros2_ws/install/aruco_realsense_ros/lib/aruco_realsense_ros
[3.337s] writing list of installed files to '/home/rosdev/ros2_ws/build/aruco_realsense_ros/install.log'
[3.479s] Invoked command in '/home/rosdev/ros2_ws/src/aruco_realsense_ros' returned '0': AMENT_PREFIX_PATH=/home/rosdev/ros2_ws/install/tf2_ros:/home/rosdev/ros2_ws/install/tf2_msgs:/home/rosdev/ros2_ws/install/tf2:/home/rosdev/ros2_ws/install/cv_bridge:${AMENT_PREFIX_PATH} CMAKE_PREFIX_PATH=/home/rosdev/ros2_ws/install/tf2_ros:/home/rosdev/ros2_ws/install/tf2_msgs:/home/rosdev/ros2_ws/install/tf2:/home/rosdev/ros2_ws/install/cv_bridge LD_LIBRARY_PATH=/home/rosdev/ros2_ws/install/tf2_ros/lib:/home/rosdev/ros2_ws/install/tf2_msgs/lib:/home/rosdev/ros2_ws/install/tf2/lib:/home/rosdev/ros2_ws/install/cv_bridge/lib:${LD_LIBRARY_PATH} PYTHONPATH=/home/rosdev/ros2_ws/build/aruco_realsense_ros/prefix_override:/usr/lib/python3/dist-packages/colcon_core/task/python/colcon_distutils_commands:/home/rosdev/ros2_ws/install/aruco_realsense_ros/lib/python3.10/site-packages:/home/rosdev/ros2_ws/install/tf2_msgs/local/lib/python3.10/dist-packages:/home/rosdev/ros2_ws/install/cv_bridge/local/lib/python3.10/dist-packages:${PYTHONPATH} /usr/bin/python3 -W ignore:setup.py install is deprecated -W ignore:easy_install command is deprecated setup.py egg_info --egg-base ../../build/aruco_realsense_ros build --build-base /home/rosdev/ros2_ws/build/aruco_realsense_ros/build install --record /home/rosdev/ros2_ws/build/aruco_realsense_ros/install.log --single-version-externally-managed install_data
