[0.041s] Invoking command in '/home/rosdev/ros2_ws/build/tf2_msgs': CMAKE_PREFIX_PATH=/opt/ros/humble /usr/bin/cmake /home/rosdev/ros2_ws/src/geometry2/tf2_msgs -DAMENT_CMAKE_SYMLINK_INSTALL=1 -DCMAKE_INSTALL_PREFIX=/home/rosdev/ros2_ws/install/tf2_msgs
[0.062s] -- Found ament_cmake: 1.3.11 (/opt/ros/humble/share/ament_cmake/cmake)
[0.283s] -- Override CMake install command with custom implementation using symlinks instead of copying resources
[0.302s] -- Found rosidl_default_generators: 1.2.0 (/opt/ros/humble/share/rosidl_default_generators/cmake)
[0.302s] -- Using all available rosidl_typesupport_c: rosidl_typesupport_fastrtps_c;rosidl_typesupport_introspection_c
[0.306s] -- Found rosidl_adapter: 3.1.6 (/opt/ros/humble/share/rosidl_adapter/cmake)
[0.348s] -- Using all available rosidl_typesupport_cpp: rosidl_typesupport_fastrtps_cpp;rosidl_typesupport_introspection_cpp
[0.389s] -- Found builtin_interfaces: 1.2.1 (/opt/ros/humble/share/builtin_interfaces/cmake)
[0.407s] -- Found action_msgs: 1.2.1 (/opt/ros/humble/share/action_msgs/cmake)
[0.441s] -- Found std_msgs: 4.8.0 (/opt/ros/humble/share/std_msgs/cmake)
[0.457s] -- Found geometry_msgs: 4.8.0 (/opt/ros/humble/share/geometry_msgs/cmake)
[1.113s] -- Found ament_cmake_cppcheck: 0.12.12 (/opt/ros/humble/share/ament_cmake_cppcheck/cmake)
[1.117s] -- Found ament_cmake_cpplint: 0.12.12 (/opt/ros/humble/share/ament_cmake_cpplint/cmake)
[1.118s] -- Found ament_cmake_uncrustify: 0.12.12 (/opt/ros/humble/share/ament_cmake_uncrustify/cmake)
[1.118s] -- Found ament_cmake_ros: 0.10.0 (/opt/ros/humble/share/ament_cmake_ros/cmake)
[1.518s] -- Using all available rosidl_typesupport_c: rosidl_typesupport_fastrtps_c;rosidl_typesupport_introspection_c
[2.325s] -- Using all available rosidl_typesupport_cpp: rosidl_typesupport_fastrtps_cpp;rosidl_typesupport_introspection_cpp
[2.378s] -- Found python_cmake_module: 0.10.0 (/opt/ros/humble/share/python_cmake_module/cmake)
[2.409s] -- Using PYTHON_EXECUTABLE: /usr/bin/python3
[2.409s] -- Using PYTHON_INCLUDE_DIRS: /usr/include/python3.10
[2.412s] -- Using PYTHON_LIBRARIES: /usr/lib/aarch64-linux-gnu/libpython3.10.so
[2.797s] -- Using numpy include directory: /home/rosdev/.local/lib/python3.10/site-packages/numpy/core/include
[2.821s] -- Found ament_cmake_flake8: 0.12.12 (/opt/ros/humble/share/ament_cmake_flake8/cmake)
[2.822s] -- Found ament_cmake_pep257: 0.12.12 (/opt/ros/humble/share/ament_cmake_pep257/cmake)
[2.839s] -- Configuring done
[2.924s] -- Generating done
[2.950s] -- Build files have been written to: /home/rosdev/ros2_ws/build/tf2_msgs
[2.978s] Invoked command in '/home/rosdev/ros2_ws/build/tf2_msgs' returned '0': CMAKE_PREFIX_PATH=/opt/ros/humble /usr/bin/cmake /home/rosdev/ros2_ws/src/geometry2/tf2_msgs -DAMENT_CMAKE_SYMLINK_INSTALL=1 -DCMAKE_INSTALL_PREFIX=/home/rosdev/ros2_ws/install/tf2_msgs
[2.978s] Invoking command in '/home/rosdev/ros2_ws/build/tf2_msgs': CMAKE_PREFIX_PATH=/opt/ros/humble /usr/bin/cmake --build /home/rosdev/ros2_ws/build/tf2_msgs -- -j12 -l12
[3.097s] [  1%] Built target tf2_msgs__cpp
[3.147s] [  1%] Built target ament_cmake_python_symlink_tf2_msgs
[3.169s] [35m[1mConsolidate compiler generated dependencies of target tf2_msgs__rosidl_typesupport_introspection_cpp[0m
[3.209s] [ 12%] Built target tf2_msgs__rosidl_typesupport_introspection_cpp
[3.558s] running egg_info
[3.561s] writing tf2_msgs.egg-info/PKG-INFO
[3.562s] writing dependency_links to tf2_msgs.egg-info/dependency_links.txt
[3.563s] writing top-level names to tf2_msgs.egg-info/top_level.txt
[3.570s] reading manifest file 'tf2_msgs.egg-info/SOURCES.txt'
[3.570s] writing manifest file 'tf2_msgs.egg-info/SOURCES.txt'
[3.654s] [ 12%] Built target ament_cmake_python_build_tf2_msgs_egg
[3.674s] [35m[1mConsolidate compiler generated dependencies of target tf2_msgs__rosidl_typesupport_fastrtps_cpp[0m
[3.706s] [ 23%] Built target tf2_msgs__rosidl_typesupport_fastrtps_cpp
[3.725s] [35m[1mConsolidate compiler generated dependencies of target tf2_msgs__rosidl_typesupport_cpp[0m
[3.760s] [ 34%] Built target tf2_msgs__rosidl_typesupport_cpp
[3.782s] [35m[1mConsolidate compiler generated dependencies of target tf2_msgs__rosidl_generator_c[0m
[3.806s] [ 45%] Built target tf2_msgs__rosidl_generator_c
[3.829s] [35m[1mConsolidate compiler generated dependencies of target tf2_msgs__rosidl_typesupport_fastrtps_c[0m
[3.855s] [ 56%] Built target tf2_msgs__rosidl_typesupport_fastrtps_c
[3.873s] [35m[1mConsolidate compiler generated dependencies of target tf2_msgs__rosidl_typesupport_c[0m
[3.901s] [ 67%] Built target tf2_msgs__rosidl_typesupport_c
[3.934s] [35m[1mConsolidate compiler generated dependencies of target tf2_msgs__rosidl_typesupport_introspection_c[0m
[3.955s] [ 78%] Built target tf2_msgs__rosidl_typesupport_introspection_c
[3.989s] [ 78%] Built target tf2_msgs
[4.024s] [ 80%] Built target tf2_msgs__py
[4.046s] [35m[1mConsolidate compiler generated dependencies of target tf2_msgs__rosidl_generator_py[0m
[4.076s] [ 89%] Built target tf2_msgs__rosidl_generator_py
[4.092s] [35m[1mConsolidate compiler generated dependencies of target tf2_msgs__rosidl_typesupport_fastrtps_c__pyext[0m
[4.113s] [ 92%] Built target tf2_msgs__rosidl_typesupport_fastrtps_c__pyext
[4.130s] [35m[1mConsolidate compiler generated dependencies of target tf2_msgs__rosidl_typesupport_c__pyext[0m
[4.161s] [ 96%] Built target tf2_msgs__rosidl_typesupport_c__pyext
[4.191s] [35m[1mConsolidate compiler generated dependencies of target tf2_msgs__rosidl_typesupport_introspection_c__pyext[0m
[4.220s] [100%] Built target tf2_msgs__rosidl_typesupport_introspection_c__pyext
[4.243s] Invoked command in '/home/rosdev/ros2_ws/build/tf2_msgs' returned '0': CMAKE_PREFIX_PATH=/opt/ros/humble /usr/bin/cmake --build /home/rosdev/ros2_ws/build/tf2_msgs -- -j12 -l12
[4.248s] Invoking command in '/home/rosdev/ros2_ws/build/tf2_msgs': CMAKE_PREFIX_PATH=/opt/ros/humble /usr/bin/cmake --install /home/rosdev/ros2_ws/build/tf2_msgs
[4.260s] -- Install configuration: ""
[4.261s] -- Execute custom install script
[4.269s] -- Up-to-date symlink: /home/rosdev/ros2_ws/install/tf2_msgs/share/ament_index/resource_index/rosidl_interfaces/tf2_msgs
[4.269s] -- Up-to-date symlink: /home/rosdev/ros2_ws/install/tf2_msgs/include/tf2_msgs/tf2_msgs/action/detail/lookup_transform__functions.h
[4.270s] -- Up-to-date symlink: /home/rosdev/ros2_ws/install/tf2_msgs/include/tf2_msgs/tf2_msgs/action/detail/lookup_transform__struct.h
[4.271s] -- Up-to-date symlink: /home/rosdev/ros2_ws/install/tf2_msgs/include/tf2_msgs/tf2_msgs/action/detail/lookup_transform__type_support.h
[4.271s] -- Up-to-date symlink: /home/rosdev/ros2_ws/install/tf2_msgs/include/tf2_msgs/tf2_msgs/action/lookup_transform.h
[4.271s] -- Up-to-date symlink: /home/rosdev/ros2_ws/install/tf2_msgs/include/tf2_msgs/tf2_msgs/msg/detail/tf2_error__functions.h
[4.272s] -- Up-to-date symlink: /home/rosdev/ros2_ws/install/tf2_msgs/include/tf2_msgs/tf2_msgs/msg/detail/tf2_error__struct.h
[4.272s] -- Up-to-date symlink: /home/rosdev/ros2_ws/install/tf2_msgs/include/tf2_msgs/tf2_msgs/msg/detail/tf2_error__type_support.h
[4.273s] -- Up-to-date symlink: /home/rosdev/ros2_ws/install/tf2_msgs/include/tf2_msgs/tf2_msgs/msg/detail/tf_message__functions.h
[4.273s] -- Up-to-date symlink: /home/rosdev/ros2_ws/install/tf2_msgs/include/tf2_msgs/tf2_msgs/msg/detail/tf_message__struct.h
[4.273s] -- Up-to-date symlink: /home/rosdev/ros2_ws/install/tf2_msgs/include/tf2_msgs/tf2_msgs/msg/detail/tf_message__type_support.h
[4.274s] -- Up-to-date symlink: /home/rosdev/ros2_ws/install/tf2_msgs/include/tf2_msgs/tf2_msgs/msg/rosidl_generator_c__visibility_control.h
[4.275s] -- Up-to-date symlink: /home/rosdev/ros2_ws/install/tf2_msgs/include/tf2_msgs/tf2_msgs/msg/tf2_error.h
[4.276s] -- Up-to-date symlink: /home/rosdev/ros2_ws/install/tf2_msgs/include/tf2_msgs/tf2_msgs/msg/tf_message.h
[4.276s] -- Up-to-date symlink: /home/rosdev/ros2_ws/install/tf2_msgs/include/tf2_msgs/tf2_msgs/srv/detail/frame_graph__functions.h
[4.276s] -- Up-to-date symlink: /home/rosdev/ros2_ws/install/tf2_msgs/include/tf2_msgs/tf2_msgs/srv/detail/frame_graph__struct.h
[4.277s] -- Up-to-date symlink: /home/rosdev/ros2_ws/install/tf2_msgs/include/tf2_msgs/tf2_msgs/srv/detail/frame_graph__type_support.h
[4.277s] -- Up-to-date symlink: /home/rosdev/ros2_ws/install/tf2_msgs/include/tf2_msgs/tf2_msgs/srv/frame_graph.h
[4.277s] -- Up-to-date symlink: /home/rosdev/ros2_ws/install/tf2_msgs/share/tf2_msgs/environment/library_path.sh
[4.278s] -- Up-to-date symlink: /home/rosdev/ros2_ws/install/tf2_msgs/share/tf2_msgs/environment/library_path.dsv
[4.278s] -- Up-to-date symlink: /home/rosdev/ros2_ws/install/tf2_msgs/include/tf2_msgs/tf2_msgs/action/detail/lookup_transform__rosidl_typesupport_fastrtps_c.h
[4.278s] -- Up-to-date symlink: /home/rosdev/ros2_ws/install/tf2_msgs/include/tf2_msgs/tf2_msgs/msg/detail/tf2_error__rosidl_typesupport_fastrtps_c.h
[4.278s] -- Up-to-date symlink: /home/rosdev/ros2_ws/install/tf2_msgs/include/tf2_msgs/tf2_msgs/msg/detail/tf_message__rosidl_typesupport_fastrtps_c.h
[4.279s] -- Up-to-date symlink: /home/rosdev/ros2_ws/install/tf2_msgs/include/tf2_msgs/tf2_msgs/msg/rosidl_typesupport_fastrtps_c__visibility_control.h
[4.279s] -- Up-to-date symlink: /home/rosdev/ros2_ws/install/tf2_msgs/include/tf2_msgs/tf2_msgs/srv/detail/frame_graph__rosidl_typesupport_fastrtps_c.h
[4.280s] -- Up-to-date symlink: /home/rosdev/ros2_ws/install/tf2_msgs/include/tf2_msgs/tf2_msgs/action/detail/lookup_transform__rosidl_typesupport_introspection_c.h
[4.281s] -- Up-to-date symlink: /home/rosdev/ros2_ws/install/tf2_msgs/include/tf2_msgs/tf2_msgs/msg/detail/tf2_error__rosidl_typesupport_introspection_c.h
[4.282s] -- Up-to-date symlink: /home/rosdev/ros2_ws/install/tf2_msgs/include/tf2_msgs/tf2_msgs/msg/detail/tf_message__rosidl_typesupport_introspection_c.h
[4.283s] -- Up-to-date symlink: /home/rosdev/ros2_ws/install/tf2_msgs/include/tf2_msgs/tf2_msgs/msg/rosidl_typesupport_introspection_c__visibility_control.h
[4.283s] -- Up-to-date symlink: /home/rosdev/ros2_ws/install/tf2_msgs/include/tf2_msgs/tf2_msgs/srv/detail/frame_graph__rosidl_typesupport_introspection_c.h
[4.283s] -- Up-to-date symlink: /home/rosdev/ros2_ws/install/tf2_msgs/include/tf2_msgs/tf2_msgs/action/detail/lookup_transform__builder.hpp
[4.283s] -- Up-to-date symlink: /home/rosdev/ros2_ws/install/tf2_msgs/include/tf2_msgs/tf2_msgs/action/detail/lookup_transform__struct.hpp
[4.284s] -- Up-to-date symlink: /home/rosdev/ros2_ws/install/tf2_msgs/include/tf2_msgs/tf2_msgs/action/detail/lookup_transform__traits.hpp
[4.284s] -- Up-to-date symlink: /home/rosdev/ros2_ws/install/tf2_msgs/include/tf2_msgs/tf2_msgs/action/detail/lookup_transform__type_support.hpp
[4.284s] -- Up-to-date symlink: /home/rosdev/ros2_ws/install/tf2_msgs/include/tf2_msgs/tf2_msgs/action/lookup_transform.hpp
[4.284s] -- Up-to-date symlink: /home/rosdev/ros2_ws/install/tf2_msgs/include/tf2_msgs/tf2_msgs/msg/detail/tf2_error__builder.hpp
[4.285s] -- Up-to-date symlink: /home/rosdev/ros2_ws/install/tf2_msgs/include/tf2_msgs/tf2_msgs/msg/detail/tf2_error__struct.hpp
[4.285s] -- Up-to-date symlink: /home/rosdev/ros2_ws/install/tf2_msgs/include/tf2_msgs/tf2_msgs/msg/detail/tf2_error__traits.hpp
[4.286s] -- Up-to-date symlink: /home/rosdev/ros2_ws/install/tf2_msgs/include/tf2_msgs/tf2_msgs/msg/detail/tf2_error__type_support.hpp
[4.287s] -- Up-to-date symlink: /home/rosdev/ros2_ws/install/tf2_msgs/include/tf2_msgs/tf2_msgs/msg/detail/tf_message__builder.hpp
[4.287s] -- Up-to-date symlink: /home/rosdev/ros2_ws/install/tf2_msgs/include/tf2_msgs/tf2_msgs/msg/detail/tf_message__struct.hpp
[4.287s] -- Up-to-date symlink: /home/rosdev/ros2_ws/install/tf2_msgs/include/tf2_msgs/tf2_msgs/msg/detail/tf_message__traits.hpp
[4.287s] -- Up-to-date symlink: /home/rosdev/ros2_ws/install/tf2_msgs/include/tf2_msgs/tf2_msgs/msg/detail/tf_message__type_support.hpp
[4.288s] -- Up-to-date symlink: /home/rosdev/ros2_ws/install/tf2_msgs/include/tf2_msgs/tf2_msgs/msg/rosidl_generator_cpp__visibility_control.hpp
[4.288s] -- Up-to-date symlink: /home/rosdev/ros2_ws/install/tf2_msgs/include/tf2_msgs/tf2_msgs/msg/tf2_error.hpp
[4.288s] -- Up-to-date symlink: /home/rosdev/ros2_ws/install/tf2_msgs/include/tf2_msgs/tf2_msgs/msg/tf_message.hpp
[4.288s] -- Up-to-date symlink: /home/rosdev/ros2_ws/install/tf2_msgs/include/tf2_msgs/tf2_msgs/srv/detail/frame_graph__builder.hpp
[4.289s] -- Up-to-date symlink: /home/rosdev/ros2_ws/install/tf2_msgs/include/tf2_msgs/tf2_msgs/srv/detail/frame_graph__struct.hpp
[4.289s] -- Up-to-date symlink: /home/rosdev/ros2_ws/install/tf2_msgs/include/tf2_msgs/tf2_msgs/srv/detail/frame_graph__traits.hpp
[4.289s] -- Up-to-date symlink: /home/rosdev/ros2_ws/install/tf2_msgs/include/tf2_msgs/tf2_msgs/srv/detail/frame_graph__type_support.hpp
[4.289s] -- Up-to-date symlink: /home/rosdev/ros2_ws/install/tf2_msgs/include/tf2_msgs/tf2_msgs/srv/frame_graph.hpp
[4.289s] -- Up-to-date symlink: /home/rosdev/ros2_ws/install/tf2_msgs/include/tf2_msgs/tf2_msgs/action/detail/lookup_transform__rosidl_typesupport_fastrtps_cpp.hpp
[4.289s] -- Up-to-date symlink: /home/rosdev/ros2_ws/install/tf2_msgs/include/tf2_msgs/tf2_msgs/msg/detail/tf2_error__rosidl_typesupport_fastrtps_cpp.hpp
[4.289s] -- Up-to-date symlink: /home/rosdev/ros2_ws/install/tf2_msgs/include/tf2_msgs/tf2_msgs/msg/detail/tf_message__rosidl_typesupport_fastrtps_cpp.hpp
[4.289s] -- Up-to-date symlink: /home/rosdev/ros2_ws/install/tf2_msgs/include/tf2_msgs/tf2_msgs/msg/rosidl_typesupport_fastrtps_cpp__visibility_control.h
[4.289s] -- Up-to-date symlink: /home/rosdev/ros2_ws/install/tf2_msgs/include/tf2_msgs/tf2_msgs/srv/detail/frame_graph__rosidl_typesupport_fastrtps_cpp.hpp
[4.289s] -- Up-to-date symlink: /home/rosdev/ros2_ws/install/tf2_msgs/include/tf2_msgs/tf2_msgs/action/detail/lookup_transform__rosidl_typesupport_introspection_cpp.hpp
[4.289s] -- Up-to-date symlink: /home/rosdev/ros2_ws/install/tf2_msgs/include/tf2_msgs/tf2_msgs/msg/detail/tf2_error__rosidl_typesupport_introspection_cpp.hpp
[4.290s] -- Up-to-date symlink: /home/rosdev/ros2_ws/install/tf2_msgs/include/tf2_msgs/tf2_msgs/msg/detail/tf_message__rosidl_typesupport_introspection_cpp.hpp
[4.290s] -- Up-to-date symlink: /home/rosdev/ros2_ws/install/tf2_msgs/include/tf2_msgs/tf2_msgs/srv/detail/frame_graph__rosidl_typesupport_introspection_cpp.hpp
[4.290s] -- Up-to-date symlink: /home/rosdev/ros2_ws/install/tf2_msgs/share/tf2_msgs/environment/pythonpath.sh
[4.290s] -- Up-to-date symlink: /home/rosdev/ros2_ws/install/tf2_msgs/share/tf2_msgs/environment/pythonpath.dsv
[4.290s] -- Up-to-date symlink: /home/rosdev/ros2_ws/install/tf2_msgs/local/lib/python3.10/dist-packages/tf2_msgs-0.25.7-py3.10.egg-info/PKG-INFO
[4.290s] -- Up-to-date symlink: /home/rosdev/ros2_ws/install/tf2_msgs/local/lib/python3.10/dist-packages/tf2_msgs-0.25.7-py3.10.egg-info/SOURCES.txt
[4.290s] -- Up-to-date symlink: /home/rosdev/ros2_ws/install/tf2_msgs/local/lib/python3.10/dist-packages/tf2_msgs-0.25.7-py3.10.egg-info/dependency_links.txt
[4.290s] -- Up-to-date symlink: /home/rosdev/ros2_ws/install/tf2_msgs/local/lib/python3.10/dist-packages/tf2_msgs-0.25.7-py3.10.egg-info/top_level.txt
[4.290s] -- Up-to-date symlink: /home/rosdev/ros2_ws/install/tf2_msgs/local/lib/python3.10/dist-packages/tf2_msgs/__init__.py
[4.290s] -- Up-to-date symlink: /home/rosdev/ros2_ws/install/tf2_msgs/local/lib/python3.10/dist-packages/tf2_msgs/_tf2_msgs_s.ep.rosidl_typesupport_c.c
[4.290s] -- Up-to-date symlink: /home/rosdev/ros2_ws/install/tf2_msgs/local/lib/python3.10/dist-packages/tf2_msgs/_tf2_msgs_s.ep.rosidl_typesupport_fastrtps_c.c
[4.291s] -- Up-to-date symlink: /home/rosdev/ros2_ws/install/tf2_msgs/local/lib/python3.10/dist-packages/tf2_msgs/_tf2_msgs_s.ep.rosidl_typesupport_introspection_c.c
[4.291s] -- Up-to-date symlink: /home/rosdev/ros2_ws/install/tf2_msgs/local/lib/python3.10/dist-packages/tf2_msgs/action/__init__.py
[4.291s] -- Up-to-date symlink: /home/rosdev/ros2_ws/install/tf2_msgs/local/lib/python3.10/dist-packages/tf2_msgs/action/_lookup_transform.py
[4.291s] -- Up-to-date symlink: /home/rosdev/ros2_ws/install/tf2_msgs/local/lib/python3.10/dist-packages/tf2_msgs/action/_lookup_transform_s.c
[4.291s] -- Up-to-date symlink: /home/rosdev/ros2_ws/install/tf2_msgs/local/lib/python3.10/dist-packages/tf2_msgs/libtf2_msgs__rosidl_generator_py.so
[4.291s] -- Up-to-date symlink: /home/rosdev/ros2_ws/install/tf2_msgs/local/lib/python3.10/dist-packages/tf2_msgs/msg/__init__.py
[4.291s] -- Up-to-date symlink: /home/rosdev/ros2_ws/install/tf2_msgs/local/lib/python3.10/dist-packages/tf2_msgs/msg/_tf2_error.py
[4.291s] -- Up-to-date symlink: /home/rosdev/ros2_ws/install/tf2_msgs/local/lib/python3.10/dist-packages/tf2_msgs/msg/_tf2_error_s.c
[4.291s] -- Up-to-date symlink: /home/rosdev/ros2_ws/install/tf2_msgs/local/lib/python3.10/dist-packages/tf2_msgs/msg/_tf_message.py
[4.291s] -- Up-to-date symlink: /home/rosdev/ros2_ws/install/tf2_msgs/local/lib/python3.10/dist-packages/tf2_msgs/msg/_tf_message_s.c
[4.291s] -- Up-to-date symlink: /home/rosdev/ros2_ws/install/tf2_msgs/local/lib/python3.10/dist-packages/tf2_msgs/srv/__init__.py
[4.291s] -- Up-to-date symlink: /home/rosdev/ros2_ws/install/tf2_msgs/local/lib/python3.10/dist-packages/tf2_msgs/srv/_frame_graph.py
[4.292s] -- Up-to-date symlink: /home/rosdev/ros2_ws/install/tf2_msgs/local/lib/python3.10/dist-packages/tf2_msgs/srv/_frame_graph_s.c
[4.292s] -- Up-to-date symlink: /home/rosdev/ros2_ws/install/tf2_msgs/local/lib/python3.10/dist-packages/tf2_msgs/tf2_msgs_s__rosidl_typesupport_c.cpython-310-aarch64-linux-gnu.so
[4.292s] -- Up-to-date symlink: /home/rosdev/ros2_ws/install/tf2_msgs/local/lib/python3.10/dist-packages/tf2_msgs/tf2_msgs_s__rosidl_typesupport_fastrtps_c.cpython-310-aarch64-linux-gnu.so
[4.292s] -- Up-to-date symlink: /home/rosdev/ros2_ws/install/tf2_msgs/local/lib/python3.10/dist-packages/tf2_msgs/tf2_msgs_s__rosidl_typesupport_introspection_c.cpython-310-aarch64-linux-gnu.so
[4.292s] -- Up-to-date symlink: /home/rosdev/ros2_ws/install/tf2_msgs/local/lib/python3.10/dist-packages/tf2_msgs/tf2_msgs_s__rosidl_typesupport_fastrtps_c.cpython-310-aarch64-linux-gnu.so
[4.292s] -- Up-to-date symlink: /home/rosdev/ros2_ws/install/tf2_msgs/local/lib/python3.10/dist-packages/tf2_msgs/tf2_msgs_s__rosidl_typesupport_introspection_c.cpython-310-aarch64-linux-gnu.so
[4.292s] -- Up-to-date symlink: /home/rosdev/ros2_ws/install/tf2_msgs/local/lib/python3.10/dist-packages/tf2_msgs/tf2_msgs_s__rosidl_typesupport_c.cpython-310-aarch64-linux-gnu.so
[4.292s] -- Up-to-date symlink: /home/rosdev/ros2_ws/install/tf2_msgs/share/tf2_msgs/msg/TF2Error.idl
[4.292s] -- Up-to-date symlink: /home/rosdev/ros2_ws/install/tf2_msgs/share/tf2_msgs/msg/TFMessage.idl
[4.292s] -- Up-to-date symlink: /home/rosdev/ros2_ws/install/tf2_msgs/share/tf2_msgs/srv/FrameGraph.idl
[4.293s] -- Up-to-date symlink: /home/rosdev/ros2_ws/install/tf2_msgs/share/tf2_msgs/action/LookupTransform.idl
[4.293s] -- Up-to-date symlink: /home/rosdev/ros2_ws/install/tf2_msgs/share/tf2_msgs/msg/TF2Error.msg
[4.293s] -- Up-to-date symlink: /home/rosdev/ros2_ws/install/tf2_msgs/share/tf2_msgs/msg/TFMessage.msg
[4.293s] -- Up-to-date symlink: /home/rosdev/ros2_ws/install/tf2_msgs/share/tf2_msgs/srv/FrameGraph.srv
[4.293s] -- Up-to-date symlink: /home/rosdev/ros2_ws/install/tf2_msgs/share/tf2_msgs/srv/FrameGraph_Request.msg
[4.294s] -- Up-to-date symlink: /home/rosdev/ros2_ws/install/tf2_msgs/share/tf2_msgs/srv/FrameGraph_Response.msg
[4.294s] -- Up-to-date symlink: /home/rosdev/ros2_ws/install/tf2_msgs/share/tf2_msgs/action/LookupTransform.action
[4.294s] -- Up-to-date symlink: /home/rosdev/ros2_ws/install/tf2_msgs/share/tf2_msgs/tfmessage_bridge_mapping_rule.yaml
[4.294s] -- Up-to-date symlink: /home/rosdev/ros2_ws/install/tf2_msgs/share/ament_index/resource_index/package_run_dependencies/tf2_msgs
[4.294s] -- Up-to-date symlink: /home/rosdev/ros2_ws/install/tf2_msgs/share/ament_index/resource_index/parent_prefix_path/tf2_msgs
[4.294s] -- Up-to-date symlink: /home/rosdev/ros2_ws/install/tf2_msgs/share/tf2_msgs/environment/ament_prefix_path.sh
[4.294s] -- Up-to-date symlink: /home/rosdev/ros2_ws/install/tf2_msgs/share/tf2_msgs/environment/ament_prefix_path.dsv
[4.294s] -- Up-to-date symlink: /home/rosdev/ros2_ws/install/tf2_msgs/share/tf2_msgs/environment/path.sh
[4.294s] -- Up-to-date symlink: /home/rosdev/ros2_ws/install/tf2_msgs/share/tf2_msgs/environment/path.dsv
[4.294s] -- Up-to-date symlink: /home/rosdev/ros2_ws/install/tf2_msgs/share/tf2_msgs/local_setup.bash
[4.294s] -- Up-to-date symlink: /home/rosdev/ros2_ws/install/tf2_msgs/share/tf2_msgs/local_setup.sh
[4.294s] -- Up-to-date symlink: /home/rosdev/ros2_ws/install/tf2_msgs/share/tf2_msgs/local_setup.zsh
[4.295s] -- Up-to-date symlink: /home/rosdev/ros2_ws/install/tf2_msgs/share/tf2_msgs/local_setup.dsv
[4.295s] -- Symlinking: /home/rosdev/ros2_ws/install/tf2_msgs/share/tf2_msgs/package.dsv
[4.302s] -- Up-to-date symlink: /home/rosdev/ros2_ws/install/tf2_msgs/share/ament_index/resource_index/packages/tf2_msgs
[4.302s] -- Up-to-date symlink: /home/rosdev/ros2_ws/install/tf2_msgs/share/tf2_msgs/cmake/rosidl_cmake-extras.cmake
[4.302s] -- Up-to-date symlink: /home/rosdev/ros2_ws/install/tf2_msgs/share/tf2_msgs/cmake/ament_cmake_export_dependencies-extras.cmake
[4.302s] -- Up-to-date symlink: /home/rosdev/ros2_ws/install/tf2_msgs/share/tf2_msgs/cmake/ament_cmake_export_include_directories-extras.cmake
[4.302s] -- Up-to-date symlink: /home/rosdev/ros2_ws/install/tf2_msgs/share/tf2_msgs/cmake/ament_cmake_export_libraries-extras.cmake
[4.303s] -- Up-to-date symlink: /home/rosdev/ros2_ws/install/tf2_msgs/share/tf2_msgs/cmake/ament_cmake_export_targets-extras.cmake
[4.304s] -- Up-to-date symlink: /home/rosdev/ros2_ws/install/tf2_msgs/share/tf2_msgs/cmake/rosidl_cmake_export_typesupport_targets-extras.cmake
[4.304s] -- Up-to-date symlink: /home/rosdev/ros2_ws/install/tf2_msgs/share/tf2_msgs/cmake/rosidl_cmake_export_typesupport_libraries-extras.cmake
[4.304s] -- Up-to-date symlink: /home/rosdev/ros2_ws/install/tf2_msgs/share/tf2_msgs/cmake/tf2_msgsConfig.cmake
[4.304s] -- Up-to-date symlink: /home/rosdev/ros2_ws/install/tf2_msgs/share/tf2_msgs/cmake/tf2_msgsConfig-version.cmake
[4.305s] -- Up-to-date symlink: /home/rosdev/ros2_ws/install/tf2_msgs/share/tf2_msgs/package.xml
[4.305s] -- Up-to-date: /home/rosdev/ros2_ws/install/tf2_msgs/lib/libtf2_msgs__rosidl_generator_c.so
[4.305s] -- Up-to-date: /home/rosdev/ros2_ws/install/tf2_msgs/lib/libtf2_msgs__rosidl_typesupport_fastrtps_c.so
[4.305s] -- Up-to-date: /home/rosdev/ros2_ws/install/tf2_msgs/lib/libtf2_msgs__rosidl_typesupport_introspection_c.so
[4.317s] -- Up-to-date: /home/rosdev/ros2_ws/install/tf2_msgs/lib/libtf2_msgs__rosidl_typesupport_c.so
[4.318s] -- Up-to-date: /home/rosdev/ros2_ws/install/tf2_msgs/lib/libtf2_msgs__rosidl_typesupport_fastrtps_cpp.so
[4.318s] -- Up-to-date: /home/rosdev/ros2_ws/install/tf2_msgs/lib/libtf2_msgs__rosidl_typesupport_introspection_cpp.so
[4.319s] -- Up-to-date: /home/rosdev/ros2_ws/install/tf2_msgs/lib/libtf2_msgs__rosidl_typesupport_cpp.so
[4.361s] Listing '/home/rosdev/ros2_ws/install/tf2_msgs/local/lib/python3.10/dist-packages/tf2_msgs'...
[4.361s] Compiling '/home/rosdev/ros2_ws/install/tf2_msgs/local/lib/python3.10/dist-packages/tf2_msgs/__init__.py'...
[4.361s] Listing '/home/rosdev/ros2_ws/install/tf2_msgs/local/lib/python3.10/dist-packages/tf2_msgs/action'...
[4.362s] Listing '/home/rosdev/ros2_ws/install/tf2_msgs/local/lib/python3.10/dist-packages/tf2_msgs/msg'...
[4.362s] Listing '/home/rosdev/ros2_ws/install/tf2_msgs/local/lib/python3.10/dist-packages/tf2_msgs/srv'...
[4.374s] -- Up-to-date: /home/rosdev/ros2_ws/install/tf2_msgs/lib/libtf2_msgs__rosidl_generator_py.so
[4.374s] -- Up-to-date: /home/rosdev/ros2_ws/install/tf2_msgs/share/tf2_msgs/cmake/export_tf2_msgs__rosidl_generator_cExport.cmake
[4.374s] -- Up-to-date: /home/rosdev/ros2_ws/install/tf2_msgs/share/tf2_msgs/cmake/export_tf2_msgs__rosidl_generator_cExport-noconfig.cmake
[4.375s] -- Up-to-date: /home/rosdev/ros2_ws/install/tf2_msgs/share/tf2_msgs/cmake/export_tf2_msgs__rosidl_typesupport_fastrtps_cExport.cmake
[4.375s] -- Up-to-date: /home/rosdev/ros2_ws/install/tf2_msgs/share/tf2_msgs/cmake/export_tf2_msgs__rosidl_typesupport_fastrtps_cExport-noconfig.cmake
[4.376s] -- Up-to-date: /home/rosdev/ros2_ws/install/tf2_msgs/share/tf2_msgs/cmake/tf2_msgs__rosidl_typesupport_introspection_cExport.cmake
[4.376s] -- Up-to-date: /home/rosdev/ros2_ws/install/tf2_msgs/share/tf2_msgs/cmake/tf2_msgs__rosidl_typesupport_introspection_cExport-noconfig.cmake
[4.377s] -- Up-to-date: /home/rosdev/ros2_ws/install/tf2_msgs/share/tf2_msgs/cmake/tf2_msgs__rosidl_typesupport_cExport.cmake
[4.378s] -- Up-to-date: /home/rosdev/ros2_ws/install/tf2_msgs/share/tf2_msgs/cmake/tf2_msgs__rosidl_typesupport_cExport-noconfig.cmake
[4.378s] -- Up-to-date: /home/rosdev/ros2_ws/install/tf2_msgs/share/tf2_msgs/cmake/export_tf2_msgs__rosidl_generator_cppExport.cmake
[4.378s] -- Up-to-date: /home/rosdev/ros2_ws/install/tf2_msgs/share/tf2_msgs/cmake/export_tf2_msgs__rosidl_typesupport_fastrtps_cppExport.cmake
[4.379s] -- Up-to-date: /home/rosdev/ros2_ws/install/tf2_msgs/share/tf2_msgs/cmake/export_tf2_msgs__rosidl_typesupport_fastrtps_cppExport-noconfig.cmake
[4.379s] -- Up-to-date: /home/rosdev/ros2_ws/install/tf2_msgs/share/tf2_msgs/cmake/tf2_msgs__rosidl_typesupport_introspection_cppExport.cmake
[4.380s] -- Up-to-date: /home/rosdev/ros2_ws/install/tf2_msgs/share/tf2_msgs/cmake/tf2_msgs__rosidl_typesupport_introspection_cppExport-noconfig.cmake
[4.380s] -- Up-to-date: /home/rosdev/ros2_ws/install/tf2_msgs/share/tf2_msgs/cmake/tf2_msgs__rosidl_typesupport_cppExport.cmake
[4.381s] -- Up-to-date: /home/rosdev/ros2_ws/install/tf2_msgs/share/tf2_msgs/cmake/tf2_msgs__rosidl_typesupport_cppExport-noconfig.cmake
[4.382s] -- Up-to-date: /home/rosdev/ros2_ws/install/tf2_msgs/share/tf2_msgs/cmake/export_tf2_msgs__rosidl_generator_pyExport.cmake
[4.382s] -- Up-to-date: /home/rosdev/ros2_ws/install/tf2_msgs/share/tf2_msgs/cmake/export_tf2_msgs__rosidl_generator_pyExport-noconfig.cmake
[4.392s] Invoked command in '/home/rosdev/ros2_ws/build/tf2_msgs' returned '0': CMAKE_PREFIX_PATH=/opt/ros/humble /usr/bin/cmake --install /home/rosdev/ros2_ws/build/tf2_msgs
