[1.282s] Invoking command in '/home/rosdev/ros2_ws/src/yolo_ros/yolo_ros': AMENT_PREFIX_PATH=/home/rosdev/ros2_ws/install/yolo_msgs:/home/rosdev/ros2_ws/install/cv_bridge:${AMENT_PREFIX_PATH} CMAKE_PREFIX_PATH=/home/rosdev/ros2_ws/install/yolo_msgs:/home/rosdev/ros2_ws/install/cv_bridge LD_LIBRARY_PATH=/home/rosdev/ros2_ws/install/yolo_msgs/lib:/home/rosdev/ros2_ws/install/cv_bridge/lib:${LD_LIBRARY_PATH} PYTHONPATH=/home/rosdev/ros2_ws/build/yolo_ros/prefix_override:/usr/lib/python3/dist-packages/colcon_core/task/python/colcon_distutils_commands:/home/rosdev/ros2_ws/install/yolo_ros/lib/python3.10/site-packages:/home/rosdev/ros2_ws/install/yolo_msgs/local/lib/python3.10/dist-packages:/home/rosdev/ros2_ws/install/cv_bridge/local/lib/python3.10/dist-packages:${PYTHONPATH} /usr/bin/python3 -W ignore:setup.py install is deprecated -W ignore:easy_install command is deprecated setup.py egg_info --egg-base ../../../build/yolo_ros build --build-base /home/rosdev/ros2_ws/build/yolo_ros/build install --record /home/rosdev/ros2_ws/build/yolo_ros/install.log --single-version-externally-managed install_data
[1.667s] running egg_info
[1.671s] writing ../../../build/yolo_ros/yolo_ros.egg-info/PKG-INFO
[1.671s] writing dependency_links to ../../../build/yolo_ros/yolo_ros.egg-info/dependency_links.txt
[1.671s] writing entry points to ../../../build/yolo_ros/yolo_ros.egg-info/entry_points.txt
[1.672s] writing requirements to ../../../build/yolo_ros/yolo_ros.egg-info/requires.txt
[1.672s] writing top-level names to ../../../build/yolo_ros/yolo_ros.egg-info/top_level.txt
[1.676s] reading manifest file '../../../build/yolo_ros/yolo_ros.egg-info/SOURCES.txt'
[1.676s] writing manifest file '../../../build/yolo_ros/yolo_ros.egg-info/SOURCES.txt'
[1.676s] running build
[1.681s] running build_py
[1.681s] running install
[1.681s] running install_lib
[1.682s] running install_data
[1.682s] running install_egg_info
[1.690s] removing '/home/rosdev/ros2_ws/install/yolo_ros/lib/python3.10/site-packages/yolo_ros-0.0.0-py3.10.egg-info' (and everything under it)
[1.702s] Copying ../../../build/yolo_ros/yolo_ros.egg-info to /home/rosdev/ros2_ws/install/yolo_ros/lib/python3.10/site-packages/yolo_ros-0.0.0-py3.10.egg-info
[1.703s] running install_scripts
[1.734s] Installing debug_node script to /home/rosdev/ros2_ws/install/yolo_ros/lib/yolo_ros
[1.734s] Installing detect_3d_node script to /home/rosdev/ros2_ws/install/yolo_ros/lib/yolo_ros
[1.735s] Installing tracking_node script to /home/rosdev/ros2_ws/install/yolo_ros/lib/yolo_ros
[1.735s] Installing yolo_node script to /home/rosdev/ros2_ws/install/yolo_ros/lib/yolo_ros
[1.737s] writing list of installed files to '/home/rosdev/ros2_ws/build/yolo_ros/install.log'
[2.221s] Invoked command in '/home/rosdev/ros2_ws/src/yolo_ros/yolo_ros' returned '0': AMENT_PREFIX_PATH=/home/rosdev/ros2_ws/install/yolo_msgs:/home/rosdev/ros2_ws/install/cv_bridge:${AMENT_PREFIX_PATH} CMAKE_PREFIX_PATH=/home/rosdev/ros2_ws/install/yolo_msgs:/home/rosdev/ros2_ws/install/cv_bridge LD_LIBRARY_PATH=/home/rosdev/ros2_ws/install/yolo_msgs/lib:/home/rosdev/ros2_ws/install/cv_bridge/lib:${LD_LIBRARY_PATH} PYTHONPATH=/home/rosdev/ros2_ws/build/yolo_ros/prefix_override:/usr/lib/python3/dist-packages/colcon_core/task/python/colcon_distutils_commands:/home/rosdev/ros2_ws/install/yolo_ros/lib/python3.10/site-packages:/home/rosdev/ros2_ws/install/yolo_msgs/local/lib/python3.10/dist-packages:/home/rosdev/ros2_ws/install/cv_bridge/local/lib/python3.10/dist-packages:${PYTHONPATH} /usr/bin/python3 -W ignore:setup.py install is deprecated -W ignore:easy_install command is deprecated setup.py egg_info --egg-base ../../../build/yolo_ros build --build-base /home/rosdev/ros2_ws/build/yolo_ros/build install --record /home/rosdev/ros2_ws/build/yolo_ros/install.log --single-version-externally-managed install_data
