[0.241s] Invoking command in '/home/rosdev/ros2_ws/build/image_geometry': CMAKE_PREFIX_PATH=${CMAKE_PREFIX_PATH}:/home/rosdev/ros2_ws/install/yolo_ros:/home/rosdev/ros2_ws/install/tf2_tools:/home/rosdev/ros2_ws/install/examples_tf2_py:/home/rosdev/ros2_ws/install/tf2_ros_py:/home/rosdev/ros2_ws/install/opencv_tests:/opt/ros/humble /usr/bin/cmake --build /home/rosdev/ros2_ws/build/image_geometry -- -j12 -l12
[0.623s] [  0%] Built target ament_cmake_python_symlink_image_geometry
[0.778s] [ 22%] Built target gtest
[1.723s] running egg_info
[1.729s] writing image_geometry.egg-info/PKG-INFO
[1.730s] writing dependency_links to image_geometry.egg-info/dependency_links.txt
[1.730s] writing top-level names to image_geometry.egg-info/top_level.txt
[1.735s] reading manifest file 'image_geometry.egg-info/SOURCES.txt'
[1.742s] writing manifest file 'image_geometry.egg-info/SOURCES.txt'
[1.913s] [ 22%] Built target ament_cmake_python_build_image_geometry_egg
[2.041s] [ 44%] Built target gtest_main
[2.194s] [ 77%] Built target image_geometry
[2.461s] [100%] Built target image_geometry-utest
[3.497s] Invoked command in '/home/rosdev/ros2_ws/build/image_geometry' returned '0': CMAKE_PREFIX_PATH=${CMAKE_PREFIX_PATH}:/home/rosdev/ros2_ws/install/yolo_ros:/home/rosdev/ros2_ws/install/tf2_tools:/home/rosdev/ros2_ws/install/examples_tf2_py:/home/rosdev/ros2_ws/install/tf2_ros_py:/home/rosdev/ros2_ws/install/opencv_tests:/opt/ros/humble /usr/bin/cmake --build /home/rosdev/ros2_ws/build/image_geometry -- -j12 -l12
[3.501s] Invoking command in '/home/rosdev/ros2_ws/build/image_geometry': CMAKE_PREFIX_PATH=${CMAKE_PREFIX_PATH}:/home/rosdev/ros2_ws/install/yolo_ros:/home/rosdev/ros2_ws/install/tf2_tools:/home/rosdev/ros2_ws/install/examples_tf2_py:/home/rosdev/ros2_ws/install/tf2_ros_py:/home/rosdev/ros2_ws/install/opencv_tests:/opt/ros/humble /usr/bin/cmake --install /home/rosdev/ros2_ws/build/image_geometry
[3.526s] -- Install configuration: ""
[3.527s] -- Execute custom install script
[3.527s] -- Up-to-date symlink: /home/rosdev/ros2_ws/install/image_geometry/share/image_geometry/environment/pythonpath.sh
[3.527s] -- Up-to-date symlink: /home/rosdev/ros2_ws/install/image_geometry/share/image_geometry/environment/pythonpath.dsv
[3.527s] -- Up-to-date symlink: /home/rosdev/ros2_ws/install/image_geometry/local/lib/python3.10/dist-packages/image_geometry-3.2.1-py3.10.egg-info/PKG-INFO
[3.527s] -- Up-to-date symlink: /home/rosdev/ros2_ws/install/image_geometry/local/lib/python3.10/dist-packages/image_geometry-3.2.1-py3.10.egg-info/SOURCES.txt
[3.527s] -- Up-to-date symlink: /home/rosdev/ros2_ws/install/image_geometry/local/lib/python3.10/dist-packages/image_geometry-3.2.1-py3.10.egg-info/dependency_links.txt
[3.529s] -- Up-to-date symlink: /home/rosdev/ros2_ws/install/image_geometry/local/lib/python3.10/dist-packages/image_geometry-3.2.1-py3.10.egg-info/top_level.txt
[3.529s] -- Up-to-date symlink: /home/rosdev/ros2_ws/install/image_geometry/local/lib/python3.10/dist-packages/image_geometry/__init__.py
[3.529s] -- Up-to-date symlink: /home/rosdev/ros2_ws/install/image_geometry/local/lib/python3.10/dist-packages/image_geometry/cameramodels.py
[3.529s] -- Up-to-date symlink: /home/rosdev/ros2_ws/install/image_geometry/include/image_geometry/image_geometry/pinhole_camera_model.h
[3.529s] -- Up-to-date symlink: /home/rosdev/ros2_ws/install/image_geometry/include/image_geometry/image_geometry/stereo_camera_model.h
[3.530s] -- Up-to-date symlink: /home/rosdev/ros2_ws/install/image_geometry/include/image_geometry/image_geometry/visibility_control.hpp
[3.530s] -- Up-to-date symlink: /home/rosdev/ros2_ws/install/image_geometry/share/ament_index/resource_index/package_run_dependencies/image_geometry
[3.530s] -- Up-to-date symlink: /home/rosdev/ros2_ws/install/image_geometry/share/ament_index/resource_index/parent_prefix_path/image_geometry
[3.530s] -- Up-to-date symlink: /home/rosdev/ros2_ws/install/image_geometry/share/image_geometry/environment/ament_prefix_path.sh
[3.530s] -- Up-to-date symlink: /home/rosdev/ros2_ws/install/image_geometry/share/image_geometry/environment/ament_prefix_path.dsv
[3.530s] -- Up-to-date symlink: /home/rosdev/ros2_ws/install/image_geometry/share/image_geometry/environment/path.sh
[3.531s] -- Up-to-date symlink: /home/rosdev/ros2_ws/install/image_geometry/share/image_geometry/environment/path.dsv
[3.531s] -- Up-to-date symlink: /home/rosdev/ros2_ws/install/image_geometry/share/image_geometry/local_setup.bash
[3.531s] -- Up-to-date symlink: /home/rosdev/ros2_ws/install/image_geometry/share/image_geometry/local_setup.sh
[3.531s] -- Up-to-date symlink: /home/rosdev/ros2_ws/install/image_geometry/share/image_geometry/local_setup.zsh
[3.531s] -- Up-to-date symlink: /home/rosdev/ros2_ws/install/image_geometry/share/image_geometry/local_setup.dsv
[3.531s] -- Symlinking: /home/rosdev/ros2_ws/install/image_geometry/share/image_geometry/package.dsv
[3.561s] -- Up-to-date symlink: /home/rosdev/ros2_ws/install/image_geometry/share/ament_index/resource_index/packages/image_geometry
[3.562s] -- Up-to-date symlink: /home/rosdev/ros2_ws/install/image_geometry/share/image_geometry/cmake/ament_cmake_export_targets-extras.cmake
[3.562s] -- Up-to-date symlink: /home/rosdev/ros2_ws/install/image_geometry/share/image_geometry/cmake/ament_cmake_export_dependencies-extras.cmake
[3.562s] -- Up-to-date symlink: /home/rosdev/ros2_ws/install/image_geometry/share/image_geometry/cmake/image_geometryConfig.cmake
[3.562s] -- Up-to-date symlink: /home/rosdev/ros2_ws/install/image_geometry/share/image_geometry/cmake/image_geometryConfig-version.cmake
[3.563s] -- Up-to-date symlink: /home/rosdev/ros2_ws/install/image_geometry/share/image_geometry/package.xml
[3.847s] Listing '/home/rosdev/ros2_ws/install/image_geometry/local/lib/python3.10/dist-packages/image_geometry'...
[3.850s] -- Up-to-date: /home/rosdev/ros2_ws/install/image_geometry/lib/libimage_geometry.so
[3.850s] -- Up-to-date: /home/rosdev/ros2_ws/install/image_geometry/share/image_geometry/cmake/export_image_geometryExport.cmake
[3.850s] -- Up-to-date: /home/rosdev/ros2_ws/install/image_geometry/share/image_geometry/cmake/export_image_geometryExport-noconfig.cmake
[3.882s] Invoked command in '/home/rosdev/ros2_ws/build/image_geometry' returned '0': CMAKE_PREFIX_PATH=${CMAKE_PREFIX_PATH}:/home/rosdev/ros2_ws/install/yolo_ros:/home/rosdev/ros2_ws/install/tf2_tools:/home/rosdev/ros2_ws/install/examples_tf2_py:/home/rosdev/ros2_ws/install/tf2_ros_py:/home/rosdev/ros2_ws/install/opencv_tests:/opt/ros/humble /usr/bin/cmake --install /home/rosdev/ros2_ws/build/image_geometry
