[0.031s] Invoking command in '/home/rosdev/ros2_ws/build/aruco_interfaces': CMAKE_PREFIX_PATH=${CMAKE_PREFIX_PATH}:/home/rosdev/ros2_ws/install/yolo_ros:/opt/ros/humble /usr/bin/cmake --build /home/rosdev/ros2_ws/build/aruco_interfaces -- -j12 -l12
[0.118s] [  3%] Built target aruco_interfaces__cpp
[0.171s] [  3%] Built target ament_cmake_python_copy_aruco_interfaces
[0.215s] [ 12%] Built target aruco_interfaces__rosidl_typesupport_introspection_cpp
[0.574s] running egg_info
[0.576s] writing aruco_interfaces.egg-info/PKG-INFO
[0.576s] writing dependency_links to aruco_interfaces.egg-info/dependency_links.txt
[0.577s] writing top-level names to aruco_interfaces.egg-info/top_level.txt
[0.583s] reading manifest file 'aruco_interfaces.egg-info/SOURCES.txt'
[0.584s] writing manifest file 'aruco_interfaces.egg-info/SOURCES.txt'
[0.655s] [ 12%] Built target ament_cmake_python_build_aruco_interfaces_egg
[0.697s] [ 22%] Built target aruco_interfaces__rosidl_typesupport_fastrtps_cpp
[0.740s] [ 32%] Built target aruco_interfaces__rosidl_typesupport_cpp
[0.783s] [ 41%] Built target aruco_interfaces__rosidl_generator_c
[0.824s] [ 51%] Built target aruco_interfaces__rosidl_typesupport_fastrtps_c
[0.862s] [ 61%] Built target aruco_interfaces__rosidl_typesupport_c
[0.901s] [ 70%] Built target aruco_interfaces__rosidl_typesupport_introspection_c
[0.936s] [ 70%] Built target aruco_interfaces
[0.980s] [ 74%] Built target aruco_interfaces__py
[1.022s] [ 80%] Built target aruco_interfaces__rosidl_generator_py
[1.061s] [ 87%] Built target aruco_interfaces__rosidl_typesupport_fastrtps_c__pyext
[1.101s] [ 93%] Built target aruco_interfaces__rosidl_typesupport_c__pyext
[1.152s] [100%] Built target aruco_interfaces__rosidl_typesupport_introspection_c__pyext
[1.191s] Invoked command in '/home/rosdev/ros2_ws/build/aruco_interfaces' returned '0': CMAKE_PREFIX_PATH=${CMAKE_PREFIX_PATH}:/home/rosdev/ros2_ws/install/yolo_ros:/opt/ros/humble /usr/bin/cmake --build /home/rosdev/ros2_ws/build/aruco_interfaces -- -j12 -l12
[1.194s] Invoking command in '/home/rosdev/ros2_ws/build/aruco_interfaces': CMAKE_PREFIX_PATH=${CMAKE_PREFIX_PATH}:/home/rosdev/ros2_ws/install/yolo_ros:/opt/ros/humble /usr/bin/cmake --install /home/rosdev/ros2_ws/build/aruco_interfaces
[1.212s] -- Install configuration: ""
[1.212s] -- Up-to-date: /home/rosdev/ros2_ws/install/aruco_interfaces/share/ament_index/resource_index/rosidl_interfaces/aruco_interfaces
[1.213s] -- Up-to-date: /home/rosdev/ros2_ws/install/aruco_interfaces/include/aruco_interfaces/aruco_interfaces
[1.213s] -- Up-to-date: /home/rosdev/ros2_ws/install/aruco_interfaces/include/aruco_interfaces/aruco_interfaces/msg
[1.213s] -- Up-to-date: /home/rosdev/ros2_ws/install/aruco_interfaces/include/aruco_interfaces/aruco_interfaces/msg/aruco_markers.h
[1.214s] -- Up-to-date: /home/rosdev/ros2_ws/install/aruco_interfaces/include/aruco_interfaces/aruco_interfaces/msg/detail
[1.214s] -- Up-to-date: /home/rosdev/ros2_ws/install/aruco_interfaces/include/aruco_interfaces/aruco_interfaces/msg/detail/aruco_markers__functions.h
[1.214s] -- Up-to-date: /home/rosdev/ros2_ws/install/aruco_interfaces/include/aruco_interfaces/aruco_interfaces/msg/detail/aruco_markers__type_support.h
[1.214s] -- Up-to-date: /home/rosdev/ros2_ws/install/aruco_interfaces/include/aruco_interfaces/aruco_interfaces/msg/detail/aruco_markers__functions.c
[1.215s] -- Up-to-date: /home/rosdev/ros2_ws/install/aruco_interfaces/include/aruco_interfaces/aruco_interfaces/msg/detail/aruco_markers__struct.h
[1.215s] -- Up-to-date: /home/rosdev/ros2_ws/install/aruco_interfaces/include/aruco_interfaces/aruco_interfaces/msg/rosidl_generator_c__visibility_control.h
[1.215s] -- Up-to-date: /home/rosdev/ros2_ws/install/aruco_interfaces/share/aruco_interfaces/environment/library_path.sh
[1.215s] -- Up-to-date: /home/rosdev/ros2_ws/install/aruco_interfaces/share/aruco_interfaces/environment/library_path.dsv
[1.216s] -- Up-to-date: /home/rosdev/ros2_ws/install/aruco_interfaces/lib/libaruco_interfaces__rosidl_generator_c.so
[1.216s] -- Up-to-date: /home/rosdev/ros2_ws/install/aruco_interfaces/include/aruco_interfaces/aruco_interfaces
[1.217s] -- Up-to-date: /home/rosdev/ros2_ws/install/aruco_interfaces/include/aruco_interfaces/aruco_interfaces/msg
[1.217s] -- Up-to-date: /home/rosdev/ros2_ws/install/aruco_interfaces/include/aruco_interfaces/aruco_interfaces/msg/rosidl_typesupport_fastrtps_c__visibility_control.h
[1.221s] -- Up-to-date: /home/rosdev/ros2_ws/install/aruco_interfaces/include/aruco_interfaces/aruco_interfaces/msg/detail
[1.222s] -- Up-to-date: /home/rosdev/ros2_ws/install/aruco_interfaces/include/aruco_interfaces/aruco_interfaces/msg/detail/aruco_markers__rosidl_typesupport_fastrtps_c.h
[1.222s] -- Up-to-date: /home/rosdev/ros2_ws/install/aruco_interfaces/lib/libaruco_interfaces__rosidl_typesupport_fastrtps_c.so
[1.222s] -- Up-to-date: /home/rosdev/ros2_ws/install/aruco_interfaces/include/aruco_interfaces/aruco_interfaces
[1.223s] -- Up-to-date: /home/rosdev/ros2_ws/install/aruco_interfaces/include/aruco_interfaces/aruco_interfaces/msg
[1.223s] -- Up-to-date: /home/rosdev/ros2_ws/install/aruco_interfaces/include/aruco_interfaces/aruco_interfaces/msg/detail
[1.223s] -- Up-to-date: /home/rosdev/ros2_ws/install/aruco_interfaces/include/aruco_interfaces/aruco_interfaces/msg/detail/aruco_markers__builder.hpp
[1.223s] -- Up-to-date: /home/rosdev/ros2_ws/install/aruco_interfaces/include/aruco_interfaces/aruco_interfaces/msg/detail/aruco_markers__traits.hpp
[1.223s] -- Up-to-date: /home/rosdev/ros2_ws/install/aruco_interfaces/include/aruco_interfaces/aruco_interfaces/msg/detail/aruco_markers__type_support.hpp
[1.223s] -- Up-to-date: /home/rosdev/ros2_ws/install/aruco_interfaces/include/aruco_interfaces/aruco_interfaces/msg/detail/aruco_markers__struct.hpp
[1.223s] -- Up-to-date: /home/rosdev/ros2_ws/install/aruco_interfaces/include/aruco_interfaces/aruco_interfaces/msg/aruco_markers.hpp
[1.223s] -- Up-to-date: /home/rosdev/ros2_ws/install/aruco_interfaces/include/aruco_interfaces/aruco_interfaces/msg/rosidl_generator_cpp__visibility_control.hpp
[1.224s] -- Up-to-date: /home/rosdev/ros2_ws/install/aruco_interfaces/include/aruco_interfaces/aruco_interfaces
[1.224s] -- Up-to-date: /home/rosdev/ros2_ws/install/aruco_interfaces/include/aruco_interfaces/aruco_interfaces/msg
[1.224s] -- Up-to-date: /home/rosdev/ros2_ws/install/aruco_interfaces/include/aruco_interfaces/aruco_interfaces/msg/detail
[1.224s] -- Up-to-date: /home/rosdev/ros2_ws/install/aruco_interfaces/include/aruco_interfaces/aruco_interfaces/msg/detail/dds_fastrtps
[1.224s] -- Up-to-date: /home/rosdev/ros2_ws/install/aruco_interfaces/include/aruco_interfaces/aruco_interfaces/msg/detail/aruco_markers__rosidl_typesupport_fastrtps_cpp.hpp
[1.224s] -- Up-to-date: /home/rosdev/ros2_ws/install/aruco_interfaces/include/aruco_interfaces/aruco_interfaces/msg/rosidl_typesupport_fastrtps_cpp__visibility_control.h
[1.224s] -- Up-to-date: /home/rosdev/ros2_ws/install/aruco_interfaces/lib/libaruco_interfaces__rosidl_typesupport_fastrtps_cpp.so
[1.225s] -- Up-to-date: /home/rosdev/ros2_ws/install/aruco_interfaces/include/aruco_interfaces/aruco_interfaces
[1.225s] -- Up-to-date: /home/rosdev/ros2_ws/install/aruco_interfaces/include/aruco_interfaces/aruco_interfaces/msg
[1.225s] -- Up-to-date: /home/rosdev/ros2_ws/install/aruco_interfaces/include/aruco_interfaces/aruco_interfaces/msg/rosidl_typesupport_introspection_c__visibility_control.h
[1.225s] -- Up-to-date: /home/rosdev/ros2_ws/install/aruco_interfaces/include/aruco_interfaces/aruco_interfaces/msg/detail
[1.225s] -- Up-to-date: /home/rosdev/ros2_ws/install/aruco_interfaces/include/aruco_interfaces/aruco_interfaces/msg/detail/aruco_markers__type_support.c
[1.226s] -- Up-to-date: /home/rosdev/ros2_ws/install/aruco_interfaces/include/aruco_interfaces/aruco_interfaces/msg/detail/aruco_markers__rosidl_typesupport_introspection_c.h
[1.226s] -- Up-to-date: /home/rosdev/ros2_ws/install/aruco_interfaces/lib/libaruco_interfaces__rosidl_typesupport_introspection_c.so
[1.226s] -- Up-to-date: /home/rosdev/ros2_ws/install/aruco_interfaces/lib/libaruco_interfaces__rosidl_typesupport_c.so
[1.226s] -- Up-to-date: /home/rosdev/ros2_ws/install/aruco_interfaces/include/aruco_interfaces/aruco_interfaces
[1.226s] -- Up-to-date: /home/rosdev/ros2_ws/install/aruco_interfaces/include/aruco_interfaces/aruco_interfaces/msg
[1.226s] -- Up-to-date: /home/rosdev/ros2_ws/install/aruco_interfaces/include/aruco_interfaces/aruco_interfaces/msg/detail
[1.227s] -- Up-to-date: /home/rosdev/ros2_ws/install/aruco_interfaces/include/aruco_interfaces/aruco_interfaces/msg/detail/aruco_markers__type_support.cpp
[1.227s] -- Up-to-date: /home/rosdev/ros2_ws/install/aruco_interfaces/include/aruco_interfaces/aruco_interfaces/msg/detail/aruco_markers__rosidl_typesupport_introspection_cpp.hpp
[1.227s] -- Up-to-date: /home/rosdev/ros2_ws/install/aruco_interfaces/lib/libaruco_interfaces__rosidl_typesupport_introspection_cpp.so
[1.227s] -- Up-to-date: /home/rosdev/ros2_ws/install/aruco_interfaces/lib/libaruco_interfaces__rosidl_typesupport_cpp.so
[1.227s] -- Up-to-date: /home/rosdev/ros2_ws/install/aruco_interfaces/share/aruco_interfaces/environment/pythonpath.sh
[1.227s] -- Up-to-date: /home/rosdev/ros2_ws/install/aruco_interfaces/share/aruco_interfaces/environment/pythonpath.dsv
[1.227s] -- Up-to-date: /home/rosdev/ros2_ws/install/aruco_interfaces/local/lib/python3.10/dist-packages/aruco_interfaces-0.1.0-py3.10.egg-info
[1.228s] -- Installing: /home/rosdev/ros2_ws/install/aruco_interfaces/local/lib/python3.10/dist-packages/aruco_interfaces-0.1.0-py3.10.egg-info/dependency_links.txt
[1.228s] -- Installing: /home/rosdev/ros2_ws/install/aruco_interfaces/local/lib/python3.10/dist-packages/aruco_interfaces-0.1.0-py3.10.egg-info/PKG-INFO
[1.228s] -- Installing: /home/rosdev/ros2_ws/install/aruco_interfaces/local/lib/python3.10/dist-packages/aruco_interfaces-0.1.0-py3.10.egg-info/SOURCES.txt
[1.228s] -- Installing: /home/rosdev/ros2_ws/install/aruco_interfaces/local/lib/python3.10/dist-packages/aruco_interfaces-0.1.0-py3.10.egg-info/top_level.txt
[1.228s] -- Up-to-date: /home/rosdev/ros2_ws/install/aruco_interfaces/local/lib/python3.10/dist-packages/aruco_interfaces
[1.228s] -- Up-to-date: /home/rosdev/ros2_ws/install/aruco_interfaces/local/lib/python3.10/dist-packages/aruco_interfaces/libaruco_interfaces__rosidl_generator_py.so
[1.228s] -- Up-to-date: /home/rosdev/ros2_ws/install/aruco_interfaces/local/lib/python3.10/dist-packages/aruco_interfaces/_aruco_interfaces_s.ep.rosidl_typesupport_introspection_c.c
[1.229s] -- Up-to-date: /home/rosdev/ros2_ws/install/aruco_interfaces/local/lib/python3.10/dist-packages/aruco_interfaces/_aruco_interfaces_s.ep.rosidl_typesupport_fastrtps_c.c
[1.229s] -- Up-to-date: /home/rosdev/ros2_ws/install/aruco_interfaces/local/lib/python3.10/dist-packages/aruco_interfaces/aruco_interfaces_s__rosidl_typesupport_fastrtps_c.cpython-310-aarch64-linux-gnu.so
[1.229s] -- Up-to-date: /home/rosdev/ros2_ws/install/aruco_interfaces/local/lib/python3.10/dist-packages/aruco_interfaces/__init__.py
[1.229s] -- Up-to-date: /home/rosdev/ros2_ws/install/aruco_interfaces/local/lib/python3.10/dist-packages/aruco_interfaces/_aruco_interfaces_s.ep.rosidl_typesupport_c.c
[1.229s] -- Up-to-date: /home/rosdev/ros2_ws/install/aruco_interfaces/local/lib/python3.10/dist-packages/aruco_interfaces/aruco_interfaces_s__rosidl_typesupport_c.cpython-310-aarch64-linux-gnu.so
[1.229s] -- Up-to-date: /home/rosdev/ros2_ws/install/aruco_interfaces/local/lib/python3.10/dist-packages/aruco_interfaces/aruco_interfaces_s__rosidl_typesupport_introspection_c.cpython-310-aarch64-linux-gnu.so
[1.229s] -- Up-to-date: /home/rosdev/ros2_ws/install/aruco_interfaces/local/lib/python3.10/dist-packages/aruco_interfaces/msg
[1.229s] -- Up-to-date: /home/rosdev/ros2_ws/install/aruco_interfaces/local/lib/python3.10/dist-packages/aruco_interfaces/msg/_aruco_markers_s.c
[1.229s] -- Up-to-date: /home/rosdev/ros2_ws/install/aruco_interfaces/local/lib/python3.10/dist-packages/aruco_interfaces/msg/_aruco_markers.py
[1.229s] -- Up-to-date: /home/rosdev/ros2_ws/install/aruco_interfaces/local/lib/python3.10/dist-packages/aruco_interfaces/msg/__init__.py
[1.281s] Listing '/home/rosdev/ros2_ws/install/aruco_interfaces/local/lib/python3.10/dist-packages/aruco_interfaces'...
[1.281s] Listing '/home/rosdev/ros2_ws/install/aruco_interfaces/local/lib/python3.10/dist-packages/aruco_interfaces/msg'...
[1.293s] -- Up-to-date: /home/rosdev/ros2_ws/install/aruco_interfaces/local/lib/python3.10/dist-packages/aruco_interfaces/aruco_interfaces_s__rosidl_typesupport_fastrtps_c.cpython-310-aarch64-linux-gnu.so
[1.293s] -- Up-to-date: /home/rosdev/ros2_ws/install/aruco_interfaces/local/lib/python3.10/dist-packages/aruco_interfaces/aruco_interfaces_s__rosidl_typesupport_introspection_c.cpython-310-aarch64-linux-gnu.so
[1.293s] -- Up-to-date: /home/rosdev/ros2_ws/install/aruco_interfaces/local/lib/python3.10/dist-packages/aruco_interfaces/aruco_interfaces_s__rosidl_typesupport_c.cpython-310-aarch64-linux-gnu.so
[1.294s] -- Up-to-date: /home/rosdev/ros2_ws/install/aruco_interfaces/lib/libaruco_interfaces__rosidl_generator_py.so
[1.294s] -- Up-to-date: /home/rosdev/ros2_ws/install/aruco_interfaces/share/aruco_interfaces/msg/ArucoMarkers.idl
[1.294s] -- Up-to-date: /home/rosdev/ros2_ws/install/aruco_interfaces/share/aruco_interfaces/msg/ArucoMarkers.msg
[1.294s] -- Up-to-date: /home/rosdev/ros2_ws/install/aruco_interfaces/share/ament_index/resource_index/package_run_dependencies/aruco_interfaces
[1.294s] -- Up-to-date: /home/rosdev/ros2_ws/install/aruco_interfaces/share/ament_index/resource_index/parent_prefix_path/aruco_interfaces
[1.295s] -- Up-to-date: /home/rosdev/ros2_ws/install/aruco_interfaces/share/aruco_interfaces/environment/ament_prefix_path.sh
[1.295s] -- Up-to-date: /home/rosdev/ros2_ws/install/aruco_interfaces/share/aruco_interfaces/environment/ament_prefix_path.dsv
[1.295s] -- Up-to-date: /home/rosdev/ros2_ws/install/aruco_interfaces/share/aruco_interfaces/environment/path.sh
[1.295s] -- Up-to-date: /home/rosdev/ros2_ws/install/aruco_interfaces/share/aruco_interfaces/environment/path.dsv
[1.295s] -- Up-to-date: /home/rosdev/ros2_ws/install/aruco_interfaces/share/aruco_interfaces/local_setup.bash
[1.295s] -- Up-to-date: /home/rosdev/ros2_ws/install/aruco_interfaces/share/aruco_interfaces/local_setup.sh
[1.298s] -- Up-to-date: /home/rosdev/ros2_ws/install/aruco_interfaces/share/aruco_interfaces/local_setup.zsh
[1.298s] -- Up-to-date: /home/rosdev/ros2_ws/install/aruco_interfaces/share/aruco_interfaces/local_setup.dsv
[1.298s] -- Installing: /home/rosdev/ros2_ws/install/aruco_interfaces/share/aruco_interfaces/package.dsv
[1.298s] -- Up-to-date: /home/rosdev/ros2_ws/install/aruco_interfaces/share/ament_index/resource_index/packages/aruco_interfaces
[1.298s] -- Up-to-date: /home/rosdev/ros2_ws/install/aruco_interfaces/share/aruco_interfaces/cmake/export_aruco_interfaces__rosidl_generator_cExport.cmake
[1.298s] -- Up-to-date: /home/rosdev/ros2_ws/install/aruco_interfaces/share/aruco_interfaces/cmake/export_aruco_interfaces__rosidl_generator_cExport-noconfig.cmake
[1.298s] -- Up-to-date: /home/rosdev/ros2_ws/install/aruco_interfaces/share/aruco_interfaces/cmake/export_aruco_interfaces__rosidl_typesupport_fastrtps_cExport.cmake
[1.299s] -- Up-to-date: /home/rosdev/ros2_ws/install/aruco_interfaces/share/aruco_interfaces/cmake/export_aruco_interfaces__rosidl_typesupport_fastrtps_cExport-noconfig.cmake
[1.299s] -- Up-to-date: /home/rosdev/ros2_ws/install/aruco_interfaces/share/aruco_interfaces/cmake/export_aruco_interfaces__rosidl_generator_cppExport.cmake
[1.299s] -- Up-to-date: /home/rosdev/ros2_ws/install/aruco_interfaces/share/aruco_interfaces/cmake/export_aruco_interfaces__rosidl_typesupport_fastrtps_cppExport.cmake
[1.299s] -- Up-to-date: /home/rosdev/ros2_ws/install/aruco_interfaces/share/aruco_interfaces/cmake/export_aruco_interfaces__rosidl_typesupport_fastrtps_cppExport-noconfig.cmake
[1.299s] -- Up-to-date: /home/rosdev/ros2_ws/install/aruco_interfaces/share/aruco_interfaces/cmake/aruco_interfaces__rosidl_typesupport_introspection_cExport.cmake
[1.299s] -- Up-to-date: /home/rosdev/ros2_ws/install/aruco_interfaces/share/aruco_interfaces/cmake/aruco_interfaces__rosidl_typesupport_introspection_cExport-noconfig.cmake
[1.299s] -- Up-to-date: /home/rosdev/ros2_ws/install/aruco_interfaces/share/aruco_interfaces/cmake/aruco_interfaces__rosidl_typesupport_cExport.cmake
[1.299s] -- Up-to-date: /home/rosdev/ros2_ws/install/aruco_interfaces/share/aruco_interfaces/cmake/aruco_interfaces__rosidl_typesupport_cExport-noconfig.cmake
[1.300s] -- Up-to-date: /home/rosdev/ros2_ws/install/aruco_interfaces/share/aruco_interfaces/cmake/aruco_interfaces__rosidl_typesupport_introspection_cppExport.cmake
[1.300s] -- Up-to-date: /home/rosdev/ros2_ws/install/aruco_interfaces/share/aruco_interfaces/cmake/aruco_interfaces__rosidl_typesupport_introspection_cppExport-noconfig.cmake
[1.300s] -- Up-to-date: /home/rosdev/ros2_ws/install/aruco_interfaces/share/aruco_interfaces/cmake/aruco_interfaces__rosidl_typesupport_cppExport.cmake
[1.300s] -- Up-to-date: /home/rosdev/ros2_ws/install/aruco_interfaces/share/aruco_interfaces/cmake/aruco_interfaces__rosidl_typesupport_cppExport-noconfig.cmake
[1.300s] -- Up-to-date: /home/rosdev/ros2_ws/install/aruco_interfaces/share/aruco_interfaces/cmake/export_aruco_interfaces__rosidl_generator_pyExport.cmake
[1.300s] -- Up-to-date: /home/rosdev/ros2_ws/install/aruco_interfaces/share/aruco_interfaces/cmake/export_aruco_interfaces__rosidl_generator_pyExport-noconfig.cmake
[1.300s] -- Up-to-date: /home/rosdev/ros2_ws/install/aruco_interfaces/share/aruco_interfaces/cmake/rosidl_cmake-extras.cmake
[1.301s] -- Up-to-date: /home/rosdev/ros2_ws/install/aruco_interfaces/share/aruco_interfaces/cmake/ament_cmake_export_dependencies-extras.cmake
[1.301s] -- Up-to-date: /home/rosdev/ros2_ws/install/aruco_interfaces/share/aruco_interfaces/cmake/ament_cmake_export_include_directories-extras.cmake
[1.301s] -- Up-to-date: /home/rosdev/ros2_ws/install/aruco_interfaces/share/aruco_interfaces/cmake/ament_cmake_export_libraries-extras.cmake
[1.301s] -- Up-to-date: /home/rosdev/ros2_ws/install/aruco_interfaces/share/aruco_interfaces/cmake/ament_cmake_export_targets-extras.cmake
[1.301s] -- Up-to-date: /home/rosdev/ros2_ws/install/aruco_interfaces/share/aruco_interfaces/cmake/rosidl_cmake_export_typesupport_targets-extras.cmake
[1.301s] -- Up-to-date: /home/rosdev/ros2_ws/install/aruco_interfaces/share/aruco_interfaces/cmake/rosidl_cmake_export_typesupport_libraries-extras.cmake
[1.301s] -- Up-to-date: /home/rosdev/ros2_ws/install/aruco_interfaces/share/aruco_interfaces/cmake/aruco_interfacesConfig.cmake
[1.302s] -- Up-to-date: /home/rosdev/ros2_ws/install/aruco_interfaces/share/aruco_interfaces/cmake/aruco_interfacesConfig-version.cmake
[1.302s] -- Up-to-date: /home/rosdev/ros2_ws/install/aruco_interfaces/share/aruco_interfaces/package.xml
[1.317s] Invoked command in '/home/rosdev/ros2_ws/build/aruco_interfaces' returned '0': CMAKE_PREFIX_PATH=${CMAKE_PREFIX_PATH}:/home/rosdev/ros2_ws/install/yolo_ros:/opt/ros/humble /usr/bin/cmake --install /home/rosdev/ros2_ws/build/aruco_interfaces
