[0.025s] Invoking command in '/home/rosdev/ros2_ws/build/tf2_eigen_kdl': AMENT_PREFIX_PATH=/home/rosdev/ros2_ws/install/tf2:${AMENT_PREFIX_PATH} CMAKE_PREFIX_PATH=/home/rosdev/ros2_ws/install/tf2:/opt/ros/humble LD_LIBRARY_PATH=/home/rosdev/ros2_ws/install/tf2/lib:${LD_LIBRARY_PATH} /usr/bin/cmake --build /home/rosdev/ros2_ws/build/tf2_eigen_kdl -- -j12 -l12
[0.169s] [ 50%] Built target gtest
[0.169s] [ 50%] Built target tf2_eigen_kdl
[0.172s] [ 75%] Built target gtest_main
[0.219s] [100%] Built target tf2_eigen_kdl_test
[0.246s] Invoked command in '/home/rosdev/ros2_ws/build/tf2_eigen_kdl' returned '0': AMENT_PREFIX_PATH=/home/rosdev/ros2_ws/install/tf2:${AMENT_PREFIX_PATH} CMAKE_PREFIX_PATH=/home/rosdev/ros2_ws/install/tf2:/opt/ros/humble LD_LIBRARY_PATH=/home/rosdev/ros2_ws/install/tf2/lib:${LD_LIBRARY_PATH} /usr/bin/cmake --build /home/rosdev/ros2_ws/build/tf2_eigen_kdl -- -j12 -l12
[0.248s] Invoking command in '/home/rosdev/ros2_ws/build/tf2_eigen_kdl': AMENT_PREFIX_PATH=/home/rosdev/ros2_ws/install/tf2:${AMENT_PREFIX_PATH} CMAKE_PREFIX_PATH=/home/rosdev/ros2_ws/install/tf2:/opt/ros/humble LD_LIBRARY_PATH=/home/rosdev/ros2_ws/install/tf2/lib:${LD_LIBRARY_PATH} /usr/bin/cmake --install /home/rosdev/ros2_ws/build/tf2_eigen_kdl
[0.264s] -- Install configuration: ""
[0.264s] -- Up-to-date: /home/rosdev/ros2_ws/install/tf2_eigen_kdl/include/tf2_eigen_kdl
[0.264s] -- Up-to-date: /home/rosdev/ros2_ws/install/tf2_eigen_kdl/include/tf2_eigen_kdl/tf2_eigen_kdl
[0.265s] -- Up-to-date: /home/rosdev/ros2_ws/install/tf2_eigen_kdl/include/tf2_eigen_kdl/tf2_eigen_kdl/tf2_eigen_kdl.hpp
[0.265s] -- Up-to-date: /home/rosdev/ros2_ws/install/tf2_eigen_kdl/include/tf2_eigen_kdl/tf2_eigen_kdl/visibility_control.h
[0.265s] -- Up-to-date: /home/rosdev/ros2_ws/install/tf2_eigen_kdl/lib/libtf2_eigen_kdl.so
[0.265s] -- Up-to-date: /home/rosdev/ros2_ws/install/tf2_eigen_kdl/share/tf2_eigen_kdl/environment/library_path.sh
[0.265s] -- Up-to-date: /home/rosdev/ros2_ws/install/tf2_eigen_kdl/share/tf2_eigen_kdl/environment/library_path.dsv
[0.265s] -- Up-to-date: /home/rosdev/ros2_ws/install/tf2_eigen_kdl/share/ament_index/resource_index/package_run_dependencies/tf2_eigen_kdl
[0.266s] -- Up-to-date: /home/rosdev/ros2_ws/install/tf2_eigen_kdl/share/ament_index/resource_index/parent_prefix_path/tf2_eigen_kdl
[0.266s] -- Up-to-date: /home/rosdev/ros2_ws/install/tf2_eigen_kdl/share/tf2_eigen_kdl/environment/ament_prefix_path.sh
[0.266s] -- Up-to-date: /home/rosdev/ros2_ws/install/tf2_eigen_kdl/share/tf2_eigen_kdl/environment/ament_prefix_path.dsv
[0.266s] -- Up-to-date: /home/rosdev/ros2_ws/install/tf2_eigen_kdl/share/tf2_eigen_kdl/environment/path.sh
[0.266s] -- Up-to-date: /home/rosdev/ros2_ws/install/tf2_eigen_kdl/share/tf2_eigen_kdl/environment/path.dsv
[0.266s] -- Up-to-date: /home/rosdev/ros2_ws/install/tf2_eigen_kdl/share/tf2_eigen_kdl/local_setup.bash
[0.266s] -- Up-to-date: /home/rosdev/ros2_ws/install/tf2_eigen_kdl/share/tf2_eigen_kdl/local_setup.sh
[0.267s] -- Up-to-date: /home/rosdev/ros2_ws/install/tf2_eigen_kdl/share/tf2_eigen_kdl/local_setup.zsh
[0.267s] -- Up-to-date: /home/rosdev/ros2_ws/install/tf2_eigen_kdl/share/tf2_eigen_kdl/local_setup.dsv
[0.267s] -- Installing: /home/rosdev/ros2_ws/install/tf2_eigen_kdl/share/tf2_eigen_kdl/package.dsv
[0.267s] -- Up-to-date: /home/rosdev/ros2_ws/install/tf2_eigen_kdl/share/ament_index/resource_index/packages/tf2_eigen_kdl
[0.267s] -- Up-to-date: /home/rosdev/ros2_ws/install/tf2_eigen_kdl/share/tf2_eigen_kdl/cmake/export_tf2_eigen_kdlExport.cmake
[0.267s] -- Up-to-date: /home/rosdev/ros2_ws/install/tf2_eigen_kdl/share/tf2_eigen_kdl/cmake/export_tf2_eigen_kdlExport-noconfig.cmake
[0.267s] -- Up-to-date: /home/rosdev/ros2_ws/install/tf2_eigen_kdl/share/tf2_eigen_kdl/cmake/ament_cmake_export_dependencies-extras.cmake
[0.267s] -- Up-to-date: /home/rosdev/ros2_ws/install/tf2_eigen_kdl/share/tf2_eigen_kdl/cmake/ament_cmake_export_include_directories-extras.cmake
[0.272s] -- Up-to-date: /home/rosdev/ros2_ws/install/tf2_eigen_kdl/share/tf2_eigen_kdl/cmake/ament_cmake_export_libraries-extras.cmake
[0.274s] -- Up-to-date: /home/rosdev/ros2_ws/install/tf2_eigen_kdl/share/tf2_eigen_kdl/cmake/ament_cmake_export_targets-extras.cmake
[0.274s] -- Up-to-date: /home/rosdev/ros2_ws/install/tf2_eigen_kdl/share/tf2_eigen_kdl/cmake/tf2_eigen_kdlConfig.cmake
[0.274s] -- Up-to-date: /home/rosdev/ros2_ws/install/tf2_eigen_kdl/share/tf2_eigen_kdl/cmake/tf2_eigen_kdlConfig-version.cmake
[0.274s] -- Up-to-date: /home/rosdev/ros2_ws/install/tf2_eigen_kdl/share/tf2_eigen_kdl/package.xml
[0.274s] Invoked command in '/home/rosdev/ros2_ws/build/tf2_eigen_kdl' returned '0': AMENT_PREFIX_PATH=/home/rosdev/ros2_ws/install/tf2:${AMENT_PREFIX_PATH} CMAKE_PREFIX_PATH=/home/rosdev/ros2_ws/install/tf2:/opt/ros/humble LD_LIBRARY_PATH=/home/rosdev/ros2_ws/install/tf2/lib:${LD_LIBRARY_PATH} /usr/bin/cmake --install /home/rosdev/ros2_ws/build/tf2_eigen_kdl
