[0.823s] Invoking command in '/home/rosdev/ros2_ws/build/yolo_bringup': AMENT_PREFIX_PATH=/home/rosdev/ros2_ws/install/yolo_ros:/home/rosdev/ros2_ws/install/yolo_msgs:/home/rosdev/ros2_ws/install/cv_bridge:${AMENT_PREFIX_PATH} CMAKE_PREFIX_PATH=/home/rosdev/ros2_ws/install/yolo_msgs:/home/rosdev/ros2_ws/install/cv_bridge:/opt/ros/humble LD_LIBRARY_PATH=/home/rosdev/ros2_ws/install/yolo_msgs/lib:/home/rosdev/ros2_ws/install/cv_bridge/lib:${LD_LIBRARY_PATH} PYTHONPATH=/home/rosdev/ros2_ws/install/yolo_ros/lib/python3.10/site-packages:/home/rosdev/ros2_ws/install/yolo_msgs/local/lib/python3.10/dist-packages:/home/rosdev/ros2_ws/install/cv_bridge/local/lib/python3.10/dist-packages:${PYTHONPATH} /usr/bin/cmake --build /home/rosdev/ros2_ws/build/yolo_bringup -- -j12 -l12
[0.908s] Invoked command in '/home/rosdev/ros2_ws/build/yolo_bringup' returned '0': AMENT_PREFIX_PATH=/home/rosdev/ros2_ws/install/yolo_ros:/home/rosdev/ros2_ws/install/yolo_msgs:/home/rosdev/ros2_ws/install/cv_bridge:${AMENT_PREFIX_PATH} CMAKE_PREFIX_PATH=/home/rosdev/ros2_ws/install/yolo_msgs:/home/rosdev/ros2_ws/install/cv_bridge:/opt/ros/humble LD_LIBRARY_PATH=/home/rosdev/ros2_ws/install/yolo_msgs/lib:/home/rosdev/ros2_ws/install/cv_bridge/lib:${LD_LIBRARY_PATH} PYTHONPATH=/home/rosdev/ros2_ws/install/yolo_ros/lib/python3.10/site-packages:/home/rosdev/ros2_ws/install/yolo_msgs/local/lib/python3.10/dist-packages:/home/rosdev/ros2_ws/install/cv_bridge/local/lib/python3.10/dist-packages:${PYTHONPATH} /usr/bin/cmake --build /home/rosdev/ros2_ws/build/yolo_bringup -- -j12 -l12
[0.908s] Invoking command in '/home/rosdev/ros2_ws/build/yolo_bringup': AMENT_PREFIX_PATH=/home/rosdev/ros2_ws/install/yolo_ros:/home/rosdev/ros2_ws/install/yolo_msgs:/home/rosdev/ros2_ws/install/cv_bridge:${AMENT_PREFIX_PATH} CMAKE_PREFIX_PATH=/home/rosdev/ros2_ws/install/yolo_msgs:/home/rosdev/ros2_ws/install/cv_bridge:/opt/ros/humble LD_LIBRARY_PATH=/home/rosdev/ros2_ws/install/yolo_msgs/lib:/home/rosdev/ros2_ws/install/cv_bridge/lib:${LD_LIBRARY_PATH} PYTHONPATH=/home/rosdev/ros2_ws/install/yolo_ros/lib/python3.10/site-packages:/home/rosdev/ros2_ws/install/yolo_msgs/local/lib/python3.10/dist-packages:/home/rosdev/ros2_ws/install/cv_bridge/local/lib/python3.10/dist-packages:${PYTHONPATH} /usr/bin/cmake --install /home/rosdev/ros2_ws/build/yolo_bringup
[0.923s] -- Install configuration: ""
[0.924s] -- Execute custom install script
[0.929s] -- Up-to-date symlink: /home/rosdev/ros2_ws/install/yolo_bringup/share/yolo_bringup//launch/yolo-world.launch.py
[0.929s] -- Up-to-date symlink: /home/rosdev/ros2_ws/install/yolo_bringup/share/yolo_bringup//launch/yolo.launch.py
[0.929s] -- Up-to-date symlink: /home/rosdev/ros2_ws/install/yolo_bringup/share/yolo_bringup//launch/yolov10.launch.py
[0.929s] -- Up-to-date symlink: /home/rosdev/ros2_ws/install/yolo_bringup/share/yolo_bringup//launch/yolov11.launch.py
[0.929s] -- Up-to-date symlink: /home/rosdev/ros2_ws/install/yolo_bringup/share/yolo_bringup//launch/yolov12.launch.py
[0.929s] -- Up-to-date symlink: /home/rosdev/ros2_ws/install/yolo_bringup/share/yolo_bringup//launch/yolov5.launch.py
[0.930s] -- Up-to-date symlink: /home/rosdev/ros2_ws/install/yolo_bringup/share/yolo_bringup//launch/yolov8.launch.py
[0.930s] -- Up-to-date symlink: /home/rosdev/ros2_ws/install/yolo_bringup/share/yolo_bringup//launch/yolov9.launch.py
[0.930s] -- Up-to-date symlink: /home/rosdev/ros2_ws/install/yolo_bringup/share/ament_index/resource_index/package_run_dependencies/yolo_bringup
[0.930s] -- Up-to-date symlink: /home/rosdev/ros2_ws/install/yolo_bringup/share/ament_index/resource_index/parent_prefix_path/yolo_bringup
[0.930s] -- Up-to-date symlink: /home/rosdev/ros2_ws/install/yolo_bringup/share/yolo_bringup/environment/ament_prefix_path.sh
[0.930s] -- Up-to-date symlink: /home/rosdev/ros2_ws/install/yolo_bringup/share/yolo_bringup/environment/ament_prefix_path.dsv
[0.930s] -- Up-to-date symlink: /home/rosdev/ros2_ws/install/yolo_bringup/share/yolo_bringup/environment/path.sh
[0.930s] -- Up-to-date symlink: /home/rosdev/ros2_ws/install/yolo_bringup/share/yolo_bringup/environment/path.dsv
[0.930s] -- Up-to-date symlink: /home/rosdev/ros2_ws/install/yolo_bringup/share/yolo_bringup/local_setup.bash
[0.930s] -- Up-to-date symlink: /home/rosdev/ros2_ws/install/yolo_bringup/share/yolo_bringup/local_setup.sh
[0.930s] -- Up-to-date symlink: /home/rosdev/ros2_ws/install/yolo_bringup/share/yolo_bringup/local_setup.zsh
[0.931s] -- Up-to-date symlink: /home/rosdev/ros2_ws/install/yolo_bringup/share/yolo_bringup/local_setup.dsv
[0.931s] -- Symlinking: /home/rosdev/ros2_ws/install/yolo_bringup/share/yolo_bringup/package.dsv
[0.946s] -- Up-to-date symlink: /home/rosdev/ros2_ws/install/yolo_bringup/share/ament_index/resource_index/packages/yolo_bringup
[0.947s] -- Up-to-date symlink: /home/rosdev/ros2_ws/install/yolo_bringup/share/yolo_bringup/cmake/yolo_bringupConfig.cmake
[0.947s] -- Up-to-date symlink: /home/rosdev/ros2_ws/install/yolo_bringup/share/yolo_bringup/cmake/yolo_bringupConfig-version.cmake
[0.947s] -- Up-to-date symlink: /home/rosdev/ros2_ws/install/yolo_bringup/share/yolo_bringup/package.xml
[0.955s] Invoked command in '/home/rosdev/ros2_ws/build/yolo_bringup' returned '0': AMENT_PREFIX_PATH=/home/rosdev/ros2_ws/install/yolo_ros:/home/rosdev/ros2_ws/install/yolo_msgs:/home/rosdev/ros2_ws/install/cv_bridge:${AMENT_PREFIX_PATH} CMAKE_PREFIX_PATH=/home/rosdev/ros2_ws/install/yolo_msgs:/home/rosdev/ros2_ws/install/cv_bridge:/opt/ros/humble LD_LIBRARY_PATH=/home/rosdev/ros2_ws/install/yolo_msgs/lib:/home/rosdev/ros2_ws/install/cv_bridge/lib:${LD_LIBRARY_PATH} PYTHONPATH=/home/rosdev/ros2_ws/install/yolo_ros/lib/python3.10/site-packages:/home/rosdev/ros2_ws/install/yolo_msgs/local/lib/python3.10/dist-packages:/home/rosdev/ros2_ws/install/cv_bridge/local/lib/python3.10/dist-packages:${PYTHONPATH} /usr/bin/cmake --install /home/rosdev/ros2_ws/build/yolo_bringup
