[0.061s] Invoking command in '/home/rosdev/ros2_ws/build/cv_bridge': CMAKE_PREFIX_PATH=${CMAKE_PREFIX_PATH}:/home/rosdev/ros2_ws/install/yolo_ros:/home/rosdev/ros2_ws/install/tf2_tools:/home/rosdev/ros2_ws/install/examples_tf2_py:/home/rosdev/ros2_ws/install/tf2_ros_py:/home/rosdev/ros2_ws/install/opencv_tests:/opt/ros/humble /usr/bin/cmake /home/rosdev/ros2_ws/src/vision_opencv/cv_bridge -DCMAKE_INSTALL_PREFIX=/home/rosdev/ros2_ws/install/cv_bridge
[0.097s] -- Found ament_cmake_ros: 0.10.0 (/opt/ros/humble/share/ament_cmake_ros/cmake)
[0.188s] -- Found Python3: /usr/bin/python3 (found version "3.10.12") found components: Interpreter 
[0.337s] -- Override CMake install command with custom implementation using symlinks instead of copying resources
[1.031s] -- Found Python3: /usr/include/python3.10 (found version "3.10.12") found components: Development NumPy Interpreter Development.Module Development.Embed 
[1.064s] -- Found rcpputils: 2.4.5 (/opt/ros/humble/share/rcpputils/cmake)
[1.090s] -- Found sensor_msgs: 4.8.0 (/opt/ros/humble/share/sensor_msgs/cmake)
[1.121s] -- Found rosidl_generator_c: 3.1.6 (/opt/ros/humble/share/rosidl_generator_c/cmake)
[1.122s] -- Found rosidl_adapter: 3.1.6 (/opt/ros/humble/share/rosidl_adapter/cmake)
[1.138s] -- Found rosidl_generator_cpp: 3.1.6 (/opt/ros/humble/share/rosidl_generator_cpp/cmake)
[1.162s] -- Using all available rosidl_typesupport_c: rosidl_typesupport_fastrtps_c;rosidl_typesupport_introspection_c
[1.181s] -- Using all available rosidl_typesupport_cpp: rosidl_typesupport_fastrtps_cpp;rosidl_typesupport_introspection_cpp
[1.496s] -- Found ament_lint_auto: 0.12.12 (/opt/ros/humble/share/ament_lint_auto/cmake)
[1.659s] -- Found gtest sources under '/opt/ros/humble/src/gtest_vendor': C++ tests using 'Google Test' will be built
[4.223s] -- Configuring done
[4.269s] -- Generating done
[4.286s] -- Build files have been written to: /home/rosdev/ros2_ws/build/cv_bridge
[4.314s] Invoked command in '/home/rosdev/ros2_ws/build/cv_bridge' returned '0': CMAKE_PREFIX_PATH=${CMAKE_PREFIX_PATH}:/home/rosdev/ros2_ws/install/yolo_ros:/home/rosdev/ros2_ws/install/tf2_tools:/home/rosdev/ros2_ws/install/examples_tf2_py:/home/rosdev/ros2_ws/install/tf2_ros_py:/home/rosdev/ros2_ws/install/opencv_tests:/opt/ros/humble /usr/bin/cmake /home/rosdev/ros2_ws/src/vision_opencv/cv_bridge -DCMAKE_INSTALL_PREFIX=/home/rosdev/ros2_ws/install/cv_bridge
[4.315s] Invoking command in '/home/rosdev/ros2_ws/build/cv_bridge': CMAKE_PREFIX_PATH=${CMAKE_PREFIX_PATH}:/home/rosdev/ros2_ws/install/yolo_ros:/home/rosdev/ros2_ws/install/tf2_tools:/home/rosdev/ros2_ws/install/examples_tf2_py:/home/rosdev/ros2_ws/install/tf2_ros_py:/home/rosdev/ros2_ws/install/opencv_tests:/opt/ros/humble /usr/bin/cmake --build /home/rosdev/ros2_ws/build/cv_bridge -- -j12 -l12
[4.403s] [35m[1mConsolidate compiler generated dependencies of target gtest_main[0m
[4.425s] [35m[1mConsolidate compiler generated dependencies of target cv_bridge[0m
[4.426s] [35m[1mConsolidate compiler generated dependencies of target gtest[0m
[4.434s] [ 12%] Built target gtest_main
[4.451s] [ 12%] Built target ament_cmake_python_symlink_cv_bridge
[4.451s] [ 25%] Built target gtest
[4.453s] [ 43%] Built target cv_bridge
[4.482s] [35m[1mConsolidate compiler generated dependencies of target cv_bridge-utest[0m
[4.488s] [35m[1mConsolidate compiler generated dependencies of target cv_bridge_boost[0m
[4.545s] [ 81%] Built target cv_bridge-utest
[4.557s] [100%] Built target cv_bridge_boost
[4.854s] running egg_info
[4.856s] writing cv_bridge.egg-info/PKG-INFO
[4.857s] writing dependency_links to cv_bridge.egg-info/dependency_links.txt
[4.857s] writing top-level names to cv_bridge.egg-info/top_level.txt
[4.862s] reading manifest file 'cv_bridge.egg-info/SOURCES.txt'
[4.865s] writing manifest file 'cv_bridge.egg-info/SOURCES.txt'
[4.940s] [100%] Built target ament_cmake_python_build_cv_bridge_egg
[5.174s] Invoked command in '/home/rosdev/ros2_ws/build/cv_bridge' returned '0': CMAKE_PREFIX_PATH=${CMAKE_PREFIX_PATH}:/home/rosdev/ros2_ws/install/yolo_ros:/home/rosdev/ros2_ws/install/tf2_tools:/home/rosdev/ros2_ws/install/examples_tf2_py:/home/rosdev/ros2_ws/install/tf2_ros_py:/home/rosdev/ros2_ws/install/opencv_tests:/opt/ros/humble /usr/bin/cmake --build /home/rosdev/ros2_ws/build/cv_bridge -- -j12 -l12
[5.176s] Invoking command in '/home/rosdev/ros2_ws/build/cv_bridge': CMAKE_PREFIX_PATH=${CMAKE_PREFIX_PATH}:/home/rosdev/ros2_ws/install/yolo_ros:/home/rosdev/ros2_ws/install/tf2_tools:/home/rosdev/ros2_ws/install/examples_tf2_py:/home/rosdev/ros2_ws/install/tf2_ros_py:/home/rosdev/ros2_ws/install/opencv_tests:/opt/ros/humble /usr/bin/cmake --install /home/rosdev/ros2_ws/build/cv_bridge
[5.193s] -- Install configuration: ""
[5.195s] -- Execute custom install script
[5.196s] -- Up-to-date symlink: /home/rosdev/ros2_ws/install/cv_bridge/share/cv_bridge/environment/pythonpath.sh
[5.197s] -- Up-to-date symlink: /home/rosdev/ros2_ws/install/cv_bridge/share/cv_bridge/environment/pythonpath.dsv
[5.204s] -- Up-to-date symlink: /home/rosdev/ros2_ws/install/cv_bridge/local/lib/python3.10/dist-packages/cv_bridge-3.2.1-py3.10.egg-info/PKG-INFO
[5.205s] -- Up-to-date symlink: /home/rosdev/ros2_ws/install/cv_bridge/local/lib/python3.10/dist-packages/cv_bridge-3.2.1-py3.10.egg-info/SOURCES.txt
[5.205s] -- Up-to-date symlink: /home/rosdev/ros2_ws/install/cv_bridge/local/lib/python3.10/dist-packages/cv_bridge-3.2.1-py3.10.egg-info/dependency_links.txt
[5.205s] -- Up-to-date symlink: /home/rosdev/ros2_ws/install/cv_bridge/local/lib/python3.10/dist-packages/cv_bridge-3.2.1-py3.10.egg-info/top_level.txt
[5.206s] -- Up-to-date symlink: /home/rosdev/ros2_ws/install/cv_bridge/local/lib/python3.10/dist-packages/cv_bridge/__init__.py
[5.206s] -- Up-to-date symlink: /home/rosdev/ros2_ws/install/cv_bridge/local/lib/python3.10/dist-packages/cv_bridge/core.py
[5.206s] -- Up-to-date symlink: /home/rosdev/ros2_ws/install/cv_bridge/include/cv_bridge/cv_bridge/cv_bridge_export.h
[5.207s] -- Up-to-date symlink: /home/rosdev/ros2_ws/install/cv_bridge/local/lib/python3.10/dist-packages/cv_bridge/boost//cv_bridge_boost.so
[5.208s] -- Up-to-date symlink: /home/rosdev/ros2_ws/install/cv_bridge/include/cv_bridge/cv_bridge/cv_bridge.h
[5.208s] -- Up-to-date symlink: /home/rosdev/ros2_ws/install/cv_bridge/include/cv_bridge/cv_bridge/rgb_colors.h
[5.210s] -- Up-to-date symlink: /home/rosdev/ros2_ws/install/cv_bridge/lib/libcv_bridge.so
[5.211s] -- Up-to-date symlink: /home/rosdev/ros2_ws/install/cv_bridge/share/ament_index/resource_index/package_run_dependencies/cv_bridge
[5.211s] -- Up-to-date symlink: /home/rosdev/ros2_ws/install/cv_bridge/share/ament_index/resource_index/parent_prefix_path/cv_bridge
[5.212s] -- Up-to-date symlink: /home/rosdev/ros2_ws/install/cv_bridge/share/cv_bridge/environment/ament_prefix_path.sh
[5.212s] -- Up-to-date symlink: /home/rosdev/ros2_ws/install/cv_bridge/share/cv_bridge/environment/ament_prefix_path.dsv
[5.213s] -- Up-to-date symlink: /home/rosdev/ros2_ws/install/cv_bridge/share/cv_bridge/environment/path.sh
[5.214s] -- Up-to-date symlink: /home/rosdev/ros2_ws/install/cv_bridge/share/cv_bridge/environment/path.dsv
[5.214s] -- Up-to-date symlink: /home/rosdev/ros2_ws/install/cv_bridge/share/cv_bridge/local_setup.bash
[5.215s] -- Up-to-date symlink: /home/rosdev/ros2_ws/install/cv_bridge/share/cv_bridge/local_setup.sh
[5.215s] -- Up-to-date symlink: /home/rosdev/ros2_ws/install/cv_bridge/share/cv_bridge/local_setup.zsh
[5.216s] -- Up-to-date symlink: /home/rosdev/ros2_ws/install/cv_bridge/share/cv_bridge/local_setup.dsv
[5.216s] -- Symlinking: /home/rosdev/ros2_ws/install/cv_bridge/share/cv_bridge/package.dsv
[5.236s] -- Up-to-date symlink: /home/rosdev/ros2_ws/install/cv_bridge/share/ament_index/resource_index/packages/cv_bridge
[5.236s] -- Up-to-date symlink: /home/rosdev/ros2_ws/install/cv_bridge/share/cv_bridge/cmake/cv_bridge-extras.cmake
[5.236s] -- Up-to-date symlink: /home/rosdev/ros2_ws/install/cv_bridge/share/cv_bridge/cmake/ament_cmake_export_dependencies-extras.cmake
[5.237s] -- Up-to-date symlink: /home/rosdev/ros2_ws/install/cv_bridge/share/cv_bridge/cmake/ament_cmake_export_targets-extras.cmake
[5.237s] -- Up-to-date symlink: /home/rosdev/ros2_ws/install/cv_bridge/share/cv_bridge/cmake/cv_bridgeConfig.cmake
[5.241s] -- Up-to-date symlink: /home/rosdev/ros2_ws/install/cv_bridge/share/cv_bridge/cmake/cv_bridgeConfig-version.cmake
[5.241s] -- Up-to-date symlink: /home/rosdev/ros2_ws/install/cv_bridge/share/cv_bridge/package.xml
[5.309s] Listing '/home/rosdev/ros2_ws/install/cv_bridge/local/lib/python3.10/dist-packages/cv_bridge'...
[5.309s] Listing '/home/rosdev/ros2_ws/install/cv_bridge/local/lib/python3.10/dist-packages/cv_bridge/boost'...
[5.322s] -- Up-to-date: /home/rosdev/ros2_ws/install/cv_bridge/share/cv_bridge/cmake/export_cv_bridgeExport.cmake
[5.322s] -- Up-to-date: /home/rosdev/ros2_ws/install/cv_bridge/share/cv_bridge/cmake/export_cv_bridgeExport-noconfig.cmake
[5.332s] Invoked command in '/home/rosdev/ros2_ws/build/cv_bridge' returned '0': CMAKE_PREFIX_PATH=${CMAKE_PREFIX_PATH}:/home/rosdev/ros2_ws/install/yolo_ros:/home/rosdev/ros2_ws/install/tf2_tools:/home/rosdev/ros2_ws/install/examples_tf2_py:/home/rosdev/ros2_ws/install/tf2_ros_py:/home/rosdev/ros2_ws/install/opencv_tests:/opt/ros/humble /usr/bin/cmake --install /home/rosdev/ros2_ws/build/cv_bridge
