[0.064s] Invoking command in '/home/rosdev/ros2_ws/build/tf2_msgs': CMAKE_PREFIX_PATH=/opt/ros/humble /usr/bin/cmake --build /home/rosdev/ros2_ws/build/tf2_msgs -- -j12 -l12
[0.136s] [35m[1mConsolidate compiler generated dependencies of target tf2_msgs__rosidl_generator_c[0m
[0.182s] [ 10%] Built target tf2_msgs__rosidl_generator_c
[0.184s] [ 12%] Built target tf2_msgs__cpp
[0.214s] [ 12%] Built target ament_cmake_python_copy_tf2_msgs
[0.221s] [35m[1mConsolidate compiler generated dependencies of target tf2_msgs__rosidl_typesupport_fastrtps_c[0m
[0.230s] [35m[1mConsolidate compiler generated dependencies of target tf2_msgs__rosidl_typesupport_introspection_c[0m
[0.257s] [35m[1mConsolidate compiler generated dependencies of target tf2_msgs__rosidl_typesupport_fastrtps_cpp[0m
[0.264s] [ 23%] Built target tf2_msgs__rosidl_typesupport_introspection_c
[0.268s] [35m[1mConsolidate compiler generated dependencies of target tf2_msgs__rosidl_typesupport_c[0m
[0.273s] [ 34%] Built target tf2_msgs__rosidl_typesupport_fastrtps_c
[0.273s] [35m[1mConsolidate compiler generated dependencies of target tf2_msgs__rosidl_typesupport_introspection_cpp[0m
[0.304s] [ 45%] Built target tf2_msgs__rosidl_typesupport_fastrtps_cpp
[0.305s] [ 56%] Built target tf2_msgs__rosidl_typesupport_introspection_cpp
[0.317s] [ 67%] Built target tf2_msgs__rosidl_typesupport_c
[0.594s] running egg_info
[0.594s] writing tf2_msgs.egg-info/PKG-INFO
[0.598s] writing dependency_links to tf2_msgs.egg-info/dependency_links.txt
[0.598s] writing top-level names to tf2_msgs.egg-info/top_level.txt
[0.604s] reading manifest file 'tf2_msgs.egg-info/SOURCES.txt'
[0.604s] writing manifest file 'tf2_msgs.egg-info/SOURCES.txt'
[0.682s] [ 67%] Built target ament_cmake_python_build_tf2_msgs_egg
[0.705s] [35m[1mConsolidate compiler generated dependencies of target tf2_msgs__rosidl_typesupport_cpp[0m
[0.731s] [ 78%] Built target tf2_msgs__rosidl_typesupport_cpp
[0.764s] [ 78%] Built target tf2_msgs
[0.798s] [ 80%] Built target tf2_msgs__py
[0.814s] [35m[1mConsolidate compiler generated dependencies of target tf2_msgs__rosidl_generator_py[0m
[0.840s] [ 89%] Built target tf2_msgs__rosidl_generator_py
[0.857s] [35m[1mConsolidate compiler generated dependencies of target tf2_msgs__rosidl_typesupport_fastrtps_c__pyext[0m
[0.876s] [ 92%] Built target tf2_msgs__rosidl_typesupport_fastrtps_c__pyext
[0.891s] [35m[1mConsolidate compiler generated dependencies of target tf2_msgs__rosidl_typesupport_c__pyext[0m
[0.912s] [ 96%] Built target tf2_msgs__rosidl_typesupport_c__pyext
[0.928s] [35m[1mConsolidate compiler generated dependencies of target tf2_msgs__rosidl_typesupport_introspection_c__pyext[0m
[0.951s] [100%] Built target tf2_msgs__rosidl_typesupport_introspection_c__pyext
[0.973s] Invoked command in '/home/rosdev/ros2_ws/build/tf2_msgs' returned '0': CMAKE_PREFIX_PATH=/opt/ros/humble /usr/bin/cmake --build /home/rosdev/ros2_ws/build/tf2_msgs -- -j12 -l12
[0.977s] Invoking command in '/home/rosdev/ros2_ws/build/tf2_msgs': CMAKE_PREFIX_PATH=/opt/ros/humble /usr/bin/cmake --install /home/rosdev/ros2_ws/build/tf2_msgs
[0.989s] -- Install configuration: ""
[0.989s] -- Up-to-date: /home/rosdev/ros2_ws/install/tf2_msgs/share/ament_index/resource_index/rosidl_interfaces/tf2_msgs
[0.990s] -- Up-to-date: /home/rosdev/ros2_ws/install/tf2_msgs/include/tf2_msgs/tf2_msgs
[0.990s] -- Up-to-date: /home/rosdev/ros2_ws/install/tf2_msgs/include/tf2_msgs/tf2_msgs/srv
[0.990s] -- Up-to-date: /home/rosdev/ros2_ws/install/tf2_msgs/include/tf2_msgs/tf2_msgs/srv/detail
[0.990s] -- Up-to-date: /home/rosdev/ros2_ws/install/tf2_msgs/include/tf2_msgs/tf2_msgs/srv/detail/frame_graph__struct.h
[0.990s] -- Up-to-date: /home/rosdev/ros2_ws/install/tf2_msgs/include/tf2_msgs/tf2_msgs/srv/detail/frame_graph__type_support.h
[0.991s] -- Up-to-date: /home/rosdev/ros2_ws/install/tf2_msgs/include/tf2_msgs/tf2_msgs/srv/detail/frame_graph__functions.c
[0.991s] -- Up-to-date: /home/rosdev/ros2_ws/install/tf2_msgs/include/tf2_msgs/tf2_msgs/srv/detail/frame_graph__functions.h
[0.991s] -- Up-to-date: /home/rosdev/ros2_ws/install/tf2_msgs/include/tf2_msgs/tf2_msgs/srv/frame_graph.h
[0.991s] -- Up-to-date: /home/rosdev/ros2_ws/install/tf2_msgs/include/tf2_msgs/tf2_msgs/action
[0.991s] -- Up-to-date: /home/rosdev/ros2_ws/install/tf2_msgs/include/tf2_msgs/tf2_msgs/action/detail
[0.991s] -- Up-to-date: /home/rosdev/ros2_ws/install/tf2_msgs/include/tf2_msgs/tf2_msgs/action/detail/lookup_transform__type_support.h
[0.992s] -- Up-to-date: /home/rosdev/ros2_ws/install/tf2_msgs/include/tf2_msgs/tf2_msgs/action/detail/lookup_transform__functions.h
[0.992s] -- Up-to-date: /home/rosdev/ros2_ws/install/tf2_msgs/include/tf2_msgs/tf2_msgs/action/detail/lookup_transform__functions.c
[0.992s] -- Up-to-date: /home/rosdev/ros2_ws/install/tf2_msgs/include/tf2_msgs/tf2_msgs/action/detail/lookup_transform__struct.h
[0.992s] -- Up-to-date: /home/rosdev/ros2_ws/install/tf2_msgs/include/tf2_msgs/tf2_msgs/action/lookup_transform.h
[0.992s] -- Up-to-date: /home/rosdev/ros2_ws/install/tf2_msgs/include/tf2_msgs/tf2_msgs/msg
[0.992s] -- Up-to-date: /home/rosdev/ros2_ws/install/tf2_msgs/include/tf2_msgs/tf2_msgs/msg/detail
[0.992s] -- Up-to-date: /home/rosdev/ros2_ws/install/tf2_msgs/include/tf2_msgs/tf2_msgs/msg/detail/tf2_error__functions.c
[0.993s] -- Up-to-date: /home/rosdev/ros2_ws/install/tf2_msgs/include/tf2_msgs/tf2_msgs/msg/detail/tf_message__functions.h
[0.993s] -- Up-to-date: /home/rosdev/ros2_ws/install/tf2_msgs/include/tf2_msgs/tf2_msgs/msg/detail/tf_message__struct.h
[0.993s] -- Up-to-date: /home/rosdev/ros2_ws/install/tf2_msgs/include/tf2_msgs/tf2_msgs/msg/detail/tf_message__functions.c
[0.993s] -- Up-to-date: /home/rosdev/ros2_ws/install/tf2_msgs/include/tf2_msgs/tf2_msgs/msg/detail/tf2_error__functions.h
[0.993s] -- Up-to-date: /home/rosdev/ros2_ws/install/tf2_msgs/include/tf2_msgs/tf2_msgs/msg/detail/tf2_error__type_support.h
[0.993s] -- Up-to-date: /home/rosdev/ros2_ws/install/tf2_msgs/include/tf2_msgs/tf2_msgs/msg/detail/tf2_error__struct.h
[0.993s] -- Up-to-date: /home/rosdev/ros2_ws/install/tf2_msgs/include/tf2_msgs/tf2_msgs/msg/detail/tf_message__type_support.h
[0.993s] -- Up-to-date: /home/rosdev/ros2_ws/install/tf2_msgs/include/tf2_msgs/tf2_msgs/msg/tf2_error.h
[0.994s] -- Up-to-date: /home/rosdev/ros2_ws/install/tf2_msgs/include/tf2_msgs/tf2_msgs/msg/rosidl_generator_c__visibility_control.h
[0.994s] -- Up-to-date: /home/rosdev/ros2_ws/install/tf2_msgs/include/tf2_msgs/tf2_msgs/msg/tf_message.h
[0.994s] -- Up-to-date: /home/rosdev/ros2_ws/install/tf2_msgs/share/tf2_msgs/environment/library_path.sh
[0.995s] -- Up-to-date: /home/rosdev/ros2_ws/install/tf2_msgs/share/tf2_msgs/environment/library_path.dsv
[0.995s] -- Up-to-date: /home/rosdev/ros2_ws/install/tf2_msgs/lib/libtf2_msgs__rosidl_generator_c.so
[0.995s] -- Up-to-date: /home/rosdev/ros2_ws/install/tf2_msgs/include/tf2_msgs/tf2_msgs
[0.995s] -- Up-to-date: /home/rosdev/ros2_ws/install/tf2_msgs/include/tf2_msgs/tf2_msgs/srv
[0.995s] -- Up-to-date: /home/rosdev/ros2_ws/install/tf2_msgs/include/tf2_msgs/tf2_msgs/srv/detail
[0.995s] -- Up-to-date: /home/rosdev/ros2_ws/install/tf2_msgs/include/tf2_msgs/tf2_msgs/srv/detail/frame_graph__rosidl_typesupport_fastrtps_c.h
[0.996s] -- Up-to-date: /home/rosdev/ros2_ws/install/tf2_msgs/include/tf2_msgs/tf2_msgs/action
[0.996s] -- Up-to-date: /home/rosdev/ros2_ws/install/tf2_msgs/include/tf2_msgs/tf2_msgs/action/detail
[0.996s] -- Up-to-date: /home/rosdev/ros2_ws/install/tf2_msgs/include/tf2_msgs/tf2_msgs/action/detail/lookup_transform__rosidl_typesupport_fastrtps_c.h
[0.996s] -- Up-to-date: /home/rosdev/ros2_ws/install/tf2_msgs/include/tf2_msgs/tf2_msgs/msg
[0.996s] -- Up-to-date: /home/rosdev/ros2_ws/install/tf2_msgs/include/tf2_msgs/tf2_msgs/msg/rosidl_typesupport_fastrtps_c__visibility_control.h
[0.996s] -- Up-to-date: /home/rosdev/ros2_ws/install/tf2_msgs/include/tf2_msgs/tf2_msgs/msg/detail
[0.997s] -- Up-to-date: /home/rosdev/ros2_ws/install/tf2_msgs/include/tf2_msgs/tf2_msgs/msg/detail/tf_message__rosidl_typesupport_fastrtps_c.h
[0.997s] -- Up-to-date: /home/rosdev/ros2_ws/install/tf2_msgs/include/tf2_msgs/tf2_msgs/msg/detail/tf2_error__rosidl_typesupport_fastrtps_c.h
[0.997s] -- Up-to-date: /home/rosdev/ros2_ws/install/tf2_msgs/lib/libtf2_msgs__rosidl_typesupport_fastrtps_c.so
[0.997s] -- Up-to-date: /home/rosdev/ros2_ws/install/tf2_msgs/include/tf2_msgs/tf2_msgs
[0.997s] -- Up-to-date: /home/rosdev/ros2_ws/install/tf2_msgs/include/tf2_msgs/tf2_msgs/srv
[0.997s] -- Up-to-date: /home/rosdev/ros2_ws/install/tf2_msgs/include/tf2_msgs/tf2_msgs/srv/detail
[0.997s] -- Up-to-date: /home/rosdev/ros2_ws/install/tf2_msgs/include/tf2_msgs/tf2_msgs/srv/detail/frame_graph__rosidl_typesupport_introspection_c.h
[0.997s] -- Up-to-date: /home/rosdev/ros2_ws/install/tf2_msgs/include/tf2_msgs/tf2_msgs/srv/detail/frame_graph__type_support.c
[0.997s] -- Up-to-date: /home/rosdev/ros2_ws/install/tf2_msgs/include/tf2_msgs/tf2_msgs/action
[0.998s] -- Up-to-date: /home/rosdev/ros2_ws/install/tf2_msgs/include/tf2_msgs/tf2_msgs/action/detail
[0.998s] -- Up-to-date: /home/rosdev/ros2_ws/install/tf2_msgs/include/tf2_msgs/tf2_msgs/action/detail/lookup_transform__type_support.c
[0.998s] -- Up-to-date: /home/rosdev/ros2_ws/install/tf2_msgs/include/tf2_msgs/tf2_msgs/action/detail/lookup_transform__rosidl_typesupport_introspection_c.h
[0.998s] -- Up-to-date: /home/rosdev/ros2_ws/install/tf2_msgs/include/tf2_msgs/tf2_msgs/msg
[0.998s] -- Up-to-date: /home/rosdev/ros2_ws/install/tf2_msgs/include/tf2_msgs/tf2_msgs/msg/rosidl_typesupport_introspection_c__visibility_control.h
[0.998s] -- Up-to-date: /home/rosdev/ros2_ws/install/tf2_msgs/include/tf2_msgs/tf2_msgs/msg/detail
[0.998s] -- Up-to-date: /home/rosdev/ros2_ws/install/tf2_msgs/include/tf2_msgs/tf2_msgs/msg/detail/tf2_error__type_support.c
[0.998s] -- Up-to-date: /home/rosdev/ros2_ws/install/tf2_msgs/include/tf2_msgs/tf2_msgs/msg/detail/tf_message__rosidl_typesupport_introspection_c.h
[0.999s] -- Up-to-date: /home/rosdev/ros2_ws/install/tf2_msgs/include/tf2_msgs/tf2_msgs/msg/detail/tf_message__type_support.c
[0.999s] -- Up-to-date: /home/rosdev/ros2_ws/install/tf2_msgs/include/tf2_msgs/tf2_msgs/msg/detail/tf2_error__rosidl_typesupport_introspection_c.h
[0.999s] -- Up-to-date: /home/rosdev/ros2_ws/install/tf2_msgs/lib/libtf2_msgs__rosidl_typesupport_introspection_c.so
[0.999s] -- Up-to-date: /home/rosdev/ros2_ws/install/tf2_msgs/lib/libtf2_msgs__rosidl_typesupport_c.so
[0.999s] -- Up-to-date: /home/rosdev/ros2_ws/install/tf2_msgs/include/tf2_msgs/tf2_msgs
[1.000s] -- Up-to-date: /home/rosdev/ros2_ws/install/tf2_msgs/include/tf2_msgs/tf2_msgs/srv
[1.000s] -- Up-to-date: /home/rosdev/ros2_ws/install/tf2_msgs/include/tf2_msgs/tf2_msgs/srv/detail
[1.000s] -- Up-to-date: /home/rosdev/ros2_ws/install/tf2_msgs/include/tf2_msgs/tf2_msgs/srv/detail/frame_graph__struct.hpp
[1.000s] -- Up-to-date: /home/rosdev/ros2_ws/install/tf2_msgs/include/tf2_msgs/tf2_msgs/srv/detail/frame_graph__builder.hpp
[1.000s] -- Up-to-date: /home/rosdev/ros2_ws/install/tf2_msgs/include/tf2_msgs/tf2_msgs/srv/detail/frame_graph__type_support.hpp
[1.000s] -- Up-to-date: /home/rosdev/ros2_ws/install/tf2_msgs/include/tf2_msgs/tf2_msgs/srv/detail/frame_graph__traits.hpp
[1.000s] -- Up-to-date: /home/rosdev/ros2_ws/install/tf2_msgs/include/tf2_msgs/tf2_msgs/srv/frame_graph.hpp
[1.000s] -- Up-to-date: /home/rosdev/ros2_ws/install/tf2_msgs/include/tf2_msgs/tf2_msgs/action
[1.000s] -- Up-to-date: /home/rosdev/ros2_ws/install/tf2_msgs/include/tf2_msgs/tf2_msgs/action/lookup_transform.hpp
[1.000s] -- Up-to-date: /home/rosdev/ros2_ws/install/tf2_msgs/include/tf2_msgs/tf2_msgs/action/detail
[1.000s] -- Up-to-date: /home/rosdev/ros2_ws/install/tf2_msgs/include/tf2_msgs/tf2_msgs/action/detail/lookup_transform__type_support.hpp
[1.000s] -- Up-to-date: /home/rosdev/ros2_ws/install/tf2_msgs/include/tf2_msgs/tf2_msgs/action/detail/lookup_transform__traits.hpp
[1.001s] -- Up-to-date: /home/rosdev/ros2_ws/install/tf2_msgs/include/tf2_msgs/tf2_msgs/action/detail/lookup_transform__struct.hpp
[1.001s] -- Up-to-date: /home/rosdev/ros2_ws/install/tf2_msgs/include/tf2_msgs/tf2_msgs/action/detail/lookup_transform__builder.hpp
[1.001s] -- Up-to-date: /home/rosdev/ros2_ws/install/tf2_msgs/include/tf2_msgs/tf2_msgs/msg
[1.001s] -- Up-to-date: /home/rosdev/ros2_ws/install/tf2_msgs/include/tf2_msgs/tf2_msgs/msg/detail
[1.001s] -- Up-to-date: /home/rosdev/ros2_ws/install/tf2_msgs/include/tf2_msgs/tf2_msgs/msg/detail/tf_message__traits.hpp
[1.001s] -- Up-to-date: /home/rosdev/ros2_ws/install/tf2_msgs/include/tf2_msgs/tf2_msgs/msg/detail/tf2_error__traits.hpp
[1.001s] -- Up-to-date: /home/rosdev/ros2_ws/install/tf2_msgs/include/tf2_msgs/tf2_msgs/msg/detail/tf2_error__type_support.hpp
[1.001s] -- Up-to-date: /home/rosdev/ros2_ws/install/tf2_msgs/include/tf2_msgs/tf2_msgs/msg/detail/tf2_error__builder.hpp
[1.001s] -- Up-to-date: /home/rosdev/ros2_ws/install/tf2_msgs/include/tf2_msgs/tf2_msgs/msg/detail/tf_message__type_support.hpp
[1.001s] -- Up-to-date: /home/rosdev/ros2_ws/install/tf2_msgs/include/tf2_msgs/tf2_msgs/msg/detail/tf_message__struct.hpp
[1.001s] -- Up-to-date: /home/rosdev/ros2_ws/install/tf2_msgs/include/tf2_msgs/tf2_msgs/msg/detail/tf2_error__struct.hpp
[1.002s] -- Up-to-date: /home/rosdev/ros2_ws/install/tf2_msgs/include/tf2_msgs/tf2_msgs/msg/detail/tf_message__builder.hpp
[1.002s] -- Up-to-date: /home/rosdev/ros2_ws/install/tf2_msgs/include/tf2_msgs/tf2_msgs/msg/rosidl_generator_cpp__visibility_control.hpp
[1.002s] -- Up-to-date: /home/rosdev/ros2_ws/install/tf2_msgs/include/tf2_msgs/tf2_msgs/msg/tf2_error.hpp
[1.002s] -- Up-to-date: /home/rosdev/ros2_ws/install/tf2_msgs/include/tf2_msgs/tf2_msgs/msg/tf_message.hpp
[1.002s] -- Up-to-date: /home/rosdev/ros2_ws/install/tf2_msgs/include/tf2_msgs/tf2_msgs
[1.002s] -- Up-to-date: /home/rosdev/ros2_ws/install/tf2_msgs/include/tf2_msgs/tf2_msgs/srv
[1.002s] -- Up-to-date: /home/rosdev/ros2_ws/install/tf2_msgs/include/tf2_msgs/tf2_msgs/srv/detail
[1.002s] -- Up-to-date: /home/rosdev/ros2_ws/install/tf2_msgs/include/tf2_msgs/tf2_msgs/srv/detail/frame_graph__rosidl_typesupport_fastrtps_cpp.hpp
[1.002s] -- Up-to-date: /home/rosdev/ros2_ws/install/tf2_msgs/include/tf2_msgs/tf2_msgs/srv/detail/dds_fastrtps
[1.002s] -- Up-to-date: /home/rosdev/ros2_ws/install/tf2_msgs/include/tf2_msgs/tf2_msgs/action
[1.002s] -- Up-to-date: /home/rosdev/ros2_ws/install/tf2_msgs/include/tf2_msgs/tf2_msgs/action/detail
[1.003s] -- Up-to-date: /home/rosdev/ros2_ws/install/tf2_msgs/include/tf2_msgs/tf2_msgs/action/detail/lookup_transform__rosidl_typesupport_fastrtps_cpp.hpp
[1.003s] -- Up-to-date: /home/rosdev/ros2_ws/install/tf2_msgs/include/tf2_msgs/tf2_msgs/action/detail/dds_fastrtps
[1.003s] -- Up-to-date: /home/rosdev/ros2_ws/install/tf2_msgs/include/tf2_msgs/tf2_msgs/msg
[1.003s] -- Up-to-date: /home/rosdev/ros2_ws/install/tf2_msgs/include/tf2_msgs/tf2_msgs/msg/detail
[1.003s] -- Up-to-date: /home/rosdev/ros2_ws/install/tf2_msgs/include/tf2_msgs/tf2_msgs/msg/detail/tf2_error__rosidl_typesupport_fastrtps_cpp.hpp
[1.003s] -- Up-to-date: /home/rosdev/ros2_ws/install/tf2_msgs/include/tf2_msgs/tf2_msgs/msg/detail/tf_message__rosidl_typesupport_fastrtps_cpp.hpp
[1.003s] -- Up-to-date: /home/rosdev/ros2_ws/install/tf2_msgs/include/tf2_msgs/tf2_msgs/msg/detail/dds_fastrtps
[1.003s] -- Up-to-date: /home/rosdev/ros2_ws/install/tf2_msgs/include/tf2_msgs/tf2_msgs/msg/rosidl_typesupport_fastrtps_cpp__visibility_control.h
[1.003s] -- Up-to-date: /home/rosdev/ros2_ws/install/tf2_msgs/lib/libtf2_msgs__rosidl_typesupport_fastrtps_cpp.so
[1.003s] -- Up-to-date: /home/rosdev/ros2_ws/install/tf2_msgs/include/tf2_msgs/tf2_msgs
[1.003s] -- Up-to-date: /home/rosdev/ros2_ws/install/tf2_msgs/include/tf2_msgs/tf2_msgs/srv
[1.003s] -- Up-to-date: /home/rosdev/ros2_ws/install/tf2_msgs/include/tf2_msgs/tf2_msgs/srv/detail
[1.004s] -- Up-to-date: /home/rosdev/ros2_ws/install/tf2_msgs/include/tf2_msgs/tf2_msgs/srv/detail/frame_graph__rosidl_typesupport_introspection_cpp.hpp
[1.004s] -- Up-to-date: /home/rosdev/ros2_ws/install/tf2_msgs/include/tf2_msgs/tf2_msgs/srv/detail/frame_graph__type_support.cpp
[1.004s] -- Up-to-date: /home/rosdev/ros2_ws/install/tf2_msgs/include/tf2_msgs/tf2_msgs/action
[1.004s] -- Up-to-date: /home/rosdev/ros2_ws/install/tf2_msgs/include/tf2_msgs/tf2_msgs/action/detail
[1.004s] -- Up-to-date: /home/rosdev/ros2_ws/install/tf2_msgs/include/tf2_msgs/tf2_msgs/action/detail/lookup_transform__type_support.cpp
[1.004s] -- Up-to-date: /home/rosdev/ros2_ws/install/tf2_msgs/include/tf2_msgs/tf2_msgs/action/detail/lookup_transform__rosidl_typesupport_introspection_cpp.hpp
[1.004s] -- Up-to-date: /home/rosdev/ros2_ws/install/tf2_msgs/include/tf2_msgs/tf2_msgs/msg
[1.004s] -- Up-to-date: /home/rosdev/ros2_ws/install/tf2_msgs/include/tf2_msgs/tf2_msgs/msg/detail
[1.004s] -- Up-to-date: /home/rosdev/ros2_ws/install/tf2_msgs/include/tf2_msgs/tf2_msgs/msg/detail/tf_message__type_support.cpp
[1.004s] -- Up-to-date: /home/rosdev/ros2_ws/install/tf2_msgs/include/tf2_msgs/tf2_msgs/msg/detail/tf2_error__type_support.cpp
[1.005s] -- Up-to-date: /home/rosdev/ros2_ws/install/tf2_msgs/include/tf2_msgs/tf2_msgs/msg/detail/tf2_error__rosidl_typesupport_introspection_cpp.hpp
[1.005s] -- Up-to-date: /home/rosdev/ros2_ws/install/tf2_msgs/include/tf2_msgs/tf2_msgs/msg/detail/tf_message__rosidl_typesupport_introspection_cpp.hpp
[1.005s] -- Up-to-date: /home/rosdev/ros2_ws/install/tf2_msgs/lib/libtf2_msgs__rosidl_typesupport_introspection_cpp.so
[1.005s] -- Up-to-date: /home/rosdev/ros2_ws/install/tf2_msgs/lib/libtf2_msgs__rosidl_typesupport_cpp.so
[1.005s] -- Up-to-date: /home/rosdev/ros2_ws/install/tf2_msgs/share/tf2_msgs/environment/pythonpath.sh
[1.005s] -- Up-to-date: /home/rosdev/ros2_ws/install/tf2_msgs/share/tf2_msgs/environment/pythonpath.dsv
[1.005s] -- Up-to-date: /home/rosdev/ros2_ws/install/tf2_msgs/local/lib/python3.10/dist-packages/tf2_msgs-0.25.7-py3.10.egg-info
[1.005s] -- Installing: /home/rosdev/ros2_ws/install/tf2_msgs/local/lib/python3.10/dist-packages/tf2_msgs-0.25.7-py3.10.egg-info/dependency_links.txt
[1.005s] -- Installing: /home/rosdev/ros2_ws/install/tf2_msgs/local/lib/python3.10/dist-packages/tf2_msgs-0.25.7-py3.10.egg-info/PKG-INFO
[1.005s] -- Installing: /home/rosdev/ros2_ws/install/tf2_msgs/local/lib/python3.10/dist-packages/tf2_msgs-0.25.7-py3.10.egg-info/SOURCES.txt
[1.006s] -- Installing: /home/rosdev/ros2_ws/install/tf2_msgs/local/lib/python3.10/dist-packages/tf2_msgs-0.25.7-py3.10.egg-info/top_level.txt
[1.006s] -- Up-to-date: /home/rosdev/ros2_ws/install/tf2_msgs/local/lib/python3.10/dist-packages/tf2_msgs
[1.006s] -- Up-to-date: /home/rosdev/ros2_ws/install/tf2_msgs/local/lib/python3.10/dist-packages/tf2_msgs/srv
[1.006s] -- Up-to-date: /home/rosdev/ros2_ws/install/tf2_msgs/local/lib/python3.10/dist-packages/tf2_msgs/srv/_frame_graph.py
[1.006s] -- Up-to-date: /home/rosdev/ros2_ws/install/tf2_msgs/local/lib/python3.10/dist-packages/tf2_msgs/srv/__init__.py
[1.006s] -- Up-to-date: /home/rosdev/ros2_ws/install/tf2_msgs/local/lib/python3.10/dist-packages/tf2_msgs/srv/_frame_graph_s.c
[1.006s] -- Up-to-date: /home/rosdev/ros2_ws/install/tf2_msgs/local/lib/python3.10/dist-packages/tf2_msgs/libtf2_msgs__rosidl_generator_py.so
[1.006s] -- Up-to-date: /home/rosdev/ros2_ws/install/tf2_msgs/local/lib/python3.10/dist-packages/tf2_msgs/tf2_msgs_s__rosidl_typesupport_c.cpython-310-aarch64-linux-gnu.so
[1.006s] -- Up-to-date: /home/rosdev/ros2_ws/install/tf2_msgs/local/lib/python3.10/dist-packages/tf2_msgs/tf2_msgs_s__rosidl_typesupport_introspection_c.cpython-310-aarch64-linux-gnu.so
[1.006s] -- Up-to-date: /home/rosdev/ros2_ws/install/tf2_msgs/local/lib/python3.10/dist-packages/tf2_msgs/_tf2_msgs_s.ep.rosidl_typesupport_c.c
[1.006s] -- Up-to-date: /home/rosdev/ros2_ws/install/tf2_msgs/local/lib/python3.10/dist-packages/tf2_msgs/_tf2_msgs_s.ep.rosidl_typesupport_introspection_c.c
[1.007s] -- Up-to-date: /home/rosdev/ros2_ws/install/tf2_msgs/local/lib/python3.10/dist-packages/tf2_msgs/__init__.py
[1.007s] -- Up-to-date: /home/rosdev/ros2_ws/install/tf2_msgs/local/lib/python3.10/dist-packages/tf2_msgs/tf2_msgs_s__rosidl_typesupport_fastrtps_c.cpython-310-aarch64-linux-gnu.so
[1.007s] -- Up-to-date: /home/rosdev/ros2_ws/install/tf2_msgs/local/lib/python3.10/dist-packages/tf2_msgs/_tf2_msgs_s.ep.rosidl_typesupport_fastrtps_c.c
[1.007s] -- Up-to-date: /home/rosdev/ros2_ws/install/tf2_msgs/local/lib/python3.10/dist-packages/tf2_msgs/action
[1.007s] -- Up-to-date: /home/rosdev/ros2_ws/install/tf2_msgs/local/lib/python3.10/dist-packages/tf2_msgs/action/_lookup_transform_s.c
[1.007s] -- Up-to-date: /home/rosdev/ros2_ws/install/tf2_msgs/local/lib/python3.10/dist-packages/tf2_msgs/action/_lookup_transform.py
[1.007s] -- Up-to-date: /home/rosdev/ros2_ws/install/tf2_msgs/local/lib/python3.10/dist-packages/tf2_msgs/action/__init__.py
[1.007s] -- Up-to-date: /home/rosdev/ros2_ws/install/tf2_msgs/local/lib/python3.10/dist-packages/tf2_msgs/msg
[1.007s] -- Up-to-date: /home/rosdev/ros2_ws/install/tf2_msgs/local/lib/python3.10/dist-packages/tf2_msgs/msg/_tf_message.py
[1.007s] -- Up-to-date: /home/rosdev/ros2_ws/install/tf2_msgs/local/lib/python3.10/dist-packages/tf2_msgs/msg/_tf_message_s.c
[1.007s] -- Up-to-date: /home/rosdev/ros2_ws/install/tf2_msgs/local/lib/python3.10/dist-packages/tf2_msgs/msg/__init__.py
[1.008s] -- Up-to-date: /home/rosdev/ros2_ws/install/tf2_msgs/local/lib/python3.10/dist-packages/tf2_msgs/msg/_tf2_error_s.c
[1.008s] -- Up-to-date: /home/rosdev/ros2_ws/install/tf2_msgs/local/lib/python3.10/dist-packages/tf2_msgs/msg/_tf2_error.py
[1.057s] Listing '/home/rosdev/ros2_ws/install/tf2_msgs/local/lib/python3.10/dist-packages/tf2_msgs'...
[1.057s] Listing '/home/rosdev/ros2_ws/install/tf2_msgs/local/lib/python3.10/dist-packages/tf2_msgs/action'...
[1.057s] Listing '/home/rosdev/ros2_ws/install/tf2_msgs/local/lib/python3.10/dist-packages/tf2_msgs/msg'...
[1.057s] Listing '/home/rosdev/ros2_ws/install/tf2_msgs/local/lib/python3.10/dist-packages/tf2_msgs/srv'...
[1.072s] -- Up-to-date: /home/rosdev/ros2_ws/install/tf2_msgs/local/lib/python3.10/dist-packages/tf2_msgs/tf2_msgs_s__rosidl_typesupport_fastrtps_c.cpython-310-aarch64-linux-gnu.so
[1.073s] -- Up-to-date: /home/rosdev/ros2_ws/install/tf2_msgs/local/lib/python3.10/dist-packages/tf2_msgs/tf2_msgs_s__rosidl_typesupport_introspection_c.cpython-310-aarch64-linux-gnu.so
[1.074s] -- Up-to-date: /home/rosdev/ros2_ws/install/tf2_msgs/local/lib/python3.10/dist-packages/tf2_msgs/tf2_msgs_s__rosidl_typesupport_c.cpython-310-aarch64-linux-gnu.so
[1.078s] -- Up-to-date: /home/rosdev/ros2_ws/install/tf2_msgs/lib/libtf2_msgs__rosidl_generator_py.so
[1.081s] -- Up-to-date: /home/rosdev/ros2_ws/install/tf2_msgs/share/tf2_msgs/msg/TF2Error.idl
[1.081s] -- Up-to-date: /home/rosdev/ros2_ws/install/tf2_msgs/share/tf2_msgs/msg/TFMessage.idl
[1.081s] -- Up-to-date: /home/rosdev/ros2_ws/install/tf2_msgs/share/tf2_msgs/srv/FrameGraph.idl
[1.082s] -- Up-to-date: /home/rosdev/ros2_ws/install/tf2_msgs/share/tf2_msgs/action/LookupTransform.idl
[1.082s] -- Up-to-date: /home/rosdev/ros2_ws/install/tf2_msgs/share/tf2_msgs/msg/TF2Error.msg
[1.082s] -- Up-to-date: /home/rosdev/ros2_ws/install/tf2_msgs/share/tf2_msgs/msg/TFMessage.msg
[1.082s] -- Up-to-date: /home/rosdev/ros2_ws/install/tf2_msgs/share/tf2_msgs/srv/FrameGraph.srv
[1.082s] -- Up-to-date: /home/rosdev/ros2_ws/install/tf2_msgs/share/tf2_msgs/srv/FrameGraph_Request.msg
[1.082s] -- Up-to-date: /home/rosdev/ros2_ws/install/tf2_msgs/share/tf2_msgs/srv/FrameGraph_Response.msg
[1.083s] -- Up-to-date: /home/rosdev/ros2_ws/install/tf2_msgs/share/tf2_msgs/action/LookupTransform.action
[1.083s] -- Up-to-date: /home/rosdev/ros2_ws/install/tf2_msgs/share/tf2_msgs/tfmessage_bridge_mapping_rule.yaml
[1.083s] -- Up-to-date: /home/rosdev/ros2_ws/install/tf2_msgs/share/ament_index/resource_index/package_run_dependencies/tf2_msgs
[1.084s] -- Up-to-date: /home/rosdev/ros2_ws/install/tf2_msgs/share/ament_index/resource_index/parent_prefix_path/tf2_msgs
[1.085s] -- Up-to-date: /home/rosdev/ros2_ws/install/tf2_msgs/share/tf2_msgs/environment/ament_prefix_path.sh
[1.085s] -- Up-to-date: /home/rosdev/ros2_ws/install/tf2_msgs/share/tf2_msgs/environment/ament_prefix_path.dsv
[1.085s] -- Up-to-date: /home/rosdev/ros2_ws/install/tf2_msgs/share/tf2_msgs/environment/path.sh
[1.086s] -- Up-to-date: /home/rosdev/ros2_ws/install/tf2_msgs/share/tf2_msgs/environment/path.dsv
[1.087s] -- Up-to-date: /home/rosdev/ros2_ws/install/tf2_msgs/share/tf2_msgs/local_setup.bash
[1.087s] -- Up-to-date: /home/rosdev/ros2_ws/install/tf2_msgs/share/tf2_msgs/local_setup.sh
[1.087s] -- Up-to-date: /home/rosdev/ros2_ws/install/tf2_msgs/share/tf2_msgs/local_setup.zsh
[1.088s] -- Up-to-date: /home/rosdev/ros2_ws/install/tf2_msgs/share/tf2_msgs/local_setup.dsv
[1.089s] -- Installing: /home/rosdev/ros2_ws/install/tf2_msgs/share/tf2_msgs/package.dsv
[1.091s] -- Up-to-date: /home/rosdev/ros2_ws/install/tf2_msgs/share/ament_index/resource_index/packages/tf2_msgs
[1.093s] -- Up-to-date: /home/rosdev/ros2_ws/install/tf2_msgs/share/tf2_msgs/cmake/export_tf2_msgs__rosidl_generator_cExport.cmake
[1.094s] -- Up-to-date: /home/rosdev/ros2_ws/install/tf2_msgs/share/tf2_msgs/cmake/export_tf2_msgs__rosidl_generator_cExport-noconfig.cmake
[1.094s] -- Up-to-date: /home/rosdev/ros2_ws/install/tf2_msgs/share/tf2_msgs/cmake/export_tf2_msgs__rosidl_typesupport_fastrtps_cExport.cmake
[1.095s] -- Up-to-date: /home/rosdev/ros2_ws/install/tf2_msgs/share/tf2_msgs/cmake/export_tf2_msgs__rosidl_typesupport_fastrtps_cExport-noconfig.cmake
[1.095s] -- Up-to-date: /home/rosdev/ros2_ws/install/tf2_msgs/share/tf2_msgs/cmake/tf2_msgs__rosidl_typesupport_introspection_cExport.cmake
[1.095s] -- Up-to-date: /home/rosdev/ros2_ws/install/tf2_msgs/share/tf2_msgs/cmake/tf2_msgs__rosidl_typesupport_introspection_cExport-noconfig.cmake
[1.096s] -- Up-to-date: /home/rosdev/ros2_ws/install/tf2_msgs/share/tf2_msgs/cmake/tf2_msgs__rosidl_typesupport_cExport.cmake
[1.096s] -- Up-to-date: /home/rosdev/ros2_ws/install/tf2_msgs/share/tf2_msgs/cmake/tf2_msgs__rosidl_typesupport_cExport-noconfig.cmake
[1.100s] -- Up-to-date: /home/rosdev/ros2_ws/install/tf2_msgs/share/tf2_msgs/cmake/export_tf2_msgs__rosidl_generator_cppExport.cmake
[1.106s] -- Up-to-date: /home/rosdev/ros2_ws/install/tf2_msgs/share/tf2_msgs/cmake/export_tf2_msgs__rosidl_typesupport_fastrtps_cppExport.cmake
[1.108s] -- Up-to-date: /home/rosdev/ros2_ws/install/tf2_msgs/share/tf2_msgs/cmake/export_tf2_msgs__rosidl_typesupport_fastrtps_cppExport-noconfig.cmake
[1.109s] -- Up-to-date: /home/rosdev/ros2_ws/install/tf2_msgs/share/tf2_msgs/cmake/tf2_msgs__rosidl_typesupport_introspection_cppExport.cmake
[1.109s] -- Up-to-date: /home/rosdev/ros2_ws/install/tf2_msgs/share/tf2_msgs/cmake/tf2_msgs__rosidl_typesupport_introspection_cppExport-noconfig.cmake
[1.110s] -- Up-to-date: /home/rosdev/ros2_ws/install/tf2_msgs/share/tf2_msgs/cmake/tf2_msgs__rosidl_typesupport_cppExport.cmake
[1.110s] -- Up-to-date: /home/rosdev/ros2_ws/install/tf2_msgs/share/tf2_msgs/cmake/tf2_msgs__rosidl_typesupport_cppExport-noconfig.cmake
[1.110s] -- Up-to-date: /home/rosdev/ros2_ws/install/tf2_msgs/share/tf2_msgs/cmake/export_tf2_msgs__rosidl_generator_pyExport.cmake
[1.110s] -- Up-to-date: /home/rosdev/ros2_ws/install/tf2_msgs/share/tf2_msgs/cmake/export_tf2_msgs__rosidl_generator_pyExport-noconfig.cmake
[1.111s] -- Up-to-date: /home/rosdev/ros2_ws/install/tf2_msgs/share/tf2_msgs/cmake/rosidl_cmake-extras.cmake
[1.111s] -- Up-to-date: /home/rosdev/ros2_ws/install/tf2_msgs/share/tf2_msgs/cmake/ament_cmake_export_dependencies-extras.cmake
[1.112s] -- Up-to-date: /home/rosdev/ros2_ws/install/tf2_msgs/share/tf2_msgs/cmake/ament_cmake_export_include_directories-extras.cmake
[1.112s] -- Up-to-date: /home/rosdev/ros2_ws/install/tf2_msgs/share/tf2_msgs/cmake/ament_cmake_export_libraries-extras.cmake
[1.112s] -- Up-to-date: /home/rosdev/ros2_ws/install/tf2_msgs/share/tf2_msgs/cmake/ament_cmake_export_targets-extras.cmake
[1.113s] -- Up-to-date: /home/rosdev/ros2_ws/install/tf2_msgs/share/tf2_msgs/cmake/rosidl_cmake_export_typesupport_targets-extras.cmake
[1.113s] -- Up-to-date: /home/rosdev/ros2_ws/install/tf2_msgs/share/tf2_msgs/cmake/rosidl_cmake_export_typesupport_libraries-extras.cmake
[1.113s] -- Up-to-date: /home/rosdev/ros2_ws/install/tf2_msgs/share/tf2_msgs/cmake/tf2_msgsConfig.cmake
[1.113s] -- Up-to-date: /home/rosdev/ros2_ws/install/tf2_msgs/share/tf2_msgs/cmake/tf2_msgsConfig-version.cmake
[1.113s] -- Up-to-date: /home/rosdev/ros2_ws/install/tf2_msgs/share/tf2_msgs/package.xml
[1.120s] Invoked command in '/home/rosdev/ros2_ws/build/tf2_msgs' returned '0': CMAKE_PREFIX_PATH=/opt/ros/humble /usr/bin/cmake --install /home/rosdev/ros2_ws/build/tf2_msgs
