[0.205s] Invoking command in '/home/rosdev/ros2_ws/build/tf2_geometry_msgs': AMENT_PREFIX_PATH=/home/rosdev/ros2_ws/install/tf2_ros_py:/home/rosdev/ros2_ws/install/tf2_ros:/home/rosdev/ros2_ws/install/tf2_py:/home/rosdev/ros2_ws/install/tf2_msgs:/home/rosdev/ros2_ws/install/tf2:${AMENT_PREFIX_PATH} CMAKE_PREFIX_PATH=/home/rosdev/ros2_ws/install/tf2_ros:/home/rosdev/ros2_ws/install/tf2_py:/home/rosdev/ros2_ws/install/tf2_msgs:/home/rosdev/ros2_ws/install/tf2:/opt/ros/humble LD_LIBRARY_PATH=/home/rosdev/ros2_ws/install/tf2_ros/lib:/home/rosdev/ros2_ws/install/tf2_msgs/lib:/home/rosdev/ros2_ws/install/tf2/lib:${LD_LIBRARY_PATH} PYTHONPATH=/home/rosdev/ros2_ws/install/tf2_ros_py/lib/python3.10/site-packages:/home/rosdev/ros2_ws/install/tf2_py/local/lib/python3.10/dist-packages:/home/rosdev/ros2_ws/install/tf2_msgs/local/lib/python3.10/dist-packages:${PYTHONPATH} /usr/bin/cmake --build /home/rosdev/ros2_ws/build/tf2_geometry_msgs -- -j12 -l12
[0.809s] [ 33%] Built target gtest_main
[0.809s] [ 33%] Built target ament_cmake_python_copy_tf2_geometry_msgs
[0.809s] [ 66%] Built target gtest
[0.809s] [100%] Built target test_tf2_geometry_msgs
[1.218s] running egg_info
[1.220s] writing tf2_geometry_msgs.egg-info/PKG-INFO
[1.220s] writing dependency_links to tf2_geometry_msgs.egg-info/dependency_links.txt
[1.221s] writing top-level names to tf2_geometry_msgs.egg-info/top_level.txt
[1.252s] reading manifest file 'tf2_geometry_msgs.egg-info/SOURCES.txt'
[1.252s] writing manifest file 'tf2_geometry_msgs.egg-info/SOURCES.txt'
[1.379s] [100%] Built target ament_cmake_python_build_tf2_geometry_msgs_egg
[1.770s] Invoked command in '/home/rosdev/ros2_ws/build/tf2_geometry_msgs' returned '0': AMENT_PREFIX_PATH=/home/rosdev/ros2_ws/install/tf2_ros_py:/home/rosdev/ros2_ws/install/tf2_ros:/home/rosdev/ros2_ws/install/tf2_py:/home/rosdev/ros2_ws/install/tf2_msgs:/home/rosdev/ros2_ws/install/tf2:${AMENT_PREFIX_PATH} CMAKE_PREFIX_PATH=/home/rosdev/ros2_ws/install/tf2_ros:/home/rosdev/ros2_ws/install/tf2_py:/home/rosdev/ros2_ws/install/tf2_msgs:/home/rosdev/ros2_ws/install/tf2:/opt/ros/humble LD_LIBRARY_PATH=/home/rosdev/ros2_ws/install/tf2_ros/lib:/home/rosdev/ros2_ws/install/tf2_msgs/lib:/home/rosdev/ros2_ws/install/tf2/lib:${LD_LIBRARY_PATH} PYTHONPATH=/home/rosdev/ros2_ws/install/tf2_ros_py/lib/python3.10/site-packages:/home/rosdev/ros2_ws/install/tf2_py/local/lib/python3.10/dist-packages:/home/rosdev/ros2_ws/install/tf2_msgs/local/lib/python3.10/dist-packages:${PYTHONPATH} /usr/bin/cmake --build /home/rosdev/ros2_ws/build/tf2_geometry_msgs -- -j12 -l12
[1.771s] Invoking command in '/home/rosdev/ros2_ws/build/tf2_geometry_msgs': AMENT_PREFIX_PATH=/home/rosdev/ros2_ws/install/tf2_ros_py:/home/rosdev/ros2_ws/install/tf2_ros:/home/rosdev/ros2_ws/install/tf2_py:/home/rosdev/ros2_ws/install/tf2_msgs:/home/rosdev/ros2_ws/install/tf2:${AMENT_PREFIX_PATH} CMAKE_PREFIX_PATH=/home/rosdev/ros2_ws/install/tf2_ros:/home/rosdev/ros2_ws/install/tf2_py:/home/rosdev/ros2_ws/install/tf2_msgs:/home/rosdev/ros2_ws/install/tf2:/opt/ros/humble LD_LIBRARY_PATH=/home/rosdev/ros2_ws/install/tf2_ros/lib:/home/rosdev/ros2_ws/install/tf2_msgs/lib:/home/rosdev/ros2_ws/install/tf2/lib:${LD_LIBRARY_PATH} PYTHONPATH=/home/rosdev/ros2_ws/install/tf2_ros_py/lib/python3.10/site-packages:/home/rosdev/ros2_ws/install/tf2_py/local/lib/python3.10/dist-packages:/home/rosdev/ros2_ws/install/tf2_msgs/local/lib/python3.10/dist-packages:${PYTHONPATH} /usr/bin/cmake --install /home/rosdev/ros2_ws/build/tf2_geometry_msgs
[1.810s] -- Install configuration: ""
[1.815s] -- Up-to-date: /home/rosdev/ros2_ws/install/tf2_geometry_msgs/share/tf2_geometry_msgs/environment/pythonpath.sh
[1.815s] -- Up-to-date: /home/rosdev/ros2_ws/install/tf2_geometry_msgs/share/tf2_geometry_msgs/environment/pythonpath.dsv
[1.816s] -- Up-to-date: /home/rosdev/ros2_ws/install/tf2_geometry_msgs/local/lib/python3.10/dist-packages/tf2_geometry_msgs-0.25.7-py3.10.egg-info
[1.816s] -- Installing: /home/rosdev/ros2_ws/install/tf2_geometry_msgs/local/lib/python3.10/dist-packages/tf2_geometry_msgs-0.25.7-py3.10.egg-info/dependency_links.txt
[1.816s] -- Installing: /home/rosdev/ros2_ws/install/tf2_geometry_msgs/local/lib/python3.10/dist-packages/tf2_geometry_msgs-0.25.7-py3.10.egg-info/PKG-INFO
[1.816s] -- Installing: /home/rosdev/ros2_ws/install/tf2_geometry_msgs/local/lib/python3.10/dist-packages/tf2_geometry_msgs-0.25.7-py3.10.egg-info/SOURCES.txt
[1.816s] -- Installing: /home/rosdev/ros2_ws/install/tf2_geometry_msgs/local/lib/python3.10/dist-packages/tf2_geometry_msgs-0.25.7-py3.10.egg-info/top_level.txt
[1.816s] -- Up-to-date: /home/rosdev/ros2_ws/install/tf2_geometry_msgs/local/lib/python3.10/dist-packages/tf2_geometry_msgs
[1.816s] -- Up-to-date: /home/rosdev/ros2_ws/install/tf2_geometry_msgs/local/lib/python3.10/dist-packages/tf2_geometry_msgs/__init__.py
[1.816s] -- Up-to-date: /home/rosdev/ros2_ws/install/tf2_geometry_msgs/local/lib/python3.10/dist-packages/tf2_geometry_msgs/tf2_geometry_msgs.py
[2.001s] Listing '/home/rosdev/ros2_ws/install/tf2_geometry_msgs/local/lib/python3.10/dist-packages/tf2_geometry_msgs'...
[2.044s] -- Up-to-date: /home/rosdev/ros2_ws/install/tf2_geometry_msgs/include/tf2_geometry_msgs
[2.044s] -- Up-to-date: /home/rosdev/ros2_ws/install/tf2_geometry_msgs/include/tf2_geometry_msgs/tf2_geometry_msgs
[2.044s] -- Up-to-date: /home/rosdev/ros2_ws/install/tf2_geometry_msgs/include/tf2_geometry_msgs/tf2_geometry_msgs/tf2_geometry_msgs.hpp
[2.045s] -- Up-to-date: /home/rosdev/ros2_ws/install/tf2_geometry_msgs/include/tf2_geometry_msgs/tf2_geometry_msgs/tf2_geometry_msgs.h
[2.045s] -- Up-to-date: /home/rosdev/ros2_ws/install/tf2_geometry_msgs/share/ament_index/resource_index/package_run_dependencies/tf2_geometry_msgs
[2.045s] -- Up-to-date: /home/rosdev/ros2_ws/install/tf2_geometry_msgs/share/ament_index/resource_index/parent_prefix_path/tf2_geometry_msgs
[2.046s] -- Up-to-date: /home/rosdev/ros2_ws/install/tf2_geometry_msgs/share/tf2_geometry_msgs/environment/ament_prefix_path.sh
[2.046s] -- Up-to-date: /home/rosdev/ros2_ws/install/tf2_geometry_msgs/share/tf2_geometry_msgs/environment/ament_prefix_path.dsv
[2.046s] -- Up-to-date: /home/rosdev/ros2_ws/install/tf2_geometry_msgs/share/tf2_geometry_msgs/environment/path.sh
[2.046s] -- Up-to-date: /home/rosdev/ros2_ws/install/tf2_geometry_msgs/share/tf2_geometry_msgs/environment/path.dsv
[2.046s] -- Up-to-date: /home/rosdev/ros2_ws/install/tf2_geometry_msgs/share/tf2_geometry_msgs/local_setup.bash
[2.046s] -- Up-to-date: /home/rosdev/ros2_ws/install/tf2_geometry_msgs/share/tf2_geometry_msgs/local_setup.sh
[2.046s] -- Up-to-date: /home/rosdev/ros2_ws/install/tf2_geometry_msgs/share/tf2_geometry_msgs/local_setup.zsh
[2.046s] -- Up-to-date: /home/rosdev/ros2_ws/install/tf2_geometry_msgs/share/tf2_geometry_msgs/local_setup.dsv
[2.046s] -- Up-to-date: /home/rosdev/ros2_ws/install/tf2_geometry_msgs/share/tf2_geometry_msgs/package.dsv
[2.046s] -- Up-to-date: /home/rosdev/ros2_ws/install/tf2_geometry_msgs/share/ament_index/resource_index/packages/tf2_geometry_msgs
[2.046s] -- Up-to-date: /home/rosdev/ros2_ws/install/tf2_geometry_msgs/share/tf2_geometry_msgs/cmake/export_tf2_geometry_msgsExport.cmake
[2.047s] -- Up-to-date: /home/rosdev/ros2_ws/install/tf2_geometry_msgs/share/tf2_geometry_msgs/cmake/ament_cmake_export_targets-extras.cmake
[2.047s] -- Up-to-date: /home/rosdev/ros2_ws/install/tf2_geometry_msgs/share/tf2_geometry_msgs/cmake/ament_cmake_export_dependencies-extras.cmake
[2.047s] -- Up-to-date: /home/rosdev/ros2_ws/install/tf2_geometry_msgs/share/tf2_geometry_msgs/cmake/tf2_geometry_msgsConfig.cmake
[2.047s] -- Up-to-date: /home/rosdev/ros2_ws/install/tf2_geometry_msgs/share/tf2_geometry_msgs/cmake/tf2_geometry_msgsConfig-version.cmake
[2.047s] -- Up-to-date: /home/rosdev/ros2_ws/install/tf2_geometry_msgs/share/tf2_geometry_msgs/package.xml
[2.065s] Invoked command in '/home/rosdev/ros2_ws/build/tf2_geometry_msgs' returned '0': AMENT_PREFIX_PATH=/home/rosdev/ros2_ws/install/tf2_ros_py:/home/rosdev/ros2_ws/install/tf2_ros:/home/rosdev/ros2_ws/install/tf2_py:/home/rosdev/ros2_ws/install/tf2_msgs:/home/rosdev/ros2_ws/install/tf2:${AMENT_PREFIX_PATH} CMAKE_PREFIX_PATH=/home/rosdev/ros2_ws/install/tf2_ros:/home/rosdev/ros2_ws/install/tf2_py:/home/rosdev/ros2_ws/install/tf2_msgs:/home/rosdev/ros2_ws/install/tf2:/opt/ros/humble LD_LIBRARY_PATH=/home/rosdev/ros2_ws/install/tf2_ros/lib:/home/rosdev/ros2_ws/install/tf2_msgs/lib:/home/rosdev/ros2_ws/install/tf2/lib:${LD_LIBRARY_PATH} PYTHONPATH=/home/rosdev/ros2_ws/install/tf2_ros_py/lib/python3.10/site-packages:/home/rosdev/ros2_ws/install/tf2_py/local/lib/python3.10/dist-packages:/home/rosdev/ros2_ws/install/tf2_msgs/local/lib/python3.10/dist-packages:${PYTHONPATH} /usr/bin/cmake --install /home/rosdev/ros2_ws/build/tf2_geometry_msgs
