[0.032s] Invoking command in '/home/rosdev/ros2_ws/build/realsense2_camera_msgs': CMAKE_PREFIX_PATH=${CMAKE_PREFIX_PATH}:/home/rosdev/ros2_ws/install/yolo_ros:/opt/ros/humble /usr/bin/cmake --build /home/rosdev/ros2_ws/build/realsense2_camera_msgs -- -j12 -l12
[0.200s] [  1%] Built target realsense2_camera_msgs__cpp
[0.215s] [ 12%] Built target realsense2_camera_msgs__rosidl_generator_c
[0.216s] [ 12%] Built target ament_cmake_python_symlink_realsense2_camera_msgs
[0.254s] [ 23%] Built target realsense2_camera_msgs__rosidl_typesupport_cpp
[0.256s] [ 34%] Built target realsense2_camera_msgs__rosidl_typesupport_fastrtps_cpp
[0.260s] [ 45%] Built target realsense2_camera_msgs__rosidl_typesupport_introspection_cpp
[0.265s] [ 56%] Built target realsense2_camera_msgs__rosidl_typesupport_c
[0.268s] [ 70%] Built target realsense2_camera_msgs__rosidl_typesupport_introspection_c
[0.268s] [ 78%] Built target realsense2_camera_msgs__rosidl_typesupport_fastrtps_c
[0.309s] [ 78%] Built target realsense2_camera_msgs
[0.350s] [ 80%] Built target realsense2_camera_msgs__py
[0.401s] [ 89%] Built target realsense2_camera_msgs__rosidl_generator_py
[0.447s] [ 96%] Built target realsense2_camera_msgs__rosidl_typesupport_c__pyext
[0.447s] [ 96%] Built target realsense2_camera_msgs__rosidl_typesupport_introspection_c__pyext
[0.451s] [100%] Built target realsense2_camera_msgs__rosidl_typesupport_fastrtps_c__pyext
[0.573s] running egg_info
[0.574s] writing realsense2_camera_msgs.egg-info/PKG-INFO
[0.575s] writing dependency_links to realsense2_camera_msgs.egg-info/dependency_links.txt
[0.575s] writing top-level names to realsense2_camera_msgs.egg-info/top_level.txt
[0.581s] reading manifest file 'realsense2_camera_msgs.egg-info/SOURCES.txt'
[0.582s] writing manifest file 'realsense2_camera_msgs.egg-info/SOURCES.txt'
[0.651s] [100%] Built target ament_cmake_python_build_realsense2_camera_msgs_egg
