[0.041s] Invoking command in '/home/rosdev/ros2_ws/build/tf2_sensor_msgs': AMENT_PREFIX_PATH=/home/rosdev/ros2_ws/install/tf2_ros_py:/home/rosdev/ros2_ws/install/tf2_ros:/home/rosdev/ros2_ws/install/tf2_py:/home/rosdev/ros2_ws/install/tf2_msgs:/home/rosdev/ros2_ws/install/tf2:${AMENT_PREFIX_PATH} CMAKE_PREFIX_PATH=/home/rosdev/ros2_ws/install/tf2_ros:/home/rosdev/ros2_ws/install/tf2_py:/home/rosdev/ros2_ws/install/tf2_msgs:/home/rosdev/ros2_ws/install/tf2:/opt/ros/humble LD_LIBRARY_PATH=/home/rosdev/ros2_ws/install/tf2_ros/lib:/home/rosdev/ros2_ws/install/tf2_msgs/lib:/home/rosdev/ros2_ws/install/tf2/lib:${LD_LIBRARY_PATH} PYTHONPATH=/home/rosdev/ros2_ws/install/tf2_ros_py/lib/python3.10/site-packages:/home/rosdev/ros2_ws/install/tf2_py/local/lib/python3.10/dist-packages:/home/rosdev/ros2_ws/install/tf2_msgs/local/lib/python3.10/dist-packages:${PYTHONPATH} /usr/bin/cmake --build /home/rosdev/ros2_ws/build/tf2_sensor_msgs -- -j12 -l12
[0.145s] [ 33%] Built target gtest_main
[0.152s] [ 66%] Built target gtest
[0.203s] [100%] Built target test_tf2_sensor_msgs_cpp
[0.818s] Invoked command in '/home/rosdev/ros2_ws/build/tf2_sensor_msgs' returned '0': AMENT_PREFIX_PATH=/home/rosdev/ros2_ws/install/tf2_ros_py:/home/rosdev/ros2_ws/install/tf2_ros:/home/rosdev/ros2_ws/install/tf2_py:/home/rosdev/ros2_ws/install/tf2_msgs:/home/rosdev/ros2_ws/install/tf2:${AMENT_PREFIX_PATH} CMAKE_PREFIX_PATH=/home/rosdev/ros2_ws/install/tf2_ros:/home/rosdev/ros2_ws/install/tf2_py:/home/rosdev/ros2_ws/install/tf2_msgs:/home/rosdev/ros2_ws/install/tf2:/opt/ros/humble LD_LIBRARY_PATH=/home/rosdev/ros2_ws/install/tf2_ros/lib:/home/rosdev/ros2_ws/install/tf2_msgs/lib:/home/rosdev/ros2_ws/install/tf2/lib:${LD_LIBRARY_PATH} PYTHONPATH=/home/rosdev/ros2_ws/install/tf2_ros_py/lib/python3.10/site-packages:/home/rosdev/ros2_ws/install/tf2_py/local/lib/python3.10/dist-packages:/home/rosdev/ros2_ws/install/tf2_msgs/local/lib/python3.10/dist-packages:${PYTHONPATH} /usr/bin/cmake --build /home/rosdev/ros2_ws/build/tf2_sensor_msgs -- -j12 -l12
[0.820s] Invoking command in '/home/rosdev/ros2_ws/build/tf2_sensor_msgs': AMENT_PREFIX_PATH=/home/rosdev/ros2_ws/install/tf2_ros_py:/home/rosdev/ros2_ws/install/tf2_ros:/home/rosdev/ros2_ws/install/tf2_py:/home/rosdev/ros2_ws/install/tf2_msgs:/home/rosdev/ros2_ws/install/tf2:${AMENT_PREFIX_PATH} CMAKE_PREFIX_PATH=/home/rosdev/ros2_ws/install/tf2_ros:/home/rosdev/ros2_ws/install/tf2_py:/home/rosdev/ros2_ws/install/tf2_msgs:/home/rosdev/ros2_ws/install/tf2:/opt/ros/humble LD_LIBRARY_PATH=/home/rosdev/ros2_ws/install/tf2_ros/lib:/home/rosdev/ros2_ws/install/tf2_msgs/lib:/home/rosdev/ros2_ws/install/tf2/lib:${LD_LIBRARY_PATH} PYTHONPATH=/home/rosdev/ros2_ws/install/tf2_ros_py/lib/python3.10/site-packages:/home/rosdev/ros2_ws/install/tf2_py/local/lib/python3.10/dist-packages:/home/rosdev/ros2_ws/install/tf2_msgs/local/lib/python3.10/dist-packages:${PYTHONPATH} /usr/bin/cmake --install /home/rosdev/ros2_ws/build/tf2_sensor_msgs
[0.836s] -- Install configuration: ""
[0.836s] -- Up-to-date: /home/rosdev/ros2_ws/install/tf2_sensor_msgs/include
[0.836s] -- Up-to-date: /home/rosdev/ros2_ws/install/tf2_sensor_msgs/include/tf2_sensor_msgs
[0.836s] -- Up-to-date: /home/rosdev/ros2_ws/install/tf2_sensor_msgs/include/tf2_sensor_msgs/tf2_sensor_msgs.hpp
[0.836s] -- Up-to-date: /home/rosdev/ros2_ws/install/tf2_sensor_msgs/include/tf2_sensor_msgs/tf2_sensor_msgs.h
[0.836s] -- Up-to-date: /home/rosdev/ros2_ws/install/tf2_sensor_msgs/share/ament_index/resource_index/package_run_dependencies/tf2_sensor_msgs
[0.836s] -- Up-to-date: /home/rosdev/ros2_ws/install/tf2_sensor_msgs/share/ament_index/resource_index/parent_prefix_path/tf2_sensor_msgs
[0.836s] -- Up-to-date: /home/rosdev/ros2_ws/install/tf2_sensor_msgs/share/tf2_sensor_msgs/environment/ament_prefix_path.sh
[0.836s] -- Up-to-date: /home/rosdev/ros2_ws/install/tf2_sensor_msgs/share/tf2_sensor_msgs/environment/ament_prefix_path.dsv
[0.836s] -- Up-to-date: /home/rosdev/ros2_ws/install/tf2_sensor_msgs/share/tf2_sensor_msgs/environment/path.sh
[0.837s] -- Up-to-date: /home/rosdev/ros2_ws/install/tf2_sensor_msgs/share/tf2_sensor_msgs/environment/path.dsv
[0.837s] -- Up-to-date: /home/rosdev/ros2_ws/install/tf2_sensor_msgs/share/tf2_sensor_msgs/local_setup.bash
[0.837s] -- Up-to-date: /home/rosdev/ros2_ws/install/tf2_sensor_msgs/share/tf2_sensor_msgs/local_setup.sh
[0.837s] -- Up-to-date: /home/rosdev/ros2_ws/install/tf2_sensor_msgs/share/tf2_sensor_msgs/local_setup.zsh
[0.839s] -- Up-to-date: /home/rosdev/ros2_ws/install/tf2_sensor_msgs/share/tf2_sensor_msgs/local_setup.dsv
[0.839s] -- Installing: /home/rosdev/ros2_ws/install/tf2_sensor_msgs/share/tf2_sensor_msgs/package.dsv
[0.840s] -- Up-to-date: /home/rosdev/ros2_ws/install/tf2_sensor_msgs/share/ament_index/resource_index/packages/tf2_sensor_msgs
[0.841s] -- Up-to-date: /home/rosdev/ros2_ws/install/tf2_sensor_msgs/share/tf2_sensor_msgs/cmake/ament_cmake_export_dependencies-extras.cmake
[0.841s] -- Up-to-date: /home/rosdev/ros2_ws/install/tf2_sensor_msgs/share/tf2_sensor_msgs/cmake/ament_cmake_export_include_directories-extras.cmake
[0.841s] -- Up-to-date: /home/rosdev/ros2_ws/install/tf2_sensor_msgs/share/tf2_sensor_msgs/cmake/tf2_sensor_msgsConfig.cmake
[0.841s] -- Up-to-date: /home/rosdev/ros2_ws/install/tf2_sensor_msgs/share/tf2_sensor_msgs/cmake/tf2_sensor_msgsConfig-version.cmake
[0.842s] -- Up-to-date: /home/rosdev/ros2_ws/install/tf2_sensor_msgs/share/tf2_sensor_msgs/package.xml
[0.843s] Invoked command in '/home/rosdev/ros2_ws/build/tf2_sensor_msgs' returned '0': AMENT_PREFIX_PATH=/home/rosdev/ros2_ws/install/tf2_ros_py:/home/rosdev/ros2_ws/install/tf2_ros:/home/rosdev/ros2_ws/install/tf2_py:/home/rosdev/ros2_ws/install/tf2_msgs:/home/rosdev/ros2_ws/install/tf2:${AMENT_PREFIX_PATH} CMAKE_PREFIX_PATH=/home/rosdev/ros2_ws/install/tf2_ros:/home/rosdev/ros2_ws/install/tf2_py:/home/rosdev/ros2_ws/install/tf2_msgs:/home/rosdev/ros2_ws/install/tf2:/opt/ros/humble LD_LIBRARY_PATH=/home/rosdev/ros2_ws/install/tf2_ros/lib:/home/rosdev/ros2_ws/install/tf2_msgs/lib:/home/rosdev/ros2_ws/install/tf2/lib:${LD_LIBRARY_PATH} PYTHONPATH=/home/rosdev/ros2_ws/install/tf2_ros_py/lib/python3.10/site-packages:/home/rosdev/ros2_ws/install/tf2_py/local/lib/python3.10/dist-packages:/home/rosdev/ros2_ws/install/tf2_msgs/local/lib/python3.10/dist-packages:${PYTHONPATH} /usr/bin/cmake --install /home/rosdev/ros2_ws/build/tf2_sensor_msgs
