[0.754s] Invoking command in '/home/rosdev/ros2_ws/build/vision_opencv': AMENT_PREFIX_PATH=/home/rosdev/ros2_ws/install/image_geometry:/home/rosdev/ros2_ws/install/cv_bridge:${AMENT_PREFIX_PATH} CMAKE_PREFIX_PATH=/home/rosdev/ros2_ws/install/image_geometry:/home/rosdev/ros2_ws/install/cv_bridge:/opt/ros/humble LD_LIBRARY_PATH=/home/rosdev/ros2_ws/install/image_geometry/lib:/home/rosdev/ros2_ws/install/cv_bridge/lib:${LD_LIBRARY_PATH} PYTHONPATH=/home/rosdev/ros2_ws/install/image_geometry/local/lib/python3.10/dist-packages:/home/rosdev/ros2_ws/install/cv_bridge/local/lib/python3.10/dist-packages:${PYTHONPATH} /usr/bin/cmake /home/rosdev/ros2_ws/src/vision_opencv/vision_opencv -DAMENT_CMAKE_SYMLINK_INSTALL=1 -DCMAKE_INSTALL_PREFIX=/home/rosdev/ros2_ws/install/vision_opencv
[0.775s] -- Found ament_cmake: 1.3.11 (/opt/ros/humble/share/ament_cmake/cmake)
[1.008s] -- Override CMake install command with custom implementation using symlinks instead of copying resources
[1.201s] -- Configuring done
[1.206s] -- Generating done
[1.209s] -- Build files have been written to: /home/rosdev/ros2_ws/build/vision_opencv
[1.700s] Invoked command in '/home/rosdev/ros2_ws/build/vision_opencv' returned '0': AMENT_PREFIX_PATH=/home/rosdev/ros2_ws/install/image_geometry:/home/rosdev/ros2_ws/install/cv_bridge:${AMENT_PREFIX_PATH} CMAKE_PREFIX_PATH=/home/rosdev/ros2_ws/install/image_geometry:/home/rosdev/ros2_ws/install/cv_bridge:/opt/ros/humble LD_LIBRARY_PATH=/home/rosdev/ros2_ws/install/image_geometry/lib:/home/rosdev/ros2_ws/install/cv_bridge/lib:${LD_LIBRARY_PATH} PYTHONPATH=/home/rosdev/ros2_ws/install/image_geometry/local/lib/python3.10/dist-packages:/home/rosdev/ros2_ws/install/cv_bridge/local/lib/python3.10/dist-packages:${PYTHONPATH} /usr/bin/cmake /home/rosdev/ros2_ws/src/vision_opencv/vision_opencv -DAMENT_CMAKE_SYMLINK_INSTALL=1 -DCMAKE_INSTALL_PREFIX=/home/rosdev/ros2_ws/install/vision_opencv
[1.702s] Invoking command in '/home/rosdev/ros2_ws/build/vision_opencv': AMENT_PREFIX_PATH=/home/rosdev/ros2_ws/install/image_geometry:/home/rosdev/ros2_ws/install/cv_bridge:${AMENT_PREFIX_PATH} CMAKE_PREFIX_PATH=/home/rosdev/ros2_ws/install/image_geometry:/home/rosdev/ros2_ws/install/cv_bridge:/opt/ros/humble LD_LIBRARY_PATH=/home/rosdev/ros2_ws/install/image_geometry/lib:/home/rosdev/ros2_ws/install/cv_bridge/lib:${LD_LIBRARY_PATH} PYTHONPATH=/home/rosdev/ros2_ws/install/image_geometry/local/lib/python3.10/dist-packages:/home/rosdev/ros2_ws/install/cv_bridge/local/lib/python3.10/dist-packages:${PYTHONPATH} /usr/bin/cmake --build /home/rosdev/ros2_ws/build/vision_opencv -- -j12 -l12
[1.886s] Invoked command in '/home/rosdev/ros2_ws/build/vision_opencv' returned '0': AMENT_PREFIX_PATH=/home/rosdev/ros2_ws/install/image_geometry:/home/rosdev/ros2_ws/install/cv_bridge:${AMENT_PREFIX_PATH} CMAKE_PREFIX_PATH=/home/rosdev/ros2_ws/install/image_geometry:/home/rosdev/ros2_ws/install/cv_bridge:/opt/ros/humble LD_LIBRARY_PATH=/home/rosdev/ros2_ws/install/image_geometry/lib:/home/rosdev/ros2_ws/install/cv_bridge/lib:${LD_LIBRARY_PATH} PYTHONPATH=/home/rosdev/ros2_ws/install/image_geometry/local/lib/python3.10/dist-packages:/home/rosdev/ros2_ws/install/cv_bridge/local/lib/python3.10/dist-packages:${PYTHONPATH} /usr/bin/cmake --build /home/rosdev/ros2_ws/build/vision_opencv -- -j12 -l12
[1.889s] Invoking command in '/home/rosdev/ros2_ws/build/vision_opencv': AMENT_PREFIX_PATH=/home/rosdev/ros2_ws/install/image_geometry:/home/rosdev/ros2_ws/install/cv_bridge:${AMENT_PREFIX_PATH} CMAKE_PREFIX_PATH=/home/rosdev/ros2_ws/install/image_geometry:/home/rosdev/ros2_ws/install/cv_bridge:/opt/ros/humble LD_LIBRARY_PATH=/home/rosdev/ros2_ws/install/image_geometry/lib:/home/rosdev/ros2_ws/install/cv_bridge/lib:${LD_LIBRARY_PATH} PYTHONPATH=/home/rosdev/ros2_ws/install/image_geometry/local/lib/python3.10/dist-packages:/home/rosdev/ros2_ws/install/cv_bridge/local/lib/python3.10/dist-packages:${PYTHONPATH} /usr/bin/cmake --install /home/rosdev/ros2_ws/build/vision_opencv
[1.906s] -- Install configuration: ""
[1.906s] -- Execute custom install script
[1.906s] -- Up-to-date symlink: /home/rosdev/ros2_ws/install/vision_opencv/share/ament_index/resource_index/package_run_dependencies/vision_opencv
[1.907s] -- Up-to-date symlink: /home/rosdev/ros2_ws/install/vision_opencv/share/ament_index/resource_index/parent_prefix_path/vision_opencv
[1.907s] -- Up-to-date symlink: /home/rosdev/ros2_ws/install/vision_opencv/share/vision_opencv/environment/ament_prefix_path.sh
[1.907s] -- Up-to-date symlink: /home/rosdev/ros2_ws/install/vision_opencv/share/vision_opencv/environment/ament_prefix_path.dsv
[1.908s] -- Up-to-date symlink: /home/rosdev/ros2_ws/install/vision_opencv/share/vision_opencv/environment/path.sh
[1.908s] -- Up-to-date symlink: /home/rosdev/ros2_ws/install/vision_opencv/share/vision_opencv/environment/path.dsv
[1.908s] -- Up-to-date symlink: /home/rosdev/ros2_ws/install/vision_opencv/share/vision_opencv/local_setup.bash
[1.909s] -- Up-to-date symlink: /home/rosdev/ros2_ws/install/vision_opencv/share/vision_opencv/local_setup.sh
[1.909s] -- Up-to-date symlink: /home/rosdev/ros2_ws/install/vision_opencv/share/vision_opencv/local_setup.zsh
[1.909s] -- Up-to-date symlink: /home/rosdev/ros2_ws/install/vision_opencv/share/vision_opencv/local_setup.dsv
[1.909s] -- Symlinking: /home/rosdev/ros2_ws/install/vision_opencv/share/vision_opencv/package.dsv
[1.939s] -- Up-to-date symlink: /home/rosdev/ros2_ws/install/vision_opencv/share/ament_index/resource_index/packages/vision_opencv
[1.939s] -- Up-to-date symlink: /home/rosdev/ros2_ws/install/vision_opencv/share/vision_opencv/cmake/vision_opencvConfig.cmake
[1.939s] -- Up-to-date symlink: /home/rosdev/ros2_ws/install/vision_opencv/share/vision_opencv/cmake/vision_opencvConfig-version.cmake
[1.939s] -- Up-to-date symlink: /home/rosdev/ros2_ws/install/vision_opencv/share/vision_opencv/package.xml
[1.989s] Invoked command in '/home/rosdev/ros2_ws/build/vision_opencv' returned '0': AMENT_PREFIX_PATH=/home/rosdev/ros2_ws/install/image_geometry:/home/rosdev/ros2_ws/install/cv_bridge:${AMENT_PREFIX_PATH} CMAKE_PREFIX_PATH=/home/rosdev/ros2_ws/install/image_geometry:/home/rosdev/ros2_ws/install/cv_bridge:/opt/ros/humble LD_LIBRARY_PATH=/home/rosdev/ros2_ws/install/image_geometry/lib:/home/rosdev/ros2_ws/install/cv_bridge/lib:${LD_LIBRARY_PATH} PYTHONPATH=/home/rosdev/ros2_ws/install/image_geometry/local/lib/python3.10/dist-packages:/home/rosdev/ros2_ws/install/cv_bridge/local/lib/python3.10/dist-packages:${PYTHONPATH} /usr/bin/cmake --install /home/rosdev/ros2_ws/build/vision_opencv
