[0.069s] Invoking command in '/home/rosdev/ros2_ws/build/tf2_ros': AMENT_PREFIX_PATH=/home/rosdev/ros2_ws/install/tf2_msgs:/home/rosdev/ros2_ws/install/tf2:${AMENT_PREFIX_PATH} CMAKE_PREFIX_PATH=/home/rosdev/ros2_ws/install/tf2_msgs:/home/rosdev/ros2_ws/install/tf2:/home/rosdev/librealsense/build/install/nlohmann_json:/home/rosdev/librealsense/build/install/CURL:/opt/ros/humble LD_LIBRARY_PATH=/home/rosdev/ros2_ws/install/tf2_msgs/lib:/home/rosdev/ros2_ws/install/tf2/lib:${LD_LIBRARY_PATH} PYTHONPATH=/home/rosdev/ros2_ws/install/tf2_msgs/local/lib/python3.10/dist-packages:${PYTHONPATH} /usr/bin/cmake /home/rosdev/ros2_ws/src/geometry2/tf2_ros -DAMENT_CMAKE_SYMLINK_INSTALL=1 -DCMAKE_INSTALL_PREFIX=/home/rosdev/ros2_ws/install/tf2_ros
[0.131s] -- Found ament_cmake: 1.3.11 (/opt/ros/humble/share/ament_cmake/cmake)
[0.304s] -- Override CMake install command with custom implementation using symlinks instead of copying resources
[0.319s] -- Found builtin_interfaces: 1.2.1 (/opt/ros/humble/share/builtin_interfaces/cmake)
[0.357s] -- Found rosidl_generator_c: 3.1.6 (/opt/ros/humble/share/rosidl_generator_c/cmake)
[0.362s] -- Found rosidl_adapter: 3.1.6 (/opt/ros/humble/share/rosidl_adapter/cmake)
[0.371s] -- Found rosidl_generator_cpp: 3.1.6 (/opt/ros/humble/share/rosidl_generator_cpp/cmake)
[0.385s] -- Using all available rosidl_typesupport_c: rosidl_typesupport_fastrtps_c;rosidl_typesupport_introspection_c
[0.404s] -- Using all available rosidl_typesupport_cpp: rosidl_typesupport_fastrtps_cpp;rosidl_typesupport_introspection_cpp
[0.420s] -- Found geometry_msgs: 4.8.0 (/opt/ros/humble/share/geometry_msgs/cmake)
[0.461s] -- Found message_filters: 4.3.7 (/opt/ros/humble/share/message_filters/cmake)
[0.541s] -- Found rmw_implementation_cmake: 6.1.2 (/opt/ros/humble/share/rmw_implementation_cmake/cmake)
[0.543s] -- Found rmw_fastrtps_cpp: 6.2.7 (/opt/ros/humble/share/rmw_fastrtps_cpp/cmake)
[0.820s] -- Using RMW implementation 'rmw_fastrtps_cpp' as default
[0.913s] -- Found rclcpp_action: 16.0.12 (/opt/ros/humble/share/rclcpp_action/cmake)
[0.971s] -- Found rclcpp_components: 16.0.12 (/opt/ros/humble/share/rclcpp_components/cmake)
[1.042s] -- Found tf2: 0.25.7 (/home/rosdev/ros2_ws/install/tf2/share/tf2/cmake)
[1.049s] -- Found tf2_msgs: 0.25.7 (/home/rosdev/ros2_ws/install/tf2_msgs/share/tf2_msgs/cmake)
[1.082s] -- Found ament_cmake_cppcheck: 0.12.12 (/opt/ros/humble/share/ament_cmake_cppcheck/cmake)
[1.084s] -- Found ament_cmake_cpplint: 0.12.12 (/opt/ros/humble/share/ament_cmake_cpplint/cmake)
[1.086s] -- Found ament_cmake_lint_cmake: 0.12.12 (/opt/ros/humble/share/ament_cmake_lint_cmake/cmake)
[1.088s] -- Found ament_cmake_uncrustify: 0.12.12 (/opt/ros/humble/share/ament_cmake_uncrustify/cmake)
[1.091s] -- Found ament_cmake_gtest: 1.3.11 (/opt/ros/humble/share/ament_cmake_gtest/cmake)
[1.093s] -- Found gtest sources under '/opt/ros/humble/src/gtest_vendor': C++ tests using 'Google Test' will be built
[1.316s] -- Configuring done
[1.490s] -- Generating done
[1.537s] -- Build files have been written to: /home/rosdev/ros2_ws/build/tf2_ros
[1.574s] Invoked command in '/home/rosdev/ros2_ws/build/tf2_ros' returned '0': AMENT_PREFIX_PATH=/home/rosdev/ros2_ws/install/tf2_msgs:/home/rosdev/ros2_ws/install/tf2:${AMENT_PREFIX_PATH} CMAKE_PREFIX_PATH=/home/rosdev/ros2_ws/install/tf2_msgs:/home/rosdev/ros2_ws/install/tf2:/home/rosdev/librealsense/build/install/nlohmann_json:/home/rosdev/librealsense/build/install/CURL:/opt/ros/humble LD_LIBRARY_PATH=/home/rosdev/ros2_ws/install/tf2_msgs/lib:/home/rosdev/ros2_ws/install/tf2/lib:${LD_LIBRARY_PATH} PYTHONPATH=/home/rosdev/ros2_ws/install/tf2_msgs/local/lib/python3.10/dist-packages:${PYTHONPATH} /usr/bin/cmake /home/rosdev/ros2_ws/src/geometry2/tf2_ros -DAMENT_CMAKE_SYMLINK_INSTALL=1 -DCMAKE_INSTALL_PREFIX=/home/rosdev/ros2_ws/install/tf2_ros
[1.575s] Invoking command in '/home/rosdev/ros2_ws/build/tf2_ros': AMENT_PREFIX_PATH=/home/rosdev/ros2_ws/install/tf2_msgs:/home/rosdev/ros2_ws/install/tf2:${AMENT_PREFIX_PATH} CMAKE_PREFIX_PATH=/home/rosdev/ros2_ws/install/tf2_msgs:/home/rosdev/ros2_ws/install/tf2:/home/rosdev/librealsense/build/install/nlohmann_json:/home/rosdev/librealsense/build/install/CURL:/opt/ros/humble LD_LIBRARY_PATH=/home/rosdev/ros2_ws/install/tf2_msgs/lib:/home/rosdev/ros2_ws/install/tf2/lib:${LD_LIBRARY_PATH} PYTHONPATH=/home/rosdev/ros2_ws/install/tf2_msgs/local/lib/python3.10/dist-packages:${PYTHONPATH} /usr/bin/cmake --build /home/rosdev/ros2_ws/build/tf2_ros -- -j12 -l12
[1.667s] [35m[1mConsolidate compiler generated dependencies of target gtest[0m
[1.667s] [35m[1mConsolidate compiler generated dependencies of target gtest_main[0m
[1.677s] [35m[1mConsolidate compiler generated dependencies of target tf2_ros[0m
[1.715s] [  5%] Built target gtest_main
[1.733s] [ 10%] Built target gtest
[1.752s] [ 12%] [32mBuilding CXX object CMakeFiles/tf2_ros.dir/src/buffer.cpp.o[0m
[1.755s] [ 17%] [32mBuilding CXX object CMakeFiles/tf2_ros.dir/src/buffer_server.cpp.o[0m
[1.755s] [ 17%] [32mBuilding CXX object CMakeFiles/tf2_ros.dir/src/buffer_client.cpp.o[0m
[1.755s] [ 20%] [32mBuilding CXX object CMakeFiles/tf2_ros.dir/src/transform_listener.cpp.o[0m
[1.756s] [ 22%] [32mBuilding CXX object CMakeFiles/tf2_ros.dir/src/create_timer_ros.cpp.o[0m
[1.774s] [ 25%] [32mBuilding CXX object CMakeFiles/tf2_ros.dir/src/transform_broadcaster.cpp.o[0m
[20.780s] [ 27%] [32mBuilding CXX object CMakeFiles/tf2_ros.dir/src/static_transform_broadcaster.cpp.o[0m
[26.966s] [ 30%] [32m[1mLinking CXX shared library libtf2_ros.so[0m
[28.183s] [ 30%] Built target tf2_ros
[28.205s] [35m[1mConsolidate compiler generated dependencies of target buffer_server[0m
[28.238s] [ 32%] [32mBuilding CXX object CMakeFiles/buffer_server.dir/src/buffer_server_main.cpp.o[0m
[35.931s] [ 35%] [32m[1mLinking CXX executable buffer_server[0m
[36.629s] [ 35%] Built target buffer_server
[36.649s] [35m[1mConsolidate compiler generated dependencies of target tf2_ros_test_time_reset[0m
[36.681s] [ 37%] [32mBuilding CXX object CMakeFiles/tf2_ros_test_time_reset.dir/test/time_reset_test.cpp.o[0m
[47.068s] [ 40%] [32m[1mLinking CXX executable tf2_ros_test_time_reset[0m
[48.039s] [ 40%] Built target tf2_ros_test_time_reset
[48.062s] [35m[1mConsolidate compiler generated dependencies of target tf2_ros_test_listener[0m
[48.095s] [ 42%] [32mBuilding CXX object CMakeFiles/tf2_ros_test_listener.dir/test/listener_unittest.cpp.o[0m
[65.645s] [ 45%] [32m[1mLinking CXX executable tf2_ros_test_listener[0m
[66.863s] [ 45%] Built target tf2_ros_test_listener
[66.884s] [35m[1mConsolidate compiler generated dependencies of target tf2_ros_test_transform_listener[0m
[66.885s] [35m[1mConsolidate compiler generated dependencies of target tf2_ros_test_transform_broadcaster[0m
[66.885s] [35m[1mConsolidate compiler generated dependencies of target tf2_ros_test_message_filter[0m
[66.885s] [35m[1mConsolidate compiler generated dependencies of target tf2_ros_test_static_transform_broadcaster[0m
[66.885s] [35m[1mConsolidate compiler generated dependencies of target test_buffer_client[0m
[66.922s] [ 50%] [32mBuilding CXX object CMakeFiles/tf2_ros_test_message_filter.dir/test/message_filter_test.cpp.o[0m
[66.922s] [ 50%] [32mBuilding CXX object CMakeFiles/tf2_ros_test_static_transform_broadcaster.dir/test/test_static_transform_broadcaster.cpp.o[0m
[66.927s] [ 52%] [32mBuilding CXX object CMakeFiles/tf2_ros_test_transform_broadcaster.dir/test/test_transform_broadcaster.cpp.o[0m
[66.932s] [ 57%] [32mBuilding CXX object CMakeFiles/tf2_ros_test_transform_listener.dir/test/test_transform_listener.cpp.o[0m
[66.932s] [ 57%] [32mBuilding CXX object CMakeFiles/test_buffer_client.dir/test/test_buffer_client.cpp.o[0m
[77.511s] [ 60%] [32m[1mLinking CXX executable tf2_ros_test_transform_broadcaster[0m
[77.709s] [ 62%] [32m[1mLinking CXX executable tf2_ros_test_static_transform_broadcaster[0m
[78.106s] [ 62%] Built target tf2_ros_test_transform_broadcaster
[78.129s] [35m[1mConsolidate compiler generated dependencies of target test_buffer_server[0m
[78.130s] [35m[1mConsolidate compiler generated dependencies of target tf2_monitor[0m
[78.140s] [35m[1mConsolidate compiler generated dependencies of target test_buffer[0m
[78.170s] [ 67%] [32mBuilding CXX object CMakeFiles/test_buffer_server.dir/test/test_buffer_server.cpp.o[0m
[78.170s] [ 67%] [32mBuilding CXX object CMakeFiles/tf2_monitor.dir/src/tf2_monitor.cpp.o[0m
[78.180s] [ 70%] [32mBuilding CXX object CMakeFiles/test_buffer.dir/test/test_buffer.cpp.o[0m
[78.298s] [ 70%] Built target tf2_ros_test_static_transform_broadcaster
[78.347s] [35m[1mConsolidate compiler generated dependencies of target tf2_echo[0m
[78.391s] [ 72%] [32mBuilding CXX object CMakeFiles/tf2_echo.dir/src/tf2_echo.cpp.o[0m
[78.659s] [ 75%] [32m[1mLinking CXX executable test_buffer_client[0m
[79.860s] [ 75%] Built target test_buffer_client
[79.888s] [35m[1mConsolidate compiler generated dependencies of target static_transform_broadcaster_node[0m
[79.933s] [ 77%] [32mBuilding CXX object CMakeFiles/static_transform_broadcaster_node.dir/src/static_transform_broadcaster_node.cpp.o[0m
[85.593s] [ 80%] [32m[1mLinking CXX executable tf2_echo[0m
[86.392s] [ 80%] Built target tf2_echo
[88.305s] [ 82%] [32m[1mLinking CXX executable test_buffer[0m
[88.468s] [ 85%] [32m[1mLinking CXX executable tf2_ros_test_transform_listener[0m
[88.749s] [ 87%] [32m[1mLinking CXX shared library libstatic_transform_broadcaster_node.so[0m
[89.341s] [ 87%] Built target test_buffer
[89.549s] [ 87%] Built target static_transform_broadcaster_node
[89.928s] [ 87%] Built target tf2_ros_test_transform_listener
[90.274s] [ 90%] [32m[1mLinking CXX executable tf2_ros_test_message_filter[0m
[91.265s] [ 92%] [32m[1mLinking CXX executable test_buffer_server[0m
[91.829s] [ 92%] Built target tf2_ros_test_message_filter
[92.330s] [ 92%] Built target test_buffer_server
[96.174s] [ 95%] [32m[1mLinking CXX executable tf2_monitor[0m
[97.251s] [ 95%] Built target tf2_monitor
[97.271s] [35m[1mConsolidate compiler generated dependencies of target static_transform_publisher[0m
[97.301s] [ 97%] [32mBuilding CXX object CMakeFiles/static_transform_publisher.dir/src/static_transform_broadcaster_program.cpp.o[0m
[104.079s] [100%] [32m[1mLinking CXX executable static_transform_publisher[0m
[104.476s] [100%] Built target static_transform_publisher
[104.503s] Invoked command in '/home/rosdev/ros2_ws/build/tf2_ros' returned '0': AMENT_PREFIX_PATH=/home/rosdev/ros2_ws/install/tf2_msgs:/home/rosdev/ros2_ws/install/tf2:${AMENT_PREFIX_PATH} CMAKE_PREFIX_PATH=/home/rosdev/ros2_ws/install/tf2_msgs:/home/rosdev/ros2_ws/install/tf2:/home/rosdev/librealsense/build/install/nlohmann_json:/home/rosdev/librealsense/build/install/CURL:/opt/ros/humble LD_LIBRARY_PATH=/home/rosdev/ros2_ws/install/tf2_msgs/lib:/home/rosdev/ros2_ws/install/tf2/lib:${LD_LIBRARY_PATH} PYTHONPATH=/home/rosdev/ros2_ws/install/tf2_msgs/local/lib/python3.10/dist-packages:${PYTHONPATH} /usr/bin/cmake --build /home/rosdev/ros2_ws/build/tf2_ros -- -j12 -l12
[104.506s] Invoking command in '/home/rosdev/ros2_ws/build/tf2_ros': AMENT_PREFIX_PATH=/home/rosdev/ros2_ws/install/tf2_msgs:/home/rosdev/ros2_ws/install/tf2:${AMENT_PREFIX_PATH} CMAKE_PREFIX_PATH=/home/rosdev/ros2_ws/install/tf2_msgs:/home/rosdev/ros2_ws/install/tf2:/home/rosdev/librealsense/build/install/nlohmann_json:/home/rosdev/librealsense/build/install/CURL:/opt/ros/humble LD_LIBRARY_PATH=/home/rosdev/ros2_ws/install/tf2_msgs/lib:/home/rosdev/ros2_ws/install/tf2/lib:${LD_LIBRARY_PATH} PYTHONPATH=/home/rosdev/ros2_ws/install/tf2_msgs/local/lib/python3.10/dist-packages:${PYTHONPATH} /usr/bin/cmake --install /home/rosdev/ros2_ws/build/tf2_ros
[104.521s] -- Install configuration: ""
[104.521s] -- Execute custom install script
[104.522s] -- Up-to-date symlink: /home/rosdev/ros2_ws/install/tf2_ros/lib/tf2_ros/buffer_server
[104.522s] -- Up-to-date symlink: /home/rosdev/ros2_ws/install/tf2_ros/lib/tf2_ros/static_transform_publisher
[104.523s] -- Up-to-date symlink: /home/rosdev/ros2_ws/install/tf2_ros/lib/tf2_ros/tf2_echo
[104.523s] -- Up-to-date symlink: /home/rosdev/ros2_ws/install/tf2_ros/lib/tf2_ros/tf2_monitor
[104.523s] -- Up-to-date symlink: /home/rosdev/ros2_ws/install/tf2_ros/include/tf2_ros/tf2_ros/async_buffer_interface.h
[104.524s] -- Up-to-date symlink: /home/rosdev/ros2_ws/install/tf2_ros/include/tf2_ros/tf2_ros/buffer.h
[104.524s] -- Up-to-date symlink: /home/rosdev/ros2_ws/install/tf2_ros/include/tf2_ros/tf2_ros/buffer_client.h
[104.524s] -- Up-to-date symlink: /home/rosdev/ros2_ws/install/tf2_ros/include/tf2_ros/tf2_ros/buffer_interface.h
[104.524s] -- Up-to-date symlink: /home/rosdev/ros2_ws/install/tf2_ros/include/tf2_ros/tf2_ros/buffer_server.h
[104.524s] -- Up-to-date symlink: /home/rosdev/ros2_ws/install/tf2_ros/include/tf2_ros/tf2_ros/create_timer_interface.h
[104.524s] -- Up-to-date symlink: /home/rosdev/ros2_ws/install/tf2_ros/include/tf2_ros/tf2_ros/create_timer_ros.h
[104.525s] -- Up-to-date symlink: /home/rosdev/ros2_ws/install/tf2_ros/include/tf2_ros/tf2_ros/message_filter.h
[104.525s] -- Up-to-date symlink: /home/rosdev/ros2_ws/install/tf2_ros/include/tf2_ros/tf2_ros/qos.hpp
[104.525s] -- Up-to-date symlink: /home/rosdev/ros2_ws/install/tf2_ros/include/tf2_ros/tf2_ros/static_transform_broadcaster.h
[104.525s] -- Up-to-date symlink: /home/rosdev/ros2_ws/install/tf2_ros/include/tf2_ros/tf2_ros/static_transform_broadcaster_node.hpp
[104.525s] -- Up-to-date symlink: /home/rosdev/ros2_ws/install/tf2_ros/include/tf2_ros/tf2_ros/static_transform_broadcaster_visibility_control.h
[104.525s] -- Up-to-date symlink: /home/rosdev/ros2_ws/install/tf2_ros/include/tf2_ros/tf2_ros/transform_broadcaster.h
[104.525s] -- Up-to-date symlink: /home/rosdev/ros2_ws/install/tf2_ros/include/tf2_ros/tf2_ros/transform_listener.h
[104.526s] -- Up-to-date symlink: /home/rosdev/ros2_ws/install/tf2_ros/include/tf2_ros/tf2_ros/visibility_control.h
[104.526s] -- Up-to-date symlink: /home/rosdev/ros2_ws/install/tf2_ros/share/tf2_ros/environment/library_path.sh
[104.526s] -- Up-to-date symlink: /home/rosdev/ros2_ws/install/tf2_ros/share/tf2_ros/environment/library_path.dsv
[104.526s] -- Up-to-date symlink: /home/rosdev/ros2_ws/install/tf2_ros/share/ament_index/resource_index/package_run_dependencies/tf2_ros
[104.526s] -- Up-to-date symlink: /home/rosdev/ros2_ws/install/tf2_ros/share/ament_index/resource_index/parent_prefix_path/tf2_ros
[104.526s] -- Up-to-date symlink: /home/rosdev/ros2_ws/install/tf2_ros/share/tf2_ros/environment/ament_prefix_path.sh
[104.526s] -- Up-to-date symlink: /home/rosdev/ros2_ws/install/tf2_ros/share/tf2_ros/environment/ament_prefix_path.dsv
[104.527s] -- Up-to-date symlink: /home/rosdev/ros2_ws/install/tf2_ros/share/tf2_ros/environment/path.sh
[104.527s] -- Up-to-date symlink: /home/rosdev/ros2_ws/install/tf2_ros/share/tf2_ros/environment/path.dsv
[104.527s] -- Up-to-date symlink: /home/rosdev/ros2_ws/install/tf2_ros/share/tf2_ros/local_setup.bash
[104.527s] -- Up-to-date symlink: /home/rosdev/ros2_ws/install/tf2_ros/share/tf2_ros/local_setup.sh
[104.527s] -- Up-to-date symlink: /home/rosdev/ros2_ws/install/tf2_ros/share/tf2_ros/local_setup.zsh
[104.527s] -- Up-to-date symlink: /home/rosdev/ros2_ws/install/tf2_ros/share/tf2_ros/local_setup.dsv
[104.528s] -- Symlinking: /home/rosdev/ros2_ws/install/tf2_ros/share/tf2_ros/package.dsv
[104.545s] -- Up-to-date symlink: /home/rosdev/ros2_ws/install/tf2_ros/share/ament_index/resource_index/packages/tf2_ros
[104.545s] -- Up-to-date symlink: /home/rosdev/ros2_ws/install/tf2_ros/share/ament_index/resource_index/rclcpp_components/tf2_ros
[104.545s] -- Up-to-date symlink: /home/rosdev/ros2_ws/install/tf2_ros/share/tf2_ros/cmake/ament_cmake_export_include_directories-extras.cmake
[104.545s] -- Up-to-date symlink: /home/rosdev/ros2_ws/install/tf2_ros/share/tf2_ros/cmake/ament_cmake_export_libraries-extras.cmake
[104.545s] -- Up-to-date symlink: /home/rosdev/ros2_ws/install/tf2_ros/share/tf2_ros/cmake/ament_cmake_export_targets-extras.cmake
[104.545s] -- Up-to-date symlink: /home/rosdev/ros2_ws/install/tf2_ros/share/tf2_ros/cmake/ament_cmake_export_dependencies-extras.cmake
[104.545s] -- Up-to-date symlink: /home/rosdev/ros2_ws/install/tf2_ros/share/tf2_ros/cmake/tf2_rosConfig.cmake
[104.545s] -- Up-to-date symlink: /home/rosdev/ros2_ws/install/tf2_ros/share/tf2_ros/cmake/tf2_rosConfig-version.cmake
[104.546s] -- Up-to-date symlink: /home/rosdev/ros2_ws/install/tf2_ros/share/tf2_ros/package.xml
[104.546s] -- Installing: /home/rosdev/ros2_ws/install/tf2_ros/lib/libtf2_ros.so
[104.561s] -- Set runtime path of "/home/rosdev/ros2_ws/install/tf2_ros/lib/libtf2_ros.so" to ""
[104.562s] -- Installing: /home/rosdev/ros2_ws/install/tf2_ros/lib/libstatic_transform_broadcaster_node.so
[104.565s] -- Set runtime path of "/home/rosdev/ros2_ws/install/tf2_ros/lib/libstatic_transform_broadcaster_node.so" to ""
[104.569s] -- Up-to-date: /home/rosdev/ros2_ws/install/tf2_ros/share/tf2_ros/cmake/export_tf2_rosExport.cmake
[104.569s] -- Up-to-date: /home/rosdev/ros2_ws/install/tf2_ros/share/tf2_ros/cmake/export_tf2_rosExport-noconfig.cmake
[104.572s] Invoked command in '/home/rosdev/ros2_ws/build/tf2_ros' returned '0': AMENT_PREFIX_PATH=/home/rosdev/ros2_ws/install/tf2_msgs:/home/rosdev/ros2_ws/install/tf2:${AMENT_PREFIX_PATH} CMAKE_PREFIX_PATH=/home/rosdev/ros2_ws/install/tf2_msgs:/home/rosdev/ros2_ws/install/tf2:/home/rosdev/librealsense/build/install/nlohmann_json:/home/rosdev/librealsense/build/install/CURL:/opt/ros/humble LD_LIBRARY_PATH=/home/rosdev/ros2_ws/install/tf2_msgs/lib:/home/rosdev/ros2_ws/install/tf2/lib:${LD_LIBRARY_PATH} PYTHONPATH=/home/rosdev/ros2_ws/install/tf2_msgs/local/lib/python3.10/dist-packages:${PYTHONPATH} /usr/bin/cmake --install /home/rosdev/ros2_ws/build/tf2_ros
