[0.022s] Invoking command in '/home/rosdev/ros2_ws/build/realsense2_description': CMAKE_PREFIX_PATH=/home/rosdev/ros2_ws/install/realsense2_camera_msgs:/home/rosdev/ros2_ws/install/realsense2_description:/opt/ros/humble /usr/bin/cmake /home/rosdev/ros2_ws/src/realsense-ros/realsense2_description -DAMENT_CMAKE_SYMLINK_INSTALL=1 -DCMAKE_INSTALL_PREFIX=/home/rosdev/ros2_ws/install/realsense2_description
[0.107s] -- The C compiler identification is GNU 11.4.0
[0.192s] -- The CXX compiler identification is GNU 11.4.0
[0.205s] -- Detecting C compiler ABI info
[0.326s] -- Detecting C compiler ABI info - done
[0.335s] -- Check for working C compiler: /usr/bin/cc - skipped
[0.335s] -- Detecting C compile features
[0.336s] -- Detecting C compile features - done
[0.340s] -- Detecting CXX compiler ABI info
[0.483s] -- Detecting CXX compiler ABI info - done
[0.492s] -- Check for working CXX compiler: /usr/bin/c++ - skipped
[0.493s] -- Detecting CXX compile features
[0.493s] -- Detecting CXX compile features - done
[0.497s] -- Found ament_cmake: 1.3.11 (/opt/ros/humble/share/ament_cmake/cmake)
[0.714s] -- Found Python3: /usr/bin/python3 (found version "3.10.12") found components: Interpreter 
[0.824s] -- Override CMake install command with custom implementation using symlinks instead of copying resources
[0.970s] -- Configuring done
[0.975s] -- Generating done
[0.978s] -- Build files have been written to: /home/rosdev/ros2_ws/build/realsense2_description
[0.989s] Invoked command in '/home/rosdev/ros2_ws/build/realsense2_description' returned '0': CMAKE_PREFIX_PATH=/home/rosdev/ros2_ws/install/realsense2_camera_msgs:/home/rosdev/ros2_ws/install/realsense2_description:/opt/ros/humble /usr/bin/cmake /home/rosdev/ros2_ws/src/realsense-ros/realsense2_description -DAMENT_CMAKE_SYMLINK_INSTALL=1 -DCMAKE_INSTALL_PREFIX=/home/rosdev/ros2_ws/install/realsense2_description
[0.990s] Invoking command in '/home/rosdev/ros2_ws/build/realsense2_description': CMAKE_PREFIX_PATH=/home/rosdev/ros2_ws/install/realsense2_camera_msgs:/home/rosdev/ros2_ws/install/realsense2_description:/opt/ros/humble /usr/bin/cmake --build /home/rosdev/ros2_ws/build/realsense2_description -- -j12 -l12
[1.059s] Invoked command in '/home/rosdev/ros2_ws/build/realsense2_description' returned '0': CMAKE_PREFIX_PATH=/home/rosdev/ros2_ws/install/realsense2_camera_msgs:/home/rosdev/ros2_ws/install/realsense2_description:/opt/ros/humble /usr/bin/cmake --build /home/rosdev/ros2_ws/build/realsense2_description -- -j12 -l12
[1.061s] Invoking command in '/home/rosdev/ros2_ws/build/realsense2_description': CMAKE_PREFIX_PATH=/home/rosdev/ros2_ws/install/realsense2_camera_msgs:/home/rosdev/ros2_ws/install/realsense2_description:/opt/ros/humble /usr/bin/cmake --install /home/rosdev/ros2_ws/build/realsense2_description
[1.073s] -- Install configuration: ""
[1.074s] -- Execute custom install script
[1.075s] -- Symlinking: /home/rosdev/ros2_ws/install/realsense2_description/share/realsense2_description/launch/launch_utils.py
[1.088s] -- Symlinking: /home/rosdev/ros2_ws/install/realsense2_description/share/realsense2_description/launch/view_model.launch.py
[1.102s] -- Symlinking: /home/rosdev/ros2_ws/install/realsense2_description/share/realsense2_description/meshes/d415.stl
[1.116s] -- Symlinking: /home/rosdev/ros2_ws/install/realsense2_description/share/realsense2_description/meshes/d435.dae
[1.129s] -- Symlinking: /home/rosdev/ros2_ws/install/realsense2_description/share/realsense2_description/meshes/d455.stl
[1.143s] -- Symlinking: /home/rosdev/ros2_ws/install/realsense2_description/share/realsense2_description/meshes/l515.dae
[1.158s] -- Symlinking: /home/rosdev/ros2_ws/install/realsense2_description/share/realsense2_description/meshes/plug.stl
[1.172s] -- Symlinking: /home/rosdev/ros2_ws/install/realsense2_description/share/realsense2_description/meshes/plug_collision.stl
[1.187s] -- Symlinking: /home/rosdev/ros2_ws/install/realsense2_description/share/realsense2_description/rviz/urdf.rviz
[1.201s] -- Symlinking: /home/rosdev/ros2_ws/install/realsense2_description/share/realsense2_description/urdf/_d415.urdf.xacro
[1.215s] -- Symlinking: /home/rosdev/ros2_ws/install/realsense2_description/share/realsense2_description/urdf/_d435.urdf.xacro
[1.232s] -- Symlinking: /home/rosdev/ros2_ws/install/realsense2_description/share/realsense2_description/urdf/_d435i.urdf.xacro
[1.248s] -- Symlinking: /home/rosdev/ros2_ws/install/realsense2_description/share/realsense2_description/urdf/_d435i_imu_modules.urdf.xacro
[1.266s] -- Symlinking: /home/rosdev/ros2_ws/install/realsense2_description/share/realsense2_description/urdf/_d455.urdf.xacro
[1.279s] -- Symlinking: /home/rosdev/ros2_ws/install/realsense2_description/share/realsense2_description/urdf/_l515.urdf.xacro
[1.292s] -- Symlinking: /home/rosdev/ros2_ws/install/realsense2_description/share/realsense2_description/urdf/_materials.urdf.xacro
[1.306s] -- Symlinking: /home/rosdev/ros2_ws/install/realsense2_description/share/realsense2_description/urdf/_r410.urdf.xacro
[1.324s] -- Symlinking: /home/rosdev/ros2_ws/install/realsense2_description/share/realsense2_description/urdf/_r430.urdf.xacro
[1.337s] -- Symlinking: /home/rosdev/ros2_ws/install/realsense2_description/share/realsense2_description/urdf/_usb_plug.urdf.xacro
[1.354s] -- Symlinking: /home/rosdev/ros2_ws/install/realsense2_description/share/realsense2_description/urdf/test_d415_camera.urdf.xacro
[1.369s] -- Symlinking: /home/rosdev/ros2_ws/install/realsense2_description/share/realsense2_description/urdf/test_d435_camera.urdf.xacro
[1.383s] -- Symlinking: /home/rosdev/ros2_ws/install/realsense2_description/share/realsense2_description/urdf/test_d435_multiple_cameras.urdf.xacro
[1.397s] -- Symlinking: /home/rosdev/ros2_ws/install/realsense2_description/share/realsense2_description/urdf/test_d435i_camera.urdf.xacro
[1.413s] -- Symlinking: /home/rosdev/ros2_ws/install/realsense2_description/share/realsense2_description/urdf/test_d455_camera.urdf.xacro
[1.428s] -- Symlinking: /home/rosdev/ros2_ws/install/realsense2_description/share/realsense2_description/urdf/test_l515_camera.urdf.xacro
[1.448s] -- Symlinking: /home/rosdev/ros2_ws/install/realsense2_description/share/realsense2_description/urdf/test_r410_camera.urdf.xacro
[1.460s] -- Symlinking: /home/rosdev/ros2_ws/install/realsense2_description/share/realsense2_description/urdf/test_r430_camera.urdf.xacro
[1.475s] -- Symlinking: /home/rosdev/ros2_ws/install/realsense2_description/share/ament_index/resource_index/package_run_dependencies/realsense2_description
[1.490s] -- Symlinking: /home/rosdev/ros2_ws/install/realsense2_description/share/ament_index/resource_index/parent_prefix_path/realsense2_description
[1.504s] -- Symlinking: /home/rosdev/ros2_ws/install/realsense2_description/share/realsense2_description/environment/ament_prefix_path.sh
[1.522s] -- Symlinking: /home/rosdev/ros2_ws/install/realsense2_description/share/realsense2_description/environment/ament_prefix_path.dsv
[1.537s] -- Symlinking: /home/rosdev/ros2_ws/install/realsense2_description/share/realsense2_description/environment/path.sh
[1.552s] -- Symlinking: /home/rosdev/ros2_ws/install/realsense2_description/share/realsense2_description/environment/path.dsv
[1.568s] -- Symlinking: /home/rosdev/ros2_ws/install/realsense2_description/share/realsense2_description/local_setup.bash
[1.589s] -- Symlinking: /home/rosdev/ros2_ws/install/realsense2_description/share/realsense2_description/local_setup.sh
[1.606s] -- Symlinking: /home/rosdev/ros2_ws/install/realsense2_description/share/realsense2_description/local_setup.zsh
[1.624s] -- Symlinking: /home/rosdev/ros2_ws/install/realsense2_description/share/realsense2_description/local_setup.dsv
[1.639s] -- Symlinking: /home/rosdev/ros2_ws/install/realsense2_description/share/realsense2_description/package.dsv
[1.654s] -- Symlinking: /home/rosdev/ros2_ws/install/realsense2_description/share/ament_index/resource_index/packages/realsense2_description
[1.669s] -- Symlinking: /home/rosdev/ros2_ws/install/realsense2_description/share/realsense2_description/cmake/realsense2_descriptionConfig.cmake
[1.684s] -- Symlinking: /home/rosdev/ros2_ws/install/realsense2_description/share/realsense2_description/cmake/realsense2_descriptionConfig-version.cmake
[1.698s] -- Symlinking: /home/rosdev/ros2_ws/install/realsense2_description/share/realsense2_description/package.xml
[1.718s] Invoked command in '/home/rosdev/ros2_ws/build/realsense2_description' returned '0': CMAKE_PREFIX_PATH=/home/rosdev/ros2_ws/install/realsense2_camera_msgs:/home/rosdev/ros2_ws/install/realsense2_description:/opt/ros/humble /usr/bin/cmake --install /home/rosdev/ros2_ws/build/realsense2_description
