[0.443s] Invoking command in '/home/rosdev/ros2_ws/build/realsense2_camera': CMAKE_PREFIX_PATH=/home/rosdev/ros2_ws/install/realsense2_camera_msgs:/home/rosdev/ros2_ws/install/yolo_bringup:/home/rosdev/ros2_ws/install/yolo_msgs:/home/rosdev/ros2_ws/install/realsense2_description:/home/rosdev/ros2_ws/install/realsense2_camera:/home/rosdev/ros2_ws/install/aruco_pose_estimation:/home/rosdev/ros2_ws/install/aruco_interfaces:/home/rosdev/ros2_ws/install/yolo_ros:/opt/ros/humble LD_LIBRARY_PATH=/home/rosdev/ros2_ws/install/realsense2_camera_msgs/lib:/home/rosdev/ros2_ws/install/yolo_msgs/lib:/home/rosdev/ros2_ws/install/realsense2_camera/lib:/home/rosdev/ros2_ws/install/aruco_interfaces/lib:/opt/ros/humble/opt/rviz_ogre_vendor/lib:/opt/ros/humble/lib/aarch64-linux-gnu:/opt/ros/humble/lib /usr/bin/cmake --build /home/rosdev/ros2_ws/build/realsense2_camera -- -j12 -l12
[0.593s] [ 87%] Built target realsense2_camera
[0.640s] [100%] Built target realsense2_camera_node
[0.682s] Invoked command in '/home/rosdev/ros2_ws/build/realsense2_camera' returned '0': CMAKE_PREFIX_PATH=/home/rosdev/ros2_ws/install/realsense2_camera_msgs:/home/rosdev/ros2_ws/install/yolo_bringup:/home/rosdev/ros2_ws/install/yolo_msgs:/home/rosdev/ros2_ws/install/realsense2_description:/home/rosdev/ros2_ws/install/realsense2_camera:/home/rosdev/ros2_ws/install/aruco_pose_estimation:/home/rosdev/ros2_ws/install/aruco_interfaces:/home/rosdev/ros2_ws/install/yolo_ros:/opt/ros/humble LD_LIBRARY_PATH=/home/rosdev/ros2_ws/install/realsense2_camera_msgs/lib:/home/rosdev/ros2_ws/install/yolo_msgs/lib:/home/rosdev/ros2_ws/install/realsense2_camera/lib:/home/rosdev/ros2_ws/install/aruco_interfaces/lib:/opt/ros/humble/opt/rviz_ogre_vendor/lib:/opt/ros/humble/lib/aarch64-linux-gnu:/opt/ros/humble/lib /usr/bin/cmake --build /home/rosdev/ros2_ws/build/realsense2_camera -- -j12 -l12
[0.693s] Invoking command in '/home/rosdev/ros2_ws/build/realsense2_camera': CMAKE_PREFIX_PATH=/home/rosdev/ros2_ws/install/realsense2_camera_msgs:/home/rosdev/ros2_ws/install/yolo_bringup:/home/rosdev/ros2_ws/install/yolo_msgs:/home/rosdev/ros2_ws/install/realsense2_description:/home/rosdev/ros2_ws/install/realsense2_camera:/home/rosdev/ros2_ws/install/aruco_pose_estimation:/home/rosdev/ros2_ws/install/aruco_interfaces:/home/rosdev/ros2_ws/install/yolo_ros:/opt/ros/humble LD_LIBRARY_PATH=/home/rosdev/ros2_ws/install/realsense2_camera_msgs/lib:/home/rosdev/ros2_ws/install/yolo_msgs/lib:/home/rosdev/ros2_ws/install/realsense2_camera/lib:/home/rosdev/ros2_ws/install/aruco_interfaces/lib:/opt/ros/humble/opt/rviz_ogre_vendor/lib:/opt/ros/humble/lib/aarch64-linux-gnu:/opt/ros/humble/lib /usr/bin/cmake --install /home/rosdev/ros2_ws/build/realsense2_camera
[0.707s] -- Install configuration: "Release"
[0.707s] -- Execute custom install script
[0.708s] -- Up-to-date symlink: /home/rosdev/ros2_ws/install/realsense2_camera/lib/realsense2_camera/realsense2_camera_node
[0.709s] -- Up-to-date symlink: /home/rosdev/ros2_ws/install/realsense2_camera/lib/librealsense2_camera.so
[0.710s] -- Up-to-date symlink: /home/rosdev/ros2_ws/install/realsense2_camera/include/base_realsense_node.h
[0.710s] -- Up-to-date symlink: /home/rosdev/ros2_ws/install/realsense2_camera/include/constants.h
[0.710s] -- Up-to-date symlink: /home/rosdev/ros2_ws/install/realsense2_camera/include/dynamic_params.h
[0.710s] -- Up-to-date symlink: /home/rosdev/ros2_ws/install/realsense2_camera/include/image_publisher.h
[0.711s] -- Up-to-date symlink: /home/rosdev/ros2_ws/install/realsense2_camera/include/named_filter.h
[0.711s] -- Up-to-date symlink: /home/rosdev/ros2_ws/install/realsense2_camera/include/profile_manager.h
[0.711s] -- Up-to-date symlink: /home/rosdev/ros2_ws/install/realsense2_camera/include/realsense_node_factory.h
[0.712s] -- Up-to-date symlink: /home/rosdev/ros2_ws/install/realsense2_camera/include/ros_param_backend.h
[0.712s] -- Up-to-date symlink: /home/rosdev/ros2_ws/install/realsense2_camera/include/ros_sensor.h
[0.712s] -- Up-to-date symlink: /home/rosdev/ros2_ws/install/realsense2_camera/include/ros_utils.h
[0.712s] -- Up-to-date symlink: /home/rosdev/ros2_ws/install/realsense2_camera/include/sensor_params.h
[0.713s] -- Up-to-date symlink: /home/rosdev/ros2_ws/install/realsense2_camera/share/realsense2_camera/launch/default.rviz
[0.713s] -- Up-to-date symlink: /home/rosdev/ros2_ws/install/realsense2_camera/share/realsense2_camera/launch/rs_intra_process_demo_launch.py
[0.713s] -- Up-to-date symlink: /home/rosdev/ros2_ws/install/realsense2_camera/share/realsense2_camera/launch/rs_launch.py
[0.714s] -- Up-to-date symlink: /home/rosdev/ros2_ws/install/realsense2_camera/share/realsense2_camera/launch/rs_multi_camera_launch.py
[0.714s] -- Up-to-date symlink: /home/rosdev/ros2_ws/install/realsense2_camera/share/realsense2_camera/environment/library_path.sh
[0.714s] -- Up-to-date symlink: /home/rosdev/ros2_ws/install/realsense2_camera/share/realsense2_camera/environment/library_path.dsv
[0.715s] -- Up-to-date symlink: /home/rosdev/ros2_ws/install/realsense2_camera/share/ament_index/resource_index/package_run_dependencies/realsense2_camera
[0.716s] -- Up-to-date symlink: /home/rosdev/ros2_ws/install/realsense2_camera/share/ament_index/resource_index/parent_prefix_path/realsense2_camera
[0.716s] -- Up-to-date symlink: /home/rosdev/ros2_ws/install/realsense2_camera/share/realsense2_camera/environment/ament_prefix_path.sh
[0.717s] -- Up-to-date symlink: /home/rosdev/ros2_ws/install/realsense2_camera/share/realsense2_camera/environment/ament_prefix_path.dsv
[0.717s] -- Up-to-date symlink: /home/rosdev/ros2_ws/install/realsense2_camera/share/realsense2_camera/environment/path.sh
[0.717s] -- Up-to-date symlink: /home/rosdev/ros2_ws/install/realsense2_camera/share/realsense2_camera/environment/path.dsv
[0.718s] -- Up-to-date symlink: /home/rosdev/ros2_ws/install/realsense2_camera/share/realsense2_camera/local_setup.bash
[0.718s] -- Up-to-date symlink: /home/rosdev/ros2_ws/install/realsense2_camera/share/realsense2_camera/local_setup.sh
[0.718s] -- Up-to-date symlink: /home/rosdev/ros2_ws/install/realsense2_camera/share/realsense2_camera/local_setup.zsh
[0.719s] -- Up-to-date symlink: /home/rosdev/ros2_ws/install/realsense2_camera/share/realsense2_camera/local_setup.dsv
[0.719s] -- Symlinking: /home/rosdev/ros2_ws/install/realsense2_camera/share/realsense2_camera/package.dsv
[0.758s] -- Up-to-date symlink: /home/rosdev/ros2_ws/install/realsense2_camera/share/ament_index/resource_index/packages/realsense2_camera
[0.759s] -- Up-to-date symlink: /home/rosdev/ros2_ws/install/realsense2_camera/share/ament_index/resource_index/rclcpp_components/realsense2_camera
[0.759s] -- Up-to-date symlink: /home/rosdev/ros2_ws/install/realsense2_camera/share/realsense2_camera/cmake/ament_cmake_export_include_directories-extras.cmake
[0.759s] -- Up-to-date symlink: /home/rosdev/ros2_ws/install/realsense2_camera/share/realsense2_camera/cmake/ament_cmake_export_libraries-extras.cmake
[0.760s] -- Up-to-date symlink: /home/rosdev/ros2_ws/install/realsense2_camera/share/realsense2_camera/cmake/ament_cmake_export_dependencies-extras.cmake
[0.760s] -- Up-to-date symlink: /home/rosdev/ros2_ws/install/realsense2_camera/share/realsense2_camera/cmake/realsense2_cameraConfig.cmake
[0.760s] -- Up-to-date symlink: /home/rosdev/ros2_ws/install/realsense2_camera/share/realsense2_camera/cmake/realsense2_cameraConfig-version.cmake
[0.760s] -- Up-to-date symlink: /home/rosdev/ros2_ws/install/realsense2_camera/share/realsense2_camera/package.xml
[0.770s] Invoked command in '/home/rosdev/ros2_ws/build/realsense2_camera' returned '0': CMAKE_PREFIX_PATH=/home/rosdev/ros2_ws/install/realsense2_camera_msgs:/home/rosdev/ros2_ws/install/yolo_bringup:/home/rosdev/ros2_ws/install/yolo_msgs:/home/rosdev/ros2_ws/install/realsense2_description:/home/rosdev/ros2_ws/install/realsense2_camera:/home/rosdev/ros2_ws/install/aruco_pose_estimation:/home/rosdev/ros2_ws/install/aruco_interfaces:/home/rosdev/ros2_ws/install/yolo_ros:/opt/ros/humble LD_LIBRARY_PATH=/home/rosdev/ros2_ws/install/realsense2_camera_msgs/lib:/home/rosdev/ros2_ws/install/yolo_msgs/lib:/home/rosdev/ros2_ws/install/realsense2_camera/lib:/home/rosdev/ros2_ws/install/aruco_interfaces/lib:/opt/ros/humble/opt/rviz_ogre_vendor/lib:/opt/ros/humble/lib/aarch64-linux-gnu:/opt/ros/humble/lib /usr/bin/cmake --install /home/rosdev/ros2_ws/build/realsense2_camera
