[1.464s] Invoking command in '/home/rosdev/ros2_ws/build/examples_tf2_py': AMENT_PREFIX_PATH=/home/rosdev/ros2_ws/install/tf2_ros_py:/home/rosdev/ros2_ws/install/tf2_py:/home/rosdev/ros2_ws/install/tf2_msgs:/home/rosdev/ros2_ws/install/tf2:${AMENT_PREFIX_PATH} CMAKE_PREFIX_PATH=/home/rosdev/ros2_ws/install/tf2_py:/home/rosdev/ros2_ws/install/tf2_msgs:/home/rosdev/ros2_ws/install/tf2 LD_LIBRARY_PATH=/home/rosdev/ros2_ws/install/tf2_msgs/lib:/home/rosdev/ros2_ws/install/tf2/lib:${LD_LIBRARY_PATH} PYTHONPATH=/home/rosdev/ros2_ws/build/examples_tf2_py/prefix_override:/usr/lib/python3/dist-packages/colcon_core/task/python/colcon_distutils_commands:/home/rosdev/ros2_ws/install/examples_tf2_py/lib/python3.10/site-packages:/home/rosdev/ros2_ws/build/tf2_ros_py:/home/rosdev/ros2_ws/install/tf2_ros_py/lib/python3.10/site-packages:/home/rosdev/ros2_ws/install/tf2_py/local/lib/python3.10/dist-packages:/home/rosdev/ros2_ws/install/tf2_msgs/local/lib/python3.10/dist-packages:${PYTHONPATH} /usr/bin/python3 -W ignore:setup.py install is deprecated -W ignore:easy_install command is deprecated setup.py develop --editable --build-directory /home/rosdev/ros2_ws/build/examples_tf2_py/build --no-deps symlink_data
[1.884s] running develop
[2.065s] running egg_info
[2.065s] creating examples_tf2_py.egg-info
[2.066s] writing examples_tf2_py.egg-info/PKG-INFO
[2.067s] writing dependency_links to examples_tf2_py.egg-info/dependency_links.txt
[2.067s] writing entry points to examples_tf2_py.egg-info/entry_points.txt
[2.067s] writing requirements to examples_tf2_py.egg-info/requires.txt
[2.067s] writing top-level names to examples_tf2_py.egg-info/top_level.txt
[2.067s] writing manifest file 'examples_tf2_py.egg-info/SOURCES.txt'
[2.071s] reading manifest file 'examples_tf2_py.egg-info/SOURCES.txt'
[2.072s] writing manifest file 'examples_tf2_py.egg-info/SOURCES.txt'
[2.076s] running build_ext
[2.076s] Creating /home/rosdev/ros2_ws/install/examples_tf2_py/lib/python3.10/site-packages/examples-tf2-py.egg-link (link to .)
[2.078s] Installing async_waits_for_transform script to /home/rosdev/ros2_ws/install/examples_tf2_py/lib/examples_tf2_py
[2.079s] Installing blocking_waits_for_transform script to /home/rosdev/ros2_ws/install/examples_tf2_py/lib/examples_tf2_py
[2.079s] Installing dynamic_broadcaster script to /home/rosdev/ros2_ws/install/examples_tf2_py/lib/examples_tf2_py
[2.079s] Installing frame_dumper script to /home/rosdev/ros2_ws/install/examples_tf2_py/lib/examples_tf2_py
[2.079s] Installing static_broadcaster script to /home/rosdev/ros2_ws/install/examples_tf2_py/lib/examples_tf2_py
[2.079s] Installing waits_for_transform script to /home/rosdev/ros2_ws/install/examples_tf2_py/lib/examples_tf2_py
[2.080s] 
[2.080s] Installed /home/rosdev/ros2_ws/build/examples_tf2_py
[2.080s] running symlink_data
[2.080s] creating /home/rosdev/ros2_ws/install/examples_tf2_py/share/ament_index
[2.080s] creating /home/rosdev/ros2_ws/install/examples_tf2_py/share/ament_index/resource_index
[2.080s] creating /home/rosdev/ros2_ws/install/examples_tf2_py/share/ament_index/resource_index/packages
[2.081s] symbolically linking /home/rosdev/ros2_ws/build/examples_tf2_py/resource/examples_tf2_py -> /home/rosdev/ros2_ws/install/examples_tf2_py/share/ament_index/resource_index/packages
[2.081s] symbolically linking /home/rosdev/ros2_ws/build/examples_tf2_py/package.xml -> /home/rosdev/ros2_ws/install/examples_tf2_py/share/examples_tf2_py
[2.081s] creating /home/rosdev/ros2_ws/install/examples_tf2_py/share/examples_tf2_py/launch
[2.081s] symbolically linking /home/rosdev/ros2_ws/build/examples_tf2_py/launch/broadcasters.launch.xml -> /home/rosdev/ros2_ws/install/examples_tf2_py/share/examples_tf2_py/launch
[2.178s] Invoked command in '/home/rosdev/ros2_ws/build/examples_tf2_py' returned '0': AMENT_PREFIX_PATH=/home/rosdev/ros2_ws/install/tf2_ros_py:/home/rosdev/ros2_ws/install/tf2_py:/home/rosdev/ros2_ws/install/tf2_msgs:/home/rosdev/ros2_ws/install/tf2:${AMENT_PREFIX_PATH} CMAKE_PREFIX_PATH=/home/rosdev/ros2_ws/install/tf2_py:/home/rosdev/ros2_ws/install/tf2_msgs:/home/rosdev/ros2_ws/install/tf2 LD_LIBRARY_PATH=/home/rosdev/ros2_ws/install/tf2_msgs/lib:/home/rosdev/ros2_ws/install/tf2/lib:${LD_LIBRARY_PATH} PYTHONPATH=/home/rosdev/ros2_ws/build/examples_tf2_py/prefix_override:/usr/lib/python3/dist-packages/colcon_core/task/python/colcon_distutils_commands:/home/rosdev/ros2_ws/install/examples_tf2_py/lib/python3.10/site-packages:/home/rosdev/ros2_ws/build/tf2_ros_py:/home/rosdev/ros2_ws/install/tf2_ros_py/lib/python3.10/site-packages:/home/rosdev/ros2_ws/install/tf2_py/local/lib/python3.10/dist-packages:/home/rosdev/ros2_ws/install/tf2_msgs/local/lib/python3.10/dist-packages:${PYTHONPATH} /usr/bin/python3 -W ignore:setup.py install is deprecated -W ignore:easy_install command is deprecated setup.py develop --editable --build-directory /home/rosdev/ros2_ws/build/examples_tf2_py/build --no-deps symlink_data
