[1.521s] Invoking command in '/home/rosdev/ros2_ws/src/geometry2/tf2_ros_py': AMENT_PREFIX_PATH=/home/rosdev/ros2_ws/install/tf2_py:/home/rosdev/ros2_ws/install/tf2_msgs:/home/rosdev/ros2_ws/install/tf2:${AMENT_PREFIX_PATH} CMAKE_PREFIX_PATH=/home/rosdev/ros2_ws/install/tf2_py:/home/rosdev/ros2_ws/install/tf2_msgs:/home/rosdev/ros2_ws/install/tf2 LD_LIBRARY_PATH=/home/rosdev/ros2_ws/install/tf2_msgs/lib:/home/rosdev/ros2_ws/install/tf2/lib:${LD_LIBRARY_PATH} PYTHONPATH=/home/rosdev/ros2_ws/build/tf2_ros_py/prefix_override:/usr/lib/python3/dist-packages/colcon_core/task/python/colcon_distutils_commands:/home/rosdev/ros2_ws/install/tf2_ros_py/lib/python3.10/site-packages:/home/rosdev/ros2_ws/install/tf2_py/local/lib/python3.10/dist-packages:/home/rosdev/ros2_ws/install/tf2_msgs/local/lib/python3.10/dist-packages:${PYTHONPATH} /usr/bin/python3 -W ignore:setup.py install is deprecated -W ignore:easy_install command is deprecated setup.py egg_info --egg-base ../../../build/tf2_ros_py build --build-base /home/rosdev/ros2_ws/build/tf2_ros_py/build install --record /home/rosdev/ros2_ws/build/tf2_ros_py/install.log --single-version-externally-managed install_data
[1.910s] running egg_info
[1.911s] creating ../../../build/tf2_ros_py/tf2_ros_py.egg-info
[1.914s] writing ../../../build/tf2_ros_py/tf2_ros_py.egg-info/PKG-INFO
[1.914s] writing dependency_links to ../../../build/tf2_ros_py/tf2_ros_py.egg-info/dependency_links.txt
[1.914s] writing requirements to ../../../build/tf2_ros_py/tf2_ros_py.egg-info/requires.txt
[1.914s] writing top-level names to ../../../build/tf2_ros_py/tf2_ros_py.egg-info/top_level.txt
[1.914s] writing manifest file '../../../build/tf2_ros_py/tf2_ros_py.egg-info/SOURCES.txt'
[1.918s] reading manifest file '../../../build/tf2_ros_py/tf2_ros_py.egg-info/SOURCES.txt'
[1.922s] writing manifest file '../../../build/tf2_ros_py/tf2_ros_py.egg-info/SOURCES.txt'
[1.925s] running build
[1.925s] running build_py
[1.925s] creating /home/rosdev/ros2_ws/build/tf2_ros_py/build
[1.925s] creating /home/rosdev/ros2_ws/build/tf2_ros_py/build/lib
[1.925s] creating /home/rosdev/ros2_ws/build/tf2_ros_py/build/lib/tf2_ros
[1.925s] copying tf2_ros/buffer_interface.py -> /home/rosdev/ros2_ws/build/tf2_ros_py/build/lib/tf2_ros
[1.925s] copying tf2_ros/buffer.py -> /home/rosdev/ros2_ws/build/tf2_ros_py/build/lib/tf2_ros
[1.925s] copying tf2_ros/buffer_client.py -> /home/rosdev/ros2_ws/build/tf2_ros_py/build/lib/tf2_ros
[1.925s] copying tf2_ros/__init__.py -> /home/rosdev/ros2_ws/build/tf2_ros_py/build/lib/tf2_ros
[1.926s] copying tf2_ros/transform_listener.py -> /home/rosdev/ros2_ws/build/tf2_ros_py/build/lib/tf2_ros
[1.926s] copying tf2_ros/static_transform_broadcaster.py -> /home/rosdev/ros2_ws/build/tf2_ros_py/build/lib/tf2_ros
[1.926s] copying tf2_ros/transform_broadcaster.py -> /home/rosdev/ros2_ws/build/tf2_ros_py/build/lib/tf2_ros
[1.926s] running install
[1.926s] running install_lib
[1.936s] creating /home/rosdev/ros2_ws/install/tf2_ros_py/lib/python3.10/site-packages/tf2_ros
[1.937s] copying /home/rosdev/ros2_ws/build/tf2_ros_py/build/lib/tf2_ros/buffer_interface.py -> /home/rosdev/ros2_ws/install/tf2_ros_py/lib/python3.10/site-packages/tf2_ros
[1.937s] copying /home/rosdev/ros2_ws/build/tf2_ros_py/build/lib/tf2_ros/buffer.py -> /home/rosdev/ros2_ws/install/tf2_ros_py/lib/python3.10/site-packages/tf2_ros
[1.937s] copying /home/rosdev/ros2_ws/build/tf2_ros_py/build/lib/tf2_ros/buffer_client.py -> /home/rosdev/ros2_ws/install/tf2_ros_py/lib/python3.10/site-packages/tf2_ros
[1.937s] copying /home/rosdev/ros2_ws/build/tf2_ros_py/build/lib/tf2_ros/__init__.py -> /home/rosdev/ros2_ws/install/tf2_ros_py/lib/python3.10/site-packages/tf2_ros
[1.937s] copying /home/rosdev/ros2_ws/build/tf2_ros_py/build/lib/tf2_ros/transform_listener.py -> /home/rosdev/ros2_ws/install/tf2_ros_py/lib/python3.10/site-packages/tf2_ros
[1.937s] copying /home/rosdev/ros2_ws/build/tf2_ros_py/build/lib/tf2_ros/static_transform_broadcaster.py -> /home/rosdev/ros2_ws/install/tf2_ros_py/lib/python3.10/site-packages/tf2_ros
[1.937s] copying /home/rosdev/ros2_ws/build/tf2_ros_py/build/lib/tf2_ros/transform_broadcaster.py -> /home/rosdev/ros2_ws/install/tf2_ros_py/lib/python3.10/site-packages/tf2_ros
[1.937s] byte-compiling /home/rosdev/ros2_ws/install/tf2_ros_py/lib/python3.10/site-packages/tf2_ros/buffer_interface.py to buffer_interface.cpython-310.pyc
[1.938s] byte-compiling /home/rosdev/ros2_ws/install/tf2_ros_py/lib/python3.10/site-packages/tf2_ros/buffer.py to buffer.cpython-310.pyc
[1.938s] byte-compiling /home/rosdev/ros2_ws/install/tf2_ros_py/lib/python3.10/site-packages/tf2_ros/buffer_client.py to buffer_client.cpython-310.pyc
[1.938s] byte-compiling /home/rosdev/ros2_ws/install/tf2_ros_py/lib/python3.10/site-packages/tf2_ros/__init__.py to __init__.cpython-310.pyc
[1.938s] byte-compiling /home/rosdev/ros2_ws/install/tf2_ros_py/lib/python3.10/site-packages/tf2_ros/transform_listener.py to transform_listener.cpython-310.pyc
[1.938s] byte-compiling /home/rosdev/ros2_ws/install/tf2_ros_py/lib/python3.10/site-packages/tf2_ros/static_transform_broadcaster.py to static_transform_broadcaster.cpython-310.pyc
[1.941s] byte-compiling /home/rosdev/ros2_ws/install/tf2_ros_py/lib/python3.10/site-packages/tf2_ros/transform_broadcaster.py to transform_broadcaster.cpython-310.pyc
[1.941s] running install_data
[1.941s] creating /home/rosdev/ros2_ws/install/tf2_ros_py/share/ament_index
[1.941s] creating /home/rosdev/ros2_ws/install/tf2_ros_py/share/ament_index/resource_index
[1.941s] creating /home/rosdev/ros2_ws/install/tf2_ros_py/share/ament_index/resource_index/packages
[1.942s] copying resource/tf2_ros_py -> /home/rosdev/ros2_ws/install/tf2_ros_py/share/ament_index/resource_index/packages
[1.942s] copying package.xml -> /home/rosdev/ros2_ws/install/tf2_ros_py/share/tf2_ros_py
[1.942s] running install_egg_info
[1.948s] Copying ../../../build/tf2_ros_py/tf2_ros_py.egg-info to /home/rosdev/ros2_ws/install/tf2_ros_py/lib/python3.10/site-packages/tf2_ros_py-0.25.7-py3.10.egg-info
[1.950s] running install_scripts
[1.990s] writing list of installed files to '/home/rosdev/ros2_ws/build/tf2_ros_py/install.log'
[2.089s] Invoked command in '/home/rosdev/ros2_ws/src/geometry2/tf2_ros_py' returned '0': AMENT_PREFIX_PATH=/home/rosdev/ros2_ws/install/tf2_py:/home/rosdev/ros2_ws/install/tf2_msgs:/home/rosdev/ros2_ws/install/tf2:${AMENT_PREFIX_PATH} CMAKE_PREFIX_PATH=/home/rosdev/ros2_ws/install/tf2_py:/home/rosdev/ros2_ws/install/tf2_msgs:/home/rosdev/ros2_ws/install/tf2 LD_LIBRARY_PATH=/home/rosdev/ros2_ws/install/tf2_msgs/lib:/home/rosdev/ros2_ws/install/tf2/lib:${LD_LIBRARY_PATH} PYTHONPATH=/home/rosdev/ros2_ws/build/tf2_ros_py/prefix_override:/usr/lib/python3/dist-packages/colcon_core/task/python/colcon_distutils_commands:/home/rosdev/ros2_ws/install/tf2_ros_py/lib/python3.10/site-packages:/home/rosdev/ros2_ws/install/tf2_py/local/lib/python3.10/dist-packages:/home/rosdev/ros2_ws/install/tf2_msgs/local/lib/python3.10/dist-packages:${PYTHONPATH} /usr/bin/python3 -W ignore:setup.py install is deprecated -W ignore:easy_install command is deprecated setup.py egg_info --egg-base ../../../build/tf2_ros_py build --build-base /home/rosdev/ros2_ws/build/tf2_ros_py/build install --record /home/rosdev/ros2_ws/build/tf2_ros_py/install.log --single-version-externally-managed install_data
