[0.043s] Invoking command in '/home/rosdev/ros2_ws/build/tf2_geometry_msgs': AMENT_PREFIX_PATH=/home/rosdev/ros2_ws/install/tf2_ros_py:/home/rosdev/ros2_ws/install/tf2_ros:/home/rosdev/ros2_ws/install/tf2_py:/home/rosdev/ros2_ws/install/tf2_msgs:/home/rosdev/ros2_ws/install/tf2:${AMENT_PREFIX_PATH} CMAKE_PREFIX_PATH=/home/rosdev/ros2_ws/install/tf2_ros:/home/rosdev/ros2_ws/install/tf2_py:/home/rosdev/ros2_ws/install/tf2_msgs:/home/rosdev/ros2_ws/install/tf2:/opt/ros/humble LD_LIBRARY_PATH=/home/rosdev/ros2_ws/install/tf2_ros/lib:/home/rosdev/ros2_ws/install/tf2_msgs/lib:/home/rosdev/ros2_ws/install/tf2/lib:${LD_LIBRARY_PATH} PYTHONPATH=/home/rosdev/ros2_ws/build/tf2_ros_py:/home/rosdev/ros2_ws/install/tf2_ros_py/lib/python3.10/site-packages:/home/rosdev/ros2_ws/install/tf2_py/local/lib/python3.10/dist-packages:/home/rosdev/ros2_ws/install/tf2_msgs/local/lib/python3.10/dist-packages:${PYTHONPATH} /usr/bin/cmake --build /home/rosdev/ros2_ws/build/tf2_geometry_msgs -- -j12 -l12
[0.140s] [ 33%] Built target gtest
[0.146s] [ 66%] Built target gtest_main
[0.155s] [ 66%] Built target ament_cmake_python_symlink_tf2_geometry_msgs
[0.202s] [100%] Built target test_tf2_geometry_msgs
[0.500s] running egg_info
[0.501s] writing tf2_geometry_msgs.egg-info/PKG-INFO
[0.502s] writing dependency_links to tf2_geometry_msgs.egg-info/dependency_links.txt
[0.502s] writing top-level names to tf2_geometry_msgs.egg-info/top_level.txt
[0.506s] reading manifest file 'tf2_geometry_msgs.egg-info/SOURCES.txt'
[0.507s] writing manifest file 'tf2_geometry_msgs.egg-info/SOURCES.txt'
[0.577s] [100%] Built target ament_cmake_python_build_tf2_geometry_msgs_egg
[0.837s] Invoked command in '/home/rosdev/ros2_ws/build/tf2_geometry_msgs' returned '0': AMENT_PREFIX_PATH=/home/rosdev/ros2_ws/install/tf2_ros_py:/home/rosdev/ros2_ws/install/tf2_ros:/home/rosdev/ros2_ws/install/tf2_py:/home/rosdev/ros2_ws/install/tf2_msgs:/home/rosdev/ros2_ws/install/tf2:${AMENT_PREFIX_PATH} CMAKE_PREFIX_PATH=/home/rosdev/ros2_ws/install/tf2_ros:/home/rosdev/ros2_ws/install/tf2_py:/home/rosdev/ros2_ws/install/tf2_msgs:/home/rosdev/ros2_ws/install/tf2:/opt/ros/humble LD_LIBRARY_PATH=/home/rosdev/ros2_ws/install/tf2_ros/lib:/home/rosdev/ros2_ws/install/tf2_msgs/lib:/home/rosdev/ros2_ws/install/tf2/lib:${LD_LIBRARY_PATH} PYTHONPATH=/home/rosdev/ros2_ws/build/tf2_ros_py:/home/rosdev/ros2_ws/install/tf2_ros_py/lib/python3.10/site-packages:/home/rosdev/ros2_ws/install/tf2_py/local/lib/python3.10/dist-packages:/home/rosdev/ros2_ws/install/tf2_msgs/local/lib/python3.10/dist-packages:${PYTHONPATH} /usr/bin/cmake --build /home/rosdev/ros2_ws/build/tf2_geometry_msgs -- -j12 -l12
[0.839s] Invoking command in '/home/rosdev/ros2_ws/build/tf2_geometry_msgs': AMENT_PREFIX_PATH=/home/rosdev/ros2_ws/install/tf2_ros_py:/home/rosdev/ros2_ws/install/tf2_ros:/home/rosdev/ros2_ws/install/tf2_py:/home/rosdev/ros2_ws/install/tf2_msgs:/home/rosdev/ros2_ws/install/tf2:${AMENT_PREFIX_PATH} CMAKE_PREFIX_PATH=/home/rosdev/ros2_ws/install/tf2_ros:/home/rosdev/ros2_ws/install/tf2_py:/home/rosdev/ros2_ws/install/tf2_msgs:/home/rosdev/ros2_ws/install/tf2:/opt/ros/humble LD_LIBRARY_PATH=/home/rosdev/ros2_ws/install/tf2_ros/lib:/home/rosdev/ros2_ws/install/tf2_msgs/lib:/home/rosdev/ros2_ws/install/tf2/lib:${LD_LIBRARY_PATH} PYTHONPATH=/home/rosdev/ros2_ws/build/tf2_ros_py:/home/rosdev/ros2_ws/install/tf2_ros_py/lib/python3.10/site-packages:/home/rosdev/ros2_ws/install/tf2_py/local/lib/python3.10/dist-packages:/home/rosdev/ros2_ws/install/tf2_msgs/local/lib/python3.10/dist-packages:${PYTHONPATH} /usr/bin/cmake --install /home/rosdev/ros2_ws/build/tf2_geometry_msgs
[0.857s] -- Install configuration: ""
[0.858s] -- Execute custom install script
[0.858s] -- Up-to-date symlink: /home/rosdev/ros2_ws/install/tf2_geometry_msgs/share/tf2_geometry_msgs/environment/pythonpath.sh
[0.859s] -- Up-to-date symlink: /home/rosdev/ros2_ws/install/tf2_geometry_msgs/share/tf2_geometry_msgs/environment/pythonpath.dsv
[0.860s] -- Up-to-date symlink: /home/rosdev/ros2_ws/install/tf2_geometry_msgs/local/lib/python3.10/dist-packages/tf2_geometry_msgs-0.25.7-py3.10.egg-info/PKG-INFO
[0.860s] -- Up-to-date symlink: /home/rosdev/ros2_ws/install/tf2_geometry_msgs/local/lib/python3.10/dist-packages/tf2_geometry_msgs-0.25.7-py3.10.egg-info/SOURCES.txt
[0.861s] -- Up-to-date symlink: /home/rosdev/ros2_ws/install/tf2_geometry_msgs/local/lib/python3.10/dist-packages/tf2_geometry_msgs-0.25.7-py3.10.egg-info/dependency_links.txt
[0.862s] -- Up-to-date symlink: /home/rosdev/ros2_ws/install/tf2_geometry_msgs/local/lib/python3.10/dist-packages/tf2_geometry_msgs-0.25.7-py3.10.egg-info/top_level.txt
[0.862s] -- Up-to-date symlink: /home/rosdev/ros2_ws/install/tf2_geometry_msgs/local/lib/python3.10/dist-packages/tf2_geometry_msgs/__init__.py
[0.863s] -- Up-to-date symlink: /home/rosdev/ros2_ws/install/tf2_geometry_msgs/local/lib/python3.10/dist-packages/tf2_geometry_msgs/tf2_geometry_msgs.py
[0.863s] -- Up-to-date symlink: /home/rosdev/ros2_ws/install/tf2_geometry_msgs/include/tf2_geometry_msgs/tf2_geometry_msgs/tf2_geometry_msgs.h
[0.864s] -- Up-to-date symlink: /home/rosdev/ros2_ws/install/tf2_geometry_msgs/include/tf2_geometry_msgs/tf2_geometry_msgs/tf2_geometry_msgs.hpp
[0.864s] -- Up-to-date symlink: /home/rosdev/ros2_ws/install/tf2_geometry_msgs/share/ament_index/resource_index/package_run_dependencies/tf2_geometry_msgs
[0.864s] -- Up-to-date symlink: /home/rosdev/ros2_ws/install/tf2_geometry_msgs/share/ament_index/resource_index/parent_prefix_path/tf2_geometry_msgs
[0.864s] -- Up-to-date symlink: /home/rosdev/ros2_ws/install/tf2_geometry_msgs/share/tf2_geometry_msgs/environment/ament_prefix_path.sh
[0.864s] -- Up-to-date symlink: /home/rosdev/ros2_ws/install/tf2_geometry_msgs/share/tf2_geometry_msgs/environment/ament_prefix_path.dsv
[0.864s] -- Up-to-date symlink: /home/rosdev/ros2_ws/install/tf2_geometry_msgs/share/tf2_geometry_msgs/environment/path.sh
[0.865s] -- Up-to-date symlink: /home/rosdev/ros2_ws/install/tf2_geometry_msgs/share/tf2_geometry_msgs/environment/path.dsv
[0.866s] -- Up-to-date symlink: /home/rosdev/ros2_ws/install/tf2_geometry_msgs/share/tf2_geometry_msgs/local_setup.bash
[0.866s] -- Up-to-date symlink: /home/rosdev/ros2_ws/install/tf2_geometry_msgs/share/tf2_geometry_msgs/local_setup.sh
[0.866s] -- Up-to-date symlink: /home/rosdev/ros2_ws/install/tf2_geometry_msgs/share/tf2_geometry_msgs/local_setup.zsh
[0.866s] -- Up-to-date symlink: /home/rosdev/ros2_ws/install/tf2_geometry_msgs/share/tf2_geometry_msgs/local_setup.dsv
[0.866s] -- Symlinking: /home/rosdev/ros2_ws/install/tf2_geometry_msgs/share/tf2_geometry_msgs/package.dsv
[0.878s] -- Up-to-date symlink: /home/rosdev/ros2_ws/install/tf2_geometry_msgs/share/ament_index/resource_index/packages/tf2_geometry_msgs
[0.878s] -- Up-to-date symlink: /home/rosdev/ros2_ws/install/tf2_geometry_msgs/share/tf2_geometry_msgs/cmake/ament_cmake_export_targets-extras.cmake
[0.878s] -- Up-to-date symlink: /home/rosdev/ros2_ws/install/tf2_geometry_msgs/share/tf2_geometry_msgs/cmake/ament_cmake_export_dependencies-extras.cmake
[0.878s] -- Up-to-date symlink: /home/rosdev/ros2_ws/install/tf2_geometry_msgs/share/tf2_geometry_msgs/cmake/tf2_geometry_msgsConfig.cmake
[0.879s] -- Up-to-date symlink: /home/rosdev/ros2_ws/install/tf2_geometry_msgs/share/tf2_geometry_msgs/cmake/tf2_geometry_msgsConfig-version.cmake
[0.879s] -- Up-to-date symlink: /home/rosdev/ros2_ws/install/tf2_geometry_msgs/share/tf2_geometry_msgs/package.xml
[0.941s] Listing '/home/rosdev/ros2_ws/install/tf2_geometry_msgs/local/lib/python3.10/dist-packages/tf2_geometry_msgs'...
[0.954s] -- Up-to-date: /home/rosdev/ros2_ws/install/tf2_geometry_msgs/share/tf2_geometry_msgs/cmake/export_tf2_geometry_msgsExport.cmake
[0.961s] Invoked command in '/home/rosdev/ros2_ws/build/tf2_geometry_msgs' returned '0': AMENT_PREFIX_PATH=/home/rosdev/ros2_ws/install/tf2_ros_py:/home/rosdev/ros2_ws/install/tf2_ros:/home/rosdev/ros2_ws/install/tf2_py:/home/rosdev/ros2_ws/install/tf2_msgs:/home/rosdev/ros2_ws/install/tf2:${AMENT_PREFIX_PATH} CMAKE_PREFIX_PATH=/home/rosdev/ros2_ws/install/tf2_ros:/home/rosdev/ros2_ws/install/tf2_py:/home/rosdev/ros2_ws/install/tf2_msgs:/home/rosdev/ros2_ws/install/tf2:/opt/ros/humble LD_LIBRARY_PATH=/home/rosdev/ros2_ws/install/tf2_ros/lib:/home/rosdev/ros2_ws/install/tf2_msgs/lib:/home/rosdev/ros2_ws/install/tf2/lib:${LD_LIBRARY_PATH} PYTHONPATH=/home/rosdev/ros2_ws/build/tf2_ros_py:/home/rosdev/ros2_ws/install/tf2_ros_py/lib/python3.10/site-packages:/home/rosdev/ros2_ws/install/tf2_py/local/lib/python3.10/dist-packages:/home/rosdev/ros2_ws/install/tf2_msgs/local/lib/python3.10/dist-packages:${PYTHONPATH} /usr/bin/cmake --install /home/rosdev/ros2_ws/build/tf2_geometry_msgs
