[0.438s] Invoking command in '/home/rosdev/ros2_ws/build/aruco_pose_estimation': CMAKE_PREFIX_PATH=/home/rosdev/ros2_ws/install/aruco_interfaces:/home/rosdev/ros2_ws/install/yolo_bringup:/home/rosdev/ros2_ws/install/yolo_msgs:/home/rosdev/ros2_ws/install/realsense2_description:/home/rosdev/ros2_ws/install/realsense2_camera:/home/rosdev/ros2_ws/install/realsense2_camera_msgs:/home/rosdev/ros2_ws/install/aruco_pose_estimation:/home/rosdev/ros2_ws/install/yolo_ros:/opt/ros/humble LD_LIBRARY_PATH=/home/rosdev/ros2_ws/install/aruco_interfaces/lib:/home/rosdev/ros2_ws/install/yolo_msgs/lib:/home/rosdev/ros2_ws/install/realsense2_camera/lib:/home/rosdev/ros2_ws/install/realsense2_camera_msgs/lib:/opt/ros/humble/opt/rviz_ogre_vendor/lib:/opt/ros/humble/lib/aarch64-linux-gnu:/opt/ros/humble/lib /usr/bin/cmake --build /home/rosdev/ros2_ws/build/aruco_pose_estimation -- -j12 -l12
[0.565s] Built target ament_cmake_python_copy_aruco_pose_estimation
[0.938s] running egg_info
[0.938s] writing aruco_pose_estimation.egg-info/PKG-INFO
[0.941s] writing dependency_links to aruco_pose_estimation.egg-info/dependency_links.txt
[0.942s] writing top-level names to aruco_pose_estimation.egg-info/top_level.txt
[0.948s] reading manifest file 'aruco_pose_estimation.egg-info/SOURCES.txt'
[0.950s] writing manifest file 'aruco_pose_estimation.egg-info/SOURCES.txt'
[1.036s] Built target ament_cmake_python_build_aruco_pose_estimation_egg
[1.063s] Invoked command in '/home/rosdev/ros2_ws/build/aruco_pose_estimation' returned '0': CMAKE_PREFIX_PATH=/home/rosdev/ros2_ws/install/aruco_interfaces:/home/rosdev/ros2_ws/install/yolo_bringup:/home/rosdev/ros2_ws/install/yolo_msgs:/home/rosdev/ros2_ws/install/realsense2_description:/home/rosdev/ros2_ws/install/realsense2_camera:/home/rosdev/ros2_ws/install/realsense2_camera_msgs:/home/rosdev/ros2_ws/install/aruco_pose_estimation:/home/rosdev/ros2_ws/install/yolo_ros:/opt/ros/humble LD_LIBRARY_PATH=/home/rosdev/ros2_ws/install/aruco_interfaces/lib:/home/rosdev/ros2_ws/install/yolo_msgs/lib:/home/rosdev/ros2_ws/install/realsense2_camera/lib:/home/rosdev/ros2_ws/install/realsense2_camera_msgs/lib:/opt/ros/humble/opt/rviz_ogre_vendor/lib:/opt/ros/humble/lib/aarch64-linux-gnu:/opt/ros/humble/lib /usr/bin/cmake --build /home/rosdev/ros2_ws/build/aruco_pose_estimation -- -j12 -l12
[1.078s] Invoking command in '/home/rosdev/ros2_ws/build/aruco_pose_estimation': CMAKE_PREFIX_PATH=/home/rosdev/ros2_ws/install/aruco_interfaces:/home/rosdev/ros2_ws/install/yolo_bringup:/home/rosdev/ros2_ws/install/yolo_msgs:/home/rosdev/ros2_ws/install/realsense2_description:/home/rosdev/ros2_ws/install/realsense2_camera:/home/rosdev/ros2_ws/install/realsense2_camera_msgs:/home/rosdev/ros2_ws/install/aruco_pose_estimation:/home/rosdev/ros2_ws/install/yolo_ros:/opt/ros/humble LD_LIBRARY_PATH=/home/rosdev/ros2_ws/install/aruco_interfaces/lib:/home/rosdev/ros2_ws/install/yolo_msgs/lib:/home/rosdev/ros2_ws/install/realsense2_camera/lib:/home/rosdev/ros2_ws/install/realsense2_camera_msgs/lib:/opt/ros/humble/opt/rviz_ogre_vendor/lib:/opt/ros/humble/lib/aarch64-linux-gnu:/opt/ros/humble/lib /usr/bin/cmake --install /home/rosdev/ros2_ws/build/aruco_pose_estimation
[1.088s] -- Install configuration: ""
[1.091s] -- Up-to-date: /home/rosdev/ros2_ws/install/aruco_pose_estimation/share/aruco_pose_estimation/environment/pythonpath.sh
[1.092s] -- Up-to-date: /home/rosdev/ros2_ws/install/aruco_pose_estimation/share/aruco_pose_estimation/environment/pythonpath.dsv
[1.092s] -- Up-to-date: /home/rosdev/ros2_ws/install/aruco_pose_estimation/local/lib/python3.10/dist-packages/aruco_pose_estimation-2.0.0-py3.10.egg-info
[1.092s] -- Installing: /home/rosdev/ros2_ws/install/aruco_pose_estimation/local/lib/python3.10/dist-packages/aruco_pose_estimation-2.0.0-py3.10.egg-info/dependency_links.txt
[1.092s] -- Installing: /home/rosdev/ros2_ws/install/aruco_pose_estimation/local/lib/python3.10/dist-packages/aruco_pose_estimation-2.0.0-py3.10.egg-info/PKG-INFO
[1.092s] -- Installing: /home/rosdev/ros2_ws/install/aruco_pose_estimation/local/lib/python3.10/dist-packages/aruco_pose_estimation-2.0.0-py3.10.egg-info/SOURCES.txt
[1.092s] -- Installing: /home/rosdev/ros2_ws/install/aruco_pose_estimation/local/lib/python3.10/dist-packages/aruco_pose_estimation-2.0.0-py3.10.egg-info/top_level.txt
[1.092s] -- Up-to-date: /home/rosdev/ros2_ws/install/aruco_pose_estimation/local/lib/python3.10/dist-packages/aruco_pose_estimation
[1.092s] -- Up-to-date: /home/rosdev/ros2_ws/install/aruco_pose_estimation/local/lib/python3.10/dist-packages/aruco_pose_estimation/utils.py
[1.092s] -- Up-to-date: /home/rosdev/ros2_ws/install/aruco_pose_estimation/local/lib/python3.10/dist-packages/aruco_pose_estimation/pose_estimation.py
[1.093s] -- Up-to-date: /home/rosdev/ros2_ws/install/aruco_pose_estimation/local/lib/python3.10/dist-packages/aruco_pose_estimation/__init__.py
[1.143s] Listing '/home/rosdev/ros2_ws/install/aruco_pose_estimation/local/lib/python3.10/dist-packages/aruco_pose_estimation'...
[1.153s] -- Up-to-date: /home/rosdev/ros2_ws/install/aruco_pose_estimation/lib/aruco_pose_estimation/aruco_node.py
[1.154s] -- Up-to-date: /home/rosdev/ros2_ws/install/aruco_pose_estimation/share/aruco_pose_estimation/launch
[1.154s] -- Up-to-date: /home/rosdev/ros2_ws/install/aruco_pose_estimation/share/aruco_pose_estimation/launch/aruco_pose_estimation.launch.py
[1.155s] -- Up-to-date: /home/rosdev/ros2_ws/install/aruco_pose_estimation/share/aruco_pose_estimation/rviz
[1.155s] -- Up-to-date: /home/rosdev/ros2_ws/install/aruco_pose_estimation/share/aruco_pose_estimation/rviz/cam_detect.rviz
[1.155s] -- Up-to-date: /home/rosdev/ros2_ws/install/aruco_pose_estimation/share/aruco_pose_estimation/config
[1.156s] -- Up-to-date: /home/rosdev/ros2_ws/install/aruco_pose_estimation/share/aruco_pose_estimation/config/calibration_realsense.yaml
[1.156s] -- Up-to-date: /home/rosdev/ros2_ws/install/aruco_pose_estimation/share/aruco_pose_estimation/config/aruco_parameters.yaml
[1.156s] -- Up-to-date: /home/rosdev/ros2_ws/install/aruco_pose_estimation/share/ament_index/resource_index/package_run_dependencies/aruco_pose_estimation
[1.156s] -- Up-to-date: /home/rosdev/ros2_ws/install/aruco_pose_estimation/share/ament_index/resource_index/parent_prefix_path/aruco_pose_estimation
[1.156s] -- Up-to-date: /home/rosdev/ros2_ws/install/aruco_pose_estimation/share/aruco_pose_estimation/environment/ament_prefix_path.sh
[1.156s] -- Up-to-date: /home/rosdev/ros2_ws/install/aruco_pose_estimation/share/aruco_pose_estimation/environment/ament_prefix_path.dsv
[1.156s] -- Up-to-date: /home/rosdev/ros2_ws/install/aruco_pose_estimation/share/aruco_pose_estimation/environment/path.sh
[1.156s] -- Up-to-date: /home/rosdev/ros2_ws/install/aruco_pose_estimation/share/aruco_pose_estimation/environment/path.dsv
[1.158s] -- Up-to-date: /home/rosdev/ros2_ws/install/aruco_pose_estimation/share/aruco_pose_estimation/local_setup.bash
[1.158s] -- Up-to-date: /home/rosdev/ros2_ws/install/aruco_pose_estimation/share/aruco_pose_estimation/local_setup.sh
[1.159s] -- Up-to-date: /home/rosdev/ros2_ws/install/aruco_pose_estimation/share/aruco_pose_estimation/local_setup.zsh
[1.159s] -- Up-to-date: /home/rosdev/ros2_ws/install/aruco_pose_estimation/share/aruco_pose_estimation/local_setup.dsv
[1.159s] -- Installing: /home/rosdev/ros2_ws/install/aruco_pose_estimation/share/aruco_pose_estimation/package.dsv
[1.160s] -- Up-to-date: /home/rosdev/ros2_ws/install/aruco_pose_estimation/share/ament_index/resource_index/packages/aruco_pose_estimation
[1.160s] -- Up-to-date: /home/rosdev/ros2_ws/install/aruco_pose_estimation/share/aruco_pose_estimation/cmake/aruco_pose_estimationConfig.cmake
[1.161s] -- Up-to-date: /home/rosdev/ros2_ws/install/aruco_pose_estimation/share/aruco_pose_estimation/cmake/aruco_pose_estimationConfig-version.cmake
[1.161s] -- Up-to-date: /home/rosdev/ros2_ws/install/aruco_pose_estimation/share/aruco_pose_estimation/package.xml
[1.179s] Invoked command in '/home/rosdev/ros2_ws/build/aruco_pose_estimation' returned '0': CMAKE_PREFIX_PATH=/home/rosdev/ros2_ws/install/aruco_interfaces:/home/rosdev/ros2_ws/install/yolo_bringup:/home/rosdev/ros2_ws/install/yolo_msgs:/home/rosdev/ros2_ws/install/realsense2_description:/home/rosdev/ros2_ws/install/realsense2_camera:/home/rosdev/ros2_ws/install/realsense2_camera_msgs:/home/rosdev/ros2_ws/install/aruco_pose_estimation:/home/rosdev/ros2_ws/install/yolo_ros:/opt/ros/humble LD_LIBRARY_PATH=/home/rosdev/ros2_ws/install/aruco_interfaces/lib:/home/rosdev/ros2_ws/install/yolo_msgs/lib:/home/rosdev/ros2_ws/install/realsense2_camera/lib:/home/rosdev/ros2_ws/install/realsense2_camera_msgs/lib:/opt/ros/humble/opt/rviz_ogre_vendor/lib:/opt/ros/humble/lib/aarch64-linux-gnu:/opt/ros/humble/lib /usr/bin/cmake --install /home/rosdev/ros2_ws/build/aruco_pose_estimation
