[0.089s] Invoking command in '/home/rosdev/ros2_ws/build/tf2_bullet': AMENT_PREFIX_PATH=/home/rosdev/ros2_ws/install/tf2_ros:/home/rosdev/ros2_ws/install/tf2_msgs:/home/rosdev/ros2_ws/install/tf2:${AMENT_PREFIX_PATH} CMAKE_PREFIX_PATH=/home/rosdev/ros2_ws/install/tf2_ros:/home/rosdev/ros2_ws/install/tf2_msgs:/home/rosdev/ros2_ws/install/tf2:/opt/ros/humble LD_LIBRARY_PATH=/home/rosdev/ros2_ws/install/tf2_ros/lib:/home/rosdev/ros2_ws/install/tf2_msgs/lib:/home/rosdev/ros2_ws/install/tf2/lib:${LD_LIBRARY_PATH} PYTHONPATH=/home/rosdev/ros2_ws/install/tf2_msgs/local/lib/python3.10/dist-packages:${PYTHONPATH} /usr/bin/cmake /home/rosdev/ros2_ws/src/geometry2/tf2_bullet -DCMAKE_INSTALL_PREFIX=/home/rosdev/ros2_ws/install/tf2_bullet
[0.179s] -- Found ament_cmake: 1.3.11 (/opt/ros/humble/share/ament_cmake/cmake)
[0.394s] -- Override CMake install command with custom implementation using symlinks instead of copying resources
[0.406s] -- Found geometry_msgs: 4.8.0 (/opt/ros/humble/share/geometry_msgs/cmake)
[0.453s] -- Found rosidl_generator_c: 3.1.6 (/opt/ros/humble/share/rosidl_generator_c/cmake)
[0.453s] -- Found rosidl_adapter: 3.1.6 (/opt/ros/humble/share/rosidl_adapter/cmake)
[0.465s] -- Found rosidl_generator_cpp: 3.1.6 (/opt/ros/humble/share/rosidl_generator_cpp/cmake)
[0.476s] -- Using all available rosidl_typesupport_c: rosidl_typesupport_fastrtps_c;rosidl_typesupport_introspection_c
[0.497s] -- Using all available rosidl_typesupport_cpp: rosidl_typesupport_fastrtps_cpp;rosidl_typesupport_introspection_cpp
[0.556s] -- Found tf2: 0.25.7 (/home/rosdev/ros2_ws/install/tf2/share/tf2/cmake)
[0.563s] -- Found tf2_ros: 0.25.7 (/home/rosdev/ros2_ws/install/tf2_ros/share/tf2_ros/cmake)
[0.645s] -- Found rmw_implementation_cmake: 6.1.2 (/opt/ros/humble/share/rmw_implementation_cmake/cmake)
[0.648s] -- Found rmw_fastrtps_cpp: 6.2.7 (/opt/ros/humble/share/rmw_fastrtps_cpp/cmake)
[0.881s] -- Using RMW implementation 'rmw_fastrtps_cpp' as default
[1.041s] -- Found ament_lint_auto: 0.12.12 (/opt/ros/humble/share/ament_lint_auto/cmake)
[1.041s] -- Found ament_cmake_cppcheck: 0.12.12 (/opt/ros/humble/share/ament_cmake_cppcheck/cmake)
[1.178s] -- Found gtest sources under '/opt/ros/humble/src/gtest_vendor': C++ tests using 'Google Test' will be built
[1.191s] -- Added test 'copyright' to check source files copyright and LICENSE
[1.192s] -- Added test 'cpplint' to check C / C++ code against the Google style
[1.192s] -- Configured cpplint exclude dirs and/or files: 
[1.193s] -- Added test 'lint_cmake' to check CMake code style
[1.195s] -- Added test 'uncrustify' to check C / C++ code style
[1.196s] -- Configured uncrustify additional arguments: 
[1.196s] -- Added test 'xmllint' to check XML markup files
[1.200s] -- Configuring done
[1.231s] -- Generating done
[1.240s] -- Build files have been written to: /home/rosdev/ros2_ws/build/tf2_bullet
[1.299s] Invoked command in '/home/rosdev/ros2_ws/build/tf2_bullet' returned '0': AMENT_PREFIX_PATH=/home/rosdev/ros2_ws/install/tf2_ros:/home/rosdev/ros2_ws/install/tf2_msgs:/home/rosdev/ros2_ws/install/tf2:${AMENT_PREFIX_PATH} CMAKE_PREFIX_PATH=/home/rosdev/ros2_ws/install/tf2_ros:/home/rosdev/ros2_ws/install/tf2_msgs:/home/rosdev/ros2_ws/install/tf2:/opt/ros/humble LD_LIBRARY_PATH=/home/rosdev/ros2_ws/install/tf2_ros/lib:/home/rosdev/ros2_ws/install/tf2_msgs/lib:/home/rosdev/ros2_ws/install/tf2/lib:${LD_LIBRARY_PATH} PYTHONPATH=/home/rosdev/ros2_ws/install/tf2_msgs/local/lib/python3.10/dist-packages:${PYTHONPATH} /usr/bin/cmake /home/rosdev/ros2_ws/src/geometry2/tf2_bullet -DCMAKE_INSTALL_PREFIX=/home/rosdev/ros2_ws/install/tf2_bullet
[1.303s] Invoking command in '/home/rosdev/ros2_ws/build/tf2_bullet': AMENT_PREFIX_PATH=/home/rosdev/ros2_ws/install/tf2_ros:/home/rosdev/ros2_ws/install/tf2_msgs:/home/rosdev/ros2_ws/install/tf2:${AMENT_PREFIX_PATH} CMAKE_PREFIX_PATH=/home/rosdev/ros2_ws/install/tf2_ros:/home/rosdev/ros2_ws/install/tf2_msgs:/home/rosdev/ros2_ws/install/tf2:/opt/ros/humble LD_LIBRARY_PATH=/home/rosdev/ros2_ws/install/tf2_ros/lib:/home/rosdev/ros2_ws/install/tf2_msgs/lib:/home/rosdev/ros2_ws/install/tf2/lib:${LD_LIBRARY_PATH} PYTHONPATH=/home/rosdev/ros2_ws/install/tf2_msgs/local/lib/python3.10/dist-packages:${PYTHONPATH} /usr/bin/cmake --build /home/rosdev/ros2_ws/build/tf2_bullet -- -j12 -l12
[1.523s] [35m[1mConsolidate compiler generated dependencies of target gtest_main[0m
[1.532s] [35m[1mConsolidate compiler generated dependencies of target gtest[0m
[1.592s] [ 33%] Built target gtest_main
[1.620s] [ 66%] Built target gtest
[1.686s] [35m[1mConsolidate compiler generated dependencies of target test_bullet[0m
[1.764s] [100%] Built target test_bullet
[1.813s] Invoked command in '/home/rosdev/ros2_ws/build/tf2_bullet' returned '0': AMENT_PREFIX_PATH=/home/rosdev/ros2_ws/install/tf2_ros:/home/rosdev/ros2_ws/install/tf2_msgs:/home/rosdev/ros2_ws/install/tf2:${AMENT_PREFIX_PATH} CMAKE_PREFIX_PATH=/home/rosdev/ros2_ws/install/tf2_ros:/home/rosdev/ros2_ws/install/tf2_msgs:/home/rosdev/ros2_ws/install/tf2:/opt/ros/humble LD_LIBRARY_PATH=/home/rosdev/ros2_ws/install/tf2_ros/lib:/home/rosdev/ros2_ws/install/tf2_msgs/lib:/home/rosdev/ros2_ws/install/tf2/lib:${LD_LIBRARY_PATH} PYTHONPATH=/home/rosdev/ros2_ws/install/tf2_msgs/local/lib/python3.10/dist-packages:${PYTHONPATH} /usr/bin/cmake --build /home/rosdev/ros2_ws/build/tf2_bullet -- -j12 -l12
[1.814s] Invoking command in '/home/rosdev/ros2_ws/build/tf2_bullet': AMENT_PREFIX_PATH=/home/rosdev/ros2_ws/install/tf2_ros:/home/rosdev/ros2_ws/install/tf2_msgs:/home/rosdev/ros2_ws/install/tf2:${AMENT_PREFIX_PATH} CMAKE_PREFIX_PATH=/home/rosdev/ros2_ws/install/tf2_ros:/home/rosdev/ros2_ws/install/tf2_msgs:/home/rosdev/ros2_ws/install/tf2:/opt/ros/humble LD_LIBRARY_PATH=/home/rosdev/ros2_ws/install/tf2_ros/lib:/home/rosdev/ros2_ws/install/tf2_msgs/lib:/home/rosdev/ros2_ws/install/tf2/lib:${LD_LIBRARY_PATH} PYTHONPATH=/home/rosdev/ros2_ws/install/tf2_msgs/local/lib/python3.10/dist-packages:${PYTHONPATH} /usr/bin/cmake --install /home/rosdev/ros2_ws/build/tf2_bullet
[1.830s] -- Install configuration: ""
[1.831s] -- Execute custom install script
[1.833s] -- Up-to-date symlink: /home/rosdev/ros2_ws/install/tf2_bullet/include/tf2_bullet/tf2_bullet/tf2_bullet.h
[1.833s] -- Up-to-date symlink: /home/rosdev/ros2_ws/install/tf2_bullet/include/tf2_bullet/tf2_bullet/tf2_bullet.hpp
[1.834s] -- Up-to-date symlink: /home/rosdev/ros2_ws/install/tf2_bullet/share/ament_index/resource_index/package_run_dependencies/tf2_bullet
[1.835s] -- Up-to-date symlink: /home/rosdev/ros2_ws/install/tf2_bullet/share/ament_index/resource_index/parent_prefix_path/tf2_bullet
[1.836s] -- Up-to-date symlink: /home/rosdev/ros2_ws/install/tf2_bullet/share/tf2_bullet/environment/ament_prefix_path.sh
[1.836s] -- Up-to-date symlink: /home/rosdev/ros2_ws/install/tf2_bullet/share/tf2_bullet/environment/ament_prefix_path.dsv
[1.836s] -- Up-to-date symlink: /home/rosdev/ros2_ws/install/tf2_bullet/share/tf2_bullet/environment/path.sh
[1.836s] -- Up-to-date symlink: /home/rosdev/ros2_ws/install/tf2_bullet/share/tf2_bullet/environment/path.dsv
[1.837s] -- Up-to-date symlink: /home/rosdev/ros2_ws/install/tf2_bullet/share/tf2_bullet/local_setup.bash
[1.837s] -- Up-to-date symlink: /home/rosdev/ros2_ws/install/tf2_bullet/share/tf2_bullet/local_setup.sh
[1.837s] -- Up-to-date symlink: /home/rosdev/ros2_ws/install/tf2_bullet/share/tf2_bullet/local_setup.zsh
[1.837s] -- Up-to-date symlink: /home/rosdev/ros2_ws/install/tf2_bullet/share/tf2_bullet/local_setup.dsv
[1.837s] -- Symlinking: /home/rosdev/ros2_ws/install/tf2_bullet/share/tf2_bullet/package.dsv
[1.862s] -- Up-to-date symlink: /home/rosdev/ros2_ws/install/tf2_bullet/share/ament_index/resource_index/packages/tf2_bullet
[1.862s] -- Up-to-date symlink: /home/rosdev/ros2_ws/install/tf2_bullet/share/tf2_bullet/cmake/bullet-extras.cmake
[1.862s] -- Up-to-date symlink: /home/rosdev/ros2_ws/install/tf2_bullet/share/tf2_bullet/cmake/ament_cmake_export_targets-extras.cmake
[1.862s] -- Up-to-date symlink: /home/rosdev/ros2_ws/install/tf2_bullet/share/tf2_bullet/cmake/tf2_bulletConfig.cmake
[1.862s] -- Up-to-date symlink: /home/rosdev/ros2_ws/install/tf2_bullet/share/tf2_bullet/cmake/tf2_bulletConfig-version.cmake
[1.863s] -- Up-to-date symlink: /home/rosdev/ros2_ws/install/tf2_bullet/share/tf2_bullet/package.xml
[1.864s] -- Up-to-date: /home/rosdev/ros2_ws/install/tf2_bullet/share/tf2_bullet/cmake/export_tf2_bulletExport.cmake
[1.895s] Invoked command in '/home/rosdev/ros2_ws/build/tf2_bullet' returned '0': AMENT_PREFIX_PATH=/home/rosdev/ros2_ws/install/tf2_ros:/home/rosdev/ros2_ws/install/tf2_msgs:/home/rosdev/ros2_ws/install/tf2:${AMENT_PREFIX_PATH} CMAKE_PREFIX_PATH=/home/rosdev/ros2_ws/install/tf2_ros:/home/rosdev/ros2_ws/install/tf2_msgs:/home/rosdev/ros2_ws/install/tf2:/opt/ros/humble LD_LIBRARY_PATH=/home/rosdev/ros2_ws/install/tf2_ros/lib:/home/rosdev/ros2_ws/install/tf2_msgs/lib:/home/rosdev/ros2_ws/install/tf2/lib:${LD_LIBRARY_PATH} PYTHONPATH=/home/rosdev/ros2_ws/install/tf2_msgs/local/lib/python3.10/dist-packages:${PYTHONPATH} /usr/bin/cmake --install /home/rosdev/ros2_ws/build/tf2_bullet
