[0.029s] Invoking command in '/home/rosdev/ros2_ws/build/realsense2_camera_msgs': CMAKE_PREFIX_PATH=${CMAKE_PREFIX_PATH}:/home/rosdev/ros2_ws/install/yolo_ros:/opt/ros/humble /usr/bin/cmake --build /home/rosdev/ros2_ws/build/realsense2_camera_msgs -- -j12 -l12
[0.128s] [  1%] Built target realsense2_camera_msgs__cpp
[0.137s] [ 12%] Built target realsense2_camera_msgs__rosidl_generator_c
[0.140s] [ 12%] Built target ament_cmake_python_symlink_realsense2_camera_msgs
[0.172s] [ 23%] Built target realsense2_camera_msgs__rosidl_typesupport_introspection_cpp
[0.176s] [ 34%] Built target realsense2_camera_msgs__rosidl_typesupport_fastrtps_cpp
[0.177s] [ 45%] Built target realsense2_camera_msgs__rosidl_typesupport_cpp
[0.189s] [ 67%] Built target realsense2_camera_msgs__rosidl_typesupport_c
[0.189s] [ 67%] Built target realsense2_camera_msgs__rosidl_typesupport_introspection_c
[0.193s] [ 78%] Built target realsense2_camera_msgs__rosidl_typesupport_fastrtps_c
[0.236s] [ 78%] Built target realsense2_camera_msgs
[0.269s] [ 80%] Built target realsense2_camera_msgs__py
[0.313s] [ 89%] Built target realsense2_camera_msgs__rosidl_generator_py
[0.356s] [ 92%] Built target realsense2_camera_msgs__rosidl_typesupport_introspection_c__pyext
[0.358s] [ 96%] Built target realsense2_camera_msgs__rosidl_typesupport_c__pyext
[0.371s] [100%] Built target realsense2_camera_msgs__rosidl_typesupport_fastrtps_c__pyext
[0.495s] running egg_info
[0.496s] writing realsense2_camera_msgs.egg-info/PKG-INFO
[0.497s] writing dependency_links to realsense2_camera_msgs.egg-info/dependency_links.txt
[0.497s] writing top-level names to realsense2_camera_msgs.egg-info/top_level.txt
[0.505s] reading manifest file 'realsense2_camera_msgs.egg-info/SOURCES.txt'
[0.506s] writing manifest file 'realsense2_camera_msgs.egg-info/SOURCES.txt'
[0.580s] [100%] Built target ament_cmake_python_build_realsense2_camera_msgs_egg
