[0.042s] Invoking command in '/home/rosdev/ros2_ws/build/cv_bridge': CMAKE_PREFIX_PATH=/opt/ros/humble /usr/bin/cmake --build /home/rosdev/ros2_ws/build/cv_bridge -- -j12 -l12
[0.133s] [35m[1mConsolidate compiler generated dependencies of target cv_bridge[0m
[0.142s] [35m[1mConsolidate compiler generated dependencies of target gtest[0m
[0.156s] [35m[1mConsolidate compiler generated dependencies of target gtest_main[0m
[0.205s] [  0%] Built target ament_cmake_python_copy_cv_bridge
[0.207s] [ 12%] Built target gtest_main
[0.214s] [ 31%] Built target cv_bridge
[0.218s] [ 43%] Built target gtest
[0.259s] [35m[1mConsolidate compiler generated dependencies of target cv_bridge_boost[0m
[0.304s] [35m[1mConsolidate compiler generated dependencies of target cv_bridge-utest[0m
[0.376s] [ 62%] Built target cv_bridge_boost
[0.381s] [100%] Built target cv_bridge-utest
[0.623s] running egg_info
[0.625s] writing cv_bridge.egg-info/PKG-INFO
[0.627s] writing dependency_links to cv_bridge.egg-info/dependency_links.txt
[0.627s] writing top-level names to cv_bridge.egg-info/top_level.txt
[0.632s] reading manifest file 'cv_bridge.egg-info/SOURCES.txt'
[0.634s] writing manifest file 'cv_bridge.egg-info/SOURCES.txt'
[0.750s] [100%] Built target ament_cmake_python_build_cv_bridge_egg
[0.794s] Invoked command in '/home/rosdev/ros2_ws/build/cv_bridge' returned '0': CMAKE_PREFIX_PATH=/opt/ros/humble /usr/bin/cmake --build /home/rosdev/ros2_ws/build/cv_bridge -- -j12 -l12
[0.795s] Invoking command in '/home/rosdev/ros2_ws/build/cv_bridge': CMAKE_PREFIX_PATH=/opt/ros/humble /usr/bin/cmake --install /home/rosdev/ros2_ws/build/cv_bridge
[0.804s] -- Install configuration: ""
[0.805s] -- Up-to-date: /home/rosdev/ros2_ws/install/cv_bridge/share/cv_bridge/environment/pythonpath.sh
[0.806s] -- Up-to-date: /home/rosdev/ros2_ws/install/cv_bridge/share/cv_bridge/environment/pythonpath.dsv
[0.806s] -- Up-to-date: /home/rosdev/ros2_ws/install/cv_bridge/local/lib/python3.10/dist-packages/cv_bridge-3.2.1-py3.10.egg-info
[0.806s] -- Installing: /home/rosdev/ros2_ws/install/cv_bridge/local/lib/python3.10/dist-packages/cv_bridge-3.2.1-py3.10.egg-info/dependency_links.txt
[0.807s] -- Installing: /home/rosdev/ros2_ws/install/cv_bridge/local/lib/python3.10/dist-packages/cv_bridge-3.2.1-py3.10.egg-info/PKG-INFO
[0.808s] -- Installing: /home/rosdev/ros2_ws/install/cv_bridge/local/lib/python3.10/dist-packages/cv_bridge-3.2.1-py3.10.egg-info/SOURCES.txt
[0.813s] -- Installing: /home/rosdev/ros2_ws/install/cv_bridge/local/lib/python3.10/dist-packages/cv_bridge-3.2.1-py3.10.egg-info/top_level.txt
[0.813s] -- Up-to-date: /home/rosdev/ros2_ws/install/cv_bridge/local/lib/python3.10/dist-packages/cv_bridge
[0.813s] -- Up-to-date: /home/rosdev/ros2_ws/install/cv_bridge/local/lib/python3.10/dist-packages/cv_bridge/core.py
[0.813s] -- Up-to-date: /home/rosdev/ros2_ws/install/cv_bridge/local/lib/python3.10/dist-packages/cv_bridge/__init__.py
[0.909s] Listing '/home/rosdev/ros2_ws/install/cv_bridge/local/lib/python3.10/dist-packages/cv_bridge'...
[0.909s] Listing '/home/rosdev/ros2_ws/install/cv_bridge/local/lib/python3.10/dist-packages/cv_bridge/boost'...
[0.909s] -- Up-to-date: /home/rosdev/ros2_ws/install/cv_bridge/lib/libcv_bridge.so
[0.910s] -- Up-to-date: /home/rosdev/ros2_ws/install/cv_bridge/include/cv_bridge/cv_bridge/cv_bridge_export.h
[0.910s] -- Up-to-date: /home/rosdev/ros2_ws/install/cv_bridge/local/lib/python3.10/dist-packages/cv_bridge/boost/cv_bridge_boost.so
[0.910s] -- Up-to-date: /home/rosdev/ros2_ws/install/cv_bridge/include/cv_bridge
[0.910s] -- Up-to-date: /home/rosdev/ros2_ws/install/cv_bridge/include/cv_bridge/cv_bridge
[0.910s] -- Up-to-date: /home/rosdev/ros2_ws/install/cv_bridge/include/cv_bridge/cv_bridge/rgb_colors.h
[0.910s] -- Up-to-date: /home/rosdev/ros2_ws/install/cv_bridge/include/cv_bridge/cv_bridge/cv_bridge.h
[0.910s] -- Up-to-date: /home/rosdev/ros2_ws/install/cv_bridge/lib/libcv_bridge.so
[0.910s] -- Up-to-date: /home/rosdev/ros2_ws/install/cv_bridge/share/ament_index/resource_index/package_run_dependencies/cv_bridge
[0.910s] -- Up-to-date: /home/rosdev/ros2_ws/install/cv_bridge/share/ament_index/resource_index/parent_prefix_path/cv_bridge
[0.910s] -- Up-to-date: /home/rosdev/ros2_ws/install/cv_bridge/share/cv_bridge/environment/ament_prefix_path.sh
[0.911s] -- Up-to-date: /home/rosdev/ros2_ws/install/cv_bridge/share/cv_bridge/environment/ament_prefix_path.dsv
[0.911s] -- Up-to-date: /home/rosdev/ros2_ws/install/cv_bridge/share/cv_bridge/environment/path.sh
[0.911s] -- Up-to-date: /home/rosdev/ros2_ws/install/cv_bridge/share/cv_bridge/environment/path.dsv
[0.911s] -- Up-to-date: /home/rosdev/ros2_ws/install/cv_bridge/share/cv_bridge/local_setup.bash
[0.911s] -- Up-to-date: /home/rosdev/ros2_ws/install/cv_bridge/share/cv_bridge/local_setup.sh
[0.911s] -- Up-to-date: /home/rosdev/ros2_ws/install/cv_bridge/share/cv_bridge/local_setup.zsh
[0.911s] -- Up-to-date: /home/rosdev/ros2_ws/install/cv_bridge/share/cv_bridge/local_setup.dsv
[0.911s] -- Installing: /home/rosdev/ros2_ws/install/cv_bridge/share/cv_bridge/package.dsv
[0.926s] -- Up-to-date: /home/rosdev/ros2_ws/install/cv_bridge/share/ament_index/resource_index/packages/cv_bridge
[0.939s] -- Up-to-date: /home/rosdev/ros2_ws/install/cv_bridge/share/cv_bridge/cmake/export_cv_bridgeExport.cmake
[0.939s] -- Up-to-date: /home/rosdev/ros2_ws/install/cv_bridge/share/cv_bridge/cmake/export_cv_bridgeExport-noconfig.cmake
[0.939s] -- Up-to-date: /home/rosdev/ros2_ws/install/cv_bridge/share/cv_bridge/cmake/cv_bridge-extras.cmake
[0.939s] -- Up-to-date: /home/rosdev/ros2_ws/install/cv_bridge/share/cv_bridge/cmake/ament_cmake_export_dependencies-extras.cmake
[0.939s] -- Up-to-date: /home/rosdev/ros2_ws/install/cv_bridge/share/cv_bridge/cmake/ament_cmake_export_targets-extras.cmake
[0.939s] -- Up-to-date: /home/rosdev/ros2_ws/install/cv_bridge/share/cv_bridge/cmake/cv_bridgeConfig.cmake
[0.940s] -- Up-to-date: /home/rosdev/ros2_ws/install/cv_bridge/share/cv_bridge/cmake/cv_bridgeConfig-version.cmake
[0.940s] -- Up-to-date: /home/rosdev/ros2_ws/install/cv_bridge/share/cv_bridge/package.xml
[1.110s] Invoked command in '/home/rosdev/ros2_ws/build/cv_bridge' returned '0': CMAKE_PREFIX_PATH=/opt/ros/humble /usr/bin/cmake --install /home/rosdev/ros2_ws/build/cv_bridge
