-- The C compiler identification is GNU 11.4.0
-- The CXX compiler identification is GNU 11.4.0
-- Detecting C compiler ABI info
-- Detecting C compiler ABI info - done
-- Check for working C compiler: /usr/bin/cc - skipped
-- Detecting C compile features
-- Detecting C compile features - done
-- Detecting CXX compiler ABI info
-- Detecting CXX compiler ABI info - done
-- Check for working CXX compiler: /usr/bin/c++ - skipped
-- Detecting CXX compile features
-- Detecting CXX compile features - done
-- Found Python3: /usr/bin/python3 (found version "3.10.12") found components: Interpreter Development Development.Module Development.Embed 
-- Found geometry_msgs: 4.8.0 (/opt/ros/humble/share/geometry_msgs/cmake)
-- Override CMake install command with custom implementation using symlinks instead of copying resources
-- Found rosidl_generator_c: 3.1.6 (/opt/ros/humble/share/rosidl_generator_c/cmake)
-- Found rosidl_adapter: 3.1.6 (/opt/ros/humble/share/rosidl_adapter/cmake)
-- Found rosidl_generator_cpp: 3.1.6 (/opt/ros/humble/share/rosidl_generator_cpp/cmake)
-- Using all available rosidl_typesupport_c: rosidl_typesupport_fastrtps_c;rosidl_typesupport_introspection_c
-- Using all available rosidl_typesupport_cpp: rosidl_typesupport_fastrtps_cpp;rosidl_typesupport_introspection_cpp
-- Found orocos_kdl_vendor: 0.2.5 (/opt/ros/humble/share/orocos_kdl_vendor/cmake)
-- Found eigen3_cmake_module: 0.1.1 (/opt/ros/humble/share/eigen3_cmake_module/cmake)
-- Found Eigen3: TRUE (found version "3.4.0") 
-- Ensuring Eigen3 include directory is part of orocos-kdl CMake target
-- Found tf2: 0.25.7 (/home/rosdev/ros2_ws/install/tf2/share/tf2/cmake)
-- Found tf2_ros: 0.25.7 (/home/rosdev/ros2_ws/install/tf2_ros/share/tf2_ros/cmake)
-- Found rmw_implementation_cmake: 6.1.2 (/opt/ros/humble/share/rmw_implementation_cmake/cmake)
-- Found rmw_fastrtps_cpp: 6.2.7 (/opt/ros/humble/share/rmw_fastrtps_cpp/cmake)
-- Found OpenSSL: /usr/lib/aarch64-linux-gnu/libcrypto.so (found version "3.0.2")  
-- Found FastRTPS: /opt/ros/humble/include  
-- Using RMW implementation 'rmw_fastrtps_cpp' as default
-- Looking for pthread.h
-- Looking for pthread.h - found
-- Performing Test CMAKE_HAVE_LIBC_PTHREAD
-- Performing Test CMAKE_HAVE_LIBC_PTHREAD - Success
-- Found Threads: TRUE  
-- Found ament_lint_auto: 0.12.12 (/opt/ros/humble/share/ament_lint_auto/cmake)
-- Found gtest sources under '/opt/ros/humble/src/gtest_vendor': C++ tests using 'Google Test' will be built
-- Added test 'copyright' to check source files copyright and LICENSE
-- Added test 'cpplint' to check C / C++ code against the Google style
-- Configured cpplint exclude dirs and/or files: 
-- Added test 'flake8' to check Python code syntax and style conventions
-- Added test 'lint_cmake' to check CMake code style
-- Added test 'pep257' to check Python code against some of the docstring style conventions in PEP 257
-- Added test 'uncrustify' to check C / C++ code style
-- Configured uncrustify additional arguments: 
-- Added test 'xmllint' to check XML markup files
-- Configuring done
-- Generating done
-- Build files have been written to: /home/rosdev/ros2_ws/build/tf2_geometry_msgs
[  0%] Built target ament_cmake_python_symlink_tf2_geometry_msgs
[ 16%] [32mBuilding CXX object gtest/CMakeFiles/gtest.dir/src/gtest-all.cc.o[0m
[ 33%] [32m[1mLinking CXX static library libgtest.a[0m
[ 33%] Built target gtest
[ 50%] [32mBuilding CXX object gtest/CMakeFiles/gtest_main.dir/src/gtest_main.cc.o[0m
running egg_info
creating tf2_geometry_msgs.egg-info
writing tf2_geometry_msgs.egg-info/PKG-INFO
writing dependency_links to tf2_geometry_msgs.egg-info/dependency_links.txt
writing top-level names to tf2_geometry_msgs.egg-info/top_level.txt
writing manifest file 'tf2_geometry_msgs.egg-info/SOURCES.txt'
reading manifest file 'tf2_geometry_msgs.egg-info/SOURCES.txt'
writing manifest file 'tf2_geometry_msgs.egg-info/SOURCES.txt'
[ 50%] Built target ament_cmake_python_build_tf2_geometry_msgs_egg
[ 66%] [32m[1mLinking CXX static library libgtest_main.a[0m
[ 66%] Built target gtest_main
[ 83%] [32mBuilding CXX object CMakeFiles/test_tf2_geometry_msgs.dir/test/test_tf2_geometry_msgs.cpp.o[0m
[100%] [32m[1mLinking CXX executable test_tf2_geometry_msgs[0m
[100%] Built target test_tf2_geometry_msgs
-- Install configuration: ""
-- Execute custom install script
-- Symlinking: /home/rosdev/ros2_ws/install/tf2_geometry_msgs/share/tf2_geometry_msgs/environment/pythonpath.sh
-- Symlinking: /home/rosdev/ros2_ws/install/tf2_geometry_msgs/share/tf2_geometry_msgs/environment/pythonpath.dsv
-- Symlinking: /home/rosdev/ros2_ws/install/tf2_geometry_msgs/local/lib/python3.10/dist-packages/tf2_geometry_msgs-0.25.7-py3.10.egg-info/PKG-INFO
-- Symlinking: /home/rosdev/ros2_ws/install/tf2_geometry_msgs/local/lib/python3.10/dist-packages/tf2_geometry_msgs-0.25.7-py3.10.egg-info/SOURCES.txt
-- Symlinking: /home/rosdev/ros2_ws/install/tf2_geometry_msgs/local/lib/python3.10/dist-packages/tf2_geometry_msgs-0.25.7-py3.10.egg-info/dependency_links.txt
-- Symlinking: /home/rosdev/ros2_ws/install/tf2_geometry_msgs/local/lib/python3.10/dist-packages/tf2_geometry_msgs-0.25.7-py3.10.egg-info/top_level.txt
-- Symlinking: /home/rosdev/ros2_ws/install/tf2_geometry_msgs/local/lib/python3.10/dist-packages/tf2_geometry_msgs/__init__.py
-- Symlinking: /home/rosdev/ros2_ws/install/tf2_geometry_msgs/local/lib/python3.10/dist-packages/tf2_geometry_msgs/tf2_geometry_msgs.py
-- Symlinking: /home/rosdev/ros2_ws/install/tf2_geometry_msgs/include/tf2_geometry_msgs/tf2_geometry_msgs/tf2_geometry_msgs.h
-- Symlinking: /home/rosdev/ros2_ws/install/tf2_geometry_msgs/include/tf2_geometry_msgs/tf2_geometry_msgs/tf2_geometry_msgs.hpp
-- Symlinking: /home/rosdev/ros2_ws/install/tf2_geometry_msgs/share/ament_index/resource_index/package_run_dependencies/tf2_geometry_msgs
-- Symlinking: /home/rosdev/ros2_ws/install/tf2_geometry_msgs/share/ament_index/resource_index/parent_prefix_path/tf2_geometry_msgs
-- Symlinking: /home/rosdev/ros2_ws/install/tf2_geometry_msgs/share/tf2_geometry_msgs/environment/ament_prefix_path.sh
-- Symlinking: /home/rosdev/ros2_ws/install/tf2_geometry_msgs/share/tf2_geometry_msgs/environment/ament_prefix_path.dsv
-- Symlinking: /home/rosdev/ros2_ws/install/tf2_geometry_msgs/share/tf2_geometry_msgs/environment/path.sh
-- Symlinking: /home/rosdev/ros2_ws/install/tf2_geometry_msgs/share/tf2_geometry_msgs/environment/path.dsv
-- Symlinking: /home/rosdev/ros2_ws/install/tf2_geometry_msgs/share/tf2_geometry_msgs/local_setup.bash
-- Symlinking: /home/rosdev/ros2_ws/install/tf2_geometry_msgs/share/tf2_geometry_msgs/local_setup.sh
-- Symlinking: /home/rosdev/ros2_ws/install/tf2_geometry_msgs/share/tf2_geometry_msgs/local_setup.zsh
-- Symlinking: /home/rosdev/ros2_ws/install/tf2_geometry_msgs/share/tf2_geometry_msgs/local_setup.dsv
-- Symlinking: /home/rosdev/ros2_ws/install/tf2_geometry_msgs/share/tf2_geometry_msgs/package.dsv
-- Symlinking: /home/rosdev/ros2_ws/install/tf2_geometry_msgs/share/ament_index/resource_index/packages/tf2_geometry_msgs
-- Symlinking: /home/rosdev/ros2_ws/install/tf2_geometry_msgs/share/tf2_geometry_msgs/cmake/ament_cmake_export_targets-extras.cmake
-- Symlinking: /home/rosdev/ros2_ws/install/tf2_geometry_msgs/share/tf2_geometry_msgs/cmake/ament_cmake_export_dependencies-extras.cmake
-- Symlinking: /home/rosdev/ros2_ws/install/tf2_geometry_msgs/share/tf2_geometry_msgs/cmake/tf2_geometry_msgsConfig.cmake
-- Symlinking: /home/rosdev/ros2_ws/install/tf2_geometry_msgs/share/tf2_geometry_msgs/cmake/tf2_geometry_msgsConfig-version.cmake
-- Symlinking: /home/rosdev/ros2_ws/install/tf2_geometry_msgs/share/tf2_geometry_msgs/package.xml
Listing '/home/rosdev/ros2_ws/install/tf2_geometry_msgs/local/lib/python3.10/dist-packages/tf2_geometry_msgs'...
Compiling '/home/rosdev/ros2_ws/install/tf2_geometry_msgs/local/lib/python3.10/dist-packages/tf2_geometry_msgs/__init__.py'...
Compiling '/home/rosdev/ros2_ws/install/tf2_geometry_msgs/local/lib/python3.10/dist-packages/tf2_geometry_msgs/tf2_geometry_msgs.py'...
-- Installing: /home/rosdev/ros2_ws/install/tf2_geometry_msgs/share/tf2_geometry_msgs/cmake/export_tf2_geometry_msgsExport.cmake
