running develop
Removing /home/rosdev/ros2_ws/install/tf2_tools/lib/python3.10/site-packages/tf2-tools.egg-link (link to .)
running egg_info
writing ../../../build/tf2_tools/tf2_tools.egg-info/PKG-INFO
writing dependency_links to ../../../build/tf2_tools/tf2_tools.egg-info/dependency_links.txt
writing entry points to ../../../build/tf2_tools/tf2_tools.egg-info/entry_points.txt
writing requirements to ../../../build/tf2_tools/tf2_tools.egg-info/requires.txt
writing top-level names to ../../../build/tf2_tools/tf2_tools.egg-info/top_level.txt
reading manifest file '../../../build/tf2_tools/tf2_tools.egg-info/SOURCES.txt'
writing manifest file '../../../build/tf2_tools/tf2_tools.egg-info/SOURCES.txt'
running build
running build_py
creating /home/rosdev/ros2_ws/build/tf2_tools/build
creating /home/rosdev/ros2_ws/build/tf2_tools/build/lib
creating /home/rosdev/ros2_ws/build/tf2_tools/build/lib/tf2_tools
copying tf2_tools/view_frames.py -> /home/rosdev/ros2_ws/build/tf2_tools/build/lib/tf2_tools
copying tf2_tools/__init__.py -> /home/rosdev/ros2_ws/build/tf2_tools/build/lib/tf2_tools
running install
running install_lib
creating /home/rosdev/ros2_ws/install/tf2_tools/lib/python3.10/site-packages/tf2_tools
copying /home/rosdev/ros2_ws/build/tf2_tools/build/lib/tf2_tools/view_frames.py -> /home/rosdev/ros2_ws/install/tf2_tools/lib/python3.10/site-packages/tf2_tools
copying /home/rosdev/ros2_ws/build/tf2_tools/build/lib/tf2_tools/__init__.py -> /home/rosdev/ros2_ws/install/tf2_tools/lib/python3.10/site-packages/tf2_tools
byte-compiling /home/rosdev/ros2_ws/install/tf2_tools/lib/python3.10/site-packages/tf2_tools/view_frames.py to view_frames.cpython-310.pyc
byte-compiling /home/rosdev/ros2_ws/install/tf2_tools/lib/python3.10/site-packages/tf2_tools/__init__.py to __init__.cpython-310.pyc
running install_data
copying resource/tf2_tools -> /home/rosdev/ros2_ws/install/tf2_tools/share/ament_index/resource_index/packages
copying package.xml -> /home/rosdev/ros2_ws/install/tf2_tools/share/tf2_tools
running install_egg_info
Copying ../../../build/tf2_tools/tf2_tools.egg-info to /home/rosdev/ros2_ws/install/tf2_tools/lib/python3.10/site-packages/tf2_tools-0.25.7-py3.10.egg-info
running install_scripts
Installing view_frames script to /home/rosdev/ros2_ws/install/tf2_tools/lib/tf2_tools
writing list of installed files to '/home/rosdev/ros2_ws/build/tf2_tools/install.log'
