[0.056s] Invoking command in '/home/rosdev/ros2_ws/build/realsense2_camera_msgs': CMAKE_PREFIX_PATH=${CMAKE_PREFIX_PATH}:/home/rosdev/ros2_ws/install/yolo_ros:/home/rosdev/ros2_ws/install/tf2_tools:/home/rosdev/ros2_ws/install/examples_tf2_py:/home/rosdev/ros2_ws/install/tf2_ros_py:/home/rosdev/ros2_ws/install/opencv_tests:/opt/ros/humble /usr/bin/cmake /home/rosdev/ros2_ws/src/realsense-ros/realsense2_camera_msgs -DCMAKE_INSTALL_PREFIX=/home/rosdev/ros2_ws/install/realsense2_camera_msgs
[0.086s] -- Found ament_cmake: 1.3.11 (/opt/ros/humble/share/ament_cmake/cmake)
[0.340s] -- Override CMake install command with custom implementation using symlinks instead of copying resources
[0.353s] -- Found rosidl_default_generators: 1.2.0 (/opt/ros/humble/share/rosidl_default_generators/cmake)
[0.363s] -- Using all available rosidl_typesupport_c: rosidl_typesupport_fastrtps_c;rosidl_typesupport_introspection_c
[0.368s] -- Found rosidl_adapter: 3.1.6 (/opt/ros/humble/share/rosidl_adapter/cmake)
[0.414s] -- Using all available rosidl_typesupport_cpp: rosidl_typesupport_fastrtps_cpp;rosidl_typesupport_introspection_cpp
[0.452s] -- Found builtin_interfaces: 1.2.1 (/opt/ros/humble/share/builtin_interfaces/cmake)
[0.470s] -- Found std_msgs: 4.8.0 (/opt/ros/humble/share/std_msgs/cmake)
[1.124s] -- Found ament_cmake_cppcheck: 0.12.12 (/opt/ros/humble/share/ament_cmake_cppcheck/cmake)
[1.126s] -- Found ament_cmake_cpplint: 0.12.12 (/opt/ros/humble/share/ament_cmake_cpplint/cmake)
[1.129s] -- Found ament_cmake_uncrustify: 0.12.12 (/opt/ros/humble/share/ament_cmake_uncrustify/cmake)
[1.131s] -- Found ament_cmake_ros: 0.10.0 (/opt/ros/humble/share/ament_cmake_ros/cmake)
[1.605s] -- Using all available rosidl_typesupport_c: rosidl_typesupport_fastrtps_c;rosidl_typesupport_introspection_c
[2.205s] -- Using all available rosidl_typesupport_cpp: rosidl_typesupport_fastrtps_cpp;rosidl_typesupport_introspection_cpp
[2.249s] -- Found python_cmake_module: 0.10.0 (/opt/ros/humble/share/python_cmake_module/cmake)
[2.284s] -- Using PYTHON_EXECUTABLE: /usr/bin/python3
[2.284s] -- Using PYTHON_INCLUDE_DIRS: /usr/include/python3.10
[2.284s] -- Using PYTHON_LIBRARIES: /usr/lib/aarch64-linux-gnu/libpython3.10.so
[2.608s] -- Using numpy include directory: /home/rosdev/.local/lib/python3.10/site-packages/numpy/core/include
[2.652s] -- Found ament_cmake_flake8: 0.12.12 (/opt/ros/humble/share/ament_cmake_flake8/cmake)
[2.652s] -- Found ament_cmake_pep257: 0.12.12 (/opt/ros/humble/share/ament_cmake_pep257/cmake)
[2.690s] -- Configuring done
[2.793s] -- Generating done
[2.828s] -- Build files have been written to: /home/rosdev/ros2_ws/build/realsense2_camera_msgs
[2.881s] Invoked command in '/home/rosdev/ros2_ws/build/realsense2_camera_msgs' returned '0': CMAKE_PREFIX_PATH=${CMAKE_PREFIX_PATH}:/home/rosdev/ros2_ws/install/yolo_ros:/home/rosdev/ros2_ws/install/tf2_tools:/home/rosdev/ros2_ws/install/examples_tf2_py:/home/rosdev/ros2_ws/install/tf2_ros_py:/home/rosdev/ros2_ws/install/opencv_tests:/opt/ros/humble /usr/bin/cmake /home/rosdev/ros2_ws/src/realsense-ros/realsense2_camera_msgs -DCMAKE_INSTALL_PREFIX=/home/rosdev/ros2_ws/install/realsense2_camera_msgs
[2.882s] Invoking command in '/home/rosdev/ros2_ws/build/realsense2_camera_msgs': CMAKE_PREFIX_PATH=${CMAKE_PREFIX_PATH}:/home/rosdev/ros2_ws/install/yolo_ros:/home/rosdev/ros2_ws/install/tf2_tools:/home/rosdev/ros2_ws/install/examples_tf2_py:/home/rosdev/ros2_ws/install/tf2_ros_py:/home/rosdev/ros2_ws/install/opencv_tests:/opt/ros/humble /usr/bin/cmake --build /home/rosdev/ros2_ws/build/realsense2_camera_msgs -- -j12 -l12
[3.047s] [35m[1mConsolidate compiler generated dependencies of target realsense2_camera_msgs__rosidl_generator_c[0m
[3.055s] [  1%] Built target realsense2_camera_msgs__cpp
[3.072s] [ 12%] Built target realsense2_camera_msgs__rosidl_generator_c
[3.076s] [ 12%] Built target ament_cmake_python_symlink_realsense2_camera_msgs
[3.092s] [35m[1mConsolidate compiler generated dependencies of target realsense2_camera_msgs__rosidl_typesupport_cpp[0m
[3.095s] [35m[1mConsolidate compiler generated dependencies of target realsense2_camera_msgs__rosidl_typesupport_fastrtps_cpp[0m
[3.123s] [35m[1mConsolidate compiler generated dependencies of target realsense2_camera_msgs__rosidl_typesupport_introspection_cpp[0m
[3.134s] [35m[1mConsolidate compiler generated dependencies of target realsense2_camera_msgs__rosidl_typesupport_introspection_c[0m
[3.135s] [ 23%] Built target realsense2_camera_msgs__rosidl_typesupport_cpp
[3.147s] [35m[1mConsolidate compiler generated dependencies of target realsense2_camera_msgs__rosidl_typesupport_c[0m
[3.147s] [35m[1mConsolidate compiler generated dependencies of target realsense2_camera_msgs__rosidl_typesupport_fastrtps_c[0m
[3.170s] [ 34%] Built target realsense2_camera_msgs__rosidl_typesupport_introspection_cpp
[3.174s] [ 45%] Built target realsense2_camera_msgs__rosidl_typesupport_fastrtps_cpp
[3.191s] [ 78%] Built target realsense2_camera_msgs__rosidl_typesupport_introspection_c
[3.191s] [ 78%] Built target realsense2_camera_msgs__rosidl_typesupport_c
[3.192s] [ 78%] Built target realsense2_camera_msgs__rosidl_typesupport_fastrtps_c
[3.235s] [ 78%] Built target realsense2_camera_msgs
[3.306s] [ 80%] Built target realsense2_camera_msgs__py
[3.336s] [35m[1mConsolidate compiler generated dependencies of target realsense2_camera_msgs__rosidl_generator_py[0m
[3.381s] [ 89%] Built target realsense2_camera_msgs__rosidl_generator_py
[3.421s] [35m[1mConsolidate compiler generated dependencies of target realsense2_camera_msgs__rosidl_typesupport_fastrtps_c__pyext[0m
[3.421s] [35m[1mConsolidate compiler generated dependencies of target realsense2_camera_msgs__rosidl_typesupport_introspection_c__pyext[0m
[3.428s] [35m[1mConsolidate compiler generated dependencies of target realsense2_camera_msgs__rosidl_typesupport_c__pyext[0m
[3.453s] [ 92%] Built target realsense2_camera_msgs__rosidl_typesupport_introspection_c__pyext
[3.459s] [ 96%] Built target realsense2_camera_msgs__rosidl_typesupport_fastrtps_c__pyext
[3.498s] [100%] Built target realsense2_camera_msgs__rosidl_typesupport_c__pyext
[3.629s] running egg_info
[3.631s] writing realsense2_camera_msgs.egg-info/PKG-INFO
[3.631s] writing dependency_links to realsense2_camera_msgs.egg-info/dependency_links.txt
[3.633s] writing top-level names to realsense2_camera_msgs.egg-info/top_level.txt
[3.640s] reading manifest file 'realsense2_camera_msgs.egg-info/SOURCES.txt'
[3.641s] writing manifest file 'realsense2_camera_msgs.egg-info/SOURCES.txt'
[3.740s] [100%] Built target ament_cmake_python_build_realsense2_camera_msgs_egg
[3.787s] Invoked command in '/home/rosdev/ros2_ws/build/realsense2_camera_msgs' returned '0': CMAKE_PREFIX_PATH=${CMAKE_PREFIX_PATH}:/home/rosdev/ros2_ws/install/yolo_ros:/home/rosdev/ros2_ws/install/tf2_tools:/home/rosdev/ros2_ws/install/examples_tf2_py:/home/rosdev/ros2_ws/install/tf2_ros_py:/home/rosdev/ros2_ws/install/opencv_tests:/opt/ros/humble /usr/bin/cmake --build /home/rosdev/ros2_ws/build/realsense2_camera_msgs -- -j12 -l12
[3.793s] Invoking command in '/home/rosdev/ros2_ws/build/realsense2_camera_msgs': CMAKE_PREFIX_PATH=${CMAKE_PREFIX_PATH}:/home/rosdev/ros2_ws/install/yolo_ros:/home/rosdev/ros2_ws/install/tf2_tools:/home/rosdev/ros2_ws/install/examples_tf2_py:/home/rosdev/ros2_ws/install/tf2_ros_py:/home/rosdev/ros2_ws/install/opencv_tests:/opt/ros/humble /usr/bin/cmake --install /home/rosdev/ros2_ws/build/realsense2_camera_msgs
[3.814s] -- Install configuration: ""
[3.814s] -- Execute custom install script
[3.816s] -- Up-to-date symlink: /home/rosdev/ros2_ws/install/realsense2_camera_msgs/share/ament_index/resource_index/rosidl_interfaces/realsense2_camera_msgs
[3.817s] -- Up-to-date symlink: /home/rosdev/ros2_ws/install/realsense2_camera_msgs/include/realsense2_camera_msgs/realsense2_camera_msgs/msg/detail/extrinsics__functions.h
[3.817s] -- Up-to-date symlink: /home/rosdev/ros2_ws/install/realsense2_camera_msgs/include/realsense2_camera_msgs/realsense2_camera_msgs/msg/detail/extrinsics__struct.h
[3.817s] -- Up-to-date symlink: /home/rosdev/ros2_ws/install/realsense2_camera_msgs/include/realsense2_camera_msgs/realsense2_camera_msgs/msg/detail/extrinsics__type_support.h
[3.817s] -- Up-to-date symlink: /home/rosdev/ros2_ws/install/realsense2_camera_msgs/include/realsense2_camera_msgs/realsense2_camera_msgs/msg/detail/imu_info__functions.h
[3.818s] -- Up-to-date symlink: /home/rosdev/ros2_ws/install/realsense2_camera_msgs/include/realsense2_camera_msgs/realsense2_camera_msgs/msg/detail/imu_info__struct.h
[3.818s] -- Up-to-date symlink: /home/rosdev/ros2_ws/install/realsense2_camera_msgs/include/realsense2_camera_msgs/realsense2_camera_msgs/msg/detail/imu_info__type_support.h
[3.818s] -- Up-to-date symlink: /home/rosdev/ros2_ws/install/realsense2_camera_msgs/include/realsense2_camera_msgs/realsense2_camera_msgs/msg/detail/metadata__functions.h
[3.818s] -- Up-to-date symlink: /home/rosdev/ros2_ws/install/realsense2_camera_msgs/include/realsense2_camera_msgs/realsense2_camera_msgs/msg/detail/metadata__struct.h
[3.819s] -- Up-to-date symlink: /home/rosdev/ros2_ws/install/realsense2_camera_msgs/include/realsense2_camera_msgs/realsense2_camera_msgs/msg/detail/metadata__type_support.h
[3.819s] -- Up-to-date symlink: /home/rosdev/ros2_ws/install/realsense2_camera_msgs/include/realsense2_camera_msgs/realsense2_camera_msgs/msg/extrinsics.h
[3.819s] -- Up-to-date symlink: /home/rosdev/ros2_ws/install/realsense2_camera_msgs/include/realsense2_camera_msgs/realsense2_camera_msgs/msg/imu_info.h
[3.819s] -- Up-to-date symlink: /home/rosdev/ros2_ws/install/realsense2_camera_msgs/include/realsense2_camera_msgs/realsense2_camera_msgs/msg/metadata.h
[3.820s] -- Up-to-date symlink: /home/rosdev/ros2_ws/install/realsense2_camera_msgs/include/realsense2_camera_msgs/realsense2_camera_msgs/msg/rosidl_generator_c__visibility_control.h
[3.820s] -- Up-to-date symlink: /home/rosdev/ros2_ws/install/realsense2_camera_msgs/include/realsense2_camera_msgs/realsense2_camera_msgs/srv/detail/device_info__functions.h
[3.820s] -- Up-to-date symlink: /home/rosdev/ros2_ws/install/realsense2_camera_msgs/include/realsense2_camera_msgs/realsense2_camera_msgs/srv/detail/device_info__struct.h
[3.820s] -- Up-to-date symlink: /home/rosdev/ros2_ws/install/realsense2_camera_msgs/include/realsense2_camera_msgs/realsense2_camera_msgs/srv/detail/device_info__type_support.h
[3.821s] -- Up-to-date symlink: /home/rosdev/ros2_ws/install/realsense2_camera_msgs/include/realsense2_camera_msgs/realsense2_camera_msgs/srv/device_info.h
[3.821s] -- Up-to-date symlink: /home/rosdev/ros2_ws/install/realsense2_camera_msgs/share/realsense2_camera_msgs/environment/library_path.sh
[3.821s] -- Up-to-date symlink: /home/rosdev/ros2_ws/install/realsense2_camera_msgs/share/realsense2_camera_msgs/environment/library_path.dsv
[3.823s] -- Up-to-date symlink: /home/rosdev/ros2_ws/install/realsense2_camera_msgs/include/realsense2_camera_msgs/realsense2_camera_msgs/msg/detail/extrinsics__rosidl_typesupport_fastrtps_c.h
[3.823s] -- Up-to-date symlink: /home/rosdev/ros2_ws/install/realsense2_camera_msgs/include/realsense2_camera_msgs/realsense2_camera_msgs/msg/detail/imu_info__rosidl_typesupport_fastrtps_c.h
[3.823s] -- Up-to-date symlink: /home/rosdev/ros2_ws/install/realsense2_camera_msgs/include/realsense2_camera_msgs/realsense2_camera_msgs/msg/detail/metadata__rosidl_typesupport_fastrtps_c.h
[3.823s] -- Up-to-date symlink: /home/rosdev/ros2_ws/install/realsense2_camera_msgs/include/realsense2_camera_msgs/realsense2_camera_msgs/msg/rosidl_typesupport_fastrtps_c__visibility_control.h
[3.823s] -- Up-to-date symlink: /home/rosdev/ros2_ws/install/realsense2_camera_msgs/include/realsense2_camera_msgs/realsense2_camera_msgs/srv/detail/device_info__rosidl_typesupport_fastrtps_c.h
[3.824s] -- Up-to-date symlink: /home/rosdev/ros2_ws/install/realsense2_camera_msgs/include/realsense2_camera_msgs/realsense2_camera_msgs/msg/detail/extrinsics__rosidl_typesupport_introspection_c.h
[3.825s] -- Up-to-date symlink: /home/rosdev/ros2_ws/install/realsense2_camera_msgs/include/realsense2_camera_msgs/realsense2_camera_msgs/msg/detail/imu_info__rosidl_typesupport_introspection_c.h
[3.825s] -- Up-to-date symlink: /home/rosdev/ros2_ws/install/realsense2_camera_msgs/include/realsense2_camera_msgs/realsense2_camera_msgs/msg/detail/metadata__rosidl_typesupport_introspection_c.h
[3.825s] -- Up-to-date symlink: /home/rosdev/ros2_ws/install/realsense2_camera_msgs/include/realsense2_camera_msgs/realsense2_camera_msgs/msg/rosidl_typesupport_introspection_c__visibility_control.h
[3.825s] -- Up-to-date symlink: /home/rosdev/ros2_ws/install/realsense2_camera_msgs/include/realsense2_camera_msgs/realsense2_camera_msgs/srv/detail/device_info__rosidl_typesupport_introspection_c.h
[3.827s] -- Up-to-date symlink: /home/rosdev/ros2_ws/install/realsense2_camera_msgs/include/realsense2_camera_msgs/realsense2_camera_msgs/msg/detail/extrinsics__builder.hpp
[3.828s] -- Up-to-date symlink: /home/rosdev/ros2_ws/install/realsense2_camera_msgs/include/realsense2_camera_msgs/realsense2_camera_msgs/msg/detail/extrinsics__struct.hpp
[3.828s] -- Up-to-date symlink: /home/rosdev/ros2_ws/install/realsense2_camera_msgs/include/realsense2_camera_msgs/realsense2_camera_msgs/msg/detail/extrinsics__traits.hpp
[3.828s] -- Up-to-date symlink: /home/rosdev/ros2_ws/install/realsense2_camera_msgs/include/realsense2_camera_msgs/realsense2_camera_msgs/msg/detail/extrinsics__type_support.hpp
[3.828s] -- Up-to-date symlink: /home/rosdev/ros2_ws/install/realsense2_camera_msgs/include/realsense2_camera_msgs/realsense2_camera_msgs/msg/detail/imu_info__builder.hpp
[3.828s] -- Up-to-date symlink: /home/rosdev/ros2_ws/install/realsense2_camera_msgs/include/realsense2_camera_msgs/realsense2_camera_msgs/msg/detail/imu_info__struct.hpp
[3.828s] -- Up-to-date symlink: /home/rosdev/ros2_ws/install/realsense2_camera_msgs/include/realsense2_camera_msgs/realsense2_camera_msgs/msg/detail/imu_info__traits.hpp
[3.829s] -- Up-to-date symlink: /home/rosdev/ros2_ws/install/realsense2_camera_msgs/include/realsense2_camera_msgs/realsense2_camera_msgs/msg/detail/imu_info__type_support.hpp
[3.829s] -- Up-to-date symlink: /home/rosdev/ros2_ws/install/realsense2_camera_msgs/include/realsense2_camera_msgs/realsense2_camera_msgs/msg/detail/metadata__builder.hpp
[3.829s] -- Up-to-date symlink: /home/rosdev/ros2_ws/install/realsense2_camera_msgs/include/realsense2_camera_msgs/realsense2_camera_msgs/msg/detail/metadata__struct.hpp
[3.829s] -- Up-to-date symlink: /home/rosdev/ros2_ws/install/realsense2_camera_msgs/include/realsense2_camera_msgs/realsense2_camera_msgs/msg/detail/metadata__traits.hpp
[3.830s] -- Up-to-date symlink: /home/rosdev/ros2_ws/install/realsense2_camera_msgs/include/realsense2_camera_msgs/realsense2_camera_msgs/msg/detail/metadata__type_support.hpp
[3.830s] -- Up-to-date symlink: /home/rosdev/ros2_ws/install/realsense2_camera_msgs/include/realsense2_camera_msgs/realsense2_camera_msgs/msg/extrinsics.hpp
[3.830s] -- Up-to-date symlink: /home/rosdev/ros2_ws/install/realsense2_camera_msgs/include/realsense2_camera_msgs/realsense2_camera_msgs/msg/imu_info.hpp
[3.830s] -- Up-to-date symlink: /home/rosdev/ros2_ws/install/realsense2_camera_msgs/include/realsense2_camera_msgs/realsense2_camera_msgs/msg/metadata.hpp
[3.832s] -- Up-to-date symlink: /home/rosdev/ros2_ws/install/realsense2_camera_msgs/include/realsense2_camera_msgs/realsense2_camera_msgs/msg/rosidl_generator_cpp__visibility_control.hpp
[3.832s] -- Up-to-date symlink: /home/rosdev/ros2_ws/install/realsense2_camera_msgs/include/realsense2_camera_msgs/realsense2_camera_msgs/srv/detail/device_info__builder.hpp
[3.832s] -- Up-to-date symlink: /home/rosdev/ros2_ws/install/realsense2_camera_msgs/include/realsense2_camera_msgs/realsense2_camera_msgs/srv/detail/device_info__struct.hpp
[3.832s] -- Up-to-date symlink: /home/rosdev/ros2_ws/install/realsense2_camera_msgs/include/realsense2_camera_msgs/realsense2_camera_msgs/srv/detail/device_info__traits.hpp
[3.833s] -- Up-to-date symlink: /home/rosdev/ros2_ws/install/realsense2_camera_msgs/include/realsense2_camera_msgs/realsense2_camera_msgs/srv/detail/device_info__type_support.hpp
[3.833s] -- Up-to-date symlink: /home/rosdev/ros2_ws/install/realsense2_camera_msgs/include/realsense2_camera_msgs/realsense2_camera_msgs/srv/device_info.hpp
[3.834s] -- Up-to-date symlink: /home/rosdev/ros2_ws/install/realsense2_camera_msgs/include/realsense2_camera_msgs/realsense2_camera_msgs/msg/detail/extrinsics__rosidl_typesupport_fastrtps_cpp.hpp
[3.835s] -- Up-to-date symlink: /home/rosdev/ros2_ws/install/realsense2_camera_msgs/include/realsense2_camera_msgs/realsense2_camera_msgs/msg/detail/imu_info__rosidl_typesupport_fastrtps_cpp.hpp
[3.835s] -- Up-to-date symlink: /home/rosdev/ros2_ws/install/realsense2_camera_msgs/include/realsense2_camera_msgs/realsense2_camera_msgs/msg/detail/metadata__rosidl_typesupport_fastrtps_cpp.hpp
[3.841s] -- Up-to-date symlink: /home/rosdev/ros2_ws/install/realsense2_camera_msgs/include/realsense2_camera_msgs/realsense2_camera_msgs/msg/rosidl_typesupport_fastrtps_cpp__visibility_control.h
[3.841s] -- Up-to-date symlink: /home/rosdev/ros2_ws/install/realsense2_camera_msgs/include/realsense2_camera_msgs/realsense2_camera_msgs/srv/detail/device_info__rosidl_typesupport_fastrtps_cpp.hpp
[3.841s] -- Up-to-date symlink: /home/rosdev/ros2_ws/install/realsense2_camera_msgs/include/realsense2_camera_msgs/realsense2_camera_msgs/msg/detail/extrinsics__rosidl_typesupport_introspection_cpp.hpp
[3.841s] -- Up-to-date symlink: /home/rosdev/ros2_ws/install/realsense2_camera_msgs/include/realsense2_camera_msgs/realsense2_camera_msgs/msg/detail/imu_info__rosidl_typesupport_introspection_cpp.hpp
[3.841s] -- Up-to-date symlink: /home/rosdev/ros2_ws/install/realsense2_camera_msgs/include/realsense2_camera_msgs/realsense2_camera_msgs/msg/detail/metadata__rosidl_typesupport_introspection_cpp.hpp
[3.841s] -- Up-to-date symlink: /home/rosdev/ros2_ws/install/realsense2_camera_msgs/include/realsense2_camera_msgs/realsense2_camera_msgs/srv/detail/device_info__rosidl_typesupport_introspection_cpp.hpp
[3.841s] -- Up-to-date symlink: /home/rosdev/ros2_ws/install/realsense2_camera_msgs/share/realsense2_camera_msgs/environment/pythonpath.sh
[3.841s] -- Up-to-date symlink: /home/rosdev/ros2_ws/install/realsense2_camera_msgs/share/realsense2_camera_msgs/environment/pythonpath.dsv
[3.841s] -- Up-to-date symlink: /home/rosdev/ros2_ws/install/realsense2_camera_msgs/local/lib/python3.10/dist-packages/realsense2_camera_msgs-4.54.1-py3.10.egg-info/PKG-INFO
[3.842s] -- Up-to-date symlink: /home/rosdev/ros2_ws/install/realsense2_camera_msgs/local/lib/python3.10/dist-packages/realsense2_camera_msgs-4.54.1-py3.10.egg-info/SOURCES.txt
[3.842s] -- Up-to-date symlink: /home/rosdev/ros2_ws/install/realsense2_camera_msgs/local/lib/python3.10/dist-packages/realsense2_camera_msgs-4.54.1-py3.10.egg-info/dependency_links.txt
[3.842s] -- Up-to-date symlink: /home/rosdev/ros2_ws/install/realsense2_camera_msgs/local/lib/python3.10/dist-packages/realsense2_camera_msgs-4.54.1-py3.10.egg-info/top_level.txt
[3.842s] -- Up-to-date symlink: /home/rosdev/ros2_ws/install/realsense2_camera_msgs/local/lib/python3.10/dist-packages/realsense2_camera_msgs/__init__.py
[3.842s] -- Up-to-date symlink: /home/rosdev/ros2_ws/install/realsense2_camera_msgs/local/lib/python3.10/dist-packages/realsense2_camera_msgs/_realsense2_camera_msgs_s.ep.rosidl_typesupport_c.c
[3.842s] -- Up-to-date symlink: /home/rosdev/ros2_ws/install/realsense2_camera_msgs/local/lib/python3.10/dist-packages/realsense2_camera_msgs/_realsense2_camera_msgs_s.ep.rosidl_typesupport_fastrtps_c.c
[3.842s] -- Up-to-date symlink: /home/rosdev/ros2_ws/install/realsense2_camera_msgs/local/lib/python3.10/dist-packages/realsense2_camera_msgs/_realsense2_camera_msgs_s.ep.rosidl_typesupport_introspection_c.c
[3.842s] -- Up-to-date symlink: /home/rosdev/ros2_ws/install/realsense2_camera_msgs/local/lib/python3.10/dist-packages/realsense2_camera_msgs/librealsense2_camera_msgs__rosidl_generator_py.so
[3.842s] -- Up-to-date symlink: /home/rosdev/ros2_ws/install/realsense2_camera_msgs/local/lib/python3.10/dist-packages/realsense2_camera_msgs/msg/__init__.py
[3.843s] -- Up-to-date symlink: /home/rosdev/ros2_ws/install/realsense2_camera_msgs/local/lib/python3.10/dist-packages/realsense2_camera_msgs/msg/_extrinsics.py
[3.843s] -- Up-to-date symlink: /home/rosdev/ros2_ws/install/realsense2_camera_msgs/local/lib/python3.10/dist-packages/realsense2_camera_msgs/msg/_extrinsics_s.c
[3.843s] -- Up-to-date symlink: /home/rosdev/ros2_ws/install/realsense2_camera_msgs/local/lib/python3.10/dist-packages/realsense2_camera_msgs/msg/_imu_info.py
[3.843s] -- Up-to-date symlink: /home/rosdev/ros2_ws/install/realsense2_camera_msgs/local/lib/python3.10/dist-packages/realsense2_camera_msgs/msg/_imu_info_s.c
[3.844s] -- Up-to-date symlink: /home/rosdev/ros2_ws/install/realsense2_camera_msgs/local/lib/python3.10/dist-packages/realsense2_camera_msgs/msg/_metadata.py
[3.844s] -- Up-to-date symlink: /home/rosdev/ros2_ws/install/realsense2_camera_msgs/local/lib/python3.10/dist-packages/realsense2_camera_msgs/msg/_metadata_s.c
[3.844s] -- Up-to-date symlink: /home/rosdev/ros2_ws/install/realsense2_camera_msgs/local/lib/python3.10/dist-packages/realsense2_camera_msgs/realsense2_camera_msgs_s__rosidl_typesupport_c.cpython-310-aarch64-linux-gnu.so
[3.844s] -- Up-to-date symlink: /home/rosdev/ros2_ws/install/realsense2_camera_msgs/local/lib/python3.10/dist-packages/realsense2_camera_msgs/realsense2_camera_msgs_s__rosidl_typesupport_fastrtps_c.cpython-310-aarch64-linux-gnu.so
[3.845s] -- Up-to-date symlink: /home/rosdev/ros2_ws/install/realsense2_camera_msgs/local/lib/python3.10/dist-packages/realsense2_camera_msgs/realsense2_camera_msgs_s__rosidl_typesupport_introspection_c.cpython-310-aarch64-linux-gnu.so
[3.846s] -- Up-to-date symlink: /home/rosdev/ros2_ws/install/realsense2_camera_msgs/local/lib/python3.10/dist-packages/realsense2_camera_msgs/srv/__init__.py
[3.847s] -- Up-to-date symlink: /home/rosdev/ros2_ws/install/realsense2_camera_msgs/local/lib/python3.10/dist-packages/realsense2_camera_msgs/srv/_device_info.py
[3.848s] -- Up-to-date symlink: /home/rosdev/ros2_ws/install/realsense2_camera_msgs/local/lib/python3.10/dist-packages/realsense2_camera_msgs/srv/_device_info_s.c
[3.850s] -- Up-to-date symlink: /home/rosdev/ros2_ws/install/realsense2_camera_msgs/local/lib/python3.10/dist-packages/realsense2_camera_msgs/realsense2_camera_msgs_s__rosidl_typesupport_fastrtps_c.cpython-310-aarch64-linux-gnu.so
[3.851s] -- Up-to-date symlink: /home/rosdev/ros2_ws/install/realsense2_camera_msgs/local/lib/python3.10/dist-packages/realsense2_camera_msgs/realsense2_camera_msgs_s__rosidl_typesupport_introspection_c.cpython-310-aarch64-linux-gnu.so
[3.852s] -- Up-to-date symlink: /home/rosdev/ros2_ws/install/realsense2_camera_msgs/local/lib/python3.10/dist-packages/realsense2_camera_msgs/realsense2_camera_msgs_s__rosidl_typesupport_c.cpython-310-aarch64-linux-gnu.so
[3.853s] -- Up-to-date symlink: /home/rosdev/ros2_ws/install/realsense2_camera_msgs/share/realsense2_camera_msgs/msg/IMUInfo.idl
[3.853s] -- Up-to-date symlink: /home/rosdev/ros2_ws/install/realsense2_camera_msgs/share/realsense2_camera_msgs/msg/Extrinsics.idl
[3.854s] -- Up-to-date symlink: /home/rosdev/ros2_ws/install/realsense2_camera_msgs/share/realsense2_camera_msgs/msg/Metadata.idl
[3.855s] -- Up-to-date symlink: /home/rosdev/ros2_ws/install/realsense2_camera_msgs/share/realsense2_camera_msgs/srv/DeviceInfo.idl
[3.856s] -- Up-to-date symlink: /home/rosdev/ros2_ws/install/realsense2_camera_msgs/share/realsense2_camera_msgs/msg/IMUInfo.msg
[3.857s] -- Up-to-date symlink: /home/rosdev/ros2_ws/install/realsense2_camera_msgs/share/realsense2_camera_msgs/msg/Extrinsics.msg
[3.861s] -- Up-to-date symlink: /home/rosdev/ros2_ws/install/realsense2_camera_msgs/share/realsense2_camera_msgs/msg/Metadata.msg
[3.862s] -- Up-to-date symlink: /home/rosdev/ros2_ws/install/realsense2_camera_msgs/share/realsense2_camera_msgs/srv/DeviceInfo.srv
[3.862s] -- Up-to-date symlink: /home/rosdev/ros2_ws/install/realsense2_camera_msgs/share/realsense2_camera_msgs/srv/DeviceInfo_Request.msg
[3.863s] -- Up-to-date symlink: /home/rosdev/ros2_ws/install/realsense2_camera_msgs/share/realsense2_camera_msgs/srv/DeviceInfo_Response.msg
[3.863s] -- Up-to-date symlink: /home/rosdev/ros2_ws/install/realsense2_camera_msgs/share/ament_index/resource_index/package_run_dependencies/realsense2_camera_msgs
[3.863s] -- Up-to-date symlink: /home/rosdev/ros2_ws/install/realsense2_camera_msgs/share/ament_index/resource_index/parent_prefix_path/realsense2_camera_msgs
[3.863s] -- Up-to-date symlink: /home/rosdev/ros2_ws/install/realsense2_camera_msgs/share/realsense2_camera_msgs/environment/ament_prefix_path.sh
[3.863s] -- Up-to-date symlink: /home/rosdev/ros2_ws/install/realsense2_camera_msgs/share/realsense2_camera_msgs/environment/ament_prefix_path.dsv
[3.863s] -- Up-to-date symlink: /home/rosdev/ros2_ws/install/realsense2_camera_msgs/share/realsense2_camera_msgs/environment/path.sh
[3.863s] -- Up-to-date symlink: /home/rosdev/ros2_ws/install/realsense2_camera_msgs/share/realsense2_camera_msgs/environment/path.dsv
[3.864s] -- Up-to-date symlink: /home/rosdev/ros2_ws/install/realsense2_camera_msgs/share/realsense2_camera_msgs/local_setup.bash
[3.864s] -- Up-to-date symlink: /home/rosdev/ros2_ws/install/realsense2_camera_msgs/share/realsense2_camera_msgs/local_setup.sh
[3.864s] -- Up-to-date symlink: /home/rosdev/ros2_ws/install/realsense2_camera_msgs/share/realsense2_camera_msgs/local_setup.zsh
[3.864s] -- Up-to-date symlink: /home/rosdev/ros2_ws/install/realsense2_camera_msgs/share/realsense2_camera_msgs/local_setup.dsv
[3.864s] -- Symlinking: /home/rosdev/ros2_ws/install/realsense2_camera_msgs/share/realsense2_camera_msgs/package.dsv
[3.881s] -- Up-to-date symlink: /home/rosdev/ros2_ws/install/realsense2_camera_msgs/share/ament_index/resource_index/packages/realsense2_camera_msgs
[3.882s] -- Up-to-date symlink: /home/rosdev/ros2_ws/install/realsense2_camera_msgs/share/realsense2_camera_msgs/cmake/rosidl_cmake-extras.cmake
[3.883s] -- Up-to-date symlink: /home/rosdev/ros2_ws/install/realsense2_camera_msgs/share/realsense2_camera_msgs/cmake/ament_cmake_export_dependencies-extras.cmake
[3.883s] -- Up-to-date symlink: /home/rosdev/ros2_ws/install/realsense2_camera_msgs/share/realsense2_camera_msgs/cmake/ament_cmake_export_include_directories-extras.cmake
[3.884s] -- Up-to-date symlink: /home/rosdev/ros2_ws/install/realsense2_camera_msgs/share/realsense2_camera_msgs/cmake/ament_cmake_export_libraries-extras.cmake
[3.884s] -- Up-to-date symlink: /home/rosdev/ros2_ws/install/realsense2_camera_msgs/share/realsense2_camera_msgs/cmake/ament_cmake_export_targets-extras.cmake
[3.895s] -- Up-to-date symlink: /home/rosdev/ros2_ws/install/realsense2_camera_msgs/share/realsense2_camera_msgs/cmake/rosidl_cmake_export_typesupport_targets-extras.cmake
[3.895s] -- Up-to-date symlink: /home/rosdev/ros2_ws/install/realsense2_camera_msgs/share/realsense2_camera_msgs/cmake/rosidl_cmake_export_typesupport_libraries-extras.cmake
[3.895s] -- Up-to-date symlink: /home/rosdev/ros2_ws/install/realsense2_camera_msgs/share/realsense2_camera_msgs/cmake/realsense2_camera_msgsConfig.cmake
[3.895s] -- Up-to-date symlink: /home/rosdev/ros2_ws/install/realsense2_camera_msgs/share/realsense2_camera_msgs/cmake/realsense2_camera_msgsConfig-version.cmake
[3.895s] -- Up-to-date symlink: /home/rosdev/ros2_ws/install/realsense2_camera_msgs/share/realsense2_camera_msgs/package.xml
[3.895s] -- Up-to-date: /home/rosdev/ros2_ws/install/realsense2_camera_msgs/lib/librealsense2_camera_msgs__rosidl_generator_c.so
[3.895s] -- Up-to-date: /home/rosdev/ros2_ws/install/realsense2_camera_msgs/lib/librealsense2_camera_msgs__rosidl_typesupport_fastrtps_c.so
[3.895s] -- Up-to-date: /home/rosdev/ros2_ws/install/realsense2_camera_msgs/lib/librealsense2_camera_msgs__rosidl_typesupport_introspection_c.so
[3.896s] -- Up-to-date: /home/rosdev/ros2_ws/install/realsense2_camera_msgs/lib/librealsense2_camera_msgs__rosidl_typesupport_c.so
[3.896s] -- Up-to-date: /home/rosdev/ros2_ws/install/realsense2_camera_msgs/lib/librealsense2_camera_msgs__rosidl_typesupport_fastrtps_cpp.so
[3.896s] -- Up-to-date: /home/rosdev/ros2_ws/install/realsense2_camera_msgs/lib/librealsense2_camera_msgs__rosidl_typesupport_introspection_cpp.so
[3.896s] -- Up-to-date: /home/rosdev/ros2_ws/install/realsense2_camera_msgs/lib/librealsense2_camera_msgs__rosidl_typesupport_cpp.so
[3.972s] Listing '/home/rosdev/ros2_ws/install/realsense2_camera_msgs/local/lib/python3.10/dist-packages/realsense2_camera_msgs'...
[3.972s] Compiling '/home/rosdev/ros2_ws/install/realsense2_camera_msgs/local/lib/python3.10/dist-packages/realsense2_camera_msgs/__init__.py'...
[3.972s] Listing '/home/rosdev/ros2_ws/install/realsense2_camera_msgs/local/lib/python3.10/dist-packages/realsense2_camera_msgs/msg'...
[3.973s] Listing '/home/rosdev/ros2_ws/install/realsense2_camera_msgs/local/lib/python3.10/dist-packages/realsense2_camera_msgs/srv'...
[3.987s] -- Up-to-date: /home/rosdev/ros2_ws/install/realsense2_camera_msgs/lib/librealsense2_camera_msgs__rosidl_generator_py.so
[3.988s] -- Up-to-date: /home/rosdev/ros2_ws/install/realsense2_camera_msgs/share/realsense2_camera_msgs/cmake/export_realsense2_camera_msgs__rosidl_generator_cExport.cmake
[3.989s] -- Up-to-date: /home/rosdev/ros2_ws/install/realsense2_camera_msgs/share/realsense2_camera_msgs/cmake/export_realsense2_camera_msgs__rosidl_generator_cExport-noconfig.cmake
[3.990s] -- Up-to-date: /home/rosdev/ros2_ws/install/realsense2_camera_msgs/share/realsense2_camera_msgs/cmake/export_realsense2_camera_msgs__rosidl_typesupport_fastrtps_cExport.cmake
[3.990s] -- Up-to-date: /home/rosdev/ros2_ws/install/realsense2_camera_msgs/share/realsense2_camera_msgs/cmake/export_realsense2_camera_msgs__rosidl_typesupport_fastrtps_cExport-noconfig.cmake
[3.991s] -- Up-to-date: /home/rosdev/ros2_ws/install/realsense2_camera_msgs/share/realsense2_camera_msgs/cmake/realsense2_camera_msgs__rosidl_typesupport_introspection_cExport.cmake
[3.991s] -- Up-to-date: /home/rosdev/ros2_ws/install/realsense2_camera_msgs/share/realsense2_camera_msgs/cmake/realsense2_camera_msgs__rosidl_typesupport_introspection_cExport-noconfig.cmake
[3.992s] -- Up-to-date: /home/rosdev/ros2_ws/install/realsense2_camera_msgs/share/realsense2_camera_msgs/cmake/realsense2_camera_msgs__rosidl_typesupport_cExport.cmake
[3.992s] -- Up-to-date: /home/rosdev/ros2_ws/install/realsense2_camera_msgs/share/realsense2_camera_msgs/cmake/realsense2_camera_msgs__rosidl_typesupport_cExport-noconfig.cmake
[3.993s] -- Up-to-date: /home/rosdev/ros2_ws/install/realsense2_camera_msgs/share/realsense2_camera_msgs/cmake/export_realsense2_camera_msgs__rosidl_generator_cppExport.cmake
[3.993s] -- Up-to-date: /home/rosdev/ros2_ws/install/realsense2_camera_msgs/share/realsense2_camera_msgs/cmake/export_realsense2_camera_msgs__rosidl_typesupport_fastrtps_cppExport.cmake
[3.994s] -- Up-to-date: /home/rosdev/ros2_ws/install/realsense2_camera_msgs/share/realsense2_camera_msgs/cmake/export_realsense2_camera_msgs__rosidl_typesupport_fastrtps_cppExport-noconfig.cmake
[3.995s] -- Up-to-date: /home/rosdev/ros2_ws/install/realsense2_camera_msgs/share/realsense2_camera_msgs/cmake/realsense2_camera_msgs__rosidl_typesupport_introspection_cppExport.cmake
[3.995s] -- Up-to-date: /home/rosdev/ros2_ws/install/realsense2_camera_msgs/share/realsense2_camera_msgs/cmake/realsense2_camera_msgs__rosidl_typesupport_introspection_cppExport-noconfig.cmake
[3.996s] -- Up-to-date: /home/rosdev/ros2_ws/install/realsense2_camera_msgs/share/realsense2_camera_msgs/cmake/realsense2_camera_msgs__rosidl_typesupport_cppExport.cmake
[3.996s] -- Up-to-date: /home/rosdev/ros2_ws/install/realsense2_camera_msgs/share/realsense2_camera_msgs/cmake/realsense2_camera_msgs__rosidl_typesupport_cppExport-noconfig.cmake
[3.996s] -- Up-to-date: /home/rosdev/ros2_ws/install/realsense2_camera_msgs/share/realsense2_camera_msgs/cmake/export_realsense2_camera_msgs__rosidl_generator_pyExport.cmake
[3.997s] -- Up-to-date: /home/rosdev/ros2_ws/install/realsense2_camera_msgs/share/realsense2_camera_msgs/cmake/export_realsense2_camera_msgs__rosidl_generator_pyExport-noconfig.cmake
[4.002s] Invoked command in '/home/rosdev/ros2_ws/build/realsense2_camera_msgs' returned '0': CMAKE_PREFIX_PATH=${CMAKE_PREFIX_PATH}:/home/rosdev/ros2_ws/install/yolo_ros:/home/rosdev/ros2_ws/install/tf2_tools:/home/rosdev/ros2_ws/install/examples_tf2_py:/home/rosdev/ros2_ws/install/tf2_ros_py:/home/rosdev/ros2_ws/install/opencv_tests:/opt/ros/humble /usr/bin/cmake --install /home/rosdev/ros2_ws/build/realsense2_camera_msgs
